95/04/12  14:52
401 IS THE INPUT FILE
USERNAME O.HOST   DTE  SESSI    KCHARA       HOURS  
10188 BTMNS                           235          135      3.00
10188 X2510108                         34            2       .00
10188 X2517995                          1            0       .00
10188 FTGENEVA                          3           15       .13
10188 X2515238                          3           27       .12
10188 DC132                             4            5     23.53
10188 X2502110                          8            9       .15
10188 CNS008                            5            0       .00
10188 X2514451                          1            1       .00
10188 TYM.2502                        120          130     21.63
10188 ILLBRUCK                          3            0       .28
10188 X2500150                         30           67     19.87
10188 GSCAN                             1            1       .08
10188 X2506392                          3           35       .02
10188 TYM.7240                          1            2       .02
10188 X2514272                          2            0       .00
10188 COMNET1                           1            1       .00
10188 X2516291                          3           10     14.58
10188 TYM.2504                         10           67     14.15
10188 TYM.7303                          6            0       .12
10188 ROLLSR28                          1            0       .13
10188 T.NUI4SAFRIC                      3            1       .22
10188 X2502334                          1            0       .02
10188 X2520762                          2            0       .08
10188 REDSEA                            2            0       .03
10188 X2527000                         87            8      1.03
10188 X2514854                          2            0       .10
10188 X2515775                          3          311      8.67
10188 TYM.2149                          5            4       .37
10188 FTL                               5          142      4.85
10188 X2525025                          3            5       .28
10188 T.NORWL                           1            0       .05
10188 FESPAR                            1            2       .40
10188 ROLLSR34                          3            0       .05
10188 PFGOUT                            1            0       .05
10188 ANZTECH                           2            0       .00
10188 X2515291                          1            5       .27
10188 TYM.2570                          3            0       .13
10188 LRD.D2041                         3            8       .67
10188 FTFRANKFURT                       5           16       .50
10188 X2519499                          1            0       .03
10188 GUARDN                            1            0       .00
10188 X2521728                          4            0       .02
10188 T.IHSMENU01                       1            1       .02
10188 T.ROLLSR9                         1            0       .02
10188 LRD.D3132                         2            0       .35
10188 FTMILAN                           2           14       .38
10188 X2511728                          1            0       .00
10188 FTBONN                            2            8       .23
10188 X2517382                          2           10       .12
10188 ET1                               1           68       .85
10188 X2523005                          1            0       .03
10188 T.FRA01                           1           19       .33
10188 FTBIRMINGHAM                      1            0       .07
10188 X2510409                          1            0       .15
TOTALS                                630         1130    118.18
