95/09/25  10:41
MCII IS THE INPUT FILE
USERNAME O.HOST   DTE  SESSI    KCHARA       HOURS  
31040016051200  2030 WUI.02030       1209     42356580   1608.00
31040016053000  9006 WUI.3110         600        34003      3.00
31040016059988 22601 X2522601          99       653105     10.00
31040016059988  1054 WUI.3503          20        21386      1.00
31040016052600  4482 WUI.4408          16      1285045     54.00
31040016051200  4472 WUI.04472        244     23446370    645.00
31040016051200  4750 WUI.04750        269     29708720   2027.00
31040016059988  2012 WUI.3106         938     31154250   1405.00
31040016059988  8131 X2508131        5065     39909450   5800.00
31040016059988  7950 X2507950        1683     18037880   3915.00
31040016051800  4750 WUI.04750        609     17483980   1534.00
31040016051800  4693 WUI.04693       1650     57523250   4404.00
31040016059988  1512 X2501512         436      5711771    191.00
31040016053000   398 WUI.3110         865        49660     11.00
31040016059988  9006 WUI.3147         247      3073375    166.00
31040016051800  2030 WUI.02030       1420     60363210   3560.00
31040016059988 21407 X2521407         226      9568392    168.00
31040016051800  4472 WUI.04472        608     19000600   1237.00
31040016059988 10152 X2510152         259      5700844    497.00
31040016059988  1318 WUI.2041         757      2761661    384.00
31040016059988  4593 X2504593         614      6400620   1253.00
31040016059988  3146 WUI.3106         895     26925250   1368.00
31040016059988  5476 X2505476         141      1175309    121.00
31040016059900  8760 X2508760         301      3637911     89.00
31040016059988 10402 WUI.10402        678      5830274    308.00
31040016059988 12589 X2512589         521       675460     32.00
31040016059988  4737 X2504737         640      2977658  10369.00
31040016059988  6103 WUI.3137        1305     19469640    898.00
31040016051200  4693 WUI.04693       1025     38578190   2249.00
31040016059988  2592 X2502592          87       148801      8.00
31040016051600 15563 WUI.15563        264       852359     25.00
31040016052100  3147 WUI.3106         218        35189      2.00
31040016059988   236 WUI.2342         677      6519761    418.00
31040016052500 14324 WUI.14324         72       433927     17.00
31040016059988   601 WUI.5252          36        66001      2.00
31040016054604 10553 WUI.7222         215        26146    192.00
31040016052000 14324 WUI.14324        788      3622762    299.00
31040016059988  4957 X2504957         330       551182    764.00
31040016059988  6769 WUI.2301          32       118977     18.00
31040016055500   593 WUI.00593          3          171       .00
31040016059988  4979 X2504979         205       593139     63.00
31040016052700  7653 WUI.2351          77        13094       .00
31040016052700  4482 WUI.4408          25         3602      1.00
31040016059988  3146 WUI.4406           1         1578      1.00
31040016059988  4866 X2504866          61       155299     22.00
31040016059988   236 WUI.2041          16        36798     12.00
31040016059988  9067 WUI.2724         190       356104      2.00
31040016059980  2902 WUI.2222          58      1942162    151.00
31040016055800  5308 WUI.2624          12        53782     28.00
31040016059988   398 WUI.3147         329      4473954    248.00
31040016059988 14997 X2514997         286      1612336   2770.00
31040016059988  3919 X2503919         153       666540     19.00
31040016059988  4738 X2504738         216      1611973    145.00
31040016059988   398 WUI.3110         203       722422     34.00
31040016059988  7258 X2507258           1            0       .00
31040016058320 10553 WUI.7222         105       152982     37.00
31040016053300 17494 PROLYX3           18      7056054   2764.00
31040016059988  8322 X2508322          24        31832      2.00
31040016059988 22542 X2522542         127       792011     31.00
   00000000000  9182 PROLYX3           11          659       .00
31040016053300  9182 PROLYX3           11      1384176   3348.00
31040016059988 22623 X2522623          31        52272      4.00
31040016053300 17434 PROLYX3           48     10862580   3575.00
31040016054900  4358 PROLYX3            3         7388     10.00
31040016059988  4640 X2504640          21        52127     10.00
31040016053300  8073 PROLYX3           19      8220424   3711.00
31040016053300 13640 PROLYX3           15       597851   3244.00
   00000000000  5632 TRACKB            14          547       .00
31040016053300  5632 TRACKB            26      7750827   3027.00
   00000000000  4358 PROLYX3           12          529       .00
31040016053300  5017 PROLYX3           38      7581999   6157.00
31040016059988  5914 X2505914          23       104382      7.00
31040016058320  1285 WUI.7160          95        85693    117.00
31040016059988  9006 WUI.3110         115       626332     26.00
31040016059988   236 WUI.2724          21        41369      2.00
   00000000000  5017 PROLYX3           23         1138      1.00
31040016053300  9686 TRK10              2        14765      4.00
31040016053300 11746 PROLYX3           20      4251276   3312.00
31040016053300 10615 TRACKE            17      6343177   2020.00
31040016053300 10615 TRK3              18      4605535   3114.00
31040016053300  6232 PROLYX3           16       337006   3245.00
31040016053300  9370 PROLYX3           16      4054555   3038.00
31040016053300 15583 PROLYX3           14      6424975   3095.00
31040016052100  2012 WUI.3106           1          180       .00
31040016053300 15172 TRK7              30     16883670   3268.00
31040016052100  3146 WUI.3106           1          187       .00
   00000000000 21616 PROLYX3            9          312       .00
31040016053460 15994 WUI.15994        111         5757       .00
31040016053400 15994 WUI.15994          3          693       .00
31040016053300 21616 PROLYX3           38      7193660   3879.00
31040016059988 16936 WUIDDT             1           85      1.00
   00000000000  6793 PROLYX3           12          739       .00
   00000000000  6793 PROLYX4            1           99       .00
31040016053300  6793 PROLYX3           28      4522564   3008.00
31040016054900 21616 PROLYX3            1          165      2.00
   00000000000 18968 PROLYX3            1            0       .00
   00000000000 10615 TRACKE            16         1384      5.00
31040016053300 18968 PROLYX3            4        32542    117.00
31040016054900  6793 PROLYX3            1          359      1.00
   00000000000 10615 TRK3              20          847       .00
31040016054900 10615 TRK3               1       104782     91.00
   00000000000 15172 TRK7              17          956       .00
   00000000000  6423 PROLYX4            4            0       .00
31040016053300  6423 PROLYX3            1         1379      2.00
31040016053300  6423 PROLYX4           36       926009    621.00
31040016053300  7522 PROLYX3           14      2839437   3069.00
31040016059988  1318 WUI.2442          77      1255560     23.00
31040016059988  8849 X2508849          36       100696      2.00
   00000000000  8073 PROLYX3           32         2170       .00
   00000000000 17434 PROLYX3           15          746       .00
   00000000000 17494 PROLYX3           13         1038       .00
   00000000000 15583 PROLYX3            6          305       .00
   00000000000  7522 PROLYX3            2           27       .00
   00000000000  9370 PROLYX3            5          183       .00
31040016053300  4358 PROLYX3           16        67328     47.00
31040016059988  3147 WUI.3106           9        39363      8.00
   00000000000  1665 FLMTECH            2           83       .00
   00000000000  4238 OMNC               4         1085     35.00
31040016059988  7250 X2507250        2312     54910290  11946.00
31040016059988  3578 WUI.4501          10         5058     30.00
31040016058320  6145 WUI.7303          71        59558     74.00
   00000000000  8859 TRK9               2            0       .00
31040016053300  8859 TRK9              15       502183    426.00
31040016059988  5132 WUI.2680           7        38605      4.00
31040016059988  4739 X2504739          16        17479      6.00
   00000000000  2012 WUI.3106           1            0       .00
   00000000000 20178 RCACOLON          20         1703       .00
31040016059988  4636 X2504636          15       348937     17.00
31040016059988 12249 WUI.3137         118      1986717     44.00
31040016058900 15994 WUI.15994          9          456       .00
20622310030000 16936 WUIDDT             1         1386      1.00
31040016059988  5308 WUI.2931           1          919       .00
31040016056200   593 WUI.00593          3          171       .00
31040016056600 15563 WUI.15563          1           57       .00
   00000000000 11746 PROLYX3            6          237       .00
   00000000000 13640 PROLYX3           10          461       .00
   00000000000 20786 PROLYX3            2          238       .00
31040016053300 20786 PROLYX3            3        41998    255.00
31040016053400  4729 X2504729           1           58       .00
31040016053800  4729 X2504729           1           58       .00
31040016053300 14280 TRK1              11        62473     32.00
31040016053300  9184 PROLYX3            2       352900    206.00
31060142727700 20178 RCACOLON           1          100       .00
31040016059400 15563 WUI.15563          2          114       .00
31040016053300  4840 PROLYX3            3       210112    115.00
31040016053300  4789 PROLYX3           18      1019870    399.00
31040016053300 20910 PROLYX3            3       849652    302.00
   00000000000 16936 WUIDDT            17         1353      6.00
31040016058320  6144 X2506144           1          149       .00
   00000000000 14324 WUI.14324          3           16       .00
31040154410000 16936 WUIDDT             1          115      1.00
31040155630000 16936 WUIDDT             1          306       .00
   00000000000 10553 WUI.7222           2           16      1.00
   00000000000  4737 X2504737           1            8      5.00
   00000000000  3146 WUI.3106           2           16      2.00
31040016051700 15563 WUI.15563          2          114       .00
31049624940000 16936 WUIDDT             4          286      8.00
   00000000000   398 WUI.3110           2           16       .00
   00000000000 14280 TRK1               3            0       .00
   00000000000 15563 WUI.15563          2            0       .00
31329999999700 11740 EBOB061384         3       190492     75.00
31040016052000 15563 WUI.15563          2          114       .00
   00000000000  4840 PROLYX3            2            0       .00
31040016053300 11148 PROLYX3            3        24240     21.00
31040016053300  8580 PROLYX3            1        84257    110.00
31040016053300 16991 PROLYX3            2        19812     52.00
   00000000000 11148 PROLYX3            1            0       .00
31040016053300  1936 PROLYX3            2       621502    233.00
   00000000000 20178 WUIDDT             1          107       .00
31040016053300 22822 PROLYX3            2       169559     50.00
31040016059988  4178 X2504178          72     33637100   1641.00
31040016059988 18240 WUI.5252           3         7893      1.00
31040016059988  4609 X2504609          71     28094160   1601.00
   00000000000  6232 PROLYX3            1           63       .00
31040016053000  1401 WUI.3110          11          585       .00
31040016059988  1401 WUI.3110           3         4813       .00
   00000000000  1936 PROLYX3            2            0       .00
31040008000300 16936 WUIDDT             1          253      1.00
TOTALS                              32255    726820000 125293.00
 