95/09/11  13:12
P IS THE INPUT FILE
USERNAME O.HOST   DTE  SESSI    KCHARA       HOURS  
31040016059988 X2507250       1605    176      3037818    607.00
31040016059988 WUI.2342       1605    225      3192876    787.00
31040016059988 WUI.10402      1605     45       327416     19.00
31040016059988 X2512589       1605     54        57197       .00
31040016059988 WUI.3106       1605    221      1449789    219.00
31040016053000 WUI.3110       1605    208        10855      2.00
31040016059988 X2507258       1605     20        81216     30.00
31040016052000 WUI.14324      1605    118        79718     11.00
31040016059988 X2501512       1605     56        67865      3.00
31040016059988 X2508131       1605    307      3471002    617.00
31040016059988 X2507950       1605    146      2103880    395.00
31040016051800 WUI.04693      1605     62      1519527    126.00
31040016054604 WUI.7222       1605     29         3085     22.00
31040016051200 WUI.04472      1605      7      7756483    164.00
31040016059988 WUI.2442       1605      6       590153      7.00
31040016051700 WUI.15563      1605     23         1223       .00
31040016051100 WUI.14324      1605     10        22840      9.00
31040016051600 WUI.15563      1605     10        65105      2.00
31040016055500 WUI.00593      1605     10          424      1.00
31040016056600 WUI.14324      1605    103         5044      1.00
31040016051200 WUI.04693      1605      4      1155853     56.00
31040016052500 WUI.14324      1605      9        40115      1.00
31040016051800 WUI.02030      1605     59      9605860    465.00
31040016059988 WUI.2041       1605     70       248192     50.00
31040016051200 WUI.04750      1605      5      7739477    555.00
31040016059988 X2504957       1605     25       101823     11.00
31040016051800 WUI.04750      1605     53      5871068    339.00
31040016059988 WUI.3503       1605      5         5300       .00
31040016059988 X2522601       1605     18        35839       .00
31040016059988 X2505476       1605     17        27230      7.00
31040016051200 WUI.02030      1605      9      4701661    173.00
31040016059988 WUI.5252       1605     10        20339       .00
31040016059988 WUI.3137       1605    185      1271768     24.00
31040016051800 WUI.04472      1605     64      9141110    453.00
31040016052700 WUI.2351       1605     10         1900       .00
31040016059988 WUI.2724       1605     25        53957       .00
31040016059980 WUI.2222       1605      8        68985     10.00
31040016059988 X2502592       1605      7        10778       .00
31040016052700 WUI.4408       1605      6         1296       .00
31040016052600 WUI.4408       1605      1       222200      8.00
31040016059988 X2521407       1605     23      1114568     18.00
31040016059988 X2504979       1605     20        52407      8.00
31040016059988 WUI.4406       1605      1        19381      2.00
31040016059988 X2504593       1605     56       439668    214.00
31040016059988 X2522623       1605      6        10179       .00
31040016059988 X2505914       1605     20      4036810     89.00
31040016059988 X2514997       1605     25      2915992    160.00
31040016059988 X2510152       1605      7       451771     31.00
31040016053300 PROLYX3        1605     21      7701672   5047.00
31040016058320 WUI.7303       1605     25        23109     23.00
31040016059988 X2522542       1605      9        97698      6.00
31040016059988 WUI.3110       1605     29        63125      5.00
31040016059988 X2504738       1605     15       101664      6.00
31040016059988 X2504737       1605      3         2128   1065.00
31040016059988 WUI.3147       1605     39       399767     21.00
31040016058320 WUI.7222       1605      3         2933      1.00
   00000000000 PROLYX3        1605      5        33198    366.00
31040016058320 WUI.7160       1605     21        21258     44.00
31040016053300 TRK9           1605      1        25150      8.00
31040016053300 TRK7           1605      3      2029960    322.00
31040016053300 TRACKB         1605      1       925440    405.00
   00000000000 WUI.15563      1605      1            0       .00
   00000000000 TRACKE         1605      1           14       .00
31040016053300 TRACKE         1605      2      1222770    345.00
31040016059988 X2508322       1605      2         3645       .00
31040016059800 WUI.15563      1605      1           57       .00
31040016059988 X2504866       1605      6        12428      2.00
31040016053300 PROLYX4        1605      6       131491     93.00
   00000000000 TRK3           1605      1            0       .00
31040016053300 TRK3           1605      1       295571    345.00
31040016059988 X2503919       1605      4        13687       .00
31040016059988 X2504640       1605      2         6010       .00
31040016059988 WUI.2680       1605      1         1076       .00
31040016052000 WUI.15563      1605      2          114       .00
31040016059988 X2504636       1605      1         1411       .00
31040016051100 WUI.15563      1605      1         1617      1.00
   00000000000 PROLYX4        1605      1            0       .00
TOTALS                               2792     86326040  13801.00
