-O ALL
PERSTATS

-
Did not set WC RC OP GD TD ST JL XC
-DAY
6-JUL-1990 15:10:48 PDT

-TIME
0.69 TRU
0.69 TRU
terminal time: 02.00
-RUN (WRS)RTYFIX
LDBLOG(U) patched to %UPT+UPTLOG
-
-RUN (WRS)SUPMAP;SUPMAP.OUT /SUPHOST:121/GATEWAY:4533
LOGIN Password (PROBE): 
PROBE Name: NETMANP
PROBE Password (NETMANP): 
[ building circuit ]
> inter-link established from TYMNET to ANZPAC-NY
[ gateway circuit built ]
[ probe circuit built ]
> SLEEPING
[ sup 121 connected ]
Node: 2001 2020 2021 2023 2113 2123 2242 2057 2145 2022 2010 2154 2163 2024 2033 2077 2107 2026 2046 2131 2127 2037 2120 2210 2277 2052 2174 2255 2062 2060 2071 2147 2153 2155 2165 2240 2121 2251 2122 2146 2124 2134 2172 2213 2025 2032 2156 2002 2051 2104 2125 2150 2036 2040 2031 2034 2065 2202 2100 2115 2235 2276 2254 2041 2056 2114 2170 2215 2243 2250 2260 2110 2135 2216 2221 2222 2223 2063 2054 2201 2224 2072 2012 2013 2050 2157 2211 2214 2053 2102 2133 2101 2166 2171 2035 2073 2256 2151 2044 2164 2042 2117 2126 2246 2075 2116 2161 2162 2231 2233 2234 2066 2204 2076 2043 2152 2257 2140 2045 2220 2175 2111 2064 2130 2173 2055 2225 2074 2014 2067 2144 2160 2176 2212 2177 2047 2167 2236 2141 2245 2112 2227 2142 2205 2232 2230 2206 2070 2030 2217 2241 2061 2207 2136 2226 2143 2027 2106 2137 2247 2105 2237 2011 2253 

End of SAIL execution
-
-
-DAY
6-JUL-1990 15:27:14 PDT

-TIME
761.06 TRU
761.76 TRU
terminal time: 16:28.00
-
-
-GO SUPX2X



THE CURRENT SUPMAP DATA BASES ARE ABOUT TO BE OVERWRITTEN.
DO YOU WANT TO CONTINUE? Y



ENTER NAME OF SUPMAP OUTPUT FILE: SUPMAP.OUT
System 1022 Data Loading Program
No errors on DESCRIPTION file
164 records processed, 9 blocks written on phase 2
processing keyed attributes:
NODE (4 blocks, 164 values)
VERSION (1 block, 3 values)
5 blocks written on phase 3
System 1022 Data Loading Program
No errors on DESCRIPTION file
920 records processed, 47 blocks written on phase 2
processing keyed attributes:
NODE (9 blocks, 164 values)
HOST (17 blocks, 920 values)
PRODUCT (5 blocks, 22 values)
31 blocks written on phase 3
System 1022 Data Loading Program
No errors on DESCRIPTION file
494 records processed, 19 blocks written on phase 2
processing keyed attributes:
NODE (6 blocks, 164 values)
NEIGHBOR (6 blocks, 164 values)
SPEED (1 block, 6 values)
13 blocks written on phase 3
System 1022 Data Loading Program
No errors on DESCRIPTION file
1 records processed, 4 blocks written on phase 2
no keyed attributes

EXIT

-
-DAY
6-JUL-1990 15:27:52 PDT

-TIME
405.03 TRU
1166.80 TRU
terminal time: 17:06.00
-SEND EMDADI
Type letter:
; PCOM v1.63 - processed: (PERSTATS)SUPMAP.LOG = (PERSTATS)SUPMAP.PCM
; Options: DETACH  LOG NOAPPEND SUPERSEDE LICENSE 
; Limits: TIME:60 TRULIMIT:0 
; Status: completed.
; Output recorded in file (PERSTATS)SUPMAP.LOG.

End of SAIL execution
-LOGOUT
1173.12 tru
terminal time: 0:17:35
