   2544   9916      0  10534
   3151   9949      0  10534
   3732   1025      0  10522
   4515   9950      0  10535
   6674   9994      0  10533
  10133   1168      0  10535
   2453  11342      0  10534
   3263  11402      0  10534
   5241   1830      0  10534
   2364  11329      0  10534
   4516    703      0  10534
   5743   7326      0  10534
   4316  10684      0  10534
   7001   3142      0  10522
   2414   1630      0  10534
   3124   2002      0  10522
   4666   4259      0  10535
   4764   2037      0  10534
   4650  11240      0  10534
   3706  11472      0  10535
   2631  10171      0  10534
   4530   1618      0  10534
   5747   7330      0  10534
   4501  11236      0  10534
   2754  11371      0  10534
  10337  11186      0  10535
   4360  11228      0  10534
   4045  11481      0  10534
   3165   3992      0  10522
   4257  11221      0  10534
   5206  11251      0  10534
   2354   1938      0  10534
   4000  11477      0  10535
   3703  11469      0  10534
   3313  11704      0  10522
  11715     36      0  10533
  10137   5138      0  10535
   6574  11298      0  10534
  11151   6937      0  10535
   3407  11415      0  10535
   2440  11338      0  10535
   3543  11453      0  10534
  11150   6936      0  10535
   7205    324      0  10535
   2704  10661      0  10535
  10061  11178      0  10534
   4117  11489      0  10535
   2606    325      0  10534
   7075  11313      0  10534
   4006   3669      0  10535
