                        PRODIGY ROTARY REPORT
                            800-922-2204
                          OCTOBER  5, 1993  

STARTDATE SESSIONS   HOURS   INPUT-KCHARS OUTPUT-KCHARS TOTAL-KCHARS
--------- -------- --------- ------------ ------------- ------------
 930701        937    307.73        9178.        52169.       61346.
 930702        736    238.90        7180.        39219.       46399.
 930703        519    177.99        4844.        28729.       33574.
 930704        344    125.86        3325.        21514.       24839.
 930705        455    157.38        4634.        25324.       29958.
 930706        570    184.28        5862.        30038.       35900.
 930707        683    219.36        7100.        34035.       41135.
 930708        714    226.37        6862.        35610.       42472.
 930709        770    244.55        7219.        37669.       44888.
 930710        641    213.35        5693.        30560.       36253.
 930711        621    204.40        5996.        32087.       38082.
 930712        930    266.01        7588.        39735.       47323.
 930713        768    209.54        6649.        32270.       38919.
 930714        595    193.56        8813.        31883.       40696.
 930715        616    205.99        6072.        31716.       37788.
 930716         14     16.67         354.         2718.        3072.
 930717        484    171.50        5017.        29541.       34559.
 930718        372    116.99        3526.        19909.       23435.
 930719        390    121.17        3926.        22312.       26237.
 930720        599    202.76        7179.        32248.       39427.
 930721        716    243.33        8351.        40939.       49290.
 930722        697    227.05        7216.        34212.       41429.
 930723        699    227.14        7671.        36551.       44222.
 930724        525    167.74        5032.        28411.       33443.
 930725        483    162.81        4653.        21310.       25963.
 930726        503    170.41        6425.        25155.       31580.
 930727        600    190.88        5934.        29705.       35639.
 930728        654    204.33        7208.        31484.       38692.
 930729        625    184.00        6034.        30201.       36235.
 930730        568    154.43        5121.        25895.       31016.
 930731        494    156.48        4996.        26170.       31166.
 930801        485    159.99        5127.        25823.       30950.
 930802        480    152.68        4533.        23998.       28530.
 930803        566    190.22        5657.        29783.       35440.
 930804        599    194.93        9573.        30983.       40555.
 930805        706    208.29        6167.        33625.       39792.
 930806        539    172.14        4995.        26877.       31872.
 930807        582    177.18        4983.        28068.       33051.
 930808        478    151.50        4197.        24559.       28756.
 930809        540    166.16        4585.        26987.       31572.
 930810        716    213.53        6815.        34383.       41198.
 930811        659    181.31        6663.        29902.       36565.
 930812        550    147.18        4981.        26153.       31134.
 930813        677    195.56        6369.        32707.       39076.
 930814        444    150.58        4404.        25525.       29928.
 930815        445    150.20        4216.        24130.       28345.
 930816        487    129.48        4131.        21456.       25587.
 930817        654    202.55        6627.        33575.       40203.
 930818        678    213.91        7363.        36380.       43743.
 930819        611    188.40        6198.        33278.       39476.
 930820        732    218.68        7312.        37513.       44825.
 930821        681    215.79        6523.        36145.       42669.
 930822        683    237.62        7847.        37452.       45300.
 930823        645    194.37        5641.        30690.       36331.                        PRODIGY ROTARY REPORT
                            800-922-2204
                          OCTOBER  5, 1993  

STARTDATE SESSIONS   HOURS   INPUT-KCHARS OUTPUT-KCHARS TOTAL-KCHARS
--------- -------- --------- ------------ ------------- ------------
 930824        656    220.14        6976.        34664.       41640.
 930825        891    248.79        8758.        43249.       52007.
 930826        852    253.04        7961.        38827.       46788.
 930827        598    188.74        5919.        32273.       38192.
 930828        571    186.32        5357.        29835.       35192.
 930829        617    184.94        5172.        29351.       34523.
 930830        647    186.02        5459.        27841.       33300.
 930831        762    225.40        6794.        36562.       43355.
 930901        726    215.17        6469.        34074.       40542.
 930902        568    169.08        5445.        26249.       31695.
 930903        641    189.54        6615.        32711.       39326.
 930904        433    145.86        4329.        22671.       27000.
 930905        410    131.60        3966.        21829.       25795.
 930906        504    154.11        4504.        24213.       28717.
 930907        539    145.13        7107.        21764.       28872.
 930908        569    161.37        6096.        26878.       32974.
 930909        294     89.48        2859.        13081.       15940.
 930910        378    119.61        3566.        17488.       21054.
 930911        381    114.66        3628.        20814.       24442.
 930912        560    170.42        4813.        28205.       33018.
 930913        410    113.70        3300.        17885.       21185.
 930914        513    155.44        5465.        26474.       31939.
 930915        581    159.97        5974.        27088.       33062.
 930916        526    155.27        7733.        25929.       33662.
 930917        548    161.01        7030.        27503.       34533.
 930918        473    139.10        4783.        23968.       28751.
 930919        489    134.61        4384.        25766.       30149.
 930920        351     99.86        3607.        18444.       22051.
 930921        235     75.94        2280.        14048.       16328.
 930922        472    143.18        4755.        27204.       31959.
 930923        447    129.84        3835.        23086.       26921.
 930924        447    123.16        3815.        22252.       26067.
 930925        374    127.23        3630.        24145.       27775.
 930926        358    115.45        3482.        20380.       23862.
 930927        436    122.52        3600.        19399.       22998.
 930928        486    127.84        4695.        21031.       25726.
 930929        411    125.47        4570.        20273.       24843.
 930930        425    127.61        4135.        21125.       25260.

TOTALS:      51538  15941.86      513432.      2597887.     3111319.

