    5  2558
   22   567
   23   529
   25   889
   26   953
   27   447
   28   878
   29   371
   30   385
   31   449
   33   627
   34   743
   35   761
   36   463
   37   696
   38   783
   39   677
   40   823
   41   887
   42   779
   43  2495
   47  1208
   48   618
   49  3321
   50     1
   51   548
   53   346
   54   806
   55   799
   56   761
   57   512
   58   255
   59   154
   60   108
   61  1931
   65   390
   66   341
   70   502
   71   245
   72   391
   74  1510
   78   157
   79   366
   81    39
   82  2572
   83   259
   84    17
   85   370
   90   394
   92   123
   93     1
   96   630
   98   506
  100     6
  101    38
  102    19
  103     1
  106     3
  109     7
  113    58
  114     1
  118     3
  121   427
  122   654
  123   409
  124   403
  125   464
  140    19
  148    23
  149   152
  150     9
  151    67
  153     1
  155   303
  158   188
  164   283
  168  9946
  170    88
  173    24
  175     4
  176     7
  179    29
  180     1
  184    31
  189     2
  202     2
  210   119
  219     3
  221    33
  222    18
  227    29
  231   440
  232    24
  235    19
  238     5
  239     2
  241    27
  250     2
  251    44
  264   102
  267     3
  268    22
  280  4005
  283   333
  288    38
  289    20
  290  5121
  292   173
  293     6
  300   136
  301    99
  307   116
  308    31
  311     2
  313    30
  318     2
  319     1
  322  3874
  326    11
  327     9
  331     6
  340    70
  342     8
  345    35
  346    21
  360   785
  362     1
  367    62
  370     3
  371    34
  376   363
  377     4
  379    15
  385     2
  389     1
  395   104
  397   786
  398  2794
  401    80
  404     2
  407   396
  408     2
  409   475
  411   448
  412    46
  420    14
  423   373
  424   198
  434    34
  439   974
  443   111
  447    41
  455     5
  463     8
  477     2
  493   303
  496     2
  497     3
  498     5
  508     3
  513  6499
  515  3440
  537     1
  555    38
  556    25
  570     1
  572     4
  573     1
  574     1
  575     9
  577     1
  578    10
  581   386
  590    21
  593     1
  596   168
  601   271
  602    41
  619     1
  622   301
  629    10
  630   855
  632  1178
  633   582
  636     6
  637   228
  638     1
  640   523
  646    20
  664     4
  669     9
  685     4
  707    17
  709     3
  715     3
  717     1
  729    62
  731    94
  734    91
  742   186
  751    19
  755  1294
  759     3
  760    35
  761   494
  766     1
  771    71
  772     5
  775    36
  782     1
  783     1
  788    71
  793    54
  798   544
  800    18
  803  2931
  805     1
  812    29
  821    76
  832  3703
  834   181
  842    96
  844   154
  850    36
  851     2
  858   391
  859   109
  871    65
  872     3
  873     4
  875    19
  892    22
  898   118
  903   246
  905    79
  914  3467
  916     1
  919   111
  921   158
  930    35
  932    24
  978   172
  991   107
 1002     2
 1003    24
 1005     1
 1006     3
 1009     1
 1010    18
 1011     3
 1014    80
 1015   585
 1024   239
 1030   109
 1032     1
 1033     3
 1036   426
 1038   193
 1040    67
 1042    71
 1043     2
 1044    11
 1045    84
 1046     3
 1047     3
 1050     1
 1051     1
 1053   408
 1054     1
 1056    42
 1057     3
 1058    18
 1060     3
 1062    14
 1064     3
 1065     4
 1067    88
 1068     4
 1069    27
 1070     1
 1071     5
 1072     3
 1073     3
 1075     3
 1087   158
 1088   332
 1096    14
 1097    16
 1098    11
 1105    31
 1106    14
 1110    14
 1116     4
 1118    39
 1127     1
 1133  3824
 1134  1514
 1138    28
 1141    11
 1142    11
 1145    16
 1146     1
 1148   204
 1149    31
 1150     8
 1152     1
 1162     8
 1163   171
 1164    12
 1165    51
 1166     3
 1168    10
 1172     9
 1173     5
 1174     6
 1184     7
 1189   108
 1190    92
 1191     3
 1192     2
 1193    46
 1195  4929
 1197     2
 1198     6
 1201     3
 1202     3
 1206     3
 1207     4
 1208     3
 1209     3
 1210     3
 1211     3
 1212   743
 1213     3
 1214     3
 1215     3
 1216     5
 1217     5
 1218     3
 1221     1
 1223     3
 1224     1
 1227   167
 1228     3
 1229     3
 1232     1
 1234    56
 1239     1
 1240     3
 1241   265
 1242     4
 1250     3
 1251     3
 1253     1
 1254     5
 1255   337
 1258    11
 1261    38
 1262   514
 1264    59
 1265     1
 1266     1
 1267    97
 1269    13
 1270    40
 1273     1
 1274     4
 1278   356
 1279     1
 1282     5
 1284    11
 1285    90
 1287     1
 1288    99
 1289    56
 1290     1
 1296     1
 1301     2
 1303     2
 1304  3134
 1305     1
 1308  1311
 1309   207
 1311   109
 1312     3
 1313     4
 1314     2
 1316     3
 1318   466
 1319  1294
 1320    13
 1326   542
 1328   261
 1330   133
 1331     3
 1332     3
 1333     3
 1334     4
 1335     3
 1341   403
 1346  2356
 1348    17
 1349    20
 1352     2
 1354     1
 1355     3
 1357     1
 1358     4
 1359     2
 1361    66
 1363     2
 1364     5
 1367    92
 1368   106
 1371    36
 1372    18
 1373   148
 1375    85
 1378    37
 1379    33
 1383    41
 1391   202
 1392    22
 1395    41
 1396     2
 1399    35
 1400   134
 1401  7108
 1403   218
 1407     1
 1410    52
 1413   115
 1416     4
 1417    51
 1420    66
 1421    63
 1422    68
 1434   274
 1438  3246
 1439   525
 1443     1
 1446    90
 1447     2
 1448     1
 1453     9
 1455    32
 1459   644
 1461    16
 1464    57
 1465     2
 1466     2
 1467   493
 1475   147
 1476     1
 1477   240
 1478   239
 1482   180
 1483     8
 1488    19
 1489    33
 1497     6
 1502    12
 1503     6
 1506     8
 1508   985
 1509   606
 1512   295
 1514    10
 1524     4
 1525     5
 1530     4
 1533    17
 1535     1
 1541     2
 1545     1
 1546     2
 1547     1
 1549    91
 1553    35
 1554     4
 1555     4
 1557   178
 1558   303
 1560     7
 1563    53
 1564    58
 1566    18
 1572  1894
 1574    36
 1578   553
 1579    25
 1580    16
 1581   148
 1584     1
 1585    91
 1586    26
 1589    42
 1594     1
 1595     1
 1596   187
 1597     9
 1598    14
 1599     9
 1600    24
 1601    15
 1602    16
 1603    11
 1605    30
 1606   258
 1609     1
 1611    18
 1612   386
 1614    18
 1616   639
 1618    26
 1619    46
 1621     2
 1622     5
 1624   151
 1626    13
 1627     2
 1628     2
 1630    12
 1631     2
 1632     1
 1634     2
 1636    32
 1637     2
 1642    20
 1643   160
 1651   270
 1652     3
 1654  1154
 1655    14
 1657    14
 1658    10
 1659    41
 1663   372
 1664     5
 1665    55
 1666     4
 1667     4
 1668     6
 1673     3
 1674     3
 1675     4
 1676    11
 1677     4
 1678     5
 1681   112
 1682     8
 1683     9
 1684     6
 1685   438
 1686  1915
 1690     5
 1692    34
 1693    50
 1694     1
 1695    20
 1700    19
 1702   476
 1703   656
 1705    91
 1709     1
 1713   757
 1715    18
 1720     1
 1723     5
 1724     8
 1725     6
 1727     1
 1731     1
 1734     1
 1739   168
 1740     5
 1741   332
 1743    11
 1745     6
 1746     3
 1747     1
 1749     4
 1750     3
 1751     7
 1754    48
 1757     1
 1759    29
 1762    52
 1765   205
 1766     9
 1769    25
 1770   406
 1773    28
 1774     1
 1775     1
 1776     1
 1778     1
 1779     1
 1780     8
 1781     3
 1786     1
 1787     2
 1789     8
 1795     1
 1797     1
 1799   170
 1800   803
 1803   164
 1804   116
 1806   112
 1807    12
 1813    44
 1814     5
 1817    66
 1818   166
 1819   310
 1820   164
 1822    15
 1823     1
 1824     3
 1825    18
 1826   169
 1828     6
 1831    97
 1838     7
 1839     2
 1840     6
 1841   120
 1843   195
 1844     1
 1846     4
 1847   115
 1848    24
 1850     9
 1852     2
 1854     2
 1858     4
 1859     2
 1860     2
 1864    11
 1868     2
 1869     2
 1873   109
 1874     1
 1877     6
 1880     1
 1881     4
 1882     5
 1884     1
 1889     1
 1891    13
 1892    28
 1893     1
 1895     1
 1896     1
 1897    66
 1898     5
 1899     1
 1903    41
 1904    56
 1906     3
 1907     3
 1910    26
 1912     9
 1913     7
 1915     1
 1920    14
 1924    12
 1926    40
 1931     1
 1942   681
 1943     1
 1952    10
 1954     3
 1955     1
 1958     7
 1963   128
 1964    27
 1977    16
 1978    18
 1980     6
 1981     1
 1990     2
 2004  2396
 2005     1
 2006     3
 2007     4
 2008     3
 2009     4
 2017     7
 2028     3
 2029     1
 2031     1
 2035    41
 2039    69
 2040     1
 2041     1
 2042     3
 2046   134
 2050    45
 2052    14
 2056     2
 2057     1
 2058    11
 2060    47
 2062     1
 2063    45
 2065    24
 2067     2
 2070     2
 2072     2
 2074     2
 2076     1
 2077     8
 2078    12
 2079    12
 2080     1
 2083     3
 2084     1
 2085     1
 2089    12
 2095    58
 2096    11
 2098   710
 2099   399
 2100   509
 2101     6
 2102     6
 2103     1
 2104     2
 2105     8
 2107  6183
 2108   105
 2109    17
 2111     1
 2117     8
 2118    47
 2122     2
 2125     2
 2127  5265
 2130     1
 2133    10
 2134    60
 2137     1
 2138    77
 2139    60
 2140     1
 2144   323
 2145    76
 2147    18
 2151     1
 2152     5
 2158    64
 2162    11
 2164   178
 2165     2
 2167    50
 2168     2
 2169    50
 2174     4
 2175     2
 2176     2
 2178     4
 2179   218
 2182    27
 2184     2
 2185     1
 2189     8
 2195    28
 2197   159
 2199   207
 2200     4
 2201   555
 2202    19
 2203   284
 2204  7587
 2205     8
 2207    72
 2212    69
 2215     3
 2217     6
 2218   249
 2219     3
 2220     1
 2222     1
 2224     1
 2227    51
 2228     2
 2232     1
 2237     1
 2242     1
 2243    38
 2244    22
 2246  1439
 2247     6
 2249    92
 2251     2
 2252     2
 2254     2
 2256  3232
 2257  3708
 2258  2123
 2259  1719
 2260   973
 2261  2090
 2262     1
 2267     2
 2268    10
 2269    48
 2271     8
 2283     1
 2286     5
 2287   591
 2288  1576
 2294     4
 2298     7
 2299    74
 2300    12
 2301    27
 2307     8
 2309     4
 2311    26
 2314    22
 2316    34
 2319     2
 2320   302
 2321   856
 2325     5
 2327     4
 2329   941
 2338     3
 2339    19
 2342    11
 2346     1
 2348     3
 2349   100
 2350     3
 2351  1640
 2352     3
 2353     1
 2356    49
 2357  1158
 2358     9
 2360    28
 2361   193
 2364    93
 2365    26
 2367     1
 2368    40
 2369   289
 2380   352
 2382    24
 2384    98
 2385     3
 2387    78
 2388     4
 2389     1
 2391    27
 2393     1
 2394     1
 2399     5
 2400     4
 2401   111
 2404     1
 2406   249
 2407    28
 2408    15
 2410   310
 2411   385
 2413     8
 2414     1
 2417     3
 2418     8
 2425     5
 2426     5
 2430    12
 2433    25
 2436   226
 2437   574
 2438     4
 2439     2
 2446     3
 2450   644
 2451   533
 2452   105
 2453    16
 2454     4
 2465     1
 2467    19
 2470     1
 2482   152
 2483     3
 2490    11
 2492     2
 2496     1
 2499     3
 2500     3
 2503     3
 2509     1
 2516    10
 2518   233
 2520   113
 2521     2
 2524     7
 2525     9
 2526     9
 2527     7
 2528     2
 2529     2
 2530     3
 2531     6
 2532     1
 2534     1
 2537   495
 2539   180
 2540   465
 2541    25
 2542     7
 2543   354
 2544     3
 2545   138
 2552     4
 2554     6
 2556    24
 2566    48
 2567    10
 2569    19
 2576    12
 2578   259
 2579     4
 2580    70
 2581     7
 2583     5
 2584    21
 2588   222
 2591     2
 2592     3
 2596     7
 2597     4
 2598     4
 2599     5
 2601    65
 2602   125
 2603   259
 2606   131
 2609     7
 2610    20
 2613    66
 2617     3
 2620    14
 2622    20
 2623    11
 2624    91
 2626     5
 2627     1
 2628     3
 2635   246
 2637     1
 2639     1
 2641  1408
 2644     3
 2648     1
 2652   119
 2654    34
 2655    51
 2657   195
 2661     2
 2662    20
 2663     4
 2664    42
 2665     9
 2667    40
 2668   100
 2675   197
 2677    17
 2684     1
 2685     3
 2686  1557
 2687   288
 2693   211
 2694    29
 2696    73
 2697    73
 2698    17
 2699    94
 2700     2
 2701     2
 2702    20
 2709   170
 2710     7
 2715    40
 2716    79
 2717    87
 2721     9
 2723  1488
 2724    35
 2730    10
 2731     1
 2732     1
 2733     3
 2734    21
 2737    16
 2739     2
 2740    25
 2744    21
 2748     3
 2749     1
 2750     2
 2753     9
 2755     1
 2756     1
 2757     1
 2758     3
 2759     3
 2760     5
 2761     3
 2762   114
 2763     1
 2765   106
 2766    16
 2767     2
 2768    18
 2770   112
 2777     3
 2778     3
 2779    63
 2784    60
 2786     4
 2788     9
 2790   668
 2791    35
 2793     3
 2807   127
 2810     2
 2812    15
 2813     2
 2818     1
 2819    20
 2820    28
 2822     1
 2823     3
 2824    40
 2825    10
 2842   947
 2843   775
 2844    26
 2847     1
 2851    49
 2854   109
 2855     1
 2856     1
 2858     9
 2859    96
 2864    22
 2871    64
 2872    45
 2873   101
 2874    20
 2875    39
 2876     4
 2884     2
 2885  5365
 2886    12
 2888    17
 2889     1
 2891    10
 2892     4
 2894     5
 2895     1
 2897     1
 2899   520
 2901     1
 2902    66
 2903     4
 2905   169
 2908    34
 2909   109
 2910    26
 2913     7
 2915    48
 2918    64
 2919     1
 2920    38
 2921    23
 2923    85
 2926   388
 2928     2
 2931   245
 2945    64
 2947     4
 2951     1
 2952    71
 2953     8
 2956    10
 2958     3
 2959     3
 2962     4
 2964     4
 2966     6
 2968    35
 2969    97
 2971    14
 2975     3
 2981     1
 2983  1049
 2991    57
 2992    30
 2993    61
 2994    23
 2995    30
 2998    43
 2999    57
 3002    42
 3004     5
 3008    11
 3009     1
 3012     2
 3013    31
 3016     4
 3017     5
 3018     5
 3019     5
 3020     1
 3021     8
 3022     4
 3027    50
 3029    11
 3034    19
 3036    22
 3037    17
 3038     1
 3039     2
 3040     1
 3041    14
 3044    17
 3050    26
 3058     1
 3059    72
 3061    52
 3062    16
 3064    72
 3071     2
 3075   221
 3076    31
 3079    77
 3085    30
 3090    18
 3091    18
 3094   242
 3098     1
 3100   288
 3106     3
 3107     8
 3109     6
 3117     4
 3118     4
 3120    15
 3121    34
 3122     4
 3124    56
 3125     4
 3127     3
 3129     2
 3132    22
 3133    96
 3138     3
 3147     1
 3148     2
 3149     1
 3150   315
 3151     3
 3155    13
 3156     4
 3158   404
 3163    61
 3164    98
 3165     2
 3168    68
 3171     2
 3172     6
 3173     2
 3174     2
 3176    94
 3177     2
 3178     1
 3181    27
 3187     2
 3192     5
 3195    28
 3196     1
 3201    45
 3203     4
 3204    26
 3205    40
 3211     2
 3214    12
 3218     6
 3220    13
 3221    13
 3223     6
 3227     7
 3228     2
 3233     4
 3237     6
 3243     2
 3244     8
 3247     1
 3248     1
 3256     7
 3260     1
 3261     3
 3264    45
 3270     1
 3271   130
 3272     1
 3276   138
 3280    45
 3282     1
 3284    84
 3285    10
 3286    30
 3287    28
 3288     3
 3292   236
 3295    32
 3299    14
 3304    24
 3306     4
 3307     3
 3308    48
 3309     7
 3310  1480
 3315    41
 3317    56
 3321   528
 3336   211
 3338     1
 3346    90
 3348    22
 3350    10
 3352     6
 3354     2
 3355     6
 3356    43
 3361    23
 3362    23
 3365    63
 3366    69
 3373  1290
 3376     2
 3380     1
 3382    23
 3383     8
 3386    10
 3387    58
 3394    28
 3396     3
 3403   293
 3411    11
 3427    15
 3428     2
 3430     3
 3433     3
 3434     8
 3435     1
 3438     4
 3443    10
 3444     6
 3448     1
 3449     3
 3450     1
 3452     1
 3453     1
 3457   176
 3461     1
 3463     1
 3466     2
 3467     1
 3468     4
 3469    58
 3474   102
 3477    60
 3478     2
 3479     2
 3480     1
 3481     2
 3484     1
 3485     1
 3489    33
 3490     3
 3498     8
 3502     2
 3503     6
 3504     2
 3509    10
 3510   113
 3513   228
 3514   177
 3517  1442
 3520     2
 3527   204
 3529     2
 3534    15
 3537    40
 3538    42
 3540     9
 3542    29
 3543    27
 3547     9
 3549     5
 3552     1
 3553   135
 3558    97
 3564    65
 3566     9
 3567     7
 3568    13
 3569    43
 3571    44
 3572    14
 3573     1
 3574     3
 3575   211
 3576     3
 3577    59
 3579   776
 3580    29
 3587    65
 3588    12
 3592  1816
 3593     1
 3594    37
 3599     2
 3600     5
 3601     8
 3604     1
 3607    36
 3608     2
 3609     4
 3610     6
 3614     9
 3616    28
 3623   512
 3625    21
 3626    89
 3629    31
 3630    29
 3631  1379
 3633   581
 3637    31
 3639     4
 3650    21
 3653    19
 3659     3
 3667     2
 3669     1
 3672     6
 3673    18
 3676    86
 3679     1
 3680    46
 3682    52
 3683   397
 3685    54
 3686    45
 3687   215
 3688    26
 3689    17
 3690    67
 3691    16
 3692    18
 3693    30
 3694   101
 3695   108
 3696    50
 3697    25
 3698    54
 3700   207
 3705     9
 3706    28
 3711    58
 3712   574
 3713    78
 3714    16
 3715    15
 3716    33
 3717    22
 3718    48
 3719    53
 3720    11
 3721    27
 3722     8
 3723    34
 3724    12
 3725    27
 3728    78
 3729   105
 3731   257
 3732    29
 3734     3
 3737     5
 3739   107
 3743     6
 3749    22
 3750    48
 3751   240
 3753    42
 3754    23
 3755    22
 3756    31
 3762     1
 3766     7
 3767   113
   122
 3770     3
 3774    70
 3775    26
 3776    65
 3777    21
 3778    57
 3779    29
 3780    85
 3781    96
 3782   127
 3783    52
 3784  1327
 3785    15
 3786    72
 3787    80
 3788   510
 3789    11
 3791     1
 3792     4
 3795    73
 3799     7
 3804   375
 3806    27
 3808    22
 3809    24
 3810    75
 3811    83
 3815     2
 3817    98
 3819     1
 3825     8
 3826     3
 3827     3
 3828     4
 3829    60
 3832    10
 3833    11
 3836     1
 3839     1
 3845     2
 3846   689
 3851    19
 3853     6
 3855    14
 3858     3
 3866   126
 3870    42
 3871   194
 3873    23
 3878    32
 3879    27
 3882   523
 3886    22
 3887   168
 3890   116
 3891     3
 3892     1
 3893     1
 3894     2
 3895     1
 3897     1
 3898     1
 3899    63
 3900    41
 3905    15
 3909    70
 3912    46
 3913    42
 3914  2411
 3918    12
 3920  1690
 3922  1726
 3927    12
 3931     1
 3937   272
 3939     6
 3943     8
 3946     6
 3954     2
 3955   177
 3956     3
 3960     2
 3961     2
 3962     1
 3963     1
 3964    21
 3966     1
 3967     1
 3970     2
 3973    29
 3974     5
 3975    93
 3977    87
 3978    23
 3983     3
 3984    44
 3985    60
 3987    20
 3988     2
 3989     2
 3990     3
 3994   477
 3995     1
 3997    13
 3998    59
 3999     1
 4005     4
 4007    34
 4010    40
 4011     3
 4012     1
 4013     5
 4015    23
 4016    68
 4017     3
 4023     2
 4024     2
 4025     1
 4026     1
 4027     1
 4028     1
 4029     6
 4030     6
 4031     5
 4032    19
 4033   493
 4036     4
 4037    10
 4038     2
 4040    17
 4041     1
 4042     6
 4044    48
 4045     1
 4046   176
 4047    30
 4049     3
 4050    62
 4052    13
 4060   214
 4061   256
 4062     1
 4063     2
 4064     2
 4066     1
 4080    21
 4081    39
 4087   166
 4092   105
 4094    68
 4101     1
 4103    14
 4106     6
 4107     3
 4109    14
 4110    13
 4113    24
 4114   543
 4117    12
 4119   300
 4121     2
 4123    12
 4124    32
 4125   132
 4129  1111
 4131  1132
 4136    35
 4137     7
 4151    11
 4152     1
 4158     7
 4159     7
 4162    14
 4163     1
 4168     2
 4170     5
 4174     1
 4187     1
 4188     5
 4189   114
 4190     1
 4194  2800
 4195    26
 4202    19
 4204     2
 4205     2
 4208    31
 4210     2
 4214     5
 4217     1
 4219    51
 4223     2
 4224   179
 4225     7
 4229     1
 4232   157
 4235     1
 4238    19
 4239    68
 4244     7
 4248   571
 4250     2
 4253   105
 4255     2
 4258     2
 4260     3
 4261    17
 4266    20
 4269   126
 4274     2
 4283     1
 4284    22
 4285     1
 4288    49
 4290     1
 4295    13
 4296     2
 4298    20
 4299    11
 4300     2
 4301     4
 4302     3
 4305    20
 4310     1
 4311     1
 4315     6
 4317   157
 4320  3537
 4321    62
 4327   319
 4332    30
 4333     8
 4336     7
 4337  2154
 4339   107
 4341   193
 4349    17
 4350    23
 4359    10
 4360     5
 4365    29
 4367    61
 4368    25
 4372    30
 4373    61
 4375   123
 4380   177
 4381   177
 4385    21
 4387     6
 4389     5
 4393     7
 4394     1
 4403     3
 4404    72
 4408   486
 4409     1
 4410     1
 4415    65
 4420    64
 4422     7
 4423     7
 4426  1089
 4428    51
 4430    23
 4436     2
 4437     6
 4444    41
 4463   320
 4464   189
 4467    48
 4468   446
 4470     1
 4472     6
 4475   237
 4477    47
 4478    49
 4480     5
 4483   276
 4484   120
 4492     8
 4499    49
 4500     2
 4510   732
 4514     2
 4518     2
 4519   113
 4520     8
 4521    83
 4522    42
 4527    26
 4530   971
 4534     5
 4535     5
 4538    50
 4539    27
 4541   314
 4545    63
 4548     4
 4550     2
 4552     2
 4555     3
 4558     1
 4562    10
 4567    23
 4568    96
 4573   273
 4574    37
 4575    39
 4576    27
 4579    67
 4580   183
 4581    22
 4583    17
 4588    26
 4597    49
 4598     2
 4599    43
 4600    52
 4602     2
 4603    40
 4604    42
 4609    10
 4610    36
 4611    37
 4612    25
 4619     4
 4621    29
 4625     1
 4629    51
 4638    65
 4639  2422
 4645   251
 4646    27
 4649     3
 4650   149
 4652    23
 4662     5
 4665     6
 4666   336
 4669  1699
 4672   139
 4677    62
 4680    65
 4682    63
 4684     6
 4689    17
 4691     4
 4694    73
 4695   133
 4699    18
 4702    10
 4703     8
 4706    36
 4709     6
 4713   310
 4715   287
 4716     7
 4719    80
 4722     4
 4726    54
 4728    21
 4733    29
 4735    44
 4743     3
 4744   412
 4749   486
 4756     1
 4757     1
 4759   549
 4761     4
 4767     8
 4769     1
 4777    35
 4782     3
 4784    36
 4786    82
 4789     2
 4791     1
 4793     3
 4795    24
 4796   881
 4797     2
 4798     2
 4799     3
 4800     3
 4801     2
 4802     5
 4803     2
 4804    11
 4805     1
 4806     6
 4807    16
 4811     3
 4817     8
 4820     1
 4822    16
 4823    18
 4826     3
 4828    25
 4831    69
 4833    31
 4835     2
 4837     1
 4838     4
 4839     5
 4840     4
 4841     4
 4842     3
 4843     2
 4844     2
 4845     2
 4846     2
 4847     1
 4848     2
 4849     6
 4855     5
 4856     1
 4857     1
 4858     1
 4864    21
 4865    13
 4866   183
 4869    65
 4870     2
 4872    30
 4874    11
 4877     6
 4878     3
 4879     3
 4880     3
 4882     3
 4883     6
 4884     1
 4888     3
 4890     2
 4891     5
 4892     2
 4893     2
 4895     3
 4898    20
 4899     2
 4900     2
 4902     2
 4903     2
 4904    12
 4907    74
 4910   222
 4914   585
 4915     1
 4916   183
 4920    27
 4923     3
 4924     3
 4925   151
 4927    59
 4928   340
 4931     1
 4936     2
 4939    62
 4940     4
 4941     3
 4942     1
 4946    23
 4948     5
 4952     5
 4956   377
 4957     1
 4959     1
 4961    10
 4962     1
 4964    50
 4966    37
 4968     5
 4970     5
 4971     1
 4973     1
 4974    33
 4977    20
 4988   113
 4993  7416
 4994     5
 4995     9
 4999     2
 5000    15
 5003    18
 5007     2
 5008     6
 5012     1
 5015    25
 5016     3
 5018     7
 5020     9
 5026     1
 5030     1
 5031   566
 5034    23
 5040   997
 5048     2
 5049     2
 5052     2
 5062    27
 5064     1
 5066    63
 5075    11
 5077     4
 5078     2
 5081    12
 5082    17
 5083     1
 5084    76
 5087    11
 5092   474
 5095     1
 5096     1
 5099     1
 5105     8
 5107    17
 5108     4
 5109     1
 5124   116
 5125  4997
 5126   217
 5128     1
 5129     2
 5136     9
 5137    12
 5141     1
 5144   114
 5146    10
 5148     2
 5156     1
 5162     2
 5165    48
 5166    61
 5177     8
 5178     3
 5179    15
 5187     2
 5188     2
 5189     4
 5190     4
 5191     2
 5192     2
 5193     2
 5194     2
 5195    14
 5199    56
 5210     3
 5211    18
 5214     1
 5221     7
 5223     2
 5224    13
 5226     5
 5234   229
 5235   173
 5240   137
 5241   277
 5243   248
 5244   206
 5245     2
 5246    29
 5250     1
 5256   122
 5257    73
 5266     1
 5267   102
 5271    35
 5276     3
 5277    16
 5279    14
 5281     6
 5282     3
 5283     2
 5284     4
 5285     1
 5289   748
 5293    30
 5305     5
 5313     5
 5315     1
 5317    18
 5318    20
 5320   322
 5322     1
 5323   256
 5325    72
 5326   151
 5328   208
 5332   238
 5334   218
 5336   205
 5338   357
 5340   217
 5342   295
 5344     1
 5345     1
 5347     1
 5348    23
 5349    37
 5350     4
 5351    64
 5352     1
 5357     5
 5359     2
 5361   449
 5362  1626
 5364    29
 5366     4
 5373     6
 5380     1
 5381     1
 5390     1
 5391   203
 5395    33
 5397     2
 5398     1
 5399     1
 5406    20
 5407    33
 5411   749
 5412     8
 5414     4
 5420     6
 5421     5
 5422   115
 5423     1
 5428    11
 5430   177
 5433    11
 5434     7
 5436     9
 5438    11
 5440     2
 5442    27
 5448    16
 5449     4
 5460    13
 5461     7
 5463    12
 5465     6
 5467     1
 5468     8
 5470    55
 5473    25
 5477     1
 5484     9
 5492     1
 5493    48
 5494    49
 5495     2
 5496    33
 5500     1
 5501     5
 5507     1
 5508    11
 5509   105
 5514     5
 5516    16
 5523     6
 5525    22
 5527     2
 5528   276
 5530     1
 5531     1
 5537     1
 5539     6
 5540     6
 5541     1
 5542     2
 5547     1
 5549     5
 5553     5
 5554     3
 5558    15
 5562     9
 5564     8
 5566   424
 5569   126
 5571     1
 5576    30
 5577    15
 5578    27
 5580    54
 5581     1
 5582    32
 5583    15
 5585     3
 5587     2
 5588     1
 5589     9
 5596     1
 5601    24
 5602   148
 5603   744
 5604     9
 5605     3
 5608   120
 5613  2430
 5615  2943
 5616    14
 5617  5312
 5618     2
 5619  1340
 5622    18
 5624    11
 5628     1
 5629    34
 5630    61
 5638    23
 5639    25
 5640    23
 5641    32
 5643    33
 5645  1191
 5646    54
 5649     3
 5650     2
 5651     1
 5653   215
 5654     1
 5655  1532
 5658    26
 5659    29
 5664    62
 5665    92
 5666    31
 5667    18
 5669    15
 5670    26
 5671     4
 5672     2
 5673     3
 5674     2
 5677    98
 5679    11
 5683    59
 5685    70
 5688    25
 5689    26
 5690     5
 5691    17
 5693     2
 5694     1
 5695    19
 5696    24
 5697   330
 5698     1
 5701   662
 5702     9
 5703   118
 5704    19
 5705    51
 5706     4
 5707     6
 5708     3
 5709     3
 5712     7
 5715     6
 5717    14
 5725     2
 5729     3
 5731    55
 5732     2
 5733    76
 5734     2
 5735    46
 5738     9
 5740     4
 5741     4
 5742    14
 5744    20
 5748    39
 5750    77
 5754     1
 5755    66
 5758    52
 5760    10
 5761     5
 5762     4
 5763     3
 5766     1
 5776     4
 5779     2
 5791     6
 5795     1
 5796     1
 5798    69
 5800     6
 5805    72
 5806  6114
 5807    43
 5810     2
 5811    16
 5818   373
 5822     8
 5823    18
 5825     1
 5831   123
 5832   128
 5833     6
 5834     6
 5844    54
 5846   178
 5850  1599
 5854   331
 5860     3
 5861    54
 5865     2
 5868    20
 5871   629
 5873    16
 5874    20
 5878     2
 5879     2
 5883   110
 5886    25
 5889     2
 5890     1
 5894    11
 5896    29
 5897    20
 5898    21
 5899    38
 5900    38
 5901     7
 5902    14
 5903    10
 5904    19
 5906    32
 5907   144
 5908   156
 5932  6322
 5941     7
 5946    14
 5947    16
 5950    46
 5951     2
 5952     2
 5954    18
 5955   306
 5958    50
 5963     3
 5971     2
 5977     2
 5979     1
 5981    65
 5982    10
 5984    23
 5991    79
 5996    83
 6007   135
 6012     2
 6013    62
 6015   767
 6019    23
 6024     3
 6025    57
 6029     3
 6030   260
 6031   646
 6038     4
 6046 18318
 6050     7
 6053     2
 6055     2
 6056  6312
 6071   107
 6072     8
 6077    39
 6078    27
 6083     1
 6088   244
 6089    62
 6093    16
 6100    10
 6106  1098
 6107    26
 6110    26
 6111    26
 6112    39
 6113    11
 6116     5
 6118     2
 6119     2
 6120     3
 6121    34
 6124     2
 6125     2
 6126     3
 6127     4
 6131    18
 6134     1
 6137   307
 6138    22
 6141    61
 6152    23
 6157   113
 6158    58
 6159   316
 6161    32
 6164    62
 6168    56
 6169     1
 6172    48
 6175    86
 6179    71
 6183    49
 6186     2
 6187    92
 6190    22
 6191     7
 6194    31
 6195    27
 6196    28
 6197    26
 6199    13
 6200    48
 6201     4
 6202     3
 6206   152
 6209    26
 6210    26
 6212    10
 6213    15
 6214     1
 6216    18
 6217   144
 6222    26
 6223     2
 6226     7
 6227    40
 6228    26
 6229    28
 6230    16
 6232     4
 6233    17
 6234    52
 6238    29
 6242    25
 6244     2
 6245    18
 6248     5
 6250   536
 6251    22
 6260     1
 6262    39
 6263     2
 6268   114
 6271   235
 6275    22
 6276    34
 6278    22
 6281   241
 6283    27
 6289   168
 6295   673
 6300    62
 6302    21
 6308    94
 6316     1
 6318     3
 6321     3
 6329     3
 6333     6
 6338    17
 6343     4
 6344     2
 6345     2
 6346     1
 6347     1
 6348    56
 6349     6
 6353    26
 6357    10
 6358    27
 6360    30
 6362    14
 6363    26
 6364    25
 6365    27
 6366    26
 6367    24
 6368    24
 6370    42
 6372    33
 6374    18
 6376    54
 6378   709
 6380     1
 6394    25
 6395    24
 6396    24
 6397    24
 6398    24
 6399    26
 6400    26
 6401    27
 6402    26
 6403    26
 6404    12
 6406     2
 6407     1
 6415    55
 6420    16
 6423     2
 6426     2
 6431  8173
 6432  5403
 6434  4894
 6437  2742
 6439  7930
 6440   111
 6441  2263
 6446    10
 6448     7
 6449  1415
 6451  1495
 6453     2
 6456     3
 6460     5
 6464     2
 6465     2
 6466     2
 6471     1
 6472     2
 6474    22
 6475     1
 6477     1
 6478     1
 6481     3
 6483  3774
 6485 21429
 6486  1659
 6488     2
 6489     1
 6492   218
 6496     4
 6497     1
 6502    79
 6510    20
 6511     8
 6512     6
 6513     9
 6514    24
 6515     8
 6516    57
 6517    20
 6518    14
 6519   628
 6521    15
 6522     5
 6525    14
 6526    27
 6527   664
 6528    60
 6529    20
 6530    66
 6531    22
 6532    63
 6533    21
 6534    40
 6535     9
 6536     7
 6538    45
 6539    15
 6540    42
 6541    14
 6544     2
 6546     5
 6547    10
 6548    15
 6555     4
 6556     2
 6558    30
 6563    10
 6566     2
 6572   674
 6575     6
 6579     4
 6580     6
 6583     4
 6585     1
 6586     2
 6590     4
 6592    13
 6593    25
 6597   182
 6605     3
 6610    23
 6611    48
 6613     1
 6617     7
 6618    26
 6621     3
 6623     2
 6624     2
 6632     2
 6633     2
 6634    18
 6635     3
 6636     1
 6639    38
 6643    66
 6645    26
 6648     1
 6656     2
 6659     1
 6662     3
 6664    12
 6667    20
 6669     2
 6675     4
 6679    31
 6681     2
 6685    20
 6686    99
 6687    70
 6688   208
 6690    11
 6691  7727
 6699     2
 6701     8
 6706    10
 6707     7
 6713     7
 6719     8
 6721    31
 6722     5
 6726   338
 6728     4
 6729     2
 6730     3
 6731     2
 6737     1
 6747     5
 6749    13
 6750   237
 6753     1
 6754  1949
 6755  2839
 6760     1
 6769    89
 6772     1
 6773     7
 6774    56
 6775    30
 6777     3
 6778     5
 6779    43
 6780    72
 6782    21
 6785     3
 6793   104
 6794    57
 6796    41
 6797     5
 6798  1239
 6799    98
 6800   959
 6801  1207
 6802   754
 6803   303
 6804   534
 6805     1
 6809     1
 6811     5
 6813     2
 6815    62
 6816    70
 6818    25
 6822    20
 6823    33
 6825    18
 6826    46
 6827    23
 6829     2
 6831     1
 6832   168
 6834    57
 6835    30
 6838    21
 6845     1
 6846     3
 6847     3
 6848     4
 6849     8
 6850     3
 6851     3
 6852     3
 6853     2
 6854     2
 6864    18
 6865    18
 6867     8
 6868     3
 6869     3
 6870   290
 6882    33
 6883   156
 6886     5
 6888    29
 6891     2
 6895  1001
 6896   127
 6903     2
 6904     4
 6906     3
 6915     1
 6921     2
 6922     2
 6923    27
 6932     3
 6933     2
 6934     2
 6935    92
 6936     2
 6937     2
 6938    26
 6939     1
 6940    27
 6941     9
 6942    25
 6943     2
 6944    26
 6945    20
 6948     3
 6949     1
 6956     8
 6957     7
 6958     1
 6959     4
 6966     3
 6967    39
 6974     3
 6978   616
 6988    30
 6989    15
 6990     2
 6991     1
 6994    18
 6995    31
 6996    31
 7002    11
 7005     5
 7006     1
 7008    10
 7014   269
 7015     2
 7017     2
 7025     1
 7037    35
 7038     2
 7039    17
 7040    25
 7043    41
 7045    58
 7046    14
 7047    40
 7048    24
 7053    38
 7054     1
 7060   132
 7061   394
 7062   238
 7063     5
 7069     3
 7074     1
 7077     4
 7078     2
 7079     2
 7080     1
 7082     8
 7083     1
 7084     7
 7088     2
 7090     3
 7091     6
 7097     3
 7098     2
 7103    22
 7108   307
 7109   159
 7110   184
 7111   126
 7113     1
 7114     7
 7115    16
 7118     1
 7119     1
 7120     4
 7121     5
 7122     5
 7123    10
 7126     1
 7129    69
 7130   102
 7131   146
 7132   292
 7134    33
 7137     2
 7138     5
 7139     2
 7143     1
 7144    16
 7147    17
 7148  1547
 7150  1248
 7152  1238
 7153  1324
 7154  2074
 7157   177
 7158     7
 7159     4
 7161     1
 7165     1
 7174     6
 7175     2
 7177   272
 7178    22
 7179    22
 7183     4
 7186     5
 7188     2
 7191     3
 7192    81
 7193     2
 7200     2
 7202    10
 7203     8
 7206     5
 7207     1
 7209     9
 7210     9
 7211   903
 7213     2
 7217    15
 7219     1
 7220    18
 7221    21
 7229    15
 7231     1
 7246    19
 7248     3
 7249     1
 7253     2
 7255   656
 7256   231
 7259     1
 7263   454
 7267     5
 7271    77
 7272    10
 7273    64
 7279    15
 7280    17
 7283     2
 7284     6
 7285     2
 7286     3
 7287     1
 7288     3
 7289     2
 7290     2
 7291     3
 7292     1
 7293     2
 7295     2
 7299     6
 7303     6
 7304     3
 7306     3
 7307     1
 7309     4
 7310     4
 7317    11
 7334    83
 7337    39
 7338   288
 7344    11
 7349    21
 7351    74
 7352   141
 7353     2
 7357     1
 7358     1
 7360    31
 7361    20
 7362     2
 7363    12
 7371   480
 7372    56
 7373    12
 7374    44
 7377    27
 7378   215
 7379    13
 7380    14
 7382    19
 7384   254
 7386     4
 7388     2
 7396   166
 7398     3
 7399     3
 7400     3
 7401     2
 7402     1
 7403     1
 7405     4
 7411    98
 7420     2
 7421     8
 7422     3
 7423    18
 7425     3
 7428     2
 7429    14
 7433     2
 7440   586
 7441     8
 7442     1
 7448    31
 7449     4
 7464     1
 7465     1
 7472    10
 7473    64
 7474     1
 7476   519
 7477    97
 7478   144
 7479    18
 7481     1
 7482    13
 7486     3
 7487     1
 7488    18
 7489     3
 7490     3
 7491     4
 7492     2
 7493     2
 7494     2
 7495     2
 7496     2
 7497     4
 7498    20
 7499     2
 7500     2
 7501     3
 7505     1
 7510     2
 7513  1125
 7514     9
 7517     6
 7519     3
 7520     1
 7522    53
 7530    16
 7547     2
 7548     3
 7549     2
 7550     7
 7551     2
 7553     1
 7554     1
 7555     6
 7556    49
 7557    14
 7559     9
 7560   154
 7562     1
 7569     6
 7579    17
 7580    24
 7582    17
 7584     4
 7585     2
 7586     3
 7589   157
 7591     7
 7592     2
 7593     2
 7596   209
 7599     1
 7613     2
 7614     4
 7615     2
 7616     2
 7617     2
 7618     1
 7619     3
 7620     2
 7621     1
 7623    11
 7626     1
 7628     3
 7630     3
 7634     3
 7635   450
 7636     1
 7639    36
 7640    55
 7641    26
 7642    26
 7643    26
 7645    33
 7646   574
 7647   126
 7648     3
 7649    13
 7650    18
 7655     5
 7665     3
 7667     4
 7683   370
 7685     1
 7688    71
 7689     2
 7690     3
 7691     6
 7692     3
 7693     3
 7694     3
 7695    16
 7696     3
 7697   300
 7698     3
 7699     6
 7700     2
 7703     2
 7709     1
 7710     5
 7711     4
 7712     4
 7713     3
 7714     3
 7715     1
 7716     4
 7717     4
 7719     1
 7721   452
 7727     4
 7729    50
 7730    51
 7734     1
 7745    35
 7747    26
 7749     7
 7750    37
 7751    28
 7752     3
 7753    68
 7755   235
 7764     1
 7766     1
 7784    47
 7786    10
 7802    27
 7803     4
 7805    16
 7822     3
 7956   332
 7961  1525
 7997     9
  t   \