1
 
                   MAX
            TOTAL  SIM                MAXIMUM CPS                   CONNECT
 DATE  HOUR USERS USERS            IN         OUT       TOTAL         HOURS
 
 
 930221   1     4     4          5.98      178.17      184.15          0.27
 930221   2     6     2          6.25      166.55      170.23          0.40
 930221   3     0     0          0.00        0.00        0.00          0.00
 930221   4     0     0          0.00        0.00        0.00          0.00
 930221   5     2     2          2.65       93.85       96.50          0.10
 930221   6     0     0          0.00        0.00        0.00          0.00
 930221   7     0     0          0.00        0.00        0.00          0.00
 930221   8     0     0          0.00        0.00        0.00          0.00
 930221   9     0     0          0.00        0.00        0.00          0.00
 930221  10     0     0          0.00        0.00        0.00          0.00
 930221  11     0     0          0.00        0.00        0.00          0.00
 930221  12     0     0          0.00        0.00        0.00          0.00
 930221  13     0     0          0.00        0.00        0.00          0.00
 930221  14     8     8          6.22      177.75      183.97          3.30
 930221  15    16     9          8.65      272.48      281.13          3.95
 930221  16     6     4          3.25      128.97      132.22          1.40
 930221  17    14    10          5.33      117.83      123.17          6.57
 930221  18    22    14         20.33      348.47      368.52          9.93
 930221  19    20     8          5.72      162.10      167.82          6.28
 930221  20    66    16         26.23      800.60      826.83          8.85
 930221  21    56    14         13.58      449.62      463.20          6.67
 930221  22    34    10          8.95      267.32      276.27          4.00
 930221  23    16     6         12.07      158.52      169.32          1.63
 930221  24     6     2          2.87       18.45       21.32          0.30
1
 
                   MAX
            TOTAL  SIM                MAXIMUM CPS                   CONNECT
 DATE  HOUR USERS USERS            IN         OUT       TOTAL         HOURS
 
 
 930222   1    20     4          7.08      139.57      143.62          1.20
 930222   2     4     2          5.88       79.32       85.20          0.13
 930222   3    10     2          6.45      201.50      207.95          0.50
 930222   4    10     4          6.30      165.38      171.68          0.37
 930222   5     2     2          1.37        8.98       10.35          0.03
 930222   6     2     2          3.55       15.88       19.43          0.17
 930222   7     0     0          0.00        0.00        0.00          0.00
 930222   8     0     0          0.00        0.00        0.00          0.00
 930222   9     0     0          0.00        0.00        0.00          0.00
 930222  10     0     0          0.00        0.00        0.00          0.00
 930222  11     0     0          0.00        0.00        0.00          0.00
 930222  12     2     2          0.72       48.87       49.58          0.43
 930222  13    54    12         13.50      360.22      373.72          4.88
 930222  14   174    58         34.52     1002.95     1037.07         27.65
 930222  15   214    68         53.38     1343.55     1396.93         61.45
 930222  16   220    69        191.92     1334.73     1382.00         57.98
 930222  17   233    69        189.00     1340.55     1392.22         63.02
 930222  18   203    70         67.70     1751.90     1801.05         64.57
 930222  19   239    68         51.40     1347.58     1389.73         62.78
 930222  20   205    70         57.03     1277.42     1332.03         58.20
 930222  21   220    70         45.15     1310.52     1355.67         61.48
 930222  22   213    68         45.03     1244.63     1287.17         61.55
 930222  23   162    68         52.92     1297.63     1350.55         56.90
 930222  24   110    46         62.03     1006.70     1041.67         33.28
1
 
                   MAX
            TOTAL  SIM                MAXIMUM CPS                   CONNECT
 DATE  HOUR USERS USERS            IN         OUT       TOTAL         HOURS
 
 
 930223   1    88    34         30.68      813.90      844.58         25.08
 930223   2    54    24         20.27      563.18      583.45         18.57
 930223   3    42    20         15.98      400.23      416.22          8.78
 930223   4    12     6          5.72      237.28      243.00          3.67
 930223   5    10     6          5.70      188.60      194.30          2.93
 930223   6     4     2        202.75       14.33      211.25          0.53
 930223   7     4     2        202.75      157.55      211.25          1.02
 930223   8     0     0          0.00        0.00        0.00          0.00
 930223   9     0     0          0.00        0.00        0.00          0.00
 930223  10     0     0          0.00        0.00        0.00          0.00
 930223  11     0     0          0.00        0.00        0.00          0.00
 930223  12     2     2          2.27      105.67      107.93          0.23
 930223  13    22    16         13.70      357.95      370.47          7.90
 930223  14   112    50         31.32     1001.03     1032.30         31.45
 930223  15   186    68        371.07     1906.43     2277.50         59.42
 930223  16   232    69        364.42     1666.37     2029.42         61.05
 930223  17   193    70         58.12     1178.87     1218.98         63.32
 930223  18   195    68         63.33     1511.43     1555.57         63.43
 930223  19   207    68         53.07     1356.57     1399.57         61.67
 930223  20   216    68         59.27     1451.32     1510.58         58.67
 930223  21   200    70         56.43     1267.45     1313.87         63.80
 930223  22   191    69         46.85     1393.97     1440.82         64.00
 930223  23   186    68         48.25     1279.33     1323.98         54.35
 930223  24   137    54         37.05      968.33     1002.23         43.38
1
 
                   MAX
            TOTAL  SIM                MAXIMUM CPS                   CONNECT
 DATE  HOUR USERS USERS            IN         OUT       TOTAL         HOURS
 
 
 930224   1    94    54         33.20      979.48     1009.33         40.78
 930224   2    43    26         14.40      465.73      480.13         13.25
 930224   3    19    12         10.92      338.57      346.43          3.35
 930224   4    24    14         11.15      276.58      287.73          8.87
 930224   5    10     6          5.35      145.63      150.98          3.20
 930224   6     2     2          1.58       33.82       35.40          2.00
 930224   7     4     2          2.98       55.13       58.12          1.10
 930224   8     0     0          0.00        0.00        0.00          0.00
 930224   9     0     0          0.00        0.00        0.00          0.00
 930224  10     0     0          0.00        0.00        0.00          0.00
 930224  11     0     0          0.00        0.00        0.00          0.00
 930224  12    10     8          4.32      142.70      147.02          4.23
 930224  13    32    16         11.28      306.63      317.92          8.38
 930224  14    78    36         22.45      696.07      718.52         24.72
 930224  15   158    66        368.13     1410.67     1778.80         54.70
 930224  16   193    69        362.97     1261.52     1624.48         61.73
 930224  17   220    70         41.98     1153.23     1193.15         63.12
 930224  18   186    68         38.65     1082.35     1121.00         58.48
 930224  19   192    71         45.38     1230.35     1273.33         58.48
 930224  20   177    69         44.83     1257.42     1296.02         58.93
 930224  21   219    70         50.22     1424.62     1474.83         62.23
 930224  22   202    68         46.93     1228.97     1267.00         63.02
 930224  23   239    67         49.18     1485.47     1533.50         62.00
 930224  24   137    62         41.98     1191.10     1233.08         44.12
1
 
                   MAX
            TOTAL  SIM                MAXIMUM CPS                   CONNECT
 DATE  HOUR USERS USERS            IN         OUT       TOTAL         HOURS
 
 
 930225   1    64    28         19.20      646.80      666.00         16.52
 930225   2    56    28         89.08      445.83      466.03         21.40
 930225   3    38    20         17.67      504.30      521.97         14.83
 930225   4    38    18         19.95      680.10      700.05          7.90
 930225   5    12     4          2.97      139.45      142.42          2.75
 930225   6     6     2          2.45       98.30      100.75          0.50
 930225   7     0     0          0.00        0.00        0.00          0.00
 930225   8     0     0          0.00        0.00        0.00          0.00
 930225   9     0     0          0.00        0.00        0.00          0.00
 930225  10     0     0          0.00        0.00        0.00          0.00
 930225  11     0     0          0.00        0.00        0.00          0.00
 930225  12     4     4          1.92       69.07       70.98          0.67
 930225  13    32    18         14.00      274.15      283.08          8.10
 930225  14   105    43         56.32     1129.90     1186.22         22.22
 930225  15   177    68         56.40     1200.52     1239.77         55.08
 930225  16   203    68         63.03     1249.32     1290.40         64.42
 930225  17   128    64         32.80      962.85      995.65         35.73
 930225  18   122    48         39.18     1148.90     1188.08         33.70
 930225  19    85    42         23.82      777.45      801.27         28.82
 930225  20   144    60        258.50     1139.18     1397.68         43.50
 930225  21   167    68        275.17     1549.72     1821.45         48.03
 930225  22   132    58         40.90      963.58     1000.18         38.82
 930225  23    32    32        268.92      616.32      885.23         15.90
 930225  24     6     6          1.87       64.22       66.08          1.60
1     MAXIMUM OF MAXIMUM SIMULTANEOUS USERS
 
 
                   MAX
            TOTAL  SIM                MAXIMUM CPS                   CONNECT
 DATE  HOUR USERS USERS            IN         OUT       TOTAL         HOURS
 
 930224  19   192    71         45.38     1230.35     1273.33         58.48
 
 
     MAXIMUM OF CONNECT HOURS
 
 
                   MAX
            TOTAL  SIM                MAXIMUM CPS                   CONNECT
 DATE  HOUR USERS USERS            IN         OUT       TOTAL         HOURS
 
 930222  18   203    70         67.70     1751.90     1801.05         64.57
1
  