1
 
                   MAX
            TOTAL  SIM                MAXIMUM CPS                   CONNECT
 DATE  HOUR USERS USERS            IN         OUT       TOTAL         HOURS
 
 
 920203   1    28    23         11.40      236.07      244.10         21.53
 920203   2    26    21          5.75      136.53      142.28         20.02
 920203   3    31    25         11.92      260.17      272.08         22.60
 920203   4    29    25         11.92      278.05      287.32         21.70
 920203   5    22    21         15.88      215.08      230.97         19.03
 920203   6    17    17          2.47       18.58       21.05         16.47
 920203   7    17    17          4.42       61.88       66.30         15.23
 920203   8    17    16          2.40       18.93       21.33         15.28
 920203   9    15    15          0.10        2.07        2.17         15.00
 920203  10    17    17          0.85       34.62       35.47         15.78
 920203  11    23    20          9.42      145.75      155.17         17.47
 920203  12    42    36         13.48      902.08      915.12         28.33
 920203  13    75    63         33.12     1087.60     1116.00         49.22
 920203  14   157   126         61.90     2741.77     2803.67         91.70
 920203  15   227   161        124.32     3814.67     3930.48        145.77
 920203  16   262   191        135.32     4389.55     4522.78        174.40
 920203  17   274   212        150.48     5060.23     5202.62        201.52
 920203  18   267   198        128.83     3586.57     3699.67        187.67
 920203  19   292   226       1092.90     4503.33     5221.52        212.00
 920203  20   327   225       1082.45     4614.98     5697.43        208.18
 920203  21   300   203        155.22     3484.87     3640.08        184.43
 920203  22   271   182        169.93     2777.22     2940.97        170.80
 920203  23   218   145        113.67     2131.47     2209.32        119.25
 920203  24   127   104         75.13     1727.25     1791.10         87.60
1
 
                   MAX
            TOTAL  SIM                MAXIMUM CPS                   CONNECT
 DATE  HOUR USERS USERS            IN         OUT       TOTAL         HOURS
 
 
 920204   1   112    89         48.02     1166.65     1214.67         78.50
 920204   2    87    69         33.75      724.32      755.15         60.02
 920204   3    54    48         27.42      401.60      415.55         45.08
 920204   4    54    45         22.37      529.20      551.27         42.57
 920204   5    55    45         22.07      529.20      551.27         30.68
 920204   6    10     5          6.30      137.80      144.10          2.88
 920204   7     4     3          5.03      132.82      137.85          1.35
 920204   8     2     2          0.60       24.43       25.03          1.17
 920204   9     3     3          1.88       29.12       31.00          2.57
 920204  10     4     4          3.60      123.60      127.20          2.42
 920204  11     8     7         12.40      178.77      191.17          3.87
 920204  12    30    19         41.62      741.88      756.67         11.35
 920204  13    69    51         46.42     1075.45     1121.87         32.07
 920204  14   149   107        107.22     2558.52     2650.37         74.20
 920204  15   209   148        131.70     2680.30     2812.00        129.35
 920204  16   257   178        156.83     3376.28     3532.08        164.33
 920204  17   280   189        196.57     3811.30     4001.32        160.18
 920204  18   236   172        153.07     2695.23     2830.68        153.47
 920204  19   277   193        169.22     3332.85     3502.07        185.65
 920204  20   280   198        196.72     3845.22     4041.93        190.30
 920204  21   306   187        245.10     3189.80     3311.83        181.23
 920204  22   253   184        198.67     3571.77     3709.48        161.12
 920204  23   177   130         80.43     2197.85     2277.52         96.95
 920204  24    91    75         54.07     1184.25     1238.32         67.55
1
 
                   MAX
            TOTAL  SIM                MAXIMUM CPS                   CONNECT
 DATE  HOUR USERS USERS            IN         OUT       TOTAL         HOURS
 
 
 920205   1    74    63         54.55      724.28      762.93         54.75
 920205   2    55    44         16.50      669.18      685.68         37.22
 920205   3    32    25          9.88      362.97      371.18         22.30
 920205   4    35    25         12.80      308.50      317.87         23.13
 920205   5    28    26         33.13      325.72      358.85         22.45
 920205   6    20    19         16.10      244.98      261.08         18.53
 920205   7    19    18         10.12      171.68      179.73         15.43
 920205   8    16    14          8.12       78.12       86.23         12.15
 920205   9    15    13          4.60       80.83       85.43         11.67
 920205  10    21    15          4.83       93.07       97.02         13.77
 920205  11    17    17         13.77      214.05      227.82         13.45
 920205  12    39    32         27.45      531.05      549.92         22.50
 920205  13    75    53         47.63     1055.95     1103.58         40.70
 920205  14   159   115         79.87     1930.55     2005.17         81.72
 920205  15   230   171        118.35     2582.82     2701.10        153.13
 920205  16   279   202        137.78     3155.43     3273.02        180.07
 920205  17   281   211        201.02     2762.48     2890.47        202.67
 920205  18   272   212        145.95     3019.25     3155.63        203.97
 920205  19   284   225        140.08     2518.72     2650.05        214.65
 920205  20   349   229        183.65     2957.47     3133.90        219.70
 920205  21   309   211        167.67     2676.73     2839.17        203.17
 920205  22   269   191        158.48     2838.62     2969.90        173.12
 920205  23   193   143        132.35     1630.02     1714.12        110.33
 920205  24   114    90         48.53     1188.67     1237.20         82.08
1
 
                   MAX
            TOTAL  SIM                MAXIMUM CPS                   CONNECT
 DATE  HOUR USERS USERS            IN         OUT       TOTAL         HOURS
 
 
 920206   1    90    75         32.33      851.38      883.72         66.53
 920206   2    66    59         21.85      774.55      796.40         54.10
 920206   3    50    46         11.32      377.47      388.78         28.25
 920206   4    36    24         15.20      378.13      392.88         20.22
 920206   5    23    23         15.20      376.35      391.55         17.42
 920206   6    15    15          4.57      104.82      109.38         14.20
 920206   7    16    16          4.10      159.33      163.43         14.23
 920206   8    15    14          3.45       95.00       98.45         13.32
 920206   9    13    13          3.45       94.43       97.88         12.47
 920206  10    13    13         37.17       76.52      113.68         12.40
 920206  11    20    17         10.70      440.52      451.22         13.73
 920206  12    48    42         21.55      688.73      709.52         27.58
 920206  13   103    55         70.62     1292.63     1349.73         48.48
 920206  14   176   104        112.08     2097.83     2208.00         81.70
 920206  15   227   158        140.37     2164.93     2265.80        133.48
 920206  16   263   185        221.95     2582.68     2781.87        173.18
 920206  17   279   189        231.27     3293.47     3470.53        179.17
 920206  18   245   183        148.03     2668.62     2811.07        171.62
 920206  19   261   199        172.90     3231.73     3400.72        190.45
 920206  20   307   204        192.85     3506.55     3696.08        195.28
 920206  21   276   201        194.35     3341.30     3532.82        192.12
 920206  22   267   182        184.63     2702.42     2834.35        171.35
 920206  23   190   144        156.10     2248.12     2328.75        112.68
 920206  24   129    94         84.03     2139.15     2213.78         77.07
1
 
                   MAX
            TOTAL  SIM                MAXIMUM CPS                   CONNECT
 DATE  HOUR USERS USERS            IN         OUT       TOTAL         HOURS
 
 
 920207   1    86    67         36.62     1136.55     1169.18         60.52
 920207   2    64    53         31.70     1447.97     1479.37         44.72
 920207   3    36    24         10.32      475.35      485.30         22.52
 920207   4    31    23         16.57      290.97      299.63         15.07
 920207   5    11    10         14.00      209.53      223.53          8.53
 920207   6     7     7          0.63       56.42       57.05          7.00
 920207   7     9     8          9.32      103.35      109.00          7.12
 920207   8     7     7          0.63       56.42       57.05          7.00
 920207   9     7     7          0.63       56.42       57.05          7.00
 920207  10     8     8          3.52       95.70       99.22          7.70
 920207  11    12    11         20.90      394.65      415.55          8.67
 920207  12    39    36         23.97      755.13      779.00         22.32
 920207  13    81    59         78.70     1224.62     1303.32         41.30
 920207  14   163   110         85.22     1930.12     2014.58         82.20
 920207  15   210   154        112.43     2448.57     2557.32        136.68
 920207  16   234   168        129.58     2784.97     2898.18        159.97
 920207  17   246   177        132.05     2613.33     2740.40        167.43
 920207  18   238   157        126.85     2873.68     2982.27        147.22
 920207  19   242   164        145.20     2915.02     3048.78        156.57
 920207  20   263   168        160.02     2471.12     2608.42        159.50
 920207  21   220   154         96.65     2233.32     2325.72        141.12
 920207  22   192   130        118.17     2144.73     2233.85        112.45
 920207  23   115    72         74.47     1250.97     1291.22         48.08
 920207  24    44    27         45.68      826.47      854.98         18.08
1     MAXIMUM OF MAXIMUM SIMULTANEOUS USERS
 
 
                   MAX
            TOTAL  SIM                MAXIMUM CPS                   CONNECT
 DATE  HOUR USERS USERS            IN         OUT       TOTAL         HOURS
 
 920205  20   349   229        183.65     2957.47     3133.90        219.70
 
 
     MAXIMUM OF CONNECT HOURS
 
 
                   MAX
            TOTAL  SIM                MAXIMUM CPS                   CONNECT
 DATE  HOUR USERS USERS            IN         OUT       TOTAL         HOURS
 
 920205  20   349   229        183.65     2957.47     3133.90        219.70
1
  