1
 
                   MAX
            TOTAL  SIM                MAXIMUM CPS                   CONNECT
 DATE  HOUR USERS USERS            IN         OUT       TOTAL         HOURS
 
 
 920203   1    50    42         16.15      522.63      537.68         39.20
 920203   2    58    43         24.17      655.87      680.03         39.48
 920203   3    60    46         21.95      698.20      718.35         42.48
 920203   4    54    45         32.23      695.37      724.37         41.38
 920203   5    47    40         19.28      391.52      407.68         35.97
 920203   6    42    37         26.27      191.45      217.72         34.70
 920203   7    37    33          8.08       92.27       99.10         30.90
 920203   8    31    30          3.02       81.62       84.63         29.73
 920203   9    31    31          2.85       97.47      100.32         29.58
 920203  10    30    30          1.42       25.53       26.95         29.55
 920203  11    36    32         13.40      150.85      164.25         29.67
 920203  12    53    45         85.48      609.17      633.73         35.80
 920203  13    89    67        173.18     1157.97     1325.52         49.80
 920203  14   192   120        264.52     2880.40     3015.22         88.18
 920203  15   295   148        186.68     3248.03     3384.93        132.53
 920203  16   270   185        218.32     3439.62     3657.93        161.58
 920203  17   290   191        252.08     3656.52     3908.60        178.48
 920203  18   268   176        207.93     3303.63     3506.10        160.72
 920203  19   279   179        173.58     3131.57     3290.05        165.18
 920203  20   266   179        181.03     2830.77     2990.33        169.72
 920203  21   283   179        189.70     3514.35     3692.28        171.43
 920203  22   249   172        185.85     3317.58     3485.10        155.08
 920203  23   162   126        148.18     2152.63     2300.82        102.55
 920203  24    97    85        196.98      967.82     1026.72         69.40
1
 
                   MAX
            TOTAL  SIM                MAXIMUM CPS                   CONNECT
 DATE  HOUR USERS USERS            IN         OUT       TOTAL         HOURS
 
 
 920204   1    89    64        189.85      819.33      996.27         60.63
 920204   2    75    61        185.33      703.82      878.43         54.02
 920204   3    74    54        179.97      768.72      943.92         51.48
 920204   4    65    50        174.70      778.97      953.67         44.67
 920204   5    57    42         21.25      503.57      523.57         36.90
 920204   6    34    32         18.47      360.63      379.10         30.15
 920204   7    31    30          4.72      285.72      290.43         29.22
 920204   8    29    29          4.12      212.08      216.20         29.00
 920204   9    31    29          4.12      308.28      311.37         27.57
 920204  10    30    28          4.20      308.28      311.37         26.55
 920204  11    31    30          4.47      292.67      297.13         27.32
 920204  12    40    35         12.17      635.27      645.20         30.87
 920204  13    98    66         42.12      997.15     1038.85         47.43
 920204  14   185   131        116.48     2150.30     2261.47         95.78
 920204  15   264   171        203.80     2422.20     2562.25        151.03
 920204  16   289   185        220.15     2840.97     3061.12        172.75
 920204  17   294   188        234.17     3223.47     3434.67        176.90
 920204  18   251   184        239.30     3068.08     3307.38        175.17
 920204  19   272   184        266.07     2796.73     3062.80        176.48
 920204  20   269   191        261.83     2928.37     3180.25        183.77
 920204  21   260   180        261.90     2919.18     3179.68        168.58
 920204  22   235   166        198.92     3038.03     3236.95        149.82
 920204  23   142   112        100.57     1486.92     1587.48         85.33
 920204  24    90    69         83.52     1051.47     1134.98         59.68
1
 
                   MAX
            TOTAL  SIM                MAXIMUM CPS                   CONNECT
 DATE  HOUR USERS USERS            IN         OUT       TOTAL         HOURS
 
 
 920205   1    78    59         55.52      758.07      784.08         53.28
 920205   2    92    54         48.12      729.48      766.82         50.72
 920205   3    79    51         49.67      735.87      763.85         48.32
 920205   4    74    47         48.70      922.35      964.38         43.67
 920205   5    43    42         18.23      756.07      774.30         38.32
 920205   6    39    36         11.32      508.00      518.67         34.35
 920205   7    39    35         13.80      468.10      478.83         32.83
 920205   8    32    31         10.17      303.88      312.73         27.92
 920205   9    30    30          6.32       87.22       93.53         29.08
 920205  10    34    31         11.45      180.28      191.73         28.70
 920205  11    35    31          8.68      174.57      183.25         29.23
 920205  12    44    35         14.55      397.40      411.47         32.70
 920205  13   100    55         53.72      960.80     1014.52         38.27
 920205  14   205   137        206.05     2297.08     2503.13         97.62
 920205  15   273   163        205.12     2310.35     2515.47        149.67
 920205  16   261   183        203.92     2778.13     2979.97        173.18
 920205  17   269   192        211.20     2842.80     3054.00        184.43
 920205  18   257   192        204.22     2541.32     2745.53        182.13
 920205  19   310   203        224.72     2895.10     3119.82        193.02
 920205  20   289   214        234.47     2903.38     3103.92        206.78
 920205  21   309   214        230.85     3145.75     3366.62        197.03
 920205  22   275   183        210.87     2724.08     2928.78        161.95
 920205  23   194   136        123.17     2227.77     2349.55        102.13
 920205  24   130    90        108.52     1723.58     1823.58         76.73
1
 
                   MAX
            TOTAL  SIM                MAXIMUM CPS                   CONNECT
 DATE  HOUR USERS USERS            IN         OUT       TOTAL         HOURS
 
 
 920206   1   106    71         99.62     1473.50     1573.12         55.30
 920206   2    87    64         45.57     1223.22     1256.47         60.00
 920206   3    94    60         80.10      934.92      970.88         55.03
 920206   4    95    52         49.37      821.80      871.17         44.72
 920206   5    45    34         27.60      412.73      433.70         31.57
 920206   6    38    31         14.87      367.52      380.60         25.32
 920206   7    23    21          8.12      147.13      155.25         20.45
 920206   8    25    22          9.48      158.52      168.00         21.17
 920206   9    23    22          7.95      191.97      199.92         21.28
 920206  10    20    20          6.90      198.52      205.42         18.07
 920206  11    21    20          5.28      189.07      194.35         17.60
 920206  12    46    33         57.95      760.63      818.58         24.22
 920206  13    88    67         84.45     1537.48     1620.68         52.20
 920206  14   174   113        165.47     2101.52     2263.15         88.68
 920206  15   217   145        257.73     2493.83     2703.32        128.00
 920206  16   257   173        280.42     2931.88     3195.15        159.45
 920206  17   302   184        286.95     3202.23     3485.95        159.60
 920206  18   245   151        252.30     2462.32     2711.63        141.60
 920206  19   235   166        261.73     2512.43     2774.17        156.60
 920206  20   273   185        307.38     3377.73     3685.12        176.03
 920206  21   273   185        326.23     3088.97     3404.07        178.15
 920206  22   259   178        296.73     3011.52     3262.65        164.03
 920206  23   176   132        198.95     2881.78     3064.52        102.65
 920206  24   128    80        113.87     1294.98     1408.85         69.85
1
 
                   MAX
            TOTAL  SIM                MAXIMUM CPS                   CONNECT
 DATE  HOUR USERS USERS            IN         OUT       TOTAL         HOURS
 
 
 920207   1    96    63         72.45     1037.60     1109.57         55.55
 920207   2    79    49        165.95     1030.62     1187.92         43.87
 920207   3    73    49        177.68     1113.50     1280.88         44.20
 920207   4    62    47         64.30     1177.07     1237.18         40.98
 920207   5    40    36         57.92      771.02      828.93         30.37
 920207   6    29    27         38.52      568.33      606.85         25.63
 920207   7    28    25         48.35      446.95      484.22         23.90
 920207   8    26    25         36.57      408.47      445.03         22.97
 920207   9    23    22         36.70      367.57      404.27         19.88
 920207  10    17    17         31.62       48.27       79.88         17.00
 920207  11    19    19         38.27      137.62      175.88         17.90
 920207  12    28    24         44.77      487.08      531.85         19.70
 920207  13    66    55         88.13     1150.68     1238.82         33.85
 920207  14   193   107        390.17     2192.18     2492.73         74.68
 920207  15   222   131        369.07     2544.42     2705.77        116.85
 920207  16   230   159        316.45     2616.90     2808.47        146.20
 920207  17   272   166        332.33     2711.50     2933.23        154.47
 920207  18   222   139        162.68     2113.52     2257.00        132.43
 920207  19   235   144        195.70     2583.37     2774.45        134.68
 920207  20   243   154        178.53     2657.98     2827.70        147.92
 920207  21   260   154        184.05     2605.73     2781.55        143.13
 920207  22   223   140        199.28     2849.57     3048.85        120.42
 920207  23   123    79        108.20     1539.60     1647.80         50.58
 920207  24    53    28         53.83      549.62      602.82         14.15
1     MAXIMUM OF MAXIMUM SIMULTANEOUS USERS
 
 
                   MAX
            TOTAL  SIM                MAXIMUM CPS                   CONNECT
 DATE  HOUR USERS USERS            IN         OUT       TOTAL         HOURS
 
 920205  20   289   214        234.47     2903.38     3103.92        206.78
 
 
     MAXIMUM OF CONNECT HOURS
 
 
                   MAX
            TOTAL  SIM                MAXIMUM CPS                   CONNECT
 DATE  HOUR USERS USERS            IN         OUT       TOTAL         HOURS
 
 920205  20   289   214        234.47     2903.38     3103.92        206.78
1
  