1
 
                   MAX
            TOTAL  SIM                MAXIMUM CPS                   CONNECT
 DATE  HOUR USERS USERS            IN         OUT       TOTAL         HOURS
 
 
 911028   1     5     5          8.30        1.72       10.02          5.00
 911028   2     5     5          8.30        1.72       10.02          5.00
 911028   3     5     5          8.30        1.72       10.02          5.00
 911028   4     5     5          8.30        1.72       10.02          5.00
 911028   5     5     5          8.30        1.72       10.02          5.00
 911028   6     5     5          8.30        1.72       10.02          5.00
 911028   7     5     5          8.30        1.72       10.02          5.00
 911028   8     8     8         16.75        6.05       22.80          6.58
 911028   9     8     8         16.75        6.05       22.80          8.00
 911028  10     8     8         16.75        6.05       22.80          8.00
 911028  11    10     8         16.78        6.05       22.80          7.97
 911028  12     8     8         16.78        5.77       22.55          8.00
 911028  13     8     8         16.78        5.77       22.55          8.00
 911028  14     8     8         16.78        5.77       22.55          8.00
 911028  15     8     8         16.78        5.77       22.55          8.00
 911028  16     8     8         16.78        5.77       22.55          8.00
 911028  17     8     8         16.78        5.77       22.55          8.00
 911028  18     8     8         16.78        5.77       22.55          8.00
 911028  19     8     8         16.78        5.77       22.55          8.00
 911028  20     8     8         16.78        5.77       22.55          8.00
 911028  21    17     8         49.17        7.58       56.75          7.45
 911028  22     8     8         49.17        7.58       56.75          8.00
 911028  23     8     8         49.17        7.58       56.75          8.00
 911028  24     8     8         49.17        7.58       56.75          7.87
1
 
                   MAX
            TOTAL  SIM                MAXIMUM CPS                   CONNECT
 DATE  HOUR USERS USERS            IN         OUT       TOTAL         HOURS
 
 
 911029   1     9     9         49.38        8.45       57.83          8.02
 911029   2     8     8         49.38        5.95       55.33          8.00
 911029   3     8     8         49.38        5.95       55.33          8.00
 911029   4     8     8         49.38        5.95       55.33          8.00
 911029   5     8     8         49.38        5.95       55.33          8.00
 911029   6     8     8         49.38        5.95       55.33          8.00
 911029   7     8     8         49.38        5.95       55.33          8.00
 911029   8     8     8         49.38        5.95       55.33          8.00
 911029   9     8     8         49.38        5.95       55.33          8.00
 911029  10     8     8         49.38        5.95       55.33          8.00
 911029  11     8     8         49.38        5.95       55.33          8.00
 911029  12     8     8         49.38        5.95       55.33          8.00
 911029  13     8     8         49.38        5.95       55.33          8.00
 911029  14     8     8         49.38        5.95       55.33          8.00
 911029  15     8     8         49.38        5.95       55.33          8.00
 911029  16     8     8         49.38        5.95       55.33          8.00
 911029  17     8     8         49.38        5.95       55.33          8.00
 911029  18    10     8         49.70        6.30       56.00          8.00
 911029  19     8     8         49.70        6.30       56.00          8.00
 911029  20    12    10         49.70        6.30       56.00          7.97
 911029  21     8     8         49.38        5.97       55.35          8.00
 911029  22     8     8         49.38        5.97       55.35          8.00
 911029  23     8     8         49.38        5.97       55.35          8.00
 911029  24     8     8         49.38        5.97       55.35          7.87
1
 
                   MAX
            TOTAL  SIM                MAXIMUM CPS                   CONNECT
 DATE  HOUR USERS USERS            IN         OUT       TOTAL         HOURS
 
 
 911030   1     8     8         49.38        5.97       55.35          8.00
 911030   2     8     8         49.38        5.97       55.35          8.00
 911030   3     8     8         49.38        5.97       55.35          8.00
 911030   4     8     8         49.38        5.97       55.35          8.00
 911030   5     8     8         49.38        5.97       55.35          8.00
 911030   6     8     8         49.38        5.97       55.35          8.00
 911030   7     8     8         49.38        5.97       55.35          8.00
 911030   8     8     8         49.38        5.97       55.35          8.00
 911030   9     8     8         49.38        5.97       55.35          8.00
 911030  10     8     8         49.38        5.97       55.35          8.00
 911030  11     8     8         49.38        5.97       55.35          8.00
 911030  12     8     8         49.38        5.97       55.35          8.00
 911030  13     8     8         49.38        5.97       55.35          8.00
 911030  14     8     8         49.38        5.97       55.35          8.00
 911030  15    16     8         54.68       23.87       78.55          7.60
 911030  16    12     8         54.68       23.87       78.55          6.40
 911030  17     4     4          4.57        5.00        9.57          4.00
 911030  18     4     4          4.57        5.00        9.57          4.00
 911030  19     4     4          4.57        5.00        9.57          4.00
 911030  20     4     4          4.57        5.00        9.57          4.00
 911030  21     4     4          4.57        5.00        9.57          3.67
 911030  22     0     0          0.00        0.00        0.00          0.00
 911030  23     0     0          0.00        0.00        0.00          0.00
 911030  24     0     0          0.00        0.00        0.00          0.00
1
 
                   MAX
            TOTAL  SIM                MAXIMUM CPS                   CONNECT
 DATE  HOUR USERS USERS            IN         OUT       TOTAL         HOURS
 
 
 911031   1     0     0          0.00        0.00        0.00          0.00
 911031   2     0     0          0.00        0.00        0.00          0.00
 911031   3     0     0          0.00        0.00        0.00          0.00
 911031   4     0     0          0.00        0.00        0.00          0.00
 911031   5     0     0          0.00        0.00        0.00          0.00
 911031   6     3     3         29.30        2.42       31.72          0.62
 911031   7     3     3         29.30        2.42       31.72          3.00
 911031   8     3     3         29.30        2.42       31.72          3.00
 911031   9     3     3         29.30        2.42       31.72          3.00
 911031  10     3     3         29.30        2.42       31.72          3.00
 911031  11     3     3         29.30        2.42       31.72          3.00
 911031  12     3     3         29.30        2.42       31.72          3.00
 911031  13     3     3         29.30        2.42       31.72          3.00
 911031  14     3     3         29.30        2.42       31.72          3.00
 911031  15     3     3         29.30        2.42       31.72          3.00
 911031  16     3     3         29.30        2.42       31.72          3.00
 911031  17     4     3         29.30        2.42       31.72          0.28
 911031  18     0     0          0.00        0.00        0.00          0.00
 911031  19     0     0          0.00        0.00        0.00          0.00
 911031  20     0     0          0.00        0.00        0.00          0.00
 911031  21     0     0          0.00        0.00        0.00          0.00
 911031  22     0     0          0.00        0.00        0.00          0.00
 911031  23     0     0          0.00        0.00        0.00          0.00
 911031  24     0     0          0.00        0.00        0.00          0.00
1     MAXIMUM OF MAXIMUM SIMULTANEOUS USERS
 
 
                   MAX
            TOTAL  SIM                MAXIMUM CPS                   CONNECT
 DATE  HOUR USERS USERS            IN         OUT       TOTAL         HOURS
 
 911029  20    12    10         49.70        6.30       56.00          7.97
 
 
     MAXIMUM OF CONNECT HOURS
 
 
                   MAX
            TOTAL  SIM                MAXIMUM CPS                   CONNECT
 DATE  HOUR USERS USERS            IN         OUT       TOTAL         HOURS
 
 911029   1     9     9         49.38        8.45       57.83          8.02
1
