1
 
                   MAX
            TOTAL  SIM                MAXIMUM CPS                   CONNECT
 DATE  HOUR USERS USERS            IN         OUT       TOTAL         HOURS
 
 
 911122   1     3     3          0.33      112.85      113.18          2.35
 911122   2     2     2          0.05       50.08       50.13          2.00
 911122   3     5     2         24.38       50.08       55.40          1.83
 911122   4     4     2         24.38       31.02       55.40          1.98
 911122   5     2     2          0.52        8.30        8.82          1.73
 911122   6     6     2          0.05        4.65        4.65          1.13
 911122   7     8     3          0.25        4.22        4.47          1.98
 911122   8     2     2          0.03        3.45        3.48          1.82
 911122   9     1     1          0.00        0.00        0.00          1.00
 911122  10     2     2          0.03        9.82        9.85          1.43
 911122  11     3     3          0.48        8.32        8.80          1.97
 911122  12     6     4          0.32       73.05       73.15          2.87
 911122  13     8     4          1.13       74.15       74.87          3.53
 911122  14    17    10          1.87      239.90      241.73          6.97
 911122  15    28    11          2.77      314.08      314.77          7.70
 911122  16    22    10          2.30      239.98      241.32          7.37
 911122  17    13     8          1.72      219.42      221.13          5.67
 911122  18     6     5          0.83      128.20      129.03          3.33
 911122  19    12     7          2.02      265.98      268.00          5.17
 911122  20    19    10          4.05      180.48      183.52          4.55
 911122  21    24     9          2.35      221.45      223.13          4.67
 911122  22    14     7          1.20      172.82      173.92          4.47
 911122  23     6     4          1.07       96.30       97.37          2.27
 911122  24     4     3          0.42       38.33       38.75          1.38
1
 
                   MAX
            TOTAL  SIM                MAXIMUM CPS                   CONNECT
 DATE  HOUR USERS USERS            IN         OUT       TOTAL         HOURS
 
 
 911123   1     4     3          0.42       66.52       66.62          2.27
 911123   2     2     2          0.02       33.47       33.48          2.00
 911123   3     3     2          1.05       33.47       33.48          1.13
 911123   4     1     1          0.00        0.00        0.00          1.00
 911123   5     1     1          0.00        0.00        0.00          1.00
 911123   6     1     1          0.00        0.00        0.00          1.00
 911123   7     1     1          0.00        0.00        0.00          1.00
 911123   8     1     1          0.00        0.00        0.00          1.00
 911123   9     1     1          0.00        0.00        0.00          1.00
 911123  10     1     1          0.00        0.00        0.00          1.00
 911123  11     1     1          0.00        0.00        0.00          1.00
 911123  12     3     3          0.48       38.58       39.07          1.33
 911123  13     1     1          0.00        0.00        0.00          1.00
 911123  14     1     1          0.00        0.00        0.00          1.00
 911123  15     1     1          0.00        0.00        0.00          1.00
 911123  16     1     1          0.00        0.00        0.00          1.00
 911123  17     3     3          0.27       14.32       14.58          1.52
 911123  18     1     1          0.00        0.00        0.00          1.00
 911123  19     1     1          0.00        0.00        0.00          1.00
 911123  20     1     1          0.00        0.00        0.00          1.00
 911123  21     1     1          0.00        0.00        0.00          1.00
 911123  22     1     1          0.00        0.00        0.00          1.00
 911123  23     1     1          0.00        0.00        0.00          1.00
 911123  24     1     1          0.00        0.00        0.00          0.98
1
 
                   MAX
            TOTAL  SIM                MAXIMUM CPS                   CONNECT
 DATE  HOUR USERS USERS            IN         OUT       TOTAL         HOURS
 
 
 911124   1     1     1          0.00        0.00        0.00          1.00
 911124   2     1     1          0.00        0.00        0.00          1.00
 911124   3     1     1          0.00        0.00        0.00          1.00
 911124   4     1     1          0.00        0.00        0.00          1.00
 911124   5     1     1          0.00        0.00        0.00          1.00
 911124   6     1     1          0.00        0.00        0.00          1.00
 911124   7     1     1          0.00        0.00        0.00          1.00
 911124   8     1     1          0.00        0.00        0.00          1.00
 911124   9     1     1          0.00        0.00        0.00          1.00
 911124  10     1     1          0.00        0.00        0.00          1.00
 911124  11     1     1          0.00        0.00        0.00          1.00
 911124  12     1     1          0.00        0.00        0.00          1.00
 911124  13     1     1          0.00        0.00        0.00          1.00
 911124  14     1     1          0.00        0.00        0.00          1.00
 911124  15     1     1          0.00        0.00        0.00          1.00
 911124  16     2     2          0.27       47.98       48.25          1.28
 911124  17     1     1          0.00        0.00        0.00          1.00
 911124  18     1     1          0.00        0.00        0.00          1.00
 911124  19     5     3          0.52       45.30       45.63          1.48
 911124  20     3     2          0.37       60.12       60.27          1.80
 911124  21     2     2          0.30        0.42        0.72          1.03
 911124  22     2     2          1.30       20.07       21.37          1.02
 911124  23     3     2          1.83       20.07       21.37          1.05
 911124  24     4     2          0.50       15.37       15.87          1.33
1
 
                   MAX
            TOTAL  SIM                MAXIMUM CPS                   CONNECT
 DATE  HOUR USERS USERS            IN         OUT       TOTAL         HOURS
 
 
 911125   1     3     2          0.20       18.33       18.42          1.97
 911125   2     2     2          0.08       18.33       18.42          2.00
 911125   3     2     2          0.08       18.33       18.42          1.35
 911125   4     1     1          0.00        0.00        0.00          1.00
 911125   5     1     1          0.00        0.00        0.00          1.00
 911125   6     1     1          0.00        0.00        0.00          1.00
 911125   7     1     1          0.00        0.00        0.00          1.00
 911125   8     1     1          0.00        0.00        0.00          1.00
 911125   9     1     1          0.00        0.00        0.00          1.00
 911125  10     1     1          0.00        0.00        0.00          1.00
 911125  11     2     2          0.00       15.57       15.57          1.10
 911125  12     7     5          1.15      101.32      102.47          3.45
 911125  13    10     6          1.77      256.73      258.50          2.92
 911125  14    17     5          1.63      240.88      241.83          2.93
 911125  15    24    10          2.72      354.88      357.42          5.40
 911125  16    25    11          3.38      327.33      330.43          6.93
 911125  17    22     7          2.88      220.60      223.48          4.80
 911125  18    19     8          2.67      314.53      317.20          5.87
 911125  19   101    17          3.22      207.07      209.13          6.33
 911125  20    41    10          2.90      347.42      347.78          5.88
 911125  21    19     8          1.92      294.92      296.83          5.12
 911125  22     4     3          0.40       97.75       98.12          2.02
 911125  23     3     1          0.22       44.95       45.05          0.75
 911125  24     1     1          0.77       29.62       30.38          0.10
1     MAXIMUM OF MAXIMUM SIMULTANEOUS USERS
 
 
                   MAX
            TOTAL  SIM                MAXIMUM CPS                   CONNECT
 DATE  HOUR USERS USERS            IN         OUT       TOTAL         HOURS
 
 911125  19   101    17          3.22      207.07      209.13          6.33
 
 
     MAXIMUM OF CONNECT HOURS
 
 
                   MAX
            TOTAL  SIM                MAXIMUM CPS                   CONNECT
 DATE  HOUR USERS USERS            IN         OUT       TOTAL         HOURS
 
 911122  15    28    11          2.77      314.08      314.77          7.70
1
