1
 
                   MAX
            TOTAL  SIM                MAXIMUM CPS                   CONNECT
 DATE  HOUR USERS USERS            IN         OUT       TOTAL         HOURS
 
 
 900914   1    40    22          8.50      707.58      713.43         15.82
 900914   2    25    14         71.33      433.50      434.88          6.17
 900914   3    10     7         41.43       97.85      139.28          6.25
 900914   4     7     7         72.05      100.60      172.65          4.85
 900914   5     3     3          0.22       22.25       22.47          2.32
 900914   6     4     4          0.87       18.57       19.43          2.40
 900914   7     2     2          0.00        0.10        0.10          2.00
 900914   8     3     3         33.12        4.27       37.38          2.07
 900914   9     2     2          0.00        0.10        0.10          2.00
 900914  10     6     4          0.53       40.30       40.83          3.18
 900914  11    12     7         25.35      184.90      187.37          4.72
 900914  12    41    19         36.88      470.98      507.10         11.82
 900914  13   114    54         76.45     1488.68     1517.85         34.20
 900914  14   198    79        119.15     1671.83     1766.45         63.00
 900914  15   217    82        119.07     2063.92     2101.47         68.08
 900914  16   211    83         67.03     2135.35     2180.12         73.05
 900914  17   176    80        140.47     2183.52     2274.88         64.40
 900914  18   176    65        198.38     1514.92     1544.75         55.07
 900914  19   201    82        128.98     1636.27     1700.22         70.13
 900914  20   204    89        342.23     1584.78     1787.95         72.68
 900914  21   245    86        186.80     1727.87     1781.02         77.23
 900914  22   146    67         79.18     1479.42     1517.85         47.33
 900914  23    84    45         62.35     1111.00     1169.55         29.62
 900914  24    23    21          9.25      273.28      282.53         15.08
1
 
                   MAX
            TOTAL  SIM                MAXIMUM CPS                   CONNECT
 DATE  HOUR USERS USERS            IN         OUT       TOTAL         HOURS
 
 
 900915   1    24    12         47.18      206.83      251.92          9.92
 900915   2    14     8         61.82      117.25      119.07          4.75
 900915   3     5     5          0.62       17.62       18.23          3.20
 900915   4     7     5         33.97       32.30       66.27          3.12
 900915   5     6     5          2.25       46.48       48.73          3.57
 900915   6     6     5          1.98       59.93       61.92          3.88
 900915   7     5     4          1.13       32.25       33.38          2.98
 900915   8     3     3         30.92        4.22       35.13          2.05
 900915   9     3     3         11.23        7.98       19.22          2.03
 900915  10     3     3          0.52       10.58       11.10          2.65
 900915  11     4     4         31.43       14.73       46.17          3.05
 900915  12     8     5         66.75       20.42       85.67          3.52
 900915  13    11     5         31.48       28.07       56.05          4.30
 900915  14     8     5         23.40       58.92       82.32          3.52
 900915  15    14     9         76.50      167.38      198.95          7.80
 900915  16    21     9         31.48      237.48      239.20          6.63
 900915  17    29    10         54.40      208.40      210.32          5.42
 900915  18    22    10         56.07      138.80      194.87          7.50
 900915  19    14     9         25.00      107.63      130.07          6.92
 900915  20    25    15         76.08      177.25      253.33         11.18
 900915  21    40    15         73.63      114.77      188.40          5.77
 900915  22    13     6          4.40       19.32       23.72          1.52
 900915  23     1     1          0.00        0.07        0.07          1.00
 900915  24     1     1          0.00        0.07        0.07          0.98
1
 
                   MAX
            TOTAL  SIM                MAXIMUM CPS                   CONNECT
 DATE  HOUR USERS USERS            IN         OUT       TOTAL         HOURS
 
 
 900916   1     1     1          0.00        0.07        0.07          1.00
 900916   2     1     1          0.00        0.07        0.07          1.00
 900916   3     1     1          0.00        0.07        0.07          1.00
 900916   4     1     1          0.00        0.07        0.07          1.00
 900916   5     1     1          0.00        0.07        0.07          1.00
 900916   6     1     1          0.00        0.07        0.07          1.00
 900916   7     1     1          0.00        0.07        0.07          1.00
 900916   8     1     1          0.00        0.07        0.07          1.00
 900916   9     2     2          0.00        0.07        0.07          1.02
 900916  10     1     1          0.00        0.07        0.07          1.00
 900916  11     1     1          0.00        0.07        0.07          1.00
 900916  12     1     1          0.00        0.07        0.07          1.00
 900916  13     1     1          0.00        0.07        0.07          1.00
 900916  14     1     1          0.00        0.07        0.07          1.00
 900916  15     1     1          0.00        0.07        0.07          1.00
 900916  16     1     1          0.00        0.07        0.07          1.00
 900916  17     3     2          0.98        2.25        3.23          1.08
 900916  18     1     1          0.00        0.07        0.07          1.00
 900916  19     5     3          0.62        4.13        4.62          1.50
 900916  20     2     2          0.05        2.23        2.28          1.03
 900916  21     1     1          0.00        0.07        0.07          1.00
 900916  22     3     2          1.88        1.78        3.50          1.07
 900916  23     3     3          0.43        6.10        6.53          1.10
 900916  24     1     1          0.00        0.07        0.07          0.98
1
 
                   MAX
            TOTAL  SIM                MAXIMUM CPS                   CONNECT
 DATE  HOUR USERS USERS            IN         OUT       TOTAL         HOURS
 
 
 900917   1     4     4          0.57       38.27       38.83          1.48
 900917   2     4     2          0.23       55.68       55.88          1.78
 900917   3     1     1          0.00        0.07        0.07          1.00
 900917   4     6     4          1.12      107.07      108.18          2.77
 900917   5    15    10          3.35       69.23       70.67          3.70
 900917   6     5     3          2.70       21.55       22.93          2.35
 900917   7     3     3          1.13       10.23       11.37          2.02
 900917   8     5     3          1.62       10.83       12.45          2.03
 900917   9     3     3          1.42       67.38       68.80          2.33
 900917  10     8     3          1.42       67.38       68.80          2.02
 900917  11     8     4          0.77      134.32      134.45          2.40
 900917  12    31    13          4.50      440.10      443.68          7.32
 900917  13   104    34          6.92     1467.13     1473.53         20.85
 900917  14   201    48         10.87     2144.52     2155.17         34.42
 900917  15   150    55         12.52     1791.03     1801.18         42.90
 900917  16   143    56         15.15     1684.65     1696.80         48.38
 900917  17   131    58         14.47     1783.32     1795.58         49.88
 900917  18   147    67         12.03     1758.43     1764.77         53.60
 900917  19   243    78         14.00     1646.30     1660.30         62.10
 900917  20   486    82         16.45     1450.62     1466.33         61.57
 900917  21   437    72         13.92     1618.22     1632.10         60.55
 900917  22   314    59         11.50     1095.33     1104.88         41.13
 900917  23   221    39          6.18      813.02      818.82         29.55
 900917  24   126    31         10.82      503.98      508.77         25.50
1
 
                   MAX
            TOTAL  SIM                MAXIMUM CPS                   CONNECT
 DATE  HOUR USERS USERS            IN         OUT       TOTAL         HOURS
 
 
 900918   1    46    19          4.12      264.80      267.92         13.70
 900918   2    25    11         22.40      128.15      130.02          4.17
 900918   3     5     5         31.97       29.62       61.58          2.10
 900918   4    29    11         36.18       85.85       89.37          3.27
 900918   5     6     3          2.92       39.85       42.50          2.45
 900918   6    16    11          2.05       49.68       50.60          2.38
 900918   7     4     4          2.90       73.73       76.63          2.28
 900918   8     3     3         31.73       36.63       68.37          2.05
 900918   9     2     2          0.82       32.48       33.30          2.00
 900918  10     3     3          0.90       50.75       51.65          2.85
 900918  11    13     5         25.20      175.97      178.55          2.97
 900918  12    58    15         40.68      652.10      659.83          9.35
 900918  13   247    46         41.08     1267.42     1308.50         30.47
 900918  14   547    70         15.32     2170.82     2184.23         54.58
 900918  15   317    68         27.98     1778.08     1790.97         50.40
 900918  16   357    56         18.28     1684.27     1693.35         49.65
 900918  17    37    37          4.77      677.83      682.60         25.90
 900918  18   202    71         73.48     1489.72     1547.50         46.85
 900918  19   266    97        133.37     1593.07     1655.53         85.48
 900918  20   297   103        327.43     1786.57     2056.85         90.45
 900918  21   221   100        205.38     2088.18     2237.70         79.90
 900918  22   167    51        106.13      828.38      922.00         34.82
 900918  23    80    36         83.22      748.18      806.87         27.02
 900918  24    35    21         96.73      575.70      672.43         13.03
1     MAXIMUM OF MAXIMUM SIMULTANEOUS USERS
 
 
                   MAX
            TOTAL  SIM                MAXIMUM CPS                   CONNECT
 DATE  HOUR USERS USERS            IN         OUT       TOTAL         HOURS
 
 900918  20   297   103        327.43     1786.57     2056.85         90.45
 
 
     MAXIMUM OF CONNECT HOURS
 
 
                   MAX
            TOTAL  SIM                MAXIMUM CPS                   CONNECT
 DATE  HOUR USERS USERS            IN         OUT       TOTAL         HOURS
 
 900918  20   297   103        327.43     1786.57     2056.85         90.45
1
  