12075271122514144 7476  013133  0920110 949         177         165          342920110 949      0 3 0204664MAD0001                  16580  7103106013133000011   035317353440    00      27      0              0          
12169481265015248 7476  013133  09201101030       12610       90845       1034559201101119     49 3 0204674MAD0006                  16687 35103106013133000011   037808407520    00    2944      0              0          
12184691107414648 7476  013133  09201101036        3133         175         33089201101037      1 3 0204664MAD0001                  16409  6103106013133000011   038165382130    00      48      0              0          
12892981122514212 7476  013133  09201101316          15          50           659201101317      1 3 0204664MAD0001                  16580 17103106013133000011   047767478070    00      40      0              0          
12914461122514344 7476  013133  09201101318        4268      166136       1704049201101351     33 3 0204664MAD0001                  16580  5103106013133000011   047901498800    00    1979      0              0          
1398713 543214744 7476  013133  09201101456          69           8           779201101456      0 3 0204664MAD0001                  14536  3       0       011   053766537840    00      18      0              0          
1209300112251454412744  0 8559  0920110 957        2854       93900        967549201101018     21 3 0204664MAD0001                  16580  4103106008559000011   035822370700    00    1248      0              0          
1217962110741474812744  0 8559  09201101034        1228         181         14099201101035      1 3 0204664MAD0001                  16409  2103106008559000011   038046381280    00      82      0              0          
1249034112251431212744  0 8559  09201101215          15          32           479201101216      1 3 0204664MAD0001                  16580  5103106008559000011   044111441890    00      78      0              0          
1288220 54321461212744  0 8559  09201101315        2479        2533         50129201101316      1 3 0204664MAD0001                  14536  5103106008559000011   047696477310    00      35      0              0          
1290331112231441212744  0 8559  09201101317          15          32           479201101318      1 3 0204664MAD0001                  16504 17103106008559000011   047832478660    00      34      0              0          
1291309112231411212744  0 8559  09201101318          14          50           649201101318      0 3 0204664MAD0001                  16504  0103106008559000011   047893479090    00      16      0              0          
1322603112231411212744  0 8559  09201101350          29          68           979201101419     28 3 0204664MAD0001                  16504  2103106008559000011   049826515200    00    1694      0              0          
1340555112231504412744  0 8559  09201101407        5823      229179       2350029201101451     44 3 0204664MAD0001                  16504  0103106008559000011   050822534520    00    2630      0              0          
1400810 54321424412744  0 8559  09201101458          74          38          1129201101458      0 3 0204664MAD0001                  14536  7103106008559000011   053866538760    00      10      0              0          
1425096 54321424412744  0 8559  09201101516          71          38          1099201101516      0 3 0204664MAD0001                  14536 12103106008559000011   054933549430    00      10      0              0          
1428027 54321414412744  0 8559  09201101518          75          44          1199201101518      0 3 0204664MAD0001                  14536 14103106008559000011   055058550690    00      11      0              0          
1435274112231454412744  0 8559  09201101523         516        1168         16849201101524      1 3 0204664MAD0001                  16504 10103106008559000011   055381554330    00      52      0              0          
1439038 54321464412744  0 8559  09201101526       14802      213070       2278729201101619     53 3 0204664MAD0001                  14536 12103106008559000011   055543587150    00    3172      0              0          
1452164 54321471212744  0 8559  09201101536          20          68           889201101536      1 3 0204664MAD0001                  14536  5103106008559000011   056143561760    00      33      0              0          
1453747 54321471212744  0 8559  09201101537          15          50           659201101537      0 3 0204664MAD0001                  14536 15103106008559000011   056215562270    00      12      0              0          
1454768 54321501212744  0 8559  09201101538          25          57           829201101538      0 3 0204664MAD0001                  14536  7103106008559000011   056262562860    00      24      0              0          
1455865 54321471212744  0 8559  09201101539          20          50           709201101539      0 3 0204664MAD0001                  14536 17103106008559000011   056312563260    00      14      0              0          
1456718112231511212744  0 8559  09201101539          23          50           739201101539      0 3 0204664MAD0001                  16504 10103106008559000011   056350563690    00      19      0              0          
1457643130231451212744  0 8559  09201101540          26          58           849201101540      0 3 0204664MAD0001                  14537  3103106008559000011   056391564090    00      18      0              0          
1458643 54321471212744  0 8559  09201101541          20          50           709201101541      0 3 0204664MAD0001                  14536  5103106008559000011   056433564460    00      13      0              0          
1459459 54321471212744  0 8559  09201101541          15          50           659201101541      0 3 0204664MAD0001                  14536 16103106008559000011   056471564820    00      11      0              0          
1460562 54321471212744  0 8559  09201101542          21          55           769201101542      0 3 0204664MAD0001                  14536  7103106008559000011   056522565380    00      16      0              0          
1461476112251441212744  0 8559  09201101543          15          50           659201101543      0 3 0204664MAD0001                  16580  5103106008559000011   056562565730    00      11      0              0          
1462472112231521212744  0 8559  09201101543          20          50           709201101544      0 3 0204664MAD0001                  16504 10103106008559000011   056603566310    00      28      0              0          
1463906130231451212744  0 8559  09201101545          19          50           699201101545      1 3 0204664MAD0001                  14537  3103106008559000011   056670567070    00      37      0              0          
1465276 54321471212744  0 8559  09201101546          15          50           659201101546      0 3 0204664MAD0001                  14536  5103106008559000011   056731567410    00      10      0              0          
1466166 54321471212744  0 8559  09201101546          35          62           979201101547      0 3 0204664MAD0001                  14536 15103106008559000011   056772567930    00      21      0              0          
1467339 54321511212744  0 8559  09201101547        2479        2533         50129201101548      1 3 0204664MAD0001                  14536 17103106008559000011   056826568620    00      36      0              0          
1468689112231471212744  0 8559  09201101548          27          50           779201101549      1 3 0204664MAD0001                  16504  0103106008559000011   056887569170    00      30      0              0          
1494121112231441212744  0 8559  09201101607          15          50           659201101607      0 3 0204664MAD0001                  16504 12103106008559000011   057998580080    00      10      0              0          
1494848112251421212744  0 8559  09201101607          15          50           659201101607      0 3 0204664MAD0001                  16580 15103106008559000011   058031580420    00      11      0              0          
1495767 54321511212744  0 8559  09201101608          15          50           659201101608      0 3 0204664MAD0001                  14536  5103106008559000011   058068580860    00      18      0              0          
1496764 54321471212744  0 8559  09201101609          61          80          1419201101609      1 3 0204664MAD0001                  14536 15103106008559000011   058114581640    00      50      0              0          
1498955112231441212744  0 8559  09201101610          41          68          1099201101612      2 3 0204664MAD0001                  16504  2103106008559000011   058206582980    00      92      0              0          
1508184112251451212744  0 8559  09201101617          15          50           659201101617      0 3 0204664MAD0001                  16580  6103106008559000011   058597586090    00      12      0              0          
1510128112251411212744  0 8559  09201101618          25          76          1019201101618      0 3 0204664MAD0001                  16580 14103106008559000011   058678587010    00      23      0              0          
1512392 54321431212744  0 8559  09201101620          15          50           659201101620      0 3 0204664MAD0001                  14536  5103106008559000011   058771587880    00      17      0              0          
1513652112231451212744  0 8559  09201101620        2477        2562         50399201101622      1 3 0204664MAD0001                  16504  2103106008559000011   058828588920    00      64      0              0          
1515636 54321451212744  0 8559  09201101622          22          50           729201101622      0 3 0204664MAD0001                  14536 17103106008559000011   058916589370    00      21      0              0          
1785111 54321424412744  0 8559  09201101954        8338       60300        686389201102011     17 3 0204664MAD0001                  14536 15103106008559000011   071645726500    00    1005      0              0          
    