1
 
                   MAX
            TOTAL  SIM                MAXIMUM CPS                   CONNECT
 DATE  HOUR USERS USERS            IN         OUT       TOTAL         HOURS
 
 
 951120   1     0     0          0.00        0.00        0.00          0.00
 951120   2     0     0          0.00        0.00        0.00          0.00
 951120   3     0     0          0.00        0.00        0.00          0.00
 951120   4     0     0          0.00        0.00        0.00          0.00
 951120   5     0     0          0.00        0.00        0.00          0.00
 951120   6     0     0          0.00        0.00        0.00          0.00
 951120   7     0     0          0.00        0.00        0.00          0.00
 951120   8     0     0          0.00        0.00        0.00          0.00
 951120   9     0     0          0.00        0.00        0.00          0.00
 951120  10     0     0          0.00        0.00        0.00          0.00
 951120  11     0     0          0.00        0.00        0.00          0.00
 951120  12     0     0          0.00        0.00        0.00          0.00
 951120  13     3     2          4.28      161.62      165.90          0.93
 951120  14    28    13         29.33      821.90      851.23         10.13
 951120  15    20    13          8.52      217.90      226.42         11.75
 951120  16    35    29         28.68      809.00      837.68         13.47
 951120  17    76    43         38.08      929.72      967.80         35.10
 951120  18    61    50         23.88      564.43      587.12         45.92
 951120  19    81    56         33.60      837.80      869.45         51.95
 951120  20    85    58         35.83      806.65      838.63         55.82
 951120  21    74    64         44.92      899.95      931.10         59.92
 951120  22    90    67         45.75     1053.85     1099.60         62.32
 951120  23    77    63         35.72      914.22      949.93         59.20
 951120  24    59    54         19.62      464.33      483.55         47.97
1
 
                   MAX
            TOTAL  SIM                MAXIMUM CPS                   CONNECT
 DATE  HOUR USERS USERS            IN         OUT       TOTAL         HOURS
 
 
 951121   1    56    46         25.73      601.38      626.68         38.32
 951121   2    35    28         17.97      351.75      369.72         16.40
 951121   3     8     8          3.80       84.83       88.63          5.65
 951121   4     4     3          1.18       29.25       30.43          2.40
 951121   5     2     2          0.30       10.87       11.17          1.23
 951121   6     1     1          0.00        0.40        0.40          1.00
 951121   7     1     1          0.00        0.40        0.40          1.00
 951121   8     1     1          0.00        0.40        0.40          1.00
 951121   9     1     1          0.00        0.40        0.40          1.00
 951121  10     1     1          0.00        0.40        0.40          1.00
 951121  11     1     1          0.00        0.40        0.40          1.00
 951121  12     1     1          0.00        0.40        0.40          1.00
 951121  13     7     5          6.08      111.45      114.28          2.32
 951121  14    26    14         13.67      464.92      478.58          9.90
 951121  15    31    21         28.10     1001.10     1029.20         18.50
 951121  16    45    33         22.93      535.45      558.38         25.28
 951121  17    66    51         42.10      915.25      957.35         41.00
 951121  18    73    53         48.38      918.48      965.20         48.85
 951121  19    74    58         38.60      699.25      736.72         53.77
 951121  20    85    64         46.35      833.78      880.13         59.90
 951121  21    80    63         46.17      881.10      927.27         60.02
 951121  22    85    63         53.72     1261.98     1315.70         57.50
 951121  23    66    58         52.73      736.43      780.68         53.55
 951121  24    55    46         49.70      598.68      648.38         38.83
1
 
                   MAX
            TOTAL  SIM                MAXIMUM CPS                   CONNECT
 DATE  HOUR USERS USERS            IN         OUT       TOTAL         HOURS
 
 
 951122   1    44    37         45.72      850.12      895.83         31.02
 951122   2    24    22         18.77      220.68      239.45         12.33
 951122   3     7     6          3.15      126.10      128.67          0.92
 951122   4     1     1          2.57      126.10      128.67          0.53
 951122   5     0     0          0.00        0.00        0.00          0.00
 951122   6     0     0          0.00        0.00        0.00          0.00
 951122   7     0     0          0.00        0.00        0.00          0.00
 951122   8     0     0          0.00        0.00        0.00          0.00
 951122   9     0     0          0.00        0.00        0.00          0.00
 951122  10     0     0          0.00        0.00        0.00          0.00
 951122  11     0     0          0.00        0.00        0.00          0.00
 951122  12     1     1          0.25        5.60        5.85          0.07
 951122  13     3     3          6.70      176.02      182.72          0.65
 951122  14    20     9         19.15      546.27      559.53          5.90
 951122  15    22    11         15.98      577.83      592.82          8.57
 951122  16    27    20         29.00      976.35     1005.35         11.45
 951122  17    47    34         35.55      645.50      681.05         27.03
 951122  18    52    37         30.25      648.62      678.87         31.55
 951122  19    57    48         41.50     1431.77     1473.27         41.07
 951122  20    63    47         49.50     2058.75     2108.25         44.28
 951122  21    61    50         45.38     1135.00     1179.23         45.37
 951122  22    57    45         35.85      692.70      725.27         41.80
 951122  23    53    44         29.87      688.20      718.07         36.77
 951122  24    32    30         25.85      527.70      553.55         26.12
1
 
                   MAX
            TOTAL  SIM                MAXIMUM CPS                   CONNECT
 DATE  HOUR USERS USERS            IN         OUT       TOTAL         HOURS
 
 
 951123   1    24    24         17.95      336.10      354.05         18.80
 951123   2    12    12         11.80      169.83      181.63          5.58
 951123   3     3     3          7.97      104.42      112.38          1.63
 951123   4     1     1          3.78       77.63       81.42          0.53
 951123   5     0     0          0.00        0.00        0.00          0.00
 951123   6     0     0          0.00        0.00        0.00          0.00
 951123   7     0     0          0.00        0.00        0.00          0.00
 951123   8     1     1          3.48       47.47       50.95          0.02
 951123   9     1     1          9.70       62.53       72.23          0.60
 951123  10     2     1          4.65      188.40      192.17          0.65
 951123  11     0     0          0.00        0.00        0.00          0.00
 951123  12     0     0          0.00        0.00        0.00          0.00
 951123  13     0     0          0.00        0.00        0.00          0.00
 951123  14     0     0          0.00        0.00        0.00          0.00
 951123  15     0     0          0.00        0.00        0.00          0.00
 951123  16     0     0          0.00        0.00        0.00          0.00
 951123  17     0     0          0.00        0.00        0.00          0.00
 951123  18     1     1          8.70       42.25       50.95          0.07
 951123  19     0     0          0.00        0.00        0.00          0.00
 951123  20     0     0          0.00        0.00        0.00          0.00
 951123  21     0     0          0.00        0.00        0.00          0.00
 951123  22     0     0          0.00        0.00        0.00          0.00
 951123  23     0     0          0.00        0.00        0.00          0.00
 951123  24     0     0          0.00        0.00        0.00          0.00
1
 
                   MAX
            TOTAL  SIM                MAXIMUM CPS                   CONNECT
 DATE  HOUR USERS USERS            IN         OUT       TOTAL         HOURS
 
 
 951124   1     0     0          0.00        0.00        0.00          0.00
 951124   2     0     0          0.00        0.00        0.00          0.00
 951124   3     1     1          4.30      176.13      180.43          0.08
 951124   4     0     0          0.00        0.00        0.00          0.00
 951124   5     0     0          0.00        0.00        0.00          0.00
 951124   6     0     0          0.00        0.00        0.00          0.00
 951124   7     0     0          0.00        0.00        0.00          0.00
 951124   8     0     0          0.00        0.00        0.00          0.00
 951124   9     0     0          0.00        0.00        0.00          0.00
 951124  10     0     0          0.00        0.00        0.00          0.00
 951124  11     0     0          0.00        0.00        0.00          0.00
 951124  12     0     0          0.00        0.00        0.00          0.00
 951124  13     0     0          0.00        0.00        0.00          0.00
 951124  14     0     0          0.00        0.00        0.00          0.00
 951124  15     0     0          0.00        0.00        0.00          0.00
 951124  16     0     0          0.00        0.00        0.00          0.00
 951124  17     0     0          0.00        0.00        0.00          0.00
 951124  18     0     0          0.00        0.00        0.00          0.00
 951124  19     0     0          0.00        0.00        0.00          0.00
 951124  20     0     0          0.00        0.00        0.00          0.00
 951124  21     0     0          0.00        0.00        0.00          0.00
 951124  22     0     0          0.00        0.00        0.00          0.00
 951124  23     0     0          0.00        0.00        0.00          0.00
 951124  24     0     0          0.00        0.00        0.00          0.00
1     MAXIMUM OF MAXIMUM SIMULTANEOUS USERS
 
 
                   MAX
            TOTAL  SIM                MAXIMUM CPS                   CONNECT
 DATE  HOUR USERS USERS            IN         OUT       TOTAL         HOURS
 
 951120  22    90    67         45.75     1053.85     1099.60         62.32
 
 
     MAXIMUM OF CONNECT HOURS
 
 
                   MAX
            TOTAL  SIM                MAXIMUM CPS                   CONNECT
 DATE  HOUR USERS USERS            IN         OUT       TOTAL         HOURS
 
 951120  22    90    67         45.75     1053.85     1099.60         62.32
1
  