1
 
                   MAX
            TOTAL  SIM                MAXIMUM CPS                   CONNECT
 DATE  HOUR USERS USERS            IN         OUT       TOTAL         HOURS
 
 
 950904   1     0     0          0.00        0.00        0.00          0.00
 950904   2     0     0          0.00        0.00        0.00          0.00
 950904   3     0     0          0.00        0.00        0.00          0.00
 950904   4     0     0          0.00        0.00        0.00          0.00
 950904   5     0     0          0.00        0.00        0.00          0.00
 950904   6     0     0          0.00        0.00        0.00          0.00
 950904   7     0     0          0.00        0.00        0.00          0.00
 950904   8     1     1          1.07      220.95      222.02          0.03
 950904   9     0     0          0.00        0.00        0.00          0.00
 950904  10     1     1          0.63      160.30      160.93          0.03
 950904  11    11     2          2.13      228.15      229.32          0.33
 950904  12    17     2          1.73      234.65      235.83          0.57
 950904  13     9     2          1.35      290.75      292.10          0.33
 950904  14     4     1          0.72       96.45       97.17          0.12
 950904  15     1     1          2.10      128.53      130.63          0.05
 950904  16     2     1          0.73       81.28       82.02          0.05
 950904  17     0     0          0.00        0.00        0.00          0.00
 950904  18     0     0          0.00        0.00        0.00          0.00
 950904  19     1     1          0.63       22.48       23.12          0.03
 950904  20     0     0          0.00        0.00        0.00          0.00
 950904  21     2     1          1.08       23.47       24.55          0.05
 950904  22     0     0          0.00        0.00        0.00          0.00
 950904  23     0     0          0.00        0.00        0.00          0.00
 950904  24     0     0          0.00        0.00        0.00          0.00
1
 
                   MAX
            TOTAL  SIM                MAXIMUM CPS                   CONNECT
 DATE  HOUR USERS USERS            IN         OUT       TOTAL         HOURS
 
 
 950905   1     2     1          3.22       59.35       60.10          0.07
 950905   2     0     0          0.00        0.00        0.00          0.00
 950905   3     0     0          0.00        0.00        0.00          0.00
 950905   4     0     0          0.00        0.00        0.00          0.00
 950905   5     0     0          0.00        0.00        0.00          0.00
 950905   6     0     0          0.00        0.00        0.00          0.00
 950905   7     0     0          0.00        0.00        0.00          0.00
 950905   8     1     1          1.07      216.00      217.07          0.05
 950905   9     0     0          0.00        0.00        0.00          0.00
 950905  10     2     1          0.73      128.63      129.25          0.05
 950905  11    17     4          3.83      810.73      812.00          0.72
 950905  12    62     7          9.43      873.70      877.10          3.07
 950905  13    95     9          6.35     1615.88     1619.83          4.87
 950905  14   154    19         11.40     1705.72     1709.90          7.65
 950905  15   192    16         15.82     2013.30     2017.98          8.50
 950905  16    87     9          9.72     1354.88     1359.25          4.78
 950905  17    70     8          9.60      710.73      715.82          4.42
 950905  18    74     6          9.48      715.97      719.02          3.42
 950905  19    93     8          9.48      760.95      765.98          5.28
 950905  20    71     9         29.10      679.40      706.43          4.70
 950905  21    69     8          7.40     1016.75     1020.08          4.88
 950905  22    49     6         18.97      897.97      899.45          2.57
 950905  23    20     5          2.38      430.93      432.12          1.10
 950905  24     8     2          1.37      148.73      149.52          0.38
1
 
                   MAX
            TOTAL  SIM                MAXIMUM CPS                   CONNECT
 DATE  HOUR USERS USERS            IN         OUT       TOTAL         HOURS
 
 
 950906   1     2     1          0.80       39.13       39.93          0.08
 950906   2     1     1          0.62       26.23       26.85          0.03
 950906   3     0     0          0.00        0.00        0.00          0.00
 950906   4     0     0          0.00        0.00        0.00          0.00
 950906   5     2     1          0.48       97.68       98.17          0.15
 950906   6     0     0          0.00        0.00        0.00          0.00
 950906   7     0     0          0.00        0.00        0.00          0.00
 950906   8     3     1          2.25      232.87      232.88          0.65
 950906   9     0     0          0.00        0.00        0.00          0.00
 950906  10     2     1          0.18      168.32      168.48          0.38
 950906  11    23     3          1.68      520.17      520.83          1.30
 950906  12    75     7          4.28     1102.87     1104.52          3.98
 950906  13   128    11         13.25     1265.28     1268.45          6.40
 950906  14   157    15          9.27     2144.35     2147.90          8.47
 950906  15   166    14         16.27     1654.25     1662.68          8.45
 950906  16   107     9          7.62     1712.87     1715.50          5.62
 950906  17    76     8          9.73     1172.52     1175.98          4.42
 950906  18    63     7          7.37      604.88      609.75          4.02
 950906  19    55     7          6.63      908.88      913.75          4.37
 950906  20    79    10         11.38      676.80      688.18          5.73
 950906  21    49     8          4.37      778.43      781.65          3.20
 950906  22     0     0          0.00        0.00        0.00          0.00
 950906  23     0     0          0.00        0.00        0.00          0.00
 950906  24     0     0          0.00        0.00        0.00          0.00
1
 
                   MAX
            TOTAL  SIM                MAXIMUM CPS                   CONNECT
 DATE  HOUR USERS USERS            IN         OUT       TOTAL         HOURS
 
 
 950907   1     2     1          0.78       37.60       38.38          0.33
 950907   2     1     1          0.62       30.62       31.23          0.03
 950907   3     1     1          1.00       35.85       36.85          0.08
 950907   4     0     0          0.00        0.00        0.00          0.00
 950907   5     0     0          0.00        0.00        0.00          0.00
 950907   6     0     0          0.00        0.00        0.00          0.00
 950907   7     0     0          0.00        0.00        0.00          0.00
 950907   8     1     1          0.08      222.67      222.75          0.13
 950907   9     1     1          0.63       18.12       18.75          0.03
 950907  10     2     1          2.13      171.87      171.98          0.33
 950907  11    16     4          2.27      590.37      592.52          0.85
 950907  12    85     7          4.82      919.37      922.53          3.87
 950907  13   132     8          8.78     1331.43     1336.48          5.58
 950907  14   158    14         11.67     1233.85     1237.25          8.45
 950907  15   192    18         14.60     1405.68     1415.57          9.65
 950907  16   118    10          9.38      749.87      753.37          6.08
 950907  17    82    10          7.65      529.37      532.57          5.38
 950907  18    49     8          9.57     1082.98     1085.20          3.55
 950907  19    79    10          7.28      831.83      837.02          5.63
 950907  20    76     8          7.55      939.13      946.68          4.95
 950907  21    90     9          6.43      639.22      642.23          4.70
 950907  22    13     4          2.37      326.77      329.13          0.48
 950907  23     0     0          0.00        0.00        0.00          0.00
 950907  24     0     0          0.00        0.00        0.00          0.00
1
 
                   MAX
            TOTAL  SIM                MAXIMUM CPS                   CONNECT
 DATE  HOUR USERS USERS            IN         OUT       TOTAL         HOURS
 
 
 950908   1     2     1          0.72      140.50      141.18          0.05
 950908   2     0     0          0.00        0.00        0.00          0.00
 950908   3     0     0          0.00        0.00        0.00          0.00
 950908   4     0     0          0.00        0.00        0.00          0.00
 950908   5     0     0          0.00        0.00        0.00          0.00
 950908   6     0     0          0.00        0.00        0.00          0.00
 950908   7     0     0          0.00        0.00        0.00          0.00
 950908   8     0     0          0.00        0.00        0.00          0.00
 950908   9     0     0          0.00        0.00        0.00          0.00
 950908  10     4     2          2.33      313.70      314.43          0.40
 950908  11    16     2          2.47      798.93      799.30          0.73
 950908  12    83     7          6.22     1094.62     1096.05          3.98
 950908  13   106    11          8.18     1685.47     1690.32          4.77
 950908  14     0     0          0.00        0.00        0.00          0.00
 950908  15   180    16         14.30     1046.12     1058.13          8.07
 950908  16   104    11         63.42     1629.32     1639.35          5.05
 950908  17    40     5         64.53      401.63      464.40          2.98
 950908  18    57     8          7.95      990.72      998.67          2.73
 950908  19    57     6          5.83      692.08      695.53          3.65
 950908  20    76     8          8.58      953.88      957.05          4.08
 950908  21    59     6          5.62      446.92      449.43          3.08
 950908  22    20     3          2.53     1015.80     1017.27          1.33
 950908  23    17     2          1.63      217.20      218.83          0.73
 950908  24     5     1          1.15      122.92      124.07          0.28
1     MAXIMUM OF MAXIMUM SIMULTANEOUS USERS
 
 
                   MAX
            TOTAL  SIM                MAXIMUM CPS                   CONNECT
 DATE  HOUR USERS USERS            IN         OUT       TOTAL         HOURS
 
 950905  14   154    19         11.40     1705.72     1709.90          7.65
 
 
     MAXIMUM OF CONNECT HOURS
 
 
                   MAX
            TOTAL  SIM                MAXIMUM CPS                   CONNECT
 DATE  HOUR USERS USERS            IN         OUT       TOTAL         HOURS
 
 950907  15   192    18         14.60     1405.68     1415.57          9.65
1
  