1
 
                   MAX
            TOTAL  SIM                MAXIMUM CPS                   CONNECT
 DATE  HOUR USERS USERS            IN         OUT       TOTAL         HOURS
 
 
 950904   1     0     0          0.00        0.00        0.00          0.00
 950904   2     0     0          0.00        0.00        0.00          0.00
 950904   3     0     0          0.00        0.00        0.00          0.00
 950904   4     0     0          0.00        0.00        0.00          0.00
 950904   5     0     0          0.00        0.00        0.00          0.00
 950904   6     0     0          0.00        0.00        0.00          0.00
 950904   7     0     0          0.00        0.00        0.00          0.00
 950904   8     1     1          2.07      112.40      114.47          0.02
 950904   9     0     0          0.00        0.00        0.00          0.00
 950904  10     0     0          0.00        0.00        0.00          0.00
 950904  11     5     2          0.98      672.37      672.95          0.33
 950904  12    14     3          1.35      533.02      534.22          0.90
 950904  13    12     3          2.53     1237.70     1239.82          0.43
 950904  14     4     1          0.77      190.23      190.57          0.13
 950904  15    12     2          3.67      224.97      226.67          0.38
 950904  16     1     1          1.12       34.80       35.92          0.05
 950904  17     2     1          0.72       28.42       28.95          0.08
 950904  18     0     0          0.00        0.00        0.00          0.00
 950904  19     4     1          1.42      140.40      141.27          0.08
 950904  20     1     1          0.77       45.37       46.13          0.02
 950904  21     0     0          0.00        0.00        0.00          0.00
 950904  22     0     0          0.00        0.00        0.00          0.00
 950904  23     0     0          0.00        0.00        0.00          0.00
 950904  24     0     0          0.00        0.00        0.00          0.00
1
 
                   MAX
            TOTAL  SIM                MAXIMUM CPS                   CONNECT
 DATE  HOUR USERS USERS            IN         OUT       TOTAL         HOURS
 
 
 950905   1     0     0          0.00        0.00        0.00          0.00
 950905   2     1     1          0.62       26.23       26.85          0.02
 950905   3     0     0          0.00        0.00        0.00          0.00
 950905   4     1     1          0.47      210.60      211.07          0.05
 950905   5     0     0          0.00        0.00        0.00          0.00
 950905   6     0     0          0.00        0.00        0.00          0.00
 950905   7     0     0          0.00        0.00        0.00          0.00
 950905   8     1     1          1.08        6.88        7.97          0.05
 950905   9     0     0          0.00        0.00        0.00          0.00
 950905  10     0     0          0.00        0.00        0.00          0.00
 950905  11    17     3          1.27      444.52      445.52          0.80
 950905  12    54     7          4.37      586.33      587.92          2.93
 950905  13   134    11          8.55     1358.42     1360.42          5.50
 950905  14   150    13         10.95     1213.15     1219.45          7.33
 950905  15   148    15         10.88     1479.87     1485.78          8.08
 950905  16   103    10         10.57     1271.63     1277.82          5.25
 950905  17    88     7          9.68     1210.85     1216.80          4.45
 950905  18    60     6          7.18      459.03      465.17          2.97
 950905  19    42     7          7.87      322.62      328.02          4.00
 950905  20    43     7          6.37      761.55      765.27          3.78
 950905  21    53     7          4.80      558.32      561.63          3.73
 950905  22    29     4          2.40      777.88      780.28          1.50
 950905  23     4     1          0.90      191.05      191.55          0.10
 950905  24     0     0          0.00        0.00        0.00          0.00
1
 
                   MAX
            TOTAL  SIM                MAXIMUM CPS                   CONNECT
 DATE  HOUR USERS USERS            IN         OUT       TOTAL         HOURS
 
 
 950906   1     0     0          0.00        0.00        0.00          0.00
 950906   2     0     0          0.00        0.00        0.00          0.00
 950906   3     0     0          0.00        0.00        0.00          0.00
 950906   4     0     0          0.00        0.00        0.00          0.00
 950906   5     0     0          0.00        0.00        0.00          0.00
 950906   6     0     0          0.00        0.00        0.00          0.00
 950906   7     0     0          0.00        0.00        0.00          0.00
 950906   8     0     0          0.00        0.00        0.00          0.00
 950906   9     0     0          0.00        0.00        0.00          0.00
 950906  10     0     0          0.00        0.00        0.00          0.00
 950906  11     0     0          0.00        0.00        0.00          0.00
 950906  12    53     7          4.37     1131.17     1133.43          2.90
 950906  13   105    10          6.17     1374.78     1379.90          5.02
 950906  14   135    13          8.67     1140.52     1144.77          7.22
 950906  15   166    12         11.33     1608.55     1616.95          7.48
 950906  16    70     7          5.67     1297.75     1300.80          3.97
 950906  17    54     6          5.18      415.25      420.43          3.08
 950906  18    26     5          3.75      319.88      323.42          2.95
 950906  19    49     7          7.33      514.43      516.42          3.62
 950906  20    63     7          7.23      877.72      881.23          4.70
 950906  21    51     7          5.93      952.70      953.58          2.37
 950906  22     0     0          0.00        0.00        0.00          0.00
 950906  23     0     0          0.00        0.00        0.00          0.00
 950906  24     0     0          0.00        0.00        0.00          0.00
1
 
                   MAX
            TOTAL  SIM                MAXIMUM CPS                   CONNECT
 DATE  HOUR USERS USERS            IN         OUT       TOTAL         HOURS
 
 
 950907   1     0     0          0.00        0.00        0.00          0.00
 950907   2     0     0          0.00        0.00        0.00          0.00
 950907   3     0     0          0.00        0.00        0.00          0.00
 950907   4     0     0          0.00        0.00        0.00          0.00
 950907   5     0     0          0.00        0.00        0.00          0.00
 950907   6     0     0          0.00        0.00        0.00          0.00
 950907   7     2     1          2.05      111.38      112.07          0.07
 950907   8     0     0          0.00        0.00        0.00          0.00
 950907   9     2     2          4.28      155.42      159.70          0.07
 950907  10     0     0          0.00        0.00        0.00          0.00
 950907  11     5     2          1.07      148.90      149.97          0.77
 950907  12    53     6          5.32     1112.85     1115.03          2.78
 950907  13    59     7          4.17     1351.08     1354.20          4.17
 950907  14   127    13         10.40     1018.98     1020.65          7.23
 950907  15   160    17         14.93     1448.70     1452.75          8.52
 950907  16    65     8          6.58     1387.47     1391.55          4.67
 950907  17    55     8          6.12     1047.28     1049.47          4.50
 950907  18    26     4          4.03      886.40      887.13          2.43
 950907  19    48     7          6.98      474.25      476.78          4.20
 950907  20    52    10          5.18      810.30      812.02          3.68
 950907  21    40     8         11.85     1297.40     1301.02          3.47
 950907  22     3     3          0.78       25.62       26.40          0.95
 950907  23     0     0          0.00        0.00        0.00          0.00
 950907  24     0     0          0.00        0.00        0.00          0.00
1
 
                   MAX
            TOTAL  SIM                MAXIMUM CPS                   CONNECT
 DATE  HOUR USERS USERS            IN         OUT       TOTAL         HOURS
 
 
 950908   1     0     0          0.00        0.00        0.00          0.00
 950908   2     1     1          0.62       25.88       26.50          0.02
 950908   3     0     0          0.00        0.00        0.00          0.00
 950908   4     0     0          0.00        0.00        0.00          0.00
 950908   5     0     0          0.00        0.00        0.00          0.00
 950908   6     0     0          0.00        0.00        0.00          0.00
 950908   7     0     0          0.00        0.00        0.00          0.00
 950908   8     2     1          2.37      134.58      135.27          0.10
 950908   9     1     1          0.63       29.03       29.67          0.03
 950908  10     1     1          0.63      139.77      140.40          0.03
 950908  11    16     2          5.03      381.15      383.95          0.57
 950908  12    31     5          2.55      812.47      813.43          2.43
 950908  13    39     7          5.45     1020.15     1023.27          2.90
 950908  14     0     0          0.00        0.00        0.00          0.00
 950908  15   106    14         10.73     1379.33     1388.03          6.43
 950908  16    86    11          6.87     1834.48     1840.63          5.23
 950908  17    55     6          6.85      618.35      622.12          3.05
 950908  18    44     5          7.75      410.80      412.73          2.88
 950908  19    52     7          5.37      552.57      554.52          3.52
 950908  20    51     7          8.13      846.75      847.70          3.58
 950908  21    40     6          5.73      636.20      638.30          2.65
 950908  22    28     4          8.32      995.93      997.88          1.27
 950908  23     6     1          1.47      113.13      114.60          0.17
 950908  24     3     1          0.95      258.40      258.60          0.12
1     MAXIMUM OF MAXIMUM SIMULTANEOUS USERS
 
 
                   MAX
            TOTAL  SIM                MAXIMUM CPS                   CONNECT
 DATE  HOUR USERS USERS            IN         OUT       TOTAL         HOURS
 
 950907  15   160    17         14.93     1448.70     1452.75          8.52
 
 
     MAXIMUM OF CONNECT HOURS
 
 
                   MAX
            TOTAL  SIM                MAXIMUM CPS                   CONNECT
 DATE  HOUR USERS USERS            IN         OUT       TOTAL         HOURS
 
 950907  15   160    17         14.93     1448.70     1452.75          8.52
1
  