1
 
                   MAX
            TOTAL  SIM                MAXIMUM CPS                   CONNECT
 DATE  HOUR USERS USERS            IN         OUT       TOTAL         HOURS
 
 
 951120   1    24     9         33.97      339.47      364.43          4.68
 951120   2    15     6         38.70      222.22      237.67          3.42
 951120   3    17     6         51.28      392.63      438.25          3.78
 951120   4    19     5         33.38      354.37      387.75          2.95
 951120   5    13     4         32.32      235.18      253.08          2.85
 951120   6    15     4         43.97      237.85      255.53          1.73
 951120   7    26    10        110.03      303.27      410.67          6.22
 951120   8    22     6         77.40      194.93      272.33          3.38
 951120   9    17     7         46.13      366.48      405.13          4.03
 951120  10     7     2         17.62      121.85      133.60          0.80
 951120  11    12     4         47.53      166.38      173.88          2.08
 951120  12    12     4        120.22      106.92      214.12          2.42
 951120  13     8     5        140.15      131.22      265.35          3.80
 951120  14    10     7        146.55      160.42      303.63          4.97
 951120  15     6     5        121.63       74.90      196.53          3.07
 951120  16     7     4        116.47      206.02      287.50          3.22
 951120  17     5     2         85.47      129.30      190.00          1.65
 951120  18     3     2         29.30       96.50      125.80          0.43
 951120  19     3     1          1.57       45.33       46.90          0.25
 951120  20     3     1          3.47       90.20       92.88          0.13
 951120  21    10     3         31.53      123.77      154.52          1.18
 951120  22    22     6         35.43      208.73      225.63          3.77
 951120  23    19     6         13.08      139.05      152.13          4.35
 951120  24     8     6         38.13      182.40      220.53          3.12
1
 
                   MAX
            TOTAL  SIM                MAXIMUM CPS                   CONNECT
 DATE  HOUR USERS USERS            IN         OUT       TOTAL         HOURS
 
 
 951121   1    84    21         84.95      606.75      685.13          9.00
 951121   2   215    30         83.12      486.85      565.85         11.53
 951121   3    19     7         59.30      322.50      349.40          4.70
 951121   4    16     7         59.20      285.27      338.63          4.68
 951121   5    10     4         25.45      114.47      137.17          1.77
 951121   6    14     7         58.37      301.87      349.53          3.00
 951121   7     7     7         61.88      227.50      289.38          2.68
 951121   8    11     4         26.68      147.37      173.07          1.35
 951121   9    15     7         58.18      308.38      363.00          4.87
 951121  10    10     6         28.97      254.98      279.23          3.30
 951121  11     6     5         23.18      182.77      205.95          1.77
 951121  12     1     1          5.35       43.68       49.03          0.07
 951121  13     0     0          0.00        0.00        0.00          0.00
 951121  14     2     1         15.85       27.87       43.72          0.45
 951121  15     3     2         39.15       98.08      124.27          1.02
 951121  16     6     4         34.75      199.53      234.28          1.12
 951121  17     4     1         17.57       84.23      100.58          0.35
 951121  18     5     2         23.73      132.48      156.22          0.73
 951121  19     5     4         44.88      206.23      251.12          1.32
 951121  20     0     0          0.00        0.00        0.00          0.00
 951121  21    12     6         22.55      216.20      238.75          1.42
 951121  22    19     7         17.07      153.65      166.72          4.95
 951121  23    14     7         18.83      160.43      179.27          3.88
 951121  24    16    11         61.18      352.13      413.32          4.20
1
 
                   MAX
            TOTAL  SIM                MAXIMUM CPS                   CONNECT
 DATE  HOUR USERS USERS            IN         OUT       TOTAL         HOURS
 
 
 951122   1   148    27         66.37      467.08      533.45         11.07
 951122   2    16     8         52.60      397.83      449.37          4.75
 951122   3    21     9         47.67      612.82      660.48          6.62
 951122   4    76    26        110.77      672.22      758.85          7.28
 951122   5    21    10        119.18      271.40      354.98          7.23
 951122   6     9     6         53.22      173.70      224.35          2.82
 951122   7    16     7        109.95      281.12      380.40          4.43
 951122   8    14     6         97.27      205.33      276.53          3.72
 951122   9    15     4         64.12      239.20      299.25          1.65
 951122  10    12     4         62.98      188.60      244.77          2.73
 951122  11    10     6         26.10      268.12      294.22          2.53
 951122  12     9     3         44.40      125.98      150.58          1.62
 951122  13     4     4         37.18      172.60      209.78          0.77
 951122  14     2     1         10.87       53.52       64.38          0.12
 951122  15     0     0          0.00        0.00        0.00          0.00
 951122  16     6     2         26.73       99.77      115.97          1.32
 951122  17     4     2         30.32       90.02      120.33          0.47
 951122  18     1     1         19.65       66.42       86.07          0.12
 951122  19     3     2          7.38       80.82       85.02          0.58
 951122  20     4     2          9.18       84.20       93.38          0.75
 951122  21     8     4         16.58      143.62      160.20          2.65
 951122  22    22     7         22.93      254.85      270.90          5.08
 951122  23    16     8         23.88      285.20      309.08          4.92
 951122  24    35    11         49.75      370.97      410.92          5.52
1
 
                   MAX
            TOTAL  SIM                MAXIMUM CPS                   CONNECT
 DATE  HOUR USERS USERS            IN         OUT       TOTAL         HOURS
 
 
 951123   1    53    19         83.80      418.40      459.60          7.82
 951123   2    23    10         92.37      420.73      513.10          4.92
 951123   3    16     9         87.75      412.63      500.38          4.32
 951123   4    15    12        104.20      463.07      567.27          7.17
 951123   5    16     5         63.88      333.33      372.12          2.80
 951123   6    17     7         48.47      366.38      414.85          4.75
 951123   7    30     8         74.52      371.68      411.13          5.13
 951123   8    18     8         71.60      449.55      509.18          3.83
 951123   9    12     8         36.70      492.53      529.23          2.80
 951123  10    11     4         72.08      195.53      267.62          2.52
 951123  11     8     4         69.57      141.37      210.93          2.17
 951123  12     2     1         38.32       54.13       92.45          0.18
 951123  13     7     4         34.32      152.23      186.55          1.95
 951123  14     5     3         38.00       83.00      121.00          1.43
 951123  15     3     2         28.43       56.38       80.22          0.92
 951123  16     2     1         21.30       74.78       87.77          0.32
 951123  17     4     2         21.30      118.07      129.32          0.62
 951123  18     4     1         22.70      109.35      132.05          0.52
 951123  19     2     1          2.43       52.62       55.05          0.12
 951123  20     3     1          2.80       59.48       62.25          0.17
 951123  21     9     5         32.22      162.07      184.02          2.68
 951123  22    14     8         37.93      283.42      321.35          2.83
 951123  23    10     4         30.35      342.15      367.83          2.25
 951123  24    26    11         53.77      430.93      484.70          4.73
1
 
                   MAX
            TOTAL  SIM                MAXIMUM CPS                   CONNECT
 DATE  HOUR USERS USERS            IN         OUT       TOTAL         HOURS
 
 
 951124   1    44    20         56.93      583.37      640.30          8.17
 951124   2    13     8         39.45      380.23      419.68          2.93
 951124   3    13     4         39.30      212.38      227.35          2.15
 951124   4    16     8         43.78      205.47      245.63          4.82
 951124   5    19     9         55.75      265.53      321.28          3.62
 951124   6    24    10         58.32      271.47      326.45          5.32
 951124   7    16     6         83.30      282.45      304.97          4.13
 951124   8    14     5         87.35      161.50      234.75          3.12
 951124   9    14     5         77.15      131.20      200.57          3.35
 951124  10     4     3         68.92       77.28      146.20          1.50
 951124  11     7     5         77.45      179.18      256.63          2.40
 951124  12     3     2         17.80       64.13       81.93          1.07
 951124  13     1     1          0.90       24.73       25.63          0.08
 951124  14     1     1          0.38        1.65        2.03          0.03
 951124  15     3     2         25.52       48.43       73.37          0.67
 951124  16     1     1         47.60       58.68      106.28          0.28
 951124  17     3     1         47.60       58.68      106.28          0.33
 951124  18     0     0          0.00        0.00        0.00          0.00
 951124  19     1     1          3.38       28.27       31.65          0.20
 951124  20     0     0          0.00        0.00        0.00          0.00
 951124  21     0     0          0.00        0.00        0.00          0.00
 951124  22     1     1          9.12       33.92       43.03          0.60
 951124  23     1     1          9.12       33.92       43.03          0.30
 951124  24     4     1          8.63      101.78      110.42          0.45
1     MAXIMUM OF MAXIMUM SIMULTANEOUS USERS
 
 
                   MAX
            TOTAL  SIM                MAXIMUM CPS                   CONNECT
 DATE  HOUR USERS USERS            IN         OUT       TOTAL         HOURS
 
 951121   2   215    30         83.12      486.85      565.85         11.53
 
 
     MAXIMUM OF CONNECT HOURS
 
 
                   MAX
            TOTAL  SIM                MAXIMUM CPS                   CONNECT
 DATE  HOUR USERS USERS            IN         OUT       TOTAL         HOURS
 
 951121   2   215    30         83.12      486.85      565.85         11.53
1
  