 UNABLE TO ESTABLISH CIRCUIT TO PROBE THROUGH TMCS. STATUS   -1
 UNABLE TO ESTABLISH CIRCUIT TO PROBE THROUGH TMCS. STATUS   -1
 UNABLE TO ESTABLISH CIRCUIT TO PROBE THROUGH TMCS. STATUS   -1
 UNABLE TO ESTABLISH CIRCUIT TO PROBE THROUGH TMCS. STATUS   -1
 UNABLE TO ESTABLISH CIRCUIT TO PROBE THROUGH TMCS. STATUS   -1
 UNABLE TO ESTABLISH CIRCUIT TO PROBE THROUGH TMCS. STATUS   -1
 UNABLE TO ESTABLISH CIRCUIT TO PROBE THROUGH TMCS. STATUS   -1
 UNABLE TO ESTABLISH CIRCUIT TO PROBE THROUGH TMCS. STATUS   -1
 UNABLE TO ESTABLISH CIRCUIT TO PROBE THROUGH TMCS. STATUS   -1
 UNABLE TO ESTABLISH CIRCUIT TO PROBE THROUGH TMCS. STATUS   -1
 UNABLE TO ESTABLISH CIRCUIT TO PROBE THROUGH TMCS. STATUS   -1
 
  NO ACTIVE PORT OR CHANNEL ON HOST #     0   AT NODE #     0
 
 TROUBLE BUILDING XRAY CIRCUIT TO  NODE :        4736
 TROUBLE BUILDING XRAY CIRCUIT TO  NODE :        7255
 TROUBLE BUILDING XRAY CIRCUIT TO  NODE :        7253
 TROUBLE BUILDING XRAY CIRCUIT TO  NODE :        5777
 TROUBLE BUILDING XRAY CIRCUIT TO  NODE :        7010
 TROUBLE BUILDING XRAY CIRCUIT TO  NODE :        7202
 TROUBLE BUILDING XRAY CIRCUIT TO  NODE :       10701
 TROUBLE BUILDING XRAY CIRCUIT TO  NODE :        5637
 TROUBLE BUILDING XRAY CIRCUIT TO  NODE :        3636
 TROUBLE BUILDING XRAY CIRCUIT TO  NODE :        7256
 TROUBLE BUILDING XRAY CIRCUIT TO  NODE :        7203
 TROUBLE BUILDING XRAY CIRCUIT TO  NODE :        7207
 TROUBLE BUILDING XRAY CIRCUIT TO  NODE :        5145
 TROUBLE BUILDING XRAY CIRCUIT TO  NODE :        7201
 TROUBLE BUILDING XRAY CIRCUIT TO  NODE :        3142
 
  NO ACTIVE PORT OR CHANNEL ON HOST #     0   AT NODE #     0
 
 
  NO ACTIVE PORT OR CHANNEL ON HOST #     0   AT NODE #     0
 
 
  NO ACTIVE PORT OR CHANNEL ON HOST #     0   AT NODE #     0
 
 TROUBLE BUILDING XRAY CIRCUIT TO  NODE :           0
 
  NO ACTIVE PORT OR CHANNEL ON HOST #     0   AT NODE #     0
 
