10060
10065
10211
10211
10252
10538
10735
10856
10903
10942
11121
11321
11387
11446
11898
12410
12414
12466
12605
12606
12805
12840
12861
12865
12926
12956
12993
13525
13702
14089
14090
14097
14100
14135
14142
14144
14154
14156
14161
14165
14209
14210
14215
14216
14217
14218
14220
14221
14222
14224
14225
14226
14227
14228	
14229
14230
14231
14232
14235
14237
14238
14241
14242
14243
14244
14247
14248
14249
14250
14251
14252
14254
14256
14257
14258
14259
14260
14261
14262
14263
14264
14266
14365
14366
14440
14492
14513
14528
14638
14959
15055
15069
15273
15275
15392
15571
16315
16342