-DATE
MAR 27, 1991	11:35
-TIME
0.76 TRU
0.76 TRU
terminal time: 38.00
-COPY (DBENGA)NOV89.STA, SPOOK.DMI

-R 1022
3/27/91
TYMSHARE System 1022A (114B)

* LOAD SPOOK.
System 1022 Data Loading Program
No errors on DESCRIPTION file
%errors on input for attribute PORTS
%errors on input for attribute SESSION
%errors on input for attribute HOURS
%errors on input for attribute ABDS
%errors on input for attribute PGR
%errors on input for attribute NODE
858 records processed, 86 blocks written on phase 2
processing keyed attributes:
PILOT (23 blocks, 623 values)
NODE (12 blocks, 605 values)
MODEM (1 block, 5 values)
CITY (15 blocks, 467 values)
PORTS (6 blocks, 80 values)
SESSION (12 blocks, 611 values)
HOURS (12 blocks, 621 values)
ABDS (12 blocks, 608 values)
PGR (4 blocks, 38 values)
97 blocks written on phase 3
* O SPOOK.
* FI ALL.
858 RECS FOUND.
* VAL MODEM.
      (222)
CNCRD (232)
ODEM  (13)
ONTHL (1)
VADIC (390)
* FI MODEM "     " ODEM ONTHL.
236 RECS FOUND.
* DELETE.
* FI ALL.
622 RECS FOUND.
* FI PORTS LE 5.
20 RECS FOUND.
* DELETE.
* FI ALL.
602 RECS FOUND.
* VAL MODEM.
CNCRD (232)
VADIC (370)
* P TOT PORTS.
 13574.000
* INIT 1 PDATA.N89.
* FI ALL.
602 RECS FOUND.
* PRINT ON 1 PILOT NODE MODEM CITY ST PORTS PGR FORMAT A12 "~" I5 "~" A5 "~" &
 #             A10 "~" A3 "~" I3 "~" F3.1 "~" END.
* RELEASE 1.
* CLOSE.
* Q.

EXIT

-COPY (DBENGA)DEC89.STA, SPOOK.DMI

-R 1022
3/27/91
TYMSHARE System 1022A (114B)

* LOAD SPOOK.
System 1022 Data Loading Program
No errors on DESCRIPTION file
%errors on input for attribute PORTS
%errors on input for attribute SESSION
%errors on input for attribute HOURS
%errors on input for attribute ABDS
%errors on input for attribute PGR
%errors on input for attribute NODE
858 records processed, 86 blocks written on phase 2
processing keyed attributes:
PILOT (23 blocks, 632 values)
NODE (12 blocks, 605 values)
MODEM (1 block, 7 values)
CITY (15 blocks, 467 values)
PORTS (6 blocks, 79 values)
SESSION (12 blocks, 624 values)
HOURS (12 blocks, 630 values)
ABDS (12 blocks, 605 values)
PGR (3 blocks, 37 values)
96 blocks written on phase 3
* O SPOOK.
* FI ALL.
858 RECS FOUND.
* VAL MODEM.
      (213)
CNC   (1)
CNCRD (239)
CONCR (1)
ODEM  (13)
ONTHL (1)
VADIC (390)
* FI MODEM "     " ODEM ONTHL.
227 RECS FOUND.
* DELETE.
* FI ALL.
631 RECS FOUND.
* FI PORTS LE 5.
20 RECS FOUND.
* DELETE.
* FI ALL.
611 RECS FOUND.
* VAL MODEM.
CNC   (1)
CNCRD (239)
CONCR (1)
VADIC (370)
* P TOT PORTS.
 13869.000
* INIT 1 PDATA.D89.
* FI ALL.
611 RECS FOUND.
* PRINT ON 1 PILOT NODE MODEM CITY ST PORTS PGR FORMAT A12 "~" I5 "~" A5 "~" &
 #             A10 "~" A3 "~" I3 "~" F3.1 "~" END.
* RELEASE 1.
* CLOSE.
* Q.

EXIT

-COPY (DBENGA)JAN90.STA, SPOOK.DMI

-R 1022
3/27/91
TYMSHARE System 1022A (114B)

* LOAD SPOOK.
System 1022 Data Loading Program
No errors on DESCRIPTION file
%errors on input for attribute PORTS
%errors on input for attribute SESSION
%errors on input for attribute HOURS
%errors on input for attribute ABDS
%errors on input for attribute PGR
%errors on input for attribute NODE
858 records processed, 86 blocks written on phase 2
processing keyed attributes:
PILOT (23 blocks, 624 values)
NODE (12 blocks, 605 values)
MODEM (1 block, 7 values)
CITY (15 blocks, 467 values)
PORTS (6 blocks, 80 values)
SESSION (12 blocks, 611 values)
HOURS (12 blocks, 618 values)
ABDS (12 blocks, 604 values)
PGR (4 blocks, 44 values)
97 blocks written on phase 3
* O SPOOK.
* FI ALL.
858 RECS FOUND.
* VAL MODEM.
      (222)
CNC   (1)
CNCRD (241)
CONCR (1)
ODEM  (13)
ONTHL (1)
VADIC (379)
* FI MODEM "     " ODEM ONTHL.
236 RECS FOUND.
* DELETE.
* FI ALL.
622 RECS FOUND.
* FI PORTS LE 5.
20 RECS FOUND.
* DELETE.
* FI ALL.
602 RECS FOUND.
* VAL MODEM.
CNC   (1)
CNCRD (241)
CONCR (1)
VADIC (359)
* P TOT PORTS.
 13784.000
* INIT 1 PDATA.J90.
* FI ALL.
602 RECS FOUND.
* PRINT ON 1 PILOT NODE MODEM CITY ST PORTS PGR FORMAT A12 "~" I5 "~" A5 "~" &
 #             A10 "~" A3 "~" I3 "~" F3.1 "~" END.
* RELEASE 1.
* CLOSE.
* Q.

EXIT

-COPY (DBENGA)FEB90.STA, SPOOK.DMI

-R 1022
3/27/91
TYMSHARE System 1022A (114B)

* LOAD SPOOK.
System 1022 Data Loading Program
No errors on DESCRIPTION file
%errors on input for attribute PORTS
%errors on input for attribute SESSION
%errors on input for attribute HOURS
%errors on input for attribute ABDS
%errors on input for attribute PGR
%errors on input for attribute NODE
858 records processed, 86 blocks written on phase 2
processing keyed attributes:
PILOT (23 blocks, 625 values)
NODE (12 blocks, 606 values)
MODEM (1 block, 7 values)
CITY (15 blocks, 468 values)
PORTS (6 blocks, 80 values)
SESSION (12 blocks, 613 values)
HOURS (12 blocks, 616 values)
ABDS (12 blocks, 603 values)
PGR (3 blocks, 45 values)
96 blocks written on phase 3
* O SPOOK.
* FI ALL.
858 RECS FOUND.
* VAL MODEM.
      (222)
CNC   (1)
CNCRD (328)
CONCR (1)
ODEM  (13)
ONTHL (1)
VADIC (292)
* FI MODEM "     " ODEM ONTHL.
236 RECS FOUND.
* DELETE.
* FI ALL.
622 RECS FOUND.
* FI PORTS LE 5.
20 RECS FOUND.
* DELETE.
* FI ALL.
602 RECS FOUND.
* VAL MODEM.
CNC   (1)
CNCRD (328)
CONCR (1)
VADIC (272)
* P TOT PORTS.
 13923.000
* INIT 1 PDATA.F90.
* FI ALL.
602 RECS FOUND.
* PRINT ON 1 PILOT NODE MODEM CITY ST PORTS PGR FORMAT A12 "~" I5 "~" A5 "~" &
 #             A10 "~" A3 "~" I3 "~" F3.1 "~" END.
* RELEASE 1.
* CLOSE.
* Q.

EXIT

-COPY (DBENGA)MAR90.STA, SPOOK.DMI

-R 1022
3/27/91
TYMSHARE System 1022A (114B)

* LOAD SPOOK.
System 1022 Data Loading Program
No errors on DESCRIPTION file
%errors on input for attribute PORTS
%errors on input for attribute SESSION
%errors on input for attribute HOURS
%errors on input for attribute ABDS
%errors on input for attribute PGR
%errors on input for attribute NODE
858 records processed, 86 blocks written on phase 2
processing keyed attributes:
PILOT (23 blocks, 627 values)
NODE (12 blocks, 604 values)
MODEM (1 block, 7 values)
CITY (15 blocks, 467 values)
PORTS (6 blocks, 81 values)
SESSION (12 blocks, 614 values)
HOURS (12 blocks, 618 values)
ABDS (12 blocks, 597 values)
PGR (3 blocks, 42 values)
96 blocks written on phase 3
* O SPOOK.
* FI ALL.
858 RECS FOUND.
* VAL MODEM.
      (219)
CNC   (1)
CNCRD (440)
CONCR (1)
ODEM  (13)
ONTHL (1)
VADIC (183)
* FI MODEM "     " ODEM ONTHL.
233 RECS FOUND.
* DELETE.
* FI ALL.
625 RECS FOUND.
* FI PORTS LE 5.
25 RECS FOUND.
* DELETE.
* FI ALL.
600 RECS FOUND.
* VAL MODEM.
CNC   (1)
CNCRD (440)
CONCR (1)
VADIC (158)
* P TOT PORTS.
 13988.000
* INIT 1 PDATA.M90.
* FI ALL.
600 RECS FOUND.
* PRINT ON 1 PILOT NODE MODEM CITY ST PORTS PGR FORMAT A12 "~" I5 "~" A5 "~" &
 #             A10 "~" A3 "~" I3 "~" F3.1 "~" END.
* RELEASE 1.
* CLOSE.
* Q.

EXIT

-COPY (DBENGA)APR90.STA, SPOOK.DMI

-R 1022
3/27/91
TYMSHARE System 1022A (114B)

* LOAD SPOOK.
System 1022 Data Loading Program
No errors on DESCRIPTION file
%errors on input for attribute PORTS
%errors on input for attribute SESSION
%errors on input for attribute HOURS
%errors on input for attribute ABDS
%errors on input for attribute PGR
%errors on input for attribute NODE
858 records processed, 86 blocks written on phase 2
processing keyed attributes:
PILOT (23 blocks, 623 values)
NODE (12 blocks, 603 values)
MODEM (1 block, 7 values)
CITY (15 blocks, 467 values)
PORTS (6 blocks, 81 values)
SESSION (12 blocks, 606 values)
HOURS (12 blocks, 615 values)
ABDS (12 blocks, 597 values)
PGR (3 blocks, 36 values)
96 blocks written on phase 3
* O SPOOK.
* FI ALL.
858 RECS FOUND.
* VAL MODEM.
      (222)
CNC   (1)
CNCRD (442)
CONCR (1)
ODEM  (13)
ONTHL (1)
VADIC (178)
* FI MODEM "     " ODEM ONTHL.
236 RECS FOUND.
* DELETE.
* FI ALL.
622 RECS FOUND.
* FI PORTS LE 5.
22 RECS FOUND.
* DELETE.
* FI ALL.
600 RECS FOUND.
* VAL MODEM.
CNC   (1)
CNCRD (441)
CONCR (1)
VADIC (157)
* P TOT PORTS.
 14128.000
* INIT 1 PDATA.A90.
* FI ALL.
600 RECS FOUND.
* PRINT ON 1 PILOT NODE MODEM CITY ST PORTS PGR FORMAT A12 "~" I5 "~" A5 "~" &
 #             A10 "~" A3 "~" I3 "~" F3.1 "~" END.
* RELEASE 1.
* CLOSE.
* Q.

EXIT

-COPY (DBENGA)MAY90.STA, SPOOK.DMI

-R 1022
3/27/91
TYMSHARE System 1022A (114B)

* LOAD SPOOK.
System 1022 Data Loading Program
No errors on DESCRIPTION file
%errors on input for attribute PORTS
%errors on input for attribute SESSION
%errors on input for attribute HOURS
%errors on input for attribute ABDS
%errors on input for attribute PGR
%errors on input for attribute NODE
858 records processed, 86 blocks written on phase 2
processing keyed attributes:
PILOT (23 blocks, 622 values)
NODE (12 blocks, 603 values)
MODEM (1 block, 7 values)
CITY (15 blocks, 467 values)
PORTS (6 blocks, 82 values)
SESSION (12 blocks, 607 values)
HOURS (12 blocks, 614 values)
ABDS (12 blocks, 595 values)
PGR (3 blocks, 36 values)
96 blocks written on phase 3
* O SPOOK.
* FI ALL.
858 RECS FOUND.
* VAL MODEM.
      (223)
CNC   (1)
CNCRD (453)
CONCR (1)
ODEM  (13)
ONTHL (1)
VADIC (166)
* FI MODEM "     " ODEM ONTHL.
237 RECS FOUND.
* DELETE.
* FI ALL.
621 RECS FOUND.
* FI PORTS LE 5.
22 RECS FOUND.
* DELETE.
* FI ALL.
599 RECS FOUND.
* VAL MODEM.
CNC   (1)
CNCRD (451)
CONCR (1)
VADIC (146)
* P TOT PORTS.
 14476.000
* INIT 1 PDATA.MY0.
* FI ALL.
599 RECS FOUND.
* PRINT ON 1 PILOT NODE MODEM CITY ST PORTS PGR FORMAT A12 "~" I5 "~" A5 "~" &
 #             A10 "~" A3 "~" I3 "~" F3.1 "~" END.
* RELEASE 1.
* CLOSE.
* Q.

EXIT

-COPY (DBENGA)JUN90.STA, SPOOK.DMI

-R 1022
3/27/91
TYMSHARE System 1022A (114B)

* LOAD SPOOK.
System 1022 Data Loading Program
No errors on DESCRIPTION file
%errors on input for attribute PORTS
%errors on input for attribute SESSION
%errors on input for attribute HOURS
%errors on input for attribute ABDS
%errors on input for attribute PGR
%errors on input for attribute NODE
858 records processed, 86 blocks written on phase 2
processing keyed attributes:
PILOT (23 blocks, 619 values)
NODE (12 blocks, 600 values)
MODEM (1 block, 7 values)
CITY (15 blocks, 467 values)
PORTS (6 blocks, 83 values)
SESSION (12 blocks, 606 values)
HOURS (12 blocks, 612 values)
ABDS (12 blocks, 600 values)
PGR (3 blocks, 46 values)
96 blocks written on phase 3
* O SPOOK.
* FI ALL.
858 RECS FOUND.
* VAL MODEM.
      (227)
CNC   (1)
CNCRD (450)
CONCR (1)
ODEM  (13)
ONTHL (1)
VADIC (165)
* FI MODEM "     " ODEM ONTHL.
241 RECS FOUND.
* DELETE.
* FI ALL.
617 RECS FOUND.
* FI PORTS LE 5.
20 RECS FOUND.
* DELETE.
* FI ALL.
597 RECS FOUND.
* VAL MODEM.
CNC   (1)
CNCRD (450)
CONCR (1)
VADIC (145)
* P TOT PORTS.
 14736.000
* INIT 1 PDATA.JU0.
* FI ALL.
597 RECS FOUND.
* PRINT ON 1 PILOT NODE MODEM CITY ST PORTS PGR FORMAT A12 "~" I5 "~" A5 "~" &
 #             A10 "~" A3 "~" I3 "~" F3.1 "~" END.
* RELEASE 1.
* CLOSE.
* Q.

EXIT

-COPY (DBENGA)JUL90.STA, SPOOK.DMI

-R 1022
3/27/91
TYMSHARE System 1022A (114B)

* LOAD SPOOK.
System 1022 Data Loading Program
No errors on DESCRIPTION file
%errors on input for attribute PORTS
%errors on input for attribute SESSION
%errors on input for attribute HOURS
%errors on input for attribute ABDS
%errors on input for attribute PGR
%errors on input for attribute NODE
858 records processed, 86 blocks written on phase 2
processing keyed attributes:
PILOT (23 blocks, 618 values)
NODE (12 blocks, 599 values)
MODEM (1 block, 8 values)
CITY (15 blocks, 467 values)
PORTS (6 blocks, 85 values)
SESSION (12 blocks, 606 values)
HOURS (12 blocks, 609 values)
ABDS (12 blocks, 584 values)
PGR (3 blocks, 38 values)
96 blocks written on phase 3
* O SPOOK.
* FI ALL.
858 RECS FOUND.
* VAL MODEM.
      (227)
CNC   (1)
CNCOR (1)
CNCRD (454)
CONCR (1)
ODEM  (13)
ONTHL (1)
VADIC (160)
* FI MODEM "     " ODEM ONTHL.
241 RECS FOUND.
* DELETE.
* FI ALL.
617 RECS FOUND.
* FI PORTS LE 5.
21 RECS FOUND.
* DELETE.
* FI ALL.
596 RECS FOUND.
* VAL MODEM.
CNC   (1)
CNCOR (1)
CNCRD (454)
CONCR (1)
VADIC (139)
* P TOT PORTS.
 14985.000
* INIT 1 PDATA.JL0.
* FI ALL.
596 RECS FOUND.
* PRINT ON 1 PILOT NODE MODEM CITY ST PORTS PGR FORMAT A12 "~" I5 "~" A5 "~" &
 #             A10 "~" A3 "~" I3 "~" F3.1 "~" END.
* RELEASE 1.
* CLOSE.
* Q.

EXIT

-COPY (DBENGA)AUG90.STA, SPOOK.DMI

-R 1022
3/27/91
TYMSHARE System 1022A (114B)

* LOAD SPOOK.
System 1022 Data Loading Program
No errors on DESCRIPTION file
%errors on input for attribute PORTS
%errors on input for attribute SESSION
%errors on input for attribute HOURS
%errors on input for attribute ABDS
%errors on input for attribute PGR
%errors on input for attribute NODE
858 records processed, 86 blocks written on phase 2
processing keyed attributes:
PILOT (22 blocks, 602 values)
NODE (12 blocks, 597 values)
MODEM (1 block, 8 values)
CITY (15 blocks, 467 values)
PORTS (6 blocks, 87 values)
SESSION (12 blocks, 596 values)
HOURS (12 blocks, 599 values)
ABDS (12 blocks, 586 values)
PGR (3 blocks, 41 values)
95 blocks written on phase 3
* O SPOOK.
* FI ALL.
858 RECS FOUND.
* VAL MODEM.
      (243)
CNC   (1)
CNCOR (1)
CNCRD (455)
CONCR (1)
ODEM  (13)
ONTHL (1)
VADIC (143)
* FI MODEM "     " ODEM ONTHL.
257 RECS FOUND.
* DELETE.
* FI ALL.
601 RECS FOUND.
* FI PORTS LE 5.
5 RECS FOUND.
* DELETE.
* FI ALL.
596 RECS FOUND.
* VAL MODEM.
CNC   (1)
CNCOR (1)
CNCRD (455)
CONCR (1)
VADIC (138)
* P TOT PORTS.
 15596.000
* INIT 1 PDATA.AG0.
* FI ALL.
596 RECS FOUND.
* PRINT ON 1 PILOT NODE MODEM CITY ST PORTS PGR FORMAT A12 "~" I5 "~" A5 "~" &
 #             A10 "~" A3 "~" I3 "~" F3.1 "~" END.
* RELEASE 1.
* CLOSE.
* Q.

EXIT

-COPY (DBENGA)SEP90.STA, SPOOK.DMI

-R 1022
3/27/91
TYMSHARE System 1022A (114B)

* LOAD SPOOK.
System 1022 Data Loading Program
No errors on DESCRIPTION file
%errors on input for attribute PORTS
%errors on input for attribute SESSION
%errors on input for attribute HOURS
%errors on input for attribute ABDS
%errors on input for attribute PGR
%errors on input for attribute NODE
858 records processed, 86 blocks written on phase 2
processing keyed attributes:
PILOT (22 blocks, 600 values)
NODE (12 blocks, 596 values)
MODEM (1 block, 7 values)
CITY (15 blocks, 468 values)
PORTS (5 blocks, 86 values)
SESSION (12 blocks, 590 values)
HOURS (12 blocks, 599 values)
ABDS (12 blocks, 580 values)
PGR (3 blocks, 40 values)
94 blocks written on phase 3
* O SPOOK.
* FI ALL.
858 RECS FOUND.
* VAL MODEM.
      (246)
CNC   (1)
CNCRD (457)
CONCR (1)
ODEM  (13)
ONTHL (1)
VADIC (139)
* FI MODEM "     " ODEM ONTHL.
260 RECS FOUND.
* DELETE.
* FI ALL.
598 RECS FOUND.
* FI PORTS LE 5.
2 RECS FOUND.
* DELETE.
* FI ALL.
596 RECS FOUND.
* VAL MODEM.
CNC   (1)
CNCRD (457)
CONCR (1)
VADIC (137)
* P TOT PORTS.
 15575.000
* INIT 1 PDATA.S90.
* FI ALL.
596 RECS FOUND.
* PRINT ON 1 PILOT NODE MODEM CITY ST PORTS PGR FORMAT A12 "~" I5 "~" A5 "~" &
 #             A10 "~" A3 "~" I3 "~" F3.1 "~" END.
* RELEASE 1.
* CLOSE.
* Q.

EXIT

-COPY (DBENGA)OCT90.STA, SPOOK.DMI

-R 1022
3/27/91
TYMSHARE System 1022A (114B)

* LOAD SPOOK.
System 1022 Data Loading Program
No errors on DESCRIPTION file
%errors on input for attribute PORTS
%errors on input for attribute SESSION
%errors on input for attribute HOURS
%errors on input for attribute ABDS
%errors on input for attribute PGR
%errors on input for attribute NODE
858 records processed, 86 blocks written on phase 2
processing keyed attributes:
PILOT (22 blocks, 600 values)
NODE (12 blocks, 596 values)
MODEM (1 block, 5 values)
CITY (15 blocks, 469 values)
PORTS (5 blocks, 84 values)
SESSION (12 blocks, 599 values)
HOURS (12 blocks, 601 values)
ABDS (12 blocks, 582 values)
PGR (4 blocks, 77 values)
95 blocks written on phase 3
* O SPOOK.
* FI ALL.
858 RECS FOUND.
* VAL MODEM.
      (246)
CNCRD (464)
ODEM  (13)
ONTHL (1)
VADIC (134)
* FI MODEM "     " ODEM ONTHL.
260 RECS FOUND.
* DELETE.
* FI ALL.
598 RECS FOUND.
* FI PORTS LE 5.
FOUND.
* DELETE.
* FI ALL.
597 RECS FOUND.
* VAL MODEM.
CNCRD (464)
VADIC (133)
* P TOT PORTS.
 15610.000
* INIT 1 PDATA.O90.
* FI ALL.
597 RECS FOUND.
* PRINT ON 1 PILOT NODE MODEM CITY ST PORTS PGR FORMAT A12 "~" I5 "~" A5 "~" &
 #             A10 "~" A3 "~" I3 "~" F3.1 "~" END.
* RELEASE 1.
* CLOSE.
* Q.

EXIT

-COPY (DBENGA)NOV90.STA, SPOOK.DMI

-R 1022
3/27/91
TYMSHARE System 1022A (114B)

* LOAD SPOOK.
System 1022 Data Loading Program
No errors on DESCRIPTION file
%errors on input for attribute PORTS
%errors on input for attribute SESSION
%errors on input for attribute HOURS
%errors on input for attribute ABDS
%errors on input for attribute PGR
%errors on input for attribute NODE
858 records processed, 86 blocks written on phase 2
processing keyed attributes:
PILOT (22 blocks, 598 values)
NODE (12 blocks, 595 values)
MODEM (1 block, 5 values)
CITY (15 blocks, 469 values)
PORTS (5 blocks, 84 values)
SESSION (12 blocks, 593 values)
HOURS (12 blocks, 599 values)
ABDS (12 blocks, 581 values)
PGR (5 blocks, 91 values)
96 blocks written on phase 3
* O SPOOK.
* FI ALL.
858 RECS FOUND.
* VAL MODEM.
      (248)
CNCRD (471)
ODEM  (13)
ONTHL (1)
VADIC (125)
* FI MODEM "     " ODEM ONTHL.
262 RECS FOUND.
* DELETE.
* FI ALL.
596 RECS FOUND.
* FI PORTS LE 5.
FOUND.
* DELETE.
* FI ALL.
595 RECS FOUND.
* VAL MODEM.
CNCRD (471)
VADIC (124)
* P TOT PORTS.
 15760.000
* INIT 1 PDATA.N90.
* FI ALL.
595 RECS FOUND.
* PRINT ON 1 PILOT NODE MODEM CITY ST PORTS PGR FORMAT A12 "~" I5 "~" A5 "~" &
 #             A10 "~" A3 "~" I3 "~" F3.1 "~" END.
* RELEASE 1.
* CLOSE.
* Q.

EXIT

-COPY (DBENGA)DEC90.STA, SPOOK.DMI

-R 1022
3/27/91
TYMSHARE System 1022A (114B)

* LOAD SPOOK.
System 1022 Data Loading Program
No errors on DESCRIPTION file
%errors on input for attribute PORTS
%errors on input for attribute SESSION
%errors on input for attribute HOURS
%errors on input for attribute ABDS
%errors on input for attribute PGR
%errors on input for attribute NODE
8cords processed, 86 blocks written on phase 2
processing keyed attributes:
PILOT (22 blocks, 597 values)
NODE (12 blocks, 594 values)
MODEM (1 block, 5 values)
CITY (15 blocks, 469 values)
PORTS (5 blocks, 86 values)
SESSION (12 blocks, 594 values)
HOURS (12 blocks, 597 values)
ABDS (12 blocks, 582 values)
PGR (5 blocks, 80 values)
96 blocks written on phase 3
* O SPOOK.
* FI ALL.
858 RECS FOUND.
* VAL MODEM.
      (249)
CNCRD (470)
ODEM  (13)
ONTHL (1)
VADIC (125)
* FI MODEM "     " ODEM ONTHL.
263 RECS FOUND.
* DELETE.
* FI ALL.
595 RECS FOUND.
* FI PORTS LE 5.
FOUND.
* DELETE.
* FI ALL.
594 RECS FOUND.
* VAL MODEM.
CNCRD (470)
VADIC (124)
* P TOT PORTS.
 15889.000
* INIT 1 PDATA.D90.
* FI ALL.
594 RECS FOUND.
* PRINT ON 1 PILOT NODE MODEM CITY ST PORTS PGR FORMAT A12 "~" I5 "~" A5 "~" &
 #             A10 "~" A3 "~" I3 "~" F3.1 "~" END.
* RELEASE 1.
* CLOSE.
* Q.

EXIT

-COPY (DBENGA)JAN91.STA, SPOOK.DMI

-R 1022
3/27/91
TYMSHARE System 1022A (114B)

* LOAD SPOOK.
System 1022 Data Loading Program
No errors on DESCRIPTION file
%errors on input for attribute PORTS
%errors on input for attribute SESSION
%errors on input for attribute HOURS
%errors on input for attribute ABDS
%errors on input for attribute PGR
%errors on input for attribute NODE
858 records processed, 86 blocks written on phase 2
processing keyed attributes:
PILOT (22 blocks, 601 values)
NODE (12 blocks, 597 values)
MODEM (1 block, 5 values)
CITY (15 blocks, 470 values)
PORTS (6 blocks, 85 values)
SESSION (12 blocks, 596 values)
HOURS (12 blocks, 598 values)
ABDS (12 blocks, 594 values)
PGR (5 blocks, 103 values)
97 blocks written on phase 3
* O SPOOK.
* FI ALL.
858 RECS FOUND.
* VAL MODEM.
      (245)
CNCRD (476)
ODEM  (13)
ONTHL (1)
VADIC (123)
* FI MODEM "     " ODEM ONTHL.
259 RECS FOUND.
* DELETE.
* FI ALL.
599 RECS FOUND.
* FI PORTS LE 5.
2 RECS FOUND.
* DELETE.
* FI ALL.
597 RECS FOUND.
* VAL MODEM.
CNCRD (475)
VADIC (122)
* P TOT PORTS.
 16171.000
* INIT 1 PDATA.J91.
* FI ALL.
597 RECS FOUND.
* PRINT ON 1 PILOT NODE MODEM CITY ST PORTS PGR FORMAT A12 "~" I5 "~" A5 "~" &
 #             A10 "~" A3 "~" I3 "~" F3.1 "~" END.
* RELEASE 1.
* CLOSE.
* Q.

EXIT

-COPY (DBENGA)FEB91.STA, SPOOK.DMI

-R 1022
3/27/91
TYMSHARE System 1022A (114B)

* LOAD SPOOK.
System 1022 Data Loading Program
No errors on DESCRIPTION file
%errors on input for attribute PORTS
%errors on input for attribute SESSION
%errors on input for attribute HOURS
%errors on input for attribute ABDS
%errors on input for attribute PGR
%errors on input for attribute NODE
858 records processed, 86 blocks written on phase 2
processing keyed attributes:
PILOT (22 blocks, 601 values)
NODE (12 blocks, 598 values)
MODEM (1 block, 5 values)
CITY (15 blocks, 471 values)
PORTS (5 blocks, 83 values)
SESSION (12 blocks, 596 values)
HOURS (12 blocks, 600 values)
ABDS (12 blocks, 589 values)
PGR (5 blocks, 123 values)
96 blocks written on phase 3
* O SPOOK.
* FI ALL.
858 RECS FOUND.
* VAL MODEM.
      (245)
CNCRD (478)
ODEM  (13)
ONTHL (1)
VADIC (121)
* FI MODEM "     " ODEM ONTHL.
259 RECS FOUND.
* DELETE.
* FI ALL.
599 RECS FOUND.
* FI PORTS LE 5.
2 RECS FOUND.
* DELETE.
* FI ALL.
597 RECS FOUND.
* VAL MODEM.
CNCRD (476)
VADIC (121)
* P TOT PORTS.
 16317.000
* INIT 1 PDATA.F91.
* FI ALL.
597 RECS FOUND.
* PRINT ON 1 PILOT NODE MODEM CITY ST PORTS PGR FORMAT A12 "~" I5 "~" A5 "~" &
 #             A10 "~" A3 "~" I3 "~" F3.1 "~" END.
* RELEASE 1.
* CLOSE.
* Q.

EXIT

-COPY (PGRADE)MONTH.STA, SPOOK.DMI

-R 1022
3/27/91
TYMSHARE System 1022A (114B)

* LOAD SPOOK.
System 1022 Data Loading Program
No errors on DESCRIPTION file
%errors on input for attribute PORTS
%errors on input for attribute SESSION
%errors on input for attribute HOURS
%errors on input for attribute ABDS
%errors on input for attribute PGR
%errors on input for attribute NODE
858 records processed, 86 blocks written on phase 2
processing keyed attributes:
PILOT (22 blocks, 605 values)
NODE (12 blocks, 598 values)
MODEM (1 block, 5 values)
CITY (15 blocks, 471 values)
PORTS (6 blocks, 83 values)
SESSION (12 blocks, 600 values)
HOURS (12 blocks, 604 values)
ABDS (12 blocks, 590 values)
PGR (6 blocks, 141 values)
98 blocks written on phase 3
* O SPOOK.
* FI ALL.
858 RECS FOUND.
* VAL MODEM.
      (241)
CNCRD (499)
ODEM  (13)
ONTHL (1)
VADIC (104)
* FI MODEM "     " ODEM ONTHL.
255 RECS FOUND.
* DELETE.
* FI ALL.
603 RECS FOUND.
* FI PORTS LE 5.
FOUND.
* DELETE.
* FI ALL.
602 RECS FOUND.
* VAL MODEM.
CNCRD (498)
VADIC (104)
* P TOT PORTS.
 16406.000
* INIT 1 PDATA.M91.
* FI ALL.
602 RECS FOUND.
* PRINT ON 1 PILOT NODE MODEM CITY ST PORTS PGR FORMAT A12 "~" I5 "~" A5 "~" &
 #             A10 "~" A3 "~" I3 "~" F3.1 "~" END.
* RELEASE 1.
* CLOSE.
* Q.

EXIT

-DATE
MAR 27, 1991	12:49
-TIME
9465.62 TRU
9466.38 TRU
terminal time: 01:14:24.00
-LOGOUT
9466.66 tru
terminal time: 1:14:29

; Req #31428 completed
 0u&9