








































GREENVILLE/NC          20.00     .43
                                 .20
                                 .08
                                 .02
                                 .02
                                 .05
                                 .23
                                 .49
                                 .67
                                 .77
                                 .87
                                 .89
                                 .93
                                 .90
                                 .88
                                 .94
                                1.09
                                1.19
                                1.25
                                1.44
                                1.75
                                1.94
                                1.77
                                1.19
                              









































PORTLAND/ME            15.00     .32
                                 .15
                                 .06
                                 .02
                                 .01
                                 .03
                                 .18
                                 .37
                                 .50
                                 .58
                                 .66
                                 .67
                                 .70
                                 .67
                                 .66
                                 .71
                                 .82
                                 .89
                                 .94
                                1.08
                                1.31
                                1.46
                                1.33
                                 .89
                              









































LEWISTON/AUBURN         2.00     .04
                                 .02
                                 .01
                                 .00
                                 .00
                                 .00
                                 .02
                                 .05
                                 .07
                                 .08
                                 .09
                                 .09
                                 .09
                                 .09
                                 .09
                                 .09
                                 .11
                                 .12
                                 .13
                                 .14
                                 .18
                                 .19
                                 .18
                                 .12
                              









































AUGUSTA/ME              1.00     .02
                                 .01
                                 .00
                                 .00
                                 .00
                                 .00
                                 .01
                                 .02
                                 .03
                                 .04
                                 .04
                                 .04
                                 .05
                                 .04
                                 .04
                                 .05
                                 .05
                                 .06
                                 .06
                                 .07
                                 .09
                                 .10
                                 .09
                                 .06
                              









































ROCHESTER/MN           14.00     .30
                                 .14
                                 .06
                                 .01
                                 .01
                                 .03
                                 .16
                                 .34
                                 .47
                                 .54
                                 .61
                                 .62
                                 .65
                                 .63
                                 .62
                                 .66
                                 .77
                                 .83
                                 .88
                                1.01
                                1.23
                                1.36
                                1.24
                                 .83
                              









































SALISBURY              15.00     .32
                                 .15
                                 .06
                                 .02
                                 .01
                                 .03
                                 .18
                                 .37
                                 .50
                                 .58
                                 .66
                                 .67
                                 .70
                                 .67
                                 .66
                                 .71
                                 .82
                                 .89
                                 .94
                                1.08
                                1.31
                                1.46
                                1.33
                                 .89
                              









































VICTORIA/TX            21.00     .45
                                 .21
                                 .09
                                 .02
                                 .02
                                 .05
                                 .25
                                 .52
                                 .70
                                 .81
                                 .92
                                 .93
                                 .98
                                 .94
                                 .92
                                 .99
                                1.15
                                1.25
                                1.31
                                1.51
                                1.84
                                2.04
                                1.86
                                1.25
                              









































CAPE GIRARDEAU         12.00     .26
                                 .12
                                 .05
                                 .01
                                 .01
                                 .03
                                 .14
                                 .30
                                 .40
                                 .46
                                 .52
                                 .53
                                 .56
                                 .54
                                 .53
                                 .57
                                 .66
                                 .71
                                 .75
                                 .86
                                1.05
                                1.17
                                1.06
                                 .72
                              









































MONROE/LA              30.00     .65
                                 .29
                                 .12
                                 .03
                                 .02
                                 .07
                                 .35
                                 .74
                                1.00
                                1.15
                                1.31
                                1.33
                                1.40
                                1.35
                                1.32
                                1.42
                                1.64
                                1.78
                                1.88
                                2.15
                                2.63
                                2.91
                                2.65
                                1.79
                              









































WILMINGTON             68.00    1.46
                                 .67
                                 .28
                                 .07
                                 .05
                                 .16
                                 .80
                                1.67
                                2.28
                                2.61
                                2.97
                                3.03
                                3.18
                                3.05
                                2.99
                                3.21
                                3.72
                                4.05
                                4.25
                                4.88
                                5.95
                                6.60
                                6.01
                                4.05
                              









































PORT ARTHUR           107.00    2.30
                                1.05
                                 .44
                                 .11
                                 .09
                                 .25
                                1.25
                                2.63
                                3.58
                                4.11
                                4.68
                                4.76
                                5.00
                                4.80
                                4.71
                                5.05
                                5.85
                                6.37
                                6.69
                                7.68
                                9.36
                               10.39
                                9.46
                                6.38
                              









































PASCAGOULA             71.00    1.53
                                 .70
                                 .29
                                 .07
                                 .06
                                 .16
                                 .83
                                1.75
                                2.38
                                2.73
                                3.10
                                3.16
                                3.32
                                3.19
                                3.12
                                3.35
                                3.88
                                4.22
                                4.44
                                5.10
                                6.21
                                6.89
                                6.28
                                4.23
                              









































GULFPORT               94.00    2.02
                                 .92
                                 .39
                                 .09
                                 .08
                                 .22
                                1.10
                                2.31
                                3.15
                                3.61
                                4.11
                                4.18
                                4.39
                                4.22
                                4.14
                                4.44
                                5.14
                                5.59
                                5.88
                                6.75
                                8.23
                                9.13
                                8.31
                                5.60
                              









































KINGSPORT/TN           13.00     .28
                                 .13
                                 .05
                                 .01
                                 .01
                                 .03
                                 .15
                                 .32
                                 .44
                                 .50
                                 .57
                                 .58
                                 .61
                                 .58
                                 .57
                                 .61
                                 .71
                                 .77
                                 .81
                                 .93
                                1.14
                                1.26
                                1.15
                                 .77
                              









































JOHNSON CITY/TN        23.00     .49
                                 .23
                                 .09
                                 .02
                                 .02
                                 .05
                                 .27
                                 .57
                                 .77
                                 .88
                                1.01
                                1.02
                                1.07
                                1.03
                                1.01
                                1.09
                                1.26
                                1.37
                                1.44
                                1.65
                                2.01
                                2.23
                                2.03
                                1.37
                              









































BURLINGTON/VT          67.00    1.44
                                 .66
                                 .27
                                 .07
                                 .05
                                 .15
                                 .78
                                1.65
                                2.24
                                2.57
                                2.93
                                2.98
                                3.13
                                3.01
                                2.95
                                3.16
                                3.66
                                3.99
                                4.19
                                4.81
                                5.86
                                6.51
                                5.92
                                3.99
                              









































MONTPELIER              8.00     .17
                                 .08
                                 .03
                                 .01
                                 .01
                                 .02
                                 .09
                                 .20
                                 .27
                                 .31
                                 .35
                                 .36
                                 .37
                                 .36
                                 .35
                                 .38
                                 .44
                                 .48
                                 .50
                                 .57
                                 .70
                                 .78
                                 .71
                                 .48
                              









































HANOVER/NH             13.00     .28
                                 .13
                                 .05
                                 .01
                                 .01
                                 .03
                                 .15
                                 .32
                                 .44
                                 .50
                                 .57
                                 .58
                                 .61
                                 .58
                                 .57
                                 .61
                                 .71
                                 .77
                                 .81
                                 .93
                                1.14
                                1.26
                           1.15
                                 .77
                              









































BUTTE                   6.00     .13
                                 .06
                                 .02
                                 .01
                                 .00
                                 .01
                                 .07
                                 .15
                                 .20
                                 .23
                                 .26
                                 .27
                                 .28
                                 .27
                                 .26
                                 .28
                                 .33
                                 .36
                                 .38
                                 .43
                                 .53
                                 .58
                                 .53
                                 .36
                              









































BOZEMAN                35.00     .75
                                 .34
                                 .14
                                 .04
                                 .03
                                 .08
                                 .41
                                 .86
                                1.17
                                1.34
                                1.53
                                1.56
                                1.63
                                1.57
                                1.54
                                1.65
                                1.91
                                2.08
                                2.19
                                2.51
                                3.06
                                3.40
                                3.09
                                2.09
                              









































CHICO                  61.00    1.31
                                 .60
                                 .25
                                 .06
                                 .05
                                 .14
                                 .71
                                1.50
                                2.04
                                2.34
                                2.67
                                2.71
                                2.85
                                2.74
                                2.68
                                2.88
                                3.34
                                3.63
                                3.81
                                4.38
                                5.34
                                5.92
                                5.39
                                3.64
                              









































REDDING                33.00     .71
                                 .32
                                 .14
                                 .03
                                 .03
                                 .08
                                 .39
                                 .81
                                1.11
                                1.27
                                1.44
                                1.47
                                1.54
                                1.48
                                1.45
                                1.56
                                1.81
                                1.96
                                2.06
                                2.37
                                2.89
                                3.20
                                2.92
                                1.97
                              









































COLUMBIA/MO            70.00    1.50
                                 .69
                                 .29
                                 .07
                                 .06
                                 .16
                                 .82
                                1.72
                                2.34
                                2.69
                                3.06
                                3.11
                                3.27
                                3.14
                                3.08
                                3.30
                                3.83
                                4.17
                                4.38
                                5.03
                                6.13
                                6.80
                                6.19
                                4.17
                              









































JEFFERSON CITY         37.00     .80
                                 .36
                                 .15
                                 .04
                                 .03
                                 .09
                                 .43
                                 .91
                                1.24
                                1.42
                                1.62
                                1.65
                                1.73
                                1.66
                                1.63
                                1.75
                                2.02
                                2.20
                                2.31
                                2.66
                                3.24
                                3.59
                                3.27
                                2.21
                              









































COLUMBUS/GA            80.00    1.72
                                 .78
                                 .33
                                 .08
                                 .06
                                 .18
                                 .94
                                1.97
                                2.68
                                3.07
                                3.50
                                3.56
                                3.74
                                3.59
                                3.52
                                3.78
                                4.38
                                4.76
                                5.00
                                5.74
                                7.00
                                7.77
                                7.07
                                4.77
                              









































OPELIKA                32.00     .69
                                 .31
                                 .13
                                 .03
                                 .03
                                 .07
                                 .37
                                 .79
                                1.07
                                1.23
                                1.40
                                1.42
                                1.49
                                1.44
                                1.41
                                1.51
                                1.75
                                1.90
                                2.00
                                2.30
                                2.80
                                3.11
                                2.83
                                1.91
                              









































YUMA                   27.00     .58
                                 .26
                                 .11
                                 .03
                                 .02
                                 .06
                                 .32
                                 .66
                                 .90
                                1.04
                                1.18
                                1.20
                                1.26
                                1.21
                                1.19
                                1.27
                                1.48
                                1.61
                                1.69
                                1.94
                                2.36
                                2.62
                                2.39
                                1.61
                              









































ELMIRA                 21.00     .45
                                 .21
                                 .09
                                 .02
                                 .02
                                 .05
                                 .25
                                 .52
                                 .70
                                 .81
                                 .92
                                 .93
                                 .98
                                 .94
                                 .92
                                 .99
                                1.15
                                1.25
                                1.31
                                1.51
                                1.84
                                2.04
                                1.86
                                1.25
                              









































CORNING                16.00     .34
                                 .16
                                 .07
                                 .02
                                 .01
                                 .04
                                 .19
                                 .39
                                 .54
                                 .61
                                 .70
                                 .71
                                 .75
                                 .72
                                 .70
                                 .76
                                 .88
                                 .95
                                1.00
                                1.15
                                1.40
                                1.55
                                1.41
                                 .95
                              









































EVANSVILLE/IN          79.00    1.70
                                 .77
                                 .32
                                 .08
                                 .06
                                 .18
                                 .92
                                1.94
                                2.65
                                3.03
                                3.45
                                3.52
                                3.69
                                3.55
                                3.48
                                3.73
                                4.32
                                4.70
                                4.94
                                5.67
                                6.91
                                7.67
                                6.98
                                4.71
                              









































OWENSBORO/KY           32.00     .69
                                 .31
                                 .13
                                 .03
                                 .03
                                 .07
                                 .37
                                 .79
                                1.07
                                1.23
                                1.40
                                1.42
                                1.49
                                1.44
                                1.41
                                1.51
                                1.75
                                1.90
                                2.00
                                2.30
                                2.80
                                3.11
                                2.83
                                1.91
                              









































FLORENCE/SC            45.00     .97
                                 .44
                                 .18
                                 .05
                                 .04
                                 .10
                                 .53
                                1.11
                                1.51
                                1.73
                                1.97
                                2.00
                                2.10
                                2.02
                                1.98
                                2.12
                                2.46
                                2.68
                                2.81
                                3.23
                                3.94
                                4.37
                                3.98
                                2.68
                              









































MYRTLE BEACH           16.00     .34
                                 .16
                                 .07
                                 .02
                                 .01
                                 .04
                                 .19
                                 .39
                                 .54
                                 .61
                                 .70
                                 .71
                                 .75
                                 .72
                                 .70
                                 .76
                                 .88
                                 .95
                                1.00
                                1.15
                                1.40
                                1.55
                                1.41
                                 .95
                              









































FT. MYERS              82.00    1.76
                                 .80
                                 .34
                                 .08
                                 .07
                                 .19
                                 .96
                                2.02
                                2.75
                                3.15
                                3.58
                                3.65
                                3.83
                                3.68
                                3.61
                                3.87
                                4.49
                                4.88
                                5.13
                                5.89
                                7.18
                                7.96
                                7.25
                                4.89
                              









































NAPLES                 79.00    1.70
                                 .77
                                 .32
                                 .08
                                 .06
                                 .18
                                 .92
                                1.94
                                2.65
                                3.03
                                3.45
                                3.52
                                3.69
                                3.55
                                3.48
                                3.73
                                4.32
                                4.70
                                4.94
                                5.67
                                6.91
                                7.67
                                6.98
                                4.71
                              









































FT. SMITH/AR           45.00     .97
                                 .44
                                 .18
                                 .05
                                 .04
                                 .10
                                 .53
                                1.11
                                1.51
                                1.73
                                1.97
                                2.00
                                2.10
                                2.02
                                1.98
                                2.12
                                2.46
                                2.68
                                2.81
                                3.23
                                3.94
                                4.37
                                3.98
                                2.68
                              









































FAYETTEVILLE/AR        43.00     .92
                                 .42
                                 .18
                                 .04
                                 .03
                                 .10
                                 .50
                                1.06
                                1.44
                                1.65
                                1.88
                                1.91
                                2.01
                                1.93
                                1.89
                                2.03
                                2.35
                                2.56
                                2.69
                                3.09
                                3.76
                                4.18
                                3.80
                                2.56
                              









































IDAHO FALLS            46.00     .99
                                 .45
                                 .19
                                 .05
                                 .04
                                 .11
                                 .54
                                1.13
                                1.54
                                1.77
                                2.01
                                2.05
                                2.15
                                2.07
                                2.02
                                2.17
                                2.52
                                2.74
                                2.88
                                3.30
                                4.03
                                4.47
                                4.07
                                2.74
                              









































POCATELLO              37.00     .80
                                 .36
                                 .15
                                 .04
                                 .03
                                 .09
                                 .43
                                 .91
                                1.24
                                1.42
                                1.62
                                1.65
                                1.73
                                1.66
                                1.63
                                1.75
                                2.02
                                2.20
                                2.31
                                2.66
                                3.24
                                3.59
                                3.27
                                2.21
                              









































JOHNSTOWN/PA           18.00     .39
                                 .18
                                 .07
                                 .02
                                 .01
                                 .04
                                 .21
                                 .44
                                 .60
                                 .69
                                 .79
                                 .80
                                 .84
                                 .81
                                 .79
                                 .85
                                 .98
                                1.07
                                1.13
                                1.29
                                1.58
                                1.75
                                1.59
                                1.07
                              









































ALTOONA                15.00     .32
                                 .15
                                 .06
                                 .02
                                 .01
                                 .03
                                 .18
                                 .37
                                 .50
                                 .58
                                 .66
                                 .67
                                 .70
                                 .67
                                 .66
                                 .71
                                 .82
                                 .89
                                 .94
                                1.08
                                1.31
                                1.46
                                1.33
                                 .89
                              









































STATE COLLEGE          49.00    1.05
                                 .48
                                 .20
                                 .05
                                 .04
                                 .11
                                 .57
                                1.21
                                1.64
                                1.88
                                2.14
                                2.18
                                2.29
                                2.20
                                2.16
                                2.31
                                2.68
                                2.92
                                3.06
                                3.52
                                4.29
                                4.76
                                4.33
                                2.92
                              









































LA CROSSE              43.00     .92
                                 .42
                                 .18
                                 .04
                                 .03
                                 .10
                                 .50
                                1.06
                                1.44
                                1.65
                                1.88
                                1.91
                                2.01
                                1.93
                                1.89
                                2.03
                                2.35
                                2.56
                                2.69
                                3.09
                                3.76
                                4.18
                                3.80
                                2.56
                              









































EAU CLAIRE             49.00    1.05
                                 .48
                                 .20
                                 .05
                                 .04
                                 .11
                                 .57
                                1.21
                                1.64
                                1.88
                                2.14
                                2.18
                                2.29
                                2.20
                                2.16
                                2.31
                                2.68
                                2.92
                                3.06
                                3.52
                                4.29
                                4.76
                                4.33
                                2.92
                              









































McALLEN                48.00    1.03
                                 .47
                                 .20
                                 .05
                                 .04
                                 .11
                                 .56
                                1.18
                                1.61
                                1.84
                                2.10
                                2.14
                                2.24
                                2.16
                                2.11
                                2.27
                                2.63
                                2.86
                                3.00
                                3.45
                                4.20
                                4.66
                                4.24
                                2.86
                              









































BROWNSVILLE            14.00     .30
                                 .14
                                 .06
                                 .01
                                 .01
                                 .03
                                 .16
                                 .34
                                 .47
                                 .54
                                 .61
                                 .62
                                 .65
                                 .63
                                 .62
                                 .66
                                 .77
                                 .83
                                 .88
                                1.01
                                1.23
                                1.36
                                1.24
                                 .83
                              









































MINOT                  20.00     .43
                                 .20
                                 .08
                                 .02
                                 .02
                                 .05
                                 .23
                                 .49
                                 .67
                                 .77
                                 .87
                                 .89
                                 .93
                                 .90
                                 .88
                                 .94
                                1.09
                                1.19
                                1.25
                                1.44
                                1.75
                                1.94
                                1.77
                                1.19
                              









































BISMARK                40.00     .86
                                 .39
                                 .16
                                 .04
                                 .03
                                 .09
                                 .47
                                 .98
                                1.34
                                1.54
                                1.75
                                1.78
                                1.87
                                1.80
                                1.76
                                1.89
                                2.19
                                2.38
                                2.50
                                2.87
                                3.50
                                3.88
                                3.54
                                2.38
                              









































SIOUX FALLS/SD         57.00    1.23
                                 .56
                                 .23
                                 .06
                                 .05
                                 .13
                                 .67
                                1.40
                                1.91
                                2.19
                                2.49
                                2.54
                                2.66
                                2.56
                                2.51
                                2.69
                                3.12
                                3.39
                                3.56
                                4.09
                                4.99
                                5.53
                                5.04
                                3.40
                              









































PIERRE                  7.00     .15
                                 .07
                                 .03
                                 .01
                                 .01
                                 .02
                                 .08
                                 .17
                                 .23
                                 .27
                                 .31
                                 .31
                                 .33
                                 .31
                                 .31
                                 .33
                                 .38
                                 .42
                                 .44
                                 .50
                                 .61
                                 .68
                                 .62
                                 .42
                              









































TOPEKA                 94.00    2.02
                                 .92
                                 .39
                                 .09
                                 .08
                                 .22
                                1.10
                                2.31
                                3.15
                                3.61
                                4.11
                                4.18
                                4.39
                                4.22
                                4.14
                                4.44
                                5.14
                                5.59
                                5.88
                                6.75
                                8.23
                                9.13
                                8.31
                                5.60
                              









































MANHATTAN              34.00     .73
                                 .33
                                 .14
                                 .03
                                 .03
                                 .08
                                 .40
                                 .84
                                1.14
                                1.31
                                1.49
                                1.51
                                1.59
                                1.53
                                1.50
                                1.60
                                1.86
                                2.02
                                2.13
                                2.44
                                2.98
                                3.30
                                3.01
                                2.03
                              









































TRAVERSE CITY          22.00     .47
                                 .22
                                 .09
                                 .02
                                 .02
                                 .05
                                 .26
                                 .54
                                 .74
                                 .84
                                 .96
                                 .98
                                1.03
                                 .99
                                 .97
                                1.04
                                1.20
                                1.31
                                1.38
                                1.58
                                1.93
                                2.14
                                1.94
                                1.31
                              









































CADILLAC                2.00     .04
                                 .02
                                 .01
                                 .00
                                 .00
                                 .00
                                 .02
                                 .05
                                 .07
                                 .08
                                 .09
                                 .09
                                 .09
                                 .09
                                 .09
                                 .09
                                 .11
                                 .12
                                 .13
                                 .14
                                 .18
                                 .19
                                 .18
                                 .12
                              









































TYLER                  52.00    1.12
                                 .51
                                 .21
                                 .05
                                 .04
                                 .12
                                 .61
                                1.28
                                1.74
                                2.00
                                2.27
                                2.31
                                2.43
                                2.33
                                2.29
                                2.45
                                2.84
                                3.09
                                3.25
                                3.73
                                4.55
                                5.05
                                4.60
                                3.10
                              









































LONGVIEW/TX            46.00     .99
                                 .45
                                 .19
                                 .05
                                 .04
                                 .11
                                 .54
                                1.13
                                1.54
                                1.77
                                2.01
                                2.05
                                2.15
                                2.07
                                2.02
                                2.17
                                2.52
                                2.74
                                2.88
                                3.30
                                4.03
                                4.47
                                4.07
                                2.74
                              









































WHEELING                8.00     .17
                                 .08
                                 .03
                                 .01
                                 .01
                                 .02
                                 .09
                                 .20
                                 .27
                                 .31
                                 .35
                                 .36
                                 .37
                                 .36
                                 .35
                                 .38
                                 .44
                                 .48
                                 .50
                                 .57
                                 .70
                                 .78
                                 .71
                                 .48
                              









































STEUBENVILLE           16.00     .34
                                 .16
                                 .07
                                 .02
                                 .01
                                 .04
                                 .19
                                 .39
                                 .54
                                 .61
                                 .70
                                 .71
                                 .75
                                 .72
                                 .70
                                 .76
                                 .88
                                 .95
                                1.00
                                1.15
                                1.40
                                1.55
                                1.41
                                 .95
                              









































WICHITA FALLS/TX       56.00    1.20
                                 .55
                                 .23
                                 .06
                                 .04
                                 .13
                                 .66
                                1.38
                                1.88
                                2.15
                                2.45
                                2.49
                                2.62
                                2.51
                                2.46
                                2.64
                                3.06
                                3.33
                                3.50
                                4.02
                                4.90
                                5.44
                                4.95
                                3.34
                              









































LAWTON                 43.00     .92
                                 .42
                                 .18
                                 .04
                                 .03
                                 .10
                                 .50
                                1.06
                                1.44
                                1.65
                                1.88
                                1.91
                                2.01
                                1.93
                                1.89
                                2.03
                                2.35
                                2.56
                                2.69
                                3.09
                                3.76
                                4.18
                                3.80
                                2.56
                              









































WILKES-BARRE           23.00     .49
                                 .23
                                 .09
                                 .02
                                 .02
                                 .05
                                 .27
                                 .57
                                 .77
                                 .88
                                1.01
                                1.02
                                1.07
                                1.03
                                1.01
                                1.09
                                1.26
                                1.37
                                1.44
                                1.65
                                2.01
                                2.23
                                2.03
                                1.37
                              









































SCRANTON               29.00     .62
                                 .28
                                 .12
                                 .03
                                 .02
                                 .07
                                 .34
                                 .71
                                 .97
                                1.11
                                1.27
                                1.29
                                1.35
                                1.30
                                1.28
                                1.37
                                1.59
                                1.73
                                1.81
                                2.08
                                2.54
                                2.82
                                2.56
                                1.73
                              









































WILLIAMSPORT           13.00     .28
                                 .13
                                 .05
                                 .01
                                 .01
                                 .03
                                 .15
                                 .32
                                 .44
                                 .50
                                 .57
                                 .58
                                 .61
                                 .58
                                 .57
                                 .61
                                 .71
                                 .77
                                 .81
                                 .93
                                1.14
                                1.26
                                1.15
                                 .77
                              









































YAKIMA                 43.00     .92
                                 .42
                                 .18
                                 .04
                                 .03
                                 .10
                                 .50
                                1.06
                                1.44
                                1.65
                                1.88
                                1.91
                                2.01
                                1.93
                                1.89
                                2.03
                                2.35
                                2.56
                                2.69
                                3.09
                                3.76
                                4.18
                                3.80
                                2.56
                              









































RICHLAND               35.00     .75
                                 .34
                                 .14
                                 .04
                                 .03
                                 .08
                                 .41
                                 .86
                                1.17
                                1.34
                                1.53
                                1.56
                                1.63
                                1.57
                                1.54
                                1.65
                                1.91
                                2.08
                                2.19
                                2.51
                                3.06
                                3.40
                                3.09
                                2.09
                              
M U3