








































MYERSVILLE             46.00     .99
                                 .45
                                 .19
                                 .05
                                 .04
                                 .11
                                 .54
                                1.13
                                1.54
                                1.77
                                2.01
                                2.05
                                2.15
                                2.07
                                2.02
                                2.17
                                2.52
                                2.74
                                2.88
                                3.30
                                4.03
                                4.47
                                4.07
                                2.74
                              









































ATHENS                 38.00     .82
                                 .37
                                 .16
                                 .04
                                 .03
                                 .09
                                 .44
                                 .93
                                1.27
                                1.46
                                1.66
                                1.69
                                1.77
                                1.71
                                1.67
                                1.79
                                2.08
                                2.26
                                2.38
                                2.73
                                3.33
                                3.69
                                3.36
                                2.26
                              









































ROME                   13.00     .28
                                 .13
                                 .05
                                 .01
                                 .01
                                 .03
                                 .15
                                 .32
                                 .44
                                 .50
                                 .57
                                 .58
                                 .61
                                 .58
                                 .57
                                 .61
                                 .71
                                 .77
                                 .81
                                 .93
                                1.14
                                1.26
                                1.15
                                 .77
                              









































ABERDEEN               40.00     .86
                                 .39
                                 .16
                                 .04
                                 .03
                                 .09
                                 .47
                                 .98
                                1.34
                                1.54
                                1.75
                                1.78
                                1.87
                                1.80
                                1.76
                                1.89
                                2.19
                                2.38
                                2.50
                                2.87
                                3.50
                                3.88
                                3.54
                                2.38
                              









































CUMBERLAND             12.00     .26
                                 .12
                                 .05
                                 .01
                                 .01
                                 .03
                                 .14
                                 .30
                                 .40
                                 .46
                                 .52
                                 .53
                                 .56
                                 .54
                                 .53
                                 .57
                                 .66
                                 .71
                                 .75
                                 .86
                                1.05
                                1.17
                                1.06
                                 .72
                              









































DURHAM                  4.00     .09
                                 .04
                                 .02
                                 .00
                                 .00
                                 .01
                                 .05
                                 .10
                                 .13
                                 .15
                                 .17
                                 .18
                                 .19
                                 .18
                                 .18
                                 .19
                                 .22
                                 .24
                                 .25
                                 .29
                                 .35
                                 .39
                                 .35
                                 .24
                              









































LEXINGTON/MA           23.00     .49
                                 .23
                                 .09
                                 .02
                                 .02
                                 .05
                                 .27
                                 .57
                                 .77
                                 .88
                                1.01
                                1.02
                                1.07
                                1.03
                                1.01
                                1.09
                                1.26
                                1.37
                                1.44
                                1.65
                                2.01
                                2.23
                                2.03
                                1.37
                              









































GROTON                  9.00     .19
                                 .09
                                 .04
                                 .01
                                 .01
                                 .02
                                 .11
                                 .22
                                 .30
                                 .35
                                 .39
                                 .40
                                 .42
                                 .40
                                 .40
                                 .42
                                 .49
                                 .54
                                 .56
                                 .65
                                 .79
                                 .87
                                 .80
                                 .54
                              









































LAWRENCE               16.00     .34
                                 .16
                                 .07
                                 .02
                                 .01
                                 .04
                                 .19
                                 .39
                                 .54
                                 .61
                                 .70
                                 .71
                                 .75
                                 .72
                                 .70
                                 .76
                                 .88
                                 .95
                                1.00
                                1.15
                                1.40
                                1.55
                                1.41
                                 .95
                              









































LEOMINSTER              5.00     .11
                                 .05
                                 .02
                                 .01
                                 .00
                                 .01
                                 .06
                                 .12
                                 .17
                                 .19
                                 .22
                                 .22
                                 .23
                                 .22
                                 .22
                                 .24
                                 .27
                                 .30
                                 .31
                                 .36
                                 .44
                                 .49
                                 .44
                                 .30
                              









































MARLBORO                9.00     .19
                                 .09
                                 .04
                                 .01
                                 .01
                                 .02
                                 .11
                                 .22
                                 .30
                                 .35
                                 .39
                                 .40
                                 .42
                                 .40
                                 .40
                                 .42
                                 .49
                                 .54
                                 .56
                                 .65
                                 .79
                                 .87
                                 .80
                                 .54
                              









































BRADLEY                 2.00     .04
                                 .02
                                 .01
                                 .00
                                 .00
                                 .00
                                 .02
                                 .05
                                 .07
                                 .08
                                 .09
                                 .09
                                 .09
                                 .09
                                 .09
                                 .09
                                 .11
                                 .12
                                 .13
                                 .14
                                 .18
                                 .19
                                 .18
                                 .12
                              









































GARY                   13.00     .28
                                 .13
                                 .05
                                 .01
                                 .01
                                 .03
                                 .15
                                 .32
                                 .44
                                 .50
                                 .57
                                 .58
                                 .61
                                 .58
                                 .57
                                 .61
                                 .71
                                 .77
                                 .81
                                 .93
                                1.14
                                1.26
                                1.15
                                 .77
                              









































AKRON                 276.00    5.93
                                2.70
                                1.13
                                 .28
                                 .22
                                 .63
                                3.23
                                6.79
                                9.25
                               10.60
                               12.06
                               12.28
                               12.89
                               12.39
                               12.14
                               13.03
                               15.10
                               16.42
                               17.25
                               19.82
                               24.15
                               26.80
                               24.40
                               16.45
                              









































CANTON                150.00    3.22
                                1.47
                                 .62
                                 .15
                                 .12
                                 .35
                                1.76
                                3.69
                                5.02
                                5.76
                                6.55
                                6.67
                                7.00
                                6.74
                                6.60
                                7.08
                                8.21
                                8.92
                                9.38
                               10.77
                               13.13
                               14.56
                               13.26
                                8.94
                              









































ELYRIA                 71.00    1.53
                                 .70
                                 .29
                                 .07
                                 .06
                                 .16
                                 .83
                                1.75
                                2.38
                                2.73
                                3.10
                                3.16
                                3.32
                                3.19
                                3.12
                                3.35
                                3.88
                                4.22
                                4.44
                                5.10
                                6.21
                                6.89
                                6.28
                                4.23
                              









































MANSFIELD              30.00     .65
                                 .29
                                 .12
                                 .03
                                 .02
                                 .07
                                 .35
                                 .74
                                1.00
                                1.15
                                1.31
                                1.33
                                1.40
                                1.35
                                1.32
                                1.42
                                1.64
                                1.78
                                1.88
                                2.15
                                2.63
                                2.91
                                2.65
                                1.79
                              









































NEWARK/OH                .00     .00
                                 .00
                                 .00
                                 .00
                                 .00
                                 .00
                                 .00
                                 .00
                                 .00
                                 .00
                                 .00
                                 .00
                                 .00
                                 .00
                                 .00
                                 .00
                                 .00
                                 .00
                                 .00
                                 .00
                                 .00
                                 .00
                            .00
                                 .00
                              









































MCKINNEY                9.00     .19
                                 .09
                                 .04
                                 .01
                                 .01
                                 .02
                                 .11
                                 .22
                                 .30
                                 .35
                                 .39
                                 .40
                                 .42
                                 .40
                                 .40
                                 .42
                                 .49
                                 .54
                                 .56
                                 .65
                                 .79
                                 .87
                                 .80
                                 .54
                              









































SHERMAN                 5.00     .11
                                 .05
                                 .02
                                 .01
                                 .00
                                 .01
                                 .06
                                 .12
                                 .17
                                 .19
                                 .22
                                 .22
                                 .23
                                 .22
                                 .22
                                 .24
                                 .27
                                 .30
                                 .31
                                 .36
                                 .44
                                 .49
                                 .44
                                 .30
                              









































DENTON                 12.00     .26
                                 .12
                                 .05
                                 .01
                                 .01
                                 .03
                                 .14
                                 .30
                                 .40
                                 .46
                                 .52
                                 .53
                                 .56
                                 .54
                                 .53
                                 .57
                                 .66
                                 .71
                                 .75
                                 .86
                                1.05
                                1.17
                                1.06
                                 .72
                              









































SPRINGFIELD/OH           .00     .00
                                 .00
                                 .00
                                 .00
                                 .00
                                 .00
                                 .00
                                 .00
                                 .00
                                 .00
                                 .00
                                 .00
                                 .00
                                 .00
                                 .00
                                 .00
                                 .00
                                 .00
                                 .00
                                 .00
                                 .00
                                 .00
                                 .00
                                 .00
                              









































GREELEY                25.00     .54
                                 .25
                                 .10
                                 .03
                                 .02
                                 .06
                                 .29
                                 .61
                                 .84
                                 .96
                                1.09
                                1.11
                                1.17
                                1.12
                                1.10
                                1.18
                                1.37
                                1.49
                                1.56
                                1.80
                                2.19
                                2.43
                                2.21
                                1.49
                              









































LARAMIE                 8.00     .17
                                 .08
                                 .03
                                 .01
                                 .01
                                 .02
                                 .09
                                 .20
                                 .27
                                 .31
                                 .35
                                 .36
                                 .37
                                 .36
                                 .35
                                 .38
                                 .44
                                 .48
                                 .50
                                 .57
                                 .70
                                 .78
                                 .71
                                 .48
                              









































PORT HURON              9.00     .19
                                 .09
                                 .04
                                 .01
                                 .01
                                 .02
                                 .11
                                 .22
                                 .30
                                 .35
                                 .39
                                 .40
                                 .42
                                 .40
                                 .40
                                 .42
                                 .49
                                 .54
                                 .56
                                 .65
                                 .79
                                 .87
                                 .80
                                 .54
                              









































SOUTHFIELD              7.00     .15
                                 .07
                                 .03
                                 .01
                                 .01
                                 .02
                                 .08
                                 .17
                                 .23
                                 .27
                                 .31
                                 .31
                                 .33
                                 .31
                                 .31
                                 .33
                                 .38
                                 .42
                                 .44
                                 .50
                                 .61
                                 .68
                                 .62
                                 .42
                              









































SOMERS                 41.00     .88
                                 .40
                                 .17
                                 .04
                                 .03
                                 .09
                                 .48
                                1.01
                                1.37
                                1.57
                                1.79
                                1.82
                                1.91
                                1.84
                                1.80
                                1.94
                                2.24
                                2.44
                                2.56
                                2.94
                                3.59
                                3.98
                                3.62
                                2.44
                              









































BAYTOWN                25.00     .54
                                 .25
                                 .10
                                 .03
                                 .02
                                 .06
                                 .29
                                 .61
                                 .84
                                 .96
                                1.09
                                1.11
                                1.17
                                1.12
                                1.10
                                1.18
                                1.37
                                1.49
                                1.56
                                1.80
                                2.19
                                2.43
                                2.21
                                1.49
                              









































KOKOMO                 27.00     .58
                                 .26
                                 .11
                                 .03
                                 .02
                                 .06
                                 .32
                                 .66
                                 .90
                                1.04
                                1.18
                                1.20
                                1.26
                                1.21
                                1.19
                                1.27
                                1.48
                                1.61
                                1.69
                                1.94
                                2.36
                                2.62
                                2.39
                                1.61
                              









































MUNCIE                 55.00    1.18
                                 .54
                                 .23
                                 .06
                                 .04
                                 .13
                                 .64
                                1.35
                                1.84
                                2.11
                                2.40
                                2.45
                                2.57
                                2.47
                                2.42
                                2.60
                                3.01
                                3.27
                                3.44
                                3.95
                                4.81
                                5.34
                                4.86
                                3.28
                              









































BLOOMINGTON            32.00     .69
                                 .31
                                 .13
                                 .03
                                 .03
                                 .07
                                 .37
                                 .79
                                1.07
                                1.23
                                1.40
                                1.42
                                1.49
                                1.44
                                1.41
                                1.51
                                1.75
                                1.90
                                2.00
                                2.30
                                2.80
                                3.11
                                2.83
                                1.91
                              









































MARION                  6.00     .13
                                 .06
                                 .02
                                 .01
                                 .00
                                 .01
                                 .07
                                 .15
                                 .20
                                 .23
                                 .26
                                 .27
                                 .28
                                 .27
                                 .26
                                 .28
                                 .33
                                 .36
                                 .38
                                 .43
                                 .53
                                 .58
                                 .53
                                 .36
                              









































LAWRENCE/KS              .00     .00
                                 .00
                                 .00
                                 .00
                                 .00
                                 .00
                                 .00
                                 .00
                                 .00
                                 .00
                                 .00
                                 .00
                                 .00
                                 .00
                                 .00
                                 .00
                                 .00
                                 .00
                                 .00
                                 .00
                                 .00
                                 .00
                                 .00
                                 .00
                              









































LEAVENWORTH              .00     .00
                                 .00
                                 .00
                                 .00
                                 .00
                                 .00
                                 .00
                                 .00
                                 .00
                                 .00
                                 .00
                                 .00
                                 .00
                                 .00
                                 .00
                                 .00
                                 .00
                                 .00
                                 .00
                                 .00
                                 .00
                                 .00
                                 .00
                                 .00
                              









































FORT PIERCE             4.00     .09
                                 .04
                                 .02
                                 .00
                                 .00
                                 .01
                                 .05
                                 .10
                                 .13
                                 .15
                                 .17
                                 .18
                                 .19
                                 .18
                                 .18
                                 .19
                                 .22
                                 .24
                                 .25
                                 .29
                                 .35
                                 .39
                                 .35
                                 .24
                              









































PORT ST. LUCIE         33.00     .71
                                 .32
                                 .14
                                 .03
                                 .03
                                 .08
                                 .39
                                 .81
                                1.11
                                1.27
                                1.44
                                1.47
                                1.54
                                1.48
                                1.45
                                1.56
                                1.81
                                1.96
                                2.06
                                2.37
                                2.89
                                3.20
                                2.92
                                1.97
                              









































VERO BEACH             17.00     .37
                                 .17
                                 .07
                                 .02
                                 .01
                                 .04
                                 .20
                                 .42
                                 .57
                                 .65
                                 .74
                                 .76
                                 .79
                                 .76
                                 .75
                                 .80
                                 .93
                                1.01
                                1.06
                                1.22
                                1.49
                                1.65
                                1.50
                                1.01
                              









































KENOSHA                  .00     .00
                                 .00
                                 .00
                                 .00
                                 .00
                                 .00
                                 .00
                                 .00
                                 .00
                                 .00
                                 .00
                                 .00
                                 .00
                                 .00
                                 .00
                                 .00
                                 .00
                                 .00
                                 .00
                                 .00
                                 .00
                                 .00
                                 .00
                                 .00
                              









































SHEBOYGAN                .00     .00
                                 .00
                                 .00
                                 .00
                                 .00
                                 .00
                                 .00
                                 .00
                                 .00
                                 .00
                                 .00
                                 .00
                                 .00
                                 .00
                                 .00
                                 .00
                                 .00
                                 .00
                                 .00
                                 .00
                                 .00
                                 .00
                                 .00
                                 .00
                              









































WEST BEND                .00     .00
                                 .00
                                 .00
                                 .00
                                 .00
                                 .00
                                 .00
                                 .00
                                 .00
                                 .00
                                 .00
                                 .00
                                 .00
                                 .00
                                 .00
                                 .00
                                 .00
                                 .00
                                 .00
                                 .00
                                 .00
                                 .00
                                 .00
                                 .00
                              









































ST. CLOUD              17.00     .37
                                 .17
                                 .07
                                 .02
                                 .01
                                 .04
                                 .20
                                 .42
                                 .57
                                 .65
                                 .74
                                 .76
                                 .79
                                 .76
                                 .75
                                 .80
                                 .93
                                1.01
                                1.06
                                1.22
                                1.49
                                1.65
                                1.50
                                1.01
                              









































NEW CITY              146.00    3.14
                                1.43
                                 .60
                                 .15
                                 .12
                                 .34
                                1.71
                                3.59
                                4.89
                                5.61
                                6.38
                                6.50
                                6.82
                                6.56
                                6.42
                                6.89
                                7.99
                                8.69
                                9.13
                               10.48
                               12.78
                               14.18
                               12.91
                                8.70
                              









































PISCATAWAY             61.00    1.31
                                 .60
                                 .25
                                 .06
                                 .05
                                 .14
                                 .71
                                1.50
                                2.04
                                2.34
                                2.67
                                2.71
                                2.85
                                2.74
                                2.68
                                2.88
                                3.34
                                3.63
                                3.81
                                4.38
                                5.34
                                5.92
                                5.39
                                3.64
                              









































RED BANK                5.00     .11
                                 .05
                                 .02
                                 .01
                                 .00
                                 .01
                                 .06
                                 .12
                                 .17
                                 .19
                                 .22
                                 .22
                                 .23
                                 .22
                                 .22
                                 .24
                                 .27
                                 .30
                                 .31
                                 .36
                                 .44
                                 .49
                                 .44
                                 .30
                              









































KINGSTON               76.00    1.63
                                 .74
                                 .31
                                 .08
                                 .06
                                 .17
                                 .89
                                1.87
                                2.55
                                2.92
                                3.32
                                3.38
                                3.55
                                3.41
                                3.34
                                3.59
                                4.16
                                4.52
                                4.75
                                5.46
                                6.65
                                7.38
                                6.72
                                4.53
                              









































OCALA                  22.00     .47
                                 .22
                                 .09
                                 .02
                                 .02
                                 .05
                                 .26
                                 .54
                                 .74
                                 .84
                                 .96
                                 .98
                                1.03
                                 .99
                                 .97
                                1.04
                                1.20
                                1.31
                                1.38
                                1.58
                                1.93
                                2.14
                                1.94
                                1.31
                              









































DAYTONA                42.00     .90
                                 .41
                                 .17
                                 .04
                                 .03
                                 .10
                                 .49
                                1.03
                                1.41
                                1.61
                                1.84
                                1.87
                                1.96
                                1.89
                                1.85
                                1.98
                                2.30
                                2.50
                                2.63
                                3.02
                                3.68
                                4.08
                                3.71
                                2.50
                              









































COCOA                 175.00    3.76
                                1.72
                                 .72
                                 .18
                                 .14
                                 .40
                                2.05
                                4.31
                                5.86
                                6.72
                                7.65
                                7.79
                                8.17
                                7.86
                                7.70
                                8.26
                                9.57
                               10.41
                               10.94
                               12.57
                               15.31
                               16.99
                               15.47
                               10.43
                              









































DOVER                  18.00     .39
                                 .18
                                 .07
                                 .02
                                 .01
                                 .04
                                 .21
                                 .44
                                 .60
                                 .69
                                 .79
                                 .80
                                 .84
                                 .81
                                 .79
                                 .85
                                 .98
                                1.07
                                1.13
                                1.29
                                1.58
                                1.75
                                1.59
                                1.07
                              









































ATLANTIC CITY          33.00     .71
                                 .32
                                 .14
                                 .03
                                 .03
                                 .08
                                 .39
                                 .81
                                1.11
                                1.27
                                1.44
                                1.47
                                1.54
                                1.48
                                1.45
                                1.56
                                1.81
                                1.96
                                2.06
                                2.37
                                2.89
                                3.20
                                2.92
                                1.97
                              









































TRENTON                27.00     .58
                                 .26
                                 .11
                                 .03
                                 .02
                                 .06
                                 .32
                                 .66
                                 .90
                                1.04
                                1.18
                                1.20
                                1.26
                                1.21
                                1.19
                                1.27
                                1.48
                                1.61
                                1.69
                                1.94
                                2.36
                                2.62
                                2.39
                                1.61
                              









































VINELAND               10.00     .22
                                 .10
                                 .04
                                 .01
                                 .01
                                 .02
                                 .12
                                 .25
                                 .34
                                 .38
                                 .44
                                 .45
                                 .47
                                 .45
                                 .44
                                 .47
                                 .55
                                 .59
                                 .63
                                 .72
                                 .88
                                 .97
                                 .88
                                 .60
                              









































READING                29.00     .62
                                 .28
                                 .12
                                 .03
                                 .02
                                 .07
                                 .34
                                 .71
                                 .97
                                1.11
                                1.27
                                1.29
                                1.35
                                1.30
                                1.28
                                1.37
                                1.59
                                1.73
                                1.81
                                2.08
                                2.54
                                2.82
                                2.56
                                1.73
                              









































SWARTHMORE              9.00     .19
                                 .09
                                 .04
                                 .01
                                 .01
                                 .02
                                 .11
                                 .22
                                 .30
                                 .35
                                 .39
                                 .40
                                 .42
                                 .40
                                 .40
                                 .42
                                 .49
                                 .54
                                 .56
                                 .65
                                 .79
                                 .87
                                 .80
                                 .54
                              









































COATESVILLE             1.00     .02
                                 .01
                                 .00
                                 .00
                                 .00
                                 .00
                                 .01
                                 .02
                                 .03
                                 .04
                                 .04
                                 .04
                                 .05
                                 .04
                                 .04
                                 .05
                                 .05
                                 .06
                                 .06
                                 .07
                                 .09
                                 .10
                                 .09
                                 .06
                              









































SALEM                  88.00    1.89
                                 .86
                                 .36
                                 .09
                                 .07
                                 .20
                                1.03
                                2.16
                                2.95
                                3.38
                                3.85
                                3.92
                                4.11
                                3.95
                                3.87
                                4.15
                                4.81
                                5.24
                                5.50
                                6.32
                                7.70
                                8.54
                                7.78
                                5.24
                              









































VANCOUVER/WA          134.00    2.88
                                1.31
                                 .55
                                 .13
                                 .11
                                 .31
                                1.57
                                3.30
                                4.49
                                5.15
                                5.86
                                5.96
                                6.26
                                6.02
                                5.90
                                6.32
                                7.33
                                7.97
                                8.38
                                9.62
                               11.73
                               13.01
                               11.85
                                7.99
                              









































LONGVIEW               30.00     .65
                                 .29
                                 .12
                                 .03
                                 .02
                                 .07
                                 .35
                                 .74
                                1.00
                                1.15
                                1.31
                                1.33
                                1.40
                                1.35
                                1.32
                                1.42
                                1.64
                                1.78
                                1.88
                                2.15
                                2.63
                                2.91
                                2.65
                                1.79
                              









































ANTIOCH                27.00     .58
                                 .26
                                 .11
                                 .03
                                 .02
                                 .06
                                 .32
                                 .66
                                 .90
                                1.04
                                1.18
                                1.20
                                1.26
                                1.21
                                1.19
                                1.27
                                1.48
                                1.61
                                1.69
                                1.94
                                2.36
                                2.62
                                2.39
                                1.61
                              









































FAIRFIELD              54.00    1.16
                                 .53
                                 .22
                                 .05
                                 .04
                                 .12
                                 .63
                                1.33
                                1.81
                                2.07
                                2.36
                                2.40
                                2.52
                                2.42
                                2.38
                                2.55
                                2.95
                                3.21
                                3.38
                                3.88
                                4.73
                                5.24
                                4.77
                                3.22
                              









































POWAY                  15.00     .32
                                 .15
                                 .06
                                 .02
                                 .01
                                 .03
                                 .18
                                 .37
                                 .50
                                 .58
                                 .66
                                 .67
                                 .70
                                 .67
                                 .66
                                 .71
                                 .82
                                 .89
                                 .94
                                1.08
                                1.31
                                1.46
                                1.33
                                 .89
                              









































NAPA                   24.00     .52
                                 .24
                                 .10
                                 .02
                                 .02
                                 .06
                                 .28
                                 .59
                                 .80
                                 .92
                                1.05
                                1.07
                                1.12
                                1.08
                                1.06
                                1.13
                                1.31
                                1.43
                                1.50
                                1.72
                                2.10
                                2.33
                                2.12
                                1.43
                              









































SANTA ROSA             89.00    1.91
                                 .87
                                 .36
                                 .09
                                 .07
                                 .20
                                1.04
                                2.19
                                2.98
                                3.42
                                3.89
                                3.96
                                4.16
                                4.00
                                3.92
                                4.20
                                4.87
                                5.30
                                5.56
                                6.39
                                7.79
                                8.64
                                7.87
                                5.30
                              









































VALLEJO                40.00     .86
                                 .39
                                 .16
                                 .04
                                 .03
                                 .09
                                 .47
                                 .98
                                1.34
                                1.54
                                1.75
                                1.78
                                1.87
                                1.80
                                1.76
                                1.89
                                2.19
                                2.38
                                2.50
                                2.87
                                3.50
                                3.88
                                3.54
                                2.38
                              









































SAN LUIS OBISPO        30.00     .65
                                 .29
                                 .12
                                 .03
                                 .02
                                 .07
                                 .35
                                 .74
                                1.00
                                1.15
                                1.31
                                1.33
                                1.40
                                1.35
                                1.32
                                1.42
                                1.64
                                1.78
                                1.88
                                2.15
                                2.63
                                2.91
                                2.65
                                1.79
                              









































AUBURN                 30.00     .65
                                 .29
                                 .12
                                 .03
                                 .02
                                 .07
                                 .35
                                 .74
                                1.00
                                1.15
                                1.31
                                1.33
                                1.40
                                1.35
                                1.32
                                1.42
                                1.64
                                1.78
                                1.88
                                2.15
                                2.63
                                2.91
                                2.65
                                1.79
                              









































BELLINGHAM              8.00     .17
                                 .08
                                 .03
                                 .01
                                 .01
                                 .02
                                 .09
                                 .20
                                 .27
                                 .31
                                 .35
                                 .36
                                 .37
                                 .36
                                 .35
                                 .38
                                 .44
                                 .48
                                 .50
                                 .57
                                 .70
                                 .78
                                 .71
                                 .48
                              









































PORT ANGELES            1.00     .02
                                 .01
                                 .00
                                 .00
                                 .00
                                 .00
                                 .01
                                 .02
                                 .03
                                 .04
                                 .04
                                 .04
                                 .05
                                 .04
                                 .04
                                 .05
                                 .05
                                 .06
                                 .06
                                 .07
                                 .09
                                 .10
                                 .09
                                 .06
                              









































EAST ST. LOUIS         67.00    1.44
                                 .66
                                 .27
                                 .07
                                 .05
                                 .15
                                 .78
                                1.65
                                2.24
                                2.57
                                2.93
                                2.98
                                3.13
                                3.01
                                2.95
                                3.16
                                3.66
                                3.99
                                4.19
                                4.81
                                5.86
                                6.51
                                5.92
                                3.99
                              









































OFALLON                91.00    1.96
                                 .89
                                 .37
                                 .09
                                 .07
                                 .21
                                1.06
                                2.24
                                3.05
                                3.49
                                3.98
                                4.05
                                4.25
                                4.09
                                4.00
                                4.30
                                4.98
                                5.41
                                5.69
                                6.53
                                7.96
                                8.84
                                8.04
                                5.42
                              









































ROLLA                   9.00     .19
                                 .09
                                 .04
                                 .01
                                 .01
                                 .02
                                 .11
                                 .22
                                 .30
                                 .35
                                 .39
                                 .40
                                 .42
                                 .40
                                 .40
                                 .42
                                 .49
                                 .54
                                 .56
                                 .65
                                 .79
                                 .87
                                 .80
                                 .54
                              
     /