








































ALBANY                 23.00     .49
                                 .23
                                 .09
                                 .02
                                 .02
                                 .05
                                 .27
                                 .57
                                 .77
                                 .88
                                1.01
                                1.02
                                1.07
                                1.03
                                1.01
                                1.09
                                1.26
                                1.37
                                1.44
                                1.65
                                2.01
                                2.23
                                2.03
                                1.37
                              









































ALBUQUERQUE            16.00     .34
                                 .16
                                 .07
                                 .02
                                 .01
                                 .04
                                 .19
                                 .39
                                 .54
                                 .61
                                 .70
                                 .71
                                 .75
                                 .72
                                 .70
                                 .76
                                 .88
                                 .95
                                1.00
                                1.15
                                1.40
                                1.55
                                1.41
                                 .95
                              









































AUSTIN                 41.00     .88
                                 .40
                                 .17
                                 .04
                                 .03
                                 .09
                                 .48
                                1.01
                                1.37
                                1.57
                                1.79
                                1.82
                                1.91
                                1.84
                                1.80
                                1.94
                                2.24
                                2.44
                                2.56
                                2.94
                                3.59
                                3.98
                                3.62
                                2.44
                              









































BATON ROUGE            14.00     .30
                                 .14
                                 .06
                                 .01
                                 .01
                                 .03
                                 .16
                                 .34
                                 .47
                                 .54
                                 .61
                                 .62
                                 .65
                                 .63
                                 .62
                                 .66
                                 .77
                                 .83
                                 .88
                                1.01
                                1.23
                                1.36
                                1.24
                                 .83
                              









































BIRMINGHAM              7.00     .15
                                 .07
                                 .03
                                 .01
                                 .01
                                 .02
                                 .08
                                 .17
                                 .23
                                 .27
                                 .31
                                 .31
                                 .33
                                 .31
                                 .31
                                 .33
                                 .38
                                 .42
                                 .44
                                 .50
                                 .61
                                 .68
                                 .62
                                 .42
                              









































BUFFALO                27.00     .58
                                 .26
                                 .11
                                 .03
                                 .02
                                 .06
                                 .32
                                 .66
                                 .90
                                1.04
                                1.18
                                1.20
                                1.26
                                1.21
                                1.19
                                1.27
                                1.48
                                1.61
                                1.69
                                1.94
                                2.36
                                2.62
                                2.39
                                1.61
                              









































CEDAR RAPIDS           12.00     .26
                                 .12
                                 .05
                                 .01
                                 .01
                                 .03
                                 .14
                                 .30
                                 .40
                                 .46
                                 .52
                                 .53
                                 .56
                                 .54
                                 .53
                                 .57
                                 .66
                                 .71
                                 .75
                                 .86
                                1.05
                                1.17
                                1.06
                                 .72
                              









































CHARLESTON/SC          12.00     .26
                                 .12
                                 .05
                                 .01
                                 .01
                                 .03
                                 .14
                                 .30
                                 .40
                                 .46
                                 .52
                                 .53
                                 .56
                                 .54
                                 .53
                                 .57
                                 .66
                                 .71
                                 .75
                                 .86
                                1.05
                                1.17
                                1.06
                                 .72
                              









































CHARLESTON/WV            .00     .00
                                 .00
                                 .00
                                 .00
                                 .00
                                 .00
                                 .00
                                 .00
                                 .00
                                 .00
                                 .00
                                 .00
                                 .00
                                 .00
                                 .00
                                 .00
                                 .00
                                 .00
                                 .00
                                 .00
                                 .00
                                 .00
                                 .00
                                 .00
                              









































CHATTANOOGA             8.00     .17
                                 .08
                                 .03
                                 .01
                                 .01
                                 .02
                                 .09
                                 .20
                                 .27
                                 .31
                                 .35
                                 .36
                                 .37
                                 .36
                                 .35
                                 .38
                                 .44
                                 .48
                                 .50
                                 .57
                                 .70
                                 .78
                                 .71
                                 .48
                              









































COLORADO SPRINGS       18.00     .39
                                 .18
                                 .07
                                 .02
                                 .01
                                 .04
                                 .21
                                 .44
                                 .60
                                 .69
                                 .79
                                 .80
                                 .84
                                 .81
                                 .79
                                 .85
                                 .98
                                1.07
                                1.13
                                1.29
                                1.58
                                1.75
                                1.59
                                1.07
                              









































DAVENPORT               7.00     .15
                                 .07
                                 .03
                                 .01
                                 .01
                                 .02
                                 .08
                                 .17
                                 .23
                                 .27
                                 .31
                                 .31
                                 .33
                                 .31
                                 .31
                                 .33
                                 .38
                                 .42
                                 .44
                                 .50
                                 .61
                                 .68
                                 .62
                                 .42
                              









































DES MOINES             13.00     .28
                                 .13
                                 .05
                                 .01
                                 .01
                                 .03
                                 .15
                                 .32
                                 .44
                                 .50
                                 .57
                                 .58
                                 .61
                                 .58
                                 .57
                                 .61
                                 .71
                                 .77
                                 .81
                                 .93
                                1.14
                                1.26
                                1.15
                                 .77
                              









































EL PASO                10.00     .22
                                 .10
                                 .04
                                 .01
                                 .01
                                 .02
                                 .12
                                 .25
                                 .34
                                 .38
                                 .44
                                 .45
                                 .47
                                 .45
                                 .44
                                 .47
                                 .55
                                 .59
                                 .63
                                 .72
                                 .88
                                 .97
                                 .88
                                 .60
                              









































EUGENE                 11.00     .24
                                 .11
                                 .05
                                 .01
                                 .01
                                 .03
                                 .13
                                 .27
                                 .37
                                 .42
                                 .48
                                 .49
                                 .51
                                 .49
                                 .48
                                 .52
                                 .60
                                 .65
                                 .69
                                 .79
                                 .96
                                1.07
                                 .97
                                 .66
                              









































FRESNO                   .00     .00
                                 .00
                                 .00
                                 .00
                                 .00
                                 .00
                                 .00
                                 .00
                                 .00
                                 .00
                                 .00
                                 .00
                                 .00
                                 .00
                                 .00
                                 .00
                                 .00
                                 .00
                                 .00
                                 .00
                                 .00
                                 .00
                                 .00
                                 .00
                              









































FT WAYNE                6.00     .13
                                 .06
                                 .02
                                 .01
                                 .00
                                 .01
                                 .07
                                 .15
                                 .20
                                 .23
                                 .26
                                 .27
                                 .28
                                 .27
                                 .26
                                 .28
                                 .33
                                 .36
                                 .38
                                 .43
                                 .53
                                 .58
                                 .53
                                 .36
                              









































GRAND RAPIDS           27.00     .58
                                 .26
                                 .11
                                 .03
                                 .02
                                 .06
                                 .32
                                 .66
                                 .90
                                1.04
                                1.18
                                1.20
                                1.26
                                1.21
                                1.19
                                1.27
                                1.48
                                1.61
                                1.69
                                1.94
                                2.36
                                2.62
                           2.39
                                1.61
                              









































GREEN BAY              11.00     .24
                                 .11
                                 .05
                                 .01
                                 .01
                                 .03
                                 .13
                                 .27
                                 .37
                                 .42
                                 .48
                                 .49
                                 .51
                                 .49
                                 .48
                                 .52
                                 .60
                                 .65
                                 .69
                                 .79
                                 .96
                                1.07
                                 .97
                                 .66
                              









































GREENSBORO             27.00     .58
                                 .26
                                 .11
                                 .03
                                 .02
                                 .06
                                 .32
                                 .66
                                 .90
                                1.04
                                1.18
                                1.20
                                1.26
                                1.21
                                1.19
                                1.27
                                1.48
                                1.61
                                1.69
                                1.94
                                2.36
                                2.62
                                2.39
                                1.61
                              









































GREENVILLE/SC          10.00     .22
                                 .10
                                 .04
                                 .01
                                 .01
                                 .02
                                 .12
                                 .25
                                 .34
                                 .38
                                 .44
                                 .45
                                 .47
                                 .45
                                 .44
                                 .47
                                 .55
                                 .59
                                 .63
                                 .72
                                 .88
                                 .97
                                 .88
                                 .60
                              









































HARRISBURG              3.00     .06
                                 .03
                                 .01
                                 .00
                                 .00
                                 .01
                                 .04
                                 .07
                                 .10
                                 .12
                                 .13
                                 .13
                                 .14
                                 .13
                                 .13
                                 .14
                                 .16
                                 .18
                                 .19
                                 .22
                                 .26
                                 .29
                                 .27
                                 .18
                              









































HUNTSVILLE              9.00     .19
                                 .09
                                 .04
                                 .01
                                 .01
                                 .02
                                 .11
                                 .22
                                 .30
                                 .35
                                 .39
                                 .40
                                 .42
                                 .40
                                 .40
                                 .42
                                 .49
                                 .54
                                 .56
                                 .65
                                 .79
                                 .87
                                 .80
                                 .54
                              









































JACKSON/MS             10.00     .22
                                 .10
                                 .04
                                 .01
                                 .01
                                 .02
                                 .12
                                 .25
                                 .34
                                 .38
                                 .44
                                 .45
                                 .47
                                 .45
                                 .44
                                 .47
                                 .55
                                 .59
                                 .63
                                 .72
                                 .88
                                 .97
                                 .88
                                 .60
                              









































JACKSONVILLE           28.00     .60
                                 .27
                                 .11
                                 .03
                                 .02
                                 .06
                                 .33
                                 .69
                                 .94
                                1.08
                                1.22
                                1.25
                                1.31
                                1.26
                                1.23
                                1.32
                                1.53
                                1.67
                                1.75
                                2.01
                                2.45
                                2.72
                                2.48
                                1.67
                              









































KNOXVILLE               9.00     .19
                                 .09
                                 .04
                                 .01
                                 .01
                                 .02
                                 .11
                                 .22
                                 .30
                                 .35
                                 .39
                                 .40
                                 .42
                                 .40
                                 .40
                                 .42
                                 .49
                                 .54
                                 .56
                                 .65
                                 .79
                                 .87
                                 .80
                                 .54
                              









































LANSING                14.00     .30
                                 .14
                                 .06
                                 .01
                                 .01
                                 .03
                                 .16
                                 .34
                                 .47
                                 .54
                                 .61
                                 .62
                                 .65
                                 .63
                                 .62
                                 .66
                                 .77
                                 .83
                                 .88
                                1.01
                                1.23
                                1.36
                                1.24
                                 .83
                              









































LAS VEGAS              31.00     .67
                                 .30
                                 .13
                                 .03
                                 .02
                                 .07
                                 .36
                                 .76
                                1.04
                                1.19
                                1.35
                                1.38
                                1.45
                                1.39
                                1.36
                                1.46
                                1.70
                                1.84
                                1.94
                                2.23
                                2.71
                                3.01
                                2.74
                                1.85
                              









































LEXINGTON              11.00     .24
                                 .11
                                 .05
                                 .01
                                 .01
                                 .03
                                 .13
                                 .27
                                 .37
                                 .42
                                 .48
                                 .49
                                 .51
                                 .49
                                 .48
                                 .52
                                 .60
                                 .65
                                 .69
                                 .79
                                 .96
                                1.07
                                 .97
                                 .66
                              









































LINCOLN                 7.00     .15
                                 .07
                                 .03
                                 .01
                                 .01
                                 .02
                                 .08
                                 .17
                                 .23
                                 .27
                                 .31
                                 .31
                                 .33
                                 .31
                                 .31
                                 .33
                                 .38
                                 .42
                                 .44
                                 .50
                                 .61
                                 .68
                                 .62
                                 .42
                              









































LOUISVILLE             27.00     .58
                                 .26
                                 .11
                                 .03
                                 .02
                                 .06
                                 .32
                                 .66
                                 .90
                                1.04
                                1.18
                                1.20
                                1.26
                                1.21
                                1.19
                                1.27
                                1.48
                                1.61
                                1.69
                                1.94
                                2.36
                                2.62
                                2.39
                                1.61
                              









































MACON                  13.00     .28
                                 .13
                                 .05
                                 .01
                                 .01
                                 .03
                                 .15
                                 .32
                                 .44
                                 .50
                                 .57
                                 .58
                                 .61
                                 .58
                                 .57
                                 .61
                                 .71
                                 .77
                                 .81
                                 .93
                                1.14
                                1.26
                                1.15
                                 .77
                              









































MEMPHIS                39.00     .84
                                 .38
                                 .16
                                 .04
                                 .03
                                 .09
                                 .46
                                 .96
                                1.31
                                1.50
                                1.70
                                1.74
                                1.82
                                1.75
                                1.72
                                1.84
                                2.13
                                2.32
                                2.44
                                2.80
                                3.41
                                3.79
                                3.45
                                2.32
                              









































MOBILE                 12.00     .26
                                 .12
                                 .05
                                 .01
                                 .01
                                 .03
                                 .14
                                 .30
                                 .40
                                 .46
                                 .52
                                 .53
                                 .56
                                 .54
                                 .53
                                 .57
                                 .66
                                 .71
                                 .75
                                 .86
                                1.05
                                1.17
                                1.06
                                 .72
                              









































COLUMBIA               13.00     .28
                                 .13
                                 .05
                                 .01
                                 .01
                                 .03
                                 .15
                                 .32
                                 .44
                                 .50
                                 .57
                                 .58
                                 .61
                                 .58
                                 .57
                                 .61
                                 .71
                                 .77
                                 .81
                                 .93
                                1.14
                                1.26
                                1.15
                                 .77
                              









































LITTLE ROCK            16.00     .34
                                 .16
                                 .07
                                 .02
                                 .01
                                 .04
                                 .19
                                 .39
                                 .54
                                 .61
                                 .70
                                 .71
                                 .75
                                 .72
                                 .70
                                 .76
                                 .88
                                 .95
                                1.00
                                1.15
                                1.40
                                1.55
                                1.41
                                 .95
                              









































WICHITA                11.00     .24
                                 .11
                                 .05
                                 .01
                                 .01
                                 .03
                                 .13
                                 .27
                                 .37
                                 .42
                                 .48
                                 .49
                                 .51
                                 .49
                                 .48
                                 .52
                                 .60
                                 .65
                                 .69
                                 .79
                                 .96
                                1.07
                                 .97
                                 .66
                              









































NASHVILLE              34.00     .73
                                 .33
                                 .14
                                 .03
                                 .03
                                 .08
                                 .40
                                 .84
                                1.14
                                1.31
                                1.49
                                1.51
                                1.59
                                1.53
                                1.50
                                1.60
                                1.86
                                2.02
                                2.13
                                2.44
                                2.98
                                3.30
                                3.01
                                2.03
                              









































NORFOLK                46.00     .99
                                 .45
                                 .19
                                 .05
                                 .04
                                 .11
                                 .54
                                1.13
                                1.54
                                1.77
                                2.01
                                2.05
                                2.15
                                2.07
                                2.02
                                2.17
                                2.52
                                2.74
                                2.88
                                3.30
                                4.03
                                4.47
                                4.07
                                2.74
                              









































OKLAHOMA CITY          36.00     .77
                                 .35
                                 .15
                                 .04
                                 .03
                                 .08
                                 .42
                                 .89
                                1.21
                                1.38
                                1.57
                                1.60
                                1.68
                                1.62
                                1.58
                                1.70
                                1.97
                                2.14
                                2.25
                                2.58
                                3.15
                                3.50
                                3.18
                                2.15
                              









































OMAHA                  18.00     .39
                                 .18
                                 .07
                                 .02
                                 .01
                                 .04
                                 .21
                                 .44
                                 .60
                                 .69
                                 .79
                                 .80
                                 .84
                                 .81
                                 .79
                                 .85
                                 .98
                                1.07
                                1.13
                                1.29
                                1.58
                                1.75
                                1.59
                                1.07
                              









































PEORIA                  4.00     .09
                                 .04
                                 .02
                                 .00
                                 .00
                                 .01
                                 .05
                                 .10
                                 .13
                                 .15
                                 .17
                                 .18
                                 .19
                                 .18
                                 .18
                                 .19
                                 .22
                                 .24
                                 .25
                                 .29
                                 .35
                                 .39
                                 .35
                                 .24
                              









































RALEIGH                60.00    1.29
                                 .59
                                 .25
                                 .06
                                 .05
                                 .14
                                 .70
                                1.48
                                2.01
                                2.30
                                2.62
                                2.67
                                2.80
                                2.69
                                2.64
                                2.83
                                3.28
                                3.57
                                3.75
                                4.31
                                5.25
                                5.83
                                5.30
                                3.58
                              









































RENO                   12.00     .26
                                 .12
                                 .05
                                 .01
                                 .01
                                 .03
                                 .14
                                 .30
                                 .40
                                 .46
                                 .52
                                 .53
                                 .56
                                 .54
                                 .53
                                 .57
                                 .66
                                 .71
                                 .75
                                 .86
                                1.05
                                1.17
                                1.06
                                 .72
                              









































RICHMOND               29.00     .62
                                 .28
                                 .12
                                 .03
                                 .02
                                 .07
                                 .34
                                 .71
                                 .97
                                1.11
                                1.27
                                1.29
                                1.35
                                1.30
                                1.28
                                1.37
                                1.59
                                1.73
                                1.81
                                2.08
                                2.54
                                2.82
                                2.56
                                1.73
                              









































ROANOKE                 5.00     .11
                                 .05
                                 .02
                                 .01
                                 .00
                                 .01
                                 .06
                                 .12
                                 .17
                                 .19
                                 .22
                                 .22
                                 .23
                                 .22
                                 .22
                                 .24
                                 .27
                                 .30
                                 .31
                                 .36
                                 .44
                                 .49
                                 .44
                                 .30
                              









































ROCKFORD                 .00     .00
                                 .00
                                 .00
                                 .00
                                 .00
                                 .00
                                 .00
                                 .00
                                 .00
                                 .00
                                 .00
                                 .00
                                 .00
                                 .00
                                 .00
                                 .00
                                 .00
                                 .00
                                 .00
                                 .00
                                 .00
                                 .00
                                 .00
                                 .00
                              









































SALINAS                13.00     .28
                                 .13
                                 .05
                                 .01
                                 .01
                                 .03
                                 .15
                                 .32
                                 .44
                                 .50
                                 .57
                                 .58
                                 .61
                                 .58
                                 .57
                                 .61
                                 .71
                                 .77
                                 .81
                                 .93
                                1.14
                                1.26
                                1.15
                                 .77
                              









































SAN ANTONIO            41.00     .88
                                 .40
                                 .17
                                 .04
                                 .03
                                 .09
                                 .48
                                1.01
                                1.37
                                1.57
                                1.79
                                1.82
                                1.91
                                1.84
                                1.80
                                1.94
                                2.24
                                2.44
                                2.56
                                2.94
                                3.59
                                3.98
                                3.62
                                2.44
                              









































SHREVEPORT              8.00     .17
                                 .08
                                 .03
                                 .01
                                 .01
                                 .02
                                 .09
                                 .20
                                 .27
                                 .31
                                 .35
                                 .36
                                 .37
                                 .36
                                 .35
                                 .38
                                 .44
                                 .48
                                 .50
                                 .57
                                 .70
                                 .78
                                 .71
                                 .48
                              









































SOUTH BEND              4.00     .09
                                 .04
                                 .02
                                 .00
                                 .00
                                 .01
                                 .05
                                 .10
                                 .13
                                 .15
                                 .17
                                 .18
                                 .19
                                 .18
                                 .18
                                 .19
                                 .22
                                 .24
                                 .25
                                 .29
                                 .35
                                 .39
                                 .35
                                 .24
                              









































SPRINGFIELD/IL          7.00     .15
                                 .07
                                 .03
                                 .01
                                 .01
                                 .02
                                 .08
                                 .17
                                 .23
                                 .27
                                 .31
                                 .31
                                 .33
                                 .31
                                 .31
                                 .33
                                 .38
                                 .42
                                 .44
                                 .50
                                 .61
                                 .68
                                 .62
                                 .42
                              









































SPRINGFIELD/MA          7.00     .15
                                 .07
                                 .03
                                 .01
                                 .01
                                 .02
                                 .08
                                 .17
                                 .23
                                 .27
                                 .31
                                 .31
                                 .33
                                 .31
                                 .31
                                 .33
                                 .38
                                 .42
                                 .44
                                 .50
                                 .61
                                 .68
                                 .62
                                 .42
                              









































SYRACUSE               17.00     .37
                                 .17
                                 .07
                                 .02
                                 .01
                                 .04
                                 .20
                                 .42
                                 .57
                                 .65
                                 .74
                                 .76
                                 .79
                                 .76
                                 .75
                                 .80
                                 .93
                                1.01
                                1.06
                                1.22
                                1.49
                                1.65
                                1.50
                                1.01
                              









































TOLEDO                 12.00     .26
                                 .12
                                 .05
                                 .01
                                 .01
                                 .03
                                 .14
                                 .30
                                 .40
                                 .46
                                 .52
                                 .53
                                 .56
                                 .54
                                 .53
                                 .57
                                 .66
                                 .71
                                 .75
                                 .86
                                1.05
                                1.17
                                1.06
                                 .72
                              









































TUCSON                 29.00     .62
                                 .28
                                 .12
                                 .03
                                 .02
                                 .07
                                 .34
                                 .71
                                 .97
                                1.11
                                1.27
                                1.29
                                1.35
                                1.30
                                1.28
                                1.37
                                1.59
                                1.73
                                1.81
                                2.08
                                2.54
                                2.82
                                2.56
                                1.73
                              









































TULSA                  22.00     .47
                                 .22
                                 .09
                                 .02
                                 .02
                                 .05
                                 .26
                                 .54
                                 .74
                                 .84
                                 .96
                                 .98
                                1.03
                                 .99
                                 .97
                                1.04
                                1.20
                                1.31
                                1.38
                                1.58
                                1.93
                                2.14
                                1.94
                                1.31
                              









































YOUNGSTOWN/OH           5.00     .11
                                 .05
                                 .02
                                 .01
                                 .00
                                 .01
                                 .06
                                 .12
                                 .17
                                 .19
                                 .22
                                 .22
                                 .23
                                 .22
                                 .22
                                 .24
                                 .27
                                 .30
                                 .31
                                 .36
                                 .44
                                 .49
                                 .44
                                 .30
                              
  ]@a