703/352-3136~10361~22~21~69914~0298~10340 DEMOCRACY LN,STE 100~FAIRFAX~VA~703/691-8386~~220
703/352-3136~11156~48~1~63839~0298~10340 DEMOCRACY LN,STE 100~FAIRFAX~VA~703/691-8386~~220
703/352-3136~11277~28~4~69914~0298~10340 DEMOCRACY LN,STE 100~FAIRFAX~VA~703/691-8386~~220
703/352-3136~13132~48~0~~0298~10340 DEMOCRACY LN,STE 100~FAIRFAX~VA~703/691-8386~~220
703/352-3136~13133~48~0~~0298~10340 DEMOCRACY LN,STE 100~FAIRFAX~VA~703/691-8386~~220
512/448-1096~3655~40~0~~225~2101 SO. HWY 35~AUSTIN~TX~512/447-7091~206
512/448-1096~4440~63~0~~225~2101 SO. HWY 35~AUSTIN~TX~512/447-7091~206
512/448-1096~7437~0~48~69751~225~2101 SO. HWY 35~AUSTIN~TX~512/447-7091~206
512/448-1096~10204~0~48~69751~225~2101 SO. HWY 35~AUSTIN~TX~512/447-7091~206
512/448-1096~13573~0~7~69751~225~2101 SO. HWY 35~AUSTIN~TX~512/447-7091~206 
901/527-8122~ 3615~48~0~~6135~99 SOUTH 2ND STREET, SUITE B~MEMPHIS~TN~901/274-4715~~187 
901/527-8122~ 6354~0~48~69616~6135~99 SOUTH 2ND STREET, SUITE B~MEMPHIS~TN~901/274-4715~~187 
901/527-8122~11105~0~48~69616~6135~99 SOUTH 2ND STREET, SUITE B~MEMPHIS~TN~901/274-4715~~187 
901/527-8122~12045~36~0~~6135~99 SOUTH 2ND STREET, SUITE B~MEMPHIS~TN~901/274-4715~~187 
901/527-8122~13626~0~7~69616~6135~99 SOUTH 2ND STREET, SUITE B~MEMPHIS~TN~901/274-4715~~187 
212/809-9660~13233~48~0~~6307~30 WALL ST., 4TH FLR, COMP. RM~NEW YORK~NY~212/269-0065~~183 
212/809-9660~13234~48~0~~6307~30 WALL ST., 4TH FLR, COMP. RM~NEW YORK~NY~212/269-0065~~183 
212/809-9660~13235~48~0~~6307~30 WALL ST., 4TH FLR, COMP. RM~NEW YORK~NY~212/269-0065~~183 
212/809-9660~13236~9~30~69612~6307~30 WALL ST., 4TH FLR, COMP. RM~NEW YORK~NY~212/269-0065~~183 
919/549-9025~ 4077~7~41~69538~0310~10 PARK PLAZA, SUITE 6 & 9~DURHAM~NC~919/549-9324~~173
919/549-9025~ 6645~61~0~~0310~10 PARK PLAZA, SUITE 6 & 9~DURHAM~NC~919/549-9324~~173
919/549-9025~10567~64~0~~0310~10 PARK PLAZA, SUITE 6 & 9~DURHAM~NC~919/549-9324~~173
803/254-7563~ 3266~48~0~~0043~1122 LADY ST.~COLUMBIA~SC~803/254-4093~~158
803/254-7563~11237~13~34~69537~0043~1122 LADY ST.~COLUMBIA~SC~803/254-4093~~158
803/254-7563~13650~0~48~69537~0043~1122 LADY ST.~COLUMBIA~SC~803/254-4093~~158
803/254-7563~13651~0~15~69537~0043~1122 LADY ST.~COLUMBIA~SC~803/254-4093~~158
502/499-9825~ 5520~58~0~~5450~600 EMBASSY SQUARE BLVD~LOUISVILLE~KY~502/499-9990~~148
502/499-9825~13603~0~48~69617~5450~600 EMBASSY SQUARE BLVD~LOUISVILLE~KY~502/499-9990~~148
502/499-9825~13604~0~42~69617~5450~600 EMBASSY SQUARE BLVD~LOUISVILLE~KY~502/499-9990~~148
505/242-8931~ 2265~64~0~~0090~505 MARQUETTE NW.~ALBUQUERQUE~NM~505/242-5619~~148
505/242-8931~13444~0~48~69514~0090~505 MARQUETTE NW.~ALBUQUERQUE~NM~505/242-5619~~148
505/242-8931~13622~0~36~69514~0090~505 MARQUETTE NW.~ALBUQUERQUE~NM~505/242-5619~~148
704/329-0102~ 6414~48~0~~C758~1808 ASSOCIATES LANE~CHARLOTTE~NC~704/329-0103~~130
704/329-0102~ 6447~48~0~~C758~1808 ASSOCIATES LANE~CHARLOTTE~NC~704/329-0103~~130
704/329-0102~ 6455~10~24~70096~C758~1808 ASSOCIATES LANE~CHARLOTTE ~NC~704/329-0103~~130
504/291-0967~ 2745~40~0~~6503~11550 NEWCASTLE, STE 155~BATON ROUGE~LA~504/292-4835~127
504/291-0967~13134~0~39~69609~6503~11550 NEWCASTLE, STE 155~BATON ROUGE~LA~504/292-4835~127
504/291-0967~13247~0~48~63261~6503~11550 NEWCASTLE, STE 155~BATON ROUGE~LA~504/292-4835~127
616/459-2304~ 4117~62~0~~1901~60 NORTH DIVISION AVENUE~GRAND RAPIDS~MI~616/458-2382~~124
616/459-2304~11144~0~48~69541~1901~60 NORTH DIVISION AVENUE~GRAND RAPIDS~MI~616/458-2382~~124
616/459-2304~13555~0~14~69541~1901~60 NORTH DIVISION AVENUE~GRAND RAPIDS~MI~616/458-2382~~124
206/281-7141~ 2235~48~0~~0308~180 NICKERSON ST.~SEATTLE~WA~206/284-8251~~121
206/281-7141~ 2331~12~33~69572~0308~180 NICKERSON ST.~SEATTLE~WA~206/284-8251~~121
206/281-7141~11447~28~0~~0308~180 NICKERSON ST.~SEATTLE~WA~206/284-8251~~121
214/630-5516~ 2156~46~0~~8063~6333 HARRY HINES BLVD.~DALLAS~TX~214/637-7300~~119
214/630-5516~ 4343~48~0~~8063~6333 HARRY HINES BLVD.~DALLAS~TX~214/637-7300~~119
214/630-5516~13120~25~0~~8063~6333 HARRY HINES BLVD.~DALLAS~TX~214/637-7300~~119
314/731-8283~ 4765~32~0~~6460~325 MCDONNELL BLVD. #307~HAZELWOOD~MO~314/232-7914~~118
314/731-8283~ 5715~27~0~~6460~325 MCDONNELL BLVD. #307~HAZELWOOD~MO~314/232-7914~~118
314/731-8283~11646~0~48~65098~6460~325 MCDONNELL BLVD. #307~HAZELWOOD~MO~314/232-7914~~118
314/731-8283~12063~0~11~65098~6460~325 MCDONNELL BLVD. #307~HAZELWOOD~MO~314/232-7914~~118
415/543-0691~ 7302~48~0~~0207~185 BERRY ST~SAN FRANCISCO~CA~415/896-1642~118
415/543-0691~ 7320~42~0~~0207~185 BERRY ST~SAN FRANCISCO~CA~415/896-1642~118
415/543-0691~ 7346~0~28~65480~0207~185 BERRY ST~SAN FRANCISCO~CA~415/896-1642~~118
615/889-5790~ 2517~48~0~~6194~1102-A APPLETON DRIVE~NASHVILLE~TN~615/885-3530~~116
615/889-5790~ 3611~22~0~~6194~1102-A APPLETON DRIVE~NASHVILLE~TN~615/885-3530~~116
615/889-5790~12066~21~25~69429~6194~1102-A APPLETON DRIVE~NASHVILLE~TN~615/885-3530~~116
719/590-1003~ 3603~48~0~~0911~4565 HILTON PARKWAY~COLORADO SPRINGS~CO~719/590-1006~~116
719/590-1003~10467~0~47~69194~0911~4565 HILTON PARKWAY~COLORADO SPRINGS~CO~719/590-1006~~116
719/590-1003~13541~0~21~69194~0911~4565 HILTON PARKWAY~COLORADO SPRINGS~CO~719/590-1006~~116
601/355-9741~ 2743~0~48~65541~3010~200 S. LAMAR, 4TH FL~JACKSON~MS~601/353-9142~114
601/355-9741~ 4454~0~9~65541~3010~200 S. LAMAR, 4TH FL~JACKSON~MS~601/353-9142~114
601/355-9741~ 4621~57~0~~3010~200 S. LAMAR, 4TH FL~JACKSON~MS~601/353-9142~114
808/528-5300~10632~39~8~69260~3790~222 N. SCHOOL ST. 3RD FL~HONOLULU~HI~808/531-1245~~114
808/528-5300~12620~0~48~69260~3790~222 N. SCHOOL ST. 3RD FL~HONOLULU~HI~808/531-1245~~114
808/528-5300~13535~0~19~69260~3790~222 N. SCHOOL ST. 3RD FL~HONOLULU~HI~808/531-1245~~114
205/942-7898~12720~46~0~~0001~11 W OXMOOR RD, 6TH FL,STE 601~BIRMINGHAM~AL~205/942-4118~~110
205/942-7898~13601~0~48~69441~0001~11 W OXMOOR RD, 6TH FL,STE 601~BIRMINGHAM~AL~205/942-4118~~110
205/942-7898~13602~0~16~69441~0001~11 W OXMOOR RD, 6TH FL,STE 601~BIRMINGHAM~AL~205/942-4118~~110
405/495-9201~ 4403~0~45~69606~7620~6125 W. RENO~OKLAHOMA CITY~OK~405/495-6220~~109
405/495-9201~ 6507~53~11~63262~7620~6125 W. RENO~OKLAHOMA CITY~OK~405/495-6220~~109
412/642-2015~ 4667~63~0~~6404~309 SMITHFIELD, SUITE 5500~PITTSBURGH~PA~412/642-6852~~108
412/642-2015~13037~11~34~69282~6404~309 SMITHFIELD, SUITE 5500~PITTSBURGH~PA~412/642-6852~~108
404/451-3362~ 4176~48~0~~9617~4000 DEKALB TECHNOLOGY PARKWAY~DORAVILLE~GA~404/451-1656~~103
404/451-3362~ 7520~48~0~~9617~4000 DEKALB TECHNOLOGY PARKWAY~DORAVILLE~GA~404/451-1656~~103
404/451-3362~10217~7~0~~9617~4000 DEKALB TECHNOLOGY PARKWAY~DORAVILLE~GA~404/451-1656~~103
804/857-0148~10346~5~34~69696~6158~2468 ALMEDA AVENUE~NORFOLK~VA~804/853-4314~~103
804/857-0148~11764~64~0~~6158~2468 ALMEDA AVENUE~NORFOLK~VA~804/853-4314~~103
615/265-1020~ 2432~40~0~~0237~1000 GEORGIA AVE., 4TH FL.~CHATTANOOGA~TN~615/265-3044~~99
615/265-1020~ 3016~0~47~69484~0237~1000 GEORGIA AVE., 4TH FL.~CHATTANOOGA~TN~615/265-3044~~99
615/265-1020~13545~0~12~69484~0237~1000 GEORGIA AVE., 4TH FL.~CHATTANOOGA~TN~615/265-3044~~99
504/525-2014~ 6525~48~0~~7685~921 CANAL ST.~NEW ORLEANS~LA~504/525-1839~~97
504/525-2014~13300~48~0~~7685~921 CANAL ST.~NEW ORLEANS~LA~504/525-1839~~97
504/525-2014~13301~1~0~~7685~921 CANAL ST.~NEW ORLEANS~LA~504/525-1839~~97
407/639-3022~ 3213~31~16~69162~4611~3815 NORTH U.S.1~COCOA~FL~407/639-3220~~95
407/639-3022~ 4135~48~0~~4611~3815 NORTH U.S.1~COCOA~FL~407/639-3220~~95
617/439-3531~ 6021~48~0~~3226~164 NORTHERN AVE, SUITE 101~BOSTON~MA~617/439-9144~~95
617/439-3531~ 6577~47~0~~3226~164 NORTHERN AVE, SUITE 101~BOSTON~MA~617/439-9144~~95
918/585-2706~10665~47~0~~4500~810 S. CINCINNATI AVE.~TULSA~OK~918/585-1247~~95
918/585-2706~10666~48~0~~4500~810 S. CINCINNATI AVE.~TULSA~OK~918/585-1247~~95
213/587-7514~ 7703~32~0~~6773~2111 ANDERSON STREET, UNIT B~VERNON~CA~213/589-1122~~94
213/587-7514~10250~18~0~~6773~2111 ANDERSON STREET, UNIT B~VERNON~CA~213/589-1122~~94
213/587-7514~10325~16~0~~6773~2111 ANDERSON STREET, UNIT B~VERNON~CA~213/589-1122~~94
213/587-7514~10430~28~0~~6773~2111 ANDERSON STREET, UNIT B~VERNON~CA~213/589-1122~~94
713/496-1332~ 2712~48~0~~6929~11999 KATY FREEWAY~HOUSTON~TX~713/497-4090~~93
713/496-1332~10526~28~0~~6929~11999 KATY FREEWAY~HOUSTON~TX~713/497-4090~~93
713/496-1332~13010~17~0~~6929~11999 KATY FREEWAY~HOUSTON~TX~713/497-4090~~93
305/599-2900~ 6574~52~0~~9117 2806~79TH AVE. NW, GROUND FL~MIAMI~FL~305/477-7200~~92
305/599-2900~13230~40~0~~9117 2806~79TH AVE. NW, GROUND FL~MIAMI~FL~305/477-7200~~92
414/785-0630~ 2404~0~1~63954~0155~250 N. SUNNYSLOPE RD.,STE 150~BROOKFIELD~WI~414/786-0276~~91
414/785-0630~ 4703~44~0~~0155~250 N. SUNNYSLOPE RD.,STE 150~BROOKFIELD~WI~414/786-0276~~91
414/785-0630~13154~0~46~63954~0155~250 N. SUNNYSLOPE RD.,STE 150~BROOKFIELD~WI~414/786-0276~~91
813/952-9000~ 7043~48~0~~8051~2031 PRINCETON ST.~SARASOTA~FL~813/952-0265~~91
813/952-9000~13103~43~0~~8051~2031 PRINCETON ST.~SARASOTA~FL~813/952-0265~~91
312/922-6571~ 3650~48~0~~0339~547 W. JACKSON BLVD SUITE 106~CHICAGO~IL~312/427-5267~~90
312/922-6571~ 4747~42~0~~0339~547 W. JACKSON BLVD SUITE 106~CHICAGO~IL~312/427-5267~~90
818/308-1800~ 3407~60~0~~0302~20 S. PALM~ALHAMBRA~CA~818/576-8923~~88
818/308-1800~11730~16~12~69523~0302~20 S. PALM~ALHAMBRA~CA~818/576-8923~~88
215/592-8750~ 5277~32~0~~4799~841 CHESTNUT STREET~PHILADELPHIA~PA~215/592-1234~~87
215/592-8750~ 5531~48~0~~4799~841 CHESTNUT STREET~PHILADELPHIA~PA~215/592-1234~~87
215/592-8750~13617~0~7~69718~4799~841 CHESTNUT STREET~PHILADELPHIA~PA~215/592-1234~~87
215/666-9190~ 2450~42~0~~0069~930 JEFFERSON AVE.~NORRISTOWN~PA~215/666-3424~~84
215/666-9190~13245~42~0~~0069~930 JEFFERSON AVE.~NORRISTOWN~PA~215/666-3424~~84
904/721-8559~ 5043~47~0~~0027~8000 ARLINGTON EXPWY. STE. 108~JACKSONVILLE~FL~904/725-9591~~84
904/721-8559~12514~37~0~~0027~8000 ARLINGTON EXPWY. STE. 108~JACKSONVILLE~FL~904/725-9591~~84
602/297-2239~ 2770~35~0~~6698~3275 WEST INA ROAD~TUCSON~AZ~602/297-2540~~83
602/297-2239~10274~48~0~~6698~3275 WEST INA ROAD~TUCSON~AZ~602/297-2540~~83
209/442-4328~ 4107~58~0~~1297~2014 TULARE SUITE 423~FRESNO~CA~209/268-6362~~81
209/442-4328~13576~0~23~69615~1297~2014 TULARE SUITE 423~FRESNO~CA~209/268-6362~~81
509/375-3367~ 2564~27~0~~0288~2939 PARK DR.~RICHLAND~WA~509/375-0083~~81
509/375-3367~ 2635~0~48~69447~0288~2939 PARK DR.~RICHLAND~WA~509/375-0083~~81
509/375-3367~13554~0~6~69447~0288~2939 PARK DR.~RICHLAND~WA~509/375-0083~~81
512/222-9877~ 7247~48~0~~0281~800 NAVARRO STREET~SAN ANTONIO~TX~512/225-2958~~81
512/222-9877~ 7524~33~0~~0281~800 NAVARRO STREET~SAN ANTONIO~TX~512/225-2958~~81
618/632-3993~11207~24~24~67684~5092~639 W. HIGHWAY 50~O'FALLON~IL~618/624-2201~~81
618/632-3993~12101~0~33~67684~5092~639 W. HIGHWAY 50~O'FALLON~IL~618/624-2201~~81
216/376-8330~ 6614~57~0~~3215~50 SOUTH MAIN ST.~AKRON~OH~216/434-8118~~80
216/376-8330~13623~0~23~69690~3215~50 SOUTH MAIN ST.~AKRON~OH~216/434-8118~~80
804/330-2673~ 6367~48~0~~5459~9200 ARBORETUM PARKWAY~RICHMOND~VA~804/330-4967~~77
804/330-2673~11331~29~0~~5459~9200 ARBORETUM PARKWAY~RICHMOND~VA~804/330-4967~~77
303/832-3447~ 3362~27~0~~0211~777 GRANT ST.~DENVER~CO~303/860-1232~~75
303/832-3447~12361~48~0~~0211~777 GRANT ST.~DENVER~CO~303/860-1232~~75
619/324-0920~11271~60~4~63558~5358~68-805 PEREZ RD. F-43~CATHEDRAL CITY~CA~619/321-0000~~75
619/324-0920~12542~0~11~63558~5358~68-805 PEREZ RD. F-43~CATHEDRAL CITY~CA~619/321-0000~~75
714/852-8141~13251~48~0~~0321~4023 BIRCH ST. SUITE #B-2, FL1~NEWPORT BEACH~CA~714/756-1190~~74
714/852-8141~13252~0~26~63868~0321~4023 BIRCH ST. SUITE #B-2, FL1~NEWPORT BEACH~CA~714/756-1190~~74
908/758-0337~ 5211~32~16~66985~4362~121-A MONMOUTH ST.~RED BANK~NJ~908/758-0146~~74
908/758-0337~13446~0~26~66985~4362~121-A MONMOUTH ST.~RED BANK~NJ~908/758-0146~~74
915/533-1453~11120~27~19~71579~4958~4150 RIO BRAVO~EL PASO~TX~915/533-7204~~74
915/533-1453~11121~8~20~69613~4958~4150 RIO BRAVO~EL PASO~TX~915/533-7204~~74
507/282-0830~11671~48~0~~2239~1500 1ST AVE N.E.~ROCHESTER~MN~507/282-4218~~73
507/282-0830~13110~3~22~69836~2239~1500 1ST AVE N.E.~ROCHESTER~MN~507/282-4218~~73
708/790-4955~13121~25~0~~0152~799 ROOSEVELT ROAD BLDG. 1~GLEN ELLYN~IL~708/469-2604~~73
708/790-4955~13273~48~0~~0152~799 ROOSEVELT ROAD BLDG. 1~GLEN ELLYN~IL~708/469-2604~~73
717/975-9881~11301~39~7~68112~0247~27 MILLER ST., 1ST FL, COMP RM~LEMOYNE~PA~717/761-4274~~73
717/975-9881~13553~0~27~68112~0247~27 MILLER ST., 1ST FL, COMP RM~LEMOYNE~PA~717/761-4274~~73
517/695-6751~ 4467~30~0~~6292~10030 HERCULES DR.~FREELAND~MI~517/695-6610~~72
517/695-6751~12314~0~42~69708~6292~10030 HERCULES DR.~FREELAND~MI~517/695-6610~~72
914/761-9590~ 2475~23~0~~6855~1 N. BROADWAY, SUITE 14 BSMT~WHITE PLAINS~NY~914/681-0169~~71
914/761-9590~ 7236~48~0~~6855~1 N. BROADWAY, SUITE 14 BSMT~WHITE PLAINS~NY~914/681-0169~~71
408/475-0981~ 3505~38~10~69464~0093~200 7TH AVENUE STE.169~SANTA CRUZ~CA~408/476-5070~~69
408/475-0981~ 6317~0~21~69464~0093~200 7TH AVENUE STE.169~SANTA CRUZ~CA~408/476-5070~~69
407/841-0217~12365~0~34~63950~0089~135 WALL STREET SUITE 203~ORLANDO~FL~407/422-0049~~68
407/841-0217~13253~34~0~~0089~135 WALL STREET SUITE 203~ORLANDO~FL~407/422-0049~~68
606/266-7063~ 5774~43~0~~9396~2216 YOUNG DRIVE~LEXINGTON~KY~606/268-8991~~68
606/266-7063~13567~0~25~69608~9396~2216 YOUNG DRIVE~LEXINGTON~KY~606/268-8991~~68
803/553-0860~11162~49~0~~5327~2154 N. CENTER STREET~NORTH CHARLESTON~SC~803/553-6949~~68
803/553-0860~13630~0~19~69709~5327~2154 N. CENTER STREET~NORTH CHARLESTON~SC~803/553-6949~~68
316/681-2719~ 5443~37~10~69618~6979~4053 NAVAJO~WICHITA~KS~316/681-1142~~67
316/681-2719~13566~0~20~69618~6979~4053 NAVAJO~WICHITA~KS~316/681-1142~~67
608/221-0891~ 7664~44~3~69699~2898~2509 SOUTH STOUGHTON RD~MADISON~WI~608/221-9225~~67
608/221-0891~10333~0~20~69699~2898~2509 SOUTH STOUGHTON RD~MADISON~WI~608/221-9225~~67
612/332-4024~ 4620~48~0~~6214~15 S. 5TH ST. STE 50~MINNEAPOLIS~MN~612/333-4354~~67
612/332-4024~ 5770~19~0~~6214~15 S. 5TH ST. STE 50~MINNEAPOLIS~MN~612/333-4354~~67
216/861-6709~ 4671~32~16~71535~6347~815 SUPERIOR AVE, NE~CLEVELAND~OH~216/241-3936~~66
216/861-6709~10233~18~0~~6347~815 SUPERIOR AVE, NE~CLEVELAND~OH~216/241-3936~~66
602/258-0554~ 5763~48~0~~0265~111 W. MONROE ST RM 400~PHOENIX~AZ~602/253-6757~~66
602/258-0554~ 6471~18~0~~0265~111 W. MONROE ST RM 400~PHOENIX~AZ~602/253-6757~~66
716/893-1014~ 7262~28~0~~9563~609 DINGENS ST.~BUFFALO~NY~716/893-1677~~66
716/893-1014~11123~38~0~~9563~609 DINGENS ST.~BUFFALO~NY~716/893-1677~~66
313/963-3460~ 3530~29~16~71534~6309~1150 GRISWOLD, 8TH FL.,STE 800~DETROIT~MI~313/963-9511~~65
313/963-3460~ 4455~20~0~~6309~1150 GRISWOLD, 8TH FL.,STE 800~DETROIT~MI~313/963-9511~~65
318/234-8255~ 3635~0~44~69425~3237~2930 JOHNSTON STREET~LAFAYETTE~LA~318/269-0915~~65
318/234-8255~10510~21~0~~3237~2930 JOHNSTON STREET~LAFAYETTE~LA~318/269-0915~~65
402/393-1305~ 3254~41~6~69805~8471~7171 MERCY ROAD SUITE 143~OMAHA~NE~402/391-0722~~65
402/393-1305~13607~0~18~69805~8471~7171 MERCY ROAD SUITE 143~OMAHA~NE~402/391-0722~~65
501/666-6886~11257~50~0~~2238~1405 N. PIERCE~LITTLE ROCK~AR~501/663-0373~~65
501/666-6886~13616~0~15~69603~2238~1405 N. PIERCE~LITTLE ROCK~AR~501/663-0373~~65
707/421-0106~ 2610~0~17~69184~B376~1371A OLIVER RD~FAIRFIELD~CA~707/429-0000~~65
707/421-0106~12456~48~0~~B376~1371A OLIVER RD~FAIRFIELD~CA~707/429-0000~~65
201/824-3044~13226~48~0~~0199~ROUTES 1 & 9 SOUTH, ROOM #103~NEWARK~NJ~201/824-1676~~64
201/824-3044~13227~16~0~~0199~ROUTES 1 & 9 SOUTH, ROOM #103~NEWARK~NJ~201/824-1676~~64
516/485-7422~ 4325~15~0~~0312~50 CLINTON ST.~HEMPSTEAD~NY~516/485-6627~~63
516/485-7422~13231~48~0~~0312~50 CLINTON ST.~HEMPSTEAD~NY~516/485-6627~~63
513/530-9021~ 5100~30~0~~8483~4700 ASHWOOD DR. STE 310 3RD FL~CINCINNATI~OH~513/530-9026~~62
513/530-9021~ 6151~32~0~~8483~4700 ASHWOOD DR. STE 310 3RD FL~CINCINNATI~OH~513/530-9026~~62
702/885-8411~ 3673~10~20~69610~1263~1000 E. WILLIAMS STE. 118~CARSON CITY~NV~702/882-6387~~62
702/885-8411~ 4310~28~4~69610~1263~1000 E. WILLIAMS STE. 118~CARSON CITY~NV~702/882-6387~~62
219/884-7450~12150~48~0~~C721~3746 ARTHUR STREET~GARY~IN~219/887-9247~~61
219/884-7450~12151~13~0~~C721~3746 ARTHUR STREET~GARY~IN~219/887-9247~~61
408/432-8618~ 4661~13~0~~4458~135 NICHOLSON LANE~SAN JOSE~CA~408/433-9280~~61
408/432-8618~ 7100~48~0~~4458~135 NICHOLSON LANE~SAN JOSE~CA~408/433-9280~~61
813/434-8080~10221~16~0~~5480~1100 FIFTH AVE., SO~NAPLES~FL~813/434-7794~61
813/434-8080~11100~0~45~68673~D568~3050 N. HORSESHOE DR~NAPLES~FL~813/261-0000~61
205/460-2515~11241~32~0~~0319~1020 DOWNTOWNER BLVD~MOBILE~AL~205/343-6554~~60
205/460-2515~13620~0~28~69443~0319~1020 DOWNTOWNER BLVD~MOBILE~AL~205/343-6554~~60
401/273-0200~ 6522~46~0~~0228~ONE HOSPITAL TRUST PLAZA,11THF~PROVIDENCE~RI~401/272-8356~~60
401/273-0200~13237~14~0~~0228~ONE HOSPITAL TRUST PLAZA,11THF~PROVIDENCE~RI~401/272-8356~~60
510/935-1507~ 4556~30~0~~9808~3075 CITRUS CIRCLE STE 208~WALNUT CREEK~CA~415/935-0142~~60
510/935-1507~10436~30~0~~9808~3075 CITRUS CIRCLE STE 208~WALNUT CREEK~CA~415/935-0142~~60
707/527-6180~ 4153~44~3~69607~6056~3418 MENDOCINO AVE. SUITE B~SANTA ROSA~CA~707/526-6151~~60
707/527-6180~13560~0~13~69607~6056~3418 MENDOCINO AVE. SUITE B~SANTA ROSA~CA~707/526-6151~~60
206/574-0427~ 2233~0~16~69571~4980~9013 HWY 99~VANCOUVER~WA~206/573-6343~~59
206/574-0427~11252~41~2~69571~4980~9013 HWY 99~VANCOUVER~WA~206/573-6343~~59
313/743-8350~ 3344~35~13~69706~5635~5242 LAPEER ROAD~BURTON~MI~313/743-9250~~59
313/743-8350~13641~0~11~69706~5635~5242 LAPEER ROAD~BURTON~MI~313/743-9250~~59
219/422-2581~ 3653~34~12~69620~1265~127 W. BERRY ST.~FT. WAYNE~IN~219/422-2764~~58
219/422-2581~13653~0~12~69620~1265~127 W. BERRY ST.~FT. WAYNE~IN~219/422-2764~~58
318/688-5840~ 3731~36~2~69491~0064~2715 MACKEY PLACE~SHREVEPORT~LA~318/688-5687~~58
318/688-5840~13577~0~20~69491~0064~2715 MACKEY PLACE~SHREVEPORT~LA~318/688-5687~~58
414/432-3064~ 3651~23~6~69711~1269~1901 S. WEBSTER AVE SUITE 004~GREEN BAY~WI~414/432-6862~~58
414/432-3064~12773~0~29~69711~1269~1901 S. WEBSTER AVE SUITE 004~GREEN BAY~WI~414/432-6862~~58
818/789-9557~ 3235~15~0~~0304~14144 VENTURA BLVD.~SHERMAN OAKS~CA~818/501-5368~~58
818/789-9557~ 4353~28~15~70019~0304~14144 VENTURA BLVD.~SHERMAN OAKS~CA~818/501-5368~~58
208/345-5951~ 4253~38~9~69486~0294~2210 BRY~BOISE~ID~208/343-0351~~56
208/345-5951~11174~0~9~69486~0294~2210 BROADWAY~BOISE~ID~208/343-0351~~56
619/296-8747~ 2665~31~0~~0014~5353 MISSION CENTER ROAD #122~SAN DIEGO~CA~619/296-7355~~56
619/296-8747~ 5646~25~0~~0014~5353 MISSION CENTER ROAD #122~SAN DIEGO~CA~619/296-7355~~56
702/294-0602~11360~56~0~~257~899 ADAMS BLVD~BOULDER CITY~NV~702/293-6299~56
419/255-7705~11300~39~7~69692~1243~425 JEFFERSON AVE 8TH FL.~TOLEDO~OH~419/244-0657~~55
419/255-7705~13624~0~9~69692~1243~425 JEFFERSON AVE 8TH FL.~TOLEDO~OH~419/244-0657~~55
216/456-0840~ 3114~32~16~70970~5895~1455 HARRISON AVENUE~CANTON~OH~216/453-8443~~54
216/456-0840~12457~0~6~70970~5895~1455 HARRISON AVENUE~CANTON~OH~216/453-8443~~54
416/365-7630~ 5773~31~0~~9453~20 TORONTO STREET, BASEMENT~TORONTO~ON~416/229-4444~~54
416/365-7630~ 6003~23~0~~9453~20 TORONTO STREET, BASEMENT~TORONTO~ON~416/229-4444~~54
501/442-0234~ 6305~24~0~~D353~1617 NORTH COLLEGE AVE.~FAYETTEVILLE~AR~501/442-7224~~54
501/442-0234~13524~0~30~67755~D353~1617 NORTH COLLEGE AVE.~FAYETTEVILLE~AR~501/442-7224~~54
503/222-2151~13274~48~0~~8480~310 S.W. 4TH AVE. SUITE 600~PORTLAND~OR~503/222-5363~~54
503/222-2151~13275~6~0~~8480~310 S.W. 4TH AVE. SUITE 600~PORTLAND~OR~503/222-5363~~54
805/325-0371~ 3657~43~0~~4456~3100 19TH ST. GROUND FL~BAKERSFIELD~CA~805/325-8642~~54
805/325-0371~13552~0~11~69542~4456~3100 19TH ST. GROUND FL~BAKERSFIELD~CA~805/325-8642~~54
913/384-5012~13211~48~0~~4544~5799 BROADMOOR~MISSION~KS~913/384-6167~~54
913/384-5012~13212~6~0~~4544~5799 BROADMOOR~MISSION~KS~913/384-6167~~54
803/271-9213~ 5201~48~0~~1270~7 NO. LAURENS ST. SUITE 436~GREENVILLE~SC~803/232-3775~~53
803/271-9213~ 7272~5~0~~1270~7 NO. LAURENS ST. SUITE 436~GREENVILLE~SC~803/232-3775~~53
813/337-0006~ 3405~28~4~69505~5009~1601 JACKSON ST.~FT. MYERS~FL~813/337-4390~~53
813/337-0006~ 6323~0~21~69505~5009~1601 JACKSON ST.~FT. MYERS~FL~813/337-4390~~53
413/787-0048~ 7743~24~6~70097~3359~1341 MAIN STREET~SPRINGFIELD~MA~413/787-1950~~52
413/787-0048~10267~0~9~70097~3359~1341 MAIN STREET~SPRINGFIELD~MA~413/787-1950~~52
413/787-0048~11306~0~13~70097~3359~1341 MAIN STREET~SPRINGFIELD~MA~413/787-1950~~52
708/991-7171~10353~0~4~64152~5251~800 EAST NORTHWEST HWY~PALATINE~IL~708/991-7057~~52
708/991-7171~11242~48~0~~5251~800 EAST NORTHWEST HWY~PALATINE~IL~708/991-7057~~52
805/945-4962~ 2614~32~0~~4933~44815 N. FIG AVE~LANCASTER~CA~805/945-7261~~52
805/945-4962~12533~0~20~69182~4933~44815 N. FIG AVE~LANCASTER~CA~805/945-7261~~52
410/528-9296~ 5553~32~0~~0217~10 E. BALTIMORE ST.~BALTIMORE~MD~301/685-8872~~50
410/528-9296~ 5554~18~0~~0217~10 E. BALTIMORE ST.~BALTIMORE~MD~301/685-8872~~50
509/747-3011~ 3447~0~3~69427~8482~WEST 933 3RD AVE.~SPOKANE~WA~509/624-1765~~50
509/747-3011~13026~47~0~~8482~WEST 933 3RD AVE.~SPOKANE~WA~509/624-1765~~50
517/484-5344~11236~42~6~69701~1274~300 S. CAPITOL AVE~LANSING~MI~517/484-3676~~50
517/484-5344~13645~0~2~69701~1274~300 S. CAPITOL AVE~LANSING~MI~517/484-3676~~50
310/643-4228~10363~48~0~~8790~2221 E.ROSECRANS AVE.~EL SEGUNDO~CA~310/640-2076~~48
616/388-2130~ 3516~24~6~69510~0107~321 S. KALAMAZOO MALL 2ND FL.~KALAMAZOO~MI~616/388-5976~~48
616/388-2130~ 6044~0~18~69510~0107~321 S. KALAMAZOO MALL 2ND FL.~KALAMAZOO~MI~616/388-5976~~48
205/882-1519~ 5177~0~47~60664~B904~3322 S. MEMORIAL PKWY~HUNTSVILLE~AL~205/882-1371~~47
313/424-8024~ 3654~47~0~~6030~23100 PROVIDENCE DRIVE~SOUTHFIELD~MI~313/569-0000~~47
515/277-9684~ 3461~34~13~69482~0290~820 1ST STREET SUITE 100~WEST DES MOINES~IA~515/277-5751~~47
904/477-3344~ 3515~31~16~69679~0113~6425 N. PENSACOLA BLVD. STE. 5~PENSACOLA~FL~904/478-1902~~47
915/561-8401~12732~47~0~~C131~9900 WEST I-20~MIDLAND~TX~915/563-6229~~47
510/633-1896~ 5341~46~0~~6106~7817 OAKPORT DR.~OAKLAND~CA~415/635-1117~~46
817/332-9397~10470~39~0~~6027~110 WEST 7TH STREET SUITE LL9~FT. WORTH~TX~817/877-3279~~46
817/332-9397~13646~0~7~69410~6027~110 WEST 7TH STREET SUITE LL9~FT. WORTH~TX~817/877-3279~~46
919/765-1221~ 3720~14~10~69702~5316~3540 VESTMILL ROAD~WINSTON-SALEM~NC~919/765-3887~~45
919/765-1221~11161~21~0~~5316~3540 VESTMILL ROAD~WINSTON-SALEM~NC~919/765-3887~~45
203/865-5770~ 5123~44~0~~A887~129 CHURCH STEET~NEW HAVEN~CT~203/624-4988~~44
404/855-0442~11322~44~0~~5525~113 COMMERCIAL BLVD~MARTINEZ~GA~404/855-5926~~44
415/361-8701~ 4411~38~0~~6331~497 SEAPORT COURT, GRD FLOOR~REDWOOD CITY~CA~415/367-1335~~44
415/361-8701~ 5535~0~6~71117~6331~497 SEAPORT COURT, GRD FLOOR~REDWOOD CITY~CA~415/367-1335~~44
904/335-0544~ 5733~40~4~69719~2724~4110 S.W. 34TH ST~GAINESVILLE~FL~904/335-0527~~44
205/265-4570~ 3545~40~3~69621~350~503 SO. COURT~MONTGOMERY~AL~205/269-1104~43
209/383-7593~ 4376~27~0~~D600~1777 G STREET~MERCED~CA~209/383-7734~43
317/632-6408~13214~43~0~~6459~200 SOUTH MERIDIAN~INDIANAPOLIS~IN~317/631-8033~~43
414/552-2516~10317~0~43~64639~C783~900 WOOD ROAD~KENOSHA~WI~414/552-2540~~43
512/289-7305~ 7617~43~0~~A832~226 ENTERPRISE PARKWAY STE.103~CORPUS CHRISTI~TX~512/289-6076~~43
615/693-0498~10044~43~0~~66~301 GALLAHER VIEW ROAD~KNOXVILLE~TN~615/691-9837~43
717/569-1081~11231~30~2~69694~5097~166 FARMINGTON LANE~LANCASTER~PA~717/569-2078~~43
717/569-1081~13625~0~11~69694~5097~166 FARMINGTON LANE~LANCASTER~PA~717/569-2078~~43
717/826-8991~ 3125~21~10~67123~5248~136 S. MAIN STREET~WILKES-BARRE~PA~717/823-1585~~43
717/826-8991~ 7707~0~12~67123~5248~136 S. MAIN STREET~WILKES-BARRE~PA~717/823-1585~~43
813/858-6970~12263~34~9~69689~5603~930 MARCUM ROAD~LAKELAND~FL~813/858-2536~~43
904/422-0149~12513~43~0~~B390~325 JOHN KNOX BLVD.~TALLAHASSEE~FL~904/385-3763~~43
916/447-7434~10130~40~3~61716~0238~1107 9TH STREET SUITE 5~SACRAMENTO~CA~916/447-9115~~43
919/273-0332~13225~43~0~~0033~101 W. FEBRUARY ONE PL, #432~GREENSBORO~NC~919/274-5895~~43
203/242-1986~ 3511~5~0~~0198~800 COTTAGE GROVE RD. BLDG.2~BLOOMFIELD~CT~203/243-2207~~42
203/242-1986~ 4304~32~5~71349~0198~800 COTTAGE GROVE RD. BLDG.2~BLOOMFIELD~CT~203/243-2207~~42
207/775-5971~ 4220~32~10~69688~6116~136 COMMERCIAL STREET~PORTLAND~ME~207/775-5970~~42
815/633-2080~11307~24~18~69703~5407~5259 ZENITH PARKWAY UNIT #1~LOVES PARK~IL~815/654-2845~~42
215/796-9000~ 6667~0~41~65474~C910~225 KENHORST BLVD.~READING~PA~215/796-9393~~41
304/345-9575~ 3661~41~0~~1271~210 HALE STREET~CHARLESTON~WV~304/342-2279~~41
402/464-6235~11012~33~0~~4781~3940 CORNHUSKER HWY STE. 250~LINCOLN~NE~402/464-6631~~40
402/464-6235~13606~0~7~69803~4781~3940 CORNHUSKER HWY STE. 250~LINCOLN~NE~402/464-6631~~40
503/343-0044~ 2074~0~8~69439~4842~2833 WILLAMETTE ST.~EUGENE~OR~503/343-0853~~40
503/343-0044~11013~30~2~69439~4842~2833 WILLAMETTE ST.~EUGENE~OR~503/343-0853~~40
614/221-1612~13232~40~0~~0303~78 E. CHESTNUT STREET~COLUMBUS~OH~614/228-1077~~40
815/935-2352~10247~16~0~~3213~111 N. MICHIGAN AVE~BRADLEY~IL~815/935-5920~40
815/935-2352~13346~0~24~66262~D051~187 S. SCHUYLER AVE~KANKAKEE~IL~815/932-0731~40
912/923-7590~ 6130~27~13~69684~4567~123 CARL VINSON PARKWAY~WARNER ROBINS~GA~912/923-2234~~40
707/645-1090~ 4166~0~39~69094~D665~475 REDWOOD STREET~VALLEJO~CA~707/645-1489~~39
806/797-0765~ 4330~39~0~~6188~2605 CANTON~LUBBOCK~TX~806/797-5311~~39
904/673-0034~ 2326~28~11~70403~2345~471-B S. NOVA RD~ORMOND BEACH~FL~904/676-9354~~39
908/562-8550~ 6544~31~0~~7435~10 CORPORATE PLACE SO.~PISCATAWAY~NJ~908/562-1452~~39
908/562-8550~13022~8~0~~7435~10 CORPORATE PLACE SO.~PISCATAWAY~NJ~908/562-1452~~39
301/294-4522~10402~38~0~~A597~1201 SEVEN LOCKS RD~ROCKVILLE~MD~301/294-4600~~38
703/344-2762~ 4121~38~0~~1906~1912 9TH STREET S.E. BLDG 7B~ROANOKE~VA~703/981-0459~~38
714/860-0057~ 4263~25~13~69393~6130~860 NORTH DIAMOND BAR BLVD.~DIAMOND BAR~CA~714/860-0689~~38
804/861-1788~13215~0~22~65695~C943~100 RIVER ST~PETERSBURG~PA~804/733-3984~38
708/295-7075~ 5551~37~0~~5601~900 NORTH SHORE DRIVE~LAKE BLUFF~IL~708/615-0296~~37
716/385-5710~ 6464~37~0~~7617~642 KREAG RD. 1ST FL, STE 2~PITTSFORD~NY~716/385-9300~~37
919/392-7913~13177~17~20~69226~C726~2250 SHIPYARD BLVD~WILMINGTON~NC~919/392-1259~~37
309/788-3713~ 7306~30~6~69686~8991~1701 30TH ST.~ROCK ISLAND~IL~309/788-9513~~36
310/436-6033~ 7404~32~0~~0038~11 GOLDEN SHORE, STE. 250~LONG BEACH~CA~310/432-5480~~36
310/436-6033~13614~0~4~69483~0038~11 GOLDEN SHORE, STE. 250~LONG BEACH~CA~310/432-5480~~36
417/881-6225~10673~30~2~69629~4855~2530 Q SOUTH CAMPBELL~SPRINGFIELD~MO~417/881-8727~~36
417/881-6225~13572~0~4~69629~4855~2530 Q SOUTH CAMPBELL~SPRINGFIELD~MO~417/881-8727~~36
503/370-4314~ 4327~21~11~69478~4619~3080 LANCASTER NE~SALEM~OR~503/399-8267~~36
503/370-4314~10552~0~4~69478~4619~3080 LANCASTER NE~SALEM~OR~503/399-8267~~36
804/977-5661~10516~26~10~69695~3225~1110 E. MARKET STREET~CHARLOTTESVILLE~VA~804/977-5676~~36
201/539-1222~13242~35~0~~1288~18 BANK STREET~MORRISTOWN~NJ~201/539-0888~~35
404/323-8368~ 3311~0~35~65170~C864~2033 HAMILTON RD.~COLUMBUS~GA~404/324-6745~~35
405/353-6987~10727~20~0~~D958~501 "C" AVE~LAWTON~OK~405/248-3900~35
409/721-3400~ 6350~28~4~69614~4361~3501 TURTLE CREEK DR. STE.100A~PORT ARTHUR~TX~409/727-0000~~35
409/721-3400~13557~0~3~69614~4361~3501 TURTLE CREEK DR. STE.100A~PORT ARTHUR~TX~409/727-0000~~35
413/785-1762~11306~35~0~~3359~1341 MAIN STREET~SPRINGFIELD~MA~413/787-1950~~35
813/441-1621~11035~35~0~~0080~51 SOUTH MAIN BLDG N~CLEARWATER~FL~813/461-6653~~35
219/234-6410~11274~23~11~69248~1005~2816 W. SAMPLE ST.~SOUTH BEND~IN~219/233-3562~~34
409/823-1090~13357~34~0~~D060~1601 CAVITT~BRYAN~TX~409/822-0000~~34
516/420-4579~ 4232~34~0~~1295~535 BROADHOLLOW ROAD~MELVILLE~NY~516/420-1220~~34
801/533-8152~13246~34~0~~0325~275 E. 200 SOUTH ST.~SALT LAKE~UT~801/364-3543~~34
804/596-0898~ 7676~31~3~69697~9779~603 J. CLYDE MORRIS BLVD.~NEWPORT NEWS~VA~804/596-7055~~34
805/549-0770~ 4255~24~10~69479~4551~3490 SACRAMENTO ST. UNIT B~SAN LUIS OBISPO~CA~805/543-2496~~34
812/464-8181~ 3656~26~5~69976~6014~311 S. E. 3RD STREET~EVANSVILLE~IN~812/425-3043~~34
812/464-8181~13652~0~3~69976~6014~311 S. E. 3RD STREET~EVANSVILLE~IN~812/425-3043~~34
813/933-6210~13240~34~0~~6129~7819 NORTH DALE MABRY, STE 101~TAMPA~FL~813/932-7070~~34
817/526-8118~11015~18~16~69481~4843~1805 FLORENCE ROAD~KILLEEN~TX~817/526-2200~~34
305/467-1870~11346~33~0~~1299~305 SOUTH ANDREWS AVENUE~FT. LAUDERDALE~FL~305/525-6903~~33
919/829-0536~ 3624~33~0~~6195~19 WEST HARGETT STREET~RALEIGH~NC~919/828-1118~~33
201/742-0752~ 5456~32~0~~8755~175 MARKET STREET~PATERSON~NJ~201/523-6697~~32
205/758-1116~11321~32~0~~2777~700 ENERGY CENTER BLVD~NORTHPORT~AL~205/759-1592~~32
206/452-6800~ 3774~11~21~69426~5556~3500 HIGHWAY 101 EAST~PORT ANGELES~WA~206/457-4426~~32
206/671-7750~13344~0~32~66249~D048~301 WEST HOLLY~BELLINGHAM~WA~360/671-0000~~32
207/990-0529~11003~19~13~69624~3476~900 HAMMOND ST.~BANGOR~ME~207/990-0542~~32
216/759-8892~ 4222~32~0~~8311~5100 BELMONT AVE. #1~YOUNGSTOWN~OH~216/759-7339~~32
217/344-3400~ 2367~32~0~~5196~702-B KILLARNEY~URBANA~IL~217/344-4463~~32
313/973-7935~10103~0~32~66338~3020~2730 CARPENTER ROAD~ANN ARBOR~MI~313/971-5150~~32
314/875-5570~12026~32~0~~A799~2100 EAST BROADWAY~COLUMBIA~MO~314/875-6695~~32
315/433-1593~11276~32~0~~0062~6700 OLD COLLAMER RD.~EAST SYRACUSE~NY~315/433-1159~~32
315/797-7001~ 6342~20~12~69183~7465~291 GENESEE ST.~UTICA~NY~315/797-0486~~32
407/337-1992~ 6346~16~16~71556~5781~2500 S.E. MIDPORT ROAD~PORT ST. LUCIE~FL~407/335-8660~~32
417/781-8718~ 3677~16~16~65588~9414~211 MAIN #205~JOPLIN~MO~417/781-8856~~32
504/646-2900~11026~18~14~69249~2760~2112 COVINGTON HWY~SLIDELL~LA~504/641-5023~~32
508/537-6451~ 7677~32~0~~2335~285 CENTRAL STREET~LEOMINSTER~MA~508/537-0424~~32
508/824-3816~ 7547~0~32~68077~D402~15 MERCHANTS LANE~TAUNTON~MA~508/822-0000~~32
508/990-0750~11420~0~32~61567~C182~628 PLEASANT STREET~NEW BEDFORD~MA~508/997-5843~~32
516/471-6080~ 5650~32~0~~5458~2701 MIDDLE COUNTRY ROAD~LAKE GROVE~NY~516/471-6240~~32
518/458-9724~ 2045~32~0~~0300~855 CENTRAL AVENUE-LOWER LEVEL~ALBANY~NY~518/438-1380~~32
609/692-8943~13216~32~0~~C946~190 SOUTH MAIN RD.~VINELAND~NJ~609/696-5086~~32
617/592-0207~ 7344~0~32~56775~A718~140 UNION ST.~LYNN~MA~617/592-7646~~32
701/838-2140~ 7457~16~0~~D131~24 SECOND AVE. SOUTHEAST~MINOT~ND~701-838-2159~~32
701/838-2140~13430~16~0~~D131~24 SECOND AVE. SOUTHEAST~MINOT~ND~701-838-2159~~32
704/253-8945~11356~19~13~69674~5511~46 HAYWOOD STREET~ASHEVILLE~NC~704/253-7182~~32
717/348-0765~ 4464~21~11~69672~5894~426 MULBERRY~SCRANTON~PA~717/348-0806~~32
804/727-0572~10256~20~12~69351~9873~10 WEST QUEEN'S WAY~HAMPTON~VA~804/727-0673~~32
903/868-0089~ 2630~16~16~65345~4418~2007 TEXHOMA PARKWAY STE. 104~SHERMAN~TX~903/892-4472~~32
904/732-3707~10213~19~13~69494~2240~1515 EAST SILVER SPRINGS BLVD~OCALA~FL~904/732-0165~~32
904/769-0709~ 7725~20~12~69687~9266~1100 BECK AVE.~PANAMA CITY~FL~904/769-8408~~32
913/234-3070~ 6774~32~0~~7966~813 WEST 6TH ST. 1ST FLOOR~TOPEKA~KS~913/233-7398~~32
916/343-4401~13354~32~0~~D056~75 DECLARATION DR., SUITE #5~CHICO~CA~916/343-4765~~32
919/424-9610~12054~32~0~~A898~4542-A RAEFORD ROAD~FAYETTEVILLE~NC~919/424-9744~~32
209/625-4891~ 6147~19~12~69380~5657~617 W. TULARE AVENUE~VISALIA~CA~209/733-0354~~31
217/544-0312~ 4475~31~0~~7428~2605 SO. 6TH STREET, 1ST FLOOR~SPRINGFIELD~IL~217/525-0425~~31
302/856-1788~11702~20~11~70400~2408~540 C SOUTH BEDFORD ST.~GEORGETOWN~DE~302/856-7076~~31
317/281-0015~10560~31~0~~D627~520 S. NICHOLS AVE~MUNCIE~IN~317/284-4062~31
408/754-2206~ 3412~31~0~~4501~340 EL CAMINO REAL SOUTH~SALINAS~CA~408/754-2801~~31
609/665-5902~10105~31~0~~0035~2500 MC CLELLAN BLVD~PENNSAUKEN~NJ~609/665-7985~~31
701/280-0210~ 4751~31~0~~6458~322 BROADWAY 2ND FLOOR~FARGO~ND~701/237-6128~~31
707/445-3021~11052~16~15~69804~5649~1723 THIRD STREET~EUREKA~CA~707/445-9784~~31
912/232-6751~ 3607~24~7~69682~0932~24 DRAYTON ST. (BASEMENT)~SAVANNAH~GA~912/233-3144~~31
914/634-0388~ 6347~31~0~~2308~151 S. MAIN STREET~NEW CITY~NY~914/634-1537~~31
206/572-2026~ 4020~30~0~~5554~1202 PACIFIC AVENUE~TACOMA~WA~206/627-5921~~30
318/477-0105~ 3227~0~30~67223~D245~3520 PATRICK STREET~LAKE CHARLES~LA~318/478-1135~~30
319/363-7514~ 6407~21~9~69595~0913~221 4TH AVE S.E. STE 103 & 105~CEDAR RAPIDS~IA~319/363-0000~~30
406/252-4880~ 3726~30~0~~1275~2720 3RD AVENUE NORTH~BILLINGS~MT~406/252-6774~~30
508/791-9000~ 3675~30~0~~0301~340 MAIN STREET~WORCESTER~MA~508/792-9238~~30
517/788-9191~ 2666~24~6~69623~3360~ONE JACKSON SQUARE~JACKSON~MI~517/788-9757~~30
914/336-2790~10605~30~0~~5472~ROAD 2 SAWKILL RD. BOX 44~KINGSTON~NY~914/336-2626~~30
208/522-3624~ 3630~25~4~69467~4457~585 4TH ST. GRD FL~IDAHO FALLS~ID~208/524-6487~~29
215/865-6978~ 3662~29~0~~1289~2178 INDUSTRIAL DR SUITE 916~BETHLEHEM~PA~215/866-4666~~29
404/369-0165~ 5163~0~29~64842~C803~985 W. BROAD ST.~ATHENS~GA~404/548-0000~~29
407/471-9310~ 3606~29~0~~1272~3017 EXCHANGE COURT~WEST PALM BEACH~FL~407/471-0825~~29
601/864-9441~13172~17~12~69331~C731~2301 14TH ST., SUITE 314, THIRD FLOOR~GULFPORT~MS~601/863-7705~~29
617/271-0420~10031~28~1~69601~9858~19 CROSBY DRIVE~BEDFORD~MA~617/275-7971~~29
714/240-9424~11273~22~7~69465~5302~635 CAMINO DE LOS MARES #103~SAN CLEMENTE~CA~714/661-0820~~29
717/852-8186~10071~18~11~69455~9618~11 E. MARKET ST.~YORK~PA~717/846-5536~~29
806/355-7088~11267~29~0~~5252~4415 S. GEORGIA~AMARILLO~TX~806/355-9136~~29
916/241-4820~ 4722~19~10~69220~8472~310 LAKE BLVD. GROUND LEVEL~REDDING~CA~916/241-0467~~29
205/880-8912~11006~28~0~~332~3322 MEMORIAL PARKWAY~HUNTSVILLE~AL~205/881-0878~28
309/637-5961~ 5307~28~0~~6029~211 SW ADAMS (BASEMENT)~PEORIA~IL~309/673-8047~~28
601/638-1551~ 5302~14~0~~8310~908 CLAY ST~VICKSBURG~MS~601/636-2065~28
601/638-1551~ 6567~0~14~68075~D400~1900 CHERRY ST~VICKSBURG~MS~601/634-0687~28
914/473-0401~ 3377~28~0~~0040~424 MAIN ST.~POUGHKEEPSIE~NY~914/473-0400~~28
201/864-8468~ 7432~27~0~~9093~400 38TH STREET~UNION CITY~NJ~201/864-2799~~27
203/327-2974~11362~27~0~~0306~1281 E. MAIN ST.~STAMFORD~CT~203/324-5374~~27
218/722-0655~11741~17~10~69565~0928~302 W. SUPERIOR~DULUTH~MN~218/722-7168~~27
301/293-9504~13314~22~5~70016~2486~TOWN HALL, O HARP PLACE~MYERSVILLE~MD~301/293-2905~~27
303/241-1643~ 2347~16~11~70312~5586~1204 N. 7TH, SUITE 109~GRAND JUNCTION~CO~303/241-5432~~27
317/423-4616~ 7455~17~10~69269~9071~812 MAIN ST.~LAFAYETTE~IN~317/423-1710~~27
407/569-8207~ 7712~27~0~~9267~525 1ST. ST.~VERO BEACH~FL~407/778-2866~~27
508/452-5112~ 7625~27~0~~5545~67 MIDDLE STREET~LOWELL~MA~508/458-4396~~27
510/490-7366~ 7117~27~0~~0153~4340 SOLAR WAY~FREMONT~CA~415/498-2500~~27
601/769-0121~13365~27~0~~D055~3519 DENNEY AVENUE~PASCAGOULA~MS~601/769-0394~~27
603/623-0409~ 4122~27~0~~1900~1361 ELM STREET~MANCHESTER~NH~603/627-9469~~27
812/332-0544~ 2155~23~4~69895~4392~112 WALNUT ST.~BLOOMINGTON~IN~812/332-7462~~27
203/454-2129~10113~26~0~~9637~50 POST ROAD WEST~WESTPORT~CT~203/454-2117~~26
216/392-2555~ 7414~0~26~68675~D569~155 S. PARK AVE.~WARREN~OH~216/392-0000~~26
410/224-0520~11663~26~0~~2290~2444 SOLOMONS ISLAND ROAD~ANNAPOLIS~MD~301/224-0768~~26
505/471-0606~ 7636~25~1~69492~4416~3012 CIELO COURT~SANTA FE~NM~505/473-9876~~26
508/226-6441~ 7735~16~10~71039~9275~182 N. MAIN ST.~ATTLEBORO~MA~508/222-8689~~26
715/833-0121~ 2301~15~11~69107~5208~2004 HIGLAND AVE.~EAU CLAIRE~WI~715/833-0017~~26
302/678-3569~12622~19~6~69975~C102~4 FOREST STREET~DOVER~DE~302/678-9648~~25
304/529-2091~10243~0~25~64641~C781~940 FOURTH AVENUE~HUNTINGTON~WV~304/523-5642~~25
407/272-7900~ 7150~25~0~~8470~138 N.E. 6TH AVE.~DELRAY BEACH~FL~407/272-7611~~25
414/730-8029~ 7651~25~0~~4981~951 N. PERKINS~APPLETON~WI~414/730-0608~~25
502/223-0724~ 3154~12~13~65593~4605~213 CLAIR STREET~FRANKFORT~KY~502/223-0534~~25
503/772-0831~ 3123~18~7~69466~2654~843 E. MAIN ST~MEDFORD~OR~503/779-2214~~25
509/248-1462~ 2124~16~9~69488~4932~115 SOUTH FIRST AVE~YAKIMA~WA~509/453-0026~~25
605/334-0085~ 5710~25~0~~5557~300 N. DAKOTA AVENUE~SIOUX FALLS~SD~605/334-4509~~25
814/456-8501~ 3623~25~0~~1261~1001 STATE ST 1ST FL/NE CORNER~ERIE~PA~814/452-4260~~25
904/243-1644~ 5255~21~4~69503~B371~94 READY AVENUE~FT. WALTON~FL~904/243-5880~~25
201/567-8951~ 6037~24~0~~7228~155 NORTH DEAN STREET~ENGLEWOOD~NJ~201/568-4901~~24
205/742-9040~ 5431~16~8~69487~5706~509 S. 7TH STREET~OPELIKA~AL~205/742-9050~~24
209/467-0601~ 3522~22~2~71484~0190~33 E. MAGNOLIA ST. SUITE 13~STOCKTON~CA~209/941-4750~~24
209/527-0150~11402~24~0~~5951~2030 COFFEE ROAD~MODESTO~CA~209/527-0810~~24
219/293-8860~ 4161~24~0~~3470~500 N. NAPPANNEE ST. STE. 3A~ELKHART~IN~219/522-2627~~24
302/652-2036~11304~24~0~~1916~11TH & KING & MARKET~WILMINGTON~DE~302/571-8897~~24
307/638-0403~ 2163~15~9~69440~4344~6106 YELLOWSTONE SUITE A~CHEYENNE~WY~307/638-0124~~24
317/284-7821~ 7706~24~0~~9260~333 E. WASHINGTON ST~MUNCIE~IN~317/284-9157~~24
508/481-0026~11405~24~0~~5524~65 BOSTON POST ROAD~MARLBOROUGH~MA~508/480-9081~~24
512/631-6101~ 5503~16~8~40675~7963~809 QUINCE~MCALLEN~TX~512/682-8738~24
513/322-8855~13345~0~24~66263~D050~4 W. MAIN ST.~SPRINGFIELD~OH~513/322-1009~~24
513/898-0696~ 7223~21~3~69700~4115~3500 PARK CENTER DR.~DAYTON~OH~513/898-0874~~24
609/452-9529~10622~24~0~~3678~ROUTE 1 & RIDGE RD.~SOUTH BRUNSWICK~NJ~609/452-2426~~24
616/964-9303~11451~21~3~69676~2591~1346 COLUMBIA AVE~BATTLE CREEK~MI~616/963-3737~~24
803/579-7088~ 7370~24~0~~C777~2375 E. MAIN ST.~SPARTANBURG~SC~803/579-9087~~24
805/922-3308~ 6022~11~13~69400~5833~117 S. PINE~SANTA MARIA~CA~805/922-6708~~24
817/773-2545~13256~24~0~~C978~3500 SW H.K. DODGEN LOOP, STE #B2~TEMPLE~TX~817/773-6207~~24
817/776-0880~11014~24~0~~4923~401 WEST LOOP 340~WACO~TX~817/776-8122~~24
919/758-0102~ 7241~16~8~69420~2947~1413 SOUTH EVANS ST~GREENVILLE~NC~919/756-6612~~24
203/444-7030~ 4040~17~6~69714~5628~400 BAYONET STREET~NEW LONDON~CT~203/444-2892~~23
203/797-9539~ 4044~20~3~69715~1293~1 SOUTH STREET 1ST FLOOR~DANBURY~CT~203/797-8272~~23
206/423-9072~ 5514~13~10~69628~2843~805 OCEAN BEACH HIGHWAY~LONGVIEW~WA~206/425-4771~~23
313/451-2400~ 4542~23~0~~6308~409 PLYMOUTH RD, STE "G"GRD FL~PLYMOUTH~MI~313/455-9117~~23
412/838-1920~11716~23~0~~C368~8 OAKLEY PARK~GREENSBURG~PA~412/838-1980~~23
415/588-3043~ 4504~23~0~~3096~368 LITTLEFIELD~SOUTH SAN FRANCISCO~CA~415/588-3788~~23
505/525-3401~ 2071~23~0~~4922~132 W. LAS CRUCES AVE~LAS CRUCES~NM~505/525-2560~~23
804/846-0213~ 7737~21~2~69671~9276~800 MAIN ST.~LYNCHBURG~VA~804/846-0259~~23
805/985-7843~ 4154~23~0~~6101~2675 N. VENTURA RD. SUITE 206~PORT HUENEME~CA~805/984-0414~~23
817/565-0552~11251~23~0~~4945~220 PARKWAY~DENTON~TX~817/387-3714~~23
817/723-2386~ 5415~23~0~~7362~3155 LELA LANE~WICHITA FALLS~TX~817/322-2116~~23
915/683-5645~ 2706~23~0~~73~2101 W. WALL AVE., STE. 5~MIDLAND~TX~915/682-3481~~23
313/774-1000~ 6014~22~0~~2365~28351 GRATIOT AVE~ROSEVILLE~MI~313/778-8777~~22
410/273-0872~ 6673~21~1~69335~C802~413 W. BELAIR AVE.~ABERDEEN~MD~301/273-6853~~22
501/782-2486~ 6771~22~0~~7964~2601 SO. V ST, GRD LEVEL FL-1~FT. SMITH~AR~501/782-8654~~22
512/618-0320~ 6341~0~22~68654~D561~614 ASH STREET~MCALLEN~TX~512/618-5787~~22
603/882-0435~ 7042~22~0~~3623~2 TOWNSEND WEST UNIT #3~NASHUA~NH~603/883-9384~~22
615/482-1466~11315~22~0~~2768~100 TULSA RD~OAK RIDGE~TN~615/483-1848~~22
708/888-8113~ 2256~16~6~68736~4195~101 CENTER ST.~ELGIN~IL~708/888-0727~~22
719/543-9712~13244~20~2~69599~C969~119 W. 6TH ST., STE #205, 2ND FLOOR~PUEBLO~CO~719/543-9464~~22
818/841-4795~ 2443~22~0~~4653~303 N. GLENOAKS BLVD. B-1 LEV~BURBANK~CA~818/843-1151~~22
915/676-0091~10301~17~5~69593~3181~2121 S. TREADAWAY~ABILENE~TX~915/676-8562~~22
214/542-2641~10542~21~0~~3083~202 W. LOUISIANA~MCKINNEY~TX~214/637-0000~~21
216/324-7156~10603~16~5~69673~3608~2200 N. RIDGE RD.~EAST ELYRIA~OH~216/324-6342~~21
217/425-8864~ 4305~21~0~~6917~2121 SOUTH IMBODEN COURT~DECATUR~IL~217/424-2601~~21
304/292-3092~ 3112~15~6~69625~5629~209 PRAIRIE AVENUE~MORGANTOWN~WV~304/292-4168~~21
304/485-3067~ 5014~0~21~68928~D625~3501 EMERSON AVE.~PARKERSBURG~WV~304/485-2371~~21
419/747-6200~ 2236~0~21~68927~D628~1225 NORTH HOME RD.~MANSFIELD~OH~419/747-1485~~21
508/683-2680~ 6421~21~0~~2791~225 ESSEX STREET~LAWRENCE~MA~508/683-2390~~21
615/645-8877~ 5253~16~5~69504~4455~108 NO. SECOND ST. GROUND FL~CLARKSVILLE~TN~615/648-2577~~21
708/345-9100~ 7731~21~0~~9262~1701 SO. FIRST AVE~MAYWOOD~IL~708/345-4942~~21
714/422-0222~ 5325~21~0~~0203~819 LA CADENA DR. NORTH~COLTON~CA~714/825-8330~~21
803/448-1619~ 7175~18~3~69872~C274~605 12TH AVE., NORTH~MYRTLE BEACH~SC~803/448-0999~~21
912/888-9282~ 7031~21~0~~3187~235 ROOSEVELT AVE.~ALBANY~GA~912/888-6154~~21
913/843-4870~13173~21~0~~C733~1031 VERMONT ST.,NW OFFICE~LAWRENCE~KS~913/843-2002~~21
206/377-2792~ 5550~12~8~69445~5553~5002 KITSAP WAY~BREMERTON~WA~206/377-4028~~20
415/453-2087~11270~20~0~~5328~86 BELVEDERE STREET~SAN RAFAEL~CA~415/453-2283~~20
616/739-3453~ 7466~16~4~70623~9073~2340 GLADE ST.~MUSKEGON~MI~616/739-5308~~20
616/925-3134~ 4225~20~0~~6123~1889 SOUTH M-139 HWY~BENTON HARBOR~MI~616/925-1241~~20
616/947-0050~ 5063~20~0~~6583~806 S. GARFIELD~TRAVERSE CITY~MI~616/941-4377~~20
617/986-0500~ 5464~16~2~64159~5600~ONE CREDIT UNION WAY~RANDOLPH~MA~617/961-2033~~20
617/986-0500~11422~2~0~~5600~ONE CREDIT UNION WAY~RANDOLPH~MA~617/961-2033~~20
619/941-6700~ 4262~20~0~~6152~1855 EAST VISTA WAY #15~VISTA~CA~619/941-6927~~20
714/985-1153~13171~20~0~~C730~325 N. 2ND AVE.,STE A, GROUND FLOOR~UPLAND~CA~714/931-0596~~20
903/581-8652~ 2557~20~0~~4675~3221 LOOP 323 S.SW~TYLER~TX~903/581-8356~~20
906/228-3780~ 6762~16~4~70622~9069~121 N. FRONT ST.~MARQUETTE~MI~906/228-3130~~20
913/776-9803~ 5716~20~0~~2650~555 POYNTZ # 115~MANHATTAN~KS~913/776-9826~~20
206/258-1018~ 6564~16~3~70849~8146~2722 COLBY~EVERETT~WA~206/258-4528~~19
406/542-0472~13364~0~19~66328~D069~415 N. HIGGINS~MISSOULA~MT~406/721-0000~~19
409/762-8053~ 5626~19~0~~3212~306 KEMPNER ST. 3RD FL.~GALVESTON ~TX~409/762-8325~~19
602/343-9000~ 5603~19~0~~5834~250 W. 24TH STREET~YUMA~AZ~602/783-1928~~19
614/284-0020~10750~0~19~61626~C221~401 MARKET ST. #808~STEUBENVILLE~OH~614/282-2027~~19
708/501-4536~11743~16~3~64017~0938~550 FRONTAGE ROAD~NORTHFIELD~IL~708/501-4965~~19
802/862-1000~ 2261~19~0~~B389~310 PINE STREET~BURLINGTON~VT~802/864-1764~~19
803/664-0550~10604~14~5~69698~3606~305 COVINGTON ST. 1ST FLOOR~FLORENCE~SC~803/665-7903~~19
804/229-6786~ 2435~18~1~69626~3184~202 PARKWAY DR.~WILLIAMSBURG~VA~804/229-7348~~19
903/236-7475~ 7024~14~5~69789~5585~438 N. FREDONIA~LONGVIEW~TX~903/236-3891~~19
203/332-7256~11275~18~0~~8712~240 FAIRFIELD, 3RD FLOOR~BRIDGEPORT~CT~203/562-1885~~18
208/734-0221~ 5151~12~6~69634~5552~715 SHOSHONE STREET NORTH~TWIN FALLS~ID~208/734-3812~~18
307/234-4211~ 2050~18~0~~2219~120 N. CENTER STREET~CASPER~WY~307/237-4754~~18
313/982-0301~ 7467~14~4~65341~9067~942 MILITARY ST~PORT HURON~MI~313/982-0380~~18
317/662-1928~ 7733~16~2~44066~9263~428 SO. WASHINGTON~MARION~IN~317/644-1393~~18
319/354-3633~10320~18~0~~9859~103 COMMERCIAL DR., B3-2~IOWA CITY~IA~319/354-4145~~18
406/585-9719~10570~18~0~~5865~502 SOUTH 19TH STREET~BOZEMAN~MT~406/587-2620~~18
509/332-3760~ 6046~18~0~~5555~SE 1020 LATAH STREET~PULLMAN~WA~509/334-4454~~18
510/462-2101~ 4014~18~0~~3833~1257 QUARRY LANE, STE. 115~PLEASANTON~CA~415/462-2628~~18
602/774-3857~ 3471~16~2~69619~5558~2717 N. FOURTH STREET~FLAGSTAFF~AZ~602/779-2307~~18
603/868-1502~ 5256~16~2~70624~6946~KINGSBURY HALL,RM 123~DURHAM~NH~603/868-1800~~18
701/223-5165~12755~16~2~69822~C804~3500 E. ROSSER AVE.,GRD FLOOR~BISMARCK~ND~701/223-5162~~18
703/433-6333~11452~13~5~69268~2590~70 E. MOSBY RD~HARRISONBURG~VA~703/433-3558~~18
805/523-0203~11272~18~0~~5262~680 FLINN AVE., RM. 37~MOORPARK~CA~805/526-1683~~18
815/727-4716~ 5006~18~0~~C898~116 N. CHICAGO ST.~JOLIET~IL~815/727-9904~~18
206/357-0261~ 5161~0~17~61683~C243~626 COLUMBIA STREET, NW~OLYMPIA~WA~206/943-0000~~17
208/233-2501~ 3521~17~0~~1262~1070 HIGHLINE DR. STE 325~POCATELLO~ID~208/233-4369~~17
314/634-8296~ 5502~16~1~70310~A015~314 LAFAYETTE~JEFFERSON~MO~314/635-0000~~17
318/445-1800~13156~14~3~69631~C722~1405 METRO PLAZA~ALEXANDRIA~LA~318/448-1881~~17
413/499-0971~ 7332~13~4~69437~9004~91 DALTON AVENUE~PITTSFIELD~MA~413/499-7311~~17
601/841-0090~ 2674~10~7~70311~5782~304 SO. SPRING~TUPELO~MS~601/844-2676~~17
607/257-6601~ 4406~17~0~~1503~CORNELL UNIVERSITY, URIS HALL~ITHACA~NY~607/253-3000~~17
609/394-1900~ 3652~17~0~~5599~1300 CHESTNUT~TRENTON~NJ~609/695-9745~~17
908/396-8550~ 4126~17~0~~3183~1589-91 MAIN STREET~RAHWAY~NJ~908/592-7620~~17
203/634-9249~ 3026~16~0~~8316~93 MARGERIE ST~MERIDEN~CT~203/634-9143~16
203/755-5994~ 3356~16~0~~0239~130 FREIGHT ST.~WATERBURY~CT~203/573-1997~~16
205/236-3342~ 3324~16~0~~9344~1316 NOBLE #2H~ANNISTON~AL~205/237-1616~~16
205/543-3550~10305~16~0~~3021~215 S. FIFTH ST. 2ND FL~GADSDEN~AL~205/543-1210~~16
205/760-0030~ 5221~16~0~~4561~214 N. COURT ST. (GROUND LEV)~FLORENCE~AL~205/760-8941~~16
205/794-7954~ 7723~16~0~~9268~211 W. ADAMS~DOTHAN~AL~205/794-8043~~16
206/671-5990~ 6551~16~0~~7806~2009 IRON ST~BELLINGHAM~WA~206/671-0151~16
206/735-3975~ 7631~16~0~~9225~501 AUBURN WAY N.~AUBURN~WA~206/735-3979~~16
206/943-9050~ 6563~16~0~~8145~1018 E. 7th ST~OLYMPIA~WA~206/451-7970~16
207/622-3083~10601~16~0~~3639~295 WATER ST.~AUGUSTA~ME~207/622-3969~~16
207/795-6013~11067~16~0~~5010~14 MILLET DRIVE~AUBURN~ME~207/795-6116~~16
208/765-1465~ 5504~16~0~~2391~700 IRONWOOD DR.~COEUR D'ALENE~ID~208/765-1097~~16
215/383-0440~5537~16~0~~7083~544 EAST LINCOLN HIGHWAY~COATESVILLE~PA~215/384-4984~16
215/543-3045~10615~16~0~~3714~1017 SO. AVE. BASEMENT LEVEL~SECANE~PA~215/543-3044~~16
215/779-9580~ 7216~16~0~~8709~13 NORTH 23RD ST~MOUNT PENN~PA~215/779-9401~16
215/943-3700~ 7331~16~0~~9014~7411 NEW FALLS RD.~LEVITTOWN~PA~215/943-4311~~16
216/392-2542~ 7333~16~0~~9413~164 ELM RD. S.E.~WARREN~OH~216/392-1875~16
217/442-1452~ 7303~16~0~~4316~3130 A NORTH VERMILLION ST.~DANVILLE~IL~217/442-1964~~16
301/777-9320~11063~10~6~69223~5665~117-119 VALLEY STREET~CUMBERLAND~MD~301/777-2692~~16
303/224-9819~11266~16~0~~5131~1635 BLUE SPRUCE DRIVE~FT. COLLINS~CO~303/224-0234~~16
303/352-0960~ 7322~16~0~~9009~1124 10TH ST~GREELEY~CO~303/351-6204~16
304/233-7676~ 2771~16~0~~4398~901 MARKET ST.~WHEELING~WV~304/232-6294~~16
304/485-9470~ 7243~16~0~~9228~207 4TH ST~PARKERSBURG~WV~304/485-3659~16
304/523-8432~7371~16~0~~9087~456 WASHINGTON AVE~HUNTINGTON~WV~304/523-8531~16
307/742-9441~ 6221~16~0~~5587~300 S. 2ND AVENUE, SUITE 210~LARAMIE~WY~307/742-8715~~16
308/382-3176~10730~16~0~~4196~1233 N. WEBB RD. (GROUND FL)~GRAND ISLAND~NE~308/382-2751~~16
309/827-2748~ 5437~16~0~~9025~520 N. CENTER~BLOOMINGTON~IL~309/827-2632~~16
313/338-8384~ 5366~16~0~~2723~17 S. SAGINAW~PONTIAC~MI~313/338-0408~~16
314/335-1518~10602~16~0~~3640~827 BROADWAY~CAPE GIRARDEAU~MO~314/335-1433~~16
314/364-2084~ 7126~16~0~~8477~215 A.W. 8TH ST. STE 201~ROLLA~MO~314/364-6498~~16
317/453-7818~ 7650~16~0~~9233~405 SOUTHWAY BLVD.~KOKOMO~IN~317/453-2233~~16
318/388-8810~ 7646~16~0~~9231~201 HALL ST.~MONROE~LA~318/325-6516~~16
318/494-1991~ 5276~16~0~~8322~427 KIRBY ST~LAKE CHARLES~LA~318/433-6817~16
319/236-9020~ 4114~16~0~~6724~425 FRANKLIN ST.1ST FL.COMP.RM~WATERLOO~IA~319/233-7092~~16
319/582-3599~ 7456~16~0~~9078~8TH & BLUFF STREETS~DUBUQUE~IA~319/583-4236~~16
401/849-1660~ 7214~16~0~~8705~823 W. MAIN RD.~MIDDLETOWN~RI~401/849-1830~~16
404/234-0102~ 7301~16~0~~9236~10 BALE ST.~ROME~GA~404/234-5164~~16
404/327-0597~ 4443~16~0~~8309~2031 HAMILTON RD., GRD LEVEL~COLUMBUS~GA~404/327-0514~~16
404/548-7006~ 6412~16~0~~8308~985 W. BROAD ST. (GRD LEVEL)~ATHENS~GA~404/548-7004~~16
405/242-0113~ 3547~16~0~~2463~306 W. PARK~ENID~OK~405/237-7214~~16
406/443-0112~ 5017~11~5~69127~4657~110 E. LYNDALE~HELENA~MT~406/443-7166~~16
406/721-8960~ 4111~16~0~~9628~126 E. BROADWAY, STE 8, 2ND FL.~MISSOULA~MT~406/728-3943~~16
407/466-5661~ 5304~16~0~~8321~1215 S. 27TH ST.~FT. PIERCE~FL~407/466-7826~~16
407/933-8425~ 6376~16~0~~5783~600 N. THACKER~KISSIMMEE~FL~407/933-7307~~16
408/375-2644~10474~16~0~~3191~362 PACIFIC ST., 2ND FL.~MONTEREY~CA~408/375-3899~~16
410/860-0480~ 7571~16~0~~2653~718 EAST MAIN STREET~SALISBURY~MD~301/548-5301~~16
412/658-5056~ 2760~16~0~~9558~222 E. MERCER ST.~NEW CASTLE~PA~412/658-5067~~16
414/235-7473~ 4770~16~0~~6588~1218 OSHKOSH AVENUE~OSHKOSH~WI~414/235-8655~~16
414/334-1755~11752~16~0~~2445~125 NO. 6TH AVE~WEST BEND~WI~414/334-8138~~16
414/457-6128~10261~16~0~~3214~3811 KOHLER MENORIAL DR. #L1~SHEBOYGAN~WI~414/457-6156~~16
414/553-9044~ 7305~16~0~~9235~UNIV. OF WISC,WOOD R. TALENT HALL,1ST FL.~KENOSHA~WI~414/553-9151~~16
419/529-3303~ 7472~16~0~~9076~2900 PARK AVE. WEST, 2ND FLOOR~MANSFIELD~OH~419/529-2209~~16
501/535-2629~ 4073~12~4~69598~4369~2600 CHERRY, GRD. LEV~PINE BLUFF~AR~501/535-2841~~16
501/623-3576~ 7463~16~0~~9079~812 HOBSON AVE.~HOT SPRINGS~AR~501/623-4340~~16
501/935-7957~ 7464~16~0~~9081~1217 STONE ST. #235 2ND FLOOR~JONESBORO~AR~501/935-8015~~16
502/685-0959~11323~16~0~~2785~920 FREDERICA~OWENSBORO~KY~502/926-0000~~16
502/781-5711~ 7471~16~0~~9065~1101 CHESTNUT ST.~BOWLING GREEN~KY~502/782-9471~~16
503/757-6341~10100~16~0~~3603~320 S.W. 3RD ST.~CORVALLIS~OR~503/758-0190~~16
507/387-7313~ 3614~16~0~~3248~108 HICKORY, SUITE 200~MANKATO~MN~507/625-0000~~16
508/448-9361~11453~16~0~~2562~100 BOSTON ROAD~GROTON~MA~508/448-2747~~16
508/526-1506~ 2616~16~0~~2856~ATWATER AVE, 2ND FL.~MANCHESTER~MA~508/526-8422~~16
508/676-3087~ 7210~16~0~~3182~61 ALDEN PLACE~SOMERSET~MA~508/673-5815~~16
508/824-6692~ 7374~16~0~~9083~19 PROSPECT ST.~TAUNTON~MA~508/823-6739~~16
508/999-4521~ 3302~16~0~~8376~32 WILLIAM ST., STE 3E, 3RD FL.~NEW BEDFORD~MA~508/997-4986~~16
510/754-8222~ 5350~16~0~~8312~2810 LONETREE WAY, STE 6~ANTIOCH~CA~510/754-8221~~16
512/548-1331~ 4340~16~0~~8108~705 N. EXPRESSWAY~BROWNSVILLE~TX~512/548-1340~~16
512/576-9200~11754~16~0~~2446~304-A S. MAIN ST~VICTORIA~TX~512/576-9383~~16
512/727-8308~10255~16~0~~4610~716 PAPPAS ST.~LAREDO~TX~512/727-8699~~16
513/325-0511~ 4252~16~0~~9229~23 S. BELMONT AVE.~SPRINGFIELD~OH~513/322-3461~~16
515/232-0157~ 5671~16~0~~5707~205 CLARK~AMES~IA~515/232-0024~~16
515/753-0670~ 2026~16~0~~6489~330 SOUTH 3RD AVENUE~MARSHALLTOWN~IA~515/752-9799~~16
601/582-0286~ 2402~16~0~~5668~2301 HARDY STREET~HATTIESBURG~MS~601/582-4104~~16
603/228-4732~ 4375~16~0~~3893~7 SOUTH STATE STREET~CONCORD~NH~603/224-9973~~16
603/924-7090~ 2640~16~0~~2407~70 MAIN ST~PETERBOROUGH~NH~603/924-3376~~16
605/224-7700~ 2566~7~9~69568~3638~222 W. PLEASANT DR.~PIERRE~SD~605/224-8640~~16
605/341-4007~ 5013~16~0~~7727~919 MAIN ST.~RAPID CITY~SD~605/341-7716~~16
607/724-4351~ 3533~16~0~~8475~322 SECURITY MUTUAL BLDG~BINGHAMTON~NY~607/724-4879~~16
607/737-9065~ 6660~16~0~~7957~815 WISNER ST., 1ST FL.~ELMIRA~NY~607/737-1036~~16
607/962-4481~ 7364~16~0~~1072~SULLIVAN PARK, BLDG WW~CORNING~NY~607/974-7358~~16
608/362-4655~ 7460~16~0~~9077~1224 4TH STREET~BELOIT~WI~608/362-1117~~16
608/784-9099~ 2720~16~0~~8867~217 S. 7TH ST.~LA CROSSE~WI~608/784-9099~~16
609/345-4050~ 4351~16~0~~8481~11 SOUTH ILLINOIS AVE~ATLANTIC CITY~NJ~609/345-0935~~16
609/691-6446~ 2252~16~0~~4226~18 S. 6TH ST.,2ND FL.~VINELAND~NJ~609/794-2880~~16
612/251-4942~ 2323~16~0~~3185~619 GERMAINE HALL,BSMT~ST. CLOUD~MN~612/251-4174~~16
614/266-2170~ 4074~16~0~~4370~131 A. MAIN ST, GRD.  LEVEL~WINTERSVILLE~OH~614/266-2260~~16
614/345-8953~ 3775~11~5~69106~4343~27 NORTH 4TH STREET~NEWARK~OH~614/345-8009~~16
615/378-5746~ 2711~16~0~~3276~109 E. CENTER ST. 2ND FLOOR~KINGSPORT~TN~615/378-5786~~16
615/453-0401~ 2057~16~0~~3932~451 COURT AVE. #209 2ND FLOOR~SEVIERVILLE~TN~615/453-1039~~16
615/928-9544~10506~16~0~~3171~112 E. MYRTLE~JOHNSON CITY~TN~615/928-9587~~16
616/775-9242~ 7465~16~0~~9070~118 N. SHELBY~CADILLAC~MI~616/775-9361~~16
617/585-7616~ 4027~16~0~~4782~46 SUMMER ST., 2ND FL.~KINGSTON~MA~617/585-6864~~16
618/874-5702~10617~16~0~~3641~327 MISSOURI AVE.,RM 525, 5TH FL.~E. ST. LOUIS~IL~618/874-5706~~16
619/679-0200~ 7653~16~0~~9279~13055 POWAY RD.~POWAY~CA~619/486-3907~~16
701/746-0344~ 7340~16~0~~9015~18TH & DYKE~GRAND FORKS~ND~701/775-7022~~16
704/867-2203~ 7607~16~0~~3256~418 SOUTH STREET~GASTONIA~NC~704/867-2053~~16
704/932-4131~10027~16~0~~9864~500 SO. CANNON BLVD.~KANNAPOLIS~NC~704/938-4716~~16
707/257-6810~ 7632~16~0~~9223~1728 JEFFERSON ST.~NAPA~CA~707/253-2365~~16
707/426-5900~10072~16~0~~3189~1555 WEBSTER ST. UTILITY RM~FAIRFIELD~CA~707/425-9574~~16
707/644-1192~ 3120~16~0~~8864~1027 ALABAMA ST.~VALLEJO~CA~707/644-1191~~16 
708/474-1422~10432~16~0~~3604~18225 BURNHAM, BSMT~LANSING~IL~708/474-9285~~16
708/844-0700~ 3031~16~0~~5891~908 H N. LAKESTREET~AURORA~IL~708/844-0768~~16
712/255-3834~ 5021~16~0~~7732~3319 NORTHBROOK RD., 1ST FL.~SIOUX CITY~IA~712/255-1330~~16
713/420-3389~ 7717~16~0~~9259~1722 MARKET ST.~BAYTOWN~TX~713/420-3361~~16
714/737-5510~ 7652~16~0~~9278~1264 W. 6TH ST.~CORONA~CA~714/737-4983~~16
715/848-6171~ 5365~16~0~~4417~210 MCCLELLAN ST. STE. 412~WAUSAU~WI~715/848-2565~~16
716/285-2561~ 3704~16~0~~1908~1318 PORTAGE ROAD~NIAGARA FALLS~NY~716/285-2560~~16
716/488-0794~10171~10~6~69515~9772~14-16 EAST 2ND ST.~JAMESTOWN~NY~716/487-0799~~16
717/323-0386~ 7747~16~0~~3697~430 WILLIAM ST.~WILLIAMSPORT~PA~717/323_0946~~16
802/229-4508~ 7107~16~0~~8507~338 RIVER STREET~MONTPELIER~VT~802/223-5287~~16
805/965-1612~11372~16~0~~4957~121 GRAY AVE.~SANTA BARBARA~CA~805/564-8991~~16
812/232-0112~ 7454~16~0~~9072~11 CHERRY ST.~TERRE HAUTE~IN~812/232-0844~~16
814/234-3853~ 6675~16~0~~7978~2600 CLYDE AVE.~STATE COLLEGE~PA~814/234-5838~~16
814/539-5059~10170~16~0~~9773~227 FRANKLIN ST.~JOHNSTOWN~PA~814/539-7097~~16
814/943-5848~ 5526~16~0~~7084~1215 SIXTEENTH STREET~ALTOONA~PA~814/943-4995~~16
815/232-7111~ 7721~10~6~69707~9261~711 SO. CHIPPEWA AVE.~FREEPORT~IL~815/235-9418~~16
815/727-2169~10471~16~0~~3168~305 N. OTTAWA ST., GRD LEVEL~JOLIET~IL~708/285-0712~~16
816/232-1455~ 3144~16~0~~9342~2414 S. LEONARD RD.~ST. JOSEPH~MO~816/233-1048~~16
901/423-1244~ 4771~16~0~~9343~525 E. MAIN ST.~JACKSON~TN~901/422-6676~~16
903/792-4521~ 2446~16~0~~3605~1221 WOOD ST.~TEXARKANA~TX~903/792-1834~~16
913/651-8094~ 7726~16~0~~9273~113 DELAWARE STE G.~LEAVENWORTH~KS~913/651-8573~~16
913/825-4845~ 7730~16~0~~9272~1217 SO. SANTA FE~SALINA~KS~913/825-2736~~16
915/658-4590~ 7522~16~0~~3180~211 S. DAVID ST.~SAN ANGELO~TX~915/658-1209~~16
916/758-3551~ 7434~16~0~~9088~505 SECOND STREET~DAVIS~CA~916/758-2142~~16
919/883-6121~ 7242~16~0~~9226~116 W. BROAD ST.~HIGH POINT~NC~919/883-9007~~16
203/686-1238~12600~0~15~60587~B863~300 RESEARCH PARKWAY, #100~MERIDEN~CT~203/686-1224~~15
401/765-5994~ 7736~15~0~~9274~285 MAIN ST~WOONSOCKET~RI~401/762-3709~~15 
419/228-6343~ 2376~12~3~69433~8861~543 W. ELM ST.~LIMA~OH~419/224-0976~~15
601/482-4335~ 7714~10~5~68333~9269~601 22ND. AVE.~MERIDIAN~MS~601/482-4363~~15
412/283-2286~ 3204~12~2~70399~4545~127 ONEIDA VALLEY ROAD~BUTLER~PA~412/283-3758~~14
619/955-7050~12460~0~14~59347~B384~16519 VICTOR STREET~VICTORVILLE~CA~619/955-8036~~14
310/696-7275~13363~0~13~66286~D061~14831 E. WHITTIER BLVD, SUITE #206 2ND FLOOR~WHITTIER~CA~310/945-1518~~13
406/727-9510~ 7154~13~0~~8473~201 2ND AVE., SOUTH GRND FL.~GREAT FALLS~MT~406/727-9998~~13
801/373-2192~11053~13~0~~5650~175 N. 200 WEST, #102~PROVO~UT~801/373-2390~~13
801/393-5280~ 7226~13~0~~5864~3751 PACIFIC AVENUE~OGDEN~UT~801/393-7859~~13
203/763-3521~10172~12~0~~9739~179 MAIN ST.~SOMERS~CT~203/749-8614~~12
603/643-4011~ 7375~12~0~~9082~35 S. MAIN MUSGOVE BLD~HANOVER~NH~603/643-2044~~12
406/494-6682~ 7447~11~0~~9477~2218 AMHERST ST.~BUTTE~MT~406/494-8866~~11
305/294-1573~ 6273~10~0~~B372~218 WHITEHEAD STREET~KEY WEST~FL~305/296-2833~~10
408/356-1818~12642~0~10~60801~B950~15495 LOS GATOS BLVD.~LOS GATOS~CA~408/358-2638~~10
904/360-1110~ 2113~10~0~~C878~734 N. 3RD STREET~LEESBURG~FL~904/360-0314~~10
916/749-8015~12624~0~10~60702~B927~500 OLIVE ST~MARYSVILLE~CA~916/749-8705~~10
207/764-4167~12031~0~9~58789~B373~166 STATE STREET~PRESQUE ISLE~ME~207/764-5944~~9
304/325-0517~ 4725~0~9~59322~B374~1708 VINEYARD STREET~BLUEFIELD~WV~304/325-3180~~9
304/624-1451~11471~0~9~61566~C187~348 W. MAIN STREET~CLARKSBURG~WV~304/623-0000~~9
315/788-1816~12516~9~0~~B429~44 PUBLIC SQUARE #18~WATERTOWN~NY~315/782-9934~~9
316/663-2192~ 7102~0~9~61338~C231~1 NORTH MAIN~HUTCHINSON~KS~316/663-3198~~9
405/226-1260~ 7336~9~0~~9010~1205 NORTHGLEN~ARDMORE~OK~405/226-9711~~9
503/389-0146~10033~0~9~60798~B949~25 N.W. MINNESOTA~BEND~OR~503/389-0563~~9
505/623-3591~ 7157~9~0~~C877~601 2ND ST.,SUITE 15~ROSWELL~NM~505/625-0483~~9
513/874-1744~10212~9~0~~9815~9772 PRINCETON ROAD~CINCINNATI~OH~513/874-7974~~9
515/682-0857~ 3712~9~0~~C226~302 E. MAIN STREET~OTTUMWA~IA~515/682-0446~~9
619/352-5823~12425~0~9~59562~B428~1681 WEST MAIN ST~EL CENTRO~CA~619/352-7256~~9
703/330-9070~ 7622~9~0~~A717~8807 SUDLEY RD.~MANASSAS~VA~703/330-8377~~9
914/561-9103~10472~9~0~~3115~357 WINDSOR HWY.~NEW WINDSOR~NY~914/561-9350~~9
218/262-4801~ 5215~0~8~62542~C441~302 E. HOWARD CT.~HIBBING~MN~218/262-2192~~8
419/427-1600~ 3047~0~8~60994~C008~624 - B CRYSTAL AVE.~FINDLAY~OH~419/423-3286~~8
603/964-7779~ 3224~8~0~~2398~110 LAFAYETTE ROAD~NORTH HAMPTON~NH~603/964-8801~~8
217/223-9531~ 5250~7~0~~C883~300 MAIN ST.~QUINCY~IL~217/223-9562~~7
502/443-1086~12621~7~0~~B924~1501 BROADWAY #229~PADUCAH~KY~502/443-4040~~7
512/423-0051~ 5167~7~0~~C440~513 E. JACKSON #316~HARLINGEN~TX~512/423-1497~~7
614/454-2893~12742~0~7~61641~C222~1100 - H BRANDYWINE BLVD.~ZANESVILLE~OH~614/454-8219~~7
618/529-4300~13303~7~0~~C979~103 S. WASHINGTON #205~CARBONDALE~IL~618/457-0000~~7
803/648-0237~12601~0~7~60588~B865~942 MILLBROOK AVENUE~AIKEN~SC~803/648-0000~~7
408/954-0846~4067~0~1~51868~4458~135 NICHOLSON LANE~SAN JOSE~CA~408/433-9280~~1
  S|p