 
 
                  MAX                 TOT
 HOST  PORTS      CON-HR       %      HOURS         * 950121 *
 
 1454               9.88    9.95       99.32
 1612               1.83    7.47       24.55
 1936               7.33   15.46       47.43
 2315              18.30   18.15      100.82
 4069               3.47   11.36       30.52
 4093               1.08   56.52        1.92
 4210               0.00    0.00        0.00
 4676              34.40    7.30      470.97
 4840              26.13    6.85      381.60
 4844              21.97    8.41      261.10
 6233               0.00    0.00        0.00
 7633              23.45    7.44      315.03
 9691               0.32   61.29        0.52
 9768               0.50   68.18        0.73
11741              14.07    7.55      186.28
13100               0.03  100.00        0.03
13428              18.82   10.72      175.45
16947               1.15   25.18        4.57
17261               0.00    0.00        0.00
17273               0.00    0.00        0.00
17274               6.20   12.55       49.38
17275               6.27   19.72       31.78
17279               0.13   13.79        0.97
17280               0.00    0.00        0.00
17281               0.00    0.00        0.00
20610              15.85    9.10      174.17
 
 
                  MAX                 TOT
 HOST  PORTS      CON-HR       %      HOURS         * 950122 *
 
 1454               5.95    8.37       71.12
 1612               2.62   15.86       16.50
 1936               2.88   27.42       10.52
 2315               4.83    7.38       65.45
 4069               5.60   16.71       33.52
 4093               0.40   54.55        0.73
 4210               0.00    0.00        0.00
 4676              31.02    6.68      464.18
 4840              25.90    7.57      342.28
 4844              20.23    8.28      244.48
 6233               0.00    0.00        0.00
 7633              23.47    8.88      264.27
 9691               0.20   85.71        0.23
 9768               1.00   18.99        5.27
11741              11.45    9.05      126.55
13100               0.07   50.00        0.13
13428              10.07    8.29      121.38
16947               0.27   61.54        0.43
17261               0.00    0.00        0.00
17273               0.00    0.00        0.00
17274               3.43   11.12       30.88
17275               3.92   13.99       28.00
17279               0.47   37.33        1.25
17280               0.00    0.00        0.00
17281               0.00    0.00        0.00
20610              12.20    8.18      149.17
 
 
                  MAX                 TOT
 HOST  PORTS      CON-HR       %      HOURS         * 950123 *
 
 1454              29.85    9.61      310.48
 1612              23.57   11.19      210.60
 1936              30.12    9.79      307.73
 2315              27.42   11.06      247.92
 4069              31.72   10.18      311.48
 4093               7.93   11.16       71.12
 4210               0.00    0.00        0.00
 4676              31.43    5.90      532.72
 4840              30.23    5.85      517.25
 4844              26.10    7.07      369.28
 6233               0.00    0.00        0.00
 7633              29.10    6.74      431.83
 9691              28.77   12.95      222.20
 9768              28.43   15.28      186.12
11741              22.82    9.07      251.62
13100              12.38   17.54       70.60
13428              31.18    8.51      366.38
16947               3.48   19.57       17.80
17261               0.00    0.00        0.00
17273               0.00    0.00        0.00
17274              26.37   12.13      217.32
17275              26.23   12.35      212.37
17279               2.23   29.58        7.55
17280               0.00    0.00        0.00
17281               0.00    0.00        0.00
20610              22.67    9.17      247.10
 
 
                  MAX                 TOT
 HOST  PORTS      CON-HR       %      HOURS         * 950124 *
 
 1454              31.67    9.10      347.95
 1612              23.43    8.61      272.05
 1936              32.50    7.72      421.17
 2315              27.90    9.13      305.45
 4069              31.33    9.48      330.55
 4093               7.03    9.96       70.58
 4210               0.00    0.00        0.00
 4676              52.90    9.15      578.35
 4840              34.62    5.78      598.55
 4844              27.68    6.62      418.10
 6233               0.00    0.00        0.00
 7633              30.17    6.04      499.22
 9691              30.08   12.88      233.65
 9768              29.98   13.04      229.88
11741              23.70    9.05      261.90
13100              22.85   24.24       94.25
13428              31.73    7.77      408.33
16947               1.32   12.06       10.92
17261               0.00    0.00        0.00
17273               0.00    0.00        0.00
17274              26.15   13.13      199.13
17275              28.12   10.93      257.15
17279               1.95   21.47        9.08
17280               0.00    0.00        0.00
17281               0.00    0.00        0.00
20610              24.45    6.77      360.98
 
 
                  MAX                 TOT
 HOST  PORTS      CON-HR       %      HOURS         * 950125 *
 
 1454              31.40   10.11      310.70
 1612              23.62    8.67      272.32
 1936              32.20    7.02      458.55
 2315              26.90    9.51      282.98
 4069              31.30    9.73      321.58
 4093               7.95    9.15       86.88
 4210               0.00    0.00        0.00
 4676              57.72    9.22      625.92
 4840              37.78    6.28      601.28
 4844              26.12    6.07      430.15
 6233               0.00    0.00        0.00
 7633              30.05    6.00      500.98
 9691              29.85   13.92      214.40
 9768              29.83   12.30      242.58
11741              26.83    8.44      317.80
13100              17.73   17.13      103.53
13428              31.60    8.79      359.50
16947               3.15   18.94       16.63
17261               0.00    0.00        0.00
17273               0.00    0.00        0.00
17274              26.97   12.04      223.88
17275              27.25   13.22      206.12
17279               1.90   12.71       14.95
17280               0.00    0.00        0.00
17281               0.00    0.00        0.00
20610              23.13    6.86      337.15
