-COPY (eoda)x24bd.SEP, new.dmi

? X24BD.SEP (0) file was not found
-R 1022
10/7/93
TYMSHARE System 1022A (114B)

* LOAD NEW.
System 1022 Data Loading Program
No errors on DESCRIPTION file
%errors on input for attribute ERLANGS
%errors on input for attribute TOTAL_CONNECT_HOURS
%errors on input for attribute HOST
%errors on input for attribute PERCENTAGE
7414 records processed, 239 blocks written on phase 2
processing keyed attributes:
HOST (38 blocks, 244 values)
ERLANGS (43 blocks, 967 values)
PERCENTAGE (66 blocks, 2485 values)
TOTAL_CONNECT_HOURS (65 blocks, 2600 values)
212 blocks written on phase 3
* O NEW.
* FI ALL.
7414 RECS FOUND.
* FI HOST 0.
154 RECS FOUND.
* DELETE.
* USE x24bd.dmc.
7260 RECS FOUND.
NOT FOUND.
NOT FOUND.
NOT FOUND.
NOT FOUND.
NOT FOUND.
NOT FOUND.
NOT FOUND.
NOT FOUND.
NOT FOUND.
NOT FOUND.
NOT FOUND.
NOT FOUND.
NOT FOUND.
NOT FOUND.
NOT FOUND.
NOT FOUND.
NOT FOUND.
NOT FOUND.
NOT FOUND.
NOT FOUND.
NOT FOUND.
NOT FOUND.
NOT FOUND.
NOT FOUND.
NOT FOUND.
NOT FOUND.
NOT FOUND.
NOT FOUND.
NOT FOUND.
NOT FOUND.
NOT FOUND.
7260 RECS FOUND.

EXIT

-GFD EODA

-COPY (NETENG)x24bd.rpt, x24bd.093

-type x24bd.093
  .00     .00      .00      .00      .00      .00        .00       0  BLOOMFIELD
  .00     .00      .00      .00      .00      .00        .00       0  PHLDLPHIA
  .00     .00      .00      .00      .00      .00        .00       0  DENVER
  .00     .00      .00      .00      .00      .00        .00       0  VERNON
  .00     .00      .00      .00      .00      .00        .00       0  PITTSBRGH
  .00     .00      .00      .00      .00      .00        .00       0  NEWARK
  .00     .00      .00      .00      .00      .00        .00       0  PORTLAND
  .00     .00      .00      .00      .00      .00        .00       0  ST LRNT
  .00     .00      .00      .00      .00      .00        .00       0  SAN FRAN
  .00     .00      .00      .00      .00      .00        .00       0  OAKLAND
  .00     .00      .00      .00      .00      .00        .00       0  SAN DIEGO
  .00     .00      .00      .00      .00      .00        .00       0  DORAVILLE
  .00     .00      .00      .00      .00      .00        .00       0  CHICAGO
  .00     .00      .00      .00      .00      .00        .00       0  NEW YORK
  .00     .00      .00      .00      .00      .00        .00       0  FAIRFAX
  .00     .00      .00      .00      .00      .00        .00       0  SACRAMNTO
  .00     .00      .00      .00      .00      .00        .00       0  SEATTLE
  .00     .00      .00      .00      .00      .00        .00       0  HOUSTON
  .00     .00      .00      .00      .00      .00        .00       0  SAN JOSE
  .00     .00      .00      .00      .00      .00        .00       0  NWPRT BEA
  .00     .00      .00      .00      .00      .00        .00       0  INDINAPLS
  .00     .00      .00      .00      .00      .00        .00       0  SLT LK CT
  .00     .00      .00      .00      .00      .00        .00       0  S BRUNSCK
  .00     .00      .00      .00      .00      .00        .00       0  UNION CTY
  .00     .00      .00      .00      .00      .00        .00       0  OTTAWA
  .00     .00      .00      .00      .00      .00        .00       0  CINCI
  .00     .00      .00      .00      .00      .00        .00       0  BROOKFLD
  .00     .00      .00      .00      .00      .00        .00       0  DAYTON
  .00     .00      .00      .00      .00      .00        .00       0  TORONTO
  .00     .00      .00      .00      .00      .00        .00       0  BRIDGETON
  .00     .00      .00      .00      .00      .00        .00       0  DUBLIN
                                                    *****.**          X24BD TOT

-GFD

-delete x24bd.rpt


-COPY (eoda)x24tl.SEP, new.dmi

-R 1022
10/7/93
TYMSHARE System 1022A (114B)

* LOAD NEW.
System 1022 Data Loading Program
No errors on DESCRIPTION file
%errors on input for attribute ERLANGS
%errors on input for attribute TOTAL_CONNECT_HOURS
%errors on input for attribute HOST
%errors on input for attribute PERCENTAGE
1747 records processed, 59 blocks written on phase 2
processing keyed attributes:
HOST (10 blocks, 61 values)
ERLANGS (6 blocks, 133 values)
PERCENTAGE (7 blocks, 288 values)
TOTAL_CONNECT_HOURS (7 blocks, 256 values)
30 blocks written on phase 3
* O NEW.
* FI ALL.
1747 RECS FOUND.
* FI HOST 0.
148 RECS FOUND.
* DELETE.
* USE x24tl.dmc.
1599 RECS FOUND.
29 RECS FOUND.
7 RECS FOUND.
7 RECS FOUND.
29 RECS FOUND.
29 RECS FOUND.
29 RECS FOUND.
29 RECS FOUND.
29 RECS FOUND.
29 RECS FOUND.
29 RECS FOUND.
7 RECS FOUND.
29 RECS FOUND.
29 RECS FOUND.
29 RECS FOUND.
29 RECS FOUND.
29 RECS FOUND.
29 RECS FOUND.
29 RECS FOUND.
29 RECS FOUND.
7 RECS FOUND.
29 RECS FOUND.
29 RECS FOUND.
7 RECS FOUND.
29 RECS FOUND.
29 RECS FOUND.
29 RECS FOUND.
7 RECS FOUND.
29 RECS FOUND.
29 RECS FOUND.
29 RECS FOUND.
NOT FOUND.
1599 RECS FOUND.
1599 RECS FOUND.
29 RECS FOUND.
29 RECS FOUND.
7 RECS FOUND.
29 RECS FOUND.
29 RECS FOUND.
29 RECS FOUND.
7 RECS FOUND.
29 RECS FOUND.
NOT FOUND.
29 RECS FOUND.
29 RECS FOUND.
29 RECS FOUND.
29 RECS FOUND.
29 RECS FOUND.
7 RECS FOUND.
29 RECS FOUND.
29 RECS FOUND.
7 RECS FOUND.
29 RECS FOUND.
29 RECS FOUND.
29 RECS FOUND.
29 RECS FOUND.
29 RECS FOUND.
7 RECS FOUND.
29 RECS FOUND.
29 RECS FOUND.
29 RECS FOUND.
7 RECS FOUND.
29 RECS FOUND.
29 RECS FOUND.
29 RECS FOUND.

EXIT

-GFD EODA

-COPY (NETENG)x24tl.rpt, x24tl.093

-type x24tl.093
  .00     .00      .00      .00      .00      .00        .00     364  BLOOMFIELD
  .00     .00      .00      .00      .00      .00        .00   15139  PHLDLPHIA
  .00     .00      .00      .00      .00      .00        .00    9145  DENVER
  .10    1.00    38.39   100.00      .18     1.80       5.10    2622  VERNON
  .18     .53    49.47    94.12      .26      .88       7.46    3462  PITTSBRGH
  .11     .33    37.62   100.00      .28      .82       8.04    3752  NEWARK
  .00     .03    10.34   100.00      .00      .03        .09    6679  PORTLAND
  .00     .07     1.38    40.00      .01      .17        .17    7157  ST LRNT
  .00     .03     3.45   100.00      .00      .03        .03    7377  SAN FRAN
  .00     .03    10.34   100.00      .00      .03        .08    7971  OAKLAND
  .00     .00      .00      .00      .00      .00        .00    7524  SAN DIEGO
  .00     .05    13.79   100.00      .00      .05        .12    8880  DORAVILLE
  .66    1.82    30.08   100.00     2.74     8.02      79.50    8882  CHICAGO
  .03     .75     1.87    54.22      .05     1.38       1.38    8884  NEW YORK
  .00     .03     3.45   100.00      .00      .03        .03    9341  FAIRFAX
  .00     .03     3.45   100.00      .00      .03        .03    9722  SACRMNTO
  .00     .07     3.45   100.00      .00      .07        .07    9915  SEATTLE
  .00     .10     6.90   100.00      .00      .10        .12   10892  HOUSTON
  .16    1.00    36.19   100.00      .32     2.95       9.18   11153  SAN JOSE
  .00     .00      .00      .00      .00      .00        .00    9464  NWPRT BEA
  .00     .05     3.45   100.00      .00      .05        .05   11586  INDINAPLS
  .01     .08    18.23   100.00      .02      .18        .69   11609  SLT LK CT
  .00     .00      .00      .00      .00      .00        .00    6057  S BRUNSWK
  .01     .07     7.72   100.00      .01      .12        .25   11654  UNION CTY
  .00     .00      .00      .00      .00      .00        .00   11663  OTTAWA
  .05     .52    16.20   100.00      .07      .70       1.90   11742  CINCI
  .00     .00      .00      .00      .00      .00        .00    9719  BROOKFLD
  .04     .70    14.40   100.00      .06     1.12       1.72   11820  DAYTON
  .01     .08    15.11   100.00      .01      .12        .28   13117  TORONTO
  .00     .02     3.45   100.00      .00      .02        .02   16876  BRIDGETON
  .00     .00      .00      .00      .00      .00        .00       0  DUBLIN
                                                     3060.97          X24TL TOT

-GFD

-delete x24tl.rpt


-type x24tl.sun
364;Bloomfield;    .00
16876;Bridgeton;    .02
9719;Brookfield;    .00
8882;Chicago;  79.50
11742;Cincinnati;   1.90
11820;Dayton;   1.72
9145;Denver;    .00
8880;Doraville;    .12
16917;Dublin;    .00
9341;Fairfax;    .03
10892;Houston;    .12
11586;Indianapolis;    .05
8884;New York;   1.38
3752;Newark;   8.04
9464;Newport Beach;    .00
7971;Oakland;    .08
11663;Ottawa;    .00
15139;Philadelphia;    .00
3462;Pittsburgh;   7.46
6679;Portland;    .09
9722;Sacramento;    .03
7157;St Laurent;    .17
11609;Salt Lake City;    .69
7524;San Diego;    .00
7377;San Francisco;    .03
11153;San Jose;   9.18
9915;Seattle;    .07
6057;South Brunswick;    .00
13117;Toronto;    .28
11654;Union City;    .25
2622;Vernon;   5.10

-LOGOUT
2183.89 tru
terminal time: 0:07:30

; Req #43914 completed
   