Master host: 30
(SYS         :  30) MAGTAB.SAV     4 11-Apr-77 16:59 FOXCIJ  ALL RUN RUN
(SYS         :  30) MAGCON.DAT     4 22-Dec-75 13:48 NAGZUR  ALL  RD  RD
(SYS         :  30) MAGRIM.SAV     2 29-Apr-85 09:17 WOLWOW  ALL RUN RUN
(SYS         :  30) MAGNUM.SHR     2 20-Mar-82 13:29 SUZJER  ALL RUN RUN
(SYS         :  30) MAGNUM.DIR     2 30-Nov-92 12:47 WOXKER   CP  NO  NO
(FTMAGNUM    :  30) MAGNP1.SHR   189 01-Sep-83 10:18 SUJZID  ALL RUN RUN    200
(FTMAGNUM    :  30) MAGNQL.SHR    75 01-Sep-83 10:19 JOGTIG  ALL RUN RUN    200
(FTMAGNUM    :  30) MAGNP2.SHR   138 01-Sep-83 10:18 SOPMED  ALL RUN RUN    200
(FTMAGNUM    :  30) MAGNP3.SHR   134 01-Sep-83 10:18 NENDIQ  ALL RUN RUN    200
(FTMAGNUM    :  30) MAGNAC.SHR   157 01-Sep-83 10:18 LUXHAM  ALL RUN RUN    200
(FTMAGNUM    :  30) MAGNRN.SHR   182 01-Sep-83 10:19 KEZWAG  ALL RUN RUN    200
(FTMAGNUM    :  30) MAGNS1.SHR   144 01-Sep-83 10:19 VONDOH  ALL RUN RUN    200
(FTMAGNUM    :  30) MAGNRG.SHR   174 01-Sep-83 10:19 CUTFIN  ALL RUN RUN    200
(FTMAGNUM    :  30) MAGNS2.SHR   186 01-Sep-83 10:19 NUWNEC  ALL RUN RUN    200
(FTMAGNUM    :  30) MAGNUM.DIR     2 29-Nov-90 13:45 TATTUD   CP  NO  NO
(FTMAGNUM    :  30) MAGNDB.SHR   155 19-Feb-87 08:19 QAFNAN  ALL RUN RUN    200
(FTMAGNUM    :  30) MAGNUM.INF    10 01-Sep-83 10:19 FAXGES  ALL  RD  RD
(FTMAGNUM    :  30) MAGNUM.LOW     6 01-Sep-83 10:19 NOQWAW  ALL RUN RUN    200
(FTMAGNUM    :  30) MAGNUM.OLD   225 07-Jun-87 09:09 REBNUN  ALL RUN RUN
(FTMAGNUM    :  30) MAGNUT.SHR   173 01-Sep-83 10:19 ZIZVUM  ALL RUN RUN    200
(FTMAGNUM    :  30) MAGNUM.SHR   225 05-Jun-87 07:23 REBNUN  ALL RUN RUN    200
21 files on master system.
Slave hosts: 14,17,23,26,30,33,34,38,74
Checking host 14

?unable to build circuit to JMS:14
?host unavailable

?unable to build circuit to JMS:14
?host unavailable

?unable to build circuit to JMS:14
?host unavailable

?unable to build circuit to JMS:14
?host unavailable

?unable to build circuit to JMS:14
?host unavailable
Creaux failed to JMS:14
Checking host 17

?unable to build circuit to JMS:17
?host unavailable

?unable to build circuit to JMS:17
?host unavailable

?unable to build circuit to JMS:17
?host unavailable

?unable to build circuit to JMS:17
?host unavailable

?unable to build circuit to JMS:17
?host unavailable
Creaux failed to JMS:17
Checking host 23
(SYS         :  23) MAGTAB.SAV     4 29-Mar-77 11:05 -- bad checksum FOMRUB
                           should be 11-Apr-77 16:59 FOXCIJ  ALL RUN RUN
(SYS         :  23) MAGCON.DAT     4 01-Jan-64 16:01 -- current
(SYS         :  23) MAGRIM.SAV     2 29-Apr-85 09:15 -- bad checksum WOPTAS
                           should be 29-Apr-85 09:17 WOLWOW  ALL RUN RUN
(SYS         :  23) MAGNUM.SHR     2 19-May-82 14:30 -- bad license    200
                           should be 20-Mar-82 13:29 SUZJER  ALL RUN RUN
(SYS         :  23) MAGNUM.DIR     2 09-Aug-85 02:24 -- bad checksum FUWRIM
                           should be 30-Nov-92 12:47 WOXKER   CP  NO  NO
(FTMAGNUM    :  23) MAGNP1.SHR   189 30-Aug-83 10:03 -- bad checksum SUJDAP
                           should be 01-Sep-83 10:18 SUJZID  ALL RUN RUN    200
(FTMAGNUM    :  23) MAGNQL.SHR    75 30-Aug-83 10:03 -- bad checksum JOGCAS
                           should be 01-Sep-83 10:19 JOGTIG  ALL RUN RUN    200
(FTMAGNUM    :  23) MAGNP2.SHR   138 30-Aug-83 10:03 -- bad checksum SOTGUQ
                           should be 01-Sep-83 10:18 SOPMED  ALL RUN RUN    200
(FTMAGNUM    :  23) MAGNP3.SHR   134 30-Aug-83 10:03 -- bad checksum NENHUG
                           should be 01-Sep-83 10:18 NENDIQ  ALL RUN RUN    200
(FTMAGNUM    :  23) MAGNAC.SHR   157 30-Aug-83 10:03 -- bad checksum LABRAG
                           should be 01-Sep-83 10:18 LUXHAM  ALL RUN RUN    200
(FTMAGNUM    :  23) MAGNRN.SHR   182 30-Aug-83 10:03 -- bad checksum KIXQAR
                           should be 01-Sep-83 10:19 KEZWAG  ALL RUN RUN    200
(FTMAGNUM    :  23) MAGNS1.SHR   144 30-Aug-83 10:03 -- bad checksum VORSAV
                           should be 01-Sep-83 10:19 VONDOH  ALL RUN RUN    200
(FTMAGNUM    :  23) MAGNRG.SHR   174 30-Aug-83 10:03 -- bad checksum CUTJUD
                           should be 01-Sep-83 10:19 CUTFIN  ALL RUN RUN    200
(FTMAGNUM    :  23) MAGNS2.SHR   186 30-Aug-83 10:03 -- current
(FTMAGNUM    :  23) MAGNDB.SHR   155 30-Aug-83 10:03 -- bad checksum QAFRID
                           should be 19-Feb-87 08:19 QAFNAN  ALL RUN RUN    200
(FTMAGNUM    :  23) MAGNUM.INF    10 30-Aug-83 10:03 -- current
(FTMAGNUM    :  23) MAGNUM.LOW     6 30-Aug-83 10:03 -- bad checksum NUWQAP
                           should be 01-Sep-83 10:19 NOQWAW  ALL RUN RUN    200
(FTMAGNUM    :  23) MAGNUM.SHR   225 30-Aug-83 10:03 -- current
(FTMAGNUM    :  23) MAGNUT.SHR   173 30-Aug-83 10:04 -- current
(FTMAGNUM    :  23) MAGNUM.DIR     2 23-Jun-87 11:14 -- bad checksum XEDZUN
                           should be 29-Nov-90 13:45 TATTUD   CP  NO  NO
(FTMAGNUM    :  23) MAGNUM.OLD                       -- missing on slave
Checking host 26
(SYS         :  26) MAGTAB.SAV     4 09-Jan-64 00:00 -- bad checksum FOMRUB
                           should be 11-Apr-77 16:59 FOXCIJ  ALL RUN RUN
(SYS         :  26) MAGCON.DAT     4 11-May-89 17:45 -- protection ALL  RD  NO
                           should be 22-Dec-75 13:48 NAGZUR  ALL  RD  RD
(SYS         :  26) MAGRIM.SAV     2 01-Jan-64 08:15 -- bad checksum WOPTAS
                           should be 29-Apr-85 09:17 WOLWOW  ALL RUN RUN
(SYS         :  26) MAGNUM.SHR     2 01-Jan-64 15:43 -- current
(FTMAGNUM    :  26) MAGNUM.SHR                       -- missing on slave
(FTMAGNUM    :  26) MAGNUT.SHR                       -- missing on slave
(FTMAGNUM    :  26) MAGNUM.OLD                       -- missing on slave
(FTMAGNUM    :  26) MAGNUM.LOW                       -- missing on slave
(FTMAGNUM    :  26) MAGNUM.INF                       -- missing on slave
(FTMAGNUM    :  26) MAGNDB.SHR                       -- missing on slave
(FTMAGNUM    :  26) MAGNUM.DIR                       -- missing on slave
(FTMAGNUM    :  26) MAGNS2.SHR                       -- missing on slave
(FTMAGNUM    :  26) MAGNRG.SHR                       -- missing on slave
(FTMAGNUM    :  26) MAGNS1.SHR                       -- missing on slave
(FTMAGNUM    :  26) MAGNRN.SHR                       -- missing on slave
(FTMAGNUM    :  26) MAGNAC.SHR                       -- missing on slave
(FTMAGNUM    :  26) MAGNP3.SHR                       -- missing on slave
(FTMAGNUM    :  26) MAGNP2.SHR                       -- missing on slave
(FTMAGNUM    :  26) MAGNQL.SHR                       -- missing on slave
(FTMAGNUM    :  26) MAGNP1.SHR                       -- missing on slave
(SYS         :  26) MAGNUM.DIR                       -- missing on slave
Checking host 30
(SYS         :  30) MAGTAB.SAV     4 11-Apr-77 16:59 -- current
(SYS         :  30) MAGCON.DAT     4 22-Dec-75 13:48 -- current
(SYS         :  30) MAGRIM.SAV     2 29-Apr-85 09:17 -- current
(SYS         :  30) MAGNUM.SHR     2 20-Mar-82 13:29 -- current
(SYS         :  30) MAGNUM.DIR     2 30-Nov-92 12:47 -- current
(FTMAGNUM    :  30) MAGNP1.SHR   189 01-Sep-83 10:18 -- current
(FTMAGNUM    :  30) MAGNQL.SHR    75 01-Sep-83 10:19 -- current
(FTMAGNUM    :  30) MAGNP2.SHR   138 01-Sep-83 10:18 -- current
(FTMAGNUM    :  30) MAGNP3.SHR   134 01-Sep-83 10:18 -- current
(FTMAGNUM    :  30) MAGNAC.SHR   157 01-Sep-83 10:18 -- current
(FTMAGNUM    :  30) MAGNRN.SHR   182 01-Sep-83 10:19 -- current
(FTMAGNUM    :  30) MAGNS1.SHR   144 01-Sep-83 10:19 -- current
(FTMAGNUM    :  30) MAGNRG.SHR   174 01-Sep-83 10:19 -- current
(FTMAGNUM    :  30) MAGNS2.SHR   186 01-Sep-83 10:19 -- current
(FTMAGNUM    :  30) MAGNUM.DIR     2 29-Nov-90 13:45 -- current
(FTMAGNUM    :  30) MAGNDB.SHR   155 19-Feb-87 08:19 -- current
(FTMAGNUM    :  30) MAGNUM.INF    10 01-Sep-83 10:19 -- current
(FTMAGNUM    :  30) MAGNUM.LOW     6 01-Sep-83 10:19 -- current
(FTMAGNUM    :  30) MAGNUM.OLD   225 07-Jun-87 09:09 -- current
(FTMAGNUM    :  30) MAGNUT.SHR   173 01-Sep-83 10:19 -- current
(FTMAGNUM    :  30) MAGNUM.SHR   225 05-Jun-87 07:23 -- current
Checking host 33
(SYS         :  33) MAGTAB.SAV     4 29-Mar-77 11:05 -- bad checksum FOMRUB
                           should be 11-Apr-77 16:59 FOXCIJ  ALL RUN RUN
(SYS         :  33) MAGCON.DAT     4 22-Dec-75 13:48 -- current
(SYS         :  33) MAGRIM.SAV     2 29-Apr-85 09:17 -- bad checksum WOPTAS
                           should be 29-Apr-85 09:17 WOLWOW  ALL RUN RUN
(SYS         :  33) MAGNUM.SHR     2 12-Nov-82 13:38 -- current
(SYS         :  33) MAGWRT.SAV     3 17-Jan-80 12:09 -- extra not on master
(FTMAGNUM    :  33) MAGNP1.SHR   189 31-Aug-83 10:55 -- bad checksum SUJDAP
                           should be 01-Sep-83 10:18 SUJZID  ALL RUN RUN    200
(FTMAGNUM    :  33) MAGNQL.SHR    75 31-Aug-83 10:55 -- bad checksum JOGCAS
                           should be 01-Sep-83 10:19 JOGTIG  ALL RUN RUN    200
(FTMAGNUM    :  33) MAGNP2.SHR   138 31-Aug-83 10:55 -- bad checksum SOTGUQ
                           should be 01-Sep-83 10:18 SOPMED  ALL RUN RUN    200
(FTMAGNUM    :  33) MAGNP3.SHR   134 31-Aug-83 10:55 -- bad checksum NENHUG
                           should be 01-Sep-83 10:18 NENDIQ  ALL RUN RUN    200
(FTMAGNUM    :  33) MAGNAC.SHR   157 31-Aug-83 10:55 -- bad checksum LABRAG
                           should be 01-Sep-83 10:18 LUXHAM  ALL RUN RUN    200
(FTMAGNUM    :  33) MAGNRN.SHR   182 31-Aug-83 10:56 -- bad checksum KIXQAR
                           should be 01-Sep-83 10:19 KEZWAG  ALL RUN RUN    200
(FTMAGNUM    :  33) MAGNS1.SHR   144 31-Aug-83 10:56 -- bad checksum VORSAV
                           should be 01-Sep-83 10:19 VONDOH  ALL RUN RUN    200
(FTMAGNUM    :  33) MAGNRG.SHR   174 31-Aug-83 10:56 -- bad checksum CUTJUD
                           should be 01-Sep-83 10:19 CUTFIN  ALL RUN RUN    200
(FTMAGNUM    :  33) MAGNS2.SHR   186 31-Aug-83 10:56 -- current
(FTMAGNUM    :  33) MAGNUM.DIR     2 27-May-84 15:17 -- bad checksum HAMFUX
                           should be 29-Nov-90 13:45 TATTUD   CP  NO  NO
(FTMAGNUM    :  33) MAGNDB.SHR   155 31-Aug-83 10:55 -- bad checksum QAFRID
                           should be 19-Feb-87 08:19 QAFNAN  ALL RUN RUN    200
(FTMAGNUM    :  33) MAGNUM.INF    10 31-Aug-83 10:56 -- current
(FTMAGNUM    :  33) MAGNUM.LOW     6 31-Aug-83 10:56 -- bad checksum NUWQAP
                           should be 01-Sep-83 10:19 NOQWAW  ALL RUN RUN    200
(FTMAGNUM    :  33) MAGNUM.SHR   225 31-Aug-83 10:56 -- current
(FTMAGNUM    :  33) MAGNUT.SHR   173 31-Aug-83 10:56 -- current
(FTMAGNUM    :  33) MAGNUM.OLD                       -- missing on slave
(SYS         :  33) MAGNUM.DIR                       -- missing on slave
Checking host 34
(SYS         :  34) MAGTAB.SAV     4 11-Apr-77 16:52 -- bad checksum FOMRUB
                           should be 11-Apr-77 16:59 FOXCIJ  ALL RUN RUN
(SYS         :  34) MAGCON.DAT     4 19-Sep-80 16:09 -- current
(SYS         :  34) MAGRIM.SAV     2 29-Apr-85 09:17 -- bad checksum WOPTAS
                           should be 29-Apr-85 09:17 WOLWOW  ALL RUN RUN
(SYS         :  34) MAGNUM.SHR     2 18-May-82 20:48 -- current
(SYS         :  34) MAGNUM.DIR     2 26-Jan-89 03:56 -- bad checksum NEYJUK
                           should be 30-Nov-92 12:47 WOXKER   CP  NO  NO
(FTMAGNUM    :  34) MAGNP1.SHR   189 31-Aug-83 06:50 -- bad checksum SUJDAP
                           should be 01-Sep-83 10:18 SUJZID  ALL RUN RUN    200
(FTMAGNUM    :  34) MAGNQL.SHR    75 31-Aug-83 06:50 -- bad checksum JOGCAS
                           should be 01-Sep-83 10:19 JOGTIG  ALL RUN RUN    200
(FTMAGNUM    :  34) MAGNP2.SHR   138 31-Aug-83 06:50 -- bad checksum SOTGUQ
                           should be 01-Sep-83 10:18 SOPMED  ALL RUN RUN    200
(FTMAGNUM    :  34) MAGNP3.SHR   134 31-Aug-83 06:50 -- bad checksum NENHUG
                           should be 01-Sep-83 10:18 NENDIQ  ALL RUN RUN    200
(FTMAGNUM    :  34) MAGNAC.SHR   157 31-Aug-83 06:49 -- bad checksum LABRAG
                           should be 01-Sep-83 10:18 LUXHAM  ALL RUN RUN    200
(FTMAGNUM    :  34) MAGNRN.SHR   182 31-Aug-83 06:50 -- bad checksum KIXQAR
                           should be 01-Sep-83 10:19 KEZWAG  ALL RUN RUN    200
(FTMAGNUM    :  34) MAGNS1.SHR   144 31-Aug-83 06:50 -- bad checksum VORSAV
                           should be 01-Sep-83 10:19 VONDOH  ALL RUN RUN    200
(FTMAGNUM    :  34) MAGNRG.SHR   174 31-Aug-83 06:50 -- bad checksum CUTJUD
                           should be 01-Sep-83 10:19 CUTFIN  ALL RUN RUN    200
(FTMAGNUM    :  34) MAGNS2.SHR   186 31-Aug-83 06:50 -- current
(FTMAGNUM    :  34) MAGNDB.SHR   155 31-Aug-83 06:49 -- bad checksum QAFRID
                           should be 19-Feb-87 08:19 QAFNAN  ALL RUN RUN    200
(FTMAGNUM    :  34) MAGNUM.INF    10 31-Aug-83 06:50 -- current
(FTMAGNUM    :  34) MAGNUM.LOW     6 31-Aug-83 06:50 -- bad checksum NUWQAP
                           should be 01-Sep-83 10:19 NOQWAW  ALL RUN RUN    200
(FTMAGNUM    :  34) MAGNUM.SHR   225 31-Aug-83 06:51 -- current
(FTMAGNUM    :  34) MAGNUT.SHR   173 31-Aug-83 06:51 -- current
(FTMAGNUM    :  34) MAGNUM.DIR     2 11-Feb-86 13:05 -- bad checksum WUNNIJ
                           should be 29-Nov-90 13:45 TATTUD   CP  NO  NO
(FTMAGNUM    :  34) MAGNUM.OLD                       -- missing on slave
Checking host 38
(SYS         :  38) MAGTAB.SAV     4 28-Mar-77 11:36 -- bad checksum FOMRUB
                           should be 11-Apr-77 16:59 FOXCIJ  ALL RUN RUN
(SYS         :  38) MAGCON.DAT     4 26-Aug-75 09:01 -- current
(SYS         :  38) MAGRIM.SAV     2 29-Apr-85 09:19 -- bad checksum WOPTAS
                           should be 29-Apr-85 09:17 WOLWOW  ALL RUN RUN
(SYS         :  38) MAGNUM.SHR     2 17-Aug-81 09:48 -- current
(SYS         :  38) MAGNUM.DIR     2 12-Oct-83 14:35 -- bad checksum GAHTAM
                           should be 30-Nov-92 12:47 WOXKER   CP  NO  NO
(FTMAGNUM    :  38) MAGNP1.SHR   189 01-Sep-83 10:18 -- bad checksum SUJDAP
                           should be 01-Sep-83 10:18 SUJZID  ALL RUN RUN    200
(FTMAGNUM    :  38) MAGNQL.SHR    75 01-Sep-83 10:19 -- bad checksum JOGCAS
                           should be 01-Sep-83 10:19 JOGTIG  ALL RUN RUN    200
(FTMAGNUM    :  38) MAGNP2.SHR   138 01-Sep-83 10:18 -- bad checksum SOTGUQ
                           should be 01-Sep-83 10:18 SOPMED  ALL RUN RUN    200
(FTMAGNUM    :  38) MAGNP3.SHR   134 01-Sep-83 10:18 -- bad checksum NENHUG
                           should be 01-Sep-83 10:18 NENDIQ  ALL RUN RUN    200
(FTMAGNUM    :  38) MAGNAC.SHR   157 01-Sep-83 10:18 -- bad checksum LABRAG
                           should be 01-Sep-83 10:18 LUXHAM  ALL RUN RUN    200
(FTMAGNUM    :  38) MAGNRN.SHR   182 01-Sep-83 10:19 -- bad checksum KIXQAR
                           should be 01-Sep-83 10:19 KEZWAG  ALL RUN RUN    200
(FTMAGNUM    :  38) MAGNS1.SHR   144 01-Sep-83 10:19 -- bad checksum VORSAV
                           should be 01-Sep-83 10:19 VONDOH  ALL RUN RUN    200
(FTMAGNUM    :  38) MAGNRG.SHR   174 01-Sep-83 10:19 -- bad checksum CUTJUD
                           should be 01-Sep-83 10:19 CUTFIN  ALL RUN RUN    200
(FTMAGNUM    :  38) MAGNS2.SHR   186 01-Sep-83 10:19 -- current
(FTMAGNUM    :  38) MAGNUM.DIR     2 12-Jun-89 10:44 -- bad checksum BEBROV
                           should be 29-Nov-90 13:45 TATTUD   CP  NO  NO
(FTMAGNUM    :  38) MAGNDB.SHR   155 01-Sep-83 10:18 -- bad checksum QAFRID
                           should be 19-Feb-87 08:19 QAFNAN  ALL RUN RUN    200
(FTMAGNUM    :  38) MAGNUM.INF    10 01-Sep-83 10:19 -- current
(FTMAGNUM    :  38) MAGNUM.LOW     6 01-Sep-83 10:19 -- bad checksum NUWQAP
                           should be 01-Sep-83 10:19 NOQWAW  ALL RUN RUN    200
(FTMAGNUM    :  38) MAGNUM.SHR   225 01-Sep-83 10:19 -- current
(FTMAGNUM    :  38) MAGNUT.SHR   173 01-Sep-83 10:19 -- current
(FTMAGNUM    :  38) MAGNUM.OLD                       -- missing on slave
Checking host 74
(SYS         :  74) MAGTAB.SAV     4 28-Mar-77 11:36 -- bad checksum FOMRUB
                           should be 11-Apr-77 16:59 FOXCIJ  ALL RUN RUN
(SYS         :  74) MAGCON.DAT     4 05-Sep-84 16:36 -- bad checksum SOWNEJ
                           should be 22-Dec-75 13:48 NAGZUR  ALL  RD  RD
(SYS         :  74) MAGRIM.SAV     2 29-Apr-85 09:22 -- bad checksum WOPTAS
                           should be 29-Apr-85 09:17 WOLWOW  ALL RUN RUN
(SYS         :  74) MAGNUM.SHR     2 25-May-82 11:10 -- current
(FTMAGNUM    :  74) MAGNQL.SHR    75 01-Sep-83 10:30 -- bad checksum JOGCAS
                           should be 01-Sep-83 10:19 JOGTIG  ALL RUN RUN    200
(FTMAGNUM    :  74) MAGNP2.SHR   138 24-May-87 08:53 -- bad checksum SOTGUQ
                           should be 01-Sep-83 10:18 SOPMED  ALL RUN RUN    200
(FTMAGNUM    :  74) MAGNP3.SHR   134 01-Sep-83 10:30 -- bad checksum NENHUG
                           should be 01-Sep-83 10:18 NENDIQ  ALL RUN RUN    200
(FTMAGNUM    :  74) MAGNS1.SHR   144 01-Sep-83 10:30 -- bad checksum VORSAV
                           should be 01-Sep-83 10:19 VONDOH  ALL RUN RUN    200
(FTMAGNUM    :  74) MAGNRG.SHR   174 01-Sep-83 10:30 -- bad checksum CUTJUD
                           should be 01-Sep-83 10:19 CUTFIN  ALL RUN RUN    200
(FTMAGNUM    :  74) MAGNRN.SHR   182 01-Sep-83 10:30 -- bad checksum KIXQAR
                           should be 01-Sep-83 10:19 KEZWAG  ALL RUN RUN    200
(FTMAGNUM    :  74) MAGNS2.SHR   186 01-Sep-83 10:30 -- current
(FTMAGNUM    :  74) MAGNDB.SHR   155 24-May-87 08:54 -- bad checksum QAFRID
                           should be 19-Feb-87 08:19 QAFNAN  ALL RUN RUN    200
(FTMAGNUM    :  74) MAGNUM.INF    10 01-Sep-83 10:30 -- current
(FTMAGNUM    :  74) MAGNUM.LOW     6 01-Sep-83 10:30 -- bad checksum NUWQAP
                           should be 01-Sep-83 10:19 NOQWAW  ALL RUN RUN    200
(FTMAGNUM    :  74) MAGNUM.SHR   225 01-Sep-83 10:30 -- current
(FTMAGNUM    :  74) MAGNUM.DIR     2 10-Mar-88 14:06 -- badksum PUXNIS
                           should be 29-Nov-90 13:45 TATTUD   CP  NO  NO
(FTMAGNUM    :  74) MAGNUT.SHR                       -- missing on slave
(FTMAGNUM    :  74) MAGNUM.OLD                       -- missing on slave
(FTMAGNUM    :  74) MAGNAC.SHR                       -- missing on slave
(FTMAGNUM    :  74) MAGNP1.SHR                       -- missing on slave
(SYS         :  74) MAGNUM.DIR                       -- missing on slave
   UoYx