n, 11-Feb-96 16:59:59 PST
Frame 9 user MAIL: (MAIL)MAILER 
Sun, 11-Feb-96 17:59:59 PST
Frame 9 user MAIL: (MAIL)MAILER 
Sun, 11-Feb-96 18:59:59 PST
Frame 9 user MAIL: (MAIL)MAILER 
Sun, 11-Feb-96 19:59:59 PST
Frame 9 user MAIL: (MAIL)MAILER 
Sun, 11-Feb-96 20:59:59 PST
Frame 9 user MAIL: (MAIL)MAILER 
Sun, 11-Feb-96 21:59:59 PST
Frame 9 user MAIL: (MAIL)MAILER 
Sun, 11-Feb-96 23:00:03 PST
Frame 9 user MAIL: (MAIL)MAILER 
Sun, 11-Feb-96 23:59:59 PST
Frame 9 user MAIL: (MAIL)MAILER 
Frame 12 user PERPOPER: (SYS)REDSAT 
Mon, 12-Feb-96  0:59:59 PST
Frame 12 user MAIL: (MAIL)MAILER 
Mon, 12-Feb-96  1:59:59 PST
Frame 9 user MAIL: (MAIL)MAILER 
Mon, 12-Feb-96  2:59:59 PST
Frame 9 user MAIL: (MAIL)MAILER 
Mon, 12-Feb-96  3:59:59 PST
Frame 9 user MAIL: (MAIL)MAILER 
Mon, 12-Feb-96  4:59:59 PST
Frame 9 user MAIL: (MAIL)MAILER 
Mon, 12-Feb-96  5:59:59 PST
Frame 9 user MAIL: (MAIL)MAILER 
Mon, 12-Feb-96  6:59:59 PST
Frame 9 user MAIL: (MAIL)MAILER 
Mon, 12-Feb-96  7:59:59 PST
Frame 9 user MAIL: (MAIL)MAILER 
Frame 12 user PERPOPER: (SYS)REDSAT 
Mon, 12-Feb-96  9:00:00 PST
Frame 9 user MAIL: (MAIL)MAILER 
Mon, 12-Feb-96  9:59:59 PST
Frame 9 user MAIL: (MAIL)MAILER 
Mon, 12-Feb-96 10:59:59 PST
Frame 9 user MAIL: (MAIL)MAILER 
Mon, 12-Feb-96 11:59:59 PST
Frame 9 user MAIL: (MAIL)MAILER 
Mon, 12-Feb-96 12:59:59 PST
Frame 9 user MAIL: (MAIL)MAILER 
Mon, 12-Feb-96 13:59:59 PST
Frame 12 user MAIL: (MAIL)MAILER 
Mon, 12-Feb-96 14:59:59 PST
Frame 12 user MAIL: (MAIL)MAILER 
Mon, 12-Feb-96 15:59:59 PST
Frame 12 user MAIL: (MAIL)MAILER 
Frame 17 user PERPOPER: (SYS)REDSAT 
Mon, 12-Feb-96 16:59:59 PST
Frame 12 user MAIL: (MAIL)MAILER 
Mon, 12-Feb-96 17:59:59 PST
Frame 12 user MAIL: (MAIL)MAILER 
Mon, 12-Feb-96 18:59:59 PST
Frame 9 user MAIL: (MAIL)MAILER 
Mon, 12-Feb-96 19:59:59 PST
Frame 9 user MAIL: (MAIL)MAILER 
Mon, 12-Feb-96 20:59:59 PST
Frame 9 user MAIL: (MAIL)MAILER 
Mon, 12-Feb-96 21:59:59 PST
Frame 9 user MAIL: (MAIL)MAILER 
Mon, 12-Feb-96 23:00:00 PST
Frame 9 user MAIL: (MAIL)MAILER 
Tue, 13-Feb-96  0:00:00 PST
Frame 9 user MAIL: (MAIL)MAILER 
Frame 12 user PERPOPER: (SYS)REDSAT 
Tue, 13-Feb-96  1:00:00 PST
Frame 12 user MAIL: (MAIL)MAILER 
Tue, 13-Feb-96  2:00:00 PST
Frame 9 user MAIL: (MAIL)MAILER 
Tue, 13-Feb-96  3:00:00 PST
Frame 9 user MAIL: (MAIL)MAILER 
Tue, 13-Feb-96  4:00:00 PST
Frame 9 user MAIL: (MAIL)MAILER 
Tue, 13-Feb-96  5:00:00 PST
Frame 9 user MAIL: (MAIL)MAILER 
Tue, 13-Feb-96  6:00:00 PST
Frame 9 user MAIL: (MAIL)MAILER 
Tue, 13-Feb-96  7:00:00 PST
Frame 9 user MAIL: (MAIL)MAILER 
Tue, 13-Feb-96  8:00:00 PST
Frame 9 user MAIL: (MAIL)MAILER 
Frame 12 user PERPOPER: (SYS)REDSAT 
Tue, 13-Feb-96  9:00:00 PST
Frame 9 user MAIL: (MAIL)MAILER 
Tue, 13-Feb-96 10:00:00 PST
Frame 9 user MAIL: (MAIL)MAILER 
Tue, 13-Feb-96 11:00:00 PST
Frame 9 user MAIL: (MAIL)MAILER 
Tue, 13-Feb-96 12:00:00 PST
Frame 9 user MAIL: (MAIL)MAILER 
Tue, 13-Feb-96 13:00:00 PST
Frame 9 user MAIL: (MAIL)MAILER 
Tue, 13-Feb-96 14:00:00 PST
Frame 9 user MAIL: (MAIL)MAILER 
Tue, 13-Feb-96 15:00:00 PST
Frame 10 user MAIL: (MAIL)MAILER 
Tue, 13-Feb-96 16:00:00 PST
Frame 18 user MAIL: (MAIL)MAILER 
Frame 19 user PERPOPER: (SYS)REDSAT 
Tue, 13-Feb-96 17:00:00 PST
Frame 12 user MAIL: (MAIL)MAILER 
Tue, 13-Feb-96 17:59:59 PST
Frame 12 user MAIL: (MAIL)MAILER 
Tue, 13-Feb-96 19:00:00 PST
Frame 12 user MAIL: (MAIL)MAILER 
Tue, 13-Feb-96 20:00:00 PST
Frame 9 user MAIL: (MAIL)MAILER 
Tue, 13-Feb-96 21:00:00 PST
Frame 9 user MAIL: (MAIL)MAILER 
Tue, 13-Feb-96 22:00:00 PST
Frame 9 user MAIL: (MAIL)MAILER 
Tue, 13-Feb-96 23:00:02 PST
Frame 9 user MAIL: (MAIL)MAILER 
Wed, 14-Feb-96  0:00:00 PST
Frame 9 user MAIL: (MAIL)MAILER 
Frame 12 user PERPOPER: (SYS)REDSAT 
Wed, 14-Feb-96  1:00:00 PST
Frame 12 user MAIL: (MAIL)MAILER 
Wed, 14-Feb-96  2:00:00 PST
Frame 9 user MAIL: (MAIL)MAILER 
Wed, 14-Feb-96  3:00:00 PST
Frame 9 user MAIL: (MAIL)MAILER 
Wed, 14-Feb-96  4:00:00 PST
Frame 9 user MAIL: (MAIL)MAILER 
Wed, 14-Feb-96  5:00:00 PST
Frame 9 user MAIL: (MAIL)MAILER 
Wed, 14-Feb-96  6:00:00 PST
Frame 9 user MAIL: (MAIL)MAILER 
Wed, 14-Feb-96  7:00:00 PST
Frame 9 user MAIL: (MAIL)MAILER 
Wed, 14-Feb-96  8:00:00 PST
Frame 9 user MAIL: (MAIL)MAILER 
Frame 12 user PERPOPER: (SYS)REDSAT 
Wed, 14-Feb-96  9:00:00 PST
Frame 9 user MAIL: (MAIL)MAILER 
Wed, 14-Feb-96 10:00:00 PST
Frame 9 user MAIL: (MAIL)MAILER 
Wed, 14-Feb-96 11:00:00 PST
Frame 9 user MAIL: (MAIL)MAILER 
Wed, 14-Feb-96 12:00:00 PST
Frame 9 user MAIL: (MAIL)MAILER 
Wed, 14-Feb-96 13:00:00 PST
Frame 9 user MAIL: (MAIL)MAILER 
Wed, 14-Feb-96 14:00:00 PST
Frame 9 user MAIL: (MAIL)MAILER 
Wed, 14-Feb-96 15:00:00 PST
Frame 9 user MAIL: (MAIL)MAILER 
Wed, 14-Feb-96 16:00:00 PST
Frame 9 user MAIL: (MAIL)MAILER 
Frame 12 user PERPOPER: (SYS)REDSAT 
Wed, 14-Feb-96 17:00:00 PST
Frame 9 user MAIL: (MAIL)MAILER 
Wed, 14-Feb-96 18:00:00 PST
Frame 9 user MAIL: (MAIL)MAILER 
Wed, 14-Feb-96 19:00:00 PST
Frame 9 user MAIL: (MAIL)MAILER 
Wed, 14-Feb-96 20:00:00 PST
Frame 9 user MAIL: (MAIL)MAILER 
Wed, 14-Feb-96 20:59:57 PST
Frame 5 user PERPOPER: SYSLOG status 4,1 exit
Wed, 14-Feb-96 20:59:58 PST notice to quit
Thu, 15-Feb-96  1:33:04 PST system startup
Frame 1 user PJ: (PJ)PAM 
Frame 5 user PERPOPER: (SYS)SYSLOG 
Frame 7 user MAIL: (MAIL)MAILER 
Thu, 15-Feb-96  1:59:59 PST
Frame 9 user MAIL: (MAIL)MAILER 
Thu, 15-Feb-96  2:59:59 PST
Frame 9 user MAIL: (MAIL)MAILER 
Thu, 15-Feb-96  3:59:59 PST
Frame 9 user MAIL: (MAIL)MAILER 
Thu, 15-Feb-96  4:59:59 PST
Frame 9 user MAIL: (MAIL)MAILER 
Thu, 15-Feb-96  5:59:59 PST
Frame 9 user MAIL: (MAIL)MAILER 
Thu, 15-Feb-96  6:59:59 PST
Frame 9 user MAIL: (MAIL)MAILER 
Thu, 15-Feb-96  7:59:59 PST
Frame 9 user MAIL: (MAIL)MAILER 
Frame 10 user PERPOPER: (SYS)REDSAT 
Thu, 15-Feb-96  8:59:59 PST
Frame 9 user MAIL: (MAIL)MAILER 
Thu, 15-Feb-96  9:59:59 PST
Frame 9 user MAIL: (MAIL)MAILER 
Thu, 15-Feb-96 10:59:59 PST
Frame 9 user MAIL: (MAIL)MAILER 
Thu, 15-Feb-96 11:59:59 PST
Frame 9 user MAIL: (MAIL)MAILER 
Thu, 15-Feb-96 12:59:59 PST
Frame 9 user MAIL: (MAIL)MAILER 
Thu, 15-Feb-96 13:59:59 PST
Frame 9 user MAIL: (MAIL)MAILER 
Thu, 15-Feb-96 14:59:59 PST
Frame 9 user MAIL: (MAIL)MAILER 
Thu, 15-Feb-96 15:59:59 PST
Frame 9 user MAIL: (MAIL)MAILER 
Frame 10 user PERPOPER: (SYS)REDSAT 
Thu, 15-Feb-96 16:59:59 PST
Frame 9 user MAIL: (MAIL)MAILER 
Thu, 15-Feb-96 18:00:01 PST
Frame 9 user MAIL: (MAIL)MAILER 
Thu, 15-Feb-96 18:59:59 PST
Frame 9 user MAIL: (MAIL)MAILER 
Thu, 15-Feb-96 19:59:59 PST
Frame 9 user MAIL: (MAIL)MAILER 
Thu, 15-Feb-96 20:59:59 PST
Frame 9 user MAIL: (MAIL)MAILER 
Thu, 15-Feb-96 21:59:59 PST
Frame 9 user MAIL: (MAIL)MAILER 
Thu, 15-Feb-96 23:00:02 PST
Frame 9 user MAIL: (MAIL)MAILER 
Fri, 16-Feb-96  0:00:00 PST
Frame 9 user MAIL: (MAIL)MAILER 
Frame 10 user PERPOPER: (SYS)REDSAT 
Fri, 16-Feb-96  1:00:00 PST
Frame 10 user MAIL: (MAIL)MAILER 
Fri, 16-Feb-96  2:00:00 PST
Frame 9 user MAIL: (MAIL)MAILER 
Fri, 16-Feb-96  3:00:00 PST
Frame 9 user MAIL: (MAIL)MAILER 
Fri, 16-Feb-96  4:00:00 PST
Frame 9 user MAIL: (MAIL)MAILER 
Fri, 16-Feb-96  5:00:00 PST
Frame 9 user MAIL: (MAIL)MAILER 
Fri, 16-Feb-96  6:00:00 PST
Frame 9 user MAIL: (MAIL)MAILER 
Fri, 16-Feb-96  7:00:00 PST
Frame 9 user MAIL: (MAIL)MAILER 
Fri, 16-Feb-96  8:00:00 PST
Frame 9 user MAIL: (MAIL)MAILER 
Frame 10 user PERPOPER: (SYS)REDSAT 
Fri, 16-Feb-96  9:00:00 PST
Frame 9 user MAIL: (MAIL)MAILER 
Fri, 16-Feb-96 10:00:00 PST
Frame 9 user MAIL: (MAIL)MAILER 
Fri, 16-Feb-96 11:00:00 PST
Frame 9 user MAIL: (MAIL)MAILER 
Fri, 16-Feb-96 12:00:00 PST
Frame 9 user MAIL: (MAIL)MAILER 
Fri, 16-Feb-96 13:00:00 PST
Frame 9 user MAIL: (MAIL)MAILER 
Fri, 16-Feb-96 14:00:00 PST
Frame 9 user MAIL: (MAIL)MAILER 
Fri, 16-Feb-96 15:00:00 PST
Frame 14 user MAIL: (MAIL)MAILER 
Fri, 16-Feb-96 16:00:00 PST
Frame 9 user MAIL: (MAIL)MAILER 
Frame 10 user PERPOPER: (SYS)REDSAT 
Fri, 16-Feb-96 17:00:00 PST
Frame 9 user MAIL: (MAIL)MAILER 
Fri, 16-Feb-96 18:00:00 PST
Frame 9 user MAIL: (MAIL)MAILER 
Fri, 16-Feb-96 19:00:00 PST
Frame 9 user MAIL: (MAIL)MAILER 
Fri, 16-Feb-96 20:00:00 PST
Frame 9 user MAIL: (MAIL)MAILER 
Fri, 16-Feb-96 21:00:00 PST
Frame 9 user MAIL: (MAIL)MAILER 
Fri, 16-Feb-96 22:00:00 PST
Frame 9 user MAIL: (MAIL)MAILER 
Fri, 16-Feb-96 23:00:01 PST
Frame 9 user MAIL: (MAIL)MAILER 
Sat, 17-Feb-96  0:00:00 PST
Frame 9 user MAIL: (MAIL)MAILER 
Frame 10 user PERPOPER: (SYS)REDSAT 
Sat, 17-Feb-96  1:00:00 PST
Frame 10 user MAIL: (MAIL)MAILER 
Sat, 17-Feb-96  2:00:00 PST
Frame 9 user MAIL: (MAIL)MAILER 
Sat, 17-Feb-96  3:00:00 PST
Frame 9 user MAIL: (MAIL)MAILER 
Sat, 17-Feb-96  4:00:00 PST
Frame 9 user MAIL: (MAIL)MAILER 
Sat, 17-Feb-96  5:00:00 PST
Frame 9 user MAIL: (MAIL)MAILER 
Sat, 17-Feb-96  6:00:00 PST
Frame 9 user MAIL: (MAIL)MAILER 
Sat, 17-Feb-96  7:00:00 PST
Frame 9 user MAIL: (MAIL)MAILER 
Sat, 17-Feb-96  8:00:00 PST
Frame 9 user MAIL: (MAIL)MAILER 
Frame 10 user PERPOPER: (SYS)REDSAT 
Sat, 17-Feb-96  9:00:00 PST
Frame 9 user MAIL: (MAIL)MAILER 
Sat, 17-Feb-96 10:00:00 PST
Frame 9 user MAIL: (MAIL)MAILER 
Sat, 17-Feb-96 11:00:00 PST
Frame 9 user MAIL: (MAIL)MAILER 
Sat, 17-Feb-96 12:00:00 PST
Frame 9 user MAIL: (MAIL)MAILER 
Sat, 17-Feb-96 13:00:00 PST
Frame 9 user MAIL: (MAIL)MAILER 
Sat, 17-Feb-96 14:00:00 PST
Frame 9 user MAIL: (MAIL)MAILER 
Sat, 17-Feb-96 15:00:00 PST
Frame 9 user MAIL: (MAIL)MAILER 
Sat, 17-Feb-96 16:00:00 PST
Frame 9 user MAIL: (MAIL)MAILER 
Frame 10 user PERPOPER: (SYS)REDSAT 
Sat, 17-Feb-96 17:00:00 PST
Frame 9 user MAIL: (MAIL)MAILER 
Sat, 17-Feb-96 18:00:00 PST
Frame 9 user MAIL: (MAIL)MAILER 
Sat, 17-Feb-96 19:00:00 PST
Frame 9 user MAIL: (MAIL)MAILER 
Sat, 17-Feb-96 20:00:00 PST
Frame 9 user MAIL: (MAIL)MAILER 
Sat, 17-Feb-96 21:00:00 PST
Frame 9 user MAIL: (MAIL)MAILER 
Sat, 17-Feb-96 22:00:00 PST
Frame 9 user MAIL: (MAIL)MAILER 
Sat, 17-Feb-96 23:00:00 PST
Frame 9 user MAIL: (MAIL)MAILER 
Sun, 18-Feb-96  0:00:00 PST
Frame 9 user MAIL: (MAIL)MAILER 
Frame 10 user PERPOPER: (SYS)REDSAT 
Sun, 18-Feb-96  1:00:00 PST
Frame 10 user MAIL: (MAIL)MAILER 
Sun, 18-Feb-96  2:00:00 PST
Frame 9 user MAIL: (MAIL)MAILER 
Sun, 18-Feb-96  3:00:00 PST
Frame 9 user MAIL: (MAIL)MAILER 
Sun, 18-Feb-96  4:00:00 PST
Frame 9 user MAIL: (MAIL)MAILER 
Sun, 18-Feb-96  5:00:00 PST
Frame 9 user MAIL: (MAIL)MAILER 
Sun, 18-Feb-96  6:00:00 PST
Frame 9 user MAIL: (MAIL)MAILER 
Sun, 18-Feb-96  7:00:00 PST
Frame 9 user MAIL: (MAIL)MAILER 
Sun, 18-Feb-96  8:00:00 PST
Frame 9 user MAIL: (MAIL)MAILER 
Frame 10 user PERPOPER: (SYS)REDSAT 
Sun, 18-Feb-96  9:00:00 PST
Frame 9 user MAIL: (MAIL)MAILER 
Sun, 18-Feb-96 10:00:00 PST
Frame 9 user MAIL: (MAIL)MAILER 
Sun, 18-Feb-96 11:00:00 PST
Frame 9 user MAIL: (MAIL)MAILER 
Sun, 18-Feb-96 12:00:00 PST
Frame 9 user MAIL: (MAIL)MAILER 
Sun, 18-Feb-96 13:00:00 PST
Frame 9 user MAIL: (MAIL)MAILER 
Sun, 18-Feb-96 14:00:00 PST
Frame 9 user MAIL: (MAIL)MAILER 
Sun, 18-Feb-96 15:00:00 PST
Frame 9 user MAIL: (MAIL)MAILER 
Sun, 18-Feb-96 16:00:00 PST
Frame 9 user MAIL: (MAIL)MAILER 
Frame 10 user PERPOPER: (SYS)REDSAT 
Sun, 18-Feb-96 17:00:00 PST
Frame 9 user MAIL: (MAIL)MAILER 
Sun, 18-Feb-96 18:00:00 PST
Frame 9 user MAIL: (MAIL)MAILER 
Sun, 18-Feb-96 19:00:00 PST
Frame 9 user MAIL: (MAIL)MAILER 
Sun, 18-Feb-96 20:00:00 PST
Frame 9 user MAIL: (MAIL)MAILER 
Sun, 18-Feb-96 21:00:00 PST
Frame 9 user MAIL: (MAIL)MAILER 
Sun, 18-Feb-96 22:00:00 PST
Frame 9 user MAIL: (MAIL)MAILER 
Sun, 18-Feb-96 23:00:02 PST
Frame 9 user MAIL: (MAIL)MAILER 
Mon, 19-Feb-96  0:00:00 PST
Frame 9 user MAIL: (MAIL)MAILER 
Frame 10 user PERPOPER: (SYS)REDSAT 
Mon, 19-Feb-96  1:00:00 PST
Frame 10 user MAIL: (MAIL)MAILER 
Mon, 19-Feb-96  2:00:00 PST
Frame 9 user MAIL: (MAIL)MAILER 
Mon, 19-Feb-96  3:00:00 PST
Frame 9 user MAIL: (MAIL)MAILER 
Mon, 19-Feb-96  4:00:00 PST
Frame 9 user MAIL: (MAIL)MAILER 
Mon, 19-Feb-96  5:00:00 PST
Frame 9 user MAIL: (MAIL)MAILER 
Mon, 19-Feb-96  6:00:00 PST
Frame 9 user MAIL: (MAIL)MAILER 
Mon, 19-Feb-96  7:00:00 PST
Frame 9 user MAIL: (MAIL)MAILER 
Mon, 19-Feb-96  8:00:00 PST
Frame 9 user MAIL: (MAIL)MAILER 
Frame 10 user PERPOPER: (SYS)REDSAT 
Mon, 19-Feb-96  9:00:00 PST
Frame 9 user MAIL: (MAIL)MAILER 
Mon, 19-Feb-96 10:00:00 PST
Frame 9 user MAIL: (MAIL)MAILER 
Mon, 19-Feb-96 11:00:00 PST
Frame 9 user MAIL: (MAIL)MAILER 
Mon, 19-Feb-96 12:00:00 PST
Frame 9 user MAIL: (MAIL)MAILER 
Mon, 19-Feb-96 13:00:00 PST
Frame 9 user MAIL: (MAIL)MAILER 
Mon, 19-Feb-96 14:00:00 PST
Frame 10 user MAIL: (MAIL)MAILER 
Mon, 19-Feb-96 15:00:00 PST
Frame 10 user MAIL: (MAIL)MAILER 
Mon, 19-Feb-96 16:00:00 PST
Frame 10 user MAIL: (MAIL)MAILER 
Frame 17 user PERPOPER: (SYS)REDSAT 
Mon, 19-Feb-96 17:00:00 PST
Frame 10 user MAIL: (MAIL)MAILER 
Mon, 19-Feb-96 18:00:00 PST
Frame 9 user MAIL: (MAIL)MAILER 
Mon, 19-Feb-96 19:00:00 PST
Frame 9 user MAIL: (MAIL)MAILER 
Mon, 19-Feb-96 20:00:00 PST
Frame 9 user MAIL: (MAIL)MAILER 
Mon, 19-Feb-96 21:00:00 PST
Frame 9 user MAIL: (MAIL)MAILER 
Mon, 19-Feb-96 22:00:00 PST
Frame 9 user MAIL: (MAIL)MAILER 
Mon, 19-Feb-96 23:00:01 PST
Frame 9 user MAIL: (MAIL)MAILER 
Mon, 19-Feb-96 23:59:59 PST
Frame 9 user MAIL: (MAIL)MAILER 
Frame 10 user PERPOPER: (SYS)REDSAT 
Tue, 20-Feb-96  0:59:59 PST
Frame 10 user MAIL: (MAIL)MAILER 
Tue, 20-Feb-96  1:59:59 PST
Frame 9 user MAIL: (MAIL)MAILER 
Tue, 20-Feb-96  2:59:59 PST
Frame 9 user MAIL: (MAIL)MAILER 
Tue, 20-Feb-96  3:59:59 PST
Frame 9 user MAIL: (MAIL)MAILER 
Tue, 20-Feb-96  4:59:59 PST
Frame 9 user MAIL: (MAIL)MAILER 
Tue, 20-Feb-96  5:59:59 PST
Frame 9 user MAIL: (MAIL)MAILER 
Tue, 20-Feb-96  6:59:59 PST
Frame 9 user MAIL: (MAIL)MAILER 
Tue, 20-Feb-96  7:59:59 PST
Frame 9 user MAIL: (MAIL)MAILER 
Frame 10 user PERPOPER: (SYS)REDSAT 
Tue, 20-Feb-96  8:59:59 PST
Frame 9 user MAIL: (MAIL)MAILER 
Tue, 20-Feb-96  9:59:59 PST
Frame 9 user MAIL: (MAIL)MAILER 
Tue, 20-Feb-96 10:59:59 PST
Frame 9 user MAIL: (MAIL)MAILER 
Tue, 20-Feb-96 11:59:59 PST
Frame 9 user MAIL: (MAIL)MAILER 
Tue, 20-Feb-96 12:59:59 PST
Frame 9 user MAIL: (MAIL)MAILER 
Tue, 20-Feb-96 13:59:59 PST
Frame 9 user MAIL: (MAIL)MAILER 
Tue, 20-Feb-96 14:59:59 PST
Frame 9 user MAIL: (MAIL)MAILER 
Tue, 20-Feb-96 15:59:59 PST
Frame 9 user MAIL: (MAIL)MAILER 
Frame 10 user PERPOPER: (SYS)REDSAT 
Tue, 20-Feb-96 16:59:59 PST
Frame 9 user MAIL: (MAIL)MAILER 
Tue, 20-Feb-96 17:59:59 PST
Frame 9 user MAIL: (MAIL)MAILER 
Tue, 20-Feb-96 18:59:59 PST
Frame 9 user MAIL: (MAIL)MAILER 
Tue, 20-Feb-96 19:59:59 PST
Frame 9 user MAIL: (MAIL)MAILER 
Tue, 20-Feb-96 20:59:59 PST
Frame 9 user MAIL: (MAIL)MAILER 
Tue, 20-Feb-96 21:59:59 PST
Frame 9 user MAIL: (MAIL)MAILER 
Tue, 20-Feb-96 23:00:00 PST
Frame 9 user MAIL: (MAIL)MAILER 
Tue, 20-Feb-96 23:59:59 PST
Frame 9 user MAIL: (MAIL)MAILER 
Frame 10 user PERPOPER: (SYS)REDSAT 
Wed, 21-Feb-96  0:59:59 PST
Frame 10 user MAIL: (MAIL)MAILER 
Wed, 21-Feb-96  1:59:59 PST
Frame 9 user MAIL: (MAIL)MAILER 
Wed, 21-Feb-96  2:59:59 PST
Frame 9 user MAIL: (MAIL)MAILER 
Wed, 21-Feb-96  3:59:59 PST
Frame 9 user MAIL: (MAIL)MAILER 
Wed, 21-Feb-96  4:59:59 PST
Frame 9 user MAIL: (MAIL)MAILER 
Wed, 21-Feb-96  5:59:59 PST
Frame 9 user MAIL: (MAIL)MAILER 
Wed, 21-Feb-96  7:00:01 PST
Frame 9 user MAIL: (MAIL)MAILER 
Wed, 21-Feb-96  7:59:59 PST
Frame 9 user MAIL: (MAIL)MAILER 
Frame 10 user PERPOPER: (SYS)REDSAT 
Wed, 21-Feb-96  8:59:59 PST
Frame 9 user MAIL: (MAIL)MAILER 
Wed, 21-Feb-96  9:59:59 PST
Frame 9 user MAIL: (MAIL)MAILER 
Wed, 21-Feb-96 10:59:59 PST
Frame 9 user MAIL: (MAIL)MAILER 
Wed, 21-Feb-96 11:59:59 PST
Frame 9 user MAIL: (MAIL)MAILER 
Wed, 21-Feb-96 12:59:59 PST
Frame 9 user MAIL: (MAIL)MAILER 
Wed, 21-Feb-96 13:59:59 PST
Frame 10 user MAIL: (MAIL)MAILER 
Wed, 21-Feb-96 14:59:59 PST
Frame 10 user MAIL: (MAIL)MAILER 
Wed, 21-Feb-96 15:59:59 PST
Frame 10 user MAIL: (MAIL)MAILER 
Frame 19 user PERPOPER: (SYS)REDSAT 
Wed, 21-Feb-96 16:59:59 PST
Frame 10 user MAIL: (MAIL)MAILER 
Wed, 21-Feb-96 17:59:59 PST
Frame 9 user MAIL: (MAIL)MAILER 
Wed, 21-Feb-96 18:59:59 PST
Frame 9 user MAIL: (MAIL)MAILER 
Wed, 21-Feb-96 19:59:59 PST
Frame 9 user MAIL: (MAIL)MAILER 
Wed, 21-Feb-96 20:59:59 PST
Frame 10 user MAIL: (MAIL)MAILER 
Wed, 21-Feb-96 21:00:01 PST
Frame 5 user PERPOPER: LOGOUT status 4,1 exit
Wed, 21-Feb-96 21:00:02 PST notice to quit
Thu, 22-Feb-96  1:36:39 PST system startup
Frame 1 user PJ: (PJ)PAM 
Frame 5 user PERPOPER: (SYS)SYSLOG 
Frame 7 user MAIL: (MAIL)MAILER 
Thu, 22-Feb-96  1:59:59 PST
Frame 9 user MAIL: (MAIL)MAILER 
Thu, 22-Feb-96  2:59:59 PST
Frame 9 user MAIL: (MAIL)MAILER 
Thu, 22-Feb-96  3:59:59 PST
Frame 9 user MAIL: (MAIL)MAILER 
Thu, 22-Feb-96  4:59:59 PST
Frame 9 user MAIL: (MAIL)MAILER 
Thu, 22-Feb-96  5:59:59 PST
Frame 9 user MAIL: (MAIL)MAILER 
Thu, 22-Feb-96  6:59:59 PST
Frame 9 user MAIL: (MAIL)MAILER 
Thu, 22-Feb-96  7:59:59 PST
Frame 9 user MAIL: (MAIL)MAILER 
Frame 10 user PERPOPER: (SYS)REDSAT 
Thu, 22-Feb-96  8:59:59 PST
Frame 9 user MAIL: (MAIL)MAILER 
Thu, 22-Feb-96  9:59:59 PST
Frame 9 user MAIL: (MAIL)MAILER 
Thu, 22-Feb-96 10:59:59 PST
Frame 9 user MAIL: (MAIL)MAILER 
Thu, 22-Feb-96 11:59:59 PST
Frame 10 user MAIL: (MAIL)MAILER 
Thu, 22-Feb-96 13:00:00 PST
Frame 10 user MAIL: (MAIL)MAILER 
Thu, 22-Feb-96 13:59:59 PST
Frame 13 user MAIL: (MAIL)MAILER 
Thu, 22-Feb-96 14:59:59 PST
Frame 13 user MAIL: (MAIL)MAILER 
Thu, 22-Feb-96 15:59:59 PST
Frame 13 user MAIL: (MAIL)MAILER 
Frame 14 user PERPOPER: (SYS)REDSAT 
Thu, 22-Feb-96 16:59:59 PST
Frame 13 user MAIL: (MAIL)MAILER 
Thu, 22-Feb-96 17:59:59 PST
Frame 10 user MAIL: (MAIL)MAILER 
Thu, 22-Feb-96 18:59:59 PST
Frame 10 user MAIL: (MAIL)MAILER 
Thu, 22-Feb-96 19:59:59 PST
Frame 10 user MAIL: (MAIL)MAILER 
Thu, 22-Feb-96 20:59:59 PST
Frame 10 user MAIL: (MAIL)MAILER 
Thu, 22-Feb-96 21:59:59 PST
Frame 10 user MAIL: (MAIL)MAILER 
Thu, 22-Feb-96 22:59:59 PST
Frame 10 user MAIL: (MAIL)MAILER 
Thu, 22-Feb-96 23:59:59 PST
Frame 10 user MAIL: (MAIL)MAILER 
Frame 13 user PERPOPER: (SYS)REDSAT 
Fri, 23-Feb-96  0:59:T
Frame 13 user MAIL: (MAIL)MAILER 
Fri, 23-Feb-96  1:59:59 PST
Frame 10 user MAIL: (MAIL)MAILER 
Fri, 23-Feb-96  2:59:59 PST
Frame 10 user MAIL: (MAIL)MAILER 
Fri, 23-Feb-96  3:59:59 PST
Frame 10 user MAIL: (MAIL)MAILER 
Fri, 23-Feb-96  4:59:59 PST
Frame 10 user MAIL: (MAIL)MAILER 
Fri, 23-Feb-96  5:59:59 PST
Frame 10 user MAIL: (MAIL)MAILER 
Fri, 23-Feb-96  6:59:59 PST
Frame 10 user MAIL: (MAIL)MAILER 
Fri, 23-Feb-96  7:59:59 PST
Frame 10 user MAIL: (MAIL)MAILER 
Frame 13 user PERPOPER: (SYS)REDSAT 
Fri, 23-Feb-96  8:59:59 PST
Frame 10 user MAIL: (MAIL)MAILER 
Fri, 23-Feb-96  9:59:59 PST
Frame 10 user MAIL: (MAIL)MAILER 
Fri, 23-Feb-96 10:59:59 PST
Frame 10 user MAIL: (MAIL)MAILER 
Fri, 23-Feb-96 11:59:59 PST
Frame 10 user MAIL: (MAIL)MAILER 
Fri, 23-Feb-96 12:59:59 PST
Frame 10 user MAIL: (MAIL)MAILER 
Fri, 23-Feb-96 13:59:59 PST
Frame 10 user MAIL: (MAIL)MAILER 
Fri, 23-Feb-96 14:59:59 PST
Frame 10 user MAIL: (MAIL)MAILER 
Fri, 23-Feb-96 15:59:59 PST
Frame 10 user MAIL: (MAIL)MAILER 
Frame 13 user PERPOPER: (SYS)REDSAT 
Fri, 23-Feb-96 16:59:59 PST
Frame 10 user MAIL: (MAIL)MAILER 
Fri, 23-Feb-96 17:59:59 PST
Frame 10 user MAIL: (MAIL)MAILER 
Fri, 23-Feb-96 18:59:59 PST
Frame 10 user MAIL: (MAIL)MAILER 
Fri, 23-Feb-96 19:59:59 PST
Frame 10 user MAIL: (MAIL)MAILER 
Fri, 23-Feb-96 20:59:59 PST
Frame 10 user MAIL: (MAIL)MAILER 
Fri, 23-Feb-96 21:59:59 PST
Frame 10 user MAIL: (MAIL)MAILER 
Fri, 23-Feb-96 23:00:02 PST
Frame 10 user MAIL: (MAIL)MAILER 
Sat, 24-Feb-96  0:00:00 PST
Frame 10 user MAIL: (MAIL)MAILER 
Frame 13 user PERPOPER: (SYS)REDSAT 
Sat, 24-Feb-96  1:00:00 PST
Frame 13 user MAIL: (MAIL)MAILER 
Sat, 24-Feb-96  2:00:00 PST
Frame 10 user MAIL: (MAIL)MAILER 
Sat, 24-Feb-96  3:00:00 PST
Frame 10 user MAIL: (MAIL)MAILER 
Sat, 24-Feb-96  4:00:00 PST
Frame 10 user MAIL: (MAIL)MAILER 
Sat, 24-Feb-96  5:00:00 PST
Frame 10 user MAIL: (MAIL)MAILER 
Sat, 24-Feb-96  6:00:00 PST
Frame 10 user MAIL: (MAIL)MAILER 
Sat, 24-Feb-96  7:00:00 PST
Frame 10 user MAIL: (MAIL)MAILER 
Sat, 24-Feb-96  8:00:00 PST
Frame 10 user MAIL: (MAIL)MAILER 
Frame 13 user PERPOPER: (SYS)REDSAT 
Sat, 24-Feb-96  9:00:00 PST
Frame 10 user MAIL: (MAIL)MAILER 
Sat, 24-Feb-96 10:00:00 PST
Frame 10 user MAIL: (MAIL)MAILER 
Sat, 24-Feb-96 11:00:00 PST
Frame 10 user MAIL: (MAIL)MAILER 
Sat, 24-Feb-96 12:00:00 PST
Frame 10 user MAIL: (MAIL)MAILER 
Sat, 24-Feb-96 13:00:00 PST
Frame 10 user MAIL: (MAIL)MAILER 
Sat, 24-Feb-96 14:00:00 PST
Frame 10 user MAIL: (MAIL)MAILER 
Sat, 24-Feb-96 15:00:00 PST
Frame 10 user MAIL: (MAIL)MAILER 
Sat, 24-Feb-96 16:00:00 PST
Frame 10 user MAIL: (MAIL)MAILER 
Frame 13 user PERPOPER: (SYS)REDSAT 
Sat, 24-Feb-96 17:00:00 PST
Frame 10 user MAIL: (MAIL)MAILER 
Sat, 24-Feb-96 18:00:00 PST
Frame 10 user MAIL: (MAIL)MAILER 
Sat, 24-Feb-96 19:00:00 PST
Frame 10 user MAIL: (MAIL)MAILER 
Sat, 24-Feb-96 20:00:00 PST
Frame 10 user MAIL: (MAIL)MAILER 
Sat, 24-Feb-96 21:00:00 PST
Frame 10 user MAIL: (MAIL)MAILER 
Sat, 24-Feb-96 22:00:00 PST
Frame 10 user MAIL: (MAIL)MAILER 
Sat, 24-Feb-96 23:00:00 PST
Frame 10 user MAIL: (MAIL)MAILER 
Sun, 25-Feb-96  0:00:00 PST
Frame 10 user MAIL: (MAIL)MAILER 
Frame 13 user PERPOPER: (SYS)REDSAT 
Sun, 25-Feb-96  1:00:00 PST
Frame 13 user MAIL: (MAIL)MAILER 
Sun, 25-Feb-96  2:00:00 PST
Frame 10 user MAIL: (MAIL)MAILER 
Sun, 25-Feb-96  3:00:00 PST
Frame 10 user MAIL: (MAIL)MAILER 
Sun, 25-Feb-96  4:00:00 PST
Frame 10 user MAIL: (MAIL)MAILER 
Sun, 25-Feb-96  5:00:00 PST
Frame 10 user MAIL: (MAIL)MAILER 
Sun, 25-Feb-96  6:00:00 PST
Frame 10 user MAIL: (MAIL)MAILER 
Sun, 25-Feb-96  7:00:00 PST
Frame 10 user MAIL: (MAIL)MAILER 
Sun, 25-Feb-96  8:00:00 PST
Frame 10 user MAIL: (MAIL)MAILER 
Frame 13 user PERPOPER: (SYS)REDSAT 
Sun, 25-Feb-96  9:00:00 PST
Frame 10 user MAIL: (MAIL)MAILER 
Sun, 25-Feb-96 10:00:00 PST
Frame 10 user MAIL: (MAIL)MAILER 
Sun, 25-Feb-96 11:00:00 PST
Frame 10 user MAIL: (MAIL)MAILER 
Sun, 25-Feb-96 12:00:00 PST
Frame 10 user MAIL: (MAIL)MAILER 
Sun, 25-Feb-96 13:00:00 PST
Frame 10 user MAIL: (MAIL)MAILER 
Sun, 25-Feb-96 14:00:00 PST
Frame 10 user MAIL: (MAIL)MAILER 
Sun, 25-Feb-96 15:00:00 PST
Frame 10 user MAIL: (MAIL)MAILER 
Sun, 25-Feb-96 16:00:00 PST
Frame 10 user MAIL: (MAIL)MAILER 
Frame 13 user PERPOPER: (SYS)REDSAT 
Sun, 25-Feb-96 17:00:00 PST
Frame 10 user MAIL: (MAIL)MAILER 
Sun, 25-Feb-96 18:00:00 PST
Frame 10 user MAIL: (MAIL)MAILER 
Sun, 25-Feb-96 19:00:00 PST
Frame 10 user MAIL: (MAIL)MAILER 
Sun, 25-Feb-96 20:00:00 PST
Frame 10 user MAIL: (MAIL)MAILER 
Sun, 25-Feb-96 21:00:00 PST
Frame 10 user MAIL: (MAIL)MAILER 
Sun, 25-Feb-96 22:00:00 PST
Frame 10 user MAIL: (MAIL)MAILER 
Sun, 25-Feb-96 23:00:02 PST
Frame 10 user MAIL: (MAIL)MAILER 
Sun, 25-Feb-96 23:59:59 PST
Frame 10 user MAIL: (MAIL)MAILER 
Frame 13 user PERPOPER: (SYS)REDSAT 
Mon, 26-Feb-96  1:00:00 PST
Frame 13 user MAIL: (MAIL)MAILER 
Mon, 26-Feb-96  2:00:00 PST
Frame 10 user MAIL: (MAIL)MAILER 
Mon, 26-Feb-96  3:00:00 PST
Frame 10 user MAIL: (MAIL)MAILER 
Mon, 26-Feb-96  4:00:00 PST
Frame 10 user MAIL: (MAIL)MAILER 
Mon, 26-Feb-96  5:00:00 PST
Frame 10 user MAIL: (MAIL)MAILER 
Mon, 26-Feb-96  6:00:00 PST
Frame 10 user MAIL: (MAIL)MAILER 
Mon, 26-Feb-96  7:00:00 PST
Frame 10 user MAIL: (MAIL)MAILER 
Mon, 26-Feb-96  8:00:00 PST
Frame 10 user MAIL: (MAIL)MAILER 
Frame 13 user PERPOPER: (SYS)REDSAT 
Mon, 26-Feb-96  9:00:00 PST
Frame 10 user MAIL: (MAIL)MAILER 
Mon, 26-Feb-96 10:00:00 PST
Frame 12 user MAIL: (MAIL)MAILER 
Mon, 26-Feb-96 11:00:00 PST
Frame 13 user MAIL: (MAIL)MAILER 
Mon, 26-Feb-96 12:00:00 PST
Frame 13 user MAIL: (MAIL)MAILER 
Mon, 26-Feb-96 13:00:00 PST
Frame 13 user MAIL: (MAIL)MAILER 
Mon, 26-Feb-96 14:00:00 PST
Frame 13 user MAIL: (MAIL)MAILER 
Mon, 26-Feb-96 15:00:00 PST
Frame 13 user MAIL: (MAIL)MAILER 
Mon, 26-Feb-96 16:00:00 PST
Frame 13 user MAIL: (MAIL)MAILER 
Frame 14 user PERPOPER: (SYS)REDSAT 
Mon, 26-Feb-96 17:00:00 PST
Frame 13 user MAIL: (MAIL)MAILER 
Mon, 26-Feb-96 18:00:00 PST
Frame 13 user MAIL: (MAIL)MAILER 
Mon, 26-Feb-96 19:00:00 PST
Frame 13 user MAIL: (MAIL)MAILER 
Mon, 26-Feb-96 20:00:00 PST
Frame 13 user MAIL: (MAIL)MAILER 
7JM©