-r fndfil                                  
CAN NOT READ SYSTEM FILES                  
EXIT                                       
                                           
-r (mpl)fndfil                             
                                           
?FNDFIL NOT FOUND                          
                                           
-o rf wp sy                                
sbr                                        
                                           
-                                          
-r fndfil                                  
FILE NAME(S): *.tmp,*.bak                  
terminal time: 0:03:45                     
104.59 tru                                 
-k                                         
                                           
EXIT                                       
                                           
(INVB)INVSUB.BAK        18:09 10-DEC- 1968 
(MIKERUDE)2848.BAK      12:37  2-APR- 1974 
(MPL)ICP.BAK            13:14 13-JUL- 1979 
(SRA)READST.BAK         15:12 25-FEB- 1980 
(TMYLES)VUE.BAK         10:35 11-DEC- 1981 
(SALTYRON)MAGNUM.BAK    12:34  8-JAN- 1981 
(SALTYRON)FTMAGN.BAK    14:01 12-AUG- 1983 
(M33)SETE2.BAK          15:34  7-NOV- 1983 
(M33)MONK11.BAK         15:26 15-SEP- 1983 
(M33)SETE1.BAK          22:15 19-SEP- 1983 
(M33)PATCH.BAK          17:58  7-NOV- 1983 
(UAS)RTYCTL.BAK         11:34 12-APR- 1983 
(*1BATCH)PARCHG.BAK     08:59 26-JAN- 1983 
(UCCPAC)9?_3>Y.TMP      02:46 15-MAR- 1983 
(RVIVIER)MSG.BAK        19:21 17-OCT- 1983 
(SWEDNET)GATWAY.BAK     08:40  6-APR- 1983 
(SWEDNET)PEAK.BAK       12:57  6-APR- 1983 
(SWEDNET)SW2002.BAK     14:23  6-APR- 1983 
(SWEDNET)GOODGY.BAK     13:18  6-APR- 1983 
(SWEDNET)TNIC.BAK       09:58  6-APR- 1983 
(SWEDNET)SW2020.BAK     08:40  6-APR- 1983 
(SWEDNET)SW2001.BAK     08:02  6-APR- 1983 
(SWEDNET)UT2001.BAK     12:42  6-APR- 1983 
(BONDAD)CHASE.BAK       18:09  4-DEC- 1984 
(PAUD)PBH07.BAK         23:47 12-AUG- 1984 
(PAUD)PBT05.BAK         00:44 13-AUG- 1984 
(M33)CRALST.BAK         16:31 15-MAY- 1984 
(SYS)DSKMAP.BAK         15:40  7-AUG- 1984 
(SOURCE)TMDM01.BAK      04:30  4-MAY- 1984 
(WTHORPE)NITWIT.BAK     10:32 20-JUN- 1984 
(ENGDIAG)DISK.BAK       19:11  6-MAR- 1984 
(ITALNET)TNSC02.BAK     05:12 13-NOV- 1984 
(ITALNET)UT2001.BAK     15:27  3-MAY- 1984 
(CARL)SWITCH.BAK        13:57 24-AUG- 1984 
(UTIL)CRALST.BAK        08:36 21-SEP- 1984 
(ESIMMONS)STATS.BAK     14:32 25-APR- 1984 
(LUEDERK)2780S.BAK      08:10 27-NOV- 1984 
(UCCPAC)9"QJ6Q.TMP      12:07  2-JUL- 1984 
(UCCPAC)D"QJ9G.TMP      11:46  2-JUL- 1984 
(FAANETS)FAA.BAK        03:32 21-DEC- 1984 
(UCCPAC)JL)3<3.TMP      13:16 14-FEB- 1984 
(UCCPAC)J"QJ4;.TMP      12:09  2-JUL- 1984 
(AKAGEN)AP2021.BAK      14:49 11-APR- 1984 
(AKAGEN)AP2020.BAK      14:49 11-APR- 1984 
(TNSCTRAIN)TOTO.BAK     01:56 12-DEC- 1984 
(TNSCTRAIN)ACCEPT.BAK   09:01  6-MAR- 1984 
(TNSCTRAIN)TR2007.BAK   04:37 19-OCT- 1984 
(TNSCTRAIN)LB2045.BAK   09:16 10-OCT- 1984 
(TNSCTRAIN)TR2005.BAK   04:55 26-MAR- 1984 
(HSBCCODES)HSBC02.BAK   12:33 12-OCT- 1984 
(PGROW)CIAO.BAK         11:33 15-JUN- 1984 
(TNSFM)SL4300.BAK       23:47 27-MAR- 1984 
(CASVIP)C0050T.BAK      10:30 29-JUL- 1985 
(CASVIP)G0097T.BAK      19:11 27-MAR- 1985 
(CASVIP)CALC1.BAK       19:12 27-MAR- 1985 
(CASVIP)CMGBG.BAK       19:50 27-MAR- 1985 
(CASVIP)H0001T.BAK      20:36 27-MAR- 1985 
(CASVIP)HTESTZ.BAK      20:37 27-MAR- 1985 
(MMARBURGER)ORGAN.BAK   11:14 22-NOV- 1985 
(MMARBURGER)ORGAN1.BAK  16:31 22-NOV- 1985 
(TOPS)MFTEST.BAK        08:57 14-NOV- 1985 
(TOPS)MFTES2.BAK        08:38 14-NOV- 1985 
(LAMPMAN)DUNIT.BAK      01:19  9-SEP- 1985 
(LAMPMAN)AN2323.BAK     12:58 21-NOV- 1985 
(LAMPMAN)UNIT.BAK       17:52  8-AUG- 1985 
(TXSSUP)I2IS05.BAK      12:41 15-MAR- 1985 
(TXSSUP)TRAP5.BAK       14:26 13-MAR- 1985 
(TXSSUP)TURNUP.BAK      16:43  1-JUL- 1985 
(TXSSUP)NW2003.BAK      12:24 15-MAR- 1985 
(CASVIP)GTESTZ.BAK      20:37 27-MAR- 1985 
(CNFE)X3=Y[_.TMP        08:06  3-MAY- 1985 
(CIDNCODE)CM2115.BAK    10:20  7-JUN- 1985 
(CIDNCODE)CM2111.BAK    11:04 19-NOV- 1985 
(DMIELKE)ND2010.BAK     15:53 13-NOV- 1985 
(BWALLACE)WH2001.BAK    13:28 26-JUL- 1985 
(CGAIR)TYMPHN.BAK       18:37  5-SEP- 1985 
(CGAIR)DOIPHN.BAK       18:39  5-SEP- 1985 
(CGAIR)PR7245.BAK       11:55  7-OCT- 1985 
(CGAIR)PR4356.BAK       13:24  5-SEP- 1985 
(DLANE)DLINIT.BAK       06:55 10-DEC- 1985 
(DUNET)ORDERS.BAK       09:44 22-OCT- 1985 
(INSNET)BASLIN.BAK      22:57 16-OCT- 1985 
(SOMERVIL)ACCESS.BAK    06:43 18-NOV- 1985 
(DOLNET)DOLSTA.BAK      08:41 20-DEC- 1985 
(DOLNET)COMMEN.BAK      12:57 12-JUN- 1985 
(DOLNET)ONTYM.BAK       13:19 17-JUN- 1985 
(DOLNET)FAASTA.BAK      18:33 16-JUN- 1985 
(DOLNET)MONTHL.BAK      11:48  1-AUG- 1985 
(DOLNET)DL5175.BAK      07:12 20-MAY- 1985 
(DOLNET)NODES.BAK       08:41 16-OCT- 1985 
(DOLNET)NIT.BAK         14:07  7-AUG- 1985 
(DOLNET)ACCEP.BAK       10:46 25-APR- 1985 
(DOLNET)MEM2.BAK        12:17 26-APR- 1985 
(DOLNET)MEMOTE.BAK      10:29 30-APR- 1985 
(DOLNET)MEM1.BAK        12:16 26-APR- 1985 
(MARCG)PHONES.BAK       11:05 15-OCT- 1985 
(CASVIP)P0001T.BAK      20:36 27-MAR- 1985 
(CASVIP)MANT1.BAK       19:12 27-MAR- 1985 
(CASVIP)ITON.BAK        18:54 27-MAR- 1985 
(CASVIP)DF.BAK          18:51 27-MAR- 1985 
(HQQA)TELDN.BAK         12:06 18-DEC- 1985 
(PGROW)JUNE.BAK         15:55  1-JUL- 1985 
(PGROW)TRW.BAK          17:39 16-MAY- 1985 
(CROWE)MARK.BAK         13:04 15-NOV- 1985 
(NSSC)DM.BAK            18:59 24-DEC- 1985 
(PGROW)JETCO.BAK        16:01 10-MAY- 1985 
(PGROW)MAY.BAK          14:58  3-JUN- 1985 
(NSSC)BT.BAK            18:31 24-DEC- 1985 
(RVIVIER)CM2071.BAK     09:53  6-MAR- 1985 
(RVIVIER)WP3213.BAK     16:21 11-JAN- 1985 
(CASVIP)G0001T.BAK      20:36 27-MAR- 1985 
(RVIVIER)WT3154.BAK     16:21 11-JAN- 1985 
(PCM)ND2030.BAK         06:18  4-JAN- 1985 
(CASVIP)G0099X.BAK      20:32 27-MAR- 1985 
(GAZEL)DU2004.BAK       17:09  7-FEB- 1985 
(CASVIP)OTVPHI.BAK      19:46 27-MAR- 1985 
(CASVIP)VHFG02.BAK      19:45 27-MAR- 1985 
(CASVIP)FVHATE.BAK      19:45 27-MAR- 1985 
(CASVIP)G0096T.BAK      19:11 27-MAR- 1985 
(CASVIP)HTESTX.BAK      20:38 27-MAR- 1985 
(PGROW)ANZ2.BAK         09:04  3-MAY- 1985 
(PGROW)OMAIL.BAK        18:28 31-JUL- 1985 
(PGROW)014PEA.BAK       16:32 31-JUL- 1985 
(PGROW)THUGS.BAK        15:47  7-AUG- 1985 
(PGROW)SHAFF.BAK        10:09  9-MAY- 1985 
(PGROW)ANZ.BAK          12:10  2-MAY- 1985 
(DPNET)DE2040.BAK       06:07 14-MAY- 1985 
(DPNET)DE2047.BAK       07:14 29-APR- 1985 
(DPNET)DE2046.BAK       08:24  5-APR- 1985 
(DPNET)PETER.BAK        08:53 11-JUL- 1985 
(DPNET)DE2067.BAK       07:28 22-MAR- 1985 
(FIRNNET)E3UZVW.TMP     11:48  6-NOV- 1985 
(FIRNNET)6<]U-).TMP     10:53  4-OCT- 1985 
(CASVIP)H0097X.BAK      20:37 27-MAR- 1985 
(CASVIP)C0099T.BAK      20:32 27-MAR- 1985 
(BTHOMSON)PHONES.BAK    09:25 29-JAN- 1985 
(BTHOMSON)BBT.BAK       15:05 24-NOV- 1985 
(BTHOMSON)HOST.BAK      08:49 21-NOV- 1985 
(BTHOMSON)MEMO.BAK      08:35 29-OCT- 1985 
(MWILLIAMS)DE2067.BAK   07:28 22-MAR- 1985 
(MWILLIAMS)SAFE.BAK     05:47 29-APR- 1985 
(MWILLIAMS)DE2020.BAK   09:07 21-MAY- 1985 
(MWILLIAMS)DE2046.BAK   08:24  5-APR- 1985 
(MWILLIAMS)DU2011.BAK   02:46 26-MAR- 1985 
(MWILLIAMS)MARY.BAK     06:18 29-APR- 1985 
(MWILLIAMS)DE2047.BAK   07:14 29-APR- 1985 
(RUDMAN)MDPGED.BAK      09:54 17-MAY- 1985 
(TNS)COMPAR.BAK         04:55 26-DEC- 1985 
(TNS)STORE.BAK          06:35 27-DEC- 1985 
(RUDMAN)DIAG.BAK        18:28 16-MAY- 1985 
(UCCPAC)UP2020.BAK      13:52 14-AUG- 1985 
(UCCPAC)UCC.BAK         09:46 20-FEB- 1985 
(CASVIP)GHI98X.BAK      20:32 27-MAR- 1985 
(CASVIP)G0098X.BAK      19:46 27-MAR- 1985 
(UCCPAC)UP1010.BAK      08:24 18-DEC- 1985 
(CASVIP)RESNOD.BAK      19:46 27-MAR- 1985 
(FNBCNET)X25DIA.BAK     13:21  5-NOV- 1985 
(MHARLINE)FT2330.BAK    08:26 12-DEC- 1985 
(DSIMMONS)ACCESS.BAK    07:03 28-MAY- 1985 
(CASVIP)H0050T.BAK      10:55 29-JUL- 1985 
(CASVIP)H0096X.BAK      20:38 27-MAR- 1985 
(GALLUPSS)FORM.BAK      13:23 10-SEP- 1985 
(KHOLLAND)ACCESS.BAK    16:31  9-JAN- 1985 
(NET3)GETDMP.BAK        11:18 31-DEC- 1985 
(WWANG)PBH07.BAK        12:01 10-SEP- 1985 
(MIMI)PROCED.BAK        16:41  1-OCT- 1985 
(MIMI)AN2306.BAK        20:37 17-OCT- 1985 
(MIMI)ST0985.BAK        00:15  3-OCT- 1985 
(MIMI)CA2021.BAK        17:26  1-OCT- 1985 
(DESIMONEJ)PM.BAK       13:19 22-OCT- 1985 
(RAFALA)LINES.BAK       07:14 20-DEC- 1985 
(DESIMONEJ)PERIP.BAK    12:00  8-OCT- 1985 
(DESIMONEJ)CHART.BAK    11:21  8-OCT- 1985 
(DESIMONEJ)STATUS.BAK   12:27 22-AUG- 1985 
(DESIMONEJ)PMS.BAK      07:01  9-DEC- 1985 
(SEATECH)STAT.BAK       07:51 28-JAN- 1985 
(CLICODES)SL4441.BAK    07:09 21-MAY- 1985 
(CLICODES)SL4442.BAK    03:32 21-MAY- 1985 
(CLICODES)SL4413.BAK    05:43 21-MAY- 1985 
(CASVIP)C0656T.BAK      20:36 27-MAR- 1985 
(ESIMMONS)ES.BAK        07:09  1-DEC- 1985 
(ESIMMONS)WEEK.BAK      11:09 31-DEC- 1985 
(MKNIGHT)MK2014.BAK     13:36  1-AUG- 1985 
(WHONG)NW2006.BAK       14:31  4-SEP- 1985 
(DIALNET)DI2001.BAK     19:27 14-MAY- 1985 
(ESIMMONS)UPDATE.BAK    07:35  4-DEC- 1985 
(CASVIP)TESTHI.BAK      20:36 27-MAR- 1985 
(ESIMMONS)NEWNOD.BAK    06:07  2-DEC- 1985 
(ESIMMONS)CLINT.BAK     11:55 15-DEC- 1985 
(DIALNET)DB2002.BAK     12:44 10-DEC- 1985 
(DIALNET)DI2135.BAK     16:23 14-OCT- 1985 
(DIALNET)DB7065.BAK     20:55  1-OCT- 1985 
(DUCODE)DU2302.BAK      08:51  5-NOV- 1985 
(DIALNET)DI2002.BAK     13:12 18-APR- 1985 
(DUCODE)DU2251.BAK      13:27  6-NOV- 1985 
(BRAHMB)BT2201.BAK      12:34  6-OCT- 1985 
(DIALNET)DI2131.BAK     21:09 18-MAR- 1985 
(DIALNET)DI2031.BAK     14:46  1-JUL- 1985 
(CROWE)MEM.BAK          13:22 18-DEC- 1985 
(JHSIEH)ISCRES.BAK      14:48 20-AUG- 1985 
(CROWE)IAN.BAK          12:57  3-DEC- 1985 
(CASVIP)C0098T.BAK      20:35 27-MAR- 1985 
(DIALNET)DI2110.BAK     10:34  3-DEC- 1985 
(CROWE)CARL.BAK         07:17 19-NOV- 1985 
(CASVIP)G0097X.BAK      19:45 27-MAR- 1985 
(SLIAPL10)SHARB.TMP     17:26  1-APR- 1985 
(CASVIP)G0096X.BAK      19:45 27-MAR- 1985 
(ITALNET)IC2020.BAK     05:00  2-APR- 1985 
(CASVIP)BSYREC.BAK      21:00 27-MAR- 1985 
(ITALNET)IC2001.BAK     01:54  2-APR- 1985 
(ITALNET)IC2010.BAK     04:43  2-APR- 1985 
(AKSELROD)PBT06.BAK     09:58 10-SEP- 1985 
(AKSELROD)INNA.BAK      10:51 15-OCT- 1985 
(CASVIP)VHBG02.BAK      21:00 27-MAR- 1985 
(WTHORPE)DDCATP.BAK     12:48 21-NOV- 1985 
(TEANET)GOODGY.BAK      01:18 22-APR- 1985 
(NET1STAGE)LE2001.BAK   13:07 29-JUL- 1985 
(WTHORPE)ASSIGN.BAK     14:02 14-NOV- 1985 
(WTHORPE)PROJT.BAK      14:03  3-DEC- 1985 
(SYANAGA)INIT.BAK       06:21 19-DEC- 1985 
(SYANAGA)SETTRM.BAK     06:06 19-DEC- 1985 
(SYANAGA)SY.BAK         06:29 19-DEC- 1985 
(JJEFFERS)BBXS.BAK      08:33  5-NOV- 1985 
(WTHORPE)CLAIR.BAK      22:59 23-OCT- 1985 
(CASVIP)H0656T.BAK      20:38 27-MAR- 1985 
(PHILIPTAS)GOODGY.BAK   21:17 11-APR- 1985 
(PHILIPTAS)DINS01.BAK   15:49 11-APR- 1985 
(INTLTECH)RCAXOM.BAK    09:08 13-DEC- 1985 
(ATLTECH)NW5155.BAK     07:39  3-OCT- 1985 
(ATLTECH)NW1012.BAK     05:44  8-OCT- 1985 
(INSCODE)INSPCH.BAK     12:22 25-NOV- 1985 
(SYNCMAG)P0096T.BAK     09:54 24-JAN- 1985 
(SYNCMAG)MAGL01.BAK     16:12 23-JAN- 1985 
(PMISTRY)ND5106.BAK     15:50  9-SEP- 1985 
(PMISTRY)MNAUG.BAK      09:43 30-AUG- 1985 
(PMISTRY)MCHA.BAK       11:19 12-NOV- 1985 
(PMISTRY)PRAVIN.BAK     16:22 26-NOV- 1985 
(WTHORPE)PROOF.BAK      09:55 17-DEC- 1985 
(PMISTRY)MICRO.BAK      10:22  3-DEC- 1985 
(PMISTRY)MI.BAK         16:04 16-DEC- 1985 
(WTHORPE)SOFT.BAK       22:43 22-OCT- 1985 
(PMISTRY)PRAV.BAK       14:48 27-SEP- 1985 
(PMISTRY)DEC.BAK        11:01 20-DEC- 1985 
(WTHORPE)SOFTFN.BAK     09:29 15-JUL- 1985 
(HELGEM)SWITCH.BAK      15:03 13-DEC- 1985 
(SEABETA)LOG.BAK        11:44  5-DEC- 1985 
(SEABETA)NDSNAT.BAK     14:53  3-DEC- 1985 
(SEABETA)MN012.BAK      17:24 30-DEC- 1985 
(WTHORPE)6572.BAK       12:53 12-DEC- 1985 
(DASHLEY)EMSCOM.BAK     14:08 20-MAR- 1985 
(DASHLEY)MEM.BAK        06:24 21-MAR- 1985 
(WRFS)DB2003.BAK        10:41 19-NOV- 1985 
(WRFS)TGUIDE.BAK        08:27 23-JUL- 1985 
(SOURCE)ISCS03.BAK      14:18  3-APR- 1985 
(SOURCE)TII05.BAK       04:44 15-JAN- 1985 
(SOURCE)BBXS05.BAK      14:57 25-OCT- 1985 
(CASVIP)PT1HDR.BAK      20:38 27-MAR- 1985 
(JBURROUGH)A.BAK        11:17 29-MAY- 1985 
(SOURCE)ACOM02.BAK      12:56  7-AUG- 1985 
(CASVIP)TESTTI.BAK      20:37 27-MAR- 1985 
(UKOPS)CLEAN.BAK        11:04  3-MAY- 1985 
(SYS)LOADII.BAK         10:36 25-MAR- 1985 
(ALNET)FILES.BAK        11:21  7-OCT- 1985 
(ALNET)NW2014.BAK       14:48 18-SEP- 1985 
(CROWE)PETER.BAK        14:12 18-DEC- 1985 
(ALNET)ALSGDY.BAK       17:20  1-OCT- 1985 
(CROWE)LINDA.BAK        07:57 31-DEC- 1985 
(CASVIP)CTESTZ.BAK      20:37 27-MAR- 1985 
(ALNET)AP2024.BAK       13:07  6-MAY- 1985 
(KHOLLAND)PORTS.BAK     09:29  3-JUL- 1985 
(DDENIS)PHONES.BAK      11:05 15-OCT- 1985 
(NSCNET)PC2011.BAK      15:04 22-NOV- 1985 
(MOORING)BB2134.BAK     23:09  5-JUN- 1985 
(JCM)ND5623.BAK         21:33 21-DEC- 1985 
(NSCNET)CHRIS.BAK       16:14  9-SEP- 1985 
(NSCNET)NS2002.BAK      17:47 19-JUN- 1985 
(PINGCHU)QLLC.BAK       12:16 13-SEP- 1985 
(PAUD)59532.BAK         12:20 14-OCT- 1985 
(CASVIP)C0001T.BAK      20:36 27-MAR- 1985 
(PAUD)FT2062.BAK        12:56 24-JUN- 1985 
(PAUD)CUDROP.BAK        17:21 31-MAY- 1985 
(PAUD)78438.BAK         18:03 20-NOV- 1985 
(PAUD)FP2065.BAK        08:23 20-SEP- 1985 
(PAUD)DP2237.BAK        15:12  9-DEC- 1985 
(PAUD)FNSENQ.BAK        15:44 16-JUL- 1985 
(PAUD)3270A.BAK         17:23 31-MAY- 1985 
(PAUD)RMDALL.BAK        15:55  9-DEC- 1985 
(PAUD)24206.BAK         11:05 16-OCT- 1985 
(CASVIP)CMBG02.BAK      19:50 27-MAR- 1985 
(PAUD)DU2237.BAK        13:48  9-DEC- 1985 
(PAUD)NW2106.BAK        13:07  7-AUG- 1985 
(TNSCES)PHONE.BAK       07:25 25-SEP- 1985 
(CASVIP)G0656T.BAK      20:38 27-MAR- 1985 
(DETAS)EX2002.BAK       08:13  7-FEB- 1985 
(BLAIR)EB2050.BAK       16:01  5-MAR- 1985 
(PAUD)SNA.BAK           09:32 17-MAY- 1985 
(PAUD)SNAPAT.BAK        10:41 19-DEC- 1985 
(PAUD)FN2252.BAK        12:21 30-APR- 1985 
(PAUD)H.BAK             15:11 29-MAY- 1985 
(ENFEW)TELCO1.BAK       11:32 16-JAN- 1986 
(DGAETANI)RJE.BAK       09:25 24-JAN- 1986 
(PAUD)SPOOL.BAK         14:46 21-JAN- 1986 
(DGAETANI)MNCMP.BAK     09:46 24-JAN- 1986 
(DGAETANI)JAN.BAK       07:51 22-JAN- 1986 
(DGAETANI)XCOM.BAK      07:51 23-JAN- 1986 
(DGAETANI)CARL.BAK      08:42 22-JAN- 1986 
(DGAETANI)REVIEW.BAK    13:40 20-JAN- 1986 
(DGAETANI)THORPE.BAK    08:34 20-JAN- 1986 
(DGAETANI)CMT.BAK       09:27  9-JAN- 1986 
(DGAETANI)PRINT.BAK     09:36  7-JAN- 1986 
(DGAETANI)DU.BAK        07:14 22-JAN- 1986 
(DGAETANI)LOO.BAK       11:03 16-JAN- 1986 
(DGAETANI)FREEZE.BAK    12:21  9-JAN- 1986 
(DGAETANI)065RPG.TMP    07:37 24-JAN- 1986 
(DGAETANI)031RPG.TMP    17:08 23-JAN- 1986 
(DGAETANI)WAYNE.BAK     08:33 22-JAN- 1986 
(DGAETANI)UNAME.BAK     08:25  3-JAN- 1986 
(NSCNET)NAD139.TMP      23:48 23-JAN- 1986 
(TWANG)STCC01.BAK       17:30  2-JAN- 1986 
(TWANG)SSCH01.BAK       08:54  7-JAN- 1986 
(TNSUKM)SAUDI.BAK       05:18 22-JAN- 1986 
(TNSUKM)CLEAN.BAK       11:57 19-JAN- 1986 
(DNDSPEC)XNANM.BAK      17:52 23-JAN- 1986 
(CROWE)MIKE.BAK         12:15 19-JAN- 1986 
(CROWE)STEVE.BAK        05:51 17-JAN- 1986 
(ADAZZI)MPCONF.BAK      16:24 10-JAN- 1986 
(DMATTERA)PAYROL.BAK    11:00 17-JAN- 1986 
(RGUTHRIDGE)DOC.BAK     18:59  1-JAN- 1986 
(DTSAO)BA2060.BAK       14:46  2-JAN- 1986 
(EXXNET)NAD759.TMP      10:45 24-JAN- 1986 
(EXXNET)NAD399.TMP      09:08 24-JAN- 1986 
(EXXNET)NAD299.TMP      16:48 23-JAN- 1986 
(EXXNET)NAD229.TMP      13:14 23-JAN- 1986 
(EXXNET)ET2204.BAK      09:49 24-JAN- 1986 
(BMDBETA)SNATIF.BAK     17:59 15-JAN- 1986 
(WRFS)TN2003.BAK        12:35  8-JAN- 1986 
(SEABETA)SNATIF.BAK     15:18 15-JAN- 1986 
(WTHORPE)DE2237.BAK     12:47 17-JAN- 1986 
(WTHORPE)STATUS.BAK     07:33 10-JAN- 1986 
(WTHORPE)065EDS.TMP     08:48 23-JAN- 1986 
(CMELO)FIRN.BAK         09:12 24-JAN- 1986 
(PMISTRY)TPT2.BAK       16:33 14-JAN- 1986 
(PMISTRY)CERT.BAK       09:33 10-JAN- 1986 
(WTHORPE)AHEALY.BAK     15:47 14-JAN- 1986 
(JJEFFERS)NAD249.TMP    10:25 22-JAN- 1986 
(JJEFFERS)BBXS05.BAK    14:07 14-JAN- 1986 
(WTHORPE)2232.BAK       08:48 23-JAN- 1986 
(WTHORPE)006EDS.TMP     21:12 23-JAN- 1986 
(CIDNNET)NAD319.TMP     09:15 24-JAN- 1986 
(WTHORPE)2233.BAK       13:01 17-JAN- 1986 
(WTHORPE)2062.BAK       13:11 17-JAN- 1986 
(CIDNNET)CODE.BAK       07:52 16-JAN- 1986 
(NTS)063PIP.TMP         09:59 24-JAN- 1986 
(WTHORPE)2036.BAK       13:21 17-JAN- 1986 
(UAS)RTYACT.BAK         04:18 21-JAN- 1986 
(CMTI)CMTI04.BAK        18:29 17-JAN- 1986 
(JPOLOVOY)POSTED.BAK    14:32  9-JAN- 1986 
(DUCODE)DU2230.BAK      14:31 23-JAN- 1986 
(DUCODE)056PIP.TMP      09:14 24-JAN- 1986 
(MGTCODE)NAD499.TMP     08:11 24-JAN- 1986 
(ESIMMONS)PHONE.BAK     08:44 23-JAN- 1986 
(ESIMMONS)MEMO.BAK      16:25 20-JAN- 1986 
(DIALNET)RF2011.BAK     11:50  9-JAN- 1986 
(DYOUNG)STATUS.BAK      13:02 16-JAN- 1986 
(DYOUNG)BACKUP.BAK      14:16 21-JAN- 1986 
(WESTNET)XPC.BAK        09:15  8-JAN- 1986 
(WESTNET)NAD189.TMP     10:55 24-JAN- 1986 
(DENCOFF)027RPG.TMP     13:15  7-JAN- 1986 
(ESIMMONS)NODE.BAK      07:41 21-JAN- 1986 
(ACHIPPA)ESCPRO.BAK     12:00 22-JAN- 1986 
(ESIMMONS)THOST.BAK     11:18 14-JAN- 1986 
(MGTNET)NW2151.BAK      07:57 22-JAN- 1986 
(MCONWAY)TEST.BAK       09:14 20-JAN- 1986 
(MCONWAY)CKSUM.BAK      08:42 20-JAN- 1986 
(MCONWAY)ND3260.BAK     11:42  9-JAN- 1986 
(MCONWAY)STATUS.BAK     06:41 17-JAN- 1986 
(RAFALA)PROJ7.BAK       07:22 10-JAN- 1986 
(HSBCNET)0']\DE.TMP     01:51 22-JAN- 1986 
(HSBCNET)NAD249.TMP     20:24 23-JAN- 1986 
(HSBCNET)030PIP.TMP     19:31 23-JAN- 1986 
(HSBCNET)NAD279.TMP     19:37 23-JAN- 1986 
(TNSCSS)PHBLST.BAK      01:20  7-JAN- 1986 
(DOLCODE)DL7441.BAK     08:09 20-JAN- 1986 
(UPTHEGROVE)XNANM.BAK   18:04 23-JAN- 1986 
(AHEALY)NAD329.TMP      17:39 23-JAN- 1986 
(UCCPAC)TT%@?5.TMP      09:06 21-JAN- 1986 
(UCCPAC);49/PA.TMP      11:43  7-JAN- 1986 
(UCCPAC)/%7^;!.TMP      09:03  6-JAN- 1986 
(UCCPAC)TTTMP      09:43  3-JAN- 1986 
(ANZNET)AN2105.BAK      18:25 15-JAN- 1986 
(ANZNET)AN4001.BAK      12:28 21-JAN- 1986 
(WACBETA)S38.BAK        09:29 13-JAN- 1986 
(UCCPAC)88'?E+.TMP      13:44 23-JAN- 1986 
(UCCPAC)TT'@YY.TMP      11:52  3-JAN- 1986 
(UCCPAC)TT)D*C.TMP      11:06  3-JAN- 1986 
(UCCPAC)84'?I3.TMP      10:55 23-JAN- 1986 
(UCCPAC)27?&<=.TMP      14:29 21-JAN- 1986 
(UCCPAC)TT'@ [.TMP      11:38  3-JAN- 1986 
(UCCPAC)TT+B%W.TMP      11:24  3-JAN- 1986 
(WACBETA)S38X0A.BAK     11:17 10-JAN- 1986 
(UCCPAC)051COP.TMP      08:22 24-JAN- 1986 
(UCCPAC)1010.BAK        07:50 24-JAN- 1986 
(WACBETA)SNDS38.BAK     10:41 13-JAN- 1986 
(UCCPAC)88'?][.TMP      11:34  9-JAN- 1986 
(UCCPAC)TT'C99.TMP      12:32  2-JAN- 1986 
(WACBETA)S38X02.BAK     10:36 13-JAN- 1986 
(UCCPAC)TT'EG[.TMP      13:34 10-JAN- 1986 
(UCCPAC)88'?L'.TMP      07:11 22-JAN- 1986 
(UCCPAC)TT)?\Q.TMP      11:43  3-JAN- 1986 
(UCCPAC)TT)E'].TMP      11:14  3-JAN- 1986 
(UCCPAC)TT'G4-.TMP      13:19  2-JAN- 1986 
(UCCPAC)TT%AL%.TMP      11:57  9-JAN- 1986 
(UCCPAC)TT'?0O.TMP      07:52 24-JAN- 1986 
(UCCPAC)2020.BAK        07:52 24-JAN- 1986 
(UCCPAC)88'?\W.TMP      12:15 10-JAN- 1986 
(UCCPAC)ST'?23.TMP      07:48 24-JAN- 1986 
(UCCPAC)%%9[7K.TMP      12:05 20-JAN- 1986 
(UCCPAC)TT)BDS.TMP      07:46 15-JAN- 1986 
(UCCPAC)88'?Y[.TMP      07:30 15-JAN- 1986 
(UCCPAC)TT)A0S.TMP      08:47  3-JAN- 1986 
(UCCPAC)TT)B2I.TMP      13:40  2-JAN- 1986 
(UCCPAC)TT'D6S.TMP      12:46  2-JAN- 1986 
(UCCPAC)NAD519.TMP      08:12 24-JAN- 1986 
(WACBETA)S38X01.BAK     09:56  8-JAN- 1986 
(WACBETA)S38X00.BAK     11:07 10-JAN- 1986 
(TNS)LOAD.BAK           06:04  7-JAN- 1986 
(TNS)PHCBSC.BAK         07:14  7-JAN- 1986 
(CASGEN)023COP.TMP      19:05 23-JAN- 1986 
(CASGEN)003PIP.TMP      20:25 23-JAN- 1986 
(CASGEN)NAD239.TMP      19:16 23-JAN- 1986 
(BTHOMSON)RESPCG.BAK    13:05 21-JAN- 1986 
(CASGEN)023DIR.TMP      19:05 23-JAN- 1986 
(FIRNNET)% +2NG.TMP     06:34 24-JAN- 1986 
(FIRNNET)C19W3=.TMP     06:35 24-JAN- 1986 
(FIRNNET)TS_TNC.TMP     06:34 24-JAN- 1986 
(FIRNNET)005PIP.TMP     06:56 24-JAN- 1986 
(FIRNNET))8;\PK.TMP     06:52 24-JAN- 1986 
(FIRNNET))8!V"M.TMP     06:31 24-JAN- 1986 
(FIRNNET))8!S'K.TMP     08:01 23-JAN- 1986 
(FIRNNET))8;\TW.TMP     08:54 23-JAN- 1986 
(MCKIERNAN)AN2050.BAK   11:04 13-JAN- 1986 
(MCKIERNAN)TSTASY.BAK   18:39 20-JAN- 1986 
(FIRNNET) #3[W[.TMP     05:45 24-JAN- 1986 
(FIRNNET)5')=!1.TMP     09:15 17-JAN- 1986 
(MCKIERNAN)AN2047.BAK   10:52 13-JAN- 1986 
(MCKIERNAN)AN2046.BAK   10:46 13-JAN- 1986 
(MCKIERNAN)AN2002.BAK   19:15 14-JAN- 1986 
(MCKIERNAN)AN2001.BAK   20:15 21-JAN- 1986 
(MCKIERNAN)ANZNET.BAK   18:35 17-JAN- 1986 
(WRFSC)ISISUP.BAK       09:51 23-JAN- 1986 
(WRFSC)JB.BAK           09:28 23-JAN- 1986 
(WRFSC)051COP.TMP       07:47 24-JAN- 1986 
(WRFSC)051PIP.TMP       10:57 24-JAN- 1986 
(WRFSC)LB2647.BAK       10:59 24-JAN- 1986 
(WRFSC)CMTIUP.BAK       13:57 22-JAN- 1986 
(WRFSC)051DIR.TMP       07:47 24-JAN- 1986 
(WRFSC)NAD519.TMP       11:01 24-JAN- 1986 
(MCKIERNAN)SIOPT2.BAK   14:35 21-JAN- 1986 
(MCKIERNAN)MINIAS.BAK   14:23 21-JAN- 1986 
(MCKIERNAN)SIODIA.BAK   14:28 21-JAN- 1986 
(MCKIERNAN)JM2104.BAK   15:11 17-JAN- 1986 
(TECHSERV)S38.BAK       09:20 13-JAN- 1986 
(TECHSERV)IPR.BAK       11:15  7-JAN- 1986 
(CROWE)DICK.BAK         03:25 16-JAN- 1986 
(NSSC)NAD129.TMP        09:17 24-JAN- 1986 
(NSSC)MEMO.TMP          08:51 24-JAN- 1986 
(CROWE)TEST.BAK         06:27 22-JAN- 1986 
(CROWE)DORKS.BAK        20:37 23-JAN- 1986 
(DBRUNETT)SALE.BAK      20:27 20-JAN- 1986 
(DBRUNETT)HWCLAS.BAK    18:40  2-JAN- 1986 
(DBRUNETT)DIAL.BAK      18:48 10-JAN- 1986 
(DBRUNETT)LINEPR.BAK    18:31 13-JAN- 1986 
(DBRUNETT)TRW.BAK       18:18 10-JAN- 1986 
(MARCG)NET.BAK          01:05 15-JAN- 1986 
(CIDNCODE)CM2040.BAK    13:31 23-JAN- 1986 
(BONSTOTT)RESPNS.BAK    14:20 20-JAN- 1986 
(CIDNCODE)NAD149.TMP    07:58 24-JAN- 1986 
(CIDNCODE)053EDS.TMP    06:42 24-JAN- 1986 
(CIDNCODE)NW2021.BAK    13:58 23-JAN- 1986 
(CIDNCODE)022EDS.TMP    08:41 24-JAN- 1986 
(CIDNCODE)NAD699.TMP    07:06 24-JAN- 1986 
(CIDNCODE)NW2015.BAK    13:34 23-JAN- 1986 
(CIDNCODE)CHASE.BAK     18:36 21-JAN- 1986 
(CIDNCODE)NAD579.TMP    08:45 24-JAN- 1986 
(DOLNET)P2NODE.BAK      13:56 13-JAN- 1986 
(CIDNCODE)NAD229.TMP    08:42 24-JAN- 1986 
(CIDNCODE)DD2021.BAK    11:19 22-JAN- 1986 
(CIDNCODE)NAD639.TMP    09:33 24-JAN- 1986 
(CIDNCODE)DD2115.BAK    09:32 24-JAN- 1986 
(CIDNCODE)DMD.BAK       07:04 24-JAN- 1986 
(SOMERVIL)STEPH.BAK     10:41 20-JAN- 1986 
(SOMERVIL)GARY.BAK      08:31 24-JAN- 1986 
(SOMERVIL)STOY.BAK      08:43 24-JAN- 1986 
(SOMERVIL)FIN.BAK       10:53 20-JAN- 1986 
(SOMERVIL)WEEKLY.BAK    06:33 24-JAN- 1986 
(SOMERVIL)KEN.BAK       07:04 24-JAN- 1986 
(SOMERVIL)JOYCE.BAK     10:49 20-JAN- 1986 
(SOMERVIL)TTE.BAK       11:13 20-JAN- 1986 
(SOMERVIL)SUE.BAK       07:39 23-JAN- 1986 
(SOMERVIL)DORIS.BAK     08:27 24-JAN- 1986 
(SOMERVIL)HELEN.BAK     08:51 24-JAN- 1986 
(CIDNCODE)8WAN5K.TMP    09:32 24-JAN- 1986 
(AOLATUNDE)TELEPH.BAK   13:34 20-JAN- 1986 
(AOLATUNDE)DUMP.BAK     10:05 24-JAN- 1986 
(AOLATUNDE)ADELA.BAK    06:38 24-JAN- 1986 
(DUNET)CKT.BAK          10:04 22-JAN- 1986 
(CIDNCODE)/T-^=E.TMP    11:24 22-JAN- 1986 
(DUNET)TELCO.BAK        07:04 22-JAN- 1986 
(DUNET)GORDON.BAK       05:28  9-JAN- 1986 
(DUNET)STORED.BAK       07:47 16-JAN- 1986 
(DUNET)ADDR.BAK         07:33 24-JAN- 1986 
(DUNET)DPRJ.BAK         07:27 17-JAN- 1986 
(DUNET)PROJ.BAK         12:42 17-JAN- 1986 
(DUNET)RG.BAK           07:43 21-JAN- 1986 
(CIDNCODE)058EDS.TMP    07:03 24-JAN- 1986 
(CIDNCODE)028EDS.TMP    08:43 24-JAN- 1986 
(CIDNCODE)061EDS.TMP    06:59 24-JAN- 1986 
(CIDNCODE)059EDS.TMP    06:56 24-JAN- 1986 
(CIDNCODE)CODE.BAK      13:20 21-JAN- 1986 
(CIDNCODE)2WAN.Y.TMP    09:34 24-JAN- 1986 
(CIDNCODE)063EDS.TMP    09:31 24-JAN- 1986 
(AHEALY)STAT.BAK        19:32 23-JAN- 1986 
(ENSS)PROOF.BAK         09:51 20-JAN- 1986 
(CIDNCODE)H"-\-#.TMP    11:38 22-JAN- 1986 
(CIDNCODE)'WAN2S.TMP    09:32 24-JAN- 1986 
(SPOOL)GDF.TMP          16:23  6-JAN- 1986 
(SPOOL)FDF.TMP          16:23  6-JAN- 1986 
e,vÚ