nd



NODE   KHOST   VERSION   H-WARE   S-WARE  SUPR    MEMORY
02131  00609  00010544   RESTART  RESTART 07LG2   0850KB

PORTS  PASSTHRUS  ALNK  TLNK  XLNK   LINES  SYNC  SIO
0001    8000      0008  0009  0001    0012  0000  0012  

NODE FIRST CAME UP AT 109:10:57:21    NODE LAST CAME UP AT 109:10:57:21

LAST CRASH:     TIME       CC   TYPE  PSW   ADDRESS
            000:00:00:00  0000  0000  0000  00000000 

**LINE**  ***--LINK--****    LINE    LINK  LINE   LINK  LINE          LINE
NO. TYPE  NEIG   NO. TYPE    STATUS  WSIZ  SPEED  CRQS  TIME ATT/DET  ERRATE
00  SIO   02030  00  TII     UP      0008   48    1935  111:15:54:07
01  SIO   02031  01  TII     UP      0008   48    1916  111:20:33:52  *    
02  SIO                      UNUSED
03  SIO                      UNUSED
04  SIO   02136  06  TII     UP      0008   MS    2047  111:11:40:15
05  SIO   02137  07  TII     UP      0008   MS    2047  111:11:46:58
06  SIO   02130  03  TII     UP      0012   MS    1987  111:19:19:55
07  SIO   02034  02  TII     UP      0008   56    1992  111:11:51:01
08  SIO   02135  05  TII     UP      0008   MS    2047  111:11:40:45
09  SIO   02134  04  TII     UP      0008   MS    2047  111:11:33:48
10  SIO                      UNUSED
11  SIO                      UNUSED

TIILNK NEIGHBORS DOWN - ZIP


**X-RAY** NODE: 02131  HOST: 00609  TIME: 111:21:19:17
>kss


LINK : 02030  

LOGICAL LINK CHARACTERS
    CPS IN : 00000001 HWM : 00000173  AT  111:20:21:55
    CPS OUT: 00000103 HWM : 00000272  AT  111:19:26:55
PHYSICAL LINK CHARACTERS
    CPS IN : 00000061 HWM : 00000308  AT  111:20:21:55
    CPS OUT: 00000164 HWM : 00000400  AT  111:19:33:55
PACKET OVERHEAD                 BANDWIDTH UTILIZATION
    IN : 97  %     OUT : 36  %     IN : 01  %     OUT : 02  % 
CHAR/SEC PER CIRCUIT
    IN : 0000    OUT : 0000   CIRCUITS : 1935  
PACKET STATISTICS
    PACKETS/SEC : 0005     AVERAGE SIZE : 0031  BYTES
    RECORDS/PACKET : 0000  
LINK DELAY (MS)
    IN QUEUE    RTEAR    BUFFER   OUT QUEUE   XMIT     TOTAL
      0012      0000      0002      0005      0005      0024  
OVERLOAD COUNT   SATURATED COUNT   BACKLOG COUNT   PACKETS MADE   IDLE CALLS
      00000           00000           00000           00313         00010963 
                    MARKING          REXMISSIONS    XMISSIONS
LINE 0000  :        N/A               0000          00313  


LINK : 02031  

LOGICAL LINK CHARACTERS
    CPS IN : 00000000 HWM : 00000033  AT  111:21:03:55
    CPS OUT: 00000000 HWM : 00000124  AT  111:20:50:55
PHYSICAL LINK CHARACTERS
    CPS IN : 00000048 HWM : 00000074  AT  111:21:03:55
    CPS OUT: 00000048 HWM : 00000204  AT  111:20:50:55
PACKET OVERHEAD                 BANDWIDTH UTILIZATION
    IN : 00  %     OUT : 00  %     IN : 00  %     OUT : 00  % 
CHAR/SEC PER CIRCUIT
    IN : 0000    OUT : 0000   CIRCUITS : 1916  
PACKET STATISTICS
    PACKETS/SEC : 0004     AVERAGE SIZE : 0012  BYTES
    RECORDS/PACKET : 0000  
LINK DELAY (MS)
    IN QUEUE    RTEAR    BUFFER   OUT QUEUE   XMIT     TOTAL
      0012      0000      0002      0003      0002      0019  
OVERLOAD COUNT   SATURATED COUNT   BACKLOG COUNT   PACKETS MADE   IDLE CALLS
      00000           00000           00000           00240         00011001 
                    MARKING          REXMISSIONS    XMISSIONS
LINE 0001  :        N/A               0000          00240  


LINK : 02034  

LOGICAL LINK CHARACTERS
    CPS IN : 00000006 HWM : 00000289  AT  111:21:06:55
    CPS OUT: 00000000 HWM : 00000132  AT  111:21:06:55
PHYSICAL LINK CHARACTERS
    CPS IN : 00000033 HWM : 00000441  AT  111:21:06:55
    CPS OUT: 00000028 HWM : 00000261  AT  111:21:05:55
PACKET OVERHEAD                 BANDWIDTH UTILIZATION
    IN : 79  %     OUT : 98  %     IN : 00  %     OUT : 00  % 
CHAR/SEC PER CIRCUIT
    IN : 0000    OUT : 0000   CIRCUITS : 1992  
PACKET STATISTICS
    PACKETS/SEC : 0003     AVERAGE SIZE : 0010  BYTES
    RECORDS/PACKET : 0000  
LINK DELAY (MS)
    IN QUEUE    RTEAR    BUFFER   OUT QUEUE   XMIT     TOTAL
      0012      0000      0002      0003      0000      0017  
OVERLOAD COUNT   SATURATED COUNT   BACKLOG COUNT   PACKETS MADE   IDLE CALLS
      00000           00000           00000           00156         00011085 
                    MARKING   ONS
LINE 0007  :        N/A               0000          00156  


LINK : 02130  

LOGICAL LINK CHARACTERS
    CPS IN : 00000000 HWM : 00000067  AT  111:20:59:55
    CPS OUT: 00000000 HWM : 00000102  AT  111:21:05:55
PHYSICAL LINK CHARACTERS
    CPS IN : 00000016 HWM : 00000140  AT  111:20:59:55
    CPS OUT: 00000016 HWM : 00000196  AT  111:21:07:55
PACKET OVERHEAD                 BANDWIDTH UTILIZATION
    IN : 00  %     OUT : 00  %     IN : 00  %     OUT : 00  % 
CHAR/SEC PER CIRCUIT
    IN : 0000    OUT : 0000   CIRCUITS : 1987  
PACKET STATISTICS
    PACKETS/SEC : 0002     AVERAGE SIZE : 0008  BYTES
    RECORDS/PACKET : 0000  
LINK DELAY (MS)
    IN QUEUE    RTEAR    BUFFER   OUT QUEUE   XMIT     TOTAL
      0012      0000      0002      0003      0000      0017  
OVERLOAD COUNT   SATURATED COUNT   BACKLOG COUNT   PACKETS MADE   IDLE CALLS
      00000           00000           00000           00120         00011121 
                    MARKING          REXMISSIONS    XMISSIONS
LINE 0006  :        N/A               0000          00120  


LINK : 02134  

LOGICAL LINK CHARACTERS
    CPS IN : 00000006 HWM : 00000321  AT  111:19:28:55
    CPS OUT: 00000000 HWM : 00000391  AT  111:12:13:55
PHYSICAL LINK CHARACTERS
    CPS IN : 00000040 HWM : 00000474  AT  111:19:28:55
    CPS OUT: 00000034 HWM : 00000491  AT  111:12:13:55
PACKET OVERHEAD                 BANDWIDTH UTILIZATION
    IN : 83  %     OUT : 99  %     IN : 00  %     OUT : 00  % 
CHAR/SEC PER CIRCUIT
    IN : 0000    OUT : 0000   CIRCUITS : 2047  
PACKET STATISTICS
    PACKETS/SEC : 0003     AVERAGE SIZE : 0011  BYTES
    RECORDS/PACKET : 0000  
LINK DELAY (MS)
    IN QUEUE    RTEAR    BUFFER   OUT QUEUE   XMIT     TOTAL
      0012      0000      0002      0002      0000      0016  
OVERLOAD COUNT   SATURATED COUNT   BACKLOG COUNT   PACKETS MADE   IDLE CALLS
      00000           00000           00000           00183         00011058 
                    MARKING          REXMISSIONS    XMISSIONS
LINE 0009  :        N/A               0000          00183  


LINK : 02135  

LOGICAL LINK CHARACTERS
    CPS IN : 00000004 HWM : 00000037  AT  111:19:19:55
    CPS OUT: 00000000 HWM : 00000105  AT  111:19:28:55
PHYSICAL LINK CHARACTERS
    CPS IN : 00000048 HWM : 00000112  AT  111:19:19:55
    CPS OUT: 00000044 HWM : 00000186  AT  111:19:19:55
PACKET OVERHEAD                 BANDWIDTH UTILIZATION
    IN : 91  %     OUT : 99  %     IN : 00  %     OUT : 00  % 
CHAR/SEC PER CIRCUIT
    IN : 0000    OUT : 0000   CIRCUITS : 2047  
PACKET STATISTICS
    PACKETS/SEC : 0004     AVERAGE SIZE : 0012  BYTES
    RECORDS/PACKET : 0000  
LINK DELAY (MS)
    IN QUEUE    RTEAR    BUFFER   OUT QUEUE   XMIT     TOTAL
      0012      0000      0002      0002      0000      0016  
OVERLOAD COUNT   SATURATED COUNT   BACKLOG COUNT   PACKETS MADE   IDLE CALLS
      00000           00000           00000           00219         00011022 
                    MARKING          REXMISSIONS    XMISSIONS
LINE 0008  :        N/A               0000          00219  


LINK : 02136  

LOGICAL LINK CHARACTERS
    CPS IN : 00000006 HWM : 00000291  AT  111:19:34:55
    CPS OUT: 00000000 HWM : 00000135  AT  111:19:34:55
PHYSICAL LINK CHARACTERS
    CPS IN : 00000040 HWM : 00000436  AT  111:19:34:55
    CPS OUT: 00000034 HWM : 00000260  AT  111:19:34:55
PACKET OVERHEAD                 BANDWIDTH UTILIZATION
    IN : 83  %     OUT : 99  %     IN : 00  %     OUT : 00  % 
CHAR/SEC PER CIRCUIT
    IN : 0000    OUT : 0000   CIRCUITS : 2047  
PACKET STATISTICS
    PACKETS/SEC : 0003     AVERAGE SIZE : 0011  BYTES
    RECORDS/PACKET : 0000  
LINK DELAY (MS)
    IN QUEUE    RTEAR    BUFFER   OUT QUEUE   XMIT     TOTAL
      0012      0000      0002      0002      0000      0016  
OVERLOAD COUNT   SATURATED COUNT   BACKLOG COUNT   PACKETS MADE   IDLE CALLS
      00000           00000           00000           00183         00011058 
                    MARKING          REXMISSIONS    XMISSIONS
LINE 0004  :        N/A               0000          00183  


LINK : 02137  

LOGICAL LINK CHARACTERS
    CPS IN : 00000003 HWM : 00000037  AT  111:19:42:55
    CPS OUT: 00000000 HWM : 00000106  AT  111:19:34:55
PHYSICAL LINK CHARACTERS
    CPS IN : 00000045 HWM : 00000131  AT  111:19:42:55
    CPS OUT: 00000042 HWM : 00000207  AT  111:19:35:55
PACKET OVERHEAD                 BANDWIDTH UTILIZATION
    IN : 91  %     OUT : 99  %     IN : 00  %     OUT : 00  % 
CHAR/SEC PER CIRCUIT
    IN : 0000    OUT : 0000   CIRCUITS : 2047  
PACKET STATISTICS
    PACKETS/SEC : 0004     AVERAGE SIZE : 0012  BYTES
    RECORDS/PACKET : 0000  
LINK DELAY (MS)
    IN QUEUE    RTEAR    BUFFER   O 0012      0000      0002      0000      0000      0014  
OVERLOAD COUNT   SATURATED COUNT   BACKLOG COUNT   PACKETS MADE   IDLE CALLS
      00000           00000           00000           00211         00011030 
                    MARKING          REXMISSIONS    XMISSIONS
LINE 0005  :        N/A               0000          00211  


**X-RAY** NODE: 02131  HOST: 00609  TIME: 111:21:19:38
>ns


EXCT  EXLW  EXHW  EDHW  EEHW  SYHW  NEHW  NECT  MPRT  MPAS  MLNK
0185  0179  1467  0010  0222  0018  0232  8755  0001  8000  0008  

 RMK XCT  RMK NMK  PACKETS
00089963 00088338 00001625 

NODE LINKS' TOTAL LOGICAL CPS RATES
  CPSO     CPSI     HWMO     HWMI      HWMO AT 110:09:04:55
00000104 00000029 00003762 00003762    HWMI AT 110:09:04:55

NODE LINKS' TOTAL PHYSICAL CPS RATES
  CPSO     CPSI     HWMO     HWMI      HWMO AT 110:09:04:55
00000413 00000333 00004762 00004765    HWMI AT 110:09:04:55

CODE DELAY    H-WARE DELAY     TOTAL       EFFICIENCY
    0012          0007          0020          0009  

NODE SPATCHER USES 00%)

PROCESS: SYLVR PACKT SPIDR SWICH LINKR Q-SEC H-SEC DWLIN SOURC X-RAY
PERCENT:   00    91    02    00    00    00    00    00    00    00  
HWM(ms): 0002  0178  0002  0097  0357  0002  0002  0002  0000  0000  

**X-RAY** NODE: 02131  HOST: 00609  TIME: 111:21:19:47
>bs


BUFFER STATUS (BYTES):
    TOTAL   IN USE    PEAK   AVAILABLE  ZAPS
  00296478 00000056 00026894 00296422   0000  

RANGE	COUNT(HEX)

UNDER 32K  0000250C 
32K - 64K  00000000 
64K - 96K  00000000 
96K -128K  00000000 
128K-160K  00000000 

**X-RAY** NODE: 02131  HOST: 00609  TIME: 111:21:19:57
>is


        ISIS RING UTILIZATION     RING SIZE: 2048

    CPS OUT: 00000000 HWM : 00000000  AT  111:21:19:55
    CPS IN : 00000000 HWM : 00000000  AT  111:21:19:55

RING POINTER TO ISIS  FROM ISIS    PEAK IN :00204  
  RANGE       COUNT   COUNT        PEAK OUT:00000  
UNDER   256  06E4A047 06E4A047 
  257-  512  00000000 00000000 
  513-  768  00000000 00000000 
  769- 1024  00000000 00000000 
 1025- 1280  00000000 00000000 
 1281- 1536  00000000 00000000 
 1537- 1792  00000000 00000000 
 1793- 2048  00000000 00000000 

DRIF  DRIE  DROF  DROF  MXIN  MOUT  ICHN  ICON  OHST  ILLG  IDSM  ODSM
00CC  0000  0000  0000  00CC  0000  0000  0000  0000  0000  0000  0000  

**X-RAY** NODE: 02131  HOST: 00609  TIME: 111:21:20:03
>`z
%s p
 >PR< 
?
:n 2131
VERSION 10544 TYPE 0 CRASH 1 UP 2007
AVAILABLE PASSTHROUGHS 0
HOST STATUS
  609 ANSWERED   0 IIX-N I2IS
 OUT OF PASSTHROUGHS
LINK STATUS
 0  2137   MS
 1  2130   MS
 2  2136   MS
 3  2030   MS
 4  2031   MS
 5  2034   MS
 6  2134   MS
 7  2135   MS
:n 2130
VERSION 10543 TYPE 0 CRASH 1 UP 2007
AVAILABLE PASSTHROUGHS 0
HOST STATUS
  608 ANSWERED   0 IIX-N I2IS
 2016 ANSWERED   0 IIX-N SLOT# 1
 2017 ANSWERED   0 IIX-N SLOT# 1
 2018 ANSWERED   0 IIX-N SLOT# 2
 2019 ANSWERED   0 IIX-N SLOT# 2
 OUT OF PASSTHROUGHS
LINK STATUS
 0  2134   MS SHUT
 1  2137 56   SHUT
 2  2131   MS
 3  2034 56   SHUT
 4  2031 48  
 5  2135 56   SHUT
 6  2136   MS SHUT
 7  2030 48  
:
     