
































               PROGRAMS AND OTHER FILES TO BE SUPPORTED 
               BY THE MANAGEMENT SCIENCES GROUP


CLASS: STAT                                                          PAGE     2.


MAIN PROGRAM                SUPPORT PROGRAM/FILE       CONTACT         IN-USE
--------------------------------------------------------------------------------
DAILY.F4                                               J.JOELS          Y


LANGUAGE: X22-FOR             HOST TYPE: 10            AUTHOR: RAVI           

SUBROUTINE ? N

LOAD FILE NAME: NONE                     

VERSION:      

FILES NEEDED:   ADMIT.DMC,YYMMDD.DMD,CONTRL                                                     
FILES GENERATED:   YMMDD(A OR B).DMS,YMMDD(A OR B).DMI                                             
SOURCE LOCATION:  NETSTAT:28                                                                      
RUN LOCATION:   NETSTAT:28                                                                      
DOCUMENTATION:   NONE                                                                            
SPECIAL LICENCE:   NONE                                                                            
SPECIAL DEC:  NONE                                                                            




               DESCRIPTION
               -----------

CREATES THE NETWORK STATISTICS FILES.                                           
                                                                                
                                                                                
                                                                                
                                                                                
                                                                                
                                                                                
                                                                                
                                                                                






CLASS: STAT                                                          PAGE     3.


MAIN PROGRAM                SUPPORT PROGRAM/FILE       CONTACT         IN-USE
--------------------------------------------------------------------------------
DAILY.F4                    ADMIT.DMC                  J.JOELS          Y


LANGUAGE: X22                 HOST TYPE: 10            AUTHOR: J.JOELS        

SUBROUTINE ? N

LOAD FILE NAME:                          

VERSION:      

FILES NEEDED:   NONE                                                                            
FILES GENERATED:   NONE                                                                            
SOURCE LOCATION:  NETSTAT:28                                                                      
RUN LOCATION:   NETSTAT:28                                                                      
DOCUMENTATION:                                                                                   
SPECIAL LICENCE:   NONE                                                                            
SPECIAL DEC:  NONE                                                                            




               DESCRIPTION
               -----------

USED BY DAILY.F4 TO SET PPNS ALLOWED TO ACCESS YMMDD(A OR B).DMS FILES          
                                                                                
                                                                                
                                                                                
                                                                                
                                                                                
                                                                                
                                                                                
                                                                                






CLASS: STAT                                                          PAGE     4.


MAIN PROGRAM                SUPPORT PROGRAM/FILE       CONTACT         IN-USE
--------------------------------------------------------------------------------
DAILY.F4                    YYMMDD.DMD                 J.JOELS          Y


LANGUAGE: X22                 HOST TYPE: 10            AUTHOR: J.JOELS        

SUBROUTINE ? N

LOAD FILE NAME:                          

VERSION:      

FILES NEEDED:   NONE                                                                            
FILES GENERATED:   NONE                                                                            
SOURCE LOCATION:  NETSTAT:28                                                                      
RUN LOCATION:   NETSTAT:28                                                                      
DOCUMENTATION:                                                                                   
SPECIAL LICENCE:   NONE                                                                            
SPECIAL DEC:  NONE                                                                            




               DESCRIPTION
               -----------

USED BY DAILY.F4 TO LOAD YMMDD(A OR B).DMI INTO 1022                            
                                                                                
                                                                                
                                                                                
                                                                                
                                                                                
                                                                                
                                                                                
                                                                                






CLASS: STAT                                                          PAGE     5.


MAIN PROGRAM                SUPPORT PROGRAM/FILE       CONTACT         IN-USE
--------------------------------------------------------------------------------
DSTAT.F4                                               J.JOELS          ?


LANGUAGE: X22-FOR             HOST TYPE: 10            AUTHOR: J.JOELS        

SUBROUTINE ? N

LOAD FILE NAME: NONE                     

VERSION:      

FILES NEEDED:   (NETSTAT:28)YYMMDD.DMS                                                          
FILES GENERATED:   USER DEFINED OUTPUT FILE NAME                                                   
SOURCE LOCATION:  NETSTAT:28                                                                      
RUN LOCATION:   NETSTAT:28                                                                      
DOCUMENTATION:                                                                                   
SPECIAL LICENCE:   NONE                                                                            
SPECIAL DEC:  NONE                                                                            




               DESCRIPTION
               -----------

ANALYIZES ONE DAYS NETWORK STATISTICS                                           
YYMMDD.DMS                                                                      
                                                                                
                                                                                
                                                                                
                                                                                
                                                                                
                                                                                
                                                                                






CLASS: STAT                                                          PAGE     6.


MAIN PROGRAM                SUPPORT PROGRAM/FILE       CONTACT         IN-USE
--------------------------------------------------------------------------------
INVNAM.FTF                                             J.JOELS          Y


LANGUAGE: X22-FOR             HOST TYPE: 10            AUTHOR: J.JOELS        

SUBROUTINE ? N

LOAD FILE NAME: NONE                     

VERSION:      

FILES NEEDED:                                                                                   
FILES GENERATED:                                                                                   
SOURCE LOCATION:  NETSTAT:28                                                                      
RUN LOCATION:   NETSTAT:28                                                                      
DOCUMENTATION:   NONE                                                                            
SPECIAL LICENCE:   NONE                                                                            
SPECIAL DEC:  NONE                                                                            




               DESCRIPTION
               -----------

THIS PROGRAM CREATES A DATA BASE FROM THE ATT INVENTORY TAPE.                   
THE DATA BASE IS ATTNAM AND CONTAINS A LIST OF THE CIRCUIT NAMES                
AND BILL NUMBERS FOR EACH RECORD ON THE TAPE.                                   
                                                                                
                                                                                
                                                                                
                                                                                
                                                                                
                                                                                






CLASS: STAT                                                          PAGE     7.


MAIN PROGRAM                SUPPORT PROGRAM/FILE       CONTACT         IN-USE
--------------------------------------------------------------------------------
NEWST.F4                                               J.JOELS          N


LANGUAGE: X22-FOR             HOST TYPE: 10            AUTHOR: J.JOELS        

SUBROUTINE ? N

LOAD FILE NAME: NONE                     

VERSION:      

FILES NEEDED:                                                                                   
FILES GENERATED:                                                                                   
SOURCE LOCATION:  NETSTAT:28                                                                      
RUN LOCATION:   NETSTAT:28                                                                      
DOCUMENTATION:                                                                                   
SPECIAL LICENCE:                                                                                   
SPECIAL DEC:                                                                                  




               DESCRIPTION
               -----------

CREATES THE NETWORK STATISTICS FILES. REPLACED NSTAT.F4.                        
REPLACED BY DAILY.F4.                                                           
                                                                                
                                                                                
                                                                                
                                                                                
                                                                                
                                                                                
                                                                                






CLASS: STAT                                                          PAGE     8.


MAIN PROGRAM                SUPPORT PROGRAM/FILE       CONTACT         IN-USE
--------------------------------------------------------------------------------
NP.F4                                                  J.JOELS          N


LANGUAGE: X22-FOR             HOST TYPE: 10            AUTHOR: N.SMOTHERS     

SUBROUTINE ? N

LOAD FILE NAME: NP.LOD                   

VERSION: 3.0  

FILES NEEDED:   OUTPUT FROM PAR PROGRAM - EITHER PARR1 OR PARR2 (.DMS)                          
FILES GENERATED:   USER SPECIFIED                                                                  
SOURCE LOCATION:  ?                                                                               
RUN LOCATION:   ?                                                                               
DOCUMENTATION:                                                                                   
SPECIAL LICENCE:   NONE                                                                            
SPECIAL DEC:  NONE                                                                            




               DESCRIPTION
               -----------

CREATES EXCEPTION REPORT OF PORT CODE GROUPS                                    
SUBROUTINE PGRADE.F4 MUST BE LOADED WITH THIS PROGRAM                           
                                                                                
                                                                                
                                                                                
                                                                                
                                                                                
                                                                                
                                                                                






CLASS: STAT                                                          PAGE     9.


MAIN PROGRAM                SUPPORT PROGRAM/FILE       CONTACT         IN-USE
--------------------------------------------------------------------------------
NPSPEC.F4                                              J.JOELS          N


LANGUAGE: X22-FOR             HOST TYPE: 10            AUTHOR: N.SMOTHERS     

SUBROUTINE ? N

LOAD FILE NAME: NPSPEC.LOD               

VERSION: 2.0  

FILES NEEDED:   USER SPECIFIED - MUST BE OUTPUT FILE FROM PAR PROGRAM                           
FILES GENERATED:   USER SPECIFIED                                                                  
SOURCE LOCATION:  ?                                                                               
RUN LOCATION:   ACCG1:28                                                                        
DOCUMENTATION:                                                                                   
SPECIAL LICENCE:   NONE                                                                            
SPECIAL DEC:  NONE                                                                            




               DESCRIPTION
               -----------

CREATES SPECIAL SUBSET OF REPORT GENERATED BY NP.F4                             
MUST LOAD PGRADE.F4 WITH THIS PROGRAM                                           
                                                                                
                                                                                
                                                                                
                                                                                
                                                                                
                                                                                
                                                                                






CLASS: STAT                                                          PAGE    10.


MAIN PROGRAM                SUPPORT PROGRAM/FILE       CONTACT         IN-USE
--------------------------------------------------------------------------------
NSTAT.F4                                               J.CLAYDON        N


LANGUAGE: X22-FOR             HOST TYPE: 10            AUTHOR:                

SUBROUTINE ? N

LOAD FILE NAME:                          

VERSION:      

FILES NEEDED:   NONE                                                                            
FILES GENERATED:   NONE                                                                            
SOURCE LOCATION:  NETSTAT:28                                                                      
RUN LOCATION:   NETSTAT:28                                                                      
DOCUMENTATION:                                                                                   
SPECIAL LICENCE:   NONE                                                                            
SPECIAL DEC:  NONE                                                                            




               DESCRIPTION
               -----------

CREATES DAILY NETWORK STATISTICS FILES                                          
YYMMDD.DMS,ADMIT.DMC,YYMMDD.DMS                                                 
                                                                                
                                                                                
                                                                                
                                                                                
                                                                                
                                                                                
                                                                                






CLASS: STAT                                                          PAGE    11.


MAIN PROGRAM                SUPPORT PROGRAM/FILE       CONTACT         IN-USE
---------------------------------------------------------------------------
NTRACK.FTF                                             J.JOELS          Y


LANGUAGE: X22-FOR             HOST TYPE: 10            AUTHOR: J.JOELS        

SUBROUTINE ? N

LOAD FILE NAME: (MSREPORT:28)NTRACK.LOD  

VERSION: 1.0  

FILES NEEDED:   NTRQUE.DMS                                                                      
FILES GENERATED:   NTRQUE.DMS                                                                      
SOURCE LOCATION:  MSREPORT:28                                                                     
RUN LOCATION:   MSREPORT:28                                                                     
DOCUMENTATION:   HARD COPY, NOT ON SYSTEM YET.                                                   
SPECIAL LICENCE:                                                                                   
SPECIAL DEC:  ALL RUN RUN                                                                     




               DESCRIPTION
               -----------

THIS PROGRAM IS USED TO ADD LINKS TO THE TRACKING QUE.  CURRENTLY               
THE ONLY ITEMS BEING TRACKED THROUGH NTRACK (NETWORK TRACKING) ARE              
SOME BACKBONE LINKS.  THEIR USAGE IS BEING TRACKED THROUGH THE USE OF THE XRAY  
KS COMMAND.                                                                     
                                                                                
                                                                                
                                                                                
                                                                                
                                                                                






CLASS: STAT                                                          PAGE    12.


MAIN PROGRAM                SUPPORT PROGRAM/FILE       CONTACT         IN-USE
--------------------------------------------------------------------------------
NTRACK.FTF                  NTRBAK.FTF                 J.JOELS          Y


LANGUAGE: X22-FOR             HOST TYPE: 10            AUTHOR: J.JOELS        

SUBROUTINE ? N

LOAD FILE NAME: (MSREPORT:28)NTRBAK.LOD  

VERSION: 1.0  

FILES NEEDED:   SEE DOC.                                                                        
FILES GENERATED:   SEE DOC.                                                                        
SOURCE LOCATION:  MSREPORT:28                                                                     
RUN LOCATION:   MSREPORT:28                                                                     
DOCUMENTATION:   HARD COPY, NOT ON SYSTEM YET.                                                   
SPECIAL LICENCE:   R SETLIC: RF WF AC SY HF                                                        
SPECIAL DEC:  ALL RUN RUN                                                                     




               DESCRIPTION
               -----------

THIS PROGRAM IS THE MAIN WORKHORSE OF THE NTRACK SYSTEM.  IT LOOPS THROUGH      
THE LIST OF LINKS THAT DATA IS TO BE COLLECTED FOR, BUILDING AUXILIARY          
CIRCUITS TO THE KERNAL HOST OF ONE OF THE NODES THE LINK IS ATTACHED TO,        
ISSUING THE KS COMMAND FOR THE NEIGHBOR NODE ON THE OTHER END OF THE LINK       
AND FINALLY PUTTING THE OUTPUT FROM THE KS COMMAND INTO THE DAILY OUTPUT        
FILE.                                                                           
                                                                                
                                                                                
                                                                                






CLASS: STAT                                                          PAGE    13.


MAIN PROGRAM                SUPPORT PROGRAM/FILE       CONTACT         IN-USE
--------------------------------------------------------------------------------
NTRACK.FTF                  NTRGO.FTF                  J.JOELS          Y


LANGUAGE: F-IV                HOST TYPE: 10            AUTHOR: J.JOELS        

SUBROUTINE ? N

LOAD FILE NAME: (MSREPORT:28)NTRGO.LOD   

VERSION:      

FILES NEEDED:   SEE DOC                                                                         
FILES GENERATED:   SEE DOC                                                                         
SOURCE LOCATION:  MSREPORT:28                                                                     
RUN LOCATION:   MSREPORT:28                                                                     
DOCUMENTATION:   HARD COPY, NOT ON SYSTEM YET.                                                   
SPECIAL LICENCE:   R SETLIC: RF WF AC SY HF                                                        
SPECIAL DEC:  ALL RUN RUN                                                                     




               DESCRIPTION
               -----------

THIS PROGRAM IS DESIGNED TO KEEP NTRBAK RUNNING. SEE DOC.                       
                                                                                
                                                                                
                                                                                
                                                                                
                                                                                
                                                                                
                                                                                
                                                                                






CLASS: STAT                                                          PAGE    14.


MAIN PROGRAM                SUPPORT PROGRAM/FILE       CONTACT         IN-USE
--------------------------------------------------------------------------------
NTRACK.FTF                  NTRGO2.FTF                 J.JOELS          Y


LANGUAGE: F-IV                HOST TYPE: 10            AUTHOR: J.JOELS        

SUBROUTINE ? N

LOAD FILE NAME: (MSREPORT:28)NTRGO2.LOD  

VERSION:      

FILES NEEDED:   SEE DOC                                                                         
FILES GENERATED:   SEE DOC                                                                         
SOURCE LOCATION:  MSREPORT:28                                                                     
RUN LOCATION:   MSREPORT:28                                                                     
DOCUMENTATION:   HARD COPY, NOT ON SYSTEM YET.                                                   
SPECIAL LICENCE:   R SETLIC: RF WF AC SY HF                                                        
SPECIAL DEC:  ALL RUN RUN                                                                     




               DESCRIPTION
               -----------

WHEN STARTED UP BY NTRGO, THIS PROGRAM STATS UP NTRBAK.  SEE DOC FOR FURTHER    
EXPLANATION.                                                                    
                                                                                
                                                                                
                                                                                
                                                                                
                                                                                
                                                                                
                                                                                






CLASS: STAT                                                          PAGE    15.


MAIN PROGRAM                SUPPORT PROGRAM/FILE       CONTACT         IN-USE
--------------------------------------------------------------------------------
OTIO.F4                                                J.JOELS          N


LANGUAGE: X22-FOR             HOST TYPE: 10            AUTHOR:                

SUBROUTINE ? N

LOAD FILE NAME: NONE                     

VERSION:      

FILES NEEDED:   OTIO2.DMD,OTIOCR.DMD,OTIO2.DMC,OTIO2.CRU,YYMMDD.DMS                             
FILES GENERATED:   OTIO##.DMS IS UPDATED. ## = 2DIGIT MONTH NUMBER                                 
SOURCE LOCATION:  NETSTAT:28                                                                      
RUN LOCATION:   NETSTAT:28                                                                      
DOCUMENTATION:   NONE                                                                            
SPECIAL LICENCE:   NONE                                                                            
SPECIAL DEC:  NONE                                                                            




               DESCRIPTION
               -----------

CREATES FILE OF STATISTICS ON ORIGNODE-TERMHOST PAIRS                           
                                                                                
                                                                                
                                                                                
                                                                                
                                                                                
                                                                                
                                                                                
                                                                                






CLASS: STAT                                                          PAGE    16.


MAIN PROGRAM                SUPPORT PROGRAM/FILE       CONTACT         IN-USE
--------------------------------------------------------------------------------
OTIO.F4                     OTIO2.CRU                  J.JOELS          N


LANGUAGE: X22                 HOST TYPE: 10            AUTHOR:                

SUBROUTINE ? N

LOAD FILE NAME: NONE                     

VERSION:      

FILES NEEDED:   NONE                                                                            
FILES GENERATED:   NONE                                                                            
SOURCE LOCATION:  NETSTAT:28                                                                      
RUN LOCATION:   NETSTAT:28                                                                      
DOCUMENTATION:   NONE                                                                            
SPECIAL LICENCE:   NONE                                                                            
SPECIAL DEC:  NONE                                                                            




               DESCRIPTION
               -----------

USED BY OTDT.F4                                                                 
                                                                                
                                                                                
                                                                                
                                                                                
                                                                                
                                                                                
                                                                                
                                                                                






CLASS: STAT                                                          PAGE    17.


MAIN PROGRAM                SUPPORT PROGRAM/FILE       CONTACT         IN-USE
--------------------------------------------------------------------------------
OTIO.F4                     OTIO2.DMC                  J.JOELS          N


LANGUAGE: X22                 HOST TYPE: 10            AUTHOR:                

SUBROUTINE ? N

LOAD FILE NAME: NONE                     

VERSION:      

FILES NEEDED:   NONE                                                                            
FILES GENERATED:   NONE                                                                            
SOURCE LOCATION:  NETSTAT:28                                                                      
RUN LOCATION:   NETSTAT:28                                                                      
DOCUMENTATION:   NONE                                                                            
SPECIAL LICENCE:   NONE                                                                            
SPECIAL DEC:  NONE                                                                            




               DESCRIPTION
               -----------

USED BY ODTDT.F4                                                                
                                                                                
                                                                                
                                                                                
                                                                                
                                                                                
                                                                                
                                                                                
                                                                                






CLASS: STAT                                                          PAGE    18.


MAIN PROGRAM                SUPPORT PROGRAM/FILE       CONTACT         IN-USE
--------------------------------------------------------------------------------
OTIO.F4                     OTIO2.DMD                  J.JOELS          N


LANGUAGE: X22                 HOST TYPE: 10            AUTHOR:                

SUBROUTINE ? N

LOAD FILE NAME: NONE                     

VERSION:      

FILES NEEDED:   NONE                                                                            
FILES GENERATED:   NONE                                                                            
SOURCE LOCATION:  NETSTAT:28                                                                      
RUN LOCATION:   NETSTAT:28                                                                      
DOCUMENTATION:   NONE                                                                            
SPECIAL LICENCE:   NONE                                                                            
SPECIAL DEC:  NONE                                                                            




               DESCRIPTION
               -----------

USED BY OTDT.F4                                                                 
SEE OTDT.F4                                                                     
                                                                                
                                                                                
                                                                                
                                                                                
                                                                                
                                                                                
                                                                                






CLASS: STAT                                                          PAGE    19.


MAIN PROGRAM                SUPPORT PROGRAM/FILE       CONTACT         IN-USE
--------------------------------------------------------------------------------
OTIO.F4                     OTIOCR.DMD                 J.JOELS          N


LANGUAGE: X22                 HOST TYPE: 10            AUTHOR:                

SUBROUTINE ? N

LOAD FILE NAME: NONE                     

VERSION:      

FILES NEEDED:   NONE                                                                            
FILES GENERATED:   NONE                                                                            
SOURCE LOCATION:  NETSTAT:28                                                                      
RUN LOCATION:   NETSTAT:28                                                                      
DOCUMENTATION:   NONE                                                                            
SPECIAL LICENCE:   NONE                                                                            
SPECIAL DEC:  NONE                                                                            




               DESCRIPTION
               -----------

USED BY OTDT.F4                                                                 
SEE OTDT.F4                                                                     
                                                                                
                                                                                
                                                                                
                                                                                
                                                                                
                                                                                
                                                                                






CLASS: STAT                                                          PAGE    20.


MAIN PROGRAM                SUPPORT PROGRAM/FILE       CONTACT         IN-USE
--------------------------------------------------------------------------------
OTIOS.FTF                                              J.JOELS          Y


LANGUAGE: X22-FOR             HOST TYPE: 10            AUTHOR: J.JOELS        

SUBROUTINE ? N

LOAD FILE NAME: (NETSTAT:28)OTIOS.LOD    

VERSION: 2.0  

FILES NEEDED:   OTIOS.DMD,OTIOS.DMC,OTIOS.CTL,DAILY NETSTATS                                    
FILES GENERATED:   OTIOMM.0DD,OTIOMM.DMS,OTIOMM.CRU - MM = 2 DIGIT MONTH NUMBER                    
SOURCE LOCATION:  NETSTAT:28                                                                      
RUN LOCATION:   NETSTAT:28                                                                      
DOCUMENTATION:   (NETSTAT:28)OTIOS.TXT,OTIOS.DOC                                                 
SPECIAL LICENCE:   NONE                                                                            
SPECIAL DEC:  NONE                                                                            




               DESCRIPTION
               -----------

THE OTIOS PROGRAM IS USED TO GATHER AND SUMMARIZE DATA ABOUT ORIGNODE TERMHOST  
PAIRS.  A SAMPLE (1 OUT OF EVERY N SESSIONS) IS TAKEN FOR EACH                  
DAY OF THE MONTH.  THIS SAMPLE MAY BE REFINED BY THE USER SPECIFYING A          
TIME RANGE FOR THE SAMPLE TO BE TAKEN OVER.                                     
                                                                                
                                                                                
                                                                                
                                                                                
                                                                                






CLASS: STAT                                                          PAGE    21.


MAIN PROGRAM                SUPPORT PROGRAM/FILE       CONTACT         IN-USE
--------------------------------------------------------------------------------
PAR.F4                                                 J.JOELS          N


LANGUAGE: X22-FOR             HOST TYPE: 10            AUTHOR: J.JOELS        

SUBROUTINE ? N

LOAD FILE NAME: PAR.LOD                  

VERSION: 2.0  

FILES NEEDED:   PORLIS.DMD,PAR.DMD,PAR2.DMD,PARR1.DMD,PARR2.DMD,PRINT.PAR,PAR.DMC,PAR2.DMC      
FILES GENERATED:   PARD#.DAT,PAR.A#,PAR.DMS,PAR.DAT,PAR2.DAT,PARXX.R##,PARR1.DMS OR PARR2.DMS      
SOURCE LOCATION:  ACCG1:28                                                                        
RUN LOCATION:   ACCG1:28                                                                        
DOCUMENTATION:                                                                                   
SPECIAL LICENCE:   NONE                                                                            
SPECIAL DEC:  NONE                                                                            




               DESCRIPTION
               -----------

GENERATES THE PORT ANALYSIS REPORT                                              
ADDITIONAL FILE NEEDED: PMMDD.LIS.  THIS IS GENERATED BY PORLIS PROGRAM         
ALL FILES GENERATED ARE INTERIM FILES EXCEPT PARXX.R##. IT= END REPORT          
                                                                                
                                                                                
                                                                                
                                                                                
                                                                                
                                                                                






CLASS: STAT                                                          PAGE    22.


MAIN PROGRAM                SUPPORT PROGRAM/FILE       CONTACT         IN-USE
--------------------------------------------------------------------------------
PAR.F4                      PAR.DMC                    MANN-DO          N


LANGUAGE: X22                 HOST TYPE: 10            AUTHOR: J.JOELS        

SUBROUTINE ? N

LOAD FILE NAME:                          

VERSION:      

FILES NEEDED:   NONE                                                                            
FILES GENERATED:   NONE                                                                            
SOURCE LOCATION:  ACCG1:28                                                                        
RUN LOCATION:   ACCG1:28                                                                        
DOCUMENTATION:                                                                                   
SPECIAL LICENCE:   NONE                                                                            
SPECIAL DEC:  NONE                                                                            




               DESCRIPTION
               -----------

USED BY PAR.F4                                                                  
SEE PAR.F4                                                                      
                                                                                
                                                                                
                                                                                
                                                                                
                                                                                
                                                                                
                                                                                






CLASS: STAT                                                          PAGE    23.


MAIN PROGRAM                SUPPORT PROGRAM/FILE       CONTACT         IN-USE
--------------------------------------------------------------------------------
PAR.F4                      PAR.DMD                    MANN-DO          N


LANGUAGE: X22                 HOST TYPE: 10            AUTHOR: J.JOELS        

SUBROUTINE ? N

LOAD FILE NAME:                          

VERSION:      

FILES NEEDED:   NONE                                                                            
FILES GENERATED:   NONE                                                                            
SOURCE LOCATION:  ACCG1:28                                                                        
RUN LOCATION:   ACCG1:28                                                                        
DOCUMENTATION:                                                                                   
SPECIAL LICENCE:   NONE                                                                            
SPECIAL DEC:  NONE                                                                            




               DESCRIPTION
               -----------

USED BY PAR.F4                                                                  
SEE PAR.F4                                                                      
                                                                                
                                                                                
                                                                                
                                                                                
                                                                                
                                                                                
                                                                                






CLASS: STAT                                                          PAGE    24.


MAIN PROGRAM                SUPPORT PROGRAM/FILE       CONTACT         IN-USE
--------------------------------------------------------------------------------
PAR.F4                      PAR2.DMC                   MANN-DO          N


LANGUAGE: X22                 HOST TYPE: 10            AUTHOR: J.JOELS        

SUBROUTINE ? N

LOAD FILE NAME:                          

VERSION:      

FILES NEEDED:   NONE                                                                            
FILES GENERATED:   NONE                                                                            
SOURCE LOCATION:  ACCG1:28                                                                        
RUN LOCATION:   ACCG1:28                                                                        
DOCUMENTATION:                                                                                   
SPECIAL LICENCE:   NONE                                                                            
SPECIAL DEC:  NONE                                                                            




               DESCRIPTION
               -----------

USED BY PAR.F4                                                                  
SEE PAR.F4                                                                      
                                                                                
                                                                                
                                                                                
                                                                                
                                                                                
                                                                                
                                                                                






CLASS: STAT                                                          PAGE    25.


MAIN PROGRAM                SUPPORT PROGRAM/FILE       CONTACT         IN-USE
--------------------------------------------------------------------------------
PAR.F4                      PAR2.DMD                   MANN-DO          N


LANGUAGE: X22                 HOST TYPE: 10            AUTHOR: J.JOELS        

SUBROUTINE ? N

LOAD FILE NAME:                          

VERSION:      

FILES NEEDED:   NONE                                                                            
FILES GENERATED:   NONE                                                                            
SOURCE LOCATION:  ACCG1:28                                                                        
RUN LOCATION:   ACCG1:28                                                                        
DOCUMENTATION:                                                                                   
SPECIAL LICENCE:   NONE                                                                            
SPECIAL DEC:  NONE                                                                            




               DESCRIPTION
               -----------

USED BY PAR.F4                                                                  
SEE PAR.F4                                                                      
                                                                                
                                                                                
                                                                                
                                                                                
                                                                                
                                                                                
                                                                                






CLASS: STAT                                                          PAGE    26.


MAIN PROGRAM                SUPPORT PROGRAM/FILE       CONTACT         IN-USE
--------------------------------------------------------------------------------
PAR.F4                      PAR3.DMD                   MANN-DO          N


LANGUAGE: X22                 HOST TYPE: 10            AUTHOR: J.JOELS        

SUBROUTINE ? N

LOAD FILE NAME:                          

VERSION:      

FILES NEEDED:   NONE                                                                            
FILES GENERATED:   NONE                                                                            
SOURCE LOCATION:  ACCG1:28                                                                        
RUN LOCATION:   ACCG1:28                                                                        
DOCUMENTATION:                                                                                   
SPECIAL LICENCE:   NONE                                                                            
SPECIAL DEC:  NONE                                                                            




               DESCRIPTION
               -----------

USED BY PAR.F4                                                                  
SEE PAR.F4                                                                      
                                                                                
                                                                                
                                                                                
                                                                                
                                                                                
                                                                                
                                                                                






CLASS: STAT                                                          PAGE    27.


MAIN PROGRAM                SUPPORT PROGRAM/FILE       CONTACT         IN-USE
--------------------------------------------------------------------------------
PAR.F4                      PRINT.PRT                  MANN-DO          N


LANGUAGE: X22                 HOST TYPE: 10            AUTHOR:                

SUBROUTINE ? N

LOAD FILE NAME:                          

VERSION:      

FILES NEEDED:   NONE                                                                            
FILES GENERATED:   NONE                                                                            
SOURCE LOCATION:  ?                                                                               
RUN LOCATION:   ?                                                                               
DOCUMENTATION:                                                                                   
SPECIAL LICENCE:   NONE                                                                            
SPECIAL DEC:  NONE                                                                            




               DESCRIPTION
               -----------

USED BY PAR.F4                                                                  
SEE PAR.F4                                                                      
                                                                                
                                                                                
                                                                                
                                                                                
                                                                                
                                                                                
                                                                                






CLASS: STAT                                                          PAGE    28.


MAIN PROGRAM                SUPPORT PROGRAM/FILE       CONTACT         IN-USE
--------------------------------------------------------------------------------
PGRADE.F4                                              J.JOELS          N


LANGUAGE: FORTRAN             HOST TYPE: 10            AUTHOR:                

SUBROUTINE ? N

LOAD FILE NAME:                          

VERSION:      

FILES NEEDED:   NONE                                                                            
FILES GENERATED:   NONE                                                                            
SOURCE LOCATION:  JJOELS:28                                                                       
RUN LOCATION:   ?                                                                               
DOCUMENTATION:   NONE                                                                            
SPECIAL LICENCE:   NONE                                                                            
SPECIAL DEC:  NONE                                                                            




               DESCRIPTION
               -----------

SUBROUTINE FOR NP2.F4 -- COMPUTES PGRADE                                        
NP2.F4                                                                          
                                                                                
                                                                                
                                                                                
                                                                                
                                                                                
                                                                                
                                                                                






CLASS: STAT                                                          PAGE    29.


MAIN PROGRAM                SUPPORT PROGRAM/FILE       CONTACT         IN-USE
--------------------------------------------------------------------------------
RESRCH.FTF                                             J.JOELS          Y


LANGUAGE: X22-FOR             HOST TYPE: 10            AUTHOR: J.JOELS        

SUBROUTINE ? N

LOAD FILE NAME: (NETSTAT:28)RESRCH.LOD   

VERSION: 1.0  

FILES NEEDED:                                                                                   
FILES GENERATED:                                                                                   
SOURCE LOCATION:  NETSTAT:28                                                                      
RUN LOCATION:   NETSTAT:28                                                                      
DOCUMENTATION:   NONE                                                                            
SPECIAL LICENCE:   NONE                                                                            
SPECIAL DEC:  NONE                                                                            




               DESCRIPTION
               -----------

THIS PROGRAM CREATES A DATA BASE FOR EACH RECORD TYPE IN                        
THE ATT ACTIVITY FILE.  IT ALSO CREATES A DATA BASE WITH                        
A SMALL AMOUNT OF INFORMATION ON EACH RECORD TYPE SO THAT THE                   
ORDER OF THE RECORDDS IN THE ACTIVITY FILE MAY BE STUDIED.                      
THE PURPOSE OF THIS PROGRAM IS TO PROVIDE DATA FOR RESEARCH                     
ON THE ATT ACTIVITY FILE.                                                       
                                                                                
                                                                                
                                                                                






CLASS: STAT                                                          PAGE    30.


MAIN PROGRAM                SUPPORT PROGRAM/FILE       CONTACT         IN-USE
--------------------------------------------------------------------------------
WATGTR.FTF                                             J.JOELS          Y


LANGUAGE: X22-FOR             HOST TYPE: 10            AUTHOR: J.JOELS        

SUBROUTINE ? N

LOAD FILE NAME: (NETSTAT:28)WATGTR.LOD   

VERSION: 1.0  

FILES NEEDED:   (NETSTAT)YYMMDD.DMS,A LIST OF WATS PORTS                                        
FILES GENERATED:   WAT###.NOD,WAT###.TYM,WAT###.SHR,N1425.###, WHERE ###=MONTH                     
SOURCE LOCATION:  (NETSTAT:28)                                                                    
RUN LOCATION:   (NETSTAT:28)                                                                    
DOCUMENTATION:   (NETSTAT:28)WATGTR.TXT,WATGTR.DOC                                               
SPECIAL LICENCE:   NONE                                                                            
SPECIAL DEC:  NONE                                                                            




               DESCRIPTION
               -----------

THIS PROGRAM GATHERS SESSIONS FROM THE DAILY NETWORK                            
STATISTICS FILES.  THE SESSIONS ARE GATHERED OVER A USER                        
DEFINED RANGE OF DAYS WITH ALL DAYS HAVING TO BE WITHIN THE                     
SAME MONTH.  THE SESSIONS ARE DIVIDED INTO TYMNET SESSIONS AND                  
TYMSHARE SESSIONS, WITH A BREAKDOWN OF THE %AGE OF SESSIONS                     
THAT ARE TYMNET AND THE %AGE OF SESSIONS THAT ARE TYMSHARE                      
WITHIN EACH NODE.  A  FILE IS ALSO PRODUCED FOR EACH NODE WITH                  
A FURTHER BREAKDOWN OF THE TYMSHARE SESSIONS BY USERNAME.                       
                                                                                



  Os'