1
 
                   MAX
            TOTAL  SIM                MAXIMUM CPS                   CONNECT
 DATE  HOUR USERS USERS            IN         OUT       TOTAL         HOURS
 
 
 930802   1     1     1          0.88       24.33       25.22          0.05
 930802   2     8     2          1.02        4.65        5.67          0.20
 930802   3     1     1          0.52        2.23        2.75          0.03
 930802   4     0     0          0.00        0.00        0.00          0.00
 930802   5     0     0          0.00        0.00        0.00          0.00
 930802   6     0     0          0.00        0.00        0.00          0.00
 930802   7     0     0          0.00        0.00        0.00          0.00
 930802   8     0     0          0.00        0.00        0.00          0.00
 930802   9     0     0          0.00        0.00        0.00          0.00
 930802  10     0     0          0.00        0.00        0.00          0.00
 930802  11     0     0          0.00        0.00        0.00          0.00
 930802  12    49     9          7.62      493.42      500.33          3.05
 930802  13    86    12         83.17      750.68      756.42          7.20
 930802  14   117    16         23.68      579.87      583.43         10.37
 930802  15   173    18         70.50      567.02      575.87         12.27
 930802  16   132    16         50.55      534.20      542.57          7.70
 930802  17   149    15         41.97      377.38      399.65          9.25
 930802  18    29    12          2.32       34.38       35.02          0.75
 930802  19     0     0          0.00        0.00        0.00          0.00
 930802  20     0     0          0.00        0.00        0.00          0.00
 930802  21    52    20         51.98      224.58      266.23          2.18
 930802  22   204    20         59.00      378.43      399.40         10.42
 930802  23   134    10         37.87      156.27      177.10          5.63
 930802  24   109    12         29.43       99.35      123.55          5.32
1
 
                   MAX
            TOTAL  SIM                MAXIMUM CPS                   CONNECT
 DATE  HOUR USERS USERS            IN         OUT       TOTAL         HOURS
 
 
 930803   1    49     7         15.42       32.62       41.93          1.87
 930803   2    25     4          4.45       32.93       37.38          1.23
 930803   3    16     2          3.82       11.62       15.43          0.45
 930803   4    15     3          1.62       27.97       28.45          0.50
 930803   5     5     1          0.82       16.83       17.08          0.27
 930803   6     1     1          5.57        7.23       12.80          0.03
 930803   7     5     1          1.48       17.25       18.27          0.17
 930803   8     0     0          0.00        0.00        0.00          0.00
 930803   9     0     0          0.00        0.00        0.00          0.00
 930803  10     0     0          0.00        0.00        0.00          0.00
 930803  11     3     2          2.58       98.67      101.25          0.28
 930803  12    28     5         47.87      345.65      349.43          1.65
 930803  13    80    11         25.78      510.75      530.42          6.10
 930803  14   100     9         31.18      500.32      505.78          6.18
 930803  15   119    16         65.88      634.03      646.77         10.52
 930803  16   145    14         56.95      580.52      586.55         10.60
 930803  17   100    12         63.38      625.28      653.95          9.38
 930803  18   127    13         73.23      640.42      713.65          8.53
 930803  19   144    15         93.68      510.52      539.43          9.57
 930803  20   255    25         76.68      520.43      591.27         12.55
 930803  21   251    27        145.62      617.80      699.72         15.02
 930803  22   140    14        106.55      530.28      543.50          8.98
 930803  23    83    12         80.52      456.72      471.72          7.03
 930803  24    49     6         53.10      280.07      295.85          3.10
1
 
                   MAX
            TOTAL  SIM                MAXIMUM CPS                   CONNECT
 DATE  HOUR USERS USERS            IN         OUT       TOTAL         HOURS
 
 
 930804   1    26     5         45.15      262.83      265.48          3.17
 930804   2     5     2          2.32      127.50      129.82          0.45
 930804   3     5     2          9.50      128.23      137.73          0.97
 930804   4     3     2          2.30       66.83       69.13          0.92
 930804   5     0     0          0.00        0.00        0.00          0.00
 930804   6     2     1          1.38       60.87       62.25          0.15
 930804   7     1     1          0.72       42.40       43.12          0.53
 930804   8     0     0          0.00        0.00        0.00          0.00
 930804   9     0     0          0.00        0.00        0.00          0.00
 930804  10     0     0          0.00        0.00        0.00          0.00
 930804  11     0     0          0.00        0.00        0.00          0.00
 930804  12    33     7         18.67      361.03      366.12          2.08
 930804  13    92    12         28.65      734.15      741.05          6.80
 930804  14    92    10         36.28      610.05      615.67          6.00
 930804  15   109    13         34.78      701.20      714.05          8.78
 930804  16   123    15         90.93      706.93      718.62          9.42
 930804  17    88    14         70.67      618.27      662.32          7.80
 930804  18    88     9         60.72      488.35      494.13          6.37
 930804  19    93    15         64.35      476.55      488.08          7.70
 930804  20   174    17         77.28      610.12      644.30         11.23
 930804  21   188    15        115.30      551.30      595.33         11.17
 930804  22   103    12         58.82      443.90      466.33          7.45
 930804  23    65     8        146.77      314.58      378.75          4.63
 930804  24    31     6         50.62      182.55      190.67          2.27
1
 
                   MAX
            TOTAL  SIM                MAXIMUM CPS                   CONNECT
 DATE  HOUR USERS USERS            IN         OUT       TOTAL         HOURS
 
 
 930805   1    19     5         18.15      255.05      259.53          1.77
 930805   2     8     2          4.22       64.82       65.72          0.52
 930805   3     5     1          0.90       64.82       65.72          0.20
 930805   4     1     1          0.18       46.82       47.00          0.15
 930805   5     0     0          0.00        0.00        0.00          0.00
 930805   6     0     0          0.00        0.00        0.00          0.00
 930805   7     1     1          0.85       21.18       22.03          0.38
 930805   8     3     1          0.85       37.05       37.15          0.70
 930805   9     1     1          0.10       37.05       37.15          0.22
 930805  10     0     0          0.00        0.00        0.00          0.00
 930805  11     1     1          2.00       12.08       14.08          0.03
 930805  12    28     6         10.40      347.62      356.58          2.40
 930805  13    70     8         17.03      614.55      623.43          5.10
 930805  14   115    12         53.98      576.53      588.63          6.52
 930805  15   117    13         80.48      613.77      631.22          8.52
 930805  16   122    16         89.15      574.10      587.45         10.23
 930805  17   107    15         49.03      595.32      604.18          8.68
 930805  18    90    12         41.43      560.15      569.15          7.23
 930805  19   116    17         90.52      530.28      597.15         10.38
 930805  20   176    17        120.27      662.70      753.37         11.57
 930805  21   181    18        148.20      523.28      670.15         12.12
 930805  22   106    11         87.00      428.07      456.40          6.62
 930805  23    70     9         95.47      318.45      386.72          5.73
 930805  24    38     8         44.42      354.32      373.90          3.00
1
 
                   MAX
            TOTAL  SIM                MAXIMUM CPS                   CONNECT
 DATE  HOUR USERS USERS            IN         OUT       TOTAL         HOURS
 
 
 930806   1    10     3         43.58      106.78      108.25          1.32
 930806   2     4     1          0.98       51.75       52.08          0.65
 930806   3     4     2          2.85      114.58      117.43          0.73
 930806   4     2     1          0.68       79.83       80.52          0.17
 930806   5     0     0          0.00        0.00        0.00          0.00
 930806   6     1     1          1.37       28.12       29.48          0.35
 930806   7     0     0          0.00        0.00        0.00          0.00
 930806   8     1     1          0.35       55.87       56.22          0.17
 930806   9     2     1          0.73       76.18       76.92          0.18
 930806  10     2     1          0.12        1.97        2.08          0.08
 930806  11     3     1          1.23       67.55       68.78          0.15
 930806  12    37     6         10.02      361.72      364.10          2.00
 930806  13    76    11         29.23      597.70      604.58          5.90
 930806  14    80    12         19.77      438.85      447.07          7.77
 930806  15   101    15         52.12      530.15      536.08         10.62
 930806  16   102    14         64.10      416.38      479.97          9.90
 930806  17    78    10         57.77      385.70      439.07          6.18
 930806  18   110    11        105.82      459.73      486.85          8.22
 930806  19   136    17         97.92      539.47      593.93         10.75
 930806  20   153    19        108.30      595.45      657.40         13.52
 930806  21   170    16         73.47      485.10      543.20         11.40
 930806  22    87    11         49.77      322.97      338.73          7.60
 930806  23    60     8         67.63      425.90      439.88          5.17
 930806  24    28     6         82.87      218.55      264.93          2.45
1     MAXIMUM OF MAXIMUM SIMULTANEOUS USERS
 
 
                   MAX
            TOTAL  SIM                MAXIMUM CPS                   CONNECT
 DATE  HOUR USERS USERS            IN         OUT       TOTAL         HOURS
 
 930803  21   251    27        145.62      617.80      699.72         15.02
 
 
     MAXIMUM OF CONNECT HOURS
 
 
                   MAX
            TOTAL  SIM                MAXIMUM CPS                   CONNECT
 DATE  HOUR USERS USERS            IN         OUT       TOTAL         HOURS
 
 930803  21   251    27        145.62      617.80      699.72         15.02
1
  