1
 
                   MAX
            TOTAL  SIM                MAXIMUM CPS                   CONNECT
 DATE  HOUR USERS USERS            IN         OUT       TOTAL         HOURS
 
 
 920914   1     1     1          0.00        1.60        1.60          1.00
 920914   2     1     1          0.00        1.60        1.60          1.00
 920914   3     1     1          0.00        1.60        1.60          1.00
 920914   4     1     1          0.00        1.60        1.60          1.00
 920914   5     1     1          0.00        1.60        1.60          1.00
 920914   6     1     1          0.00        1.60        1.60          0.12
 920914   7     0     0          0.00        0.00        0.00          0.00
 920914   8     0     0          0.00        0.00        0.00          0.00
 920914   9     0     0          0.00        0.00        0.00          0.00
 920914  10     0     0          0.00        0.00        0.00          0.00
 920914  11     0     0          0.00        0.00        0.00          0.00
 920914  12     1     1          0.08       19.37       19.45          0.43
 920914  13     5     5          0.13      125.03      125.17          2.32
 920914  14     9     9          0.18      262.98      263.17          7.03
 920914  15    11    10          0.22      337.50      337.72          9.73
 920914  16    13    11          0.22      383.57      383.78         10.52
 920914  17    11    11          0.22      350.83      351.05         11.00
 920914  18    13    11          0.22      350.83      351.05         10.60
 920914  19    12    10          0.38      327.87      328.25          9.68
 920914  20    14    11          0.47      296.00      296.28          9.33
 920914  21    13    11          0.28      296.00      296.28          8.63
 920914  22     8     8          0.18      215.45      215.63          5.37
 920914  23     3     3          0.00       85.23       85.23          2.02
 920914  24     2     2          0.00       25.55       25.55          1.45
1
 
                   MAX
            TOTAL  SIM                MAXIMUM CPS                   CONNECT
 DATE  HOUR USERS USERS            IN         OUT       TOTAL         HOURS
 
 
 920915   1     1     1          0.00        5.95        5.95          1.00
 920915   2     1     1          0.00        5.95        5.95          1.00
 920915   3     1     1          0.00        5.95        5.95          1.00
 920915   4     1     1          0.00        5.95        5.95          1.00
 920915   5     1     1          0.00        5.95        5.95          1.00
 920915   6     1     1          0.00        5.95        5.95          1.00
 920915   7     1     1          0.00        5.95        5.95          1.00
 920915   8     1     1          0.00        5.95        5.95          1.00
 920915   9     1     1          0.00        5.95        5.95          0.57
 920915  10     0     0          0.00        0.00        0.00          0.00
 920915  11     0     0          0.00        0.00        0.00          0.00
 920915  12     2     2          0.07       48.75       48.82          0.65
 920915  13     5     5          0.27      173.98      174.25          2.78
 920915  14    13    10          0.53      363.72      363.97          7.70
 920915  15    11    11          0.30      419.72      420.02         10.12
 920915  16    13    13          0.30      505.25      505.55         10.50
 920915  17    14    14          0.30      544.60      544.90         13.65
 920915  18    14    14          0.30      544.60      544.90         12.12
 920915  19    10    10          0.22      361.03      361.25         10.00
 920915  20    12    10          0.52      361.03      361.25          9.83
 920915  21    10    10          0.52      349.87      350.38          9.13
 920915  22     9     9          0.23      279.93      280.17          5.48
 920915  23     4     4          0.12       91.38       91.50          2.70
 920915  24     2     2          0.00       17.33       17.33          1.10
1
 
                   MAX
            TOTAL  SIM                MAXIMUM CPS                   CONNECT
 DATE  HOUR USERS USERS            IN         OUT       TOTAL         HOURS
 
 
 920916   1     2     2          0.35        3.03        3.38          1.03
 920916   2     2     2          0.35        3.03        3.38          1.13
 920916   3     1     1          0.00        2.02        2.02          1.00
 920916   4     1     1          0.00        2.02        2.02          1.00
 920916   5     1     1          0.00        2.02        2.02          1.00
 920916   6     1     1          0.00        2.02        2.02          1.00
 920916   7     1     1          0.00        2.02        2.02          1.00
 920916   8     1     1          0.00        2.02        2.02          0.18
 920916   9     0     0          0.00        0.00        0.00          0.00
 920916  10     0     0          0.00        0.00        0.00          0.00
 920916  11     0     0          0.00        0.00        0.00          0.00
 920916  12     0     0          0.00        0.00        0.00          0.00
 920916  13     4     4          0.03       97.47       97.50          1.70
 920916  14    10     9          0.43      324.65      324.98          7.78
 920916  15    14    11          0.35      450.47      450.82         10.20
 920916  16    10    10          0.20      379.52      379.72         10.00
 920916  17    12    11          0.20      412.02      412.22          9.78
 920916  18    10    10          0.18      404.20      404.38          9.60
 920916  19    10    10          0.47      414.72      415.18          8.87
 920916  20    13    10          0.75      343.52      343.90          8.42
 920916  21    10    10          0.75      310.30      311.05          8.57
 920916  22     6     6          0.15      149.23      149.38          4.05
 920916  23     2     2          0.13       43.95       44.08          1.33
 920916  24     1     1          0.00        2.57        2.57          0.98
1
 
                   MAX
            TOTAL  SIM                MAXIMUM CPS                   CONNECT
 DATE  HOUR USERS USERS            IN         OUT       TOTAL         HOURS
 
 
 920917   1     1     1          0.00        2.57        2.57          1.00
 920917   2     1     1          0.00        2.57        2.57          1.00
 920917   3     1     1          0.00        2.57        2.57          1.00
 920917   4     1     1          0.00        2.57        2.57          1.00
 920917   5     1     1          0.00        2.57        2.57          1.00
 920917   6     1     1          0.00        2.57        2.57          1.00
 920917   7     1     1          0.00        2.57        2.57          1.00
 920917   8     1     1          0.00        2.57        2.57          0.35
 920917   9     0     0          0.00        0.00        0.00          0.00
 920917  10     0     0          0.00        0.00        0.00          0.00
 920917  11     0     0          0.00        0.00        0.00          0.00
 920917  12     1     1          0.02       47.55       47.57          0.12
 920917  13     5     5          0.22      200.02      200.23          2.47
 920917  14     9     9          0.62      385.45      386.07          7.30
 920917  15    11    10          0.85      389.95      390.48          9.37
 920917  16    11    10          0.85      335.40      336.25          9.40
 920917  17    12    10          0.60      356.03      356.63          9.23
 920917  18    13    11          0.68      402.17      402.85          9.33
 920917  19    13    11          1.53      347.45      348.03         10.13
 920917  20    11    10          0.37      265.92      266.28         10.00
 920917  21    10    10          0.37      256.50      256.87          9.62
 920917  22     8     8          0.28      190.78      191.07          6.52
 920917  23     4     4          0.05       26.80       26.85          3.13
 920917  24     3     3          0.05       19.57       19.62          2.95
1
 
                   MAX
            TOTAL  SIM                MAXIMUM CPS                   CONNECT
 DATE  HOUR USERS USERS            IN         OUT       TOTAL         HOURS
 
 
 920918   1     3     3          0.05       19.57       19.62          1.52
 920918   2     1     1          0.00        9.50        9.50          1.00
 920918   3     1     1          0.00        9.50        9.50          0.65
 920918   4     0     0          0.00        0.00        0.00          0.00
 920918   5     0     0          0.00        0.00        0.00          0.00
 920918   6     0     0          0.00        0.00        0.00          0.00
 920918   7     0     0          0.00        0.00        0.00          0.00
 920918   8     0     0          0.00        0.00        0.00          0.00
 920918   9     0     0          0.00        0.00        0.00          0.00
 920918  10     0     0          0.00        0.00        0.00          0.00
 920918  11     0     0          0.00        0.00        0.00          0.00
 920918  12     5     1          0.58       16.58       17.17          0.15
 920918  13     8     4          0.93       45.20       46.13          1.55
 920918  14    18     9          0.90      253.68      254.58          6.75
 920918  15     9     9          0.10      252.75      252.85          8.02
 920918  16    12    10          0.28      212.05      212.33          8.85
 920918  17     8     8          0.05      206.93      206.98          8.00
 920918  18     8     8          0.05      206.93      206.98          8.00
 920918  19     8     8          0.05      206.93      206.98          8.00
 920918  20     8     8          0.05      206.93      206.98          7.08
 920918  21     7     7          0.05      198.40      198.45          5.32
 920918  22     4     4          0.05      119.43      119.48          2.28
 920918  23     1     1          0.00       32.87       32.87          1.00
 920918  24     1     1          0.00       32.87       32.87          0.92
1     MAXIMUM OF MAXIMUM SIMULTANEOUS USERS
 
 
                   MAX
            TOTAL  SIM                MAXIMUM CPS                   CONNECT
 DATE  HOUR USERS USERS            IN         OUT       TOTAL         HOURS
 
 920915  17    14    14          0.30      544.60      544.90         13.65
 
 
     MAXIMUM OF CONNECT HOURS
 
 
                   MAX
            TOTAL  SIM                MAXIMUM CPS                   CONNECT
 DATE  HOUR USERS USERS            IN         OUT       TOTAL         HOURS
 
 920915  17    14    14          0.30      544.60      544.90         13.65
1
  