1
 
                   MAX
            TOTAL  SIM                MAXIMUM CPS                   CONNECT
 DATE  HOUR USERS USERS            IN         OUT       TOTAL         HOURS
 
 
 920914   1     2     2          0.23       36.25       36.48          1.10
 920914   2     2     2          0.58       33.83       34.42          1.15
 920914   3     2     2          0.15      139.50      139.65          1.25
 920914   4     1     1          0.00        0.05        0.05          1.00
 920914   5     1     1          0.00        0.05        0.05          1.00
 920914   6     1     1          0.00        0.05        0.05          0.12
 920914   7     0     0          0.00        0.00        0.00          0.00
 920914   8     0     0          0.00        0.00        0.00          0.00
 920914   9     0     0          0.00        0.00        0.00          0.00
 920914  10     0     0          0.00        0.00        0.00          0.00
 920914  11     0     0          0.00        0.00        0.00          0.00
 920914  12     3     2          0.12      135.95      136.07          0.83
 920914  13    14    12          5.15      467.30      468.38          6.27
 920914  14    29    25          8.68     1108.05     1114.52         20.05
 920914  15    39    30          6.85     1407.40     1409.42         27.23
 920914  16    33    30          1.58     1258.22     1259.80         28.83
 920914  17    33    28          1.37     1208.32     1209.68         26.50
 920914  18    28    27          1.08     1094.95     1096.03         26.28
 920914  19    29    28          1.08     1101.28     1102.37         27.23
 920914  20    34    29          1.77     1091.35     1092.33         27.78
 920914  21    28    28          1.10      991.53      992.63         25.83
 920914  22    23    20          1.05      816.33      817.38         14.23
 920914  23    10    10          0.12      253.55      253.67          8.15
 920914  24     8     7          0.48      167.43      167.92          4.72
1
 
                   MAX
            TOTAL  SIM                MAXIMUM CPS                   CONNECT
 DATE  HOUR USERS USERS            IN         OUT       TOTAL         HOURS
 
 
 920915   1     5     5          0.00       74.80       74.80          4.65
 920915   2     7     5          0.55       93.68       94.23          4.78
 920915   3     6     4          0.48       80.40       80.50          3.35
 920915   4     3     3          0.00       48.03       48.03          3.00
 920915   5     3     3          0.00       48.03       48.03          3.00
 920915   6     3     3          0.00       48.03       48.03          3.00
 920915   7     3     3          0.00       48.03       48.03          3.00
 920915   8     3     3          0.00       48.03       48.03          3.00
 920915   9     3     3          0.00       48.03       48.03          1.62
 920915  10     0     0          0.00        0.00        0.00          0.00
 920915  11     0     0          0.00        0.00        0.00          0.00
 920915  12     2     2          0.12       64.22       64.33          0.77
 920915  13    13    11          0.43      338.32      338.67          5.38
 920915  14    30    26          5.33     1063.13     1068.47         20.55
 920915  15    33    28          1.30     1066.08     1067.38         27.05
 920915  16    30    28          1.07      973.90      974.53         26.67
 920915  17    27    26          0.80      867.52      868.03         25.90
 920915  18    28    27          0.62      953.67      954.28         26.00
 920915  19    30    28          0.67      955.20      955.87         27.53
 920915  20    29    29          1.32      974.77      976.08         27.82
 920915  21    30    27          0.73      927.33      928.00         24.55
 920915  22    24    21          0.75      735.60      736.02         15.45
 920915  23    15    12          0.40      403.60      403.85          9.97
 920915  24    10     9          0.25      255.07      255.32          7.78
1
 
                   MAX
            TOTAL  SIM                MAXIMUM CPS                   CONNECT
 DATE  HOUR USERS USERS            IN         OUT       TOTAL         HOURS
 
 
 920916   1     7     7          0.08      163.58      163.67          6.03
 920916   2     6     6          0.08      110.83      110.92          5.50
 920916   3     6     6          0.28      167.98      168.27          5.08
 920916   4     6     6          0.28      167.98      168.27          5.07
 920916   5     5     5          0.05      102.13      102.18          4.93
 920916   6     4     4          0.03       70.88       70.92          4.00
 920916   7     4     4          0.03       70.88       70.92          4.00
 920916   8     4     4          0.03       70.88       70.92          0.78
 920916   9     0     0          0.00        0.00        0.00          0.00
 920916  10     0     0          0.00        0.00        0.00          0.00
 920916  11     0     0          0.00        0.00        0.00          0.00
 920916  12     2     2          0.03       64.25       64.28          0.62
 920916  13    16    13          0.73      547.27      547.98          6.83
 920916  14    29    26          1.53     1191.88     1193.42         19.88
 920916  15    33    28          4.63     1291.32     1292.93         27.35
 920916  16    31    28          1.95     1291.32     1292.93         27.47
 920916  17    31    28          1.78     1230.13     1231.57         26.63
 920916  18    28    27          1.25     1108.25     1109.50         25.37
 920916  19    28    28          1.25     1132.73     1133.98         27.82
 920916  20    30    29          1.38     1218.25     1219.63         28.05
 920916  21    28    27          1.20     1023.07     1024.27         23.95
 920916  22    23    20          1.02      641.30      642.32         12.28
 920916  23     7     7          0.02      208.25      208.27          6.40
 920916  24     8     7          0.97      393.63      394.60          4.88
1
 
                   MAX
            TOTAL  SIM                MAXIMUM CPS                   CONNECT
 DATE  HOUR USERS USERS            IN         OUT       TOTAL         HOURS
 
 
 920917   1     3     3          0.03       43.55       43.58          2.25
 920917   2     4     4          0.02       35.43       35.45          2.42
 920917   3     3     3          0.00       21.33       21.33          2.38
 920917   4     2     2          0.00       17.70       17.70          2.00
 920917   5     2     2          0.00       17.70       17.70          2.00
 920917   6     2     2          0.00       17.70       17.70          2.00
 920917   7     2     2          0.00       17.70       17.70          2.00
 920917   8     2     2          0.00       17.70       17.70          0.73
 920917   9     0     0          0.00        0.00        0.00          0.00
 920917  10     0     0          0.00        0.00        0.00          0.00
 920917  11     0     0          0.00        0.00        0.00          0.00
 920917  12     2     2          0.23       25.02       25.25          0.70
 920917  13    11    11          1.73      279.48      281.22          4.98
 920917  14    26    25          2.58      884.42      887.00         18.87
 920917  15    33    30          6.82     1154.73     1161.55         28.02
 920917  16    35    30          2.78     1067.20     1069.98         28.77
 920917  17    30    29          2.27      947.95      950.22         28.30
 920917  18    30    29          2.25      942.67      944.92         28.08
 920917  19    34    29          2.25      942.67      944.92         28.52
 920917  20    30    29          1.18      895.35      896.48         28.98
 920917  21    32    29          1.18      892.60      893.78         23.42
 920917  22    23    17          0.82      413.35      414.03         13.47
 920917  23    11    10          0.33      280.60      280.72          6.73
 920917  24    12     7          0.48      253.45      253.82          5.03
1
 
                   MAX
            TOTAL  SIM                MAXIMUM CPS                   CONNECT
 DATE  HOUR USERS USERS            IN         OUT       TOTAL         HOURS
 
 
 920918   1     6     5          0.07       64.47       64.53          3.90
 920918   2     5     5          0.07       64.47       64.53          2.85
 920918   3     3     3          0.32      194.18      194.50          2.30
 920918   4     5     4          0.47      227.17      227.63          2.60
 920918   5     3     3          0.23      105.88      106.12          2.08
 920918   6     2     2          0.00       34.37       34.37          2.00
 920918   7     2     2          0.00       34.37       34.37          2.00
 920918   8     2     2          0.00       34.37       34.37          0.65
 920918   9     0     0          0.00        0.00        0.00          0.00
 920918  10     0     0          0.00        0.00        0.00          0.00
 920918  11     0     0          0.00        0.00        0.00          0.00
 920918  12     2     2          0.77       44.85       45.62          1.70
 920918  13    13    11          2.77      383.98      386.75          5.12
 920918  14    28    20          3.08      829.97      833.02         15.52
 920918  15    28    24          4.53     1095.15     1096.98         22.18
 920918  16    33    24          5.83     1069.98     1075.82         22.75
 920918  17    26    23          1.77      891.97      893.73         22.72
 920918  18    25    23          1.47      900.43      901.90         22.55
 920918  19    28    24          1.65      943.92      945.57         22.43
 920918  20    30    24          1.77      998.93     1000.67         23.15
 920918  21    30    22          6.28      825.97      827.23         17.05
 920918  22    15    10          0.57      286.97      287.53          4.77
 920918  23     5     4          0.23      122.60      122.83          1.95
 920918  24     1     1          0.12       25.08       25.20          0.30
1     MAXIMUM OF MAXIMUM SIMULTANEOUS USERS
 
 
                   MAX
            TOTAL  SIM                MAXIMUM CPS                   CONNECT
 DATE  HOUR USERS USERS            IN         OUT       TOTAL         HOURS
 
 920914  15    39    30          6.85     1407.40     1409.42         27.23
 
 
     MAXIMUM OF CONNECT HOURS
 
 
                   MAX
            TOTAL  SIM                MAXIMUM CPS                   CONNECT
 DATE  HOUR USERS USERS            IN         OUT       TOTAL         HOURS
 
 920917  20    30    29          1.18      895.35      896.48         28.98
1
  