1
 
                   MAX
            TOTAL  SIM                MAXIMUM CPS                   CONNECT
 DATE  HOUR USERS USERS            IN         OUT       TOTAL         HOURS
 
 
 920914   1     3     2          0.55      137.03      137.23          1.77
 920914   2     3     2          0.27      137.03      137.23          1.28
 920914   3     1     1          0.00        5.63        5.63          1.00
 920914   4     1     1          0.00        5.63        5.63          1.00
 920914   5     1     1          0.00        5.63        5.63          1.00
 920914   6     1     1          0.00        5.63        5.63          0.13
 920914   7     0     0          0.00        0.00        0.00          0.00
 920914   8     0     0          0.00        0.00        0.00          0.00
 920914   9     0     0          0.00        0.00        0.00          0.00
 920914  10     0     0          0.00        0.00        0.00          0.00
 920914  11     1     1          0.02       29.17       29.18          0.17
 920914  12     2     2          0.22       38.83       39.05          1.37
 920914  13    13    13          0.48      601.65      602.13          6.32
 920914  14    30    25          2.88     1388.68     1391.57         20.15
 920914  15    36    31          6.13     1609.62     1615.30         27.40
 920914  16    37    30         10.23     1586.63     1592.80         28.55
 920914  17    34    29          9.58     1480.70     1486.37         27.08
 920914  18    39    27          8.67     1431.97     1440.45         25.77
 920914  19    35    28         10.20     1401.95     1411.08         26.32
 920914  20    30    29          9.22     1462.88     1472.10         27.95
 920914  21    34    26          9.60     1194.80     1203.98         23.87
 920914  22    25    20          8.97      844.55      853.52         16.22
 920914  23    17    13          3.97      554.03      557.82          8.87
 920914  24     5     5          1.00      111.43      112.43          4.38
1
 
                   MAX
            TOTAL  SIM                MAXIMUM CPS                   CONNECT
 DATE  HOUR USERS USERS            IN         OUT       TOTAL         HOURS
 
 
 920915   1     4     4          0.08       82.53       82.62          3.47
 920915   2     5     4          1.27      107.53      108.03          3.15
 920915   3     4     3          0.20       57.65       57.67          2.88
 920915   4     4     3          0.20       40.15       40.35          2.17
 920915   5     2     2          0.00       20.85       20.85          2.00
 920915   6     2     2          0.00       20.85       20.85          2.00
 920915   7     2     2          0.00       20.85       20.85          2.00
 920915   8     2     2          0.00       20.85       20.85          2.00
 920915   9     2     2          0.00       20.85       20.85          1.13
 920915  10     0     0          0.00        0.00        0.00          0.00
 920915  11     0     0          0.00        0.00        0.00          0.00
 920915  12     1     1          5.67       48.10       53.77          0.07
 920915  13    14    10          5.75      407.23      409.18          5.78
 920915  14    31    26          2.13     1204.82     1206.62         20.97
 920915  15    36    28          1.80     1306.13     1307.52         26.58
 920915  16    31    27          1.12     1154.73     1155.48         26.13
 920915  17    28    27          0.90     1049.53     1050.43         25.13
 920915  18    30    26          0.83     1019.47     1020.22         25.58
 920915  19    30    29          1.18     1044.23     1045.42         27.33
 920915  20    31    30          1.65     1150.60     1152.25         27.20
 920915  21    31    27          1.25      962.07      963.32         24.88
 920915  22    23    22          0.43      669.57      670.00         16.48
 920915  23    13    12          0.17      264.13      264.30         10.85
 920915  24     9     9          0.00      147.85      147.85          8.55
1
 
                   MAX
            TOTAL  SIM                MAXIMUM CPS                   CONNECT
 DATE  HOUR USERS USERS            IN         OUT       TOTAL         HOURS
 
 
 920916   1     8     8          0.00      117.65      117.65          7.83
 920916   2     7     7          0.00      108.57      108.57          7.00
 920916   3     7     7          0.00      108.57      108.57          6.93
 920916   4     6     6          0.00      108.55      108.55          6.00
 920916   5     6     6          0.00      108.55      108.55          6.00
 920916   6     6     6          0.00      108.55      108.55          6.00
 920916   7     6     6          0.00      108.55      108.55          6.00
 920916   8     6     6          0.00      108.55      108.55          1.20
 920916   9     0     0          0.00        0.00        0.00          0.00
 920916  10     0     0          0.00        0.00        0.00          0.00
 920916  11     0     0          0.00        0.00        0.00          0.00
 920916  12     2     2          0.03       32.10       32.13          0.90
 920916  13    14    13         76.73      613.62      690.35          6.85
 920916  14    28    25         74.32     1024.20     1098.52         19.68
 920916  15    37    30         79.27     1190.07     1264.33         27.85
 920916  16    34    29         75.12     1222.72     1224.43         27.60
 920916  17    30    27          1.32     1029.27     1030.53         26.47
 920916  18    35    27          1.28     1037.90     1039.18         25.02
 920916  19    31    28          1.42     1077.98     1079.40         27.27
 920916  20    35    29          1.48     1241.33     1242.82         27.65
 920916  21    32    27          1.38     1042.08     1043.47         23.40
 920916  22    20    20          0.93      545.80      546.73         16.82
 920916  23    11    11          0.72      241.18      241.90          9.93
 920916  24     8     8          0.10      169.73      169.83          6.48
1
 
                   MAX
            TOTAL  SIM                MAXIMUM CPS                   CONNECT
 DATE  HOUR USERS USERS            IN         OUT       TOTAL         HOURS
 
 
 920917   1     5     5          0.08      107.30      107.38          5.00
 920917   2     5     5          0.08      107.30      107.38          5.00
 920917   3     5     5          0.08      107.30      107.38          4.02
 920917   4     4     4          0.03       72.90       72.93          4.00
 920917   5     4     4          0.03       72.90       72.93          4.00
 920917   6     4     4          0.03       72.90       72.93          4.00
 920917   7     4     4          0.03       72.90       72.93          4.00
 920917   8     4     4          0.03       72.90       72.93          1.47
 920917   9     0     0          0.00        0.00        0.00          0.00
 920917  10     0     0          0.00        0.00        0.00          0.00
 920917  11     0     0          0.00        0.00        0.00          0.00
 920917  12     2     2          0.07       98.05       98.12          1.38
 920917  13    13    11          7.03      393.68      394.60          5.22
 920917  14    30    25          5.93     1057.18     1058.60         19.08
 920917  15    37    30          6.62     1380.58     1387.20         27.70
 920917  16    32    30          4.05     1216.17     1220.22         28.57
 920917  17    31    29          1.45     1188.72     1190.17         27.05
 920917  18    31    29          1.30     1136.97     1138.15         27.02
 920917  19    33    29          1.20     1136.97     1138.15         28.37
 920917  20    29    29          1.20     1097.58     1098.78         28.83
 920917  21    29    28          1.18     1023.40     1024.57         23.63
 920917  22    20    18          1.10      566.07      567.15         14.50
 920917  23    10    10          0.80      189.00      189.80          9.02
 920917  24     8     8          0.33      174.25      174.58          7.03
1
 
                   MAX
            TOTAL  SIM                MAXIMUM CPS                   CONNECT
 DATE  HOUR USERS USERS            IN         OUT       TOTAL         HOURS
 
 
 920918   1     6     6          0.00       96.57       96.57          5.55
 920918   2     5     5          0.00       89.90       89.90          5.00
 920918   3     5     5          0.00       89.90       89.90          4.82
 920918   4     4     4          0.00       51.77       51.77          4.00
 920918   5     4     4          0.00       51.77       51.77          4.00
 920918   6     4     4          0.00       51.77       51.77          4.00
 920918   7     4     4          0.00       51.77       51.77          4.00
 920918   8     4     4          0.00       51.77       51.77          1.17
 920918   9     0     0          0.00        0.00        0.00          0.00
 920918  10     0     0          0.00        0.00        0.00          0.00
 920918  11     0     0          0.00        0.00        0.00          0.00
 920918  12     1     1          0.07       24.48       24.55          0.27
 920918  13     9     9          0.30      304.53      304.83          4.37
 920918  14    27    22          1.02      758.88      759.73         16.80
 920918  15    31    25          5.30      938.55      939.55         23.37
 920918  16    31    25          1.57      947.78      949.35         24.03
 920918  17    28    24          0.92      851.72      852.63         23.93
 920918  18    27    25          0.67      842.92      843.58         23.58
 920918  19    27    24          1.53      865.33      866.57         23.27
 920918  20    26    25          0.80      767.25      768.05         23.57
 920918  21    24    23          5.80      709.62      715.42         18.52
 920918  22    12    12          2.15      331.02      333.17          9.12
 920918  23     5     5          1.98      166.08      168.07          3.32
 920918  24     2     2          0.02       60.53       60.55          0.52
1     MAXIMUM OF MAXIMUM SIMULTANEOUS USERS
 
 
                   MAX
            TOTAL  SIM                MAXIMUM CPS                   CONNECT
 DATE  HOUR USERS USERS            IN         OUT       TOTAL         HOURS
 
 920914  15    36    31          6.13     1609.62     1615.30         27.40
 
 
     MAXIMUM OF CONNECT HOURS
 
 
                   MAX
            TOTAL  SIM                MAXIMUM CPS                   CONNECT
 DATE  HOUR USERS USERS            IN         OUT       TOTAL         HOURS
 
 920917  20    29    29          1.20     1097.58     1098.78         28.83
1
  