1
 
                   MAX
            TOTAL  SIM                MAXIMUM CPS                   CONNECT
 DATE  HOUR USERS USERS            IN         OUT       TOTAL         HOURS
 
 
 920330   1     0     0          0.00        0.00        0.00          0.00
 920330   2     0     0          0.00        0.00        0.00          0.00
 920330   3     1     1          0.58       63.63       64.22          0.05
 920330   4     0     0          0.00        0.00        0.00          0.00
 920330   5     0     0          0.00        0.00        0.00          0.00
 920330   6     0     0          0.00        0.00        0.00          0.00
 920330   7     0     0          0.00        0.00        0.00          0.00
 920330   8     0     0          0.00        0.00        0.00          0.00
 920330   9     1     1          0.43       53.23       53.67          0.05
 920330  10     0     0          0.00        0.00        0.00          0.00
 920330  11     0     0          0.00        0.00        0.00          0.00
 920330  12     0     0          0.00        0.00        0.00          0.00
 920330  13     1     1          0.50       94.40       94.90          0.05
 920330  14    11     2          1.43       91.33       92.50          0.50
 920330  15    30     5          2.03      317.32      319.33          1.77
 920330  16   108    13          6.72      690.00      695.38          6.63
 920330  17   205    22         22.62      777.78      785.62         13.68
 920330  18    74    10          5.85      476.98      480.33          5.02
 920330  19    32     4          2.10      167.88      169.20          1.83
 920330  20    31     4          3.32      228.18      229.97          2.32
 920330  21    22     4          2.87      263.63      266.15          1.80
 920330  22    25     4          1.72      188.25      189.35          1.40
 920330  23    15     3         85.07      119.08      120.25          0.97
 920330  24    20     3         38.23      295.32      296.63          1.08
1
 
                   MAX
            TOTAL  SIM                MAXIMUM CPS                   CONNECT
 DATE  HOUR USERS USERS            IN         OUT       TOTAL         HOURS
 
 
 920331   1    21     4          3.13      210.12      211.23          1.12
 920331   2     7     2          1.55      120.10      121.47          0.28
 920331   3     0     0          0.00        0.00        0.00          0.00
 920331   4     0     0          0.00        0.00        0.00          0.00
 920331   5     0     0          0.00        0.00        0.00          0.00
 920331   6     0     0          0.00        0.00        0.00          0.00
 920331   7     1     1          0.78       64.20       64.98          0.03
 920331   8     0     0          0.00        0.00        0.00          0.00
 920331   9     0     0          0.00        0.00        0.00          0.00
 920331  10     0     0          0.00        0.00        0.00          0.00
 920331  11     0     0          0.00        0.00        0.00          0.00
 920331  12     0     0          0.00        0.00        0.00          0.00
 920331  13     3     1          1.25       27.93       29.18          0.07
 920331  14    17     3          2.25      278.62      280.60          0.92
 920331  15    40     5          4.68      521.67      526.35          1.83
 920331  16   117    16          5.63      729.02      733.82          6.52
 920331  17   192    22         25.27      868.28      873.03         13.23
 920331  18    82    11         64.60      407.17      471.77          5.52
 920331  19    50     7         26.13      359.28      361.87          2.80
 920331  20    32     5          3.63      242.13      244.98          2.53
 920331  21    25     5          3.33      217.93      221.27          1.52
 920331  22    24     4         26.15      207.42      208.52          1.38
 920331  23    24     3          1.92      275.33      277.25          1.65
 920331  24    19     4          2.28      426.87      429.15          1.40
1
 
                   MAX
            TOTAL  SIM                MAXIMUM CPS                   CONNECT
 DATE  HOUR USERS USERS            IN         OUT       TOTAL         HOURS
 
 
 920401   1    14     3         35.98      259.92      261.50          1.02
 920401   2     7     2          0.72       58.10       58.82          0.53
 920401   3     3     1          0.67       35.57       35.78          0.18
 920401   4     2     1          0.43       63.45       63.88          0.15
 920401   5     0     0          0.00        0.00        0.00          0.00
 920401   6     0     0          0.00        0.00        0.00          0.00
 920401   7     1     1          0.78       64.20       64.98          0.03
 920401   8     0     0          0.00        0.00        0.00          0.00
 920401   9     1     1          0.33        7.18        7.52          0.32
 920401  10     1     1          0.73       20.17       20.90          0.03
 920401  11     0     0          0.00        0.00        0.00          0.00
 920401  12     0     0          0.00        0.00        0.00          0.00
 920401  13     0     0          0.00        0.00        0.00          0.00
 920401  14    29     4          2.07       59.62       61.50          1.08
 920401  15    47     4         11.37      289.28      293.97          1.87
 920401  16   136    13         20.00      759.15      765.10          7.15
 920401  17   243    29          9.70      867.02      872.78         18.42
 920401  18    93    16         28.37      617.42      643.62          6.83
 920401  19    40     5          3.47      314.62      316.27          2.60
 920401  20    34     4          4.50      215.78      217.32          2.05
 920401  21    24     4          2.78      220.37      221.97          1.78
 920401  22     5     2          2.97      232.20      235.17          0.25
 920401  23    20     3         79.58      227.50      229.40          0.95
 920401  24    14     2          1.08      248.95      249.82          0.77
1
 
                   MAX
            TOTAL  SIM                MAXIMUM CPS                   CONNECT
 DATE  HOUR USERS USERS            IN         OUT       TOTAL         HOURS
 
 
 920402   1    14     3          1.37      192.87      194.23          0.65
 920402   2     3     1          0.70       53.88       54.57          0.12
 920402   3     0     0          0.00        0.00        0.00          0.00
 920402   4     0     0          0.00        0.00        0.00          0.00
 920402   5     0     0          0.00        0.00        0.00          0.00
 920402   6     0     0          0.00        0.00        0.00          0.00
 920402   7     0     0          0.00        0.00        0.00          0.00
 920402   8     0     0          0.00        0.00        0.00          0.00
 920402   9     0     0          0.00        0.00        0.00          0.00
 920402  10     1     1          0.73       15.08       15.82          0.18
 920402  11     0     0          0.00        0.00        0.00          0.00
 920402  12     0     0          0.00        0.00        0.00          0.00
 920402  13     1     1          0.75       34.33       35.08          0.03
 920402  14    17     3          2.23      303.10      305.33          0.90
 920402  15    28     4          3.42      398.95      399.62          1.63
 920402  16    91    10          3.73      494.07      495.68          5.42
 920402  17   194    24         13.83      869.98      880.52         12.98
 920402  18    71    10          6.47      412.78      416.23          3.38
 920402  19    26     5          2.80      177.50      180.30          1.85
 920402  20    29     4          3.77      240.17      241.58          1.80
 920402  21    18     4          2.10      194.98      195.92          0.80
 920402  22    16     3          2.23      178.60      180.83          0.65
 920402  23    18     2         19.23      214.58      215.77          0.95
 920402  24    12     2         27.38       90.13      117.52          0.58
1
 
                   MAX
            TOTAL  SIM                MAXIMUM CPS                   CONNECT
 DATE  HOUR USERS USERS            IN         OUT       TOTAL         HOURS
 
 
 920403   1    14     2          1.85      136.52      137.52          1.07
 920403   2     5     2          1.08      181.62      182.70          0.22
 920403   3     1     1          0.38       56.02       56.40          0.03
 920403   4     1     1          1.42       28.82       30.23          0.02
 920403   5     0     0          0.00        0.00        0.00          0.00
 920403   6     0     0          0.00        0.00        0.00          0.00
 920403   7     0     0          0.00        0.00        0.00          0.00
 920403   8     0     0          0.00        0.00        0.00          0.00
 920403   9     0     0          0.00        0.00        0.00          0.00
 920403  10     0     0          0.00        0.00        0.00          0.00
 920403  11     0     0          0.00        0.00        0.00          0.00
 920403  12     0     0          0.00        0.00        0.00          0.00
 920403  13     1     1          0.68       63.60       64.28          0.02
 920403  14    11     2          1.28      151.03      152.10          0.42
 920403  15    29     4          5.08      302.82      304.93          1.53
 920403  16   104    11         42.08      549.85      584.95          5.65
 920403  17   165    20         31.07      830.23      840.38         11.35
 920403  18    63    11          4.68      422.05      426.73          3.92
 920403  19    40     6         21.80      263.80      266.15          2.20
 920403  20    31     5          4.32      198.30      199.57          1.77
 920403  21    19     5         19.65      245.38      247.10          1.40
 920403  22    16     3         34.88      329.88      332.73          0.90
 920403  23    15     3          1.67      171.07      171.47          0.87
 920403  24     9     2          0.95      111.00      111.72          0.55
1     MAXIMUM OF MAXIMUM SIMULTANEOUS USERS
 
 
                   MAX
            TOTAL  SIM                MAXIMUM CPS                   CONNECT
 DATE  HOUR USERS USERS            IN         OUT       TOTAL         HOURS
 
 920401  17   243    29          9.70      867.02      872.78         18.42
 
 
     MAXIMUM OF CONNECT HOURS
 
 
                   MAX
            TOTAL  SIM                MAXIMUM CPS                   CONNECT
 DATE  HOUR USERS USERS            IN         OUT       TOTAL         HOURS
 
 920401  17   243    29          9.70      867.02      872.78         18.42
1
  