1
 
                   MAX
            TOTAL  SIM                MAXIMUM CPS                   CONNECT
 DATE  HOUR USERS USERS            IN         OUT       TOTAL         HOURS
 
 
 920330   1     0     0          0.00        0.00        0.00          0.00
 920330   2     0     0          0.00        0.00        0.00          0.00
 920330   3     0     0          0.00        0.00        0.00          0.00
 920330   4     0     0          0.00        0.00        0.00          0.00
 920330   5     0     0          0.00        0.00        0.00          0.00
 920330   6     0     0          0.00        0.00        0.00          0.00
 920330   7     0     0          0.00        0.00        0.00          0.00
 920330   8     0     0          0.00        0.00        0.00          0.00
 920330   9     0     0          0.00        0.00        0.00          0.00
 920330  10     1     1          0.40        8.75        9.15          0.30
 920330  11     0     0          0.00        0.00        0.00          0.00
 920330  12     0     0          0.00        0.00        0.00          0.00
 920330  13     3     1          0.70       97.52       97.80          0.13
 920330  14    12     2         20.05      174.98      175.32          0.57
 920330  15    31     5          4.85      314.37      319.22          1.73
 920330  16   104    13          6.00      574.55      577.13          6.32
 920330  17   194    22         64.87      704.82      710.63         13.70
 920330  18    70    12         42.25      515.23      520.68          4.98
 920330  19    29     4          2.22      204.70      206.73          2.30
 920330  20    22     5          2.72      158.23      159.50          2.38
 920330  21    22     4          1.45      299.17      300.62          1.50
 920330  22    29     3          2.73      269.52      271.52          1.60
 920330  23    19     3         35.37      276.70      278.15          1.12
 920330  24    11     3          1.27      158.20      159.47          0.80
1
 
                   MAX
            TOTAL  SIM                MAXIMUM CPS                   CONNECT
 DATE  HOUR USERS USERS            IN         OUT       TOTAL         HOURS
 
 
 920331   1    15     3          2.25      275.60      277.85          0.73
 920331   2     4     2          1.70       89.55       89.77          0.30
 920331   3     0     0          0.00        0.00        0.00          0.00
 920331   4     0     0          0.00        0.00        0.00          0.00
 920331   5     2     1          0.63       51.50       52.13          0.10
 920331   6     0     0          0.00        0.00        0.00          0.00
 920331   7     0     0          0.00        0.00        0.00          0.00
 920331   8     0     0          0.00        0.00        0.00          0.00
 920331   9     0     0          0.00        0.00        0.00          0.00
 920331  10     0     0          0.00        0.00        0.00          0.00
 920331  11     0     0          0.00        0.00        0.00          0.00
 920331  12     0     0          0.00        0.00        0.00          0.00
 920331  13     3     1          0.85       68.43       69.28          0.32
 920331  14    18     3         20.92      188.03      189.98          0.95
 920331  15    30     4          2.73      299.60      302.33          1.95
 920331  16   108    20          8.22     1038.18     1046.40          6.48
 920331  17   195    22         51.97      860.05      866.12         13.35
 920331  18   100    13         50.38      478.87      485.33          5.93
 920331  19    45     6          7.98      240.35      242.02          3.20
 920331  20    33     5         51.68      207.08      209.10          2.65
 920331  21    24     5          2.50      278.92      280.88          1.77
 920331  22    17     5         19.82      315.85      317.48          1.63
 920331  23    21     5          2.38      297.42      298.22          1.62
 920331  24    23     4          1.98      229.10      230.55          1.47
1
 
                   MAX
            TOTAL  SIM                MAXIMUM CPS                   CONNECT
 DATE  HOUR USERS USERS            IN         OUT       TOTAL         HOURS
 
 
 920401   1    18     3          5.98      250.32      252.08          0.85
 920401   2     6     2          0.78       87.95       88.73          0.32
 920401   3     0     0          0.00        0.00        0.00          0.00
 920401   4     1     1          0.37       14.27       14.63          0.07
 920401   5     0     0          0.00        0.00        0.00          0.00
 920401   6     0     0          0.00        0.00        0.00          0.00
 920401   7     0     0          0.00        0.00        0.00          0.00
 920401   8     0     0          0.00        0.00        0.00          0.00
 920401   9     0     0          0.00        0.00        0.00          0.00
 920401  10     0     0          0.00        0.00        0.00          0.00
 920401  11     0     0          0.00        0.00        0.00          0.00
 920401  12     0     0          0.00        0.00        0.00          0.00
 920401  13     3     2          1.60       62.25       63.85          0.07
 920401  14    24     3          2.77      107.43      110.20          0.78
 920401  15    42     5          2.88      153.85      156.12          1.70
 920401  16   142    14         58.48      722.18      727.77          7.30
 920401  17   234    29        138.90      865.70      954.52         18.38
 920401  18   120    13         73.23      665.75      670.30          6.63
 920401  19    35     5          3.55      214.58      216.35          2.32
 920401  20    29     4          2.40      202.33      204.40          1.67
 920401  21    25     4         48.62      302.67      305.28          1.80
 920401  22    35     6         35.73      313.68      316.22          1.85
 920401  23    19     4          1.83      167.95      169.78          1.18
 920401  24    14     3          1.85      249.63      251.48          0.73
1
 
                   MAX
            TOTAL  SIM                MAXIMUM CPS                   CONNECT
 DATE  HOUR USERS USERS            IN         OUT       TOTAL         HOURS
 
 
 920402   1    18     4          1.68      310.33      311.63          1.12
 920402   2     3     1          1.53      179.48      179.88          0.10
 920402   3     0     0          0.00        0.00        0.00          0.00
 920402   4     0     0          0.00        0.00        0.00          0.00
 920402   5     0     0          0.00        0.00        0.00          0.00
 920402   6     0     0          0.00        0.00        0.00          0.00
 920402   7     1     1          0.78       64.20       64.98          0.03
 920402   8     0     0          0.00        0.00        0.00          0.00
 920402   9     0     0          0.00        0.00        0.00          0.00
 920402  10     0     0          0.00        0.00        0.00          0.00
 920402  11     0     0          0.00        0.00        0.00          0.00
 920402  12     0     0          0.00        0.00        0.00          0.00
 920402  13     3     2          1.12      186.73      187.85          0.13
 920402  14    18     3         17.75      326.97      328.98          0.73
 920402  15    38     4          3.40      292.73      294.12          1.60
 920402  16   107    10          5.13      473.50      477.63          5.97
 920402  17   178    23         29.23      791.92      818.67         12.40
 920402  18    48     8          4.12      365.27      368.03          3.18
 920402  19    32     5          3.43      278.12      281.55          1.92
 920402  20    28     3         35.57      205.05      221.80          1.82
 920402  21    15     4         28.07      130.08      158.15          1.27
 920402  22    12     2          1.57      128.25      128.93          0.67
 920402  23    12     3          2.17      168.28      170.27          0.57
 920402  24    16     3          1.97      187.73      188.45          0.77
1
 
                   MAX
            TOTAL  SIM                MAXIMUM CPS                   CONNECT
 DATE  HOUR USERS USERS            IN         OUT       TOTAL         HOURS
 
 
 920403   1    14     2          1.18      192.93      194.12          0.75
 920403   2     0     0          0.00        0.00        0.00          0.00
 920403   3     0     0          0.00        0.00        0.00          0.00
 920403   4     0     0          0.00        0.00        0.00          0.00
 920403   5     0     0          0.00        0.00        0.00          0.00
 920403   6     0     0          0.00        0.00        0.00          0.00
 920403   7     0     0          0.00        0.00        0.00          0.00
 920403   8     0     0          0.00        0.00        0.00          0.00
 920403   9     0     0          0.00        0.00        0.00          0.00
 920403  10     0     0          0.00        0.00        0.00          0.00
 920403  11     1     1          0.78       16.58       17.37          0.15
 920403  12     0     0          0.00        0.00        0.00          0.00
 920403  13     1     1          0.70       56.52       57.22          0.02
 920403  14    18     3          1.97      182.63      184.60          0.88
 920403  15    42     6          5.08      355.35      358.97          1.90
 920403  16    91    10          4.67      479.97      483.83          5.50
 920403  17   195    21         60.52      869.22      875.72         11.93
 920403  18    63    11          4.92      378.63      383.55          3.88
 920403  19    27     6          3.72      341.05      344.77          2.28
 920403  20    27     4          2.48      182.18      183.25          2.30
 920403  21    14     4          1.48      101.90      102.62          1.50
 920403  22    16     3         19.87      161.33      163.95          0.85
 920403  23    15     3          1.35      173.57      174.23          1.02
 920403  24    14     3          2.92      221.30      222.78          0.63
1     MAXIMUM OF MAXIMUM SIMULTANEOUS USERS
 
 
                   MAX
            TOTAL  SIM                MAXIMUM CPS                   CONNECT
 DATE  HOUR USERS USERS            IN         OUT       TOTAL         HOURS
 
 920401  17   234    29        138.90      865.70      954.52         18.38
 
 
     MAXIMUM OF CONNECT HOURS
 
 
                   MAX
            TOTAL  SIM                MAXIMUM CPS                   CONNECT
 DATE  HOUR USERS USERS            IN         OUT       TOTAL         HOURS
 
 920401  17   234    29        138.90      865.70      954.52         18.38
1
  