1
 
                   MAX
            TOTAL  SIM                MAXIMUM CPS                   CONNECT
 DATE  HOUR USERS USERS            IN         OUT       TOTAL         HOURS
 
 
 930607   1     1     1         34.83        3.68       38.52          0.02
 930607   2     0     0          0.00        0.00        0.00          0.00
 930607   3     2     1          0.87       60.92       61.78          0.52
 930607   4     2     1          2.28      138.65      140.93          0.53
 930607   5     0     0          0.00        0.00        0.00          0.00
 930607   6     0     0          0.00        0.00        0.00          0.00
 930607   7     0     0          0.00        0.00        0.00          0.00
 930607   8     0     0          0.00        0.00        0.00          0.00
 930607   9     0     0          0.00        0.00        0.00          0.00
 930607  10     0     0          0.00        0.00        0.00          0.00
 930607  11     1     1          1.43        1.85        3.28          0.03
 930607  12    40     9         22.00      713.18      735.18          3.47
 930607  13   171    24         78.23     1160.73     1178.73         13.52
 930607  14   259    34        107.18     1471.47     1523.20         20.30
 930607  15   241    31        100.32     1244.30     1280.63         20.00
 930607  16   190    25         79.88     1094.10     1126.67         16.55
 930607  17   164    25         54.97     1150.00     1204.70         15.07
 930607  18   150    16         89.82      789.32      866.88         12.07
 930607  19   197    23        108.27     1026.90     1135.17         15.37
 930607  20   236    27         95.88      919.40      983.13         16.83
 930607  21   250    25        165.48      764.30      912.53         17.95
 930607  22   145    17         60.72      575.22      635.93          9.43
 930607  23    90    13        139.43      575.60      628.58          6.52
 930607  24    80    12         69.08      538.98      607.25          5.48
1
 
                   MAX
            TOTAL  SIM                MAXIMUM CPS                   CONNECT
 DATE  HOUR USERS USERS            IN         OUT       TOTAL         HOURS
 
 
 930608   1    25     6         51.58      149.00      173.20          1.92
 930608   2    16     4         33.90       97.38       99.67          0.95
 930608   3     3     1          1.43       41.42       41.97          0.40
 930608   4     0     0          0.00        0.00        0.00          0.00
 930608   5     2     1          2.52        5.47        7.98          0.07
 930608   6     1     1          0.85        0.97        1.82          0.05
 930608   7     0     0          0.00        0.00        0.00          0.00
 930608   8     0     0          0.00        0.00        0.00          0.00
 930608   9     0     0          0.00        0.00        0.00          0.00
 930608  10     0     0          0.00        0.00        0.00          0.00
 930608  11     2     2          1.95      106.28      108.23          0.17
 930608  12    40     5         37.55      284.65      297.55          2.17
 930608  13   145    15         81.80      704.27      719.18          8.43
 930608  14   144    19         60.52      736.02      762.27          9.18
 930608  15   166    22         77.18      735.00      769.00         12.22
 930608  16   178    20         90.17      784.95      825.38         13.87
 930608  17   157    17        105.62      642.17      729.28         10.45
 930608  18   125    14         80.00      519.33      571.82          8.68
 930608  19   147    16        128.05      716.53      821.05          9.58
 930608  20   209    26        125.60      774.85      900.45         14.53
 930608  21   176    18         80.08      664.90      697.85         11.93
 930608  22   120    14         91.68      543.75      577.82          8.17
 930608  23    96    12         85.42      501.47      514.28          6.52
 930608  24    39     8        100.40      318.37      418.57          3.32
1
 
                   MAX
            TOTAL  SIM                MAXIMUM CPS                   CONNECT
 DATE  HOUR USERS USERS            IN         OUT       TOTAL         HOURS
 
 
 930609   1     5     2         22.77      129.20      131.25          0.65
 930609   2     0     0          0.00        0.00        0.00          0.00
 930609   3     3     1          2.43      140.75      143.18          0.13
 930609   4     0     0          0.00        0.00        0.00          0.00
 930609   5     0     0          0.00        0.00        0.00          0.00
 930609   6     1     1          1.98       64.20       66.18          0.08
 930609   7     1     1          0.75        1.47        2.22          0.03
 930609   8     0     0          0.00        0.00        0.00          0.00
 930609   9     0     0          0.00        0.00        0.00          0.00
 930609  10     0     0          0.00        0.00        0.00          0.00
 930609  11     2     1          1.38       29.75       31.07          0.15
 930609  12    30     6         10.70      267.75      274.35          1.78
 930609  13   100    11         62.25      544.78      557.13          5.63
 930609  14   128    13         62.47      637.78      676.32          7.73
 930609  15   100    13         50.60      598.32      623.88          8.07
 930609  16   142    16         68.72      535.07      575.23          9.22
 930609  17   127    17         85.82      604.47      674.35          7.90
 930609  18   120    17         72.72      565.92      630.62          7.92
 930609  19   207    19        137.87      726.95      783.07         12.75
 930609  20   235    22        184.97      633.53      791.77         13.43
 930609  21   195    20        136.03      669.63      753.92         11.92
 930609  22   138    17         87.33      630.52      693.22          8.72
 930609  23    98    12        127.97      505.18      524.85          6.40
 930609  24    40     5         79.38      273.95      284.23          2.50
1
 
                   MAX
            TOTAL  SIM                MAXIMUM CPS                   CONNECT
 DATE  HOUR USERS USERS            IN         OUT       TOTAL         HOURS
 
 
 930610   1     5     2         35.53       58.92       86.13          0.68
 930610   2     3     2          2.30       91.18       93.48          0.25
 930610   3     0     0          0.00        0.00        0.00          0.00
 930610   4     5     2          3.08        7.17       10.25          0.13
 930610   5     0     0          0.00        0.00        0.00          0.00
 930610   6     0     0          0.00        0.00        0.00          0.00
 930610   7     1     1          1.85       84.10       85.95          0.08
 930610   8     0     0          0.00        0.00        0.00          0.00
 930610   9     2     1          1.50       75.20       76.70          0.45
 930610  10     0     0          0.00        0.00        0.00          0.00
 930610  11     0     0          0.00        0.00        0.00          0.00
 930610  12    42     9         15.45      380.28      395.73          1.98
 930610  13    92    13         52.97      441.45      454.70          5.57
 930610  14   119    12         57.80      612.10      638.07          7.00
 930610  15   114    14         40.47      237.18      253.80          4.47
 930610  16   185    17        147.65      757.93      782.37          9.83
 930610  17   150    16        124.57      800.55      831.38          9.52
 930610  18   128    16         76.33      605.45      656.97          9.65
 930610  19   178    21        130.37      692.35      734.52         11.52
 930610  20   242    22        203.93      660.93      864.87         13.25
 930610  21   164    18        108.92      580.02      668.82         10.85
 930610  22   103    15        107.23      321.62      421.53          5.82
 930610  23    89    11        121.40      361.18      378.97          5.78
 930610  24    41    11        111.93      425.38      441.93          3.75
1
 
                   MAX
            TOTAL  SIM                MAXIMUM CPS                   CONNECT
 DATE  HOUR USERS USERS            IN         OUT       TOTAL         HOURS
 
 
 930611   1     7     3         16.12      179.18      182.70          0.82
 930611   2     0     0          0.00        0.00        0.00          0.00
 930611   3     3     2          3.13        3.02        6.15          0.17
 930611   4     1     1          1.33       67.85       69.18          0.12
 930611   5     3     1          2.17       83.38       84.95          0.22
 930611   6     1     1          2.07       93.65       95.72          0.05
 930611   7     0     0          0.00        0.00        0.00          0.00
 930611   8     0     0          0.00        0.00        0.00          0.00
 930611   9     0     0          0.00        0.00        0.00          0.00
 930611  10     0     0          0.00        0.00        0.00          0.00
 930611  11     0     0          0.00        0.00        0.00          0.00
 930611  12    31     7         30.92      459.82      469.07          1.55
 930611  13    97    12         50.33      374.67      408.40          4.92
 930611  14   104    14         74.97      448.02      522.75          7.87
 930611  15   137    20         78.68      929.08      982.65         11.37
 930611  16   166    21        104.75      793.63      851.83         13.28
 930611  17   121    15         70.55      583.80      621.82          9.12
 930611  18   132    16        108.88      549.02      585.00          8.97
 930611  19   130    18        126.22      656.58      691.40          9.55
 930611  20   193    18        171.62      569.72      713.92         12.30
 930611  21   170    20        139.37      563.42      696.67         11.95
 930611  22   123    17        114.47      376.52      452.20          7.72
 930611  23    57     9         51.45      348.30      370.30          4.17
 930611  24    25     4         97.03      200.83      248.55          1.10
1     MAXIMUM OF MAXIMUM SIMULTANEOUS USERS
 
 
                   MAX
            TOTAL  SIM                MAXIMUM CPS                   CONNECT
 DATE  HOUR USERS USERS            IN         OUT       TOTAL         HOURS
 
 930607  14   259    34        107.18     1471.47     1523.20         20.30
 
 
     MAXIMUM OF CONNECT HOURS
 
 
                   MAX
            TOTAL  SIM                MAXIMUM CPS                   CONNECT
 DATE  HOUR USERS USERS            IN         OUT       TOTAL         HOURS
 
 930607  14   259    34        107.18     1471.47     1523.20         20.30
1
  