   2677   6647      0    126
   7260   7759      0    126
   7257   7533      0    126
   7361   8339      0    126
   7316   7881      0  10534
   5367   2895      0  10535
  11104   9144      0    126
   3454  11928      0  10522
  10356   2064      0  10535
  11744   5831      0  10522
   5607    445      0  10535
  11223   9693      0  10535
  11361   2083      0  10535
  13072  13777      0  10535
   4736   7540      0  10535
   2372   6266      0    126
   3014   1489      0  10535
   3327  13097      0  10535
   3326  13096      0  10535
  11225   9699      0  10535
   2740   4559      0  10535
   4267  11344      0  10535
   3627   8710      0  10522
  12650   6543      0  10535
  12207  10055      0  10535
   4370  13099      0  10535
  12655   9333      0  10535
   3335   2702      0  10535
   4723   5589      0  10535
   6431   8874      0  10535
   7266    973      0  10535
  11302   5778      0  10535
   6131  11835      0  10535
  12423   7229      0  10522
   2121  14962      0  10535
  11074   1570      0  10535
  11175  14961      0  10535
   7077  13776      0  10535
  10302  11517      0  10535
   4115  13098      0  10535
   2472  13715      0  10535
   4553  12758      0  10535
  13426  15130      0  10535
   7443  14472      0  10535
   7425  14471      0  10535
  12161   8714      0  10535
  12162  14476      0  10535
   5024   3283      0  10535
  11206   9558      0  10522
  11446   5795      0  10535
  11312   9036      0  10535
  12072  14104      0  10535
   2027  14445      0  10535
  11665  10588      0  10535
  12074  14118      0  10535
  12025   8976      0  10535
  10401  13007      0  10535
  10404  13008      0  10535
  12772   6274      0  10535
  13510  15279      0  10535
   7663  11836      0  10535
  11222   9680      0  10535
   7135    444      0  10535
  12623   3374      0  10534
   4670  14573      0  10535
   3273  14572      0  10535
  10606  13352      0  10552
  11141    986      0  10535
  12043  12864      0  10535
   6363  12863      0  10535
  12744   5938      0  10561
  10702  13380      0  10552
  11742  13181      0  10552
  12673    297      0  10522
   2560  13720      0  10535
   4652  14158      0  10535
  10166    459      0  10522
   3733   7037      0  10535
   5363   6021      0  10535
   3444   8973      0  10535
   6111   1352      0  10535
  13174  14352      0  10535
   5651   1490      0  10522
  12430  12608      0  10522
  10173   4141      0  10535
   5117   3467      0  10535
   2561  13721      0  10535
  11464   5169      0  10535
   2040   3840      0  10522
   2061   3770      0  10535
   2413  11837      0  10535
  11736   5521      0  10535
  10535  13333      0  10561
   5165   8171      0  10535
   3462   8291      0  10535
  12675   1428      0  10535
  12676   1617      0  10535
   5316   2379      0  10535
   4105   2198      0  10535
   2064   2504      0  10535
   4334  15341      0  10535
   7200  15342      0  10535
   3323   4192      0  10535
   4146   4089      0  10535
  13470  15216      0  10535
  12416  12551      0  10535
  12674    490      0  10535
  13507  15278      0  10535
   4274    982      0  10535
  10035  12294      0  10552
   7476  13128      0  10552
  10607  13362      0  10561
  11745  13549      0  10535
  13334   3386      0  10535
   2447   1883      0  10535
   5205   4470      0  10535
   7177   3025      0  10535
   4034   9473      0  10535
   3730  15255      0  10535
  12055  11007      0  10535
  12056   6624      0  10535
  10101    775      0  10552
  11246  13129      0  10552
  12605  14413      0  10561
  12371  12072      0  10535
   6560  13678      0  10535
  13224  14727      0  10535
  13522  15354      0  10561
  13223  14726      0  10535
  11406  14435      0  10535
