1
 
                   MAX
            TOTAL  SIM                MAXIMUM CPS                   CONNECT
 DATE  HOUR USERS USERS            IN         OUT       TOTAL         HOURS
 
 
 900723   1     4     1          2.57      137.88      140.45          0.33
 900723   2     0     0          0.00        0.00        0.00          0.00
 900723   3     0     0          0.00        0.00        0.00          0.00
 900723   4     0     0          0.00        0.00        0.00          0.00
 900723   5     0     0          0.00        0.00        0.00          0.00
 900723   6     0     0          0.00        0.00        0.00          0.00
 900723   7     0     0          0.00        0.00        0.00          0.00
 900723   8     0     0          0.00        0.00        0.00          0.00
 900723   9     0     0          0.00        0.00        0.00          0.00
 900723  10     0     0          0.00        0.00        0.00          0.00
 900723  11     0     0          0.00        0.00        0.00          0.00
 900723  12     1     1          1.02        0.52        1.53          0.02
 900723  13    19     8         27.53      224.43      251.97          2.87
 900723  14    26    11         30.57      263.67      294.23          7.82
 900723  15    36    11         18.35      102.77      119.80          8.15
 900723  16    34     9         18.05      190.47      208.52          6.65
 900723  17    21    10         11.78      132.77      143.37          7.95
 900723  18    18     8         11.25      137.33      146.07          5.80
 900723  19    22     6         12.33      101.80      107.53          3.37
 900723  20    48    12         29.92      280.73      310.65          6.57
 900723  21    16     6         28.07      104.48      131.68          3.68
 900723  22     4     2          5.43      187.92      193.35          0.42
 900723  23     2     2          5.43      187.92      193.35          0.98
 900723  24     1     1          0.40       16.73       17.13          0.17
1
 
                   MAX
            TOTAL  SIM                MAXIMUM CPS                   CONNECT
 DATE  HOUR USERS USERS            IN         OUT       TOTAL         HOURS
 
 
 900724   1     1     1          0.40       16.73       17.13          1.00
 900724   2     1     1          0.40       16.73       17.13          0.42
 900724   3     1     1          2.43      103.62      106.05          0.05
 900724   4     0     0          0.00        0.00        0.00          0.00
 900724   5     0     0          0.00        0.00        0.00          0.00
 900724   6     0     0          0.00        0.00        0.00          0.00
 900724   7     0     0          0.00        0.00        0.00          0.00
 900724   8     0     0          0.00        0.00        0.00          0.00
 900724   9     0     0          0.00        0.00        0.00          0.00
 900724  10     0     0          0.00        0.00        0.00          0.00
 900724  11     2     1          2.07      143.73      145.80          0.15
 900724  12     1     1          0.70       19.75       20.45          0.20
 900724  13    19     7         15.12      289.25      304.37          4.15
 900724  14    31     9         33.40      220.30      253.70          6.47
 900724  15    26     9         22.88      343.17      366.05          5.93
 900724  16    33    15         18.62      299.17      317.78          9.97
 900724  17    28     7         11.23      106.13      115.25          5.90
 900724  18    16     9         15.78      119.73      135.52          5.52
 900724  19    16     8          8.97      145.18      153.80          2.92
 900724  20    20     8         13.25      110.02      116.97          5.57
 900724  21     9     6         30.33       79.78      110.12          3.02
 900724  22     6     5         24.22       81.25      105.47          1.70
 900724  23     2     2         11.73      100.75      112.48          0.25
 900724  24     2     1          3.48       48.20       51.68          0.05
1
 
                   MAX
            TOTAL  SIM                MAXIMUM CPS                   CONNECT
 DATE  HOUR USERS USERS            IN         OUT       TOTAL         HOURS
 
 
 900725   1     1     1          0.42       12.87       13.28          0.08
 900725   2     1     1          0.42       12.87       13.28          0.40
 900725   3     2     1          1.88       47.55       48.42          0.65
 900725   4     2     2          4.07      189.03      193.10          1.10
 900725   5     0     0          0.00        0.00        0.00          0.00
 900725   6     0     0          0.00        0.00        0.00          0.00
 900725   7     0     0          0.00        0.00        0.00          0.00
 900725   8     0     0          0.00        0.00        0.00          0.00
 900725   9     0     0          0.00        0.00        0.00          0.00
 900725  10     0     0          0.00        0.00        0.00          0.00
 900725  11     0     0          0.00        0.00        0.00          0.00
 900725  12     2     1          5.40       43.45       48.85          0.25
 900725  13    24     9         19.55      363.82      383.37          3.63
 900725  14    36    10         23.80      327.60      341.70          5.45
 900725  15    30    10         32.85      127.85      160.70          7.73
 900725  16    29     8         17.95      179.95      192.17          5.60
 900725  17    20     8         19.08      138.22      149.78          4.97
 900725  18    13     5         13.77      138.22      148.08          2.60
 900725  19    24     9         19.80      145.55      158.32          5.88
 900725  20    17     9         14.55      168.92      183.42          3.88
 900725  21    14     4         17.90       81.78       99.68          1.93
 900725  22     3     2         15.82       26.13       41.95          0.55
 900725  23     1     1          0.95       19.92       20.87          0.42
 900725  24     0     0          0.00        0.00        0.00          0.00
1
 
                   MAX
            TOTAL  SIM                MAXIMUM CPS                   CONNECT
 DATE  HOUR USERS USERS            IN         OUT       TOTAL         HOURS
 
 
 900726   1     0     0          0.00        0.00        0.00          0.00
 900726   2     0     0          0.00        0.00        0.00          0.00
 900726   3     0     0          0.00        0.00        0.00          0.00
 900726   4     0     0          0.00        0.00        0.00          0.00
 900726   5     0     0          0.00        0.00        0.00          0.00
 900726   6     0     0          0.00        0.00        0.00          0.00
 900726   7     0     0          0.00        0.00        0.00          0.00
 900726   8     0     0          0.00        0.00        0.00          0.00
 900726   9     0     0          0.00        0.00        0.00          0.00
 900726  10     0     0          0.00        0.00        0.00          0.00
 900726  11     0     0          0.00        0.00        0.00          0.00
 900726  12     2     1          1.02       24.13       25.00          0.08
 900726  13    16     6         30.67      250.05      264.28          2.47
 900726  14    32     8         27.78      179.13      196.78          6.25
 900726  15    27     8         25.42      121.87      138.22          5.72
 900726  16    37    14         56.23      363.23      378.82          9.02
 900726  17    25    13         25.83      246.68      272.52          6.93
 900726  18    14     7          5.05      119.47      124.52          5.20
 900726  19    19     8          8.93      191.88      200.82          5.90
 900726  20    20     7         27.18      204.70      212.08          4.53
 900726  21    16     7         50.92      192.28      243.20          4.12
 900726  22     8     2         18.55       56.03       74.58          0.72
 900726  23     0     0          0.00        0.00        0.00          0.00
 900726  24     0     0          0.00        0.00        0.00          0.00
1
 
                   MAX
            TOTAL  SIM                MAXIMUM CPS                   CONNECT
 DATE  HOUR USERS USERS            IN         OUT       TOTAL         HOURS
 
 
 900727   1     2     1          1.93        6.63        8.57          0.05
 900727   2     2     1          2.38      118.67      121.05          0.25
 900727   3     0     0          0.00        0.00        0.00          0.00
 900727   4     0     0          0.00        0.00        0.00          0.00
 900727   5     0     0          0.00        0.00        0.00          0.00
 900727   6     0     0          0.00        0.00        0.00          0.00
 900727   7     0     0          0.00        0.00        0.00          0.00
 900727   8     0     0          0.00        0.00        0.00          0.00
 900727   9     0     0          0.00        0.00        0.00          0.00
 900727  10     0     0          0.00        0.00        0.00          0.00
 900727  11     0     0          0.00        0.00        0.00          0.00
 900727  12     4     2          7.25       86.48       93.73          0.30
 900727  13    14     7         25.28      321.58      345.12          2.95
 900727  14    36    12         29.85      367.58      397.43          7.38
 900727  15    31    11         29.75      242.83      272.58          7.12
 900727  16    28    12         15.48      224.47      239.95          9.03
 900727  17    24    10         15.97      145.82      161.78          6.30
 900727  18    19     8         19.52      124.48      144.00          5.40
 900727  19    20    10         22.37      167.57      176.43          5.18
 900727  20    28     9         35.93      116.57      147.45          5.62
 900727  21    10     6         26.75       90.98      104.67          1.82
 900727  22     1     1          0.12        1.65        1.77          0.50
 900727  23     0     0          0.00        0.00        0.00          0.00
 900727  24     4     1          2.77       29.47       32.23          0.12
1     MAXIMUM OF MAXIMUM SIMULTANEOUS USERS
 
 
                   MAX
            TOTAL  SIM                MAXIMUM CPS                   CONNECT
 DATE  HOUR USERS USERS            IN         OUT       TOTAL         HOURS
 
 900724  16    33    15         18.62      299.17      317.78          9.97
 
 
     MAXIMUM OF CONNECT HOURS
 
 
                   MAX
            TOTAL  SIM                MAXIMUM CPS                   CONNECT
 DATE  HOUR USERS USERS            IN         OUT       TOTAL         HOURS
 
 900724  16    33    15         18.62      299.17      317.78          9.97
1
  