1
 
                   MAX
            TOTAL  SIM                MAXIMUM CPS                   CONNECT
 DATE  HOUR USERS USERS            IN         OUT       TOTAL         HOURS
 
 
 910930   1     1     1          1.08        0.50        1.58          0.03
 910930   2    31     3          3.25        1.50        4.75          0.55
 910930   3     0     0          0.00        0.00        0.00          0.00
 910930   4     0     0          0.00        0.00        0.00          0.00
 910930   5     0     0          0.00        0.00        0.00          0.00
 910930   6     0     0          0.00        0.00        0.00          0.00
 910930   7    14     3          3.20        1.50        4.70          0.27
 910930   8     8     2          2.17        1.00        3.17          0.13
 910930   9     4     2          2.12        1.00        3.12          0.07
 910930  10     1     1          1.08        0.50        1.58          0.02
 910930  11     2     2          2.17        1.00        3.17          0.03
 910930  12     0     0          0.00        0.00        0.00          0.00
 910930  13     4     2          2.17        1.00        3.17          0.07
 910930  14    11     1          1.08        0.50        1.58          0.22
 910930  15     9     2          2.12        1.60        3.12          0.18
 910930  16     5     1          1.08        0.50        1.58          0.08
 910930  17     1     1          1.08        0.50        1.58          0.02
 910930  18     0     0          0.00        0.00        0.00          0.00
 910930  19     0     0          0.00        0.00        0.00          0.00
 910930  20     0     0          0.00        0.00        0.00          0.00
 910930  21     0     0          0.00        0.00        0.00          0.00
 910930  22     0     0          0.00        0.00        0.00          0.00
 910930  23     0     0          0.00        0.00        0.00          0.00
 910930  24     0     0          0.00        0.00        0.00          0.00
1
 
                   MAX
            TOTAL  SIM                MAXIMUM CPS                   CONNECT
 DATE  HOUR USERS USERS            IN         OUT       TOTAL         HOURS
 
 
 911001   1     0     0          0.00        0.00        0.00          0.00
 911001   2     0     0          0.00        0.00        0.00          0.00
 911001   3     0     0          0.00        0.00        0.00          0.00
 911001   4     0     0          0.00        0.00        0.00          0.00
 911001   5     3     2          2.12        1.00        3.12          0.05
 911001   6     0     0          0.00        0.00        0.00          0.00
 911001   7     7     3          3.20        1.50        4.70          0.12
 911001   8     4     1          1.08        0.50        1.58          0.07
 911001   9     2     1          1.08        0.50        1.58          0.03
 911001  10     4     1          1.13        0.50        1.63          0.07
 911001  11     1     1          1.13        0.50        1.63          0.02
 911001  12     2     1          1.13        0.50        1.63          0.03
 911001  13     0     0          0.00        0.00        0.00          0.00
 911001  14     1     1          0.68        4.15        4.83          0.43
 911001  15     2     2          5.80       55.83       61.63          1.12
 911001  16     3     2          2.70       23.85       26.55          1.60
 911001  17     3     2          2.48       14.20       16.68          1.20
 911001  18     1     1          0.68        4.15        4.83          1.00
 911001  19     1     1          0.68        4.15        4.83          1.00
 911001  20     1     1          0.68        4.15        4.83          1.00
 911001  21     1     1          0.68        4.15        4.83          1.00
 911001  22     1     1          0.68        4.15        4.83          1.00
 911001  23     1     1          0.68        4.15        4.83          1.00
 911001  24     1     1          0.68        4.15        4.83          0.98
1
 
                   MAX
            TOTAL  SIM                MAXIMUM CPS                   CONNECT
 DATE  HOUR USERS USERS            IN         OUT       TOTAL         HOURS
 
 
 911002   1     4     3         17.63       16.00       33.63          1.20
 911002   2     4     3         17.23       65.98       83.22          1.52
 911002   3     5     3          4.18       26.62       28.83          1.57
 911002   4     1     1          0.68        4.15        4.83          1.00
 911002   5     1     1          0.68        4.15        4.83          1.00
 911002   6     1     1          0.68        4.15        4.83          1.00
 911002   7     3     3         25.27      268.93      294.20          1.07
 911002   8     1     1          0.68        4.15        4.83          1.00
 911002   9     6     4         73.47       77.00       87.80          1.50
 911002  10     4     2          5.05       41.22       44.33          1.47
 911002  11     5     2         15.67       63.57       79.23          1.30
 911002  12     1     1          1.03        6.00        7.03          1.00
 911002  13     3     3         19.45       81.20      100.65          1.08
 911002  14     2     2          2.25       29.53       31.78          1.37
 911002  15     3     2          2.25       29.53       31.78          0.58
 911002  16     2     1         11.60       52.47       64.07          0.60
 911002  17     0     0          0.00        0.00        0.00          0.00
 911002  18     0     0          0.00        0.00        0.00          0.00
 911002  19     0     0          0.00        0.00        0.00          0.00
 911002  20     0     0          0.00        0.00        0.00          0.00
 911002  21     0     0          0.00        0.00        0.00          0.00
 911002  22     0     0          0.00        0.00        0.00          0.00
 911002  23     0     0          0.00        0.00        0.00          0.00
 911002  24     0     0          0.00        0.00        0.00          0.00
1
 
                   MAX
            TOTAL  SIM                MAXIMUM CPS                   CONNECT
 DATE  HOUR USERS USERS            IN         OUT       TOTAL         HOURS
 
 
 911003   1     2     1         13.18        9.98       23.17          0.07
 911003   2     0     0          0.00        0.00        0.00          0.00
 911003   3     0     0          0.00        0.00        0.00          0.00
 911003   4     0     0          0.00        0.00        0.00          0.00
 911003   5     0     0          0.00        0.00        0.00          0.00
 911003   6     0     0          0.00        0.00        0.00          0.00
 911003   7     5     2         95.02      258.10      270.72          0.30
 911003   8     0     0          0.00        0.00        0.00          0.00
 911003   9     0     0          0.00        0.00        0.00          0.00
 911003  10     2     2         11.43       30.48       41.92          0.20
 911003  11     0     0          0.00        0.00        0.00          0.00
 911003  12     0     0          0.00        0.00        0.00          0.00
 911003  13     0     0          0.00        0.00        0.00          0.00
 911003  14     1     1          6.00       44.98       50.98          0.08
 911003  15     2     2          4.97       54.88       59.85          0.17
 911003  16     1     1          0.57        4.52        5.08          0.90
 911003  17     1     1          9.77       52.53       62.30          0.05
 911003  18     1     1         10.03       50.52       60.55          0.05
 911003  19     0     0          0.00        0.00        0.00          0.00
 911003  20     0     0          0.00        0.00        0.00          0.00
 911003  21     0     0          0.00        0.00        0.00          0.00
 911003  22     0     0          0.00        0.00        0.00          0.00
 911003  23     0     0          0.00        0.00        0.00          0.00
 911003  24     0     0          0.00        0.00        0.00          0.00
1
 
                   MAX
            TOTAL  SIM                MAXIMUM CPS                   CONNECT
 DATE  HOUR USERS USERS            IN         OUT       TOTAL         HOURS
 
 
 911004   1     2     1         13.23        9.98       23.22          0.07
 911004   2     2     2         16.95       11.85       28.80          0.08
 911004   3     0     0          0.00        0.00        0.00          0.00
 911004   4     0     0          0.00        0.00        0.00          0.00
 911004   5     0     0          0.00        0.00        0.00          0.00
 911004   6     0     0          0.00        0.00        0.00          0.00
 911004   7     2     2         19.95      155.62      175.57          0.08
 911004   8     2     2         70.17       12.40       82.57          0.18
 911004   9     0     0          0.00        0.00        0.00          0.00
 911004  10     3     1          6.02       56.02       62.03          0.53
 911004  11     0     0          0.00        0.00        0.00          0.00
 911004  12     1     1          4.48       22.52       27.00          0.08
 911004  13     0     0          0.00        0.00        0.00          0.00
 911004  14     2     2         11.02       59.08       70.10          0.07
 911004  15     3     2          4.02       23.03       27.05          0.87
 911004  16     2     2          5.13       38.52       43.65          1.97
 911004  17     3     3          5.18       38.55       43.73          1.80
 911004  18     1     1          0.05        0.03        0.08          1.00
 911004  19     2     2          1.13        0.53        1.67          0.72
 911004  20     0     0          0.00        0.00        0.00          0.00
 911004  21     0     0          0.00        0.00        0.00          0.00
 911004  22     0     0          0.00        0.00        0.00          0.00
 911004  23     0     0          0.00        0.00        0.00          0.00
 911004  24     0     0          0.00        0.00        0.00          0.00
1     MAXIMUM OF MAXIMUM SIMULTANEOUS USERS
 
 
                   MAX
            TOTAL  SIM                MAXIMUM CPS                   CONNECT
 DATE  HOUR USERS USERS            IN         OUT       TOTAL         HOURS
 
 911002   9     6     4         73.47       77.00       87.80          1.50
 
 
     MAXIMUM OF CONNECT HOURS
 
 
                   MAX
            TOTAL  SIM                MAXIMUM CPS                   CONNECT
 DATE  HOUR USERS USERS            IN         OUT       TOTAL         HOURS
 
 911004  16     2     2          5.13       38.52       43.65          1.97
1
  