1
 
                   MAX
            TOTAL  SIM                MAXIMUM CPS                   CONNECT
 DATE  HOUR USERS USERS            IN         OUT       TOTAL         HOURS
 
 
 910930   1     7     7          0.35        7.02        7.37          7.00
 910930   2     7     7          0.35        7.02        7.37          7.00
 910930   3     8     8          0.35        7.02        7.37          7.25
 910930   4     7     7          0.35        7.02        7.37          7.00
 910930   5     7     7          0.35        7.02        7.37          7.00
 910930   6     7     7          0.35        7.02        7.37          7.00
 910930   7     7     7          0.35        7.02        7.37          7.00
 910930   8     7     7          0.35        7.02        7.37          7.00
 910930   9     7     7          0.35        7.02        7.37          7.00
 910930  10     7     7          0.35        7.02        7.37          7.00
 910930  11     7     7          0.35        7.02        7.37          7.00
 910930  12     7     7          0.35        7.02        7.37          7.00
 910930  13     7     7          0.35        7.02        7.37          7.00
 910930  14     7     7          0.35        7.02        7.37          7.00
 910930  15     7     7          0.35        7.02        7.37          4.55
 910930  16     7     7          2.60       26.48       29.08          3.45
 910930  17     4     4          1.32       25.28       26.60          4.00
 910930  18     4     4          1.32       25.28       26.60          4.00
 910930  19     4     4          1.32       25.28       26.60          4.00
 910930  20     4     4          1.32       25.28       26.60          4.00
 910930  21     4     4          1.32       25.28       26.60          4.00
 910930  22     4     4          1.32       25.28       26.60          4.00
 910930  23     4     4          1.32       25.28       26.60          4.00
 910930  24     4     4          1.32       25.28       26.60          3.93
1
 
                   MAX
            TOTAL  SIM                MAXIMUM CPS                   CONNECT
 DATE  HOUR USERS USERS            IN         OUT       TOTAL         HOURS
 
 
 911001   1     4     4          1.32       25.28       26.60          4.00
 911001   2     4     4          1.32       25.28       26.60          4.00
 911001   3     4     4          1.32       25.28       26.60          4.00
 911001   4     4     4          1.32       25.28       26.60          4.00
 911001   5     4     4          1.32       25.28       26.60          4.00
 911001   6     4     4          1.32       25.28       26.60          4.00
 911001   7     4     4          1.32       25.28       26.60          4.00
 911001   8     6     4          1.40       25.28       26.60          3.97
 911001   9     4     4          1.23       24.15       25.38          4.00
 911001  10     4     4          1.23       24.15       25.38          4.00
 911001  11     4     4          1.23       24.15       25.38          4.00
 911001  12     4     4          1.23       24.15       25.38          4.00
 911001  13     4     4          1.23       24.15       25.38          4.00
 911001  14     4     4          1.23       24.15       25.38          4.00
 911001  15     4     4          1.23       24.15       25.38          4.00
 911001  16     4     4          1.23       24.15       25.38          4.00
 911001  17     4     4          1.23       24.15       25.38          4.00
 911001  18     6     4          1.23       24.15       25.38          4.00
 911001  19     4     4          1.23       24.03       25.27          4.00
 911001  20     4     4          1.23       24.03       25.27          4.00
 911001  21     4     4          1.23       24.03       25.27          4.00
 911001  22     4     4          1.23       24.03       25.27          4.00
 911001  23     4     4          1.23       24.03       25.27          4.00
 911001  24     4     4          1.23       24.03       25.27          3.93
1
 
                   MAX
            TOTAL  SIM                MAXIMUM CPS                   CONNECT
 DATE  HOUR USERS USERS            IN         OUT       TOTAL         HOURS
 
 
 911002   1     4     4          1.23       24.03       25.27          4.00
 911002   2     4     4          1.23       24.03       25.27          4.00
 911002   3     4     4          1.23       24.03       25.27          4.00
 911002   4     4     4          1.23       24.03       25.27          3.27
 911002   5     3     3          0.80       19.78       20.58          3.00
 911002   6     3     3          0.80       19.78       20.58          3.00
 911002   7     3     3          0.80       19.78       20.58          3.00
 911002   8     3     3          0.80       19.78       20.58          3.00
 911002   9     3     3          0.80       19.78       20.58          3.00
 911002  10     3     3          0.80       19.78       20.58          2.48
 911002  11     2     2          0.70       17.25       17.95          2.00
 911002  12     2     2          0.70       17.25       17.95          2.00
 911002  13     2     2          0.70       17.25       17.95          2.00
 911002  14     2     2          0.70       17.25       17.95          2.00
 911002  15     2     2          0.70       17.25       17.95          2.00
 911002  16     2     2          0.70       17.25       17.95          2.00
 911002  17     2     2          0.70       17.25       17.95          2.00
 911002  18     2     2          0.70       17.25       17.95          2.00
 911002  19     2     2          0.70       17.25       17.95          2.00
 911002  20     2     2          0.70       17.25       17.95          2.00
 911002  21     2     2          0.70       17.25       17.95          2.00
 911002  22     2     2          0.70       17.25       17.95          2.00
 911002  23     2     2          0.70       17.25       17.95          2.00
 911002  24     2     2          0.70       17.25       17.95          1.97
1
 
                   MAX
            TOTAL  SIM                MAXIMUM CPS                   CONNECT
 DATE  HOUR USERS USERS            IN         OUT       TOTAL         HOURS
 
 
 911003   1     2     2          0.70       17.25       17.95          2.00
 911003   2     2     2          0.70       17.25       17.95          2.00
 911003   3     2     2          0.70       17.25       17.95          2.00
 911003   4     2     2          0.70       17.25       17.95          2.00
 911003   5     2     2          0.70       17.25       17.95          2.00
 911003   6     3     2          0.70       17.25       17.95          2.00
 911003   7     2     2          0.23        5.02        5.25          2.00
 911003   8     2     2          0.23        5.02        5.25          2.00
 911003   9     2     2          0.23        5.02        5.25          2.00
 911003  10     2     2          0.23        5.02        5.25          2.00
 911003  11     2     2          0.23        5.02        5.25          2.00
 911003  12     2     2          0.23        5.02        5.25          2.00
 911003  13     2     2          0.23        5.02        5.25          2.00
 911003  14     2     2          0.23        5.02        5.25          2.00
 911003  15     3     2          0.80       14.47       15.27          2.00
 911003  16     2     2          0.80       14.47       15.27          2.00
 911003  17     2     2          0.80       14.47       15.27          2.00
 911003  18     2     2          0.80       14.47       15.27          2.00
 911003  19     2     2          0.80       14.47       15.27          2.00
 911003  20     2     2          0.80       14.47       15.27          2.00
 911003  21     3     2          0.80       14.47       15.27          1.97
 911003  22     2     2          0.72       12.80       13.52          2.00
 911003  23     2     2          0.72       12.80       13.52          2.00
 911003  24     2     2          0.72       12.80       13.52          1.97
1
 
                   MAX
            TOTAL  SIM                MAXIMUM CPS                   CONNECT
 DATE  HOUR USERS USERS            IN         OUT       TOTAL         HOURS
 
 
 911004   1     2     2          0.72       12.80       13.52          2.00
 911004   2     2     2          0.72       12.80       13.52          2.00
 911004   3     3     2          0.72       12.80       13.52          1.73
 911004   4     1     1          0.15        3.35        3.50          1.00
 911004   5     1     1          0.15        3.35        3.50          1.00
 911004   6     1     1          0.15        3.35        3.50          1.00
 911004   7     1     1          0.15        3.35        3.50          1.00
 911004   8     1     1          0.15        3.35        3.50          1.00
 911004   9     1     1          0.15        3.35        3.50          1.00
 911004  10     1     1          0.15        3.35        3.50          1.00
 911004  11     1     1          0.15        3.35        3.50          1.00
 911004  12     1     1          0.15        3.35        3.50          1.00
 911004  13     1     1          0.15        3.35        3.50          1.00
 911004  14     1     1          0.15        3.35        3.50          1.00
 911004  15     1     1          0.15        3.35        3.50          1.00
 911004  16     1     1          0.15        3.35        3.50          1.00
 911004  17     1     1          0.15        3.35        3.50          0.13
 911004  18     0     0          0.00        0.00        0.00          0.00
 911004  19     0     0          0.00        0.00        0.00          0.00
 911004  20     0     0          0.00        0.00        0.00          0.00
 911004  21     0     0          0.00        0.00        0.00          0.00
 911004  22     0     0          0.00        0.00        0.00          0.00
 911004  23     0     0          0.00        0.00        0.00          0.00
 911004  24     0     0          0.00        0.00        0.00          0.00
1     MAXIMUM OF MAXIMUM SIMULTANEOUS USERS
 
 
                   MAX
            TOTAL  SIM                MAXIMUM CPS                   CONNECT
 DATE  HOUR USERS USERS            IN         OUT       TOTAL         HOURS
 
 910930   3     8     8          0.35        7.02        7.37          7.25
 
 
     MAXIMUM OF CONNECT HOURS
 
 
                   MAX
            TOTAL  SIM                MAXIMUM CPS                   CONNECT
 DATE  HOUR USERS USERS            IN         OUT       TOTAL         HOURS
 
 910930   3     8     8          0.35        7.02        7.37          7.25
1
  