1
 
                   MAX
            TOTAL  SIM                MAXIMUM CPS                   CONNECT
 DATE  HOUR USERS USERS            IN         OUT       TOTAL         HOURS
 
 
 900716   1     0     0          0.00        0.00        0.00          0.00
 900716   2     0     0          0.00        0.00        0.00          0.00
 900716   3     4     2          3.40        3.20        6.60          0.13
 900716   4     2     2          1.10        0.95        2.05          0.10
 900716   5     0     0          0.00        0.00        0.00          0.00
 900716   6     0     0          0.00        0.00        0.00          0.00
 900716   7     0     0          0.00        0.00        0.00          0.00
 900716   8     0     0          0.00        0.00        0.00          0.00
 900716   9     0     0          0.00        0.00        0.00          0.00
 900716  10     0     0          0.00        0.00        0.00          0.00
 900716  11     4     3          1.08      182.87      183.23          0.58
 900716  12    42    18          6.88      908.60      915.48          6.18
 900716  13   138    34         11.27     1440.35     1451.62         23.47
 900716  14   178    32         12.47     1274.62     1282.53         21.58
 900716  15    99    20          9.53      798.15      803.12         13.82
 900716  16    65    20         10.87      521.28      528.38          8.48
 900716  17    47     9          5.75      441.25      443.38          5.23
 900716  18    62    15         15.48      399.98      405.12          8.87
 900716  19    67    16         17.22      351.63      368.85          8.18
 900716  20    77    19         12.87      329.92      342.25         13.40
 900716  21    76    16          9.53      159.83      166.62         12.22
 900716  22    51    17          8.03      257.58      264.30          9.08
 900716  23    20     5          4.23      100.52      103.92          2.37
 900716  24     9     6          4.75       52.47       57.22          1.63
1
 
                   MAX
            TOTAL  SIM                MAXIMUM CPS                   CONNECT
 DATE  HOUR USERS USERS            IN         OUT       TOTAL         HOURS
 
 
 900717   1     1     1          0.00        0.07        0.07          1.00
 900717   2     1     1          0.00        0.07        0.07          1.00
 900717   3     1     1          0.00        0.07        0.07          0.58
 900717   4     0     0          0.00        0.00        0.00          0.00
 900717   5     0     0          0.00        0.00        0.00          0.00
 900717   6     0     0          0.00        0.00        0.00          0.00
 900717   7     0     0          0.00        0.00        0.00          0.00
 900717   8     0     0          0.00        0.00        0.00          0.00
 900717   9     0     0          0.00        0.00        0.00          0.00
 900717  10     0     0          0.00        0.00        0.00          0.00
 900717  11     3     2          0.05      598.55      598.60          0.58
 900717  12    32    16          5.93     1352.18     1358.12          5.85
 900717  13   130    31         14.18     1346.17     1352.12         21.07
 900717  14   126    33          9.23     1394.67     1402.73         21.50
 900717  15    85    19         15.02      973.97      977.68         10.95
 900717  16    52    12          7.35      463.92      468.22          7.45
 900717  17    45    12         11.25      327.60      338.82          5.52
 900717  18    86    16         16.83      371.63      383.12          9.53
 900717  19    88    20         15.37      398.32      402.75         12.33
 900717  20    78    24         15.27      267.57      278.15         12.58
 900717  21    71    16         11.08      298.83      307.73          7.37
 900717  22    47    12         11.22      323.08      331.95          5.58
 900717  23    10     3          5.10       76.40       79.93          0.87
 900717  24     2     2          2.13       32.05       34.18          0.03
1
 
                   MAX
            TOTAL  SIM                MAXIMUM CPS                   CONNECT
 DATE  HOUR USERS USERS            IN         OUT       TOTAL         HOURS
 
 
 900718   1     3     2          2.13       32.05       34.18          0.10
 900718   2     0     0          0.00        0.00        0.00          0.00
 900718   3     0     0          0.00        0.00        0.00          0.00
 900718   4     0     0          0.00        0.00        0.00          0.00
 900718   5     0     0          0.00        0.00        0.00          0.00
 900718   6     0     0          0.00        0.00        0.00          0.00
 900718   7     0     0          0.00        0.00        0.00          0.00
 900718   8     0     0          0.00        0.00        0.00          0.00
 900718   9     0     0          0.00        0.00        0.00          0.00
 900718  10     2     2          0.67       72.00       72.67          1.50
 900718  11     5     2          1.87      732.42      732.47          0.65
 900718  12    38    14         12.97      541.98      554.95          4.45
 900718  13   151    29          9.30     1259.07     1266.88         19.93
 900718  14   163    33         14.03     1467.58     1472.48         20.07
 900718  15    82    20         10.32      733.35      738.85          9.70
 900718  16    42    18          5.38      361.82      364.17          9.60
 900718  17    63    10         10.20      366.13      375.20          6.53
 900718  18    62    15         11.15      183.85      195.00          7.20
 900718  19    79    17         11.60      181.02      189.50         10.28
 900718  20    66    14         12.68      162.68      171.90          7.18
 900718  21    71    14         14.45      199.43      210.02          9.58
 900718  22    35     7          8.02      117.03      125.05          4.63
 900718  23    15     8         10.87       91.27      102.13          1.63
 900718  24     7     2          1.85      147.43      149.08          0.83
1
 
                   MAX
            TOTAL  SIM                MAXIMUM CPS                   CONNECT
 DATE  HOUR USERS USERS            IN         OUT       TOTAL         HOURS
 
 
 900719   1    26     4          4.27       28.57       32.83          0.43
 900719   2     0     0          0.00        0.00        0.00          0.00
 900719   3     0     0          0.00        0.00        0.00          0.00
 900719   4     2     2          0.20        0.13        0.33          0.37
 900719   5     0     0          0.00        0.00        0.00          0.00
 900719   6     0     0          0.00        0.00        0.00          0.00
 900719   7     0     0          0.00        0.00        0.00          0.00
 900719   8     4     2          0.42        0.38        0.80          0.77
 900719   9     3     2          0.42      111.57      111.62          0.18
 900719  10     1     1          0.05      111.57      111.62          0.07
 900719  11     2     2          0.03      146.10      146.13          0.65
 900719  12    30    11          6.45      567.83      570.98          4.62
 900719  13   145    34         15.23     1437.05     1442.12         23.53
 900719  14   148    38         16.45     1146.47     1157.95         22.68
 900719  15    80    15          7.72      651.18      658.27          9.37
 900719  16    70    15         11.45      631.12      634.15          8.55
 900719  17    68    16         10.77      283.38      288.50          7.97
 900719  18    53    14         12.90      326.93      330.63          5.00
 900719  19    81    23         18.57      353.07      359.63          9.38
 900719  20    77    15         13.68      211.62      222.90          7.40
 900719  21    60    18         13.65      222.53      236.18          9.18
 900719  22    39    11         13.32      158.68      162.20          5.83
 900719  23    14     9          9.07      114.63      122.80          1.88
 900719  24     3     1          0.63       14.97       15.32          0.18
1
 
                   MAX
            TOTAL  SIM                MAXIMUM CPS                   CONNECT
 DATE  HOUR USERS USERS            IN         OUT       TOTAL         HOURS
 
 
 900720   1     6     2          4.08      107.57      111.65          0.20
 900720   2     2     2          4.08      107.57      111.65          0.03
 900720   3     2     2          3.02       21.48       24.50          0.03
 900720   4     0     0          0.00        0.00        0.00          0.00
 900720   5     0     0          0.00        0.00        0.00          0.00
 900720   6     0     0          0.00        0.00        0.00          0.00
 900720   7     0     0          0.00        0.00        0.00          0.00
 900720   8     2     2          0.10        0.58        0.68          0.07
 900720   9     2     2          0.10        0.58        0.68          0.60
 900720  10     0     0          0.00        0.00        0.00          0.00
 900720  11     6     4          1.03      301.03      301.72          1.58
 900720  12    31     9          7.78      504.78      507.37          4.02
 900720  13   150    35         12.82     1416.30     1422.08         24.67
 900720  14   150    37         13.40     1447.02     1453.00         20.45
 900720  15    88    19         10.20     1100.70     1110.90         11.15
 900720  16    67    16         10.98      563.85      569.85          9.78
 900720  17    53    11          7.58      150.57      154.13          6.68
 900720  18    52    11          8.23      162.07      168.48          7.15
 900720  19    81    16         11.95      175.85      180.77         11.18
 900720  20    72    14         13.12      308.07      319.77          9.33
 900720  21    76    16         11.43      231.47      235.17          9.32
 900720  22    27     9         16.67       95.60      112.27          3.20
 900720  23    22     6         12.05      150.93      162.98          1.73
 900720  24     8     5          5.00       44.13       45.77          0.45
1     MAXIMUM OF MAXIMUM SIMULTANEOUS USERS
 
 
                   MAX
            TOTAL  SIM                MAXIMUM CPS                   CONNECT
 DATE  HOUR USERS USERS            IN         OUT       TOTAL         HOURS
 
 900719  14   148    38         16.45     1146.47     1157.95         22.68
 
 
     MAXIMUM OF CONNECT HOURS
 
 
                   MAX
            TOTAL  SIM                MAXIMUM CPS                   CONNECT
 DATE  HOUR USERS USERS            IN         OUT       TOTAL         HOURS
 
 900720  13   150    35         12.82     1416.30     1422.08         24.67
1
  