1
 
                   MAX
            TOTAL  SIM                MAXIMUM CPS                   CONNECT
 DATE  HOUR USERS USERS            IN         OUT       TOTAL         HOURS
 
 
 910930   1     0     0          0.00        0.00        0.00          0.00
 910930   2     0     0          0.00        0.00        0.00          0.00
 910930   3     0     0          0.00        0.00        0.00          0.00
 910930   4     0     0          0.00        0.00        0.00          0.00
 910930   5     0     0          0.00        0.00        0.00          0.00
 910930   6     0     0          0.00        0.00        0.00          0.00
 910930   7     0     0          0.00        0.00        0.00          0.00
 910930   8     0     0          0.00        0.00        0.00          0.00
 910930   9     0     0          0.00        0.00        0.00          0.00
 910930  10     0     0          0.00        0.00        0.00          0.00
 910930  11     0     0          0.00        0.00        0.00          0.00
 910930  12     0     0          0.00        0.00        0.00          0.00
 910930  13     1     1          0.10        8.43        8.53          0.18
 910930  14     2     2          0.78       10.17       10.95          0.18
 910930  15     4     3          1.45       61.53       62.98          2.05
 910930  16     6     3          0.75       33.13       33.88          2.25
 910930  17    17     4          4.33       34.68       35.63          3.03
 910930  18     6     4          0.95       44.52       45.02          2.70
 910930  19     3     2          0.67       22.62       23.28          1.80
 910930  20     3     2          0.67       22.62       23.28          0.63
 910930  21     5     4          0.90       55.70       56.60          3.07
 910930  22     7     5          1.12       61.40       62.52          4.05
 910930  23     6     4          0.50       20.47       20.93          2.58
 910930  24     3     2          0.97       27.57       28.53          1.17
1
 
                   MAX
            TOTAL  SIM                MAXIMUM CPS                   CONNECT
 DATE  HOUR USERS USERS            IN         OUT       TOTAL         HOURS
 
 
 911001   1    31    11         89.67       78.28      167.95          3.23
 911001   2    25     7         12.78       80.28       86.22          4.85
 911001   3     8     6          5.93       81.32       87.25          5.05
 911001   4     5     5          5.93       80.28       86.22          5.00
 911001   5     5     5          5.93       80.28       86.22          5.00
 911001   6     5     5          5.93       80.28       86.22          5.00
 911001   7     5     5          5.93       80.28       86.22          5.00
 911001   8     5     5          5.93       80.28       86.22          5.00
 911001   9     5     5          5.93       80.28       86.22          5.00
 911001  10     5     5          5.93       80.28       86.22          5.00
 911001  11     5     5          5.93       80.28       86.22          5.00
 911001  12     5     5          5.93       80.28       86.22          5.00
 911001  13     8     7          6.32      123.88      130.20          5.72
 911001  14     9     7          6.73      132.33      139.07          6.13
 911001  15     9     7          6.97      117.55      124.52          6.45
 911001  16    13     8          7.82      135.38      143.20          6.88
 911001  17    15     8          7.48      112.75      119.63          7.02
 911001  18    12     9          6.93      161.18      168.12          7.55
 911001  19    11     9          7.43      126.62      134.05          7.65
 911001  20    10     8          8.15      171.45      179.60          6.97
 911001  21    10     8          7.78      122.43      130.22          7.48
 911001  22    10     8          7.93      127.32      135.25          7.90
 911001  23     8     8          6.95      110.83      117.78          6.90
 911001  24     8     7          8.23      132.50      140.73          6.08
1
 
                   MAX
            TOTAL  SIM                MAXIMUM CPS                   CONNECT
 DATE  HOUR USERS USERS            IN         OUT       TOTAL         HOURS
 
 
 911002   1     7     7          8.23      132.50      140.73          5.57
 911002   2    17    10         79.33      145.30      221.92          3.28
 911002   3     2     2          1.27       17.60       18.87          2.00
 911002   4     4     4          3.53       47.88       51.42          2.12
 911002   5     4     4          3.53       47.88       51.42          2.20
 911002   6     2     2          1.27       17.60       18.87          2.00
 911002   7     2     2          1.27       17.60       18.87          2.00
 911002   8     2     2          1.27       17.60       18.87          2.00
 911002   9     2     2          1.27       17.60       18.87          2.00
 911002  10     2     2          1.27       17.60       18.87          2.00
 911002  11     2     2          1.27       17.60       18.87          2.00
 911002  12     5     4          4.02       89.53       93.55          2.15
 911002  13     5     3          2.05       67.80       69.58          2.47
 911002  14     7     5          2.07       52.65       54.55          3.42
 911002  15     6     4          3.47      104.55      108.02          2.72
 911002  16     9     6         56.40       74.50      109.55          4.42
 911002  17     7     5         56.40       61.42      109.55          3.70
 911002  18     3     3          2.08       52.03       54.12          2.15
 911002  19     5     4          1.80       43.40       45.20          2.72
 911002  20    13     5          4.43       75.58       79.15          3.03
 911002  21    15     8          3.73       72.95       76.68          5.63
 911002  22    10     7          4.22       98.07      102.28          6.13
 911002  23     8     5          2.92       68.95       71.87          3.77
 911002  24     3     3          1.78       45.37       47.15          2.40
1
 
                   MAX
            TOTAL  SIM                MAXIMUM CPS                   CONNECT
 DATE  HOUR USERS USERS            IN         OUT       TOTAL         HOURS
 
 
 911003   1     2     2          1.33       24.98       26.32          1.37
 911003   2     1     1          1.25       17.58       18.83          1.00
 911003   3     2     2          1.75       48.53       50.28          1.08
 911003   4     1     1          1.25       17.58       18.83          1.00
 911003   5     1     1          1.25       17.58       18.83          1.00
 911003   6     1     1          1.25       17.58       18.83          1.00
 911003   7     1     1          1.25       17.58       18.83          1.00
 911003   8     1     1          1.25       17.58       18.83          1.00
 911003   9     1     1          1.25       17.58       18.83          1.00
 911003  10     1     1          1.25       17.58       18.83          1.00
 911003  11     1     1          1.25       17.58       18.83          1.00
 911003  12     1     1          1.25       17.58       18.83          1.00
 911003  13     6     5         23.87      104.08      127.95          1.35
 911003  14    13     7         23.87      126.12      131.55          4.92
 911003  15     8     5         10.45      152.00      162.45          4.03
 911003  16    10     6          9.67      120.85      130.52          4.63
 911003  17     9     8         10.13      155.83      165.97          6.50
 911003  18    15    10         10.20      186.17      196.37          6.80
 911003  19    15     9          7.68      175.97      183.65          7.12
 911003  20    14     9          7.60      236.13      243.73          6.97
 911003  21    13     8          7.52      142.03      149.55          6.33
 911003  22    13     7          7.40      127.87      135.27          5.15
 911003  23     6     6          6.25      109.33      115.58          5.40
 911003  24     4     4          5.98       89.47       95.45          3.28
1
 
                   MAX
            TOTAL  SIM                MAXIMUM CPS                   CONNECT
 DATE  HOUR USERS USERS            IN         OUT       TOTAL         HOURS
 
 
 911004   1     4     4          6.00       87.93       93.93          3.27
 911004   2     3     3          5.60       75.98       81.58          3.00
 911004   3     4     4          5.73       76.13       81.87          3.02
 911004   4     3     3          1.60       21.28       22.88          2.28
 911004   5     3     3         42.37       25.80       68.17          1.90
 911004   6     1     1          1.25       17.58       18.83          1.00
 911004   7     2     2         62.87       26.55       89.42          1.20
 911004   8     2     2         18.35       22.88       41.23          1.15
 911004   9     1     1          1.25       17.58       18.83          1.00
 911004  10     1     1          1.25       17.58       18.83          1.00
 911004  11     1     1          1.25       17.58       18.83          1.00
 911004  12     1     1          1.25       17.58       18.83          1.00
 911004  13     5     3          2.15       35.72       37.30          2.37
 911004  14     6     3          6.07      133.75      135.20          1.78
 911004  15     6     4          5.58       68.35       73.93          2.42
 911004  16     7     3          4.73      119.62      124.35          1.70
 911004  17     8     4          2.00       51.78       53.78          3.15
 911004  18     6     4          0.82       39.87       40.68          2.78
 911004  19     4     2          0.20        9.35        9.48          0.98
 911004  20     5     5          1.05       47.20       48.25          2.77
 911004  21     8     7          1.87       71.20       73.07          4.53
 911004  22     6     5          1.28       52.18       53.47          3.55
 911004  23     5     3          0.72       25.82       26.53          1.78
 911004  24     1     1          0.15       10.32       10.47          0.58
1     MAXIMUM OF MAXIMUM SIMULTANEOUS USERS
 
 
                   MAX
            TOTAL  SIM                MAXIMUM CPS                   CONNECT
 DATE  HOUR USERS USERS            IN         OUT       TOTAL         HOURS
 
 911001   1    31    11         89.67       78.28      167.95          3.23
 
 
     MAXIMUM OF CONNECT HOURS
 
 
                   MAX
            TOTAL  SIM                MAXIMUM CPS                   CONNECT
 DATE  HOUR USERS USERS            IN         OUT       TOTAL         HOURS
 
 911001  22    10     8          7.93      127.32      135.25          7.90
1
  