1
 
                   MAX
            TOTAL  SIM                MAXIMUM CPS                   CONNECT
 DATE  HOUR USERS USERS            IN         OUT       TOTAL         HOURS
 
 
 901203   1     0     0          0.00        0.00        0.00          0.00
 901203   2     0     0          0.00        0.00        0.00          0.00
 901203   3     0     0          0.00        0.00        0.00          0.00
 901203   4     0     0          0.00        0.00        0.00          0.00
 901203   5     0     0          0.00        0.00        0.00          0.00
 901203   6     0     0          0.00        0.00        0.00          0.00
 901203   7     0     0          0.00        0.00        0.00          0.00
 901203   8     0     0          0.00        0.00        0.00          0.00
 901203   9     0     0          0.00        0.00        0.00          0.00
 901203  10     0     0          0.00        0.00        0.00          0.00
 901203  11     0     0          0.00        0.00        0.00          0.00
 901203  12     1     1          0.32       80.68       81.00          0.10
 901203  13     3     3         15.40       82.50       97.90          0.38
 901203  14    19     7         33.00      313.33      340.67          4.02
 901203  15    23    11         45.18      450.45      495.63          7.75
 901203  16    19     7         24.75      174.58      188.85          5.17
 901203  17    14     8         22.52      164.88      187.40          5.07
 901203  18    22    10         42.65      309.35      352.00          6.15
 901203  19    13     6         25.28      144.30      169.58          4.87
 901203  20    16     9         36.07      244.12      280.18          6.67
 901203  21    10     5         14.65      138.87      153.52          3.58
 901203  22    15     5         19.43      182.73      202.17          4.03
 901203  23     7     3         15.00      124.12      139.12          1.63
 901203  24     5     2         12.98       62.65       71.63          1.35
1
 
                   MAX
            TOTAL  SIM                MAXIMUM CPS                   CONNECT
 DATE  HOUR USERS USERS            IN         OUT       TOTAL         HOURS
 
 
 901204   1     2     2          6.78       48.37       55.15          1.45
 901204   2     2     2          0.82       16.48       17.30          1.35
 901204   3     2     2          6.98       39.87       46.85          1.12
 901204   4     2     2          7.97       43.22       51.18          1.12
 901204   5     3     2          1.32       43.20       44.52          1.08
 901204   6     1     1          0.00        0.20        0.20          0.25
 901204   7     0     0          0.00        0.00        0.00          0.00
 901204   8     0     0          0.00        0.00        0.00          0.00
 901204   9     0     0          0.00        0.00        0.00          0.00
 901204  10     1     1          9.65      108.20      117.85          0.63
 901204  11     0     0          0.00        0.00        0.00          0.00
 901204  12     1     1          4.17       18.88       23.05          0.18
 901204  13     2     2         14.77      184.93      199.70          0.28
 901204  14    14     6         27.13      271.15      294.55          3.98
 901204  15    24    10         41.73      435.17      476.90          6.42
 901204  16    17    10         27.58      270.62      294.58          6.40
 901204  17    13     8         36.02      270.93      306.95          5.47
 901204  18    20     8         36.15      276.67      312.82          5.22
 901204  19     9     6         20.00      136.30      156.30          4.38
 901204  20    10     6         22.27      195.37      217.63          5.05
 901204  21    13     8         32.13      266.85      291.37          5.95
 901204  22    13     6         24.33      238.83      260.23          4.58
 901204  23     5     3         26.00      156.10      182.10          2.03
 901204  24     1     1          0.10        0.70        0.80          0.98
1
 
                   MAX
            TOTAL  SIM                MAXIMUM CPS                   CONNECT
 DATE  HOUR USERS USERS            IN         OUT       TOTAL         HOURS
 
 
 901205   1     3     3          7.32       43.48       50.80          2.58
 901205   2     3     3          7.32       43.48       50.80          2.32
 901205   3     2     2          6.03       39.02       45.05          0.88
 901205   4     0     0          0.00        0.00        0.00          0.00
 901205   5     0     0          0.00        0.00        0.00          0.00
 901205   6     0     0          0.00        0.00        0.00          0.00
 901205   7     0     0          0.00        0.00        0.00          0.00
 901205   8     0     0          0.00        0.00        0.00          0.00
 901205   9     1     1          4.25       30.90       35.15          0.32
 901205  10     0     0          0.00        0.00        0.00          0.00
 901205  11     0     0          0.00        0.00        0.00          0.00
 901205  12     1     1         10.18       19.97       30.15          0.03
 901205  13     5     2         14.45      114.35      128.80          0.35
 901205  14    17     7         39.72      375.28      415.00          4.17
 901205  15    21     9         29.23      303.45      332.68          6.12
 901205  16    21    10         33.95      272.55      298.38          6.97
 901205  17    19     7         26.33      192.43      200.53          5.12
 901205  18    18     7         36.53      275.37      311.38          4.23
 901205  19    13     5         39.08      200.62      209.67          3.03
 901205  20    19     7         36.47      278.35      301.13          5.05
 901205  21    16     8        126.38      233.00      253.45          4.80
 901205  22     9     5        133.98       94.27      188.25          3.55
 901205  23     3     2         30.70       68.32       99.02          1.13
 901205  24     3     3         10.38       49.93       60.32          1.83
1
 
                   MAX
            TOTAL  SIM                MAXIMUM CPS                   CONNECT
 DATE  HOUR USERS USERS            IN         OUT       TOTAL         HOURS
 
 
 901206   1     3     3         11.98       71.38       83.37          2.08
 901206   2     2     2          7.13       39.27       46.40          1.03
 901206   3     1     1          0.38        1.33        1.72          1.00
 901206   4     1     1          0.38        1.33        1.72          1.00
 901206   5     1     1          0.38        1.33        1.72          1.00
 901206   6     1     1          0.38        1.33        1.72          1.00
 901206   7     1     1          0.38        1.33        1.72          1.00
 901206   8     1     1          0.38        1.33        1.72          1.00
 901206   9     1     1          0.38        1.33        1.72          1.00
 901206  10     2     2         10.58      115.53      126.12          1.60
 901206  11     1     1          0.38        1.33        1.72          1.00
 901206  12     4     4        101.85       57.70      159.55          1.32
 901206  13    10     3         86.93      134.07      150.00          2.12
 901206  14    22     7         47.70      314.70      354.75          3.18
 901206  15    23     7         35.02      285.42      311.43          5.30
 901206  16    26     7         26.30      267.37      290.22          4.53
 901206  17    15     9         50.68      493.17      543.85          4.77
 901206  18    11     5         22.30      229.40      251.70          3.77
 901206  19    12     5         25.87      213.67      236.57          3.98
 901206  20     5     3          8.05       87.02       89.18          1.58
 901206  21     1     1          0.13        0.73        0.87          1.00
 901206  22     1     1          0.13        0.73        0.87          0.95
 901206  23     2     1         26.82        1.83       28.65          0.13
 901206  24     6     3         25.93       67.83       93.77          0.35
1
 
                   MAX
            TOTAL  SIM                MAXIMUM CPS                   CONNECT
 DATE  HOUR USERS USERS            IN         OUT       TOTAL         HOURS
 
 
 901207   1     6     2         19.40       81.37       98.65          0.70
 901207   2     2     1          4.47       45.07       49.53          0.48
 901207   3     0     0          0.00        0.00        0.00          0.00
 901207   4     0     0          0.00        0.00        0.00          0.00
 901207   5     1     1          3.65       26.65       30.30          0.58
 901207   6     0     0          0.00        0.00        0.00          0.00
 901207   7     0     0          0.00        0.00        0.00          0.00
 901207   8     0     0          0.00        0.00        0.00          0.00
 901207   9     0     0          0.00        0.00        0.00          0.00
 901207  10     0     0          0.00        0.00        0.00          0.00
 901207  11     0     0          0.00        0.00        0.00          0.00
 901207  12     1     1          6.47       16.78       23.25          0.05
 901207  13     5     2         12.65      101.30      113.95          0.93
 901207  14    16     6         26.08      205.53      231.62          3.37
 901207  15    21     8         28.50      274.02      296.43          5.77
 901207  16    19     7         26.12      335.78      353.87          4.98
 901207  17    12     7         21.23      171.82      193.05          5.43
 901207  18    11     6         36.13      109.15      118.97          2.35
 901207  19    10     4         30.28       77.05       88.55          1.98
 901207  20    13     6         28.47      175.85      201.48          4.78
 901207  21     9     4         18.62      116.37      134.98          2.55
 901207  22     5     3         17.15       75.58       87.92          1.75
 901207  23     0     0          0.00        0.00        0.00          0.00
 901207  24     0     0          0.00        0.00        0.00          0.00
1     MAXIMUM OF MAXIMUM SIMULTANEOUS USERS
 
 
                   MAX
            TOTAL  SIM                MAXIMUM CPS                   CONNECT
 DATE  HOUR USERS USERS            IN         OUT       TOTAL         HOURS
 
 901203  15    23    11         45.18      450.45      495.63          7.75
 
 
     MAXIMUM OF CONNECT HOURS
 
 
                   MAX
            TOTAL  SIM                MAXIMUM CPS                   CONNECT
 DATE  HOUR USERS USERS            IN         OUT       TOTAL         HOURS
 
 901203  15    23    11         45.18      450.45      495.63          7.75
1
  