1
 
                   MAX
            TOTAL  SIM                MAXIMUM CPS                   CONNECT
 DATE  HOUR USERS USERS            IN         OUT       TOTAL         HOURS
 
 
 901203   1     1     1          1.10       33.70       34.80          0.88
 901203   2     1     1          0.85       12.82       13.67          0.63
 901203   3     1     1          0.85       12.82       13.67          0.27
 901203   4     0     0          0.00        0.00        0.00          0.00
 901203   5     0     0          0.00        0.00        0.00          0.00
 901203   6     0     0          0.00        0.00        0.00          0.00
 901203   7     0     0          0.00        0.00        0.00          0.00
 901203   8     0     0          0.00        0.00        0.00          0.00
 901203   9     0     0          0.00        0.00        0.00          0.00
 901203  10     0     0          0.00        0.00        0.00          0.00
 901203  11     0     0          0.00        0.00        0.00          0.00
 901203  12     3     2         17.18      149.62      166.80          0.45
 901203  13     5     3         15.88      124.33      137.17          0.73
 901203  14    17     7         38.60      402.65      441.25          4.72
 901203  15    25    10         51.12      475.10      522.53          7.57
 901203  16    20     8         34.35      376.22      407.82          5.75
 901203  17    22     9         48.65      483.40      532.05          5.05
 901203  18    14     9         41.62      406.47      448.08          6.25
 901203  19    14     6         38.38      288.13      326.52          4.30
 901203  20    16     8         42.60      371.90      414.50          5.72
 901203  21    11     6         15.48      112.23      126.05          2.53
 901203  22    15     6         26.68      252.08      278.60          3.88
 901203  23     3     2          3.62       25.17       28.78          1.12
 901203  24     6     5         15.67      113.37      129.03          4.10
1
 
                   MAX
            TOTAL  SIM                MAXIMUM CPS                   CONNECT
 DATE  HOUR USERS USERS            IN         OUT       TOTAL         HOURS
 
 
 901204   1     6     5         28.78      116.12      144.90          2.87
 901204   2     2     2          5.28       30.90       36.18          1.72
 901204   3     2     2          5.32       23.27       28.58          1.10
 901204   4     2     2          4.93       26.23       31.17          1.23
 901204   5     1     1          0.03        0.42        0.45          1.00
 901204   6     1     1          0.03        0.42        0.45          1.00
 901204   7     1     1          0.03        0.42        0.45          1.00
 901204   8     1     1          0.03        0.42        0.45          1.00
 901204   9     1     1          0.03        0.42        0.45          1.00
 901204  10     1     1          0.03        0.42        0.45          1.00
 901204  11     1     1          0.03        0.42        0.45          1.00
 901204  12     3     2          7.60       21.47       28.70          1.10
 901204  13     4     3         11.32       79.67       88.17          1.68
 901204  14    17     6         21.85      208.43      230.13          4.08
 901204  15    22    12         57.43      538.85      596.28          6.60
 901204  16    28     7         31.25      292.75      320.07          5.22
 901204  17    18    10         87.88      348.87      436.75          5.67
 901204  18    13     9        101.33      295.28      380.13          6.48
 901204  19    11     7         31.30      328.78      360.08          3.78
 901204  20    19     7        129.72      328.78      360.08          4.57
 901204  21    15     7        139.83      127.28      267.12          4.85
 901204  22     7     6        128.92       66.45      195.22          4.78
 901204  23     7     5        146.80      192.13      338.93          4.40
 901204  24     2     2        119.78        9.42      129.20          1.37
1
 
                   MAX
            TOTAL  SIM                MAXIMUM CPS                   CONNECT
 DATE  HOUR USERS USERS            IN         OUT       TOTAL         HOURS
 
 
 901205   1     1     1          0.08        1.30        1.38          1.00
 901205   2     1     1          0.08        1.30        1.38          1.00
 901205   3     1     1          0.08        1.30        1.38          1.00
 901205   4     1     1          0.08        1.30        1.38          1.00
 901205   5     1     1          0.08        1.30        1.38          1.00
 901205   6     1     1          0.08        1.30        1.38          1.00
 901205   7     1     1          0.08        1.30        1.38          1.00
 901205   8     1     1          0.08        1.30        1.38          1.00
 901205   9     1     1          0.08        1.30        1.38          1.00
 901205  10     2     2         10.58      118.88      129.47          1.58
 901205  11     1     1          0.08        1.30        1.38          1.00
 901205  12     1     1          0.08        1.30        1.38          1.00
 901205  13     4     3         18.33      198.47      214.20          1.70
 901205  14    18     8         32.95      319.02      351.97          4.47
 901205  15    26    11         46.07      360.57      398.70          8.60
 901205  16    24    10        148.57      203.90      352.47          8.77
 901205  17    23    14        171.90      347.65      519.55          9.45
 901205  18     9     8        145.38      188.43      332.78          7.27
 901205  19     6     6        132.42       38.33      170.75          5.40
 901205  20    10     8        143.73      119.23      262.97          5.73
 901205  21    13     8        143.73      119.27      262.97          5.38
 901205  22     7     5          4.78      102.78      104.10          3.75
 901205  23     6     5         12.03       80.17       92.20          2.30
 901205  24     4     3         12.52       98.77      111.28          1.80
1
 
                   MAX
            TOTAL  SIM                MAXIMUM CPS                   CONNECT
 DATE  HOUR USERS USERS            IN         OUT       TOTAL         HOURS
 
 
 901206   1     3     2          5.17       28.95       34.12          1.13
 901206   2     2     2          5.17       28.95       34.12          1.07
 901206   3     2     2          7.77       43.37       51.13          1.27
 901206   4     2     2          0.60       65.73       66.33          1.08
 901206   5     2     2          0.60       65.73       66.33          1.05
 901206   6     1     1          0.08        1.30        1.38          1.00
 901206   7     1     1          0.08        1.30        1.38          1.00
 901206   8     1     1          0.08        1.30        1.38          1.00
 901206   9     1     1          0.08        1.30        1.38          1.00
 901206  10     2     2          0.18       23.42       23.60          1.37
 901206  11     2     2          0.18       23.42       23.60          2.00
 901206  12     2     2          0.18       23.42       23.60          1.57
 901206  13     5     3         11.05      115.32      126.37          1.90
 901206  14    15     7         28.65      321.50      350.15          4.68
 901206  15    18     8         21.90      234.83      256.73          5.83
 901206  16    15     7         14.57      143.72      154.68          5.45
 901206  17    12     6         17.33      164.33      174.18          4.55
 901206  18    13     8         33.28      129.05      162.33          4.83
 901206  19    11     7         12.57       86.00       98.57          3.82
 901206  20     6     5         10.92       63.22       74.13          3.25
 901206  21     2     2          0.10        1.68        1.78          1.05
 901206  22     1     1          0.08        1.30        1.38          1.00
 901206  23     3     3         28.13      297.70      325.83          1.20
 901206  24    10     4         34.22      377.65      411.87          2.55
1
 
                   MAX
            TOTAL  SIM                MAXIMUM CPS                   CONNECT
 DATE  HOUR USERS USERS            IN         OUT       TOTAL         HOURS
 
 
 901207   1     2     2          5.82       25.57       31.38          1.15
 901207   2     2     2          6.65       45.33       51.98          1.17
 901207   3     3     3          9.15       53.22       62.37          2.00
 901207   4     1     1          0.08        1.30        1.38          1.00
 901207   5     2     2          0.40       29.98       30.38          1.13
 901207   6     1     1          0.08        1.30        1.38          1.00
 901207   7     1     1          0.08        1.30        1.38          0.72
 901207   8     0     0          0.00        0.00        0.00          0.00
 901207   9     1     1          5.03       23.65       28.68          0.42
 901207  10     2     2         15.23      138.03      153.27          1.60
 901207  11     3     2          6.38       69.93       76.32          1.33
 901207  12     2     2          5.28      134.48      139.77          1.07
 901207  13     7     5         27.80      316.22      343.78          1.72
 901207  14    17     8         60.00      557.98      617.98          3.52
 901207  15    24     8         45.15      398.48      443.63          5.12
 901207  16    18     7         18.45      170.63      189.08          4.67
 901207  17    21     7         35.13      353.35      387.52          4.83
 901207  18    10     5         24.17      110.47      134.63          3.20
 901207  19    16     5         14.15      109.17      120.13          3.60
 901207  20    19     8         26.40      210.38      236.78          5.45
 901207  21    14     5         17.28      142.73      155.22          2.70
 901207  22     5     2          5.55       78.32       80.85          0.75
 901207  23     0     0          0.00        0.00        0.00          0.00
 901207  24     0     0          0.00        0.00        0.00          0.00
1     MAXIMUM OF MAXIMUM SIMULTANEOUS USERS
 
 
                   MAX
            TOTAL  SIM                MAXIMUM CPS                   CONNECT
 DATE  HOUR USERS USERS            IN         OUT       TOTAL         HOURS
 
 901205  17    23    14        171.90      347.65      519.55          9.45
 
 
     MAXIMUM OF CONNECT HOURS
 
 
                   MAX
            TOTAL  SIM                MAXIMUM CPS                   CONNECT
 DATE  HOUR USERS USERS            IN         OUT       TOTAL         HOURS
 
 901205  17    23    14        171.90      347.65      519.55          9.45
1
  