1
 
                   MAX
            TOTAL  SIM                MAXIMUM CPS                   CONNECT
 DATE  HOUR USERS USERS            IN         OUT       TOTAL         HOURS
 
 
 901203   1     0     0          0.00        0.00        0.00          0.00
 901203   2     0     0          0.00        0.00        0.00          0.00
 901203   3     0     0          0.00        0.00        0.00          0.00
 901203   4     0     0          0.00        0.00        0.00          0.00
 901203   5     0     0          0.00        0.00        0.00          0.00
 901203   6     0     0          0.00        0.00        0.00          0.00
 901203   7     0     0          0.00        0.00        0.00          0.00
 901203   8     0     0          0.00        0.00        0.00          0.00
 901203   9     0     0          0.00        0.00        0.00          0.00
 901203  10     0     0          0.00        0.00        0.00          0.00
 901203  11     0     0          0.00        0.00        0.00          0.00
 901203  12     0     0          0.00        0.00        0.00          0.00
 901203  13     0     0          0.00        0.00        0.00          0.00
 901203  14     1     1          0.40       23.62       24.02          0.07
 901203  15     4     2          0.92       61.18       61.67          0.22
 901203  16     1     1          0.33       19.88       20.22          0.05
 901203  17     1     1          0.33       19.88       20.22          0.07
 901203  18     1     1          0.25       32.45       32.70          0.07
 901203  19     1     1          0.32       29.68       30.00          0.07
 901203  20     3     2          1.10       97.20       98.30          0.17
 901203  21     2     2          0.68       36.73       37.42          0.07
 901203  22     0     0          0.00        0.00        0.00          0.00
 901203  23     0     0          0.00        0.00        0.00          0.00
 901203  24     0     0          0.00        0.00        0.00          0.00
1
 
                   MAX
            TOTAL  SIM                MAXIMUM CPS                   CONNECT
 DATE  HOUR USERS USERS            IN         OUT       TOTAL         HOURS
 
 
 901204   1     0     0          0.00        0.00        0.00          0.00
 901204   2     0     0          0.00        0.00        0.00          0.00
 901204   3     0     0          0.00        0.00        0.00          0.00
 901204   4     0     0          0.00        0.00        0.00          0.00
 901204   5     0     0          0.00        0.00        0.00          0.00
 901204   6     0     0          0.00        0.00        0.00          0.00
 901204   7     0     0          0.00        0.00        0.00          0.00
 901204   8     0     0          0.00        0.00        0.00          0.00
 901204   9     0     0          0.00        0.00        0.00          0.00
 901204  10     0     0          0.00        0.00        0.00          0.00
 901204  11     0     0          0.00        0.00        0.00          0.00
 901204  12     1     1          0.57       25.27       25.83          0.05
 901204  13     0     0          0.00        0.00        0.00          0.00
 901204  14     2     1          0.43       29.27       29.70          0.07
 901204  15    12     2          1.30       59.22       59.98          0.68
 901204  16     2     1          1.00       41.15       42.15          0.17
 901204  17     3     1          0.93       43.17       43.50          0.20
 901204  18     0     0          0.00        0.00        0.00          0.00
 901204  19     1     1          0.03        4.87        4.90          0.02
 901204  20     4     1          0.27       37.07       37.33          0.10
 901204  21     3     2          0.30       44.70       45.00          0.50
 901204  22     2     1          0.35       28.82       29.17          0.12
 901204  23     0     0          0.00        0.00        0.00          0.00
 901204  24     0     0          0.00        0.00        0.00          0.00
1
 
                   MAX
            TOTAL  SIM                MAXIMUM CPS                   CONNECT
 DATE  HOUR USERS USERS            IN         OUT       TOTAL         HOURS
 
 
 901205   1     0     0          0.00        0.00        0.00          0.00
 901205   2     0     0          0.00        0.00        0.00          0.00
 901205   3     0     0          0.00        0.00        0.00          0.00
 901205   4     0     0          0.00        0.00        0.00          0.00
 901205   5     0     0          0.00        0.00        0.00          0.00
 901205   6     0     0          0.00        0.00        0.00          0.00
 901205   7     0     0          0.00        0.00        0.00          0.00
 901205   8     0     0          0.00        0.00        0.00          0.00
 901205   9     0     0          0.00        0.00        0.00          0.00
 901205  10     0     0          0.00        0.00        0.00          0.00
 901205  11     0     0          0.00        0.00        0.00          0.00
 901205  12     0     0          0.00        0.00        0.00          0.00
 901205  13     1     1          0.05        4.87        4.92          0.03
 901205  14     4     2          0.58       54.50       55.08          0.22
 901205  15     6     1          0.92       73.28       73.82          0.17
 901205  16     4     1          0.47       33.28       33.75          0.13
 901205  17     1     1          0.32       13.58       13.90          0.12
 901205  18     4     1          2.28       56.13       58.42          0.48
 901205  19     1     1          0.88       26.40       27.28          0.10
 901205  20     0     0          0.00        0.00        0.00          0.00
 901205  21     0     0          0.00        0.00        0.00          0.00
 901205  22     6     2          0.57       30.53       31.10          0.17
 901205  23     0     0          0.00        0.00        0.00          0.00
 901205  24     0     0          0.00        0.00        0.00          0.00
1
 
                   MAX
            TOTAL  SIM                MAXIMUM CPS                   CONNECT
 DATE  HOUR USERS USERS            IN         OUT       TOTAL         HOURS
 
 
 901206   1     0     0          0.00        0.00        0.00          0.00
 901206   2     0     0          0.00        0.00        0.00          0.00
 901206   3     0     0          0.00        0.00        0.00          0.00
 901206   4     0     0          0.00        0.00        0.00          0.00
 901206   5     0     0          0.00        0.00        0.00          0.00
 901206   6     0     0          0.00        0.00        0.00          0.00
 901206   7     0     0          0.00        0.00        0.00          0.00
 901206   8     0     0          0.00        0.00        0.00          0.00
 901206   9     0     0          0.00        0.00        0.00          0.00
 901206  10     0     0          0.00        0.00        0.00          0.00
 901206  11     0     0          0.00        0.00        0.00          0.00
 901206  12     0     0          0.00        0.00        0.00          0.00
 901206  13     1     1          0.27       23.75       24.02          0.05
 901206  14     5     1          3.48       53.23       54.02          0.28
 901206  15     6     2         56.00       73.30       78.52          0.25
 901206  16     1     1          2.48      150.85      153.33          0.08
 901206  17     3     2          0.80       26.50       27.30          0.23
 901206  18     0     0          0.00        0.00        0.00          0.00
 901206  19     0     0          0.00        0.00        0.00          0.00
 901206  20     0     0          0.00        0.00        0.00          0.00
 901206  21     0     0          0.00        0.00        0.00          0.00
 901206  22     0     0          0.00        0.00        0.00          0.00
 901206  23     0     0          0.00        0.00        0.00          0.00
 901206  24     0     0          0.00        0.00        0.00          0.00
1
 
                   MAX
            TOTAL  SIM                MAXIMUM CPS                   CONNECT
 DATE  HOUR USERS USERS            IN         OUT       TOTAL         HOURS
 
 
 901207   1     0     0          0.00        0.00        0.00          0.00
 901207   2     0     0          0.00        0.00        0.00          0.00
 901207   3     0     0          0.00        0.00        0.00          0.00
 901207   4     0     0          0.00        0.00        0.00          0.00
 901207   5     0     0          0.00        0.00        0.00          0.00
 901207   6     0     0          0.00        0.00        0.00          0.00
 901207   7     0     0          0.00        0.00        0.00          0.00
 901207   8     0     0          0.00        0.00        0.00          0.00
 901207   9     0     0          0.00        0.00        0.00          0.00
 901207  10     0     0          0.00        0.00        0.00          0.00
 901207  11     0     0          0.00        0.00        0.00          0.00
 901207  12     0     0          0.00        0.00        0.00          0.00
 901207  13     1     1          0.53       64.85       65.38          0.03
 901207  14     4     2          0.48       56.42       56.90          0.27
 901207  15    10     3          1.13       87.55       88.07          1.10
 901207  16     1     1          0.23       42.02       42.25          0.05
 901207  17     2     1          0.75       66.60       67.35          0.08
 901207  18     3     2          4.02       31.38       35.40          0.23
 901207  19     3     1          0.60       36.95       37.55          0.13
 901207  20     0     0          0.00        0.00        0.00          0.00
 901207  21     2     1          0.68       20.87       21.55          0.07
 901207  22     0     0          0.00        0.00        0.00          0.00
 901207  23     0     0          0.00        0.00        0.00          0.00
 901207  24     0     0          0.00        0.00        0.00          0.00
1     MAXIMUM OF MAXIMUM SIMULTANEOUS USERS
 
 
                   MAX
            TOTAL  SIM                MAXIMUM CPS                   CONNECT
 DATE  HOUR USERS USERS            IN         OUT       TOTAL         HOURS
 
 901207  15    10     3          1.13       87.55       88.07          1.10
 
 
     MAXIMUM OF CONNECT HOURS
 
 
                   MAX
            TOTAL  SIM                MAXIMUM CPS                   CONNECT
 DATE  HOUR USERS USERS            IN         OUT       TOTAL         HOURS
 
 901207  15    10     3          1.13       87.55       88.07          1.10
1
  