1
 
                   MAX
            TOTAL  SIM                MAXIMUM CPS                   CONNECT
 DATE  HOUR USERS USERS            IN         OUT       TOTAL         HOURS
 
 
 901203   1     0     0          0.00        0.00        0.00          0.00
 901203   2     0     0          0.00        0.00        0.00          0.00
 901203   3     0     0          0.00        0.00        0.00          0.00
 901203   4     0     0          0.00        0.00        0.00          0.00
 901203   5     0     0          0.00        0.00        0.00          0.00
 901203   6     0     0          0.00        0.00        0.00          0.00
 901203   7     0     0          0.00        0.00        0.00          0.00
 901203   8     0     0          0.00        0.00        0.00          0.00
 901203   9     0     0          0.00        0.00        0.00          0.00
 901203  10     0     0          0.00        0.00        0.00          0.00
 901203  11     0     0          0.00        0.00        0.00          0.00
 901203  12     0     0          0.00        0.00        0.00          0.00
 901203  13     1     1          0.27       46.07       46.33          0.07
 901203  14     2     1          0.38       23.35       23.73          0.10
 901203  15     3     2          3.23       33.03       36.27          0.12
 901203  16     0     0          0.00        0.00        0.00          0.00
 901203  17     1     1          0.27       32.43       32.70          0.03
 901203  18     1     1          0.27       32.43       32.70          0.03
 901203  19     0     0          0.00        0.00        0.00          0.00
 901203  20     1     1          0.03        8.15        8.18          0.22
 901203  21     0     0          0.00        0.00        0.00          0.00
 901203  22     0     0          0.00        0.00        0.00          0.00
 901203  23     2     1          0.48       38.12       38.60          0.07
 901203  24     0     0          0.00        0.00        0.00          0.00
1
 
                   MAX
            TOTAL  SIM                MAXIMUM CPS                   CONNECT
 DATE  HOUR USERS USERS            IN         OUT       TOTAL         HOURS
 
 
 901204   1     0     0          0.00        0.00        0.00          0.00
 901204   2     0     0          0.00        0.00        0.00          0.00
 901204   3     0     0          0.00        0.00        0.00          0.00
 901204   4     0     0          0.00        0.00        0.00          0.00
 901204   5     0     0          0.00        0.00        0.00          0.00
 901204   6     0     0          0.00        0.00        0.00          0.00
 901204   7     0     0          0.00        0.00        0.00          0.00
 901204   8     0     0          0.00        0.00        0.00          0.00
 901204   9     0     0          0.00        0.00        0.00          0.00
 901204  10     0     0          0.00        0.00        0.00          0.00
 901204  11     0     0          0.00        0.00        0.00          0.00
 901204  12     3     1          1.38       43.10       44.23          0.13
 901204  13     1     1          0.35       32.82       33.17          0.03
 901204  14     2     1          0.53       47.50       48.03          0.17
 901204  15     9     3          1.13       46.32       47.45          0.72
 901204  16     6     3          1.55       51.68       53.23          0.62
 901204  17     3     1          0.48       36.07       36.43          0.18
 901204  18     0     0          0.00        0.00        0.00          0.00
 901204  19     1     1          0.17        6.12        6.28          0.20
 901204  20     3     2          0.47       48.55       49.02          0.12
 901204  21     5     2          0.82       57.78       58.60          0.25
 901204  22     1     1          0.25        4.98        5.23          0.02
 901204  23     0     0          0.00        0.00        0.00          0.00
 901204  24     0     0          0.00        0.00        0.00          0.00
1
 
                   MAX
            TOTAL  SIM                MAXIMUM CPS                   CONNECT
 DATE  HOUR USERS USERS            IN         OUT       TOTAL         HOURS
 
 
 901205   1     0     0          0.00        0.00        0.00          0.00
 901205   2     0     0          0.00        0.00        0.00          0.00
 901205   3     0     0          0.00        0.00        0.00          0.00
 901205   4     0     0          0.00        0.00        0.00          0.00
 901205   5     0     0          0.00        0.00        0.00          0.00
 901205   6     0     0          0.00        0.00        0.00          0.00
 901205   7     0     0          0.00        0.00        0.00          0.00
 901205   8     0     0          0.00        0.00        0.00          0.00
 901205   9     0     0          0.00        0.00        0.00          0.00
 901205  10     0     0          0.00        0.00        0.00          0.00
 901205  11     0     0          0.00        0.00        0.00          0.00
 901205  12     0     0          0.00        0.00        0.00          0.00
 901205  13     1     1          0.23        4.97        5.20          0.03
 901205  14     2     2          0.63       50.68       51.32          0.10
 901205  15     9     3          1.03       84.72       85.75          0.82
 901205  16     5     1          0.62       37.48       37.88          0.18
 901205  17     0     0          0.00        0.00        0.00          0.00
 901205  18     1     1          0.55       14.12       14.67          0.02
 901205  19     0     0          0.00        0.00        0.00          0.00
 901205  20     1     1          0.07        2.15        2.22          0.07
 901205  21     0     0          0.00        0.00        0.00          0.00
 901205  22     6     1          0.52       31.47       31.98          0.25
 901205  23     2     1          0.23        4.97        5.20          0.07
 901205  24     0     0          0.00        0.00        0.00          0.00
1
 
                   MAX
            TOTAL  SIM                MAXIMUM CPS                   CONNECT
 DATE  HOUR USERS USERS            IN         OUT       TOTAL         HOURS
 
 
 901206   1     0     0          0.00        0.00        0.00          0.00
 901206   2     0     0          0.00        0.00        0.00          0.00
 901206   3     0     0          0.00        0.00        0.00          0.00
 901206   4     0     0          0.00        0.00        0.00          0.00
 901206   5     0     0          0.00        0.00        0.00          0.00
 901206   6     0     0          0.00        0.00        0.00          0.00
 901206   7     0     0          0.00        0.00        0.00          0.00
 901206   8     0     0          0.00        0.00        0.00          0.00
 901206   9     0     0          0.00        0.00        0.00          0.00
 901206  10     0     0          0.00        0.00        0.00          0.00
 901206  11     0     0          0.00        0.00        0.00          0.00
 901206  12     0     0          0.00        0.00        0.00          0.00
 901206  13     1     1          0.23       31.72       31.95          0.03
 901206  14     4     1          0.57       36.68       36.92          0.22
 901206  15     8     2          1.40       86.35       87.75          0.75
 901206  16     6     2          1.60       95.52       97.12          0.38
 901206  17     2     2          2.22       92.57       94.78          0.13
 901206  18     5     2          0.80       58.80       59.53          0.48
 901206  19     1     1          0.42       31.87       32.28          0.08
 901206  20     1     1          0.35       20.63       20.98          0.03
 901206  21     0     0          0.00        0.00        0.00          0.00
 901206  22     0     0          0.00        0.00        0.00          0.00
 901206  23     0     0          0.00        0.00        0.00          0.00
 901206  24     0     0          0.00        0.00        0.00          0.00
1
 
                   MAX
            TOTAL  SIM                MAXIMUM CPS                   CONNECT
 DATE  HOUR USERS USERS            IN         OUT       TOTAL         HOURS
 
 
 901207   1     0     0          0.00        0.00        0.00          0.00
 901207   2     0     0          0.00        0.00        0.00          0.00
 901207   3     0     0          0.00        0.00        0.00          0.00
 901207   4     0     0          0.00        0.00        0.00          0.00
 901207   5     0     0          0.00        0.00        0.00          0.00
 901207   6     0     0          0.00        0.00        0.00          0.00
 901207   7     0     0          0.00        0.00        0.00          0.00
 901207   8     0     0          0.00        0.00        0.00          0.00
 901207   9     0     0          0.00        0.00        0.00          0.00
 901207  10     0     0          0.00        0.00        0.00          0.00
 901207  11     0     0          0.00        0.00        0.00          0.00
 901207  12     0     0          0.00        0.00        0.00          0.00
 901207  13     3     2          1.02       91.67       92.68          0.10
 901207  14     3     1          0.55       40.45       40.85          0.10
 901207  15     8     2          0.53       75.77       76.30          0.55
 901207  16     3     1          0.40       58.82       59.22          0.12
 901207  17     1     1          0.03        2.23        2.27          0.05
 901207  18     4     2          0.68       41.87       42.42          0.13
 901207  19     4     1          0.47       53.75       54.22          0.28
 901207  20     0     0          0.00        0.00        0.00          0.00
 901207  21     1     1          0.48       26.68       27.17          0.13
 901207  22     0     0          0.00        0.00        0.00          0.00
 901207  23     0     0          0.00        0.00        0.00          0.00
 901207  24     0     0          0.00        0.00        0.00          0.00
1     MAXIMUM OF MAXIMUM SIMULTANEOUS USERS
 
 
                   MAX
            TOTAL  SIM                MAXIMUM CPS                   CONNECT
 DATE  HOUR USERS USERS            IN         OUT       TOTAL         HOURS
 
 901204  15     9     3          1.13       46.32       47.45          0.72
 
 
     MAXIMUM OF CONNECT HOURS
 
 
                   MAX
            TOTAL  SIM                MAXIMUM CPS                   CONNECT
 DATE  HOUR USERS USERS            IN         OUT       TOTAL         HOURS
 
 901205  15     9     3          1.03       84.72       85.75          0.82
1
  