

        PAGE NO.     1
        04/25/88
                                                                      
                                                                      
                                                     NEW ENGLAND DISTRICT CUSTOMER LIST
 
        CC   NODE SL  HOST KHST TYPE   PTS SR  ASR CUSTOMER                       HARDWARE                       VERSION
 
 
        CB  10150  1  8034 7622 XCOM  1.50 GT  LS  BRYANT ELECTRIC                FULL ENGINE                       3.01
        CB  10150  2  8035 7622 SNA   4.00 GT  LS  BRYANT ELECTRIC                FULL ENGINE                       1.04
        CB  10150  3  8036 7622 CMT   1.50 GT  LS  BRYANT ELECTRIC                FULL ENGINE                       1.50
        CB   6041  1  4341 7467 XCOM  1.50 UNA LS  CHESEBROUGH PONDS              FULL ENGINE                       3.01
        CB   6366  2  6030 1235 XCOM  1.50 UNA LS  CHESEBROUGH PONDS              FULL ENGINE                       3.01
        CB   4242  1  7838 7836 ACOM  1.00 GT  LS  COMBUSTION ENGINEERING         FULL ENGINE                       2.03
        CB   4242  2  7850 7836 SNA   4.00 GT  LS  COMBUSTION ENGINEERING         FULL ENGINE                       1.04
        CB   4242  3  7839 7836 CMT   1.50 GT  LS  COMBUSTION ENGINEERING         FULL ENGINE                       3.00
        CB   7566  1  7863 7837 ACOM  1.00 GT  LS  COMBUSTION ENGINEERING         FULL ENGINE                       2.03
        CB   7566  2  7849 7837 SNA   4.00 GT  LS  COMBUSTION ENGINEERING         FULL ENGINE                       1.04
        CB   7566  3  7840 7837 CMT   1.50 GT  LS  COMBUSTION ENGINEERING         FULL ENGINE                       3.00
        CB   2406  1  2596 5475 XCOM  1.50 GT  LS  COMBUSTION ENGINEERING-MN      N/A                               3.01
        CB   7041  1  7119 6963 SHST  0.00 RS  LS  DOCUMENT AUTOMATION            MINI ENGINE                       2.03
        CB   7041  1  6964 6963 ACOM  1.00 RS  LS  DOCUMENT AUTOMATION            MINI ENGINE                       2.03
        CB   7041  2  7879 6963 ACOM  1.00 RS  LS  DOCUMENT AUTOMATION            MINI ENGINE                       2.03
        CB   5333  4  6137 6734 XCOM  1.50 UNA LS  FIRST BOSTON - BLOOMFIELD      FULL ENGINE                       3.01
        CB   7052  2  9117 7552 SNA   4.00 UNA LS  FIRST BOSTON CAPITAL           DUAL-MINI ENGINE                  1.04
        CB   7052  3  9118 7552 CMT   1.50 UNA LS  FIRST BOSTON CAPITAL           DUAL-MINI ENGINE                  3.00
        CB   2126  3  3049 1202 XCOM  1.50 UNA LS  FIRST BOSTON CAPITAL - NEWARK  DUAL-MINI ENGINE                  3.01
        CB   3557  4  1420 5660 XCOM  1.50 UNA LS  FIRST BOSTON CAPITAL-BLOOMFLD. N/A                               3.01
        CB   3754  4  1419 3519 XCOM  1.50 UNA LS  FIRST BOSTON CAPITAL-NEWARK    MINI                              3.01
        CB   2153  1  1450 9121 XCOM  1.50 UNA LS  FIRST BOSTON CAPITAL-NYC.      N/A                               3.01
        CB   7051  2  3048 1445 XCOM  1.50 UNA LS  FIRST BOSTON CAPITAL-WALL ST.  FULL ENGINE                       3.01
        CB   2306  1  8218 1394 PBH   2.50 GT  LS  HARTFORD INSURANCE GROUP       FULL ENGINE                       7.05
        CB   2306  2  8220 1394 CMT   1.50 GT  LS  HARTFORD INSURANCE GROUP       FULL ENGINE                       3.00
        CB   2306  4  6007 1394 ACOM  1.00 GT  LS  HARTFORD INSURANCE GROUP       FULL ENGINE                       2.03
        CB   6767  1  1681 4294 ACOM  1.00 GT  LS  HARTFORD INSURANCE GROUP       MICRO ENGINE                      2.03
        CB   4072  3  5028 3963 XCOM  1.50 UNA LS  HITACHI METALS                 DUAL-MINI ENGINE                  3.01
        CB   3032  1   311  399 ACOM  1.00 UNA LS  NINETY COMMERCE RD             FULL ENGINE                       2.03
        CB   3032  1  7472  399 ACOM  0.00 UNA LS  NINETY COMMERCE RD.            FULL ENGINE                       2.03
        CB   3032  1  7473  399 ACOM  0.00 UNA LS  NINETY COMMERCE RD.            FULL ENGINE                       2.03
        CB   3347  4  2741 5201 OTD   1.00 UNA LS  PITNEY BOWES - OUTDIAL         MICRO ENGINE                      0.00
        CB   5627  2  2633 7188 SNA   4.00 KB  MK  PUTNAM COMPANIES               DUAL MINI ENGINE                  1.04
        CB   5673  1  3301 3695 SNA   4.00 KB  MK  PUTNAM COMPANIES               FULL ENGINE                       1.04
        CB   5673  2  3512 3695 CMT   1.50 KB  MK  PUTNAM COMPANIES               FULL ENGINE                       4.02
        CB   7753  2  2726 4911 CMT   1.50 KB  MK  PUTNAM COMPANIES               MICRO ENGINE                      4.02
        CB  10114  1  3999 7963 XCOM  1.50 UA  LS  REED LIGNIN-CT                 FULL ENGINE                       3.01
        CB   2403  4  3946 5478 XCOM  1.50 UNA LS  REED LIGNIN-WI                 FULL ENGINE                       3.01
        CB   6203  1  8870 7767 ACOM  1.00 UNA UNA SUNGUARD                       FULL ENGINE                       2.03
        CB   6203  2  6858 7767 SNA   4.00 UNA UNA SUNGUARD                       FULL ENGINE                       1.04
        CB   6203  3  9013 7767 CMT   1.50 UNA UNA SUNGUARD                       FULL ENGINE                       3.00
        CB   6310  2  8164 7390 XCOM  1.50 VM  MK  TECHNICAL DATA INTERNATIONAL   MINI ENGINE                       3.01
        CB   6140  2  9853 7569 XCOM  1.50 VM  MK  TECHNICAL DATA/STRATEGIC INFO  FULL ENGINE                       3.01
        CB   7764  3  9801 7790 XCOM  1.50 VM  MK  TECHNICAL DATA/STRATEGIC INFO  MINI ENGINE                       3.01
        CB   2315  5  2212 1821 XCOM  1.50 UNA LS  TERRY CORP                     FULL ENGINE                       3.01
        CB  10005  1 18986 7845 CSAT  0.50 UNA LS  TYMNET                         MICRO ENGINE                      3.02
        CB   5524  2  1245 7023 XCOM  1.50 KB  MK  UBIO, INC                      FULL ENGINE                       3.01
        CB   3671  3  7079 3454 XCOM  1.50 UNA UNA WESTCHESTER COUNTY, NY         DUAL-MINI ENGINE                  3.01
        JO  10522  1  3365 8535 PBH   2.50 MK  MK  ADVANCED INFO MANAGEMENT       FULL ENGINE                       7.05
        JO  10522  2  3366 8535 CMT   2.50 MK  MK  ADVANCED INFO MANAGEMENT       FULL ENGINE                       3.00
        JO  10522  2  3366 8535 CMT   2.50 MK  MK  ADVANCED INFO MANAGEMENT       FULL ENGINE                       3.00
        PAGE NO.     2
        04/25/88
                                                                      
                                                                      
                                                     NEW ENGLAND DISTRICT CUSTOMER LIST
 
        CC   NODE SL  HOST KHST TYPE   PTS SR  ASR CUSTOMER                       HARDWARE                       VERSION
 
 
        JO   7612  2  3214 8519 XCOM  1.50 KB  MK  AMHERST (COMPUSOURCE)          FULL ENGINE                       3.01
        JO   2537  1   283 1449 ACOM  1.00 KB  MK  AMHERST (HBO)                  FULL ENGINE                       2.03
        JO   3710  1  9809 9807 ACOM  1.00 VM  MK  AMHERST ASSOCIATES             DUAL MINI                         2.03
        JO   3716  1  9810 9808 ACOM  1.00 VM  MK  AMHERST ASSOCIATES             DUAL MINI                         2.03
        JO   6370  1  3425 1248 XCOM  1.50 VM  MK  BANK OF BOSTON                 FULL ENGINE                       3.01
        JO   7611  3  3419 8518 XCOM  1.50 VM  MK  BANK OF BOSTON                 FULL ENGINE                       3.01
        JO  10106  1  5609 8644 XCOM  0.00 VM  MK  BANK OF BOSTON                 FULL ENGINE                       3.01
        JO  10106  1  3027 8644 XCOM  1.50 VM  MK  BANK OF BOSTON                 FULL ENGINE                       3.01
        JO  10106  2  5154 8644 XCOM  0.00 VM  MK  BANK OF BOSTON                 FULL ENGINE                       3.01
        JO  10106  2  8645 8644 XCOM  1.50 VM  MK  BANK OF BOSTON                 FULL ENGINE                       3.01
        JO  10106  4  8894 8644 CMT   1.50 VM  MK  BANK OF BOSTON                 FULL ENGINE                       3.00
        JO  10106  5  8895 8644 SNA   4.00 VM  MK  BANK OF BOSTON                 FULL ENGINE                       1.05
        JO  10575  1  8855 8854 ACOM  1.00 VM  MK  BANK OF BOSTON                 MICRO ENGINE                      2.03
        JO   7614  2  5941 8521 XCOM  1.50 KB  MK  BIOGEN                         FULL ENGINE                       3.01
        JO   3367  1  8503 7815 XCOM  1.50 UNA MK  BURLINGTON COAT FACTORY        FULL ENGINE                       3.01
        JO   7611  2  5441 8518 XCOM  1.50 UNA MK  BURLINGTON COAT FACTORY        FULL ENGINE                       3.01
        JO  10514  2  3221 8529 XCOM  1.50 VM  MK  DPSI                           FULL ENGINE                       3.01
        JO   4373  1  3106 4572 ACOM  0.00 KB  MK  FOXBORO                        FULL ENGINE                       2.03
        JO   4373  1  4573 4572 ACOM  1.00 KB  MK  FOXBORO                        FULL ENGINE                       2.03
        JO   4373  1  7756 4572 PBH   2.50 KB  MK  FOXBORO                        FULL ENGINE                       7.05
        JO   4373  3  4574 4572 PBH   2.50 KB  MK  FOXBORO                        FULL ENGINE                       7.05
        JO   4373  4  4575 4572 CMT   1.50 KB  MK  FOXBORO                        FULL ENGINE                       2.06
        JO   4373  2 18575 4572 CSAT  1.00 KB  MK  FOXBORO- 18575                 FULL ENGINE                       3.02
        JO   3557  3  6015 5660 XCOM  1.50 KB  MK  GENERAL VIDEOTEX               FULL ENGINE                       3.01
        JO   7613  1  3035 8520 XCOM  1.50 KB  MK  GENERAL VIDEOTEX               FULL ENGINE                       3.01
        JO   7617  1  7730 7729 AHI-8 1.00 UNA LS  GREEFF FABRIC, PORT CHESTER NY MICRO ENGINE                      2.03
        JO   3124  3  1042 2002 XCOM  1.50 UNA MK  INTERACTIVE DATA CORP          MICRO ENGINE                      3.01
        JO  10512  3  1508 8527 XCOM  1.50 UNA MK  INTERACTIVE DATA CORP          FULL ENGINE                       3.01
        JO  10522  3  4696 8535 PBH   2.50 UNA MK  JOHN HANCOCK                   FULL ENGINE                       7.05
        JO  10522  4  4697 8535 CMT   1.50 UNA MK  JOHN HANCOCK                   FULL ENGINE                       2.06
        JO  10513  4  1999 8528 ASYOT 1.00 VM  MK  LASERDATA                      FULL ENGINE                       2.03
        JO  11232  1  4241 1987 ACOM  1.00 VM  MK  MONEY MANAGEMENT               MICRO ENGINE                      2.03
        JO   7623  1  5539 8522 XCOM  1.50 VM  MK  NEC                            FULL ENGINE                       3.01
        JO   4056  2  4663 3688 XCOM  1.50 VM  MK  SEMIKRON                       FULL ENGINE                       3.01
        JO   3511  3  4248 3189 XCOM  1.50 UNA MK  TERADYNE                       FULL ENGINE                       3.01
        JO   7612  4  3120 8519 XCOM  1.50 UNA MK  TERADYNE                       FULL ENGINE                       3.01
        JO   7613  3  3457 8520 XCOM  1.50 UNA MK  TERADYNE                       FULL ENGINE                       3.01
        JO  10513  2  1157 8528 MENU  1.00 MK  MK  TYMNET                         FULL ENGINE                       1.11
        JO   2657  3  3540 2294 OUTD  1.00 VM  MK  TYPE SETTING SERVICES          FULL ENGINE                       2.03
        JO   7613  2  3434 8520 XCOM  1.50 UNA MK  WANG LABS                      FULL ENGINE                       3.01
        JO   3511  2  4020 3189 XCOM  1.50 UNA MK  WANG LABS BLOOMFIELD SITE      FULL ENGINE                       3.01
        JO   7614  1  4018 8521 XCOM  1.50 UNA MK  WANG LABS SALEM SITE           FULL ENGINE                       3.01
        LB   4437  1  5846 5845 ACOM  1.00 RS  LS  AMERICAN STANDARD              MICRO ENGINE                      2.03
        LB   4304  3  1926 4363 XCOM  1.50 UNA LS  BIBLIOGRAPHIC RETRIEVAL SERVIC N/A                               3.01
        LB   6146  4   581 7575 XCOM  1.00 RS  LS  BILIOGRAPHIC RETRIEVAL         FULL ENGINE                       3.01
        LB   2166  3  1642 1377 XCOM  1.00 RS  LS  CORNELL UNIVERITY              DUAL MINI-ENGINE                  3.01
        LB  10435  1  6392 6390 XCOM  1.00 RS  LS  CORNING GLASS                  FULL ENGINE                       3.01
        LB  10435  2  2229 6390 PBH   2.00 RS  LS  CORNING GLASS                  FULL ENGINE                       7.03
        LB  10435  3  4584 6390 CMT   1.50 RS  LS  CORNING GLASS                  FULL ENGINE                       2.06
        LB   6463  4   155 1956 XCOM  1.00 RS  LS  I.P. SHARPE ASSOC.             FULL ENGINE                       3.01
        LB   6463  4   155 1956 XCOM  1.00 RS  LS  I.P. SHARPE ASSOC.             FULL ENGINE                       3.01
        PAGE NO.     3
        04/25/88
                                                                      
                                                                      
                                                     NEW ENGLAND DISTRICT CUSTOMER LIST
 
        CC   NODE SL  HOST KHST TYPE   PTS SR  ASR CUSTOMER                       HARDWARE                       VERSION
 
 
        LB   5323  1  4203 3898 ACOM  1.00 RS  LS  INFORMATION ASSOC.             FULL ENGINE                       2.03
        LB   5323  2  4214 3898 PBH   2.00 RS  LS  INFORMATION ASSOC.             FULL ENGINE                       7.05
        LB   5323  3  4254 3898 CMT   1.50 RS  LS  INFORMATION ASSOC.             FULL ENGINE                       2.06
        LB   2736  3  1537 2383 PBH   2.50 RS  LS  KODAK                          N/A                               2.50
        LB   2736  4  3325 2383 CMT   1.50 RS  LS  KODAK                          N/A                               3.00
        LB   4676  2  7589 5889 XCOM  1.00 RS  LS  KODAK                          FULL ENGINE                       3.01
        LB   6463  2  7596 1956 XCOM  1.00 RS  LS  KODAK                          FULL ENGINE                       3.01
        LB   2736  1  2384 2383 ACOM  1.00 RS  LS  KODAK ROCH                     FULL ENGINE                       2.03
        LB  10057  3  3438 7905 CMT   1.50 RS  LS  MARINE MIDLAND                 MICRO ENGINE                      2.06
        LB  10057  4  1813 7905 PBH   2.00 RS  LS  MARINE MIDLAND                 MICRO ENGINE                      7.05
        LB  10057  3  4740 7903 XCOM  1.50 FM  LS  MARINE MIDLAND BANK            FULL ENGINE                       3.01
        LB   2455  1  2968 2967 ACOM  1.00 UNA MK  MITEL                          FULL ENGINE                       2.03
        LB   2455  2 18118 2967 CSAT  0.50 UNA MK  MITEL                          FULL ENGINE                       2.06
        LB   3246  1  1817 1816 ACOM  1.00 UNA MK  MITEL - BOCA                   MICRO ENGINE                      2.03
        LB   3246  2 18114 1816 CSAT  0.05 UNA MK  MITEL - BOCA # 18114           MICRO ENGINE                      2.06
        LB   2461  1  2046 2025 ACOM  1.00 UNA MK  MITEL - KANATA                 MICRO ENGINE                      2.03
        LB   4021  1 18164 3813 CSAT  0.50 UNA MK  MITEL BURLINGTON VT - 18164    MICRO ENGINE                      2.06
        LB   2461  2 18089 2025 CSAT  0.50 BMU MK  MITEL KANATA                   MICRO ENGINE                      2.06
        LB   5364  1  6164 6136 ACOM  1.00 RS  LS  OCCIDENTAL CHEMICAL            MICRO ENGINE                      2.03
        LB  10055  2  2085 7903 XCOM  1.50 RS  LS  OCCIDENTAL CHEMICAL            N/A                               3.01
        LB   2454  4  7272 5487 XCOM  1.00 RS  LS  WESTERN STAR TRUCKS            FULL ENGINE                       3.01
        LB   3541  1   842  841 ACOM  1.00 GT  LS  XEROX                          MICRO ENGINE                      2.03
        LB   3541  2 21541  841 TSAT  0.50 GT  LS  XEROX                          MICRO ENGINE                      3.02
        LB   3754  4  4117 3591 XCOM  1.50 GT  LS  XEROX                          FULL ENGINE                       0.00
        LB   4645  1  3031 8167 SHST  0.00 GT  LS  XEROX                          MICRO ENGINE                      2.03
        LB   4645  1  2112 8167 ACOM  0.00 GT  LS  XEROX                          MICRO ENGINE                      2.03
        LB   4645  1  2118 8167 SHST  0.00 GT  LS  XEROX                          MICRO ENGINE                      2.03
        LB   4645  1  6020 8167 SHST  0.00 GT  LS  XEROX                          MICRO ENGINE                      2.03
        LB   4645  1  2119 8167 ACOM  1.00 GT  LS  XEROX                          MICRO ENGINE                      2.03
        LB   4654  1  4317 1230 XCOM  1.50 GT  LS  XEROX                          FULL ENGINE                       3.01
        LB   4654  3  7282 1230 XCOM  1.50 GT  LS  XEROX                          FULL ENGINE                       3.01
        LB   4665  1   152 8168 SHST  0.00 GT  LS  XEROX                          MICRO ENGINE                      2.03
        LB   4665  1  1262 8168 SHST  0.00 GT  LS  XEROX                          MICRO ENGINE                      2.03
        LB   4665  1  3028 8168 SHST  0.00 GT  LS  XEROX                          MICRO ENGINE                      2.03
        LB   4665  1  3029 8168 SHST  0.00 GT  LS  XEROX                          MICRO ENGINE                      2.03
        LB   4665  1  1264 8168 SHST  0.00 GT  LS  XEROX                          MICRO ENGINE                      2.03
        LB   4665  1  3030 8168 SHST  0.00 GT  LS  XEROX                          MICRO ENGINE                      2.03
        LB   4665  1  4733 8168 SHST  1.00 GT  LS  XEROX                          MICRO ENGINE                      2.03
        LB   4665  1  1265 8168 ACOM  1.00 GT  LS  XEROX                     MICRO ENGINE                      2.03
        LB   5012  2  8350 8169 SNA   4.00 GT  LG  XEROX                          FULL ENGINE                       1.03
        LB   5012  3  8351 8169 CMT   1.50 GT  LG  XEROX                          FULL ENGINE                       2.06
        LB   5222  1  6502 6501 ACOM  1.00 GT  LS  XEROX                          FULL ENGINE                       2.03
        LB   5453  1  9782 8235 XCOM  1.50 GT  LS  XEROX                          MICRO ENGINE                      2.03
        MH   6145  3  5157 7574 XCOM  1.50 UNA LS  ADJUSTCO                       FULL ENGINE                       3.01
        MH   2045  3  8797 2624 XCOM  1.50 FM  LS  AHLSTROM                       FULL ENGINE                       3.01
        MH   2315  3  5081 1821 XCOM  1.50 JB  LS  CADBURY SCHWEPPES              FULL ENGINE                       3.01
        MH   6366  4  7238 1235 XCOM  1.50 JB  LS  COMPUCARD                      FULL ENGINE                       3.01
        MH   2315  1  5355 1821 XCOM  1.50 UNA LS  CONNECTICUT NATIONAL BANK      FULL ENGINE                       3.01
        MH   2657  1  8559 2294 CMT   1.50 UNA LS  CONNECTICUT NATIONAL BANK      FULL ENGINE                       7.02
        MH   5334  3  8684 6735 CMT   1.50 UNA LS  CONNECTICUT NATIONAL BANK      FULL ENGINE                       3.00
        MH   5334  3  8684 6735 CMT   1.50 UNA LS  CONNECTICUT NATIONAL BANK      FULL ENGINE                       3.00
        PAGE NO.     4
        04/25/88
                                                                      
                                                                      
                                                     NEW ENGLAND DISTRICT CUSTOMER LIST
 
        CC   NODE SL  HOST KHST TYPE   PTS SR  ASR CUSTOMER                       HARDWARE                       VERSION
 
 
        MH   5524  3  6064 7023 SNA   4.00 UNA LS  CONNECTICUT NATIONAL BANK      FULL                              1.04
        MH   6370  3  8104 1248 SNA   4.00 UNA LS  CONNECTICUT NATIONAL BANK      FULL ENGINE                       1.04
        MH   7613  2  4537 8520 XCOM  1.50 UNA LS  CONNECTICUT NATIONAL BANK      DUAL MINI ENGINE                  3.01
        MH   7062  1  8284 3460 SNA   4.00 GT  LS  DURACELL                       DUAL MINI ENGINE                  1.04
        MH  10304  1  8285 8286 CMT   1.50 GT  LS  DURACELL                       FULL ENGINE                       3.00
        MH   3557  1  7244 5660 XCOM  1.50 UNA LS  EMERY (DIAL-UP)                FULL ENGINE                       3.01
        MH  10114  2  6897 7963 XCOM  1.50 UNA LS  EMERY (DIAL-UP)                FULL ENGINE                       3.01
        MH   6366  1  3646 1235 X.COM 1.50 UNA LS  EMERY (HP3000)                 FULL ENGINE                       3.01
        MH   7060  3  2196 3159 XCOM  1.50 UNA LS  EMERY (WALL ST.)               DUAL-MINI ENGINE                  3.01
        MH   3511  5  7626 3189 XCOM  1.50 UNA LS  EMERY WORLDWIDE                FULL ENGINE                       3.01
        MH   5631  2  5683 7190 XCOM  1.50 UNA LS  EMERY WORLDWIDE                FULL ENGINE                       3.01
        MH   5753  1  9111 9110 CSAT  1.00 UNA LS  EMERY WORLDWIDE                MICRO                             3.05
        MH  10114  3  3096 7963 XCOM  1.50 UNA LS  EMERY WORLDWIDE                FULL ENGINE                       3.01
        MH   5417  0     0 4450 ATC   0.10 UNA LS  GREENWICH CAPITAL MARKETS      ATC                               0.00
        MH   5474  1  4961 4690 ACOM  1.00 UNA LS  GREENWICH CAPITAL MARKETS      FULL ENGINE                       2.03
        MH  10262  0     0 8234 ATC   0.10 UNA LS  GREENWICH CAPITAL MARKETS      ATC                               0.00
        MH   7557  1  3588 3518 ACOM  1.00 JB  LS  LECROY RESEARCH                MICRO ENGINE                      2.03
        MH   6360  2  5913 1248 XCOM  1.50 JB  LS  MICROGNOSIS                    FULL ENGINE                       3.01
        MH   5333  1  5725 6734 XCOM  1.50 JB  LS  MOLDFLOW AUSTRALIA             FULL ENGINE                       3.01
        MH   5011  3  4831 1979 XCOM  1.50 GT  LS  MONY                           FULL ENGINE                       3.01
        MH   7230  1  3572 1851 PBH   2.50 GT  LS  MONY                           FULL ENGINE VER. 10.01            0.01
        MH   7230  2  3574 1851 CMT   1.50 GT  LS  MONY                           FULL ENGINE                       4.04
        MH   3557  2  8815 5660 XCOM  1.50 UNA LS  N.W.I. CORP.                   FULL ENGINE                       3.01
        MH   7055  2  1389 1437 XCOM  1.50 UNA LS  N.W.I. CORP.                   DUAL MINI ENGINE                  3.01
        MH   3671  1  3474 3454 XCOM  1.50 UNA LS  PERGAMON PRESS                 DUAL MINI ENGINE                  3.01
        MH   2727  3  1959 2358 CMT   1.50 JB  LS  PETER PAUL CADBURY             FULL ENGINE                       3.00
        MH   2727  4  2825 2358 PBH   2.50 JB  LS  PETER PAUL CADBURY             FULL ENGINE                       7.05
        MH  10511  3  1874 8526 XCOM  1.50 VM  MK  PRIME COMPUTER                 FULL ENGINE                       3.01
        MH   7624  4  9314 8523 XCOM  1.50 VM  MK  RAYTHEON                       FULL ENGINE                       3.01
        MH   6310  1  5167 7390 XCOM  1.50 VM  MK  REMANCO                        FULL ENGINE                       3.01
        MH   2211  3  2151 9122 XCOM  1.50 UNA LS  SAVIN                          FULL ENGINE                       3.01
        MH   7034  2  6992 6820 SAS   4.00 CL  NB  SCANDMAVIAN AIRLINES S.A.S.    MICRO ENGINE                      1.00
        MH   7034  1  1875 6820 MENU  1.00 CL  NB  SCANDNAVIAN AIRLINES S.A.S.    MICRO ENGINE                      1.10
        MH   4056  1  2989 3688 SNA   4.00 KB  MK  SUNLIFE OF CANADA              FULL ENGINE                       1.04
        MH   4057  1  8924 3689 SNA   4.00 KB  MK  SUNLIFE OF CANADA              FULL ENGINE                       1.04
        MH   4150  1  3206 3692 CMT   1.50 KB  MK  SUNLIFE OF CANADA              FULL ENGINE                       3.00
        MH   4357  1  8925 3693 CMT   1.50 KB  MK  SUNLIFE OF CANADA              FULL ENGINE                       3.00
        MH  10342  2  6648 8359 CMTI  1.50 FM  LS  SUNY                           MICRO                             3.00
        MH  10342  3  5741 8359 PBH   2.50 FM` LS  SUNY                           MICRO ENGINE                      7.05
        MH  10507  4  6910 8524 XCOM  1.50 VM  MK  SYSTEMS DESIGNERS              FULL ENGINE                       3.01
        MH   3102  4  4888 8174 XCOM  1.50 BS  LS  TRAVELERS INSURANCE            FULL ENGINE                       3.01
        MH   4304  4  5653 4363 XCOM  1.50 BS  LS  TRAVELERS INSURANCE            FULL ENGINE                       3.01
        MH   4517  2  9200 4807 XCOM  1.50 UNA LS  TRINTEX                        FULL ENGINE                       3.01
        MH   7056  4  5086 1764 XCOM  1.50 UNA LS  TRINTEX                        DUAL MINI ENGINE                  3.01
        PM  10522  1  3365 8535 PBH   2.50 UNA MK  ADVANCED INFO MANAGEMENT       FULL ENGINE                       7.05
        PM  10522  2  3366 8535 CMT   2.50 UNA MK  ADVANCED INFO MANAGEMENT       FULL ENGINE                       3.00
        PM   7614  4  5220 8521 XCOM  1.50 UNA MK  ADVANTAGE SYSTEMS              FULL ENGINE                       3.01
        PM   7624  1  5525 8523 XCOM  1.50 UNA MK  ALSYS INC.                     FULL ENGINE                       3.01
        PM   7623  3  7540 8522 XCOM  1.50 KB  MK  ANALOG DEVICES                 FULL ENGINE                       3.01
        PM  10512  1  6690 8527 PBH   2.50 KB  MK  ANALOG DEVICES                 FULL ENGINE                       7.05
        PM  10512  1  6690 8527 PBH   2.50 KB  MK  ANALOG DEVICES                 FULL ENGINE                       7.05
        PAGE NO.     5
        04/25/88
                                                                      
                                                                      
                                                     NEW ENGLAND DISTRICT CUSTOMER LIST
 
        CC   NODE SL  HOST KHST TYPE   PTS SR  ASR CUSTOMER                       HARDWARE                       VERSION
 
 
        PM   4250  1  6579 6578 ACOM  1.00 UNA MK  ASPEN TECHNOLOGY               MICRO ENGINE                      2.03
        PM   7624  3  5276 8523 XCOM  1.50 KB  MK  BANYAN SYSTEMS                 FULL ENGINE                       3.01
        PM  10507  3  3414 8524 XCOM  1.50 KB  MK  BOSE                           FULL ENGINE                       3.01
        PM  10511  4  2208 8526 XCOM  1.50 UNA MK  BOSTON GLOBE NEWPAPER          FULL ENGINE                       3.01
        PM   6603  1  1053 3617 SHST  0.00 KB  MK  BTR (STOWE-WOODWARD)           MICRO ENGINE                      2.03
        PM   6603  1  5119 3617 ACOM  1.00 KB  MK  BTR (STOWE-WOODWARD)           MICRO ENGINE                      2.03
        PM  10513  3  9852 8528 MENU  1.00 KB  MK  BTR, INC. (STOWE-WOODWARD)     FULL ENGINE                       1.11
        PM   3700  1  7385 3911 ACOM  1.00 KB  MK  C.W.COMMUNICATIONS             FULL ENGINE                       2.03
        PM   4023  1  7883 3816 SHST  0.00 KB  MK  COMPUTERVISION                 FULL ENGINE                       2.03
        PM   4023  1  3817 3816 ACOM  1.00 KB  MK  COMPUTERVISION                 FULL ENGINE                       2.03
        PM   4023  2  4651 3816 PBH   2.50 KB  MK  COMPUTERVISION                 FULL ENGINE                       7.05
        PM   4023  3  2150 3816 XCOM  0.00 KB  MK  COMPUTERVISION                 FULL ENGINE                       3.01
        PM   4023  3  8100 3816 XCOM  1.50 KB  MK  COMPUTERVISION                 FULL ENGINE                       3.01
        PM   4023  3  3166 3816 XCOM  1.50 KB  MK  COMPUTERVISION                 FULL ENGINE                       3.01
        PM   5227  0 18968 6340 ATC   0.10 UNA MK  CONSILIUM                      ATC                               0.00
        PM   2740  1  2387 2386 ACOM  1.00 KB  MK  CULLINET DATABASE SYS.         FULL ENGINE                       2.03
        PM   2740  2  5453 2386 PBH   2.50 KB  MK  CULLINET SOFTWARE              FULL ENGINE                       7.05
        PM   2740  3  5454 2386 CMTI  1.50 KB  MK  CULLINET SOFTWARE              FULL ENGINE                       2.06
        PM   2740  4  4524 2386 XCOM  1.50 VM  MK  CULLINET SOFTWARE              FULL ENGINE                       3.01
        PM  10507  1  8187 8524 XCOM  1.50 UNA MK  DYNAMICS RESEARCH              FULL ENGINE                       3.01
        PM   3353  1  2908 2907 ACOM  1.00 KB  MK  FIDELITY SYSTEMS               FULL ENGINE                       2.03
        PM   3353  2 18300 2907 CSAT  0.50 KB  MK  FIDELITY SYSTEMS               FULL ENGINE                       3.04
        PM   5517  1  6994 6993 ACOM  1.00 UNA MK  GCA CORP.                      FULL ENGINE                       2.03
        PM   5517  1  6995 6993 PBH   2.50 UNA MK  GCA CORP.                      FULL ENGINE                       7.05
        PM   5517  3  6996 6993 CMTI  1.50 UNA MK  GCA CORP.                      FULL ENGINE                       3.00
        PM   4606  1  4956 4955 ACOM  1.50 VM  MK  GILLETTE COMPANY               FULL ENGINE                       2.03
        PM   4606  2 18697 4955 CSAT  1.05 VM  MK  GILLETTE COMPANY               FULL ENGINE                       3.04
        PM  10260  1  8223 8222 ACOM  1.00 VM  MK  GILLETTE COMPANY               FULL ENGINE                       2.03
        PM   6001  1  2298 2276 ACOM  1.00 KB  MK  JAMESBURY CORP.                MICRO ENGINE                      2.03
        PM   6310  4  9641 7390 XCOM  0.00 KB  MK  LOTUS DEVELOPMENT              FULL ENGINE                       3.01
        PM   6310  4  2992 7390 XCOM  0.00 KB  MK  LOTUS DEVELOPMENT              FULL ENGINE                       3.01
        PM   6310  4  3271 7390 XCOM  1.50 KB  MK  LOTUS DEVELOPMENT              FULL ENGINE                       3.01
        PM   7612  1  1852 8519 XCOM  1.50 UNA MK  MARKEM CORP.                   FULL ENGINE                       3.01
        PM   3102  1  1671 8174 XCOM  1.50 KB  MK  MASONEILAN                     FULL ENGINE                       3.01
        PM      0  0  1616    0 VBS   1.00 KB  MK  MCGRAW HILL                    V-72 (VARIAN)                     0.00
        PM     40  0   218    0 VBS   1.00 KB  MK  MCGRAW HILL                    V-72 (VARIAN)                     0.00
        PM     40  0   788    0 VBS   1.00 KB  MK  MCGRAW HILL                    V-72 (VARIAN)                     0.00
        PM     40  0   500    0 VBS   1.00 KB  MK  MCGRAW HILL                    V-72 (VARIAN)                     0.00
        PM    172  0    73    0 VBS   1.00 KB  MK  MCGRAW HILL                    V-72 (VARIAN)                     0.00
        PM   2001  0   201  201 SUP   5.00 KB  MK  MCGRAW HILL                    FULL ENGINE                       5.08
        PM   2131  1  1905 1220 XCOM  1.50 KB  MK  MCGRAW HILL                    FULL ENGINE                       3.01
        PM   4057  2   239 3689 XCOM  1.50 KB  MK  MCGRAW HILL                    FULL ENGINE                       3.01
        PM   4060  2  9010 3690 XCOM  1.50 KB  MK  MCGRAW HILL                    FULL ENGINE ...                   3.01
        PM   4070  2  1578 3691 XCOM  1.50 KB  MK  MCGRAW HILL                    FULL ENGINE...                    3.01
        PM   4326  3  6545 4425 XCOM  1.50 KB  MK  MCGRAW HILL                    DUAL-MINI ENGINE                  3.01
        PM   5027  1  1616 6288 GTWY  1.00 KB  MK  MCGRAW HILL                    MICRO ENGINE                      1.04
        PM   6754  1   788 6290 GTWY  1.00 KB  MK  MCGRAW HILL                    FULL ENGINE                       1.04
        PM   7762  3  5602 7768 XCOM  1.50 KB  MK  MCGRAW HILL                    FULL ENGINE                       3.01
        PM  10515  2  9448 8530 XCOM  1.50 KB  MK  MCGRAW HILL                    FULL ENGINE                       3.01
        PM   2600  1  2164 2163 ACOM  1.00 VM  MK  MITRE CORP.                    FULL ENGINE                       2.03
        PM   2600  1  2164 2163 ACOM  1.00 VM  MK  MITRE CORP.                    FULL ENGINE                       2.03
        PAGE NO.     6
        04/25/88
                                                                      
                                                                      
                                                     NEW ENGLAND DISTRICT CUSTOMER LIST
 
        CC   NODE SL  HOST KHST TYPE   PTS SR  ASR CUSTOMER                       HARDWARE                       VERSION
 
 
        PM   2600  2 18134 2163 CSAT  0.50 VM  MK  MITRE CORP.                    FULL ENGINE                       3.02
        PM  10310  1  4597 6763 ACOM  1.00 VM  MK  NEW ENGLAND SALES              MICRO ENGINE                      2.03
        PM   7623  4  6975 8522 XCOM  1.50 KB  MK  SCHLUMBERGER                   FULL ENGINE                       3.01
        PM   2513  1  6335 1629 XCOM  1.50 KB  MK  SCHLUMBERGER, (DENVER)         FULL ENGINE                       3.01
        PM   4135  1  4052 4051 ACOM  1.00 KB  MK  STATE STREET BANK              FULL ENGINE                       2.03
        PM   4135  2 19034 4051 CSAT  0.50 KB  MK  STATE STREET BANK              FULL ENGINE                       3.04
        PM   4135  1  2499 4051 SHST  0.00 KB  MK  STATE STREET BANK (PAYTYM)     FULL ENGINE                       2.03
        PM   6366  3  6810 1235 XCOM  1.50 VM  MK  STRATEGIC INFORMATION - BLMFLD FULL ENGINE                       3.01
        PM  10520  2  7822 8533 XCOM  1.50 VM  MK  STRATEGIC INFORMATION - BOSTON FULL ENGINE                       3.01
        PM   4402  4  8558 5768 XCOM  1.50 UNA MK  TUFTS UNIVERSITY               FULL ENGINE                       3.01
        PM   5014  0  5371    0 CSAT  0.50 UNA MK  UNIVERSITY OF N.H.             MICRO ENGINE                      5.11
        PM   4060  3  5362 3690 XCOM  1.50 KB  MK  WSI                            FULL ENGINE                       3.01
        PM   4070  3  5362 3691 XCOM  1.50 KB  MK  WSI                            FULL ENGINE                       3.01
        PM   4366  1  6132 4552 SHST  0.00 KB  MK  WSI                            FULL ENGINE                       2.03
        PM   4366  1  5358 4552 SHST  0.00 KB  MK  WSI                            FULL ENGINE                       2.03
        PM   4366  1  5337 4552 SHST  0.00 KB  MK  WSI                            FULL ENGINE                       2.03
        PM   4366  1  4553 4552 SHST  0.00 KB  MK  WSI                            FULL ENGINE                       2.03
        PM   4366  1  6131 4552 SHST  0.00 KB  MK  WSI                            FULL ENGINE                       2.03
        PM   4366  1  5361 4552 SHST  0.00 KB  MK  WSI                            FULL ENGINE                       2.03
        PM   4366  1  5359 4552 SHST  0.00 KB  MK  WSI                            FULL ENGINE                       2.03
        PM   4366  1  5360 4552 ACOM  1.00 KB  MK  WSI                            FULL ENGINE                       2.03
        PM   4366  1  5360 4552 XCOM  1.50 KB  MK  WSI                            FULL ENGINE                       3.01
        PM   4366  2  1762 4552 XCOM  1.50 KB  MK  WSI                            FULL ENGINE                       3.01
        PM   4366  2  4962 4552 XCOM  1.50 KB  MK  WSI                            FULL ENGINE                       3.01
        PM   4366  3 19001 4552 CSAT  1.00 KB  MK  WSI                            FULL ENGINE                       3.04
        PM   4710  1 18370 5135 CSAT  1.00 KB  MK  WSI                            FULL ENGINE                       3.02
        WR   7166  1 19128 1548 CSAT  0.50 HSE MK  DEC - (GREGG,INC.) WALTHAM,MA. MICRO ENGINE                      3.04
        WR   2513  4  5250 1629 XCOM  1.50 HSE MK  DEC - COLORADO SPRINGS, CO.    FULL ENGINE                       3.01
        WR   2515  2  7558 1523 XCOM  1.50 HSE MK  DEC - COLORADO SPRINGS, CO.    FULL ENGINE                       3.01
        WR   3622  4  3272 5680 XCOM  1.50 HSE MK  DEC - COLORADO SPRINGS, CO.    FULL ENGINE                       3.01
        WR   3150  1  2693 2692 ACOM  1.00 HSE MK  DEC - CULVER CITY, CA.         FULL ENGINE                       2.03
        WR   4112  1  4005 4004 ACOM  1.00 HSE MK  DEC - LANDOVER, MD.            FULL ENGINE                       2.03
        WR   5100  3  3524 6103 XCOM  1.00 HSE MK  DEC - LITTLETON, MA.           FULL ENGINE                       3.01
        WR   7064  0 18924 4267 ATC . 0.10 HSE MK  DEC - MAYNARD, MA.             ATC                               0.00
        WR   4526  1  4831 4830 ACOM  1.00 HSE MK  DEC - MERRIMACK, N.H.          FULL ENGINE                       2.03
        WR   4526  2  8069 4830 MENU  1.00 HSE MK  DEC - MERRIMACK, N.H.          FULL ENGINE                       1.10
        WR   5607  1  7136 7135 ACOM  1.00 HSE MK  DEC - MERRIMCACK N.H.          FULL ENGINE                       2.03
        WR   7335  1  6100 6104 ACOM  1.00 HSE MK  DEC - NASHUA, N.H.             MICRO ENGINE                      2.03
        WR   3422  1  8951 3342 SHST  0.00 HST MK  DEC - PARSIPPANY, NJ.          FULL ENGINE                       2.03
        WR   3422  1  4401 3342 SHST  0.00 HSE MK  DEC - PARSIPPANY, NJ.          FULL ENGINE                       2.03
        WR   3422  1  8790 3342 ACOM  1.00 HSE MK  DEC - PARSIPPANY, NJ.          FULL ENGINE                       2.03
        WR   6072  3  7422 7505 XCOM  1.50 HSE MK  DEC - PARSIPPANY, NJ.          FULL ENGINE                       3.01
        WR  10230  1  7908 8138 SHST  0.00 HSE MK  DEC - PARSIPPANY, NJ.          FULL ENGINE                       2.03
        WR  10230  1  8139 8138 ACOM  1.00 HSE MK  DEC - PARSIPPANY, NJ.          FULL ENGINE                       2.03
        WR   4072  3  4389 3963 XCOM  1.00 HSE MK  DEC - PRINCETON, NJ.           DUAL MINI ENGINE                  3.01
        WR   4163  1  4161 4160 ACOM  1.00 HSE MK  DEC - SCHAUMBURG, IL.          FULL ENGINE                       2.03
        WR   3326  1  2884 2883 ACOM  1.00 HSE MK  DEC - STOW, MA.                MICRO MICRO ENGINE                2.03
 *@+