1
 
                   MAX
            TOTAL  SIM                MAXIMUM CPS                   CONNECT
 DATE  HOUR USERS USERS            IN         OUT       TOTAL         HOURS
 
 
 950109   1     9     2        231.13      123.82      251.63          0.73
 950109   2     6     1        138.48        5.63      144.12          0.47
 950109   3     2     1        104.80        3.05      107.85          0.15
 950109   4     7     2        130.60        6.00      135.33          0.47
 950109   5     4     1        135.23       27.43      140.22          0.47
 950109   6     2     1        107.00      128.55      134.43          0.23
 950109   7     1     1          0.05        1.70        1.75          0.02
 950109   8     0     0          0.00        0.00        0.00          0.00
 950109   9     0     0          0.00        0.00        0.00          0.00
 950109  10     0     0          0.00        0.00        0.00          0.00
 950109  11     0     0          0.00        0.00        0.00          0.00
 950109  12     8     3        123.90      446.67      453.63          0.95
 950109  13    32     8        499.75      958.58     1455.12          3.10
 950109  14   100    12        639.52      875.73     1374.37          7.57
 950109  15   108    11        564.98      768.27     1220.03          7.55
 950109  16   109    15        581.53      990.62     1180.15          9.35
 950109  17   122    17        595.20      775.07     1317.83         10.12
 950109  18    91    12        631.63      711.08     1223.35          7.67
 950109  19    84    11        533.83      562.53      818.08          6.80
 950109  20    99    13        700.10      703.22     1281.53          9.23
 950109  21   131    17        692.70      735.55     1210.42         11.68
 950109  22   125    19        843.87      752.67     1596.53         10.15
 950109  23   114    16        744.02      639.23     1269.42          8.82
 950109  24    64    10        679.33      592.37     1211.48          6.23
1
 
                   MAX
            TOTAL  SIM                MAXIMUM CPS                   CONNECT
 DATE  HOUR USERS USERS            IN         OUT       TOTAL         HOURS
 
 
 950110   1    45     8        485.87      560.73      864.23          3.68
 950110   2    27     6        502.47      336.97      697.92          3.83
 950110   3    24     4        310.50      415.70      493.40          2.62
 950110   4    13     2        334.92      190.87      356.58          1.20
 950110   5    10     2        265.47      138.20      353.92          0.73
 950110   6     2     2        272.63        6.82      279.45          1.13
 950110   7     3     1        128.92        5.97      134.88          0.20
 950110   8     1     1          0.47        0.77        1.23          0.02
 950110   9     0     0          0.00        0.00        0.00          0.00
 950110  10     0     0          0.00        0.00        0.00          0.00
 950110  11     1     1          0.05        1.70        1.75          0.02
 950110  12     8     3        141.98      262.12      313.62          0.67
 950110  13    45     9        552.72      581.63      866.53          3.48
 950110  14    90    12        659.90      739.20     1289.83          7.67
 950110  15    92    11        529.55      779.25     1065.97          7.28
 950110  16   131    13        560.75      609.33     1040.75          7.85
 950110  17    97    16        766.08      972.37     1291.93          9.23
 950110  18    84    11        588.17      660.22      865.70          7.23
 950110  19    98    13        692.40      790.13     1176.08          8.20
 950110  20   107    11        519.37      645.65      961.47          8.45
 950110  21   124    14        550.30     1048.62     1560.50         10.83
 950110  22   143    16        912.57      882.55     1448.37         11.18
 950110  23   113    15        798.82      803.88     1340.28         10.07
 950110  24    77    11        607.45      501.85      981.13          5.22
1
 
                   MAX
            TOTAL  SIM                MAXIMUM CPS                   CONNECT
 DATE  HOUR USERS USERS            IN         OUT       TOTAL         HOURS
 
 
 950111   1    50     7        622.75      362.57      786.70          3.53
 950111   2    26     7        718.98      344.27      865.57          3.63
 950111   3    16     4        339.02      317.65      548.57          2.57
 950111   4    12     4        271.65      220.05      438.72          1.70
 950111   5     7     3        326.90       18.87      345.77          1.33
 950111   6     3     1        131.85      142.25      145.75          0.35
 950111   7     0     0          0.00        0.00        0.00          0.00
 950111   8     2     1          0.05        1.70        1.75          0.03
 950111   9     0     0          0.00        0.00        0.00          0.00
 950111  10     0     0          0.00        0.00        0.00          0.00
 950111  11     0     0          0.00        0.00        0.00          0.00
 950111  12    13     4        125.62      346.55      399.32          0.52
 950111  13    32     8        431.32      858.00      962.92          4.27
 950111  14    88    14        616.37     1187.62     1507.67          8.38
 950111  15    99    11        497.38      838.75     1086.75          7.77
 950111  16   101    14        574.77      604.35      976.85          8.20
 950111  17   115    15        411.17     1009.62     1256.43         10.90
 950111  18    67    11        572.13      697.90     1026.40          6.98
 950111  19    94    12        483.52      727.70     1112.95          8.30
 950111  20   110    14        391.70      790.45      948.72          8.82
 950111  21   100    16        514.52      732.02     1118.03         10.65
 950111  22   152    17       1072.92      651.72     1316.27         12.47
 950111  23   273    24        746.52      892.10     1325.73         14.13
 950111  24   143    18        706.90      373.47      842.37          9.07
1
 
                   MAX
            TOTAL  SIM                MAXIMUM CPS                   CONNECT
 DATE  HOUR USERS USERS            IN         OUT       TOTAL         HOURS
 
 
 950112   1    52     8        753.07      505.82      960.73          3.80
 950112   2    37     6        473.00      206.68      615.53          3.15
 950112   3    15     3        227.43      186.02      413.45          1.50
 950112   4     9     3        254.50      171.57      374.73          1.43
 950112   5    13     3        186.72      211.78      398.50          0.73
 950112   6     5     1        121.05      157.77      162.85          0.25
 950112   7     5     1        215.07       10.88      225.95          0.35
 950112   8     0     0          0.00        0.00        0.00          0.00
 950112   9     0     0          0.00        0.00        0.00          0.00
 950112  10     0     0          0.00        0.00        0.00          0.00
 950112  11     1     1        136.53        4.00      140.53          0.03
 950112  12     5     3        143.00      172.85      265.53          0.93
 950112  13    36     5        363.03      462.97      627.65          2.97
 950112  14   100    12        592.38     1100.07     1441.05          7.80
 950112  15    96    12        659.17      742.10     1181.45          8.22
 950112  16    95    14        672.33      977.10     1445.65          9.98
 950112  17   146    16        607.07     1132.22     1560.65         10.97
 950112  18    94    15        526.78      988.95     1304.85          8.65
 950112  19    87    14        938.77      937.15     1318.65          7.52
 950112  20   173    17        730.03      920.23     1150.27         10.98
 950112  21   141    16        736.08      768.12     1045.05         10.90
 950112  22   128    16        731.78      759.40     1191.07         11.08
 950112  23    98    13        662.17      685.37     1142.83          9.38
 950112  24    84     9        700.55      889.95     1157.12          5.57
1
 
                   MAX
            TOTAL  SIM                MAXIMUM CPS                   CONNECT
 DATE  HOUR USERS USERS            IN         OUT       TOTAL         HOURS
 
 
 950113   1    66     7        489.85      306.57      716.18          4.33
 950113   2    24     5        581.47      313.60      725.03          2.72
 950113   3    15     3        333.22      311.87      536.38          1.85
 950113   4    11     3        123.28      313.90      380.85          0.93
 950113   5     8     1         62.67       91.18      145.80          0.75
 950113   6     6     1        135.47      154.90      159.37          0.55
 950113   7     1     1        131.92        8.53      140.45          0.27
 950113   8     0     0          0.00        0.00        0.00          0.00
 950113   9     0     0          0.00        0.00        0.00          0.00
 950113  10     0     0          0.00        0.00        0.00          0.00
 950113  11     0     0          0.00        0.00        0.00          0.00
 950113  12     6     1        137.10       86.92      149.53          0.52
 950113  13    64    12        385.73      346.90      677.92          3.62
 950113  14   427    19        536.70      424.68      827.15         12.00
 950113  15   346    24        527.07     1162.13     1425.58         16.00
 950113  16   136    15        669.35     1133.05     1528.90         10.47
 950113  17   108    14        559.32     1168.53     1417.58         10.78
 950113  18    87    14        531.35      761.72     1152.73          9.60
 950113  19    92    13        469.25      858.52     1086.68          8.68
 950113  20    95    16        599.17      931.27     1197.63         10.58
 950113  21   213    22        627.87      814.42     1164.17         12.08
 950113  22   128    13        910.62      838.48     1398.60          8.83
 950113  23    87    11        831.83      714.90      926.15          7.68
 950113  24    41     7        504.20      277.77      701.40          3.47
1     MAXIMUM OF MAXIMUM SIMULTANEOUS USERS
 
 
                   MAX
            TOTAL  SIM                MAXIMUM CPS                   CONNECT
 DATE  HOUR USERS USERS            IN         OUT       TOTAL         HOURS
 
 950111  23   273    24        746.52      892.10     1325.73         14.13
 
 
     MAXIMUM OF CONNECT HOURS
 
 
                   MAX
            TOTAL  SIM                MAXIMUM CPS                   CONNECT
 DATE  HOUR USERS USERS            IN         OUT       TOTAL         HOURS
 
 950113  15   346    24        527.07     1162.13     1425.58         16.00
1
  