1
 
                   MAX
            TOTAL  SIM                MAXIMUM CPS                   CONNECT
 DATE  HOUR USERS USERS            IN         OUT       TOTAL         HOURS
 
 
 950109   1     0     0          0.00        0.00        0.00          0.00
 950109   2     0     0          0.00        0.00        0.00          0.00
 950109   3     0     0          0.00        0.00        0.00          0.00
 950109   4     0     0          0.00        0.00        0.00          0.00
 950109   5     0     0          0.00        0.00        0.00          0.00
 950109   6     0     0          0.00        0.00        0.00          0.00
 950109   7     0     0          0.00        0.00        0.00          0.00
 950109   8     0     0          0.00        0.00        0.00          0.00
 950109   9     0     0          0.00        0.00        0.00          0.00
 950109  10     0     0          0.00        0.00        0.00          0.00
 950109  11     0     0          0.00        0.00        0.00          0.00
 950109  12     0     0          0.00        0.00        0.00          0.00
 950109  13     2     2          5.75      100.02      105.77          0.08
 950109  14     0     0          0.00        0.00        0.00          0.00
 950109  15     7     6          3.28       45.70       48.98          2.38
 950109  16    10     4          3.57       59.92       63.48          1.73
 950109  17    14     6          5.43       90.08       95.52          1.82
 950109  18    10     6          7.52       92.72      100.23          1.82
 950109  19     4     2          0.88       24.10       24.98          1.97
 950109  20    10     4          4.77       50.55       55.32          1.87
 950109  21     8     4          3.27       66.02       69.28          2.40
 950109  22     8     2          5.23       62.67       67.90          0.53
 950109  23     6     3          4.85       61.03       65.88          0.95
 950109  24     4     2          1.82      137.95      139.77          0.40
1
 
                   MAX
            TOTAL  SIM                MAXIMUM CPS                   CONNECT
 DATE  HOUR USERS USERS            IN         OUT       TOTAL         HOURS
 
 
 950110   1     2     2          1.18       69.73       70.92          0.87
 950110   2     0     0          0.00        0.00        0.00          0.00
 950110   3     0     0          0.00        0.00        0.00          0.00
 950110   4     0     0          0.00        0.00        0.00          0.00
 950110   5     0     0          0.00        0.00        0.00          0.00
 950110   6     0     0          0.00        0.00        0.00          0.00
 950110   7     0     0          0.00        0.00        0.00          0.00
 950110   8     0     0          0.00        0.00        0.00          0.00
 950110   9     0     0          0.00        0.00        0.00          0.00
 950110  10     0     0          0.00        0.00        0.00          0.00
 950110  11     0     0          0.00        0.00        0.00          0.00
 950110  12     0     0          0.00        0.00        0.00          0.00
 950110  13     0     0          0.00        0.00        0.00          0.00
 950110  14     4     2          1.25       28.58       29.83          1.30
 950110  15     6     2          2.63       61.63       64.27          0.40
 950110  16     8     4          6.92      108.08      114.08          0.63
 950110  17     6     4          6.65      140.57      147.22          2.52
 950110  18     4     2          1.20       15.27       15.48          1.40
 950110  19     2     2          1.23        8.20        9.43          0.50
 950110  20     6     4          3.80      114.07      117.87          1.70
 950110  21     6     2          4.28      114.07      117.87          0.22
 950110  22     2     2          2.30       27.47       29.77          0.27
 950110  23     8     4          8.30      111.20      117.48          0.92
 950110  24     2     2          6.28      104.90      111.18          0.07
1
 
                   MAX
            TOTAL  SIM                MAXIMUM CPS                   CONNECT
 DATE  HOUR USERS USERS            IN         OUT       TOTAL         HOURS
 
 
 950111   1     4     2          2.70      115.30      117.75          0.23
 950111   2     2     2          0.87       28.67       29.53          1.60
 950111   3     4     2          5.12       28.67       32.33          0.77
 950111   4     4     4          3.38      147.93      151.32          0.15
 950111   5     2     2          1.82       65.78       67.60          0.20
 950111   6     0     0          0.00        0.00        0.00          0.00
 950111   7     0     0          0.00        0.00        0.00          0.00
 950111   8     0     0          0.00        0.00        0.00          0.00
 950111   9     0     0          0.00        0.00        0.00          0.00
 950111  10     0     0          0.00        0.00        0.00          0.00
 950111  11     0     0          0.00        0.00        0.00          0.00
 950111  12     0     0          0.00        0.00        0.00          0.00
 950111  13     2     2          3.58       76.32       79.90          0.05
 950111  14    12     4          6.23       92.27       96.75          2.50
 950111  15     6     4          2.02       42.53       44.55          1.75
 950111  16     6     2          1.20       39.92       41.12          1.07
 950111  17     6     4          2.35       95.55       97.90          1.87
 950111  18     2     2          1.42       68.15       69.57          0.03
 950111  19     6     4          6.73      174.47      181.20          1.07
 950111  20    13     6          5.62       93.23       98.85          1.65
 950111  21     6     4          6.20      111.95      118.15          2.53
 950111  22    12     6          5.72      142.03      147.75          2.60
 950111  23     4     4          2.70       61.73       64.43          0.52
 950111  24     2     2          1.32       92.75       94.07          0.43
1
 
                   MAX
            TOTAL  SIM                MAXIMUM CPS                   CONNECT
 DATE  HOUR USERS USERS            IN         OUT       TOTAL         HOURS
 
 
 950112   1     0     0          0.00        0.00        0.00          0.00
 950112   2     0     0          0.00        0.00        0.00          0.00
 950112   3     0     0          0.00        0.00        0.00          0.00
 950112   4     0     0          0.00        0.00        0.00          0.00
 950112   5     0     0          0.00        0.00        0.00          0.00
 950112   6     0     0          0.00        0.00        0.00          0.00
 950112   7     0     0          0.00        0.00        0.00          0.00
 950112   8     0     0          0.00        0.00        0.00          0.00
 950112   9     0     0          0.00        0.00        0.00          0.00
 950112  10     0     0          0.00        0.00        0.00          0.00
 950112  11     0     0          0.00        0.00        0.00          0.00
 950112  12     0     0          0.00        0.00        0.00          0.00
 950112  13     0     0          0.00        0.00        0.00          0.00
 950112  14     4     2          3.68       91.18       94.87          0.27
 950112  15     3     3          0.95       46.03       46.98          0.33
 950112  16    11     5          4.70       65.83       68.28          2.35
 950112  17     8     4          5.93       99.97      105.90          1.87
 950112  18    10     2          3.93       72.03       73.88          0.80
 950112  19    10     4         13.02       74.22       87.23          0.77
 950112  20    29     6          8.23      101.00      104.48          2.30
 950112  21    14     4          6.62      122.53      129.15          0.83
 950112  22     6     4          4.68      143.82      148.50          0.53
 950112  23     8     4          6.38      173.50      179.88          1.45
 950112  24     2     2          2.40       49.47       51.87          0.07
1
 
                   MAX
            TOTAL  SIM                MAXIMUM CPS                   CONNECT
 DATE  HOUR USERS USERS            IN         OUT       TOTAL         HOURS
 
 
 950113   1     4     2          1.68       57.22       58.90          0.17
 950113   2     2     2          0.27        3.30        3.57          0.13
 950113   3     0     0          0.00        0.00        0.00          0.00
 950113   4     0     0          0.00        0.00        0.00          0.00
 950113   5     0     0          0.00        0.00        0.00          0.00
 950113   6     0     0          0.00        0.00        0.00          0.00
 950113   7     0     0          0.00        0.00        0.00          0.00
 950113   8     0     0          0.00        0.00        0.00          0.00
 950113   9     0     0          0.00        0.00        0.00          0.00
 950113  10     0     0          0.00        0.00        0.00          0.00
 950113  11     0     0          0.00        0.00        0.00          0.00
 950113  12     2     2          4.60      117.70      122.30          0.40
 950113  13     2     2          4.60      117.70      122.30          0.77
 950113  14     6     4          3.75       46.27       48.37          1.43
 950113  15     2     2          1.87       50.63       52.50          0.13
 950113  16    10     2          5.95       80.37       86.32          0.50
 950113  17     6     4          2.52       74.45       76.65          1.30
 950113  18    12     8          8.53      134.48      139.72          4.52
 950113  19     8     4          5.53      149.95      155.48          1.90
 950113  20    17     8          9.10      168.05      177.15          3.15
 950113  21     2     2          1.57       25.30       26.87          0.27
 950113  22     2     2          1.93       35.85       37.78          0.17
 950113  23     4     4          7.27       70.92       78.18          0.47
 950113  24     0     0          0.00        0.00        0.00          0.00
1     MAXIMUM OF MAXIMUM SIMULTANEOUS USERS
 
 
                   MAX
            TOTAL  SIM                MAXIMUM CPS                   CONNECT
 DATE  HOUR USERS USERS            IN         OUT       TOTAL         HOURS
 
 950113  18    12     8          8.53      134.48      139.72          4.52
 
 
     MAXIMUM OF CONNECT HOURS
 
 
                   MAX
            TOTAL  SIM                MAXIMUM CPS                   CONNECT
 DATE  HOUR USERS USERS            IN         OUT       TOTAL         HOURS
 
 950113  18    12     8          8.53      134.48      139.72          4.52
1
  