1
 
                   MAX
            TOTAL  SIM                MAXIMUM CPS                   CONNECT
 DATE  HOUR USERS USERS            IN         OUT       TOTAL         HOURS
 
 
 950109   1     9     3        283.07      297.58      553.95          1.02
 950109   2    12     2         96.82      132.42      229.23          0.45
 950109   3     8     1        113.97       18.02      129.17          0.40
 950109   4    11     2        195.55       53.40      201.03          0.75
 950109   5     7     1        112.85      159.03      161.70          0.38
 950109   6     3     1        112.03       87.62      116.25          0.15
 950109   7     2     1          7.07       31.80       38.87          0.07
 950109   8     0     0          0.00        0.00        0.00          0.00
 950109   9     0     0          0.00        0.00        0.00          0.00
 950109  10     0     0          0.00        0.00        0.00          0.00
 950109  11     3     1          0.05        1.70        1.75          0.07
 950109  12     9     2        270.80       32.80      281.90          0.85
 950109  13    36     9        244.13     1020.02     1147.58          3.05
 950109  14    98    11        569.33     1261.28     1552.65          7.78
 950109  15    93    12        486.53      892.62     1147.73          7.37
 950109  16   128    14        601.38      863.25     1098.42          9.65
 950109  17   125    15        506.78      891.65     1139.15         10.27
 950109  18    80    11        345.52      736.92      986.52          7.53
 950109  19    94    11        375.25      546.75      804.50          7.25
 950109  20   124    14        635.33      684.67     1276.95          9.55
 950109  21   126    17        601.20     1013.88     1202.82         11.63
 950109  22   108    14        699.88      775.25     1111.40         10.02
 950109  23   106    15        763.77      528.38     1231.97          8.97
 950109  24    84    11        766.43      598.93     1233.75          6.35
1
 
                   MAX
            TOTAL  SIM                MAXIMUM CPS                   CONNECT
 DATE  HOUR USERS USERS            IN         OUT       TOTAL         HOURS
 
 
 950110   1    42     7        644.20      406.55      749.78          3.78
 950110   2    22     5        494.32      229.98      540.97          3.85
 950110   3    21     4        373.92      143.32      397.75          2.50
 950110   4    10     2        231.53      142.03      274.38          1.17
 950110   5    13     3        209.17       31.87      241.03          0.82
 950110   6     7     1        131.07      131.75      136.98          0.37
 950110   7     4     1        131.07        5.92      136.98          0.32
 950110   8     3     1        119.60        5.85      125.45          0.20
 950110   9     0     0          0.00        0.00        0.00          0.00
 950110  10     0     0          0.00        0.00        0.00          0.00
 950110  11     2     1          0.05        1.70        1.75          0.03
 950110  12     6     3        123.30      204.43      316.07          1.28
 950110  13    38     6        384.33      421.88      786.75          3.55
 950110  14    76    11        629.72      837.22     1199.07          7.57
 950110  15   108    12        515.15      482.63      922.07          7.73
 950110  16    79    10        495.38      697.15      953.80          7.50
 950110  17   116    13        658.30      754.42     1125.00          9.47
 950110  18   106    12        493.33      713.52     1055.32          7.60
 950110  19    86    12        519.27      663.15     1094.85          8.07
 950110  20   112    14        577.90      878.18     1210.05          9.20
 950110  21   132    15        631.92      879.83     1325.47         10.83
 950110  22   153    15       1039.17      617.63     1498.00         11.37
 950110  23   118    14        820.35      697.70     1397.72         10.10
 950110  24    63    10        692.90      560.48     1253.38          5.15
1
 
                   MAX
            TOTAL  SIM                MAXIMUM CPS                   CONNECT
 DATE  HOUR USERS USERS            IN         OUT       TOTAL         HOURS
 
 
 950111   1    55     6        364.03      481.75      772.68          3.57
 950111   2    35     7        294.58      542.25      693.32          3.68
 950111   3    22     4        387.05      161.17      472.75          2.43
 950111   4    17     3        241.97      166.50      324.80          1.60
 950111   5    12     3        254.60      138.37      378.92          1.27
 950111   6     2     1        117.53       20.78      122.58          0.25
 950111   7     1     1         93.45        5.73       99.18          0.22
 950111   8     4     2          0.07        3.40        3.47          0.12
 950111   9     0     0          0.00        0.00        0.00          0.00
 950111  10     0     0          0.00        0.00        0.00          0.00
 950111  11     4     1          1.23      156.63      157.87          0.10
 950111  12    11     3        106.13      336.58      442.72          0.63
 950111  13    47     8        537.18      665.85      871.05          4.23
 950111  14    89    17        444.02     1087.25     1373.07          8.72
 950111  15    83    11        635.00      646.17     1246.60          7.67
 950111  16   115    14        372.58      621.53      962.05          8.57
 950111  17   126    16        771.10      745.77     1311.65         11.38
 950111  18   111    12        690.33      605.88      983.70          7.65
 950111  19    90    13        426.27      866.18     1034.38          8.23
 950111  20   128    15        553.20      753.30     1102.10          9.10
 950111  21   145    16        714.28      838.47     1370.25         11.00
 950111  22   154    18        907.70      830.68     1384.02         12.35
 950111  23   290    24        621.37      580.97     1152.42         14.52
 950111  24   150    19       1160.90      519.60     1367.85          9.70
1
 
                   MAX
            TOTAL  SIM                MAXIMUM CPS                   CONNECT
 DATE  HOUR USERS USERS            IN         OUT       TOTAL         HOURS
 
 
 950112   1    56     9        556.27      255.73      694.40          4.27
 950112   2    29     8        530.72      355.30      850.12          3.75
 950112   3    15     5        233.28      253.32      328.30          1.68
 950112   4    23     3        255.32      170.30      414.20          1.48
 950112   5    13     3        213.67      115.18      225.40          1.12
 950112   6     9     2        118.52      275.63      282.87          0.48
 950112   7     1     1         25.62        0.77       26.38          1.00
 950112   8     4     1         25.62        1.70       26.38          0.20
 950112   9     0     0          0.00        0.00        0.00          0.00
 950112  10     0     0          0.00        0.00        0.00          0.00
 950112  11     4     1          0.05        1.70        1.75          0.07
 950112  12     7     2        280.63       20.65      288.43          0.78
 950112  13    30     5        516.88      567.85      688.40          3.05
 950112  14    93    13        893.55      560.10     1261.13          7.70
 950112  15   100    12        737.57      764.45     1067.25          8.45
 950112  16   127    15        885.32      925.03     1427.22         10.38
 950112  17   113    17        664.25      800.23     1248.50         11.12
 950112  18   105    14        487.52      683.80      960.07          8.35
 950112  19    77    11        442.72      684.80      947.42          7.40
 950112  20   169    15        621.33      936.57     1294.30         11.08
 950112  21   138    15        838.68      656.80     1121.17         10.67
 950112  22   124    16        966.87      674.15     1423.75         11.00
 950112  23   109    14        743.98      463.38     1059.43          9.50
 950112  24    51     9        484.55      507.38      883.12          5.63
1
 
                   MAX
            TOTAL  SIM                MAXIMUM CPS                   CONNECT
 DATE  HOUR USERS USERS            IN         OUT       TOTAL         HOURS
 
 
 950113   1    41     7        386.27      352.75      622.38          4.23
 950113   2    25     6        396.73      342.30      581.80          3.17
 950113   3    22     4        381.10      298.88      679.98          2.50
 950113   4    15     3        314.37      210.23      372.13          1.37
 950113   5    12     2        135.57      122.03      245.43          1.03
 950113   6     6     1        135.25       11.17      139.67          0.68
 950113   7     2     2         58.45        3.07       61.52          0.32
 950113   8     3     1          3.57        1.70        5.27          0.07
 950113   9     0     0          0.00        0.00        0.00          0.00
 950113  10     0     0          0.00        0.00        0.00          0.00
 950113  11     0     0          0.00        0.00        0.00          0.00
 950113  12     6     2        122.25      146.65      162.23          0.47
 950113  13    57    10        481.33      471.73      662.50          3.77
 950113  14   343    19        618.62      667.37     1285.98         10.43
 950113  15   274    26        823.28      865.15     1636.70         14.27
 950113  16   118    17        644.65      999.35     1502.63         10.48
 950113  17   126    15        676.03      735.68     1085.53         11.00
 950113  18    88    14        632.93      703.25     1091.93          9.82
 950113  19   103    12        561.18      643.72      851.25          8.65
 950113  20   120    16        437.23      978.83     1241.42         10.73
 950113  21   168    18        781.38      712.22     1321.45         11.45
 950113  22   106    15        917.72      686.90     1265.08          8.90
 950113  23    70    11        771.03      515.45      930.33          7.63
 950113  24    52     9        590.23      371.62      765.83          3.65
1     MAXIMUM OF MAXIMUM SIMULTANEOUS USERS
 
 
                   MAX
            TOTAL  SIM                MAXIMUM CPS                   CONNECT
 DATE  HOUR USERS USERS            IN         OUT       TOTAL         HOURS
 
 950113  15   274    26        823.28      865.15     1636.70         14.27
 
 
     MAXIMUM OF CONNECT HOURS
 
 
                   MAX
            TOTAL  SIM                MAXIMUM CPS                   CONNECT
 DATE  HOUR USERS USERS            IN         OUT       TOTAL         HOURS
 
 950111  23   290    24        621.37      580.97     1152.42         14.52
1
  