1
 
                   MAX
            TOTAL  SIM                MAXIMUM CPS                   CONNECT
 DATE  HOUR USERS USERS            IN         OUT       TOTAL         HOURS
 
 
 950103   1     4     2         28.27       93.62      111.33          1.10
 950103   2     6     3         29.03      151.15      180.18          1.38
 950103   3     9     4         37.10      189.13      226.23          2.72
 950103   4     3     2         23.00      114.63      137.63          1.23
 950103   5     3     2         12.28       73.93       86.22          1.35
 950103   6     2     2         16.60       77.12       93.72          0.52
 950103   7     2     1          0.92        0.43        1.35          0.03
 950103   8     0     0          0.00        0.00        0.00          0.00
 950103   9     0     0          0.00        0.00        0.00          0.00
 950103  10     0     0          0.00        0.00        0.00          0.00
 950103  11     0     0          0.00        0.00        0.00          0.00
 950103  12     0     0          0.00        0.00        0.00          0.00
 950103  13    17     5         93.07      159.67      195.68          1.52
 950103  14    32    10         65.00      341.82      378.38          7.02
 950103  15    73    25        136.72      564.12      700.83         17.87
 950103  16   108    35        258.92     1051.77     1310.68         27.30
 950103  17   167    50        325.82     1234.52     1516.33         40.62
 950103  18   140    41        308.48      889.65     1087.47         35.30
 950103  19   132    38        192.80      901.53     1094.33         30.37
 950103  20   130    41        216.33     1066.50     1282.83         32.37
 950103  21   134    40        191.60      960.03     1151.23         30.78
 950103  22   113    33        152.53      874.85     1026.33         22.58
 950103  23    82    27        154.53      749.58      904.12         19.38
 950103  24    58    16         81.73      443.60      525.33         11.80
1
 
                   MAX
            TOTAL  SIM                MAXIMUM CPS                   CONNECT
 DATE  HOUR USERS USERS            IN         OUT       TOTAL         HOURS
 
 
 950104   1    35    12         78.27      328.43      395.25          8.75
 950104   2    16     6         34.08      182.00      216.08          3.85
 950104   3    12     6         44.67      207.47      252.13          3.50
 950104   4    12     6         29.77      155.90      184.50          3.53
 950104   5    10     6         26.77      127.87      154.63          1.45
 950104   6     4     2         14.48       80.68       95.17          1.70
 950104   7     5     3         15.33       99.05      114.38          1.57
 950104   8     2     1         10.87       57.80       68.67          0.62
 950104   9     2     1         10.87       69.70       78.58          0.75
 950104  10     1     1          8.88       69.70       78.58          0.20
 950104  11     0     0          0.00        0.00        0.00          0.00
 950104  12     0     0          0.00        0.00        0.00          0.00
 950104  13     8     4         21.30      120.23      141.53          1.42
 950104  14    40    10         56.80      255.63      304.43          6.68
 950104  15    70    22        125.30      574.77      691.43         15.35
 950104  16    84    25        156.22      628.45      775.33         21.20
 950104  17   140    39        244.55     1232.53     1466.05         30.47
 950104  18   127    34        255.15      829.95     1001.77         27.75
 950104  19   120    35        150.83      782.80      933.63         28.18
 950104  20   147    38        261.53      916.20     1111.77         29.30
 950104  21   135    43        198.97      918.30     1096.55         37.27
 950104  22   110    35        181.37      847.22     1028.58         28.52
 950104  23    83    25        123.15      686.32      809.47         17.90
 950104  24    38    11         57.57      273.17      327.03          7.92
1
 
                   MAX
            TOTAL  SIM                MAXIMUM CPS                   CONNECT
 DATE  HOUR USERS USERS            IN         OUT       TOTAL         HOURS
 
 
 950105   1    25     8         43.30      181.82      225.12          5.97
 950105   2    24    11         60.47      316.75      377.22          6.47
 950105   3    11     7         66.27      164.33      230.60          4.18
 950105   4    22    11         79.60      289.75      339.90          7.37
 950105   5    13     5         34.18      142.80      172.75          3.17
 950105   6     6     3         26.65      105.98      132.63          1.57
 950105   7     5     4         17.73       97.12      114.85          2.28
 950105   8     2     2         12.35       67.58       79.93          0.77
 950105   9     2     1          9.97       59.43       69.40          0.57
 950105  10     0     0          0.00        0.00        0.00          0.00
 950105  11     0     0          0.00        0.00        0.00          0.00
 950105  12     0     0          0.00        0.00        0.00          0.00
 950105  13    17     5         32.05      190.93      220.97          1.45
 950105  14    40    14         93.63      489.47      583.10          6.27
 950105  15    78    31        136.33      737.60      873.93         21.35
 950105  16    97    30        187.67      753.08      938.38         24.03
 950105  17   162    40        281.82     1275.23     1557.05         32.80
 950105  18   125    31        213.90      911.28     1077.32         25.15
 950105  19   120    32        174.08      904.72     1063.40         24.62
 950105  20   120    41        183.70      943.20     1126.07         31.05
 950105  21   148    36        221.60      978.00     1199.60         29.75
 950105  22   108    35        168.63      865.38     1015.15         29.85
 950105  23    81    29        253.50      643.10      804.58         18.85
 950105  24    49    16         88.63      371.95      441.92         13.42
1
 
                   MAX
            TOTAL  SIM                MAXIMUM CPS                   CONNECT
 DATE  HOUR USERS USERS            IN         OUT       TOTAL         HOURS
 
 
 950106   1    37    13         71.17      271.95      343.12          9.70
 950106   2    20     9        160.32      149.27      279.25          4.93
 950106   3    10     7         51.55      201.02      252.57          2.38
 950106   4    15     7         55.17      166.97      214.75          4.00
 950106   5     8     3         23.12       72.10       95.22          1.53
 950106   6     5     4         18.50       80.62       94.67          1.37
 950106   7     0     0          0.00        0.00        0.00          0.00
 950106   8     0     0          0.00        0.00        0.00          0.00
 950106   9     1     1        871.72       36.52      908.23          0.28
 950106  10     1     1        871.72       36.52      908.23          1.00
 950106  11     2     2        880.65      105.37      986.02          1.13
 950106  12     3     1          8.93       68.85       77.78          0.30
 950106  13    11     5         38.27      180.28      218.55          0.92
 950106  14    48    15         74.77      384.03      458.80          8.48
 950106  15    85    23        119.63      523.70      643.33         18.77
 950106  16    94    29        156.22      697.60      838.35         23.98
 950106  17   155    39        249.90     1195.87     1440.97         33.45
 950106  18   167    48        287.60     1399.05     1686.00         30.77
 950106  19   166    50        303.18     1436.47     1722.30         38.83
 950106  20   143    39        181.78     1033.18     1212.80         29.67
 950106  21   115    38        174.48      899.72     1063.23         30.83
 950106  22   124    39        214.33      952.00     1166.33         31.30
 950106  23    84    31        148.45      681.87      808.97         24.37
 950106  24    66    21        112.20      540.75      643.92         13.40
1
 
                   MAX
            TOTAL  SIM                MAXIMUM CPS                   CONNECT
 DATE  HOUR USERS USERS            IN         OUT       TOTAL         HOURS
 
 
 950107   1    29    12         51.83      258.90      310.73          7.33
 950107   2    15     6         20.83       99.45      118.48          4.07
 950107   3     6     4         13.88       64.98       78.87          2.12
 950107   4     7     5         35.85      118.63      154.48          2.52
 950107   5     5     2          8.68       36.10       44.78          0.60
 950107   6     0     0          0.00        0.00        0.00          0.00
 950107   7     1     1          5.50       45.55       51.05          0.23
 950107   8     0     0          0.00        0.00        0.00          0.00
 950107   9     3     2         10.22       70.83       81.05          1.42
 950107  10     4     3         31.78      176.18      207.97          1.33
 950107  11     2     2         13.23      105.80      119.03          1.38
 950107  12     3     2         15.67      106.27      121.93          1.82
 950107  13     4     2         15.67      106.27      121.93          0.93
 950107  14    10     4         26.22      137.07      163.28          2.22
 950107  15     8     4         40.87      167.53      208.40          2.08
 950107  16    14     5         38.27      191.18      229.45          3.38
 950107  17    13     6         45.67      195.57      233.90          2.98
 950107  18     7     5         28.48      134.70      163.18          1.35
 950107  19     4     2         19.48       77.43       92.73          1.38
 950107  20     6     3         34.37       70.38      104.75          1.10
 950107  21     6     2         29.07       88.40      117.47          1.30
 950107  22     7     2         24.18       81.60      105.78          1.05
 950107  23     4     2         13.50       57.83       71.33          0.62
 950107  24     0     0          0.00        0.00        0.00          0.00
1     MAXIMUM OF MAXIMUM SIMULTANEOUS USERS
 
 
                   MAX
            TOTAL  SIM                MAXIMUM CPS                   CONNECT
 DATE  HOUR USERS USERS            IN         OUT       TOTAL         HOURS
 
 950103  17   167    50        325.82     1234.52     1516.33         40.62
 
 
     MAXIMUM OF CONNECT HOURS
 
 
                   MAX
            TOTAL  SIM                MAXIMUM CPS                   CONNECT
 DATE  HOUR USERS USERS            IN         OUT       TOTAL         HOURS
 
 950103  17   167    50        325.82     1234.52     1516.33         40.62
1
  