        2026        11167         5374 
        2050        10535        10537 
        2051          501        11742 
        2051          501        11743 
        2057         4706         9114 
        2066        11168         5397 
        2071         5934         6630 
        2074         5398         4023 
        2074         5398         9349 
        2076        10345         3282 
        2076        10345         6924 
        2124         6162         8931 
        2145         1244         4454 
        2145         1244         6061 
        2145         1244         8818 
        2145         1244        11708 
        2155        11146         9323 
        2163        11170         4213 
        2246        11171          572 
        2252        11172         3847 
        2253         8175         8115 
        2253         8175         8881 
        2253         8175        18636 
        2256        11173         3905 
        2263         6414         4634 
        2265          660          661 
        2301        11174         9786 
        2304         9124         4840 
        2304         9124         5632 
        2304         9124         6074 
        2323        11175         8335 
        2326        10698        10699 
        2346         6809         1542 
        2347         6507         6115 
        2354         1938         1773 
        2357        11328         1776 
        2364        11329         1781 
        2367        11331         9753 
        2376        11334         4622 
        2377         5474         4871 
        2402         1105         1164 
        2414         1630         1868 
        2435        11336         4557 
        2440        11338         2017 
        2443         9053         2841 
        2446        11340         8871 
        2450        11341          508 
        2453        11342          664 
        2465        11343          202 
        2502         8508        10020 
        2502         8508        10062 
        2503        10354          872 
        2521        11725         5798 
        2544         9916         2080 
        2545         3141         2076 
        2555         8130         9912 
        2557        11345         3826 
        2564         5455         2116 
        2565        11346         2117 
        2570        11348         9499 
        2571         6042         2621 
        2571         6042        10016 
        2606          325         2176 
        2613        11350         2185 
        2614         1720         5991 
        2616         3519         4001 
        2630        11351         6248 
        2631        10171         2528 
        2640        10571         1554 
        2644         2535         6232 
        2653          328         2293 
        2655        11352         2616 
        2657         2294         4291 
        2657         2294        18455 
        2665          548         9183 
        2666        11361         5747 
        2674         9897         9901 
        2703         2304         9170 
        2704        10661        10662 
        2720         6945         4633 
        2723        11366         5536 
        2735          250         9169 
        2737        11367         2385 
        2744         2405         7618 
        2744         2405        10053 
        2753        11369         2425 
        2754        11371         2426 
        2760         6957         7851 
        2771        11373         6681 
        3001        11374         2492 
        3026        11376         5427 
        3031         5760         7356 
        3035         2591         9618 
        3036        11377         2592 
        3041         2595         3397 
        3041         2595         6455 
        3041         2595         6955 
        3041         2595         7377 
        3051         6185         6942 
        3057          549         8602 
        3057          549         8855 
        3100        11378         2620 
        3106        11380         2639 
        3107        11382         2026 
        3112          889          890 
        3114         7974         8160 
        3120        11383         3830 
        3121          797          433 
        3122        11385         2647 
        3123         6575         7883 
        3125        11386         7941 
        3127        11388         2661 
        3151         9949         3020 
        3152        11391         3021 
        3154        11395         3718 
        3165         3992         7124 
        3166        11396         5578 
        3204        11398         3896 
        3213        11400         3720 
        3235        10536         9206 
        3263        11402         9578 
        3266        11403         2159 
        3267          120        11820 
        3267          120        11821 
        3300         2617         3071 
        3302        11405         4216 
        3316         9187         1076 
        3316         9187         8225 
        3316         9187        11823 
        3324        11408         7651 
        3344          893          894 
        3346         7344         1846 
        3346         7344         4327 
        3346         7344         6835 
        3346         7344        18112 
        3377         6213         2930 
        3401        11413         2932 
        3405         9286         9453 
        3406         5321         2939 
        3407        11415         2940 
        3410        11444         2941 
        3412        11445         3655 
        3415        11446         2739 
        3420        11447         2958 
        3437        11448         2964 
        3443         7794         2948 
        3453         3000         4401 
        3455         4501         6331 
        3455         4501        11826 
        3456        11449         3023 
        3457         9577         1104 
        3457         9577         9838 
        3461         5600         9854 
        3471         4100         6112 
        3505         9589         3182 
        3510         2190         9032 
        3514         9278         3192 
        3515         9282         3193 
        3521         3227         3207 
        3523         1755        11803 
        3532        11451         3228 
        3533        11452         5312 
        3543        11453         3243 
        3546        11455         3246 
        3547        10815        10816 
        3557         5660         8951 
        3566        11456         3289 
        3606         6212         3326 
        3623        11458         3338 
        3624        11459         3339 
        3625         3677         6582 
        3630         7246         3660 
        3634        11460         3380 
        3643        11461         3396 
        3652          727          730 
        3654        11463         3424 
        3661        11466         3431 
        3662        11144         3432 
        3664         6519        11744 
        3664         6519        11747 
        3666        11467         3446 
        3673        11145         2140 
        3675        11468         3456 
        3677         6245         1928 
        3703        11469         3479 
        3704        11470         3480 
        3705        11471         3481 
        3706        11472         3484 
        3720         7389         7068 
        3725         3781         6233 
        3774         6110         6113 
        4004        10355         3667 
        4014        11478         1201 
        4020          904          906 
        4025        11479         3820 
        4027         1367         5936 
        4040         4837         7955 
        4044        11480         3856 
        4045        11481         3857 
        4046          446        11739 
        4060         3690         9691 
        4061          905          906 
        4073        11482         7380 
        4074        11483         7995 
        4100        11484         3970 
        4114        11488         5964 
        4117        11489         4017 
        4122        11490         4027 
        4126        11491          141 
        4153        11492         4111 
        4154        11493         4112 
        4157         3267         3232 
        4161        11494         2444 
        4164          817          820 
        4165          818          822 
        4166          728          730 
        4166          728          731 
        4175        11497         4172 
        4212        11498         4204 
        4220         9259         4217 
        4222         6244         4909 
        4223        11205         9579 
        4225        11218         4231 
        4232         1236         8811 
        4252        11219         1384 
        4253         4283          200 
        4255        11220         2979 
        4257        11221         4300 
        4262        11222         4304 
        4277         1626         9335 
        4311        11223         1544 
        4313        11224         4393 
        4316        10684         4409 
        4325         4424         9193 
        4327        11225         3174 
        4330         8751         4435 
        4340        11226         5115 
        4351         6242         5425 
        4353         7718         9206 
        4354        11227         8598 
        4360        11228         4534 
        4363        11229         4742 
        4367         4377        18930 
        4372         7403         9621 
        4375        11230         7212 
        4411         5792         9182 
        4430        11232         4616 
        4443         3845         4752 
        4444         5856         3496 
        4444         5856         6447 
        4444         5856         9347 
        4453         5013         6231 
        4464         7802         1572 
        4466        11233         4687 
        4467        11234         4766 
        4501        11236         4793 
        4504        11237         3486 
        4515         9950         4805 
        4516          703         4806 
        4525         4654         8754 
        4525         4654        10035 
        4530         1618         4835 
        4542        11238         4847 
        4556         2978         4932 
        4603        11239         4945 
        4650        11240         8611 
        4653        10557        11746 
        4666         4259         5077 
        4671         5882         4222 
        4672        11241         1981 
        4706         5071         9170 
        4713         3694          687 
        4713         3694         7633 
        4755        11244         3202 
        4757         2566         3910 
        4764         2037         5285 
        4770        11245         5966 
        4771         1580         3175 
        5013         1576         2171 
        5021        11247         2216 
        5023         1814         5861 
        5023         1814         6238 
        5044        11248         6017 
        5046         1002         5970 
        5063        11249         6066 
        5104        11250         5644 
        5147         6698         1953 
        5151         1293         1436 
        5206        11251         6456 
        5211        11252         6334 
        5221         8245         5641 
        5241         1830         6635 
        5243         6637        11721 
        5253         8098         5720 
        5256        11254         6651 
        5260        11255         6165 
        5264        11256         9324 
        5275        11258         4157 
        5276        11259         4233 
        5277         9580         9581 
        5302         7184         4405 
        5304        11260         4701 
        5350        11261         4457 
        5362         2984         9202 
        5365        11263         5144 
        5366        10341        10342 
        5402         6849         2144 
        5402         6849         3167 
        5402         6849         6209 
        5410        10081        11151 
        5410        10081        11152 
        5415        11262         6862 
        5431         6151         1751 
        5441        11264         6906 
        5456        11268         2312 
        5461         6927        11158 
        5461         6927        11159 
        5464          752          753 
        5500         2560         2584 
        5502        11269         2564 
        5503        11270         2565 
        5504        10058        10239 
        5514        10303         2944 
        5523        11271         7022 
        5526        11272         7025 
        5537         6675         7057 
        5544         7070        11753 
        5544         7070        11754 
        5544         7070        11755 
        5550          772          773 
        5551          778          780 
        5552          779          780 
        5605        11275         1807 
        5626        11276         3615 
        5650          579          582 
        5671         1683         1745 
        5672         7099         7744 
        5672         7099        11588 
        5710         5864         8819 
        5716         3164         2799 
        5717         7290         8114 
        5726         7297         3716 
        5726         7297        11155 
        5726         7297        11156 
        5733        10350        10351 
        5734        11277         4497 
        5761         7350        11556 
        6014         8609        10754 
        6022         1364         6116 
        6035        11279         7463 
        6037         7465         6319 
        6046         6111         5298 
        6105        11280         7517 
        6106        11281         2057 
        6130        11282         3711 
        6147         3428         3598 
        6221         1465         1752 
        6225         6341        10857 
        6225         6341        11811 
        6264         7707         4844 
        6265         7708         9768 
        6301         7741         2762 
        6301         7741        11808 
        6301         7741        18831 
        6305         7372         7374 
        6321         1070         8257 
        6322         1071         9722 
        6324         1073         4686 
        6324         1073         5213 
        6324         1073        10837 
        6325         1075         8257 
        6341        11283         1100 
        6342        11284         1101 
        6343        11285         1102 
        6346         9898         9902 
        6347        10614        10615 
        6350        11286         9322 
        6376         9899         9900 
        6407        11083         8755 
        6412        11287         4829 
        6421         6571        10020 
        6462        11288         1955 
        6464         1957         6019 
        6472        11289         2309 
        6501        11290         2346 
        6506         2370        11810 
        6522        11291         2456 
        6532        11292         2509 
        6544         2682         3319 
        6546        11294         2705 
        6551        11295         2745 
        6563        11296         2713 
        6564        11297         5133 
        6574        11298         6218 
        6624         2867         9126 
        6626        11299         6156 
        6651         3452         5017 
        6660         3375         3531 
        6674         9994         1339 
        6675        11300         3765 
        6704        11301         2796 
        6715        11302          194 
        6733         4775         2622 
        6733         4775         5800 
        6754         6523        11757 
        6762        11305         7225 
        6771        11306         1297 
        6774        11308         1672 
        7001         3142         2631 
        7024          947          948 
        7031        11309         5774 
        7043        11312         3112 
        7057         3152          916 
        7057         3152         6794 
        7057         3152         8884 
        7075        11313         4946 
        7107        11314         4165 
        7117        11327         7399 
        7124        11330         5866 
        7126        11332         6182 
        7140         5586         2688 
        7140         5586         4882 
        7140         5586         9781 
        7147        11333         1357 
        7150        11335         5656 
        7154        11337         3740 
        7200        11339         5401 
        7205          324         5667 
        7214        11353         6425 
        7216        11354         4116 
        7217        11355         4153 
        7220        11356         6953 
        7226         9168         7936 
        7236         6946         8571 
        7240         6948        11741 
        7241         1006         2004 
        7242        11357         1737 
        7243        11358         1738 
        7301        11359         1386 
        7303         1927         1119 
        7305        11360         1387 
        7306        11363         5296 
        7315        11365         2222 
        7316        11368         2706 
        7322        11370         7743 
        7331        11375         2477 
        7332        11379         2478 
        7333         2805         3180 
   7340         3736         7233 
        7364        11384         6612 
        7371        11387         1430 
        7372        11389         1931 
        7374         4270         3520 
        7375         4739         3627 
        7413         7406         4789 
        7413         7406         6593 
        7417         8698         2315 
        7417         8698         4331 
        7417         8698        10359 
        7417         8698        10360 
        7432        11394         4378 
        7450         7864         4210 
        7454        11401         2893 
        7455         5310         3157 
        7456        11404         3275 
        7460        11409         5314 
        7463         6215         2725 
        7465        11414         4316 
        7466         8377         4357 
        7467        11416         4620 
        7472         7014         6022 
        7511        11417         7789 
        7522        11418         8511 
        7525        11420         2655 
        7533         4944         6448 
        7540         5215         9180 
        7542         5431         2605 
        7543         5432         2106 
        7543         5432         2449 
        7571         3225        10209 
        7607        11421         3703 
        7610        11422         3704 
        7625          530          531 
        7631        11423         1827 
        7632        11424         1911 
        7636        11425         4604 
        7646         7402         2480 
        7650         5903         2646 
        7651         9081         8868 
        7652        11426         5415 
        7653        11427         5416 
        7655         7180         9623 
        7656         4276         1029 
        7676        11428         8459 
        7677        10676        10677 
        7706         1372         5032 
        7712         1631         6181 
        7717         5187         7758 
        7721        11429         2514 
        7724         2519         5181 
        7724         2519         9792 
        7725         5859         3407 
        7726        11431         3408 
        7730         6887         3416 
        7731        11432         4630 
        7733        11433         4632 
        7735         9632         7028 
        7736         1026         7348 
        7737        11434         2839 
        7743        11435           89 
        7743        11435         7386 
        7747         1530         8906 
        7776        11436         7820 
       10027        11176         7821 
       10031        11206         7044 
       10034         7714         6239 
       10036        11177         8269 
       10061        11178         7909 
       10070          478         1936 
       10071        11207         4382 
       10072        11179         4952 
       10100        11180         8603 
       10103         8634          209 
       10105         8639         8693 
       10110         7407         3752 
       10110         7407         3775 
       10110         7407         7761 
       10110         7407         7895 
       10113        11181         7962 
       10133         1168         7990 
       10134        11182         7991 
       10151         8037        11134 
       10151         8037        11135 
       10171        11209         8070 
       10172        11210         8071 
       10203         4416         8795 
       10204         6606         8795 
       10211         8075         8880 
       10211         8075         8996 
       10212        11211         2172 
       10213         7219         7220 
       10221         8513          116 
       10234         8153         3434 
       10234         8153         4155 
       10242         3774        11153 
       10242         3774        11154 
       10247         2869         4144 
       10254         5986         9791 
       10256         9095         8215 
       10301        10788         6980 
       10305        11212         8287 
       10307        11185         6438 
       10320        11213         5290 
       10337        11186         7930 
       10355         6128         1596 
       10355         6128         4573 
       10355         6128         6225 
       10432        11187         8876 
       10470         9336         9337 
       10471        11188         8496 
       10472        11214         8497 
       10474        11075         5379 
       10516        11217         8531 
       10542        11189         8254 
       10543        11190         8537 
       10560          551          552 
       10573        11191         8842 
       10574        11192         8843 
       10602        11194         8856 
       10603        11195         8859 
       10605         5320         8861 
       10617        11197         8910 
       10621        11198         8918 
       10622         8919         8920 
       10631         6496         5421 
       10673        11199         5681 
       10713         9471          565 
       10713         9471          566 
       10713         9471         6646 
       10730        11201         6997 
       11003        10077        10860 
       11010         1746         9855 
       11013         8515         9857 
       11014         9595         9859 
       11015         9860         9861 
       11026        10403        10404 
       11035         4494         4637 
       11053          980         1340 
       11063          995          999 
       11067        11202         9686 
       11120         9747          210 
       11144         8950         9872 
       11150         6936         7075 
       11151         6937         7076 
       11152         7073         7814 
       11153         7074         7815 
       11161         9906         7068 
       11162        10833         9907 
       11207         9945         3001 
       11231        11203         7853 
       11236         9988         9992 
       11237         9989         9993 
       11240         9990         9074 
       11242         8329         7005 
       11251         9790         5990 
       11257        10686        10690 
       11267         1185         8736 
       11272         3162         5134 
       11275         6240         6472 
       11304         1783         1784 
       11305         2097         2359 
       11305         2097        11654 
       11305         2097        11656 
       11313        10687        10691 
       11315         9521         9683 
       11323         5997         1087 
       11326         3033         4676 
       11326         3033         6290 
       11326         3033         9325 
       11326         3033         9717 
       11326         3033        11072 
       11356          273          274 
       11376          416        10873 
       11402         1856         2120 
       11405          430          432 
       11406          431          433 
       11417         2128         9581 
       11451        10144        10147 
       11500        11607        11608 
       11500        11607        11609 
       11500        11607        11610 
       11663        10586        10587 
       11702        10799        10800 
       11741        10932        10933 
       11752         4528         5465 
Ng¶