   2470    346      0  20511
   2721   2338      0  20511
   3035   2591      0  20511
   2453    664      0  20511
   5056   6047      0  10506
   3151   3020      0  20511
   4000   3639      0  20511
   2414   1868      0  20511
   4316   4409      0  20511
   7075   4946      0  20511
   2631   2528      0  20511
   3271   3173      0  20511
   4515   4805      0  20511
   2465    202      0  20511
   3001   2492      0  20511
   5206   6456      0  20405
   7147   1357      0  20405
   2333   4459      0  10510
   4764   5285      0  20511
   3706   3484      0  20511
