   2544   9916      0  10561
   4515   9950      0  10535
   3151   9949      0  10535
   6674   9994      0  10535
   2453  11342      0  10535
  10133   1168      0  10535
   5241   1830      0  10535
   3263  11402      0  10535
   4316  10684      0  10535
   4666   4259      0  10535
  10136  10707      0  10522
   4764   2037      0  10535
  12165  11061      0  10535
   4530   1618      0  10535
   2364  11329      0  10534
   3706  11472      0  10535
   2414   1630      0  10535
   6731   4708      0  10535
   7001   3142      0  10535
  11715     36      0  10535
   2631  10171      0  10535
   7655   7180      0  10535
   5743   7326      0  10535
   4650  11240      0  10535
   2346   6809      0  10535
   7656   4276      0  10535
   4360  11228      0  10535
   5747   7330      0  10535
   4257  11221      0  10535
   2354   1938      0  10535
   3703  11469      0  10535
  10337  11186      0  10535
   2754  11371      0  10534
   4000  11477      0  10535
   3410  11444      0  10534
   2753  11369      0  10535
   2704  10661      0  10535
   2606    325      0  10535
   4117  11489      0  10535
   5206  11251      0  10535
   4343  14651      0  10535
   3035   2591      0  10535
   4247   7480      0  10522
  10061  11178      0  10535
   6733   4775      0  10535
   2066  11168      0  10535
   7147  11333      0  10535
   4516    703      0  10535
  11151   6937      0  10535
   6574  11298      0  10534
   7205    324      0  10535
   2450  11341      0  10535
   2503  10354      0  10535
  11257  10686      0  10535
  10543  11190      0  10535
   4501  11236      0  10535
  11152   7073      0  10535
   7075  11313      0  10534
  11150   6936      0  10535
   2735    250      0  10535
   3313  11704      0  10522
   4277   1626      0  10535
  11156  14584      0  10535
   4176  13648      0  10535
   3300   2617      0  10535
   4175  11497      0  10535
   2517    809      0  10535
  10137   5138      0  10522
   2712  10883      0  10535
   2440  11338      0  10535
  12361  14583      0  10535
   4100  11484      0  10534
   4372   7403      0  10535
   4440   1553      0  10535
   7026   2943      0  10561
   6532  11292      0  10535
  11421   6859      0  10522
   3705  11471      0  10535
   2465  11343      0  10534
   4611   6764      0  10535
   3543  11453      0  10535
   5043   6004      0  10535
   4045  11481      0  10535
   4667   5078      0  10535
   3100  11378      0  10535
   4672  11241      0  10535
   3213  11400      0  10535
   7061   3458      0  10535
   7043  11312      0  10535
   2246  11171      0  10535
   4755  11244      0  10535
   6507   2371      0  10535
   3654  11463      0  10535
   6525   2484      0  10535
   5745   7328      0  10535
   3615   6554      0  10535
  10520   8533      0  10535
   3456  11449      0  10535
   7731  11432      0  10535
   4727   5190      0  10535
