   3151   3020      0  20511
   2754   2426      0  20511
   3035   2591      0  20511
   2544   2080      0  20511
   2453    664      0  20511
   5241   6635      0  20511
   4516   4806      0  20511
   4515   4805      0  20511
   4316   4409      0  20511
   2631   2528      0  20511
   6674   1339      0  20511
   2465    202      0  20511
   3001   2492      0  20511
   7001   2631      0  20511
   4764   5285      0  20511
   3706   3484      0  20511
   2414   1868      0  20511
   2470    346      0  20511
   7656   4276      0  20511
   2721   2338      0  20511
  10133   7990      0  20511
   7512   1889      0  20511
   2364   1781      0  20511
   4501   4793      0  20511
   2545   2076      0  20511
   4360   4534      0  20511
   2354   1773      0  20511
   4530   4835      0  20511
   2503    872      0  20511
   7655   7180      0  20511
   5247   6641      0  20511
   2606   2176      0  20511
   4666   5077      0  20511
   7147   1357      0  20511
   2440   2017      0  20511
   3721   3495      0  20511
   2753   2425      0  20511
   4277   9335      0  20511
   3543   3243      0  20511
   3707   3485      0  20511
