   2544   9916      0  10561
   4515   9950      0  10535
   3151   9949      0  10535
   6674   9994      0  10535
   2453  11342      0  10535
  10133   1168      0  10535
   5241   1830      0  10535
   3263  11402      0  10535
   4316  10684      0  10535
   4666   4259      0  10535
  10136  10707      0  10522
   4764   2037      0  10535
  12165  11061      0  10535
   4530   1618      0  10535
   2364  11329      0  10534
   3706  11472      0  10535
   2414   1630      0  10535
   6731   4708      0  10535
   7001   3142      0  10535
  11715     36      0  10535
   2631  10171      0  10535
   7655   7180      0  10535
   5743   7326      0  10535
   4650  11240      0  10535
   2346   6809      0  10535
   7656   4276      0  10535
   4360  11228      0  10535
   5747   7330      0  10535
   4257  11221      0  10535
   2354   1938      0  10535
   3703  11469      0  10535
  10337  11186      0  10535
   2754  11371      0  10534
   4000  11477      0  10535
   3410  11444      0  10534
   2753  11369      0  10535
   2704  10661      0  10535
   2606    325      0  10535
   4117  11489      0  10535
   5206  11251      0  10535
   4343  14651      0  10535
   3035   2591      0  10535
   4247   7480      0  10522
  10061  11178      0  10535
   6733   4775      0  10535
   2066  11168      0  10535
   7147  11333      0  10535
   4516    703      0  10535
  11151   6937      0  10535
   6574  11298      0  10534
