   7205    324      0  10535
   2450  11341      0  10535
   2503  10354      0  10535
  11257  10686      0  10535
  10543  11190      0  10535
   4501  11236      0  10535
  11152   7073      0  10535
   7075  11313      0  10534
  11150   6936      0  10535
   2735    250      0  10535
   3313  11704      0  10522
   4277   1626      0  10535
  11156  14584      0  10535
   4176  13648      0  10535
   3300   2617      0  10535
   4175  11497      0  10535
   2517    809      0  10535
  10137   5138      0  10522
   2712  10883      0  10535
   2440  11338      0  10535
  12361  14583      0  10535
   4100  11484      0  10534
   4372   7403      0  10535
   4440   1553      0  10535
   7026   2943      0  10561
   6532  11292      0  10535
  11421   6859      0  10522
   3705  11471      0  10535
   2465  11343      0  10534
   4611   6764      0  10535
   3543  11453      0  10535
   5043   6004      0  10535
   4045  11481      0  10535
   4667   5078      0  10535
   3100  11378      0  10535
   4672  11241      0  10535
   3213  11400      0  10535
   7061   3458      0  10535
   7043  11312      0  10535
   2246  11171      0  10535
   4755  11244      0  10535
   6507   2371      0  10535
   3654  11463      0  10535
   6525   2484      0  10535
   5745   7328      0  10535
   3615   6554      0  10535
  10520   8533      0  10535
   3456  11449      0  10535
   7731  11432      0  10535
   4727   5190      0  10535
