   12     0    40
   12     0    70
   12     0  3364
   12     0  3633
   20     0    30
   20     0  5423
   30     0    40
   30     0    60
   30     0  4532
   40     0    50
   40     0  2013
   40     0  2015
   40     0  2047
   40     0  2053
   40     0  2054
   40     0  2055
   40     0  6064
   50     0    60
   60     0    70
   60     0 11127
   70     0  6734
   70     0  6741
 2005   125  3364
 2005   125  5102
 2010  1673  2015
 2010  1673  3133
 2010  1673  5102
 2010  1673  5400
 2010  1673 10314
 2013  1668  2017
 2013  1668  3633
 2013  1668  4273
 2013  1668  4566
 2013  1668  5654
 2013  1668  6461
 2013  1668 11231
 2013  1668 11247
 2013  1668 12622
 2013  1668 13216
 2014  1674  4507
 2014  1674  4677
 2014  1674  5015
 2014  1674 10755
 2014  1674 13250
 2015  1667  2054
 2015  1667  3125
 2015  1667  4464
 2015  1667  4506
 2015  1667  5016
 2015  1667  5041
 2015  1667  5277
 2015  1667  5335
 2015  1667  6667
 2015  1667  6755
 2015  1667 10066
 2015  1667 11702
 2015  1667 13450
 2017  1675  2120
 2017  1675  3134
 2017  1675  4014
 2017  1675  6751
 2023  1677  2055
 2023  1677  2623
 2023  1677  3364
 2023  1677  5423
 2023  1677  5534
 2023  1677  6301
 2023  1677 11402
 2026 11167  5041
 2026 11167  5633
 2031  5822  2033
 2031  5822  2402
 2031  5822  4260
 2031  5822  7723
 2031  5822  7725
 2032   837  3123
 2032   837  4153
 2032   837  4166
 2032   837  4253
 2032   837  4504
 2032   837  5102
 2032   837  5423
 2033  8784 10102
 2042  1682  2370
 2042  1682  2572
 2042  1682  6524
 2042  1682  6741
 2042  1682  6756
 2042  1682  6771
 2042  1682  7572
 2045  2624  2054
 2046  1678  3016
 2046  1678  3546
 2047  1684  3652
 2047  1684  3662
 2047  1684  4646
 2047  1684  5400
 2047  1684  6667
 2047  1684  7572
 2047  1684 10156
 2047  1684 10476
 2047  1684 11301
 2047  1684 11304
 2050 10535  5573
 2053  1214  3263
 2053  1214  3705
 2053  1214  4044
 2053  1214  4232
 2053  1214  4325
 2053  1214  4672
 2053  1214  5016
 2053  1214  5456
 2053  1214  6037
 2053  1214  6212
 2053  1214 10270
 2054  1215  3002
 2054  1215  4646
 2054  1215  6347
 2054  1215  6544
 2054  1215  7330
 2054  1215 11250
 2054  1215 12256
 2054  1215 13242
 2055  1216  3360
 2055  1216  3441
 2055  1216  3564
 2055  1216  3652
 2055  1216  4126
 2055  1216  4473
 2055  1216  4532
 2055  1216 10621
 2055  1216 13030
 2057  4706  6444
 2057  4706 12753
 2066 11168 11247
 2071  5934  3660
 2074 16355  3376
 2101 10170  3132
 2101 10170 12071
 2101 10170 13606
 2113 14542  5733
 2113 14542  7575
 2120  7585  2635
 2120  7585  3376
 2120  7585 13176
 2124  6162  5423
 2134  3984  3765
 2134  3984  6444
 2152  1363  6524
 2152  1363 10116
 2152  1363 12236
 2155 11146  5230
 2155 11146 12250
 2163 11170  5572
 2215 11616  2676
 2215 11616  5327
 2233 10221  5423
 2236 15624  6212
 2243  7026  4260
 2256 11173 12247
 2261  3369  2656
 2261  3369  7107
 2301 11174  7330
 2302  9870  2542
 2302  9870  3134
 2313  1690  3356
 2313  1690  3675
 2313  1690  4040
 2313  1690  5015
 2313  1690  5123
 2313  1690  5654
 2313  1690  6522
 2313  1690 11306
 2313  1690 12340
 2325  9503  5711
 2326 10698  7575
 2363  1780  2622
 2363  1780  3471
 2363  1780  4130
 2363  1780  5406
 2367 11331  2371
 2367 11331  7303
 2367 11331 12247
 2370  5473  3614
 2370  5473  4566
 2370  5473  4751
 2370  5473  5215
 2370  5473  5710
 2370  5473 10726
 2370  5473 11753
 2370  5473 12755
 2371  1943  4305
 2371  1943 12071
 2432 11143  7777
 2433  2007  3131
 2433  2007  4505
 2433  2007  5714
 2433  2007 12151
 2435 11336  6267
 2443  9053  3410
 2443  9053  6741
 2446 11340 10754
 2542  2078  3266
 2542  2078  3625
 2542  2078  4505
 2542  2078  6673
 2542  2078  7572
 2542  2078 10750
 2557 11345  4260
 2557 11345  7024
 2557 11345 10754
 2564  5455  5667
 2565 11346  3364
 2566 11347  5710
 2566 11347  7330
 2572  5556  2743
 2572  5556  3100
 2572  5556  4273
 2572  5556  5163
 2572  5556  5253
 2572  5556  7301
 2572  5556 10604
 2572  5556 11162
 2572  5556 11237
 2572  5556 12204
 2572  5556 13123
 2614  1720  6741
 2616  3519 10476
 2621  2524  3406
 2621  2524  3407
 2621  2524  4154
 2621  2524  5610
 2621  2524  6304
 2621  2524  6615
 2621  2524  7652
 2621  2524  7653
 2621  2524 11271
 2621  2524 11372
 2621  2524 12460
 2622  2525  4622
 2622  2525  5325
 2622  2525  5645
 2622  2525  5777
 2622  2525  6022
 2622  2525  6747
 2622  2525  6751
 2622  2525 10363
 2622  2525 11273
 2623  2526  3131
 2623  2526  3410
 2623  2526  4262
 2623  2526  4263
 2623  2526  4271
 2623  2526  6064
 2623  2526  7630
 2623  2526 12425
 2623  2526 12542
 2627  6336  2760
 2627  6336  3112
 2627  6336  3204
 2627  6336  3704
 2627  6336  6267
 2627  6336  7414
 2627  6336 10750
 2627  6336 11716
 2630 11351 10754
 2634  2531 10403
 2635  6584  5260
 2637   595  4124
 2640 10571  2656
 2640 10571  2741
 2640 10571  5563
 2653   328  3356
 2653   328  6057
 2653   328 10114
 2656  3684  3224
 2656  3684  4061
 2656  3684  5015
 2656  3684  5256
 2656  3684  5464
 2656  3684  6057
 2656  3684  7677
 2656  3684 10601
 2656  3684 11067
 2656  3684 11453
 2666 11361  4531
 2666 11361 10336
 2674  9897  5051
 2676 11615  5327
 2711 11364 10102
 2711 11364 12753
 2723 11366  3635
 2723 11366  5656
 2723 11366 10576
 2724 13442  4301
 2724 13442  7676
 2730  3798  3677
 2730  3798  3712
 2730  3798  5716
 2730  3798  6602
 2730  3798  6774
 2730  3798  7726
 2730  3798 10754
 2730  3798 13173
 2741    59  3224
 2741    59 10476
 2743 14655  7714
 2757  3799  3134
 2757  3799  5714
 2757  3799  7102
 2757  3799  7730
 2757  3799 10673
 2757  3799 10730
 2757  3799 11012
 2757  3799 12246
 2757  3799 13606
 2771 11373 10263
 3016 13472  5016
 3017  2433  3364
 3017  2433 10574
 3031  5760  3133
 3047  1426  6212
 3061  5235 10755
 3071  5240  4600
 3071  5240  5400
 3071  5240  6502
 3106 11380  4532
 3114  7974  3670
 3131  3016  4216
 3131  3016  4577
 3131  3016  5006
 3131  3016  5230
 3131  3016  5377
 3132  3017  3134
 3132  3017  4763
 3132  3017  5551
 3132  3017  6631
 3132  3017  6734
 3133  3018  3441
 3133  3018  3670
 3133  3018  5041
 3133  3018  5423
 3133  3018  6124
 3133  3018  7137
 3133  3018 10726
 3133  3018 11127
 3134  3019  3364
 3134  3019  5016
 3134  3019  5610
 3134  3019  7731
 3134  3019 10060
 3134  3019 12773
 3137  8687  5423
 3137  8687  7540
 3153  1980  3533
 3153  1980  4506
 3154 11395  6212
 3157  8506 12250
 3174  6618 10263
 3210  1192  5642
 3213 11400  7575
 3224  1531  5563
 3227 15173  6246
 3311 14524  5163
 3337  1541  5362
 3337  1541  7331
 3337  1541 10105
 3343  1156  6124
 3343  1156  6267
 3343  1156 11663
 3343  1156 13314
 3343  1156 13625
 3344   893 11250
 3360 13266  4557
 3360 13266  5464
 3360 13266  5524
 3360 13266  6421
 3360 13266  6641
 3360 13266  7332
 3360 13266  7375
 3360 13266 13341
 3364  3724  5667
 3364  3724  5762
 3364  3724  6147
 3364  3724  7141
 3364  3724  7343
 3364  3724 10314
 3364  3724 10755
 3364  3724 11402
 3364  3724 12642
 3376  2767  5102
 3377  6213  5654
 3377  6213 10472
 3377  6213 10605
 3401 11413  3662
 3401 11413  6064
 3405  9286  7572
 3405  9286 11100
 3412 11445  3633
 3412 11445 10334
 3433   527  4302
 3443 16288 10002
 3453  3000  6500
 3456 11449  6756
 3505  9589  3633
 3515  9282 10002
 3516  9248  3666
 3516  9248  4532
 3521  3227 12270
 3522 11450  3633
 3522 11450  4376
 3532 11451  5041
 3533 11452  4505
 3547 10815  6502
 3547 10815 10755
 3566 11456  6212
 3571  6343  7026
 3571  6343 11671
 3571  6343 13164
 3606  6212  5304
 3606  6212  6770
 3606  6212  7575
 3607  1495 10102
 3623 11458  6274
 3623 11458 10060
 3623 11458 10171
 3624 11459  3722
 3624 11459  4301
 3630  7246  5640
 3633  3727  4014
 3633  3727  5323
 3633  3727 11224
 3633  3727 12270
 3635 13540  5400
 3643 11461  6064
 3643 11461 10170
 3651  9073  5335
 3653 11462 11250
 3654 11463 11177
 3654 11463 11250
 3656 11464  4763
 3657 11465  6751
 3660  3083  5603
 3660  3083 10274
 3661 11466  5422
 3661 11466  6267
 3666 11467 10336
 3670  4417  3714
 3670  4417  3775
 3670  4417  4725
 3670  4417  5014
 3670  4417  6274
 3670  4417 10212
 3670  4417 10560
 3670  4417 11323
 3670  4417 13345
 3674  2142  6163
 3704 11470 10060
 3714   524  4021
 3720  7389  7620
 3722  3498  4301
 3722  3498  5016
 3726 11473  5572
 3726 11473  7447
 3731 11475  5406
 3731 11475 11257
 3752 15482 12247
 3765 14493  6064
 3765 14493  6267
 3765 14493  7607
 3765 14493 13630
 3774  6110  5667
 4000 11477 10116
 4004  1901  4600
 4004  1901  6502
 4020   904  5423
 4044 11480  7220
 4045 11481  6124
 4046   446  6734
 4061 15257  6416
 4061 15257 13431
 4107  9356  5102
 4117 11489 10307
 4117 11489 11250
 4121  6214  4124
 4122 11490  7375
 4122 11490 10477
 4122 11490 12143
 4123  4029  4136
 4123  4029 10075
 4123  4029 10256
 4123  4029 10263
 4123  4029 10516
 4123  4029 11452
 4123  4029 12054
 4123  4029 12753
 4123  4029 13215
 4126 11491  5456
 4135  6378  7572
 4161 11494 12247
 4166 15680 10052
 4212 11498  5762
 4220  9259 10502
 4220  9259 10601
 4223 11205  5016
 4225 11218  6631
 4225 11218 12252
 4253  4283  5640
 4255 11220  6751
 4255 11220 11372
 4260  4301  5120
 4260  4301  6061
 4260  4301 13247
 4271  8281  6751
 4273  6321  6267
 4277  1626 11251
 4301  4359  5264
 4301  4359  7242
 4301  4359  7620
 4301  4359  7622
 4301  4359  7676
 4301  4359  7737
 4301  4359 10402
 4305  8747  5713
 4311 11223  4763
 4313 11224  5556
 4327 11225  5667
 4330  8751 10754
 4340 11226  6246
 4353  7718  6751
 4353  7718 12533
 4354 10034  5327
 4367  4377  6126
 4375 11230  5256
 4375 11230 10476
 4376 13993  5102
 4407  7939  6311
 4411  5792  5102
 4430 11232  5556
 4435  7929  6311
 4435  7929 11323
 4435  7929 12071
 4454 14656  5051
 4466  3604  5762
 4466  3604 12734
 4473  2441  5006
 4473  2441  5572
 4473  2441  7731
 4473  2441 10476
 4473  2441 11250
 4473  2441 11324
 4505  4797  6035
 4505  4797  6734
 4505  4797 10472
 4506  4798  5610
 4506  4798  6342
 4506  4798  7221
 4506  4798  7507
 4506  4798 11362
 4506  4798 13231
 4507  4799  5650
 4507  4799 10276
 4507  4799 10477
 4510  4800  5336
 4510  4800  6061
 4510  4800 10060
 4510  4800 10605
 4510  4800 11067
 4510  4800 13446
 4514  4804  5160
 4531  4838  4622
 4531  4838  5623
 4531  4838  6014
 4531  4838  7467
 4531  4838 11144
 4531  4838 11324
 4531  4838 11451
 4531  4838 12321
 4531  4838 12611
 4531  4838 13641
 4532  4839  5366
 4532  4839  7465
 4532  4839 10603
 4532  4839 10755
 4532  4839 11177
 4556  2978  4677
 4566  4895  5605
 4566  4895  7026
 4566  4895 12071
 4577  9500  6212
 4600  6150  5406
 4603 11239  7074
 4607  2149  5662
 4614 11692  5431
 4614 11692  6567
 4614 11692  7714
 4614 11692  7725
 4614 11692 10002
 4614 11692 11127
 4614 11692 12204
 4622  7470  6224
 4622  7470 10576
 4622  7470 11161
 4651  4915 13250
 4651  4915 13560
 4677  5890  5102
 4677  5890 10221
 4677  5890 11270
 4710  8083 10212
 4722 11242 10314
 4751 11243  5013
 4751 11243  7340
 4751 11243 12755
 4751 11243 13430
 4755 11244  6751
 4757  2566  7675
 4757  2566 11324
 4760  5281  5406
 4760  5281  5605
 4760  5281  6626
 4760  5281  7126
 4760  5281  7304
 4760  5281 11012
 4760  5281 11421
 4760  5281 12621
 4760  5281 13524
 4761  5282  7463
 4761  5282 10257
 4761  5282 11207
 4763  5284 10602
 4763  5284 11207
 4763  5284 12026
 4763  5284 12101
 4763  5284 13102
 4770 11245 12247
 5013  1576  5572
 5015  5671  5400
 5015  5671  5642
 5015  5671 11200
 5015  5671 13177
 5016  5672  5201
 5016  5672  7575
 5041 12330  5365
 5041 12330  6602
 5041 12330  6762
 5041 12330  7026
 5041 12330 11741
 5045  7627 11247
 5051  3758  5255
 5051  3758  5407
 5051  3758  6274
 5051  3758 10576
 5051  3758 11321
 5051  3758 11727
 5051  3758 13172
 5063 11249 11247
 5102  3729  5534
 5102  3729  5572
 5102  3729  6163
 5102  3729  6317
 5120  8147  6246
 5137  3954  5642
 5137  3954 10002
 5151  1293  5640
 5161  4558  5423
 5167 13480  6246
 5173  4121  6444
 5173  4121  7706
 5173  4121 10270
 5201 14634  7370
 5201 14634  7777
 5206 11251  6064
 5206 11251  6347
 5226  3388  6126
 5226  3388  6253
 5230  7098  6551
 5230  7098  7455
 5230  7098  7650
 5250 14552  5713
 5260 11255  5504
 5260 11255  5667
 5260 11255  6046
 5304 11260  7572
 5307  8574 12252
 5325  6727  6734
 5327  6729  7024
 5327  6729 10542
 5331  6731  5415
 5331  6731  6552
 5331  6731  7024
 5331  6731 11251
 5335  9733 10317
 5335  9733 11752
 5336   196 10516
 5351  1550  5406
 5351  1550  6246
 5351  1550 11054
 5365 11263 12773
 5366 10341 11010
 5366 10341 12250
 5377  6846  6064
 5377  6846  6502
 5377  6846  6741
 5377  6846 10257
 5400  6847  5656
 5400  6847  6503
 5400  6847  7336
 5400  6847 11023
 5406  6853  6246
 5407  6854 13147
 5422  4453  7777
 5422  4453 12144
 5423  6583  6046
 5423  6583  7141
 5423  6583 10033
 5423  6583 10754
 5423  6583 13026
 5423  6583 13344
 5437 11495 12250
 5441 11264  5610
 5502 11269  5711
 5504 10058  5667
 5514 10303  5667
 5523 11271  7777
 5524  7023  7214
 5550   772  5667
 5556  3117  6061
 5556  3117  6673
 5556  3117 10071
 5556  3117 11663
 5563  7817 10476
 5572  6202  5640
 5572  6202 13444
 5573  6223  5610
 5573  6223  6221
 5573  6223  7074
 5573  6223  7157
 5573  6223  7540
 5573  6223  7636
 5573  6223 10467
 5573  6223 13244
 5605 11275  7460
 5605 11275  7721
 5610  7137  6227
 5610  7137 10727
 5610  7137 11257
 5610  7137 11267
 5626 11276 11127
 5633  7193  5671
 5633  7193  6407
 5633  7193  6456
 5633  7193 10320
 5633  7193 12247
 5640  7200  7447
 5640  7200 10570
 5640  7200 12626
 5640  7200 13364
 5642  7202 10102
 5642  7202 11023
 5642  7202 12302
 5645  7213  6751
 5654  6488  7364
 5654  6488 12516
 5654  6488 13231
 5656  2068 11313
 5667  7248  6564
 5667  7248  7631
 5667  7248 10475
 5667  7248 11013
 5667  7248 11114
 5667  7248 11252
 5671  1683  7330
 5711  7284 10102
 5713  7286  6274
 5713  7286 13303
 5714  7287  7777
 5716  3164  7730
 5733 10350  7572
 5762  7353 11121
 5774  7621 12252
 6014  8609 11177
 6035 11279 11305
 6050  1725  7304
 6057  2184  6061
 6057  2184  6274
 6057  2184 10113
 6057  2184 10172
 6057  2184 11275
 6057  2184 12600
 6061  7496 10263
 6064  7499  7432
 6124  7548 10172
 6124  7548 10270
 6124  7548 10622
 6130 11282 10002
 6163  7593  7074
 6163  7593  7434
 6163  7593 12304
 6170  5150  7620
 6171  5462 10477
 6211 13639 12252
 6212  7630 10036
 6212  7630 10243
 6212  7630 12457
 6212  7630 12742
 6227  7648 10255
 6227  7648 11754
 6246  7691  6341
 6246  7691  6350
 6246  7691 11026
 6246  7691 11754
 6247  7692 12541
 6273  9914  7572
 6274  7715  7241
 6274  7715 10002
 6301  7741  7074
 6323 15809  6756
 6346  9898  7572
 6374 13884  6740
 6376  9899  7572
 6407 11083  7456
 6407 11083 12252
 6407 11083 13175
 6421  6571 10477
 6444  7197  7723
 6444  7197 10506
 6444  7197 12504
 6444  7197 13365
 6456  8140  7306
 6456  8140 12250
 6502  2348  7336
 6524  2483 10510
 6524  2483 12147
 6535  4671 10754
 6535  4671 11015
 6551  6617 12247
 6552  5891 13156
 6566  1600  7572
 6602  9847 10730
 6622  3156  7362
 6626 11299  7777
 6626 11299 10243
 6673 14349 11663
 6734  4782 13171
 6734  4782 13363
 6741  4880 11272
 6746  4940 13552
 6747  4516  7074
 6751  5026  7404
 6751  5026 11371
 6751  5026 11730
 6754  6523 11324
 6754  6523 13356
 6756  1171  7043
 6756  1171  7575
 6756  1171 12263
 6771 11306 13524
 7025  2602 12071
 7026  2626  7457
 7031 11309 10102
 7043 11312  7575
 7074   836  7141
 7074   836 10436
 7074   836 11052
 7074   836 11270
 7107 11314 10477
 7141  2777 10552
 7150 11335  7575
 7175   927 10002
 7206  9292  7572
 7210 11349 10476
 7214 11353 10477
 7242 11357  7620
 7272 14639 11200
 7303  1927 12250
 7306 11363 10320
 7306 11363 12252
 7330 12341  7340
 7330 12341 13430
 7332 11379  7743
 7336 11381 10755
 7343  6481 12534
 7344  3307 11405
 7370  6592 10102
 7447 11399 12270
 7455  5310 12250
 7456 11404  7560
 7456 11404 12250
 7457  7980 12247
 7460 11409 12247
 7463  6215 11257
 7465 11414 11144
 7466  8377 11144
 7466  8377 11247
 7467 11416 11250
 7507  1035 11250
 7507  1035 13356
 7540  5215 13260
 7547 10857 10476
 7572  2630  7712
 7572  2630 11023
 7572  2630 11035
 7572  2630 13103
 7575  3014 10002
 7575  3014 10213
 7575  3014 11100
 7575  3014 12263
 7600 16212 10002
 7607 11421 10102
 7617  9895 11127
 7625   530 10476
 7630   543  7653
 7650  5903 12252
 7651  9081 12250
 7651  9081 12773
 7675 10674 11324
 7706  3852 10002
 7721 11429 12247
 7723 11430 12236
 7735  9632 10477
 7743 11435 10477
 7777  5565 11200
 7777  5565 11241
 7777  5565 11315
10002  5555 11322
10002  5555 11356
10002  5555 12601
10031 11206 10477
10102  5572 12061
10103  8634 11250
10170 11208 10263
10171 11209 10263
10255 11183 11127
10257  8219 12246
10261 11184 12252
10263  8238 11063
10263  8238 11471
10276  8890 10464
10301 10788 10755
10314  8060 12341
10317  6611 12252
10320 11213 12250
10336  5244 10541
10476  7427 11003
10476  7427 11405
10476  7427 11420
10476  7427 12031
10506 11215 12753
10532 12319 12270
10543 11190 11247
10570  5346 12270
10571  8058 11251
10574 11192 12534
10576  4968 10755
10576  4968 11026
10754  5615 11014
10754  5615 12732
10755  6167 11015
10755  6167 13256
11023  8485 12061
11060  2703 13177
11127  9761 12577
11127  9761 13156
11127  9761 13357
11236  9988 11247
11241  9991 13365
11242  8329 1207247  8353 12314
11250  1134 11300
11267  1185 12215
11274  1031 12071
11274  1031 12321
11275  6240 12044
11307  5625 12071
11315  9521 12753
11451 10144 12071
11743 10944 12250
11752  4528 12252
12071  8911 12150
12126 12090 12270
12252  2247 13346
12270 12286 12626
12313  7916 13175
12626  4432 13176
13030 13650 13361
13172 14341 13355
13172 14341 13365
99999
 U`