   12     0
   20     0
   30     0
   40     0
   50     0
   60     0
   70     0
 2001   121
 2002   122
 2003   123
 2004   124
 2005   125
 2010  1673
 2011  1440
 2013  1668
 2014  1674
 2015  1667
 2017  1675
 2022  3124
 2023  1677
 2025  3230
 2026 11167
 2031  5822
 2032   837
 2033  8784
 2035   382
 2036  6324
 2042  1682
 2043 12528
 2045  2624
 2046  1678
 2047  1684
 2050 10535
 2051   501
 2053  1214
 2054  1215
 2055  1216
 2056  1217
 2057  4706
 2060  5382
 2061  3264
 2063  6326
 2065  1815
 2066 11168
 2070  1172
 2071  5934
 2072   502
 2074 16355
 2076 10345
 2077  2034
 2101 10170
 2102  1697
 2106  1139
 2107 10726
 2113 14542
 2120  7585
 2123  9115
 2124  6162
 2125  1012
 2126  1202
 2127  1219
 2131  1220
 2133 14114
 2134  3984
 2142   208
 2143  1242
 2144  1243
 2145  1244
 2152  1363
 2153  9121
 2155 11146
 2156 14650
 2157  3436
 2160  1305
 2162  1361
 2163 11170
 2164  3784
 2166  1377
 2167  1353
 2172   631
 2175  1772
 2201   838
 2205  1497
 2206  1498
 2207  1499
 2210  1500
 2211  9122
 2212  9123
 2213  7105
 2215 11616
 2217  2123
 2220  9794
 2222  9795
 2223   385
 2224   343
 2225  5459
 2227  6803
 2232 14115
 2233 10221
 2235 14632
 2236 15624
 2237 10653
 2241   639
 2243  7026
 2244  1256
 2246 11171
 2251  2544
 2253  8175
 2254  2669
 2256 11173
 2257  1584
 2260  1587
 2261  3369
 2264  2138
 2265   660
 2266   663
 2272  6739
 2274  1742
 2275   709
 2276  1627
 2301 11174
 2302  9870
 2304  9124
 2305  1698
 2311 11051
 2313  1690
 2315  1821
 2317  1634
 2324  3158
 2325  9503
 2326 10698
 2327  7456
 2330  3787
 2331 14633
 2333  4459
 2336  3788
 2337  1739
 2340 11024
 2342  9125
 2344  9614
 2346  6809
 2347  6507
 2351  5140
 2354  1938
 2355  1774
 2356  1775
 2357 11328
 2363  1780
 2364 11329
 2365  6773
 2366  6093
 2367 11331
 2370  5473
 2371  1943
 2374  9797
 2377  5474
 2400  2443
 2401  1840
 2402  1105
 2403  5478
 2404  8721
 2406  5475
 2407  5480
 2411  1786
 2414  1630
 2415  1869
 2421   866
 2424  4813
 2425  1608
 2426  1609
 2430  1115
 2431  2000
 2432 11143
 2433  2007
 2435 11336
 2440 11338
 2442 14485
 2443  9053
 2445  9798
 2446 11340
 2450 11341
 2451  5497
 2453 11342
 2454  5487
 2460 14486
 2462  1188
 2463  1369
 2465 11343
 2466  5498
 2467  1253
 2475 14041
 2476  3789
 2503 10354
 2510  2056
 2511   873
 2513  1629
 2514  1592
 2515  1523
 2517   809
 2521 11725
 2525  2048
 2526  2049
 2531  8077
 2532   642
 2541  2077
 2542  2078
 2543  2079
 2544  9916
 2545  3141
 2552  2552
 2554  5961
 2557 11345
 2564  5455
 2565 11346
 2566 11347
 2570 11348
 2571  6042
 2572  5556
 2573  2840
 2576  2153
 2603  1103
 2604  2154
 2606   325
 2610 15696
 2611 14096
 2613 11350
 2614  1720
 2615 11715
 2616  3519
 2621  2524
 2622  2525
 2623  2526
 2624  2527
 2625   148
 2627  6336
 2630 11351
 2631 10171
 2632  2529
 2633  2530
 2634  2531
 2635  6584
 2637   595
 2640 10571
 2641  2532
 2642  2533
 2643  2534
 2644  2535
 2645 13441
 2646  3644
 2650  5197
 2651  2285
 2653   328
 2654  4350
 2655 11352
 2656  3684
 2657  2294
 2661  2345
 2662  3795
 2665   548
 2666 11361
 2670  2251
 2671  2252
 2672  2253
 2673  2254
 2674  9897
 2676 11615
 2700  6759
 2701  2271
 2703  1065
 2707  2310
 2711 11364
 2712 10883
 2716  4859
 2721   119
 2723 11366
 2724 13442
 2725 14136
 2726  7934
 2727  2358
 2730  3798
 2732  4591
 2734  2375
 2736 14478
 2737 11367
 2741    59
 2743 14655
 2744  2405
 2746 14134
 2747  4954
 2750  7588
 2751  6684
 2752 11816
 2753 11369
 2754 11371
 2755  2429
 2757  3799
 2760  6957
 2762  6118
 2763  6119
 2764  6120
 2770 14593
 2771 11373
 2775  1878
 2776  5085
 3000  3277
 3001 11374
 3002   514
 3004   717
 3016 13472
 3017  2433
 3031  5760
 3034 14140
 3042 11052
 3045  7082
 3047  1426
 3050  1533
 3051  6185
 3052   867
 3053   554
 3054  5490
 3057   549
 3060   557
 3061  5235
 3062  2215
 3063 11660
 3064 15014
 3067  4953
 3070   868
 3071  5240
 3073 10346
 3075  2607
 3100 11378
 3101  4057
 3102  8174
 3106 11380
 3111  8489
 3112   889
 3114  7974
 3115  5893
 3123  6575
 3124  2002
 3125 11386
 3131  3016
 3132  3017
 3133  3018
 3134  3019
 3135  2658
 3137  8687
 3145  2684
 3147  2685
 3150  1643
 3152 11391
 3153  1980
 3154 11395
 3155  2003
 3156  7826
 3157  8506
 3160   863
 3161  2912
 3162  2914
 3165  3992
 3166 11396
 3167  5579
 3171  4099
 3174  6618
 3200   295
 3202 10777
 3204 11398
 3205  4135
 3210  1192
 3212  4389
 3213 11400
 3214  2928
 3216  5605
 3217 11763
 3221 11585
 3224  1531
 3227 15173
 3231 10029
 3233  3936
 3234  4182
 3235  5765
 3236  3070
 3240  2040
 3242  6320
 3243  1365
 3251  3331
 3252  5376
 3254 10172
 3255  6129
 3260  7281
 3261  1829
 3262  2793
 3263 11402
 3265 14139
 3266 11403
 3267   120
 3270  2810
 3271   989
 3272  7484
 3276  7388
 3300  2617
 3301 14088
 3303  5624
 3304  4785
 3311 14524
 3312  9309
 3313 11704
 3316  6792
 3320  5628
 3321  6197
 3330   517
 3337  1541
 3340   518
 3343  1156
 3344   893
 3346  7344
 3347  5201
 3351  5957
 3355    53
 3356 11410
 3360 13266
 3362 14587
 3364  3724
 3373  6045
 3374  6713
 3375  9662
 3376  2767
 3377  6213
 3400 10186
 3401 11413
 3402  7485
 3405  9286
 3406  5321
 3407 11415
 3410 11444
 3412 11445
 3414  5237
 3422 11716
 3424  9493
 3430  5739
 3433   527
 3434  2959
 3435  2960
 3437 11448
 3440 14099
 3441  6460
 3443 16288
 3447  4747
 3452  4387
 3453  3000
 3455  4501
 3456 11449
 3457  9577
 3460  5650
 3461  5600
 3463  3342
 3464  3372
 3470  4431
 3471  4100
 3473  6833
 3477  5651
 3505  9589
 3506  3183
 3507  9666
 3510  2190
 3511  3189
 3512  3190
 3513  3191
 3514 15177
 3515  9282
 3516  9248
 3521  3227
 3522 11450
 3523  1755
 3526  2336
 3530  6323
 3531  2814
 3532 11451
 3533 11452
 3534 11629
 3535  1213
 3537  9101
 3540 11611
 3543 11453
 3544 14969
 3546 11455
 3547 10815
 3551  9522
 3552 14488
 3554  7223
 3556 11760
 3557  5660
 3561  4428
 3564 10949
 3565 11705
 3566 11456
 3567 11789
 3571  6343
 3600  5675
 3602  3320
 3603  3323
 3606  6212
 3607  1495
 3611  6322
 3613  4875
 3614 11457
 3615  6554
 3622  5680
 3623 11458
 3624 11459
 3625  7753
 3626  4177
 3630  7246
 3631  7394
 3632  3376
 3633  3727
 3635 13540
 3641  3392
 3643 11461
 3650 14600
 3651  9073
 3652   727
 3653 11462
 3654 11463
 3655  1279
 3656 11464
 3657 11465
 3660  3083
 3661 11466
 3662 11144
 3663  5265
 3664  6519
 3666 11467
 3670  4417
 3671  3454
 3672  8688
 3673 11145
 3674  2142
 3675 11468
 3677  6245
 3704 11470
 3705 11471
 3707  1066
 3712  8866
 3713  4955
 3714   524
 3720  7389
 3722  3498
 3723  3499
 3724  3780
 3725  3781
 3726 11473
 3727  7733
 3731 11475
 3732  1025
 3737  3561
 3740   240
 3742  1027
 3743  3576
 3744  4583
 3746  3581
 3747  3582
 3752 15482
 3753  6028
 3754  3591
 3755  3599
 3757  3601
 3760  3602
 3761  6293
 3762   865
 3763 12768
 3764 14138
 3765 14493
 3767  4776
 3770  3618
 3771  3622
 3774  6110
 3775 11476
 4000 11477
 4001  7080
 4004  1901
 4005  3668
 4006  3669
 4007  3679
 4010  7624
 4011  7625
 4013  7924
 4014 11478
 4016  3746
 4017  3747
 4020   904
 4021 16297
 4022 14494
 4024  3685
 4032 11706
 4036 11147
 4037  1995
 4040  4837
 4041  7997
 4042 11707
 4044 11480
 4045 11481
 4046   446
 4050  5587
 4051  6260
 4052  2005
 4053  3686
 4054  8217
 4055  3687
 4060  3690
 4061 15257
 4063  5999
 4067  6107
 4070  3691
 4071  3962
 4072  3963
 4077 13450
 4100 11484
 4102  3988
 4103  3989
 4104  3990
 4107  9356
 4111  4912
 4113 14479
 4117 11489
 4121  6214
 4122 11490
 4123  4029
 4124  4030
 4125  6882
 4126 11491
 4130  2024
 4131  1193
 4133  4048
 4134  4049
 4135  6378
 4136   195
 4137  4058
 4141  4065
 4145  4086
 4147  4090
 4150  3692
 4151  4105
 4152  4108
 4153 11492
 4154 11493
 4156  4120
 4161 11494
 4164 14480
 4165 14481
 4166 15680
 4174  7938
 4175 11497
 4176 13648
 4177  5279
 4201  4186
 4202  4187
 4203  4188
 4205  7383
 4206  4198
 4207  4199
 4210 11761
 4212 11498
 4214   447
 4216  9734
 4220  9259
 4221  4223
 4223 11205
 4224  6874
 4225 11218
 4227  4236
 4230  4237
 4231  3817
 4232  1236
 4233  4245
 4235  4250
 4236  4251
 4237  4255
 4241 11630
 4247  7480
 4252 15157
 4253  4283
 4254  4285
 4255 11220
 4257 11221
 4260  4301
 4261  4302
 4262 11222
 4263 11142
 4265  4311
 4270  1564
 4271  8281
 4273  6321
 4275  4340
 4277  1626
 4301  4359
 4302  4360
 4304  4363
 4305  8747
 4310 14637
 4311 11223
 4312  1545
 4313 11224
 4316 10684
 4320  4411
 4322 12769
 4323  5805
 4325  4424
 4326  4425
 4327 11225
 4330  8751
 4331  4436
 4332  1546
 4333  4438
 4340 11226
 4343 14651
 4344  6654
 4346  9836
 4353  7718
 4354 10034
 4355  3556
 4356  4596
 4357  3693
 4360 11228
 4361  4535
 4362 10080
 4367  4377
 4371  4323
 4372  7403
 4375 11230
 4376 13993
 4400  5759
 4403 12224
 4405  8610
 4407  7939
 4411  5792
 4415  5823
 4416  5824
 4420  5826
 4430 11232
 4432  6201
 4435  7929
 4447  5857
 4452  5860
 4453  5013
 4454 14656
 4455  7940
 4457  5333
 4460 11788
 4461  4745
 4462  4746
 4464  7802
 4466  3604
 4467 11234
 4472  4563
 4473  2441
 4474 11790
 4475  1944
 4501 11236
 4502   525
 4504 11237
 4505  4797
 4506  4798
 4507  4799
 4510  4800
 4511  4801
 4512  4802
 4514  4804
 4515  9950
 4517  4807
 4520  4808
 4521  4809
 4524  4812
 4525  4654
 4530  1618
 4531  4838
 4532  4839
 4534  4841
 4535  4842
 4536  4843
 4540 15102
 4541  4846
 4542 11238
 4543  4848
 4544  4849
 4545  4850
 4546  4851
 4547  4852
 4550  4853
 4552  4856
 4556  2978
 4557 10986
 4560  4884
 4561  4885
 4562  4890
 4563  4891
 4564  4892
 4565  4893
 4566  4895
 4567  4896
 4571  4899
 4572  4900
 4573  4901
 4574  4902
 4575  4903
 4577  9500
 4600  6150
 4603 11239
 4607  2149
 4610  5654
 4611  6764
 4614 11692
 4617  4994
 4620 14673
 4622  7470
 4623   785
 4624  5750
 4626 11049
 4627 11050
 4630 11762
 4631  1865
 4634  5951
 4637  5952
 4641  5022
 4642  5023
 4643  5024
 4644  5025
 4646  7868
 4647  6461
 4650 11240
 4651  4915
 4653 10557
 4655  8276
 4656  5048
 4657  5049
 4660  5050
 4661 14648
 4662  5054
 4663  5055
 4664  1284
 4666  4259
 4667  5078
 4671  5882
 4672 11241
 4675  5888
 4676  5889
 4677  5890
 4700  6987
 4702  2013
 4703  5109
 4705  7126
 4710  8083
 4713  3694
 4714  5149
 4716  1996
 4721 11711
 4722 11242
 4725  6080
 4726  5189
 4727  5190
 4730  5191
 4731  5192
 4732  5193
 4733  5194
 4740  5210
 4741  5211
 4742  5212
 4744  1997
 4745  2033
 4747 14601
 4751 11243
 4753  5710
 4755 11244
 4757  2566
 4760  5281
 4761  5282
 4763  5284
 4764  2037
 4765  5286
 4766  5287
 4770 11245
 4775  8108
 4776  2001
 5000  5323
 5001  5324
 5004  5216
 5005 13102
 5006 14575
 5010  5163
 5011  1979
 5013  1576
 5014 12781
 5015  5671
 5016  5672
 5021  9296
 5023  1814
 5025  5971
 5031  5977
 5033  5979
 5034  5980
 5036  9664
 5041 12330
 5043  6004
 5045  7627
 5051  3758
 5056  6047
 5057  6051
 5061 15432
 5063 11249
 5064  2468
 5065  2470
 5066  2471
 5071  6083
 5072  6084
 5074  8463
 5077  6102
 5100  9549
 5101 14531
 5102  3729
 5103  3731
 5104 14820
 5107 13103
 5110  6125
 5111  9496
 5113  6169
 5115  6572
 5120  8147
 5123 10981
 5124 13104
 5131  6253
 5132  6254
 5134 14495
 5135 14496
 5137  3954
 5141  7913
 5142  5866
 5143  1005
 5144  6289
 5145  7391
 5150  2845
 5151  1293
 5152  6344
 5153  6345
 5156  5423
 5160   701
 5161  4558
 5162 13105
 5163 14436
 5166  6368
 5167 13480
 5172  3257
 5173  4121
 5177 12979
 5201 14634
 5206 11251
 5207  6457
 5211 11252
 5215 13487
 5216  6052
 5220  6482
 5222 10031
 5226  3388
 5230  7098
 5231  2707
 5232  4950
 5233  1960
 5234  6053
 5236  9186
 5237  6632
 5240  6633
 5241  1830
 5242 11253
 5243  6637
 5244  6638
 5245  6639
 5250 14552
 5252  1649
 5253  8098
 5255  9000
 5256 11254
 5257  1443
 5260 11255
 5262  6656
 5264 11256
 5265  5973
 5267  4860
 5271  6599
 5272   808
 5275 16295
 5277  9580
 5300  7515
 5301   287
 5303   526
 5304 11260
 5306  1309
 5307  8574
 5313  9550
 5317  6702
 5320  6703
 5321  6706
 5323 16204
 5325  6727
 5326  6728
 5327  6729
 5330  6730
 5331  6731
 5333  6734
 5334  6735
 5335  9733
 5336   196
 5340  6743
 5341  6744
 5342  1849
 5343  6783
 5344  6784
 5347  5450
 5351  1550
 5354  1191
 5357  6126
 5360  6127
 5362  8939
 5365 11263
 5366 10341
 5373  6840
 5374  6841
 5375  6842
 5376  6845
 5377  6846
 5400  6847
 5401  6848
 5402  6849
 5403  6850
 5405  6852
 5406  6853
 5407  6854
 5410 10081
 5415 11262
 5416  3732
 5420 14606
 5421  6251
 5422  4453
 5423  6583
 5424  6877
 5427  7518
 5431  6151
 5433 12225
 5437 11495
 5441 11264
 5442  6907
 5443  6908
 5445  6911
 5446  6912
 5447  6913
 5450  6916
 5451  6917
 5452  6918
 5456 11268
 5457  6925
 5460  6926
 5461  6927
 5462  6928
 5464   752
 5465  1534
 5471  2472
 5476  2558
 5477  2559
 5500  9030
 5501  2562
 5502 11269
 5504 10058
 5505  6969
 5506  6970
 5507  6971
 5510  6972
 5511  1092
 5512  2543
 5513  5603
 5514 10303
 5515  6984
 5516  6985
 5520  8205
 5521  1024
 5522 14532
 5523 11271
 5524  7023
 5530 11553
 5531 11914
 5532  6114
 5533  6808
 5534  7054
 5535  7055
 5536  7056
 5537  4682
 5540  7058
 5541  7059
 5544  7070
 5545  7071
 5546  7072
 5550   772
 5551   778
 5553  8717
 5554  8718
 5555  3406
 5556  3117
 5561  3734
 5562  3445
 5563  7817
 5572  6202
 5573  6223
 5576  1283
 5577  5967
 5600 10930
 5601 10814
 5602 11886
 5603  8643
 5605 11275
 5610  7137
 5612  7139
 5615  7160
 5616  7161
 5617  7162
 5620  7163
 5621  7165
 5623  3042
 5626 11276
 5627  7188
 5630  7189
 5631  7190
 5632  7191
 5633  7193
 5640  7200
 5641  7201
 5642  7202
 5643  4626
 5644  7207
 5645  7213
 5646  7214
 5647  7215
 5650   579
 5651  4790
 5652  6407
 5654  6488
 5656  2068
 5657  4646
 5661  6055
 5662  6406
 5663  3783
 5667  7248
 5670 10555
 5671  1683
 5672  7099
 5673  3695
 5674  3778
 5676  7258
 5677  7259
 5700  7260
 5701  7261
 5702  7262
 5705 12958
 5707  7278
 5710  5864
 5711  7284
 5713  7286
 5714  7287
 5716  3164
 5717  7290
 5720  7291
 5721  7292
 5723  7294
 5724  7295
 5725  7296
 5726  7297
 5727  7298
 5733 10350
 5734 12761
 5736  4196
 5737  3735
 5743  7326
 5744  7327
 5745  7328
 5746  7329
 5747  7330
 5750  7331
 5751  9094
 5753  5152
 5760  7349
 5761  7350
 5762  7353
 5763  7354
 5770 14674
 5771  4655
 5773  8421
 5774  7621
 5776 15268
 5777  5045
 6003  1041
 6006  7398
 6014  8609
 6015  8124
 6021 14676
 6022  1364
 6035 11279
 6037  7465
 6041  7467
 6044 15819
 6046  6111
 6047  3425
 6050  1725
 6053  3609
 6054  5918
 6055  1914
 6057  2184
 6060   604
 6061  7496
 6062  7497
 6063  7498
 6064  7499
 6065  7500
 6066  7501
 6067  7502
 6070  7503
 6071  7504
 6072  7505
 6073  7506
 6074  7507
 6075  7508
 6076  7509
 6077  7510
 6100  7511
 6101  4889
 6102  2683
 6103  1206
 6104  7966
 6105  1144
 6106 11281
 6113   611
 6116  8069
 6117  8486
 6120  1129
 6123  7547
 6124  7548
 6125  7549
 6126  7550
 6130 11282
 6137  7568
 6140  7569
 6141  7570
 6142  7571
 6143  7572
 6144  7573
 6145  7574
 6146  7575
 6147  3428
 6151  5585
 6154  6977
 6155  7583
 6156  7004
 6157  7586
 6161  7591
 6162  7592
 6163  7593
 6164  7594
 6165  7595
 6170  5150
 6171  5462
 6173  5661
 6174  2892
 6206  3074
 6207  3118
 6210  3125
 6211 13639
 6212  7630
 6213  7631
 6214  7632
 6221  1465
 6222  6436
 6223  7644
 6224  2086
 6225  6341
 6226  6342
 6227  7648
 6230  7654
 6231  7655
 6235  7665
 6236  7667
 6237  7668
 6240  7670
 6243 11712
 6245  7690
 6246  7691
 6247  7692
 6250  7693
 6251  7694
 6252  2563
 6253  7698
 6254  7699
 6255  7700
 6256  7701
 6257  7702
 6260  7703
 6261  7704
 6262  7705
 6263  7706
 6264  7707
 6265  7708
 6267  7710
 6272  5946
 6273  9914
 6274  7715
 6275  7866
 6301  7741
 6302  7742
 6304  7362
 6307  3126
 6310  7390
 6311  1046
 6312  1047
 6314  6335
 6316  1064
 6317 15808
 6320  1068
 6321  1070
 6323 15809
 6324  1073
 6325  1075
 6326  1077
 6327  1078
 6330  1079
 6331  1080
 6332  1081
 6333  1082
 6334  1083
 6335  1084
 6336  1085
 6337  2169
 6340  1086
 6341 11997
 6342 11284
 6345  1108
 6346  9898
 6347 10614
 6350 11286
 6352  1207
 6353  1208
 6354 14460
 6364  1228
 6365  1229
 6366  1235
 6367 14533
 6370  1248
 6371  1249
 6373  6278
 6374 13884
 6376  9899
 6377 13934
 6407 11083
 6411  5217
 6413  9977
 6414 13944
 6415  4399
 6416 11661
 6421  6571
 6422 10347
 6425  8566
 6433  1747
 6434  1750
 6441  6117
 6444  7197
 6447 13997
 6455 14059
 6456  8140
 6457  8251
 6460  1941
 6461  1954
 6462 11288
 6463  1956
 6464  1957
 6471  9003
 6472 11289
 6473 13106
 6474  2337
 6475  2340
 6476  2341
 6477  2343
 6500 16208
 6501 11290
 6502  2348
 6503  2352
 6504  2354
 6505  2355
 6506  2370
 6507  2371
 6510  2372
 6514  3749
 6515  1989
 6522 11291
 6523  6470
 6524  2483
 6525  2484
 6526  2486
 6527  2487
 6530  2488
 6532 11292
 6535  4671
 6536   612
 6542  2672
 6543  2680
 6544  2682
 6545 15247
 6551  6617
 6552  5891
 6556  8016
 14255
 6564 11297
 6566  1600
 6567 10826
 6570  8565
 6571  2808
 6572  2822
 6573  2826
 6574 11298
 6577 14677
 6601  5065
 6602  9847
 6604  2876
 6605  3855
 6607 11713
 6612  9494
 6614   621
 6615  3842
 6616  3151
 6617  3153
 6620  3154
 6621  3155
 6622  3156
 6625   853
 6626 11299
 6630  9840
 6631  3234
 6634  3251
 6635  3254
 6636  7046
 6640  3306
 6641 10828
 6644  3333
 6645  3334
 6646  2378
 6647 13115
 6650  3643
 6651  3452
 6652  3453
 6653  3461
 6655  3468
 6656  3471
 6657  4511
 6665 14607
 6667 14609
 6673 14349
 6700 14535
 6701  5375
 6703  2949
 6704 11301
 6705  6099
 6706 11785
 6711  6876
 6714  8357
 6715 11302
 6716  5408
 6717   197
 6720  4481
 6721  4486
 6722  4531
 6723 14482
 6730  4688
 6731  4708
 6732  4711
 6733  4775
 6734  4782
 6735  4826
 6736  4877
 6740  4879
 6741  4880
 6742  9848
 6744  7612
 6746  4940
 6747  4516
 6750  5016
 6751  5026
 6752  5030
 6753 11786
 6754  6523
 6755   105
 6756  1171
 6757  6477
 6760  4681
 6762 11305
 6763   139
 6765  9842
 6770  5719
 6771 11306
 6772  3248
 6773  3249
 6774 11308
 6776  2670
 7000  6235
 7001  3142
 7002  4589
 7003  4938
 7004  4343
 7005  5588
 7010  5280
 7011  5329
 7013  5596
 7014  8206
 7015  2863
 7016  5612
 7017  7617
 7021  5270
 7024   947
 7025  2602
 7026  2626
 7031 11309
 7033  1834
 7036  6785
 7037 14678
 7040  1408
 7041   666
 7042 11310
 7043 11312
 7051  1445
 7052  7552
 7057  3152
 7064    98
 7067  4390
 7070  4670
 7071  5147
 7072  5221
 7074   836
 7075 11313
 7076  1043
 7100 14649
 7102  9458
 7104   299
 7107 11314
 7110  5935
 7111  7728
 7112   628
 7113  6067
 7115  6316
 7116  6332
 7117 11327
 7120  7400
 7121  1946
 7122  1985
 7123   498
 7125  9299
 7126 11332
 7137  9501
 7140  5586
 7141  2777
 7145  3058
 7146  3343
 7147 11333
 7150 11335
 7153  5485
 7156  4881
 7157 14540
 7162 11665
 7163   854
 7164   855
 7170   856
 7172  7264
 7173  7634
 7175   927
 7205   324
 7206  9292
 7207  4308
 7210 11349
 7212 11557
 7214 11353
 7215 11694
 7216  4015
 7220 11356
 7221   783
 7223  9495
 7225   308
 7226  9168
 7230  1851
 7231  7198
 7233  7616
 7234  4011
 7235  6598
 7236  6946
 7240  6948
 7241  1006
 7242 11357
 7245  7808
 7247 14652
 7251  5637
 7253  4347
 7254   113
 7255  4365
 7261  4132
 7262 14636
 7264  6065
 7272 14639
 7273  7405
 7274  9100
 7275   591
 7276  6671
 7301 11359
 7303  1927
 7304  1036
 7306 11363
 7307 15186
 7325  9862
 7326 11702
 7327  4391
 7330 12341
 7331 11375
 7332 11379
 7333   261
 7336 11381
 7340  3736
 7343  6481
 7344  3307
 7345  5467
 7360   791
 7362   578
 7364 11384
 7370  6592
 7371   671
 7375  4739
 7376 10343
 7402  4319
 7403  3754
 7404  3972
 7411  9844
 7413  7406
 7414 10875
 7415    28
 7423   310
 7424  8666
 7427  4597
 7432 11394
 7434 11397
 7437 15875
 7445  7856
 7446  8705
 7447 11399
 7450  7864
 7451  7865
 7455  5310
 7456 11404
 7457  7980
 7460 11409
 7461 11787
 7462   864
 7463  6215
 7465 11414
 7466  8377
 7467 11416
 7474  5072
 7475 13124
 7504  9188
 7505 16330
 7507  1035
 7511 15248
 7520 14680
 7524 14653
 7525 11420
 7530  3800
 7531  3801
 7532  3802
 7533  4944
 7534  4981
 7535  5001
 7536  5156
 7540  5215
 7541  5236
 7542  5431
 7543  5432
 7544  5435
 7545  5437
 7547 10857
 7551 10337
 7552  4178
 7553  3828
 7556  3813
 7560  3589
 7567  6058
 7572  2630
 7573  2833
 7574  2973
 7575  3014
 7576 14951
 7577  7439
 7600 16212
 7601 16214
 7605  5276
 7607 11421
 7610  4421
 7611  8518
 7612  8519
 7613  8520
 7614  8521
 7617  9895
 7620  8599
 7622  3621
 7623  8522
 7624  8523
 7625   530
 7630   543
 7631 11423
 7634  7855
 7636 11425
 7644  4753
 7650  5903
 7651  9081
 7652 11426
 7653 11427
 7655  7180
 7656  4276
 7657  4277
 7661   198
 7672  4272
 7675 10674
 7676 11428
 7677 10676
 7703 14616
 7704  9497
 7705  4122
 7706  3852
 7707 16356
 7710  5808
 7712  1631
 7713  6490
 7714  2255
 7715  6568
 7720  2330
 7721 11429
 7722  2515
 7723 11430
 7724  2519
 7725  5859
 7726 11431
 7727  3409
 7730  6887
 7731 11432
 7732  4631
 7734  4641
 7735  9632
 7737 11434
 7740   862
 7741   792
 7742   794
 7743 11435
 7744  1186
 7745   146
 7750  3584
 7751  3709
 7752  4495
 7753  4911
 7754  5161
 7755  5185
 7756  5456
 7757  5764
 7760   857
 7761  5524
 7762  7768
 7763  7769
 7764  7770
 7765  7771
 7766  7772
 7767  7773
 7770  7774
 7771  7775
 7772  7776
 7773  7777
 7774  7778
 7775  7779
 7776 15090
 7777  5565
10002  5555
10003  5154
10004  4640
10006  7867
10011  6951
10014  2634
10016  6279
10017  6655
10020  6889
10021  7274
10022  7275
10023  7870
10024  7871
10025 14497
10031 11206
10033  2802
10034  7714
10036  2853
10040  3056
10052 13851
10055  7903
10056  7904
10057  7905
10060  7906
10061 11178
10062  8201
10063  8202
10065  3756
10066 10914
10067   477
10070   478
10071 11207
10072  2015
10075  1836
10102  5572
10103  8634
10105  8639
10110  7407
10112  7960
10113 11181
10114  7963
10115   192
10116  7967
10117  8627
10122  8471
10123  8475
10126  6620
10127  4908
10130  7987
10131  7988
10136 10707
10137  5138
10140   860
10141  8000
10142  8001
10143  8002
10144  8003
10150 10556
10151  8037
10153  3492
10156   879
10161  8049
10162  8050
10163  8051
10164  8052
10170 11208
10171 11209
10172 11210
10175  7199
10176  3555
10177  3875
10200  1917
10201  3511
10202  9617
10204 15876
10205  6607
10206  6965
10207  7652
10210  8074
10211  8075
10212 11211
10213  7219
10215   550
10217 14681
10221  4906
10230 15018
10231  8150
10232  8151
10233  8152
10234  8153
10235  8154
10236  8155
10237  8156
10242  3774
10243  6594
10250 14617
10253  3776
10254  5986
10255 11183
10256  9095
10257  8219
10261 11184
10263  8238
10264  8240
10265  8242
10266   954
10267 12318
10270  1048
10272 10459
10274 14592
10276  8890
10301 10788
10307 11185
10310 10356
10313  5464
10314  8060
10315  3779
10317  6611
10320 11213
10321  5388
10322  5389
10323  1485
10324  1900
10325  2924
10326  3658
10332 11703
10333  2418
10334 15496
10336  5244
10337 11186
10342  8359
10344  1182
10345  6495
10346  1976
10347  2317
10350  8671
10353 14147
10355  6128
10357  5743
10360  6954
10361 14685
10362 10082
10363  8378
10371  5384
10377  7086
10400  8412
10402  9778
10403  8415
10407  8419
10412  8422
10413  2611
10415 13047
10416  4731
10417 13048
10423  3437
10425  4635
10426  6570
10427 13049
10430 14618
10432  5899
10433  6973
10434  4505
10436  5089
10441  5780
10442  5783
10443  5784
10453  6697
10461  9498
10462 14483
10464  1859
10465 10030
10467 13050
10470  9336
10472 11214
10473  6252
10475 14822
10476  7427
10477  4548
10500  4550
10501  5746
10502  6305
10503  7227
10504  7426
10505  8499
10506 11215
10507  8524
10510 11216
10511  8526
10512  8527
10513  8528
10514  8529
10515  1110
10516 11217
10517  8532
10520  8533
10521  8534
10522  8535
10523   955
10525   956
10526 14624
10527   957
10530   958
10531   961
10532 12319
10536   969
10541   975
10542 11189
10543 11190
10544  8538
10545  8539
10546  8542
10547  8543
10550  8544
10552 16352
10557  8763
10560 15601
10561  6106
10567 12122
10570  5346
10571  8058
10573 14498
10574 11192
10576  4968
10601 11193
10602 11194
10603 11195
10604 11196
10605  5320
10611  9651
10612  8891
10613  8892
10614  8893
10617  6524
10620 11688
10621 11198
10622  8919
10626  3673
10627  8937
10631  6496
10632  6544
10662 13051
10663 13052
10664 13053
10665 13054
10666 13055
10667 13056
10670 13057
10672  1952
10673 11199
10675  9437
10700 13058
10705  2692
10707 11693
10710 11200
10711  9469
10712  9470
10713  9471
10717  3649
10720 13059
10721 14626
10722  3094
10723  3661
10724  3907
10725  5914
10726  6159
10727  6376
10730 11201
10732   861
10733 13060
10747  5867
10750  6789
10751   136
10752   137
10753 14106
10754  5615
10755  6167
10756  6437
10757  6449
10760  6451
10763   138
11003 10077
11005   575
11010  1746
11011  9301
11012  7424
11013  8515
11014  9595
11015  9860
11016   158
11017 10168
11023  8485
11025 13061
11026 10403
11030  3309
11031  1327
11035  4494
11037 15091
11050 14627
11052   979
11053   980
11054   987
11056 13062
11060  2703
11062 11653
11063   995
11064  5544
11067 11202
11071 11822
11100 10858
11105  5560
11107  5561
11112  5788
11113  5789
11114  8038
11120  5429
11121  9748
11122  9749
11123  9750
11124  9751
11127  9761
11130  9762
11134  5218
11135  5219
11144  8950
11150  6936
11151  6937
11152  7073
11153  7074
11156 14584
11160  4608
11161  9906
11162 10833
11165   193
11170  5202
11171  6818
11172  7237
11174 15812
11176  1350
11177  5038
11200 14499
11207  9945
11210  9951
11211  9952
11212  9953
11213  9954
11217   795
11220 11893
11224 15588
11231 11203
11233  7748
11234  9981
11235 11659
11236  9988
11237  9989
11240  9990
11241  9991
11242  8329
11245 10882
11247  8353
11250  1134
11251  9790
11252  4576
11253  7333
11257 10686
11261  5766
11266  9616
11267  1185
11270  1273
11271  2788
11272  3162
11273  3163
11274  1031
11275  6240
11276  4021
11277 14686
11300  1159
11301  1271
11304  1783
11305  2097
11306  3947
11307  5625
11313 10687
11314 10344
11315  9521
11316  4690
11321  7036
11322  4868
11323  5997
11324  3032
11325  4691
11326  3033
11331   199
11335  7531
11341  7635
11345  3324
11346  1937
11347  8180
11352 11782
11353 11783
11355 11784
11356   273
11362   333
11367   353
11371   377
11372   378
11373  7115
11374  7250
11376   416
11377   417
11400   418
11402  1856
11403   422
11405   430
11407   479
11410   480
11411   481
11412   482
11413   483
11414   484
11415   485
11416   486
11420  6504
11421  6859
11423   491
11424 10032
11425 10033
11432  1126
11433 15258
11447 14631
11451 10144
11452 10145
11453 10146
11456 10156
11457 10157
11460 10158
11470 10183
11471  6512
11473  5220
11474  2782
11475  2681
11476  9932
11477  9931
11500 11607
11501  3848
11502  5594
11503  7601
11504  8022
11505  5145
11506  6825
11507  8703
11510  8704
11511 10511
11512  1535
11513  4514
11514  4515
11515  1332
11516  8724
11517  8191
11520  8193
11521  8194
11522  8195
11523  4541
11524  4586
11525  5208
11526  6770
11527  7083
11530  7107
11531  7324
11532  7325
11533  8021
11534  9779
11535  3325
11536  5748
11537  1267
11540 10499
11541 10498
11542 10497
11543 10496
11544 10495
11545 10494
11546 10493
11547 10492
11550 10491
11551 10490
11552 10489
11553 10488
11554 10487
11555 10486
11556 10485
11557 10484
11560 10483
11561 10482
11562 10481
11563 10480
11564 10479
11565 10478
11566 10477
11567 10476
11570 10475
11571 10474
11572 10473
11573 10472
11574 10471
11575 10470
11576 10469
11577 10500
11600 10503
11601 10504
11602 10505
11603 10506
11604 10507
11605 10508
11606 10509
11607 10510
11610 10464
11611 10512
11612 10513
11613 10514
11614 10515
11615 10516
11616 10517
11617 10518
11620 10519
11621 10520
11622 10521
11623 10522
11624 10523
11625 10524
11626 10526
11627 10525
11630 10527
11631 10528
11632 10529
11633 10530
11634 10531
11635 10532
11636 10533
11637 10534
11642 14512
11644 11824
11645 11827
11646 14687
11650 13174
11651 11554
11652 11555
11662  2353
11663 10586
11671 10596
11677 10759
11702 10799
11710  6391
11711  6516
11715    36
11716 13067
11717  1346
11725 10918
11726 10919
11727  1351
11730  4053
11731  3790
11737  4367
11740  4722
11741 10932
11743 10944
11752  4528
11753 14274
11754 10995
11756 10998
11757 10999
11763 14837
11764  1610
11765 13075
11766 11026
11772 11029
11775 11048
12011 15369
12026  7884
12031  6863
12037  8690
12040  9102
12041  9730
12044 10982
12045 10851
12047 10970
12052   389
12053  4982
12054 10984
12061  6641
12063 14688
12065  9303
12066 14590
12070  7110
12071  8911
12076 12061
12077 12062
12101 15318
12105  8886
12106  9713
12111 11830
12112 10234
12113 11140
12114  8370
12115  5458
12116  7613
12117 12085
12120 12086
12121 12087
12122  4137
12123  7003
12124  9166
12125 12089
12126 12090
12141  4936
12142  5051
12143  9878
12144 12112
12145 12113
12146 12114
12147 12115
12150 14284
12151 14285
12152 10884
12153 10885
12154 10886
12155 11054
12156 11055
12157 11056
12163 11059
12164 11060
12165 11061
12166 11062
12167 11065
12170 11066
12171 11067
12173 11071
12174 10304
12175 12118
12177 12158
12200 12159
12201 12160
12202 12161
12204  2218
12215 12369
12216 12177
12217 12178
12220 12179
12221 12180
12223 16296
12225 12211
12226 12212
12227 12213
12230 12214
12231 12215
12232 12216
12233 12218
12234 12219
12235 12220
12236 16286
12237 12229
12240 12230
12241 12231
12242 12232
12243 12234
12244 12235
12246 12237
12247 12238
12250 12239
12252  2247
12253 12243
12254  5915
12255 12253
12256 12254
12257  8632
12261 12267
12262 12268
12263 12269
12270 12286
12271 12287
12272 12288
12300  5533
12301 12304
12302 12309
12303 12310
12304 12311
12307  5673
12311     9
12312    55
12313  7916
12314 12317
12315 12320
12316   965
12321 12336
12323 12347
12324 12354
12326 12356
12327 12357
12330 12359
12331 12360
12332 12361
12333 12363
12335 12365
12336 12366
12337 12367
12340 12368
12341 12370
12347  5506
12350  5840
12351  6573
12352  8084
12353  8085
12354  9218
12355 12404
12361 14583
12367 12433
12370 12342
12372 14838
12374  4898
12375  5160
12376  5343
12377  5363
12400  1835
12425  3476
12426  6810
12456  4087
12457 16353
12460  7927
12463 12673
12464 12674
12473 12696
12477  2082
12504 12713
12505 12714
12513  2361
12514  3575
12515  4317
12516  7282
12524  1686
12525  1734
12526  2453
12527  2664
12532  6104
12533   811
12534    94
12541  8220
12542  8662
12545  7608
12546 11964
12547  5872
12550  6820
12551  8207
12552  9016
12553  9217
12554  9572
12555 13108
12556  9839
12557 13109
12560 13110
12565  6964
12576    90
12577   882
12600  1639
12601  2735
12607  5833
12610  5954
12611  7138
12620 15740
12621  1183
12622 12899
12624  3501
12626  4432
12642  1915
12644  5135
12645  5322
12646  5426
12647  6011
12671 12901
12672 12910
12700  2870
12701  3696
12702  4666
12703  5507
12704  6199
12705  6901
12716  1021
12717  1935
12720  2194
12721  2887
12727  3951
12731  4827
12732  4863
12733  5073
12734  5631
12742  7034
12747  6163
12750  6173
12751  6194
12752  6262
12753  6263
12755 14443
12756 14477
12765  4008
12766  9034
12767   750
12770   802
12773 15968
13000 13802
13010 13081
13011 13082
13012 13083
13013 13588
13014 13589
13015 13590
13016 13591
13017 13592
13020 13593
13022 14487
13026 13631
13030 13650
13031 13651
13037 13679
13042 13692
13043 13693
13044 13694
13045 13695
13046 13696
13047 13697
13050 13698
13051 13699
13052 13700
13100 13799
13101 13803
13102 13804
13103 13817
13110 13829
13111 13830
13120 13886
13121 13893
13123 13896
13132 13918
13133 13920
13134 13921
13140 13930
13147  6310
13154 13985
13156 14287
13164 14314
13171 14337
13172 14341
13173 14346
13175  6070
13176  6157
13177 14363
13211 14694
13212 14695
13213 14696
13214 14703
13215 14705
13216 14707
13225 14728
13226 14729
13227 14730
13230 14734
13231 14735
13232 14736
13233 14737
13234 14738
13235 14739
13236 14740
13237 14742
13240 14743
13242 14746
13244 14752
13245 14756
13246 14758
13247 14759
13250   487
13251 14766
13252 14767
13253 14721
13256  5700
13257 14778
13260 14779
13273  7933
13274  9687
13275 14798
13300 14811
13301 14812
13303 14815
13314 14827
13341  6755
13344  7471
13345  9139
13346 13470
13347 14539
13350 14619
13351 14640
13352 14641
13353 14642
13354 14749
13355 14751
13356 14868
13357 14869
13360 14870
13361 14875
13362 14876
13363 14877
13364 14879
13365 14881
13416 14970
13417 14971
13420 14972
13421 14977
13422 14978
13423 14979
13424 14980
13427 14992
13430 14993
13431 14995
13435 15023
13437 15027
13440 15092
13441 15093
13442 15094
13444 15950
13445 15106
13446 15111
13450 15116
13453 15123
13456 15132
13457 15133
13460 15134
13472 15249
13473 15250
13474 15259
13477 15264
13500 16175
13501 15266
13502 15269
13503 15270
13504 15271
13524 15359
13530 15697
13531 15698
13532 15699
13533 15700
13535 15741
13536 15742
13537 15743
13540 15744
13541 15746
13545 15820
13552 15836
13553 15837
13554 15838
13555 15839
13557 15844
13560 15845
13566 15857
13567 15861
13570 14646
13571 15865
13572 15866
13573 15877
13576 15890
13577 15891
13601 15896
13602 15897
13603 15902
13604 15903
13606 15910
13607 15911
13610   725
13614 15922
13616 15929
13617 15930
13620 15936
13621 15941
13622 15951
13623 15956
13624 15957
13625 15958
13626 15961
13630 15971
13641 15995
13645 16007
13646 16008
13647 16013
13650 16015
13651 16016
13652 16017
13653 16019
13655 16038
13656 16042
13676 16129
99999
    :'OHR