2010 10510 010
2011 10510 011
2012 10510 012
2013   522 013
2014 10510 014
2015   522 015
2016   522 016
2017 10510 017
2020 10510 020
2021 30522 021
2022 10510 022
2023 10510 023
2024 10510 024
2025 10510 025
2026 10510 026
2027   120 027
2031 10510 031
2032 10510 032
2033 10510 033
2034 10510 034
2035 10510 035
2036 10510 036
2037 10510 037
2040 10510 040
2041 10510 041
2042 10510 042
2043 10510 043
2044 10510 044
2045 10510 045
2046 10510 046
2047 10510 047
2050 10510 050
2051 10510 051
2052 10510 052
2053 10510 053
2054 10510 054
2055 10510 055
2056 10510 056
2057 10510 057
2060 10510 060
2061 10510 061
2063 10510 063
2064 10510 064
2065 10510 065
2066 10510 066
2067 10510 067
2070 10510 070
2072   126 072
2073 10510 073
2074 10510 074
2075 10510 075
2076 10510 076
2077 10510 077
2102 10510 102
2103   126 103
2104 10510 104
2105 10510 105
2107   120 107
2110 10510 110
2111 10510 111
2112 10510 112
2113 10510 113
2114 10510 114
2115   522 115
2116 10510 116
2117 10510 117
2130 10510 130
2131   126 131
2135 10510 135
2136 10510 136
2140 10510 140
2141 10510 141
2142 10510 142
2143 10510 143
2144 10510 144
2145 10510 145
2146   126 146
2147 10510 147
2150 10510 150
2151 10510 151
2152 10510 152
2154 10510 154
2155 10510 155
2156 10510 156
2157 10510 157
2160 10510 160
2161 10510 161
2162 10510 162
2163 10510 163
2164 10510 164
2165 10510 165
2166 10510 166
2167 10510 167
2172 10510 172
2173 10510 173
2175 10510 175
2176 10510 176
2210 10510 210
2211 10510 211
2212 10510 212
2214 10510 214
2243 10510 243
2244 10510 244
2247   522 247
2250 10510 250
2263   126 263
2266 10510 266
2267 10510 267
2270 10510 270
2271 10510 271
2272 10507 272
2274 10510 274
2275 10510 275
2276 10507 276
2277 10510 277
2300   126 300
2301   126 301
2302   126 302
2303   126 303
2304   126 304
2305   126 305
2306   126 306
2307   126 307
2310   126 310
2311   126 311
2312   126 312
2313   126 313
2314   126 314
2315   126 315
2316   126 316
2317 10510 317
2320 10510 320
2321 10510 321
2322 10510 322
2323 10510 323
2324 10510 324
2325 10510 325
2326 10510 325
2330 10510 330
2331 10510 331
2332 10510 332
2334 10510 334
2335 10510 335
2336 10510 336
2337 10510 337
2344 10510 344
2345 10510 345
2346 10510 346
2360   522 360
2361   522 361
2362   522 362
2363   522 363
2364   522 364
2365   522 365
2366   522 366
2370 10510 370
2371 30522 371
2372 10510 372
2376 30522 376
2377 30522 377
