2010   10
2011   11
2012   12
2013   13
2014   14
2015   15
2016   16
2017   17
2020   20
2021   21
2022   22
2023   23
2024   24
2025   25
2026   26
2027   27
2031   31
2032   32
2033   33
2034   34
2035   35
2036   36
2037   37
2040   40
2041   41
2042   42
2043   43
2044   44
2045   45
2046   46
2047   47
2050   50
2051   51
2052   52
2053   53
2054   54
2055   55
2056   56
2057   57
2060   60
2061   61
2063   63
2064   64
2065   65
2066   66
2067   67
2070   70
2072   72
2073   73
2074   74
2075   75
2076   76
2077   77
2102  102
2103  103
2104  104
2105  105
2107  107
2110  110
2111  111
2112  112
2113  113
2114  114
2115  115
2116  116
2117  117
2130  130
2131  131
2135  135
2136  136
2140  140
2141  141
2142  142
2143  143
2144  144
2145  145
2146  146
2147  147
2150  150
2151  151
2152  152
2154  154
2155  155
2156  156
2157  157
2160  160
2161  161
2162  162
2163  163
2164  164
2165  165
2166  166
2167  167
2172  172
2173  173
2175  175
2176  176
2210  210
2211  211
2212  212
2214  214
2243  243
2244  244
2247  247
2250  250
2263  263
2266  266
2267  267
2270  270
2271  271
2272  272
2274  274
2275  275
2276  276
2277  277
2300  300
2301  301
2302  302
2303  303
2304  304
2305  305
2306  306
2307  307
2310  310
2311  311
2312  312
2313  313
2314  314
2315  315
2316  316
2317  317
2320  320
2321  321
2322  322
2323  323
2324  324
2325  325
2326  325
2330  330
2331  331
2332  332
2334  334
2335  335
2336  336
2337  337
2344  344
2345  345
2346  346
2360  360
2361  361
2362  362
2363  363
2364  364
2365  365
2366  366
2370  370
2371  371
2372  372
2376  376
2377  377
