-O ALL
PERSTATS

-
Did not set WC RC OP GD TD ST JL XC
-DAY
5-JAN-1987 13:22:04 PST

-TIME
0.71 TRU
0.71 TRU
terminal time: 39.00
-GO (WRS)RTYFIX
LDBLOG(U) patched to %UPT+UPTLOG
EXIT

-
-GO DJASON
HJ



           ALU AND RESPONSE TIME MEASUREMENT (RELEASE 2.0)


           0.  EXIT

           1.  AVERAGE LINKS PER CIRCUIT (ALU) MEASUREMENT

           2.  RESPONSE TIME MEASUREMENT

           3.  BOTH ALU AND RESPONSE TIME MEASUREMENT



 SELECT =>3
HJ
ENTER NAME OF FILE DEFINING ACCESS NODES: DLTOP.OUT

ENTER NAME OF FILE FOR STORAGE OF OUTPUT: DLAY.DMI

BUILDING CIRCUIT TO MONITORS ...

2721    020511870105  8  574 6 2721 4760 5712 4123 4125 4302 7302
2721    020511870105  9  369 4 2721 3131 3133 2066 3351
2721    020511870105 11  219 3 2721 4760 4761 7251
2721    020511870105 12  468 8 2721 4760 5715 6022 6271104761050310502 4606
2721    020511870105 13 1015 9 2721 4760 6021 5400 6453 6751 6746 6750 6736 6773
2721    020511870105 14  570 7 2721 3131 6317 6322 4630 6006 4575 4571
2721    020511870105 15  409 5 2721 3131 3132 632210476 7613
2721    020511870105 16  485 4 2721 3131 2615 2205 2206
2721    020511870105 18  592 7 2721 4760 6434 2445 6061 2055 6035 6037
2721    020511870105 19  569 6 2721 4760 5712 4123 6273 4301 3241
2721    020511870105 22  539 7 2721 3131 6317 2072 2044 7036 2510 7047
2721    020511870105 26  301 3 2721 3131 4732 3602
2721    020511870105 27  506 3 2721 3131 2615 4741
2721    020511870105 28  349 4 2721 3131 3133 2070 2207
2721    020511870105 29  394 6 2721 4760 5715 6022 6271 5357 3312
2721    020511870105 34  370 4 2721 3131 2615 2205 2206
2721    020511870105 35  399 6 2721 4760 6021 6022 6271 5357 3312
2721    020511870105 38  755 6 2721 4760 5715 2227 3632 2653 3032
2721    020511870105 39  411 6 2721 3131 6317 6320 6272 5020 4264
2721    020511870105 41  525 6 2721 4760 5712 4123 4125 4302 7302
2721    020511870105 47  863 7 2721 3131 2370 4260 2754 624610014 3417
2721    020511870105 52  504 3 2721 3131 4566 5134
2721    020511870105 77  325 4 2721 3131 3133 6311 6335
2721    020511870105 96  561 4 2721 3131 4566 5025 2407
2721    020511870105 97  446 5 2721 6011 3134 6212 4452 4444
2721    020511870105 99 1076 3 2721 3131 2615 5113
2721    020511870105102  449 6 2721 3131 4727 6320 6272 5020 4264
2721    020511870105106  448 4 2721 3131 3132 2205 2223
2721    020511870105118  621 3 2721 3131 3073 5300
2721    020511870105119  517 7 2721 4760 6434 2445 6061 6131 5661 7055
2721    020511870105121  685 5 2721 3131 6404 5573 6555 5437

---------------------------------------------------------------------------


3151    020511870105  1  332 5 3151 3132 6322104761050310514
3151    020511870105  2  369 6 3151 3132 6322 6320 6272 5020 4264
3151    020511870105  3  537 9 3151 3131 6317 2072 2044 7036 2275 4221 6101 7657
3151    020511870105  4  361 3 3151 3132 2205 2210
3151    020511870105  5  590 6 3151 3131 2370 2227 2450 6353 6102
3151    020511870105  6  900 7 3151 3131 4566 2013 2027 6354 4130 5062
3151    020511870105  7  550 6 3151 3132 6322 6323 5610 5327 7105
3151    020511870105  8  447 6 3151 3132 6322 4630 6006 3220 2724
3151    020511870105  9  308 4 3151 3131 3133 3152 4624
3151    020511870105 10  402 3 3151 3132 2205 2207
3151    020511870105 14  563 6 3151 3132 6322104761050310502 4606
3151    020511870105 16  324 7 3151 3131 4727 6320 6272 5360 5110 3313
3151    020511870105 18  437 7 3151 3132 632210476 6066 5632 2055 2126
3151    020511870105 19  435 6 3151 3132 6322 4630 3043 3044 3005
3151    020511870105 20  373 6 3151 3132 3134 6324 6023 5722 5506
3151    020511870105 21  598 7 3151 3131 4566 2013 2047 6355 4160 5062
3151    020511870105 23  450 6 3151 3132 6322104761050310502 4606
3151    020511870105 25 1180 6 3151 3131 2370 2227 3632 2653 3032
3151    020511870105 26  322 5 3151 3132 63221047610505 7611
3151    020511870105 27  902 7 3151 3132 3134 6212 2056 2053 4637 4777
3151    020511870105 28 1233 7 3151 3132 3134 6212 2056 2053 4637 5565
3151    020511870105 30  208 4 3151 3132 4731 6311 6331
3151    020511870105 31  496 5 3151 3131 6404 6653 5237 3622
3151    020511870105 32  494 3 3151 3131 4566 5134
3151    020511870105 33  375 7 3151 3131 6317 6320 6272 6274 4302 2203
3151    020511870105 34  402 6 3151 3132 6322 4630 6555 6560 5427
3151    020511870105 36  348 5 3151 3132 6322 4630 3043 3040
3151    020511870105 37  464 7 3151 3131 6404 6653 4260 2042 2031 4415
3151    020511870105 39  390 6 3151 3131 2370 4260 2042 2401 3372

---------------------------------------------------------------------------


2544    020511870105  5  626 7 2544 2542 627110476 6322 3132 2205 4741
2544    020511870105  6  289 5 2544 2542 6271 6022 4761 2362
2544    020511870105  7  801 8 2544 2542 254310011 6555 6163 2172 2470 2715
2544    020511870105  8  923 6 2544 2542 3722 2027 2450 2516 2464
2544    020511870105 10  741 8 2544 2541 254310011 6555 2171 2172 2470 2715
2544    020511870105 11  445 5 2544 2542 627110476 6066 7160
2544    020511870105 12  487 7 2544 2542 2543 6270 2053 2054 6462 6463
2544    020511870105 13  811 6 2544 2542 5015 4763 6324 4732 4570
2544    020511870105 14  537 7 2544 2541 254310011 6555 6452 4665 2641
2544    020511870105 15  559 6 2544 2542 7575 7572 5327 5407 2214
2544    020511870105 16  505 6 2544 2542 412310263 6212 4452 5207
2544    020511870105 17  307 5 2544 2541 2543 5265 5010 4133
2544    020511870105 18  307 6 2544 2542 4123 6273 5330 4261 2215
2544    020511870105 19  598 7 2544 2542 3722 2027 2015 4474 6123 6146
2544    020511870105 21  500 5 2544 2542 627110476 6066 7160
2544    020511870105 23  293 6 2544 2542 6271 6270 2053 2056 2755
2544    020511870105 26  642 7 2544 2541 254310011 6555 6452 2364 5160
2544    020511870105 27  278 6 2544 2542 6271 6270 2053 2056 2755
2544    020511870105 28  733 8 2544 2542 254310011 6555 6452 2623 5645 3542
2544    020511870105 29  548 6 2544 2542 412310263 6061 606310230
2544    020511870105 30  272 6 2544 2542 6271 6270 2053 2056 2755
2544    020511870105 33  473 0 2544

---------------------------------------------------------------------------


3035    020511870105  0  413 7 3035 4631 4630 6322 6325 4537 4535 4545
3035    020511870105  2  441 7 3035 4631 4630 6322 6325 4537 4535 6474
3035    020511870105  3  421 6 3035 3043 4630 6322 6324 4732 4461
3035    020511870105  4  422 6 3035 3043 4630 6322 6324 4732 3760
3035    020511870105  5  429 6 3035 3043 4630 6322 6324 4732 4461
3035    020511870105  8 1696 6 3035 3043 4630 6322 6324 4760 3247
3035    020511870105 16  400 7 3035 4631 4630 6322 6325 4537 4535 4544
3035    020511870105 21  499 7 3035 4631 2051 6453 6751 6742 6734 5243
3035    020511870105 23  423 7 3035 4631 2051 6453 6751 6742 6734 5243
3035    020511870105 26  439 7 3035 3043 4630 6322 6325 4537 4535 4545
3035    020511870105 27  442 7 3035 4631 4630 6322 6325 4537 4535 6474
3035    020511870105 30  450 6 3035 3043 4630 6322 6324 4732 4461

---------------------------------------------------------------------------


2453    020511870105  5  757 5 2453 5610 2020 2044 4603 5005
2453    020511870105  7  325 6 2453 5377 5330 6273 6272 5360 3762
2453    020511870105  8  331 5 2453 5610 5327 6356 6353 7002
2453    020511870105  9  445 6 2453 5610 5400 6021 4760 4764 3247
2453    020511870105 10  543 7 2453 5377 6453 6751 6746 6750 6736 6571
2453    020511870105 16  580 7 2453 5377 2572 6444 2053 2054 6462 6463
2453    020511870105 17  646 7 2453 5377 2572 6444 2053 2055 6035 6037
2453    020511870105 19  360 5 2453 5610 5327 6356 6353 6102
2453    020511870105 20  404 6 2453 5610 6323 6312 473010226 3315
2453    020511870105 22  194 4 2453 5610 5327 2046 2220
2453    020511870105 23  354 6 2453 5377 5330 6273 6274 4302 2303
2453    020511870105 25  441 6 2453 5377 6453 6751 6742 6734 6731
2453    020511870105 26  238 4 2453 5377 6246 6245 6231
2453    020511870105 27  250 5 2453 5610 2020 2051 4631 3040
2453    020511870105 30  564 7 2453 5377 6453 6751 6746 6750 6736 6773
2453    020511870105 31  284 5 2453 5610 2020 2170 3217 2267
2453    020511870105 33  227 4 2453 5610 2020 3330 2264
2453    020511870105 35  309 4 2453 5610 6323 4731 2742
2453    020511870105 36  653 8 2453 5377 2572 6444 2053 6061 60631035210353
2453    020511870105 37  570 7 2453 5610 6323 6322 4630 6006 2276 2305
2453    020511870105 40  318 5 2453 5377 5400 6021 5717 4357
2453    020511870105 41  434 5 2453 5610 2020 2072 7141 4232
2453    020511870105 42  163 3 2453 5377 5331 4120
2453    020511870105 43  644 8 2453 5610 6323 6322104761047710502 460610260
2453    020511870105 47  292 5 2453 5377 5331 2152 5762 6015
2453    020511870105 48  447 6 2453 5377 5330 6273 6274 5017 2546
2453    020511870105 50  442 6 2453 5610 5327 6356 6353 2450 5027
2453    020511870105 51  290 4 2453 5610 6323 6312 6331
2453    020511870105 52  473 6 2453 5610 2020 2044 7036 4213 6017
2453    020511870105 55   89 2 2453 5377 5616
2453    020511870105 56  392 6 2453 5610 2020 2044 7036 2510 2672
2453    020511870105 57  320 5 2453 5610 5327 6356 6353 5447
2453    020511870105 61  572 7 2453 5377 6453 6751 6746 6750 6736 6773
2453    020511870105 63  402 4 2453 5610 6323 4731 2742
2453    020511870105 66  384 5 2453 5377 624610011 6555 3037
2453    020511870105 76  391 7 2453 5610 5327 6356 6357 6355 4160 5062
2453    020511870105 81  463 6 2453 5610 5400 6064 2055 6035 6037
2453    020511870105 91  427 6 2453 5610 2020 2051 4631 3044 5005

---------------------------------------------------------------------------


2465    020511870105  2  662 6 2465 2205 3132 3134 6212 4452 4133
2465    020511870105  3  412 4 2465 2205 3132 7075 7140

---------------------------------------------------------------------------


6674    020511870105  1  348 6 667410007 6246 5377 5610 2020 4177
6674    020511870105  2  317 4 66741001010011 6555 3037
6674    020511870105  7  166 4 667410010 6246 537710006
6674    020511870105  8 101710 66741001010011 6555 6452 5454 4563 6746 6750 6736 6773
6674    020511870105  9  764 9 66741001010011 2543 2542 3722 2027 6354 413010460
6674    020511870105 12  550 6 667410007 6246 5377 5331 2152 2462
6674    020511870105 14  839 8 66741000710011 2543 5016 2562 6352 333710147
6674    020511870105 15  463 8 66741000710011 2543 6270 62711047610505 7611
6674    020511870105 16  441 7 667410010 6246 5377 5610 6323 6312 6335
6674    020511870105 17  324 6 667410010 6246 5377 5610 2020 4177
6674    020511870105 18 2654 9 66741000710011 2543 6270 2053 2054 2313 6364 2315
6674    020511870105 19  546 7 667410007 6246 5377 5610 6323 4731 3617
6674    020511870105 20  314 5 66741000710011 6555 6553 5427
6674    020511870105 22  468 9 667410010 6246 5377 5400 6064 2054 3434 4035 4034
6674    020511870105 24  556 7 66741001010011 6555 6163 2172 2470 5665
6674    020511870105 25  551 6 66741001010011 2543 2542 3722 3147
6674    020511870105 26  477 8 667410010 6246 5377 5610 6323 6324 4732 3602
6674    020511870105 27  735 8 667410010 6246 5377 2004 5327 7572 7567 7342
6674    020511870105 31  429 4 667410010 2246 5015 2575
6674    020511870105 32 1184 6 667410010 6246 5377 5331 2046 2220
6674    020511870105 33  475 7 66741000710011 2543 6270 2053 4637 4071
6674    020511870105 34  192 4 6674100071001210013 3772
6674    020511870105 43  356 5 66741001010011 2543 4216 4744
6674    020511870105 45  426 6 66741001010011 2543 2541 5017 4264
6674    020511870105 46  902 8 66741001010011 6555 5573 6404 3131 4566 5134
6674    020511870105 52  161 4 667410010 6246 537710006
6674    020511870105 53  543 6 66741000710011 6555 5573 5240 2513
6674    020511870105 57  399 7 667410007 6246 5377 5610 6323 6312 6331
6674    020511870105 58  435 6 66741001010011 6555 5573 5240 2513

---------------------------------------------------------------------------


4316    020511870105  0  528 5 4316 2370 2227 2450 6353 7002
4316    020511870105  1  766 4 4316 2370 3131 2615 4740
4316    020511870105  2  463 6 4316 3571 6323 6320 6272 5020 3743
4316    020511870105  3  905 8 4316 3571 5400 6453 6751 6742 6734 6736 6572
4316    020511870105  5  262 5 4316 3571 6323 4731 4733 3756
4316    020511870105  6  256 2 4316 431710067
4316    020511870105  9  512 8 4316 3571 6323 6317 2072 2044 7036 2510 7047
4316    020511870105 10  314 5 4316 2370 4260 6653 5237 5501
4316    020511870105 12  737 7 4316 2370 4260 5610 5327 7572 4273 7526
4316    020511870105 13  496 7 4316 3571 6323 6322 4630 6006 4575 2672
4316    020511870105 17  654 6 4316 3571 5400 5377 624610014 3417
4316    020511870105 19  640 6 4316 3571 5400 5377 6524 3165 2262
4316    020511870105 21  569 4 4316 2370 4260 2152 2462
4316    020511870105 22  788 5 4316 3571 3133 3134 6212 7311
4316    020511870105 26  464 5 4316 2370 2227 2450 6353 5677
4316    020511870105 27 1651 5 4316 3571 5400 6021 4144 4765
4316    020511870105 28  347 5 4316 2370 3131 4727 5277 5542
4316    020511870105 29  322 4 4316 3571 3133 3152 6702
4316    020511870105 30  653 7 4316 2370 2227 2015 4474 5733 5002 7055
4316    020511870105 31 3233 9 4316 3571 6323 63221047610477 6131 4511 4512 2617
4316    020511870105 33  281 5 4316 3571 6323 6312 4734 5135
4316    020511870105 36  584 5 4316 3571 5400 6064 2053 2125
4316    020511870105 38  418 7 4316 3571 6323 6322104761050310504 4023
4316    020511870105 40  290 5 4316 2370 4260 2152 533110254

---------------------------------------------------------------------------


2470    020511870105  1  277 5 2470 2172 6006 2023 4213 6017
2470    020511870105  2 1532 8 2470 2172 6006 4630 632210476 6066 6065 6072
2470    020511870105  3  394 5 2470 2172 6006 2023 4213 6017
2470    020511870105  5  221 4 2470 2172 6006 2014 3005
2470    020511870105  6  313 0 2470
2470    020511870105  7  461 6 2470 2173 3505 2044 6357 6103 5700
2470    020511870105  8  640 9 2470 2173 5464 2151 2714 4514 4506 4510 6124 2314
2470    020511870105 12  574 5 2470 2172 6006 2023 4213 6017
2470    020511870105 13  205 4 2470 2172 6006 4575 4571
2470    020511870105 15  105 1 2470 2715
2470    020511870105 16  367 7 2470 2172 2171 6555 6452 6451 4645 5131
2470    020511870105 18  122 1 2470 3310
2470    020511870105 20  116 1 2470 5665
2470    020511870105 21  477 7 2470 2172 6006 4630 63221047610505 7611
2470    020511870105 25  247 5 2470 2172 6006 4630 6553 5427
2470    020511870105 27  674 5 2470 2172 6006 7036 4213 6017
2470    020511870105 28  367 7 2470 2172 6006 4630 6322 6325 4730 2041
2470    020511870105 30  437 8 2470 2172 6006 7036 5406 4260 2370 5152 4320
2470    020511870105 31 1211 6 2470 2173 3505 2044 6357 6103 5700
2470    020511870105 32  152 3 2470 2173 4720 2175
2470    020511870105 33  124 1 2470 5665
2470    020511870105 36  310 5 2470 2172 6006 4630 6553 3637
2470    020511870105 37  465 7 2470 2172 6006 4630 63221047610505 6754
2470    020511870105 40  110 1 2470 6421
2470    020511870105 47  146 3 2470 2172 5052 3454
2470    020511870105 48  665 9 2470 2172 6006 4630 6322 313210060 3704 6461 6463
2470    020511870105 51  207 4 2470 2172 6006 4575 2764
2470    020511870105 53  600 7 2470 2172 2171 655510011 2543 4216 3313

---------------------------------------------------------------------------


7656    020511870105  3  190 3 7656 2027 6353 5447
7656    020511870105  8  431 6 7656 2445 2227 2230 4531 4535 6474
7656    020511870105 15  181 3 7656 2027 6353 5707
7656    020511870105 24  416 8 7656 2445 6363 6357 2044 7036 2010 2355 2525
7656    020511870105 32  907 9 7656 2445 6061 6064 5400 6453 6751 6742 6734 5243
7656    020511870105 53  358 6 7656 2445 2227 2230 4531 4535 6474

---------------------------------------------------------------------------


2631    020511870105  0  524 8 2631 2622 6453 2051 2044 6357 6355 4160 5003
2631    020511870105  2  565 8 2631 2622 6453 2051 2072 6317 6324 4732 3162
2631    020511870105  3  455 6 2631 2622 6453 6452 6555 6553 4210
2631    020511870105  4  552 8 2631 2622 6453 2051 2072 6317 632210476 7613
2631    020511870105  6  403 6 2631 2622 6453 2051 4631 3044 3005
2631    020511870105  7  387 7 2631 2622 6453 2051 2020 2170 5052 3454
2631    020511870105  8  444 9 2631 2622 6453 2051 2072 6317 63221047610505 7611
2631    020511870105  9  660 7 2631 2622 6453 5377 5330 6273 4301 3241
2631    020511870105 10  743 4 2631 2622 6453 5453 5233
2631    020511870105 12  402 6 2631 2622 6453 6751 6742 6734 5243
2631    020511870105 13  522 6 2631 2622 6453 2051 2071 3043 6017
2631    020511870105 15  427 7 2631 2622 6453 2051 2044 6357 6103 5707
2631    020511870105 16  248 3 2631 2622 2655 3541
2631    020511870105 18  525 6 2631 2622 6453 5400 4260 5405 6703
2631    020511870105 19  639 6 2631 2622 6453 5400 4260 5405 6703
2631    020511870105 20  528 9 2631 2622 6453 2051 2072 6317 63221047610503 2306
2631    020511870105 23  473 6 2631 2622 6453 5377 624610014 3417
2631    020511870105 24  647 6 2631 2622 6453 5400 6021 4760 3247
2631    020511870105 25  957 6 2631 2622 6453 5377 6246 6245 6240
2631    020511870105 26  671 6 2631 2622 6453 5400 4260 5405 6703
2631    020511870105 28  482 7 2631 2622 6453 2051 2044 6357 6103 5707
2631    020511870105 29 1054 7 2631 2622 6453 5400 3571 3133 2070 4742
2631    020511870105 31  997 6 2631 2622 6453 5400 6021 4144 5505
2631    020511870105 32  408 5 2631 2622 6453 2051 2020 2100
2631    020511870105 36  934 7 2631 2622 6453 5400 6064 2054 6462 6463

---------------------------------------------------------------------------


4515    020511870105  0  638 6 4515 4506 2053 6270 2543 4216 4744
4515    020511870105  2  613 7 4515 4505 4104 2575 5015 4763 4144 5506
4515    020511870105  3  705 8 4515 4506 5271 4474 2015 2047 7572 7567 7342
4515    020511870105  4  712 6 4515 4506 2053 3457 2013 4566 5134
4515    020511870105  6  185 3 4515 4505 4511 6140
4515    020511870105  9  341 3 4515 4505 4511 4524

---------------------------------------------------------------------------


5241    020511870105  0  89010 5241 5575 6746 6751 6453 5377 2572 3420 6626 4452 6213
5241    020511870105  1  518 9 5241 6750 6746 6751 6453 2051 2044 7036 2601
5241    020511870105  2  725 8 5241 5575 6746 6751 6453 5400 6064 5556 2460
5241    020511870105  4  498 9 5241 6750 6746 6751 6453 2051 2044 7036 2017 2011
5241    020511870105  5 1138 8 5241 6750 6746 6751 6453 5400 3571 5153 4320
5241    020511870105  7  687 9 5241 6750 6746 6751 6453 5400 6064 2054 3434 2537
5241    020511870105  8  66910 5241 5575 6746 6751 6453 6452 6555 6553 6274 5017 4264
5241    020511870105  9  604 8 5241 6750 6746 6751 6453 2051 2071 3043 6017
5241    020511870105 10  377 5 5241 5575 2437 4237 4665 2641
5241    020511870105 12  384 5 5241 5575 2437 4237 4665 2642
5241    020511870105 13  685 9 5241 6750 6746 6751 6453 5400 5610 6323 6312 6336
5241    020511870105 15  877 9 5241 6750 6746 6751 6453 5377 6246 6245 6236 5051
5241    020511870105 16  145 3 5241 5575 6735 7533
5241    020511870105 17  729 9 5241 6750 6746 6751 6453 5377 2572 6641 6105 7527
5241    020511870105 18  78810 5241 6750 6746 6751 6453 5377 2572 6444 2053 4104 2607
5241    020511870105 19  714 9 5241 6750 6746 6751 6453 5377 5400 6021 4760 3247
5241    020511870105 20  575 8 5241 5575 6746 6751 6453 6452 6555 3744 5340
5241    020511870105 21 1016 9 5241 6750 6746 6751 6453 5400 6064 2055 6035 6037
5241    020511870105 22  869 9 5241 6750 6746 6751 6453 5400 6064 2055 6035 6037
5241    020511870105 27  211 4 5241 6750 6746 6742 3150
5241    020511870105 29  132 2 5241 6750 7745
5241    020511870105 30  64310 5241 6750 6746 6751 6453 6452 6555 6553 6274 5017 4264
5241    020511870105 32  57410 5241 5575 6746 6743 6741 7362 5307 4541 4532 3516 4400
5241    020511870105 34  804 7 5241 6750 3140 2525 2355 3220 5006 5005
5241    020511870105 35  56410 5241 5575 6746 6751 6453 2051 2044 6357 5563 2450 2516
5241    020511870105 36  152 3 5241 6750 6736 5243

---------------------------------------------------------------------------


4764    020511870105  0  345 6 4764 4760 6324 63221047610505 7611
4764    020511870105  1  671 6 4764 4760 6021 5400 3571 5153 2406
4764    020511870105  3  513 8 4764 4763 6324 6322 4630 6006 2172 2470 3310
4764    020511870105  4  475 6 4764 4763 5015 6274 6270 2053 2125
4764    020511870105  5  429 6 4764 4760 6021 5400 5610 2753 2735
4764    020511870105  6  593 4 4764 4760 6324 4732 4461
4764    020511870105  7  336 7 4764 4760 6021 5400 4260 6653 5237 3622
4764    020511870105  8  678 9 4764 4760 6021 5400 6453 6751 6746 6750 6736 6773
4764    020511870105  9  894 6 4764 4760 6021 5400 5401 2046 2462
4764    020511870105 10  716 8 4764 4760 6021 5400 6453 6751 6742 6734 5243
4764    020511870105 11  712 9 4764 4760 6021 5400 6453 6751 6746 6750 6736 6773
4764    020511870105 12  381 6 4764 4760 5715 2227 3632 6365 3557
4764    020511870105 14  211 3 4764 4760 4761 3650
4764    020511870105 17  735 9 4764 4760 6021 5400 6453 6751 6742 6734 6736 6773
4764    020511870105 19  651 9 4764 4760 6021 5400 6453 6751 6746 6750 6736 6773
4764    020511870105 44  381 7 4764 4760 6021 5400 4260 6653 5237 2515
4764    020511870105 51  215 3 4764 4760 4761 3650
4764    020511870105 52  353 5 4764 4763 5015 6252 5357 3375
4764    020511870105 55  108 2 4764 4763 6114
4764    020511870105 60  325 7 4764 4760 6021 5400 5377 624610014 3417

---------------------------------------------------------------------------


2414    020511870105  0  463 7 2414 5237 6653 4260 5400 6021 4144 4765
2414    020511870105  1  312 6 2414 6654 6653 4260 2370 5152 2406
2414    020511870105  4  386 6 2414 6651 6404 3134 3133 3755 4255
2414    020511870105  8  310 5 2414 6651 6404 3131 4730 3617
2414    020511870105 10  589 6 2414 6651 6653 4260 2370 5152 4321
2414    020511870105 13  211 6 2414 6654 6653 4260 5405 5612 5615
2414    020511870105 14  674 7 2414 6651 6404 3134 6212 2056 4102 7751

---------------------------------------------------------------------------


7655    020511870105  0  291 5 7655 2015 2027104761050310514
7655    020511870105  1  196 3 7655 2013 6103 5677
7655    020511870105  3  181 3 7655 2013 6103 5447
7655    020511870105  9  645 9 7655 2015 6357 2044 2051 6453 6751 6742 6734 5243
7655    020511870105 10  600 9 7655 2015 6357 2044 2051 6453 6751 6742 6734 5243

---------------------------------------------------------------------------


4501    020511870105  0  550 6 4501 3134 6212 2056 2054 4634 4071
4501    020511870105  1  221 3 4501 4533 4535 6474
4501    020511870105  2  340 4 4501 4727 3132 2205 4740
4501    020511870105  4  877 6 4501 3134 6212 2056 2054 4634 4071
4501    020511870105  7  653 6 4501 3134 6324 4763 5015 2246 4415
4501    020511870105  8  530 8 4501 3134 3132 6322 4630 6006 7036 2510 7047
4501    020511870105  9  741 3 4501 4533 4535 4547
4501    020511870105 10  378 6 4501 4727 3131 2370 4260 2152 2462
4501    020511870105 16  551 6 4501 4727 6320 6272 6267 4216 4037
4501    020511870105 24  450 6 4501 3134 3132 63221047610505 2537

---------------------------------------------------------------------------



---------------------------------------------------------------------------


3706    020511870105  0  472 7 3706 4630 6553 6274 6272 3303 5556 2460
3706    020511870105  2  418 9 3706 4630 4631 2051 2044 6357 6355 4160 413010460
3706    020511870105  3  363 5 3706 4630 6555 6163 2573 5072
3706    020511870105  4  744 5 3706 4630 6322 3132 2205 2206
3706    020511870105  6  265 5 3706 4630 6555 5573 5240 2513
3706    020511870105  7  400 5 3706 4630 6322 3132 7075 7140
3706    020511870105  9  266 3 3706 4630 3043 6017
3706    020511870105 11  458 6 3706 4630 6555 6452 6453 2634 3541
3706    020511870105 12  468 5 3706 4630 6322 3132 2205 2206
3706    020511870105 13  491 5 3706 4630 6006 7036 2510 7047
3706    020511870105 15  401 7 3706 4630 6553 6274 6270 2053 2055 2257
3706    020511870105 16  345 6 3706 4630 6553 6274 6267 4216 5425
3706    020511870105 17  323 5 3706 4630 6553 6274 5017 4264
3706    020511870105 18  432 6 3706 4630 6322 6323 5610 5327 2741
3706    020511870105 19  144 3 3706 4630 6553 4210
3706    020511870105 20  349 5 3706 4630 6322 3132 2205 2207
3706    020511870105 21  343 6 3706 4630 6553 6274 4302 4216 3313
3706    020511870105 22  556 7 3706 4630 6553 6274 5015 2542 4313 5601
3706    020511870105 23  150 3 3706 4630 3043 3040
3706    020511870105 24  707 6 3706 4630 6006 7036 540610116 3243
3706    020511870105 26  364 5 3706 4630 6322 6324 4732 3161
3706    020511870105 27  168 2 3706 3044 5005
3706    020511870105 28 1836 5 3706 4630 6006 2172 2470 3310
3706    020511870105 29  537 8 3706 4630 6555 6452 6453 6751 6742 6734 6732
3706    020511870105 30 1024 6 3706 4630 6322104761050010504 3562
3706    020511870105 31  300 5 3706 4630 6555 6163 2573 5072
3706    020511870105 32  356 6 3706 4630 6553 6274 6271 4216 3313
3706    020511870105 33  160 3 3706 4630 6553 3637
3706    020511870105 34  266 4 3706 4630 4631 4603 5536
3706    020511870105 35  207 5 3706 4630 4631 2051 3330 2264

---------------------------------------------------------------------------


2354    020511870105  6  532 4 2354 5556 6064 2053 2125
2354    020511870105  8  106 2 2354 6207 3216
2354    020511870105 11  319 7 2354 6207 3303 6272 6320 6324 4732 3602
2354    020511870105 15  373 7 2354 5556 3303 6272 6273 5330 5327 7105
2354    020511870105 18  282 6 2354 5556 3303 6272 6273 5330 7072
2354    020511870105 19  391 6 2354 6621 3401 2047 2013 6103 5677
2354    020511870105 21  393 6 2354 5556 6064 6066104761050010507
2354    020511870105 44  653 8 2354 5556 6064 5400 5610 5406 7036 2017 2011
2354    020511870105110  376 5 2354 5556 6622 3560 5226 4622

---------------------------------------------------------------------------


4131    020511870105  0 1907 6 4131 3303 6272 6320 6324 4732 3602
4131    020511870105  1  739 6 4131 5357 6252 6273 5330 5405 4333
4131    020511870105  2  452 6 4131 5357 6271 6267 6356 6353 5677
4131    020511870105  3  542 6 4131 5357 4124 2543 5265 5010 4444
4131    020511870105  5 1193 6 4131 3303 6272 6273 5330 5405 4333
4131    020511870105  6  448 6 4131 5357 6271104761050310504 3323
4131    020511870105  7  618 7 4131 3303 5556 6064 2054 2313 6364 3557
4131    020511870105  9  293 4 4131 3303 6621 6622 7161
4131    020511870105 10  537 6 4131 5357 4124 2543 5265 5010 5207
4131    020511870105 38  404 4 4131 5357 5110 5360 7161

---------------------------------------------------------------------------


2364    020511870105  0  585 5 2364 6452 6555 2171 5157 3454
2364    020511870105  1  521 8 2364 2363 5406 5610 5327 6356 2013 3337 6440
2364    020511870105  3  667 7 2364 2363 6453 6751 6746 6750 6736 6572
2364    020511870105  4  567 6 2364 6452 6555 4631 3376 7142 7146

---------------------------------------------------------------------------


4530    020511870105  0 2003 4 4530 3134 6324 4732 3602
4530    020511870105  1  478 6 4530 3134 6324 4763 5015 6252 6260
4530    020511870105  3  354 6 4530 3134 3132 63221047610505 7611
4530    020511870105  8  507 5 4530 3134 6212 2056 2053 2125
4530    020511870105 16  571 6 4530 3134 6324 4763 5015 4426 2203
4530    020511870105 19  321 4 4530 3134 3133 2070 2207

---------------------------------------------------------------------------


2606    020511870105 20  270 5 2606 2053 6270 6272 5360 7161
2606    020511870105 22   93 2 2606 2053 2125

---------------------------------------------------------------------------



---------------------------------------------------------------------------


7150    020405870105  1  500 7 7150 7575 2542 6271104761050310504 3323

---------------------------------------------------------------------------


4666    020511870105  0  327 5 4666 2627 2015 6357 6103 5677
4666    020511870105  1  312 5 4666 2627 2015 6357 6103 5707
4666    020511870105  2  685 5 466610263 6061 2054 6462 6463
4666    020511870105  3  438 6 4666 2627 2015 2227 3632 6365 5333
4666    020511870105  4  284 5 466610263 6061 6064 6066 7160
4666    020511870105  5  335 5 466610263 4123 5110 5360 3551
4666    020511870105  8  944 5 4666 2627 2015 4474 6123 6145
4666    020511870105 10  605 6 4666 2627 2015 2227 3632 6365 3557
4666    020511870105 15  711 8 466610263 4123 254310011 6555 2171 4166 4477

---------------------------------------------------------------------------


7512    020511870105  0  286 5 7512 4630 6322 6324 4732 3602
7512    020511870105 12  406 6 7512 4630 632210476 2027 6353 5707
7512    020511870105 13  293 5 7512 4630 6553 6274 4302 7302
7512    020511870105 16  322 6 7512 4630 6553 6274 6271 5357 2335
7512    020511870105 17  333 6 7512 4630 6322 6324 6023 4762 5606

---------------------------------------------------------------------------


2066    020511870105 14 2794 6 2066 3133 3134 6404 6653 5237 2571

---------------------------------------------------------------------------



 NO ACTIVE PORT OR CHANNEL ON HOST #     0   AT NODE #  3152


---------------------------------------------------------------------------


3662    020405870105  0  327 4 3662 3401 6621 6210 3216
3662    020405870105  1 1201 6 3662 2027 6353 6356 5327 2046 2462

---------------------------------------------------------------------------


2503    020511870105  0  266 4 2503 4630 6006 4575 4657
2503    020511870105  2  427 6 2503 4630 6322104761050510504 4023
2503    020511870105  5 2241 3 2503 4630 3043 6017
2503    020511870105  9  723 5 2503 5423 4260 2370 4317 4655
2503    020511870105 10  326 5 2503 4630 6555 6452 4665 4235
2503    020511870105 12  360 4 2503 4630 4631 4603 6301
2503    020511870105 13  342 5 2503 4630 6006 2172 5464 3310
2503    020511870105 14  451 6 2503 4630 632210476 6066 4634 3754
2503    020511870105 15  373 5 2503 4630 6553 6274 5017 2546
2503    020511870105 17  296 5 2503 4630 6006 2172 5052 3454
2503    020511870105 18  386 5 2503 4630 6006 2172 5464 4707
2503    020511870105 20  365 5 2503 4630 6555 2171 3217 2734
2503    020511870105 23  678 6 2503 4630 6322 6323 3571 5153 2063
2503    020511870105 24  357 5 2503 5423 4260 2370 5152 2063
2503    020511870105 25 3427 5 2503 4630 6322 3755 4255 7030
2503    020511870105 26  375 5 2503 4630 6006 2172 5464 4707
2503    020511870105 29  370 5 2503 4630 6322104761050010507
2503    020511870105 31  435 6 2503 5423 2072 2044 6357 6103 5707
2503    020511870105 38  438 5 2503 4630 6322 3132 7075 7140
2503    020511870105 39  510 8 2503 5423 5667 5406 5377 2572 644410175 3610
2503    020511870105 46  223 4 2503 5423 2072 3330 2264
2503    020511870105 65  499 6 2503 4630 6553 6274 6272 3303 7123
2503    020511870105 67  429 4 2503 4630 6322 3755 4615
2503    020511870105 70  581 7 2503 4630 6322 3132 3131 4566 5025 2407

---------------------------------------------------------------------------


3076    020511870105  3  405 5 3076 2445 6061 2055 6035 6037
3076    020511870105  5  305 5 3076 2445 6757 6356 5327 7105

---------------------------------------------------------------------------

0133    020511870105  0  532 6  133 6444 6532 6524 3165 2262 30740133    020511870105  1  329 0  1330133    020511870105  2  200 4  133 6444 2572 5377 56160133    020511870105  3  169 4  13310002 6266 5110 33130133    020511870105  4  189 4  13310002 6266 5110 54250133    020511870105 10  249 5  13310002 6266 6273 6252 62600133    020511870105 29  249 5  13310002 6266 5110 5357 33120133    020511870105 51  685 7  133 6444 2572 5377 5406 5667 5260 3517

---------------------------------------------------------------------------



 NO ACTIVE PORT OR CHANNEL ON HOST #     0   AT NODE #  4672


---------------------------------------------------------------------------



---------------------------------------------------------------------------


5247    020511870105  0  328 6 5247 3457 2053 2054 2552 255510260
5247    020511870105  1  301 5 5247 5360 6272 6273 5330 5615
5247    020511870105  3  240 5 5247 3457 2053 2056 4102 3155
5247    020511870105  4  194 3 5247 5360 5110 5425
5247    020511870105  6  394 5 5247 2230 2227 3632 6365 3557
5247    020511870105  8  304 4 5247 2230 4531 4541 7175
5247    020511870105 16  253 3 5247 5360 5017 4042

---------------------------------------------------------------------------


2753    020511870105  3  467 7 2753 5610 6323 6322104761050310504 3323
2753    020511870105  6  669 5 2753 5610 5400 6064 2053 2125
2753    020511870105  8  288 4 2753 5610 5612 2401 2322
2753    020511870105 14  658 5 2753 5610 5327 6356 6353 5676
2753    020511870105 15  271 4 2753 5610 5612 2401 2322

---------------------------------------------------------------------------


2754    020511870105 35  375 7 2754 4260 5610 6323 6322104761050010507
2754    020511870105 38  591 3 2754 6246 2753 6225
2754    020511870105 40  260 4 2754 4260 2370 5152 4320
2754    020511870105 42  503 6 2754 4260 2370 3131 3133 3441 3503
2754    020511870105 43  505 7 2754 4260 5405 5330 6273 6272 536010173
2754    020511870105 48  796 6 2754 4260 2370 3131 4566 5025 2403
2754    020511870105 49  245 4 2754 624610010 625110017

---------------------------------------------------------------------------


EXIT

-
-R 1022.
1/5/87
TYMSHARE System 1022A (114B)

* LOAD DLAY.
System 1022 Data Loading Program
No errors on DESCRIPTION file
453 records processed, 86 blocks written on phase 2
processing keyed attributes:
NODE (4 blocks, 35 values)
HOST (1 block, 1 value)
CDATE (1 block, 2 values)
DELAY (8 blocks, 336 values)
HOPS (3 blocks, 11 values)
17 blocks written on phase 3
* USE DLSUM.DPL.
453 RECS FOUND.
453 RECS FOUND.
453 RECS FOUND.
3 RECS FOUND.
30 RECS FOUND.
50 RECS FOUND.
97 RECS FOUND.
94 RECS FOUND.
69 RECS FOUND.
40 RECS FOUND.
26 RECS FOUND.
11 RECS FOUND.
9 RECS FOUND.
13 RECS FOUND.
5 RECS FOUND.
6 RECS FOUND.
4 RECS FOUND.
5 RECS FOUND.
7 RECS FOUND.
33 RECS FOUND.
50 RECS FOUND.
90 RECS FOUND.
126 RECS FOUND.
72 RECS FOUND.
32 RECS FOUND.
27 RECS FOUND.
7 RECS FOUND.
NOT FOUND.
NOT FOUND.
NOT FOUND.
* O DLSUM.
* APP DLSUM.DMI.
System 1022 APPEND Program
28 records added
processing keyed attributes:
CDATE (1 value)
DELAY_LOWERBOUND (13 values)
DELAY_UPPERBOUND (14 values)
HOPS (14 values)
* Q.

EXIT

-
-DAY
5-JAN-1987 16:31:41 PST

-TIME
1068.33 TRU
1069.04 TRU
terminal time: 03:10:17.00
-SEND MSMA
TYPE LETTER:
; PCOM v1.63 - processed: (MSNTRACK)QUICK.LOG = (MSNTRACK)QUICK.PCM
; Options: DETACH  LOG NOAPPEND SUPERSEDE LICENSE 
; Limits: TIME:60 TRULIMIT:0 
; Status: completed.
; Output recorded in file (MSNTRACK)QUICK.LOG.

mail waiting
-LOGOUT
1071.34 tru
terminal time: 3:10:20
 8@Þ