1
 
                   MAX
            TOTAL  SIM                MAXIMUM CPS                   CONNECT
 DATE  HOUR USERS USERS            IN         OUT       TOTAL         HOURS
 
 
 951211   1    41    13          3.43      405.77      409.20          6.73
 951211   2    27     7          1.85      191.67      193.52          5.22
 951211   3    27     7          1.72      200.72      202.43          5.37
 951211   4    27     9          2.87      319.88      322.75          6.02
 951211   5    23     9          1.93      284.35      286.18          6.97
 951211   6    23     8          2.17      260.20      262.37          4.55
 951211   7    25     9          1.22      191.40      192.62          5.80
 951211   8    32    11          1.48      128.75      130.15          7.85
 951211   9    86    19          3.38      507.38      510.77         13.67
 951211  10   105    25          3.45      560.75      564.20         18.17
 951211  11    61    19          2.42      219.05      221.47         13.97
 951211  12    37    17          1.47      140.87      142.33         14.83
 951211  13    35    14          1.55      142.28      143.83         11.85
 951211  14    52    29          6.85      560.13      566.98         16.15
 951211  15    67    41          6.25      581.43      587.18         33.68
 951211  16    75    44          6.62      665.25      670.47         38.48
 951211  17    66    41          5.33     1009.48     1014.53         32.43
 951211  18    58    30          4.03      629.58      633.62         25.37
 951211  19    45    26          4.27      646.12      650.15         18.50
 951211  20    34    18          2.87      554.93      557.40         15.45
 951211  21    28    16          2.92      520.22      523.05         10.10
 951211  22    25    13          4.18      409.35      413.53         10.67
 951211  23    28    19          3.42      514.02      517.43         15.77
 951211  24    23    15          3.13      467.57      470.55         11.70
1
 
                   MAX
            TOTAL  SIM                MAXIMUM CPS                   CONNECT
 DATE  HOUR USERS USERS            IN         OUT       TOTAL         HOURS
 
 
 951212   1    26    17          3.67      539.68      543.23         15.13
 951212   2    33    22          5.88      777.80      783.55         19.08
 951212   3    30    19          4.65      529.80      534.45         16.88
 951212   4    34    22          4.67      421.20      425.25         19.67
 951212   5    22    19          3.50      269.30      272.52         15.67
 951212   6    31    24          3.90      377.12      381.02         18.65
 951212   7    37    22          4.92      356.83      361.75         18.50
 951212   8    36    28          3.87      366.65      370.38         22.40
 951212   9    59    41          5.63      695.88      701.32         34.88
 951212  10    78    43          6.98      699.93      706.47         38.35
 951212  11    59    43          6.60      805.38      811.98         34.00
 951212  12    62    31          6.53      752.30      758.83         27.22
 951212  13    50    31          4.27      486.78      490.20         28.38
 951212  14    61    33          5.78      574.47      579.93         28.43
 951212  15    73    47          8.12      733.25      739.75         37.43
 951212  16    82    49          8.23      816.68      824.92         44.62
 951212  17    76    40          6.40      704.47      710.35         32.63
 951212  18    55    29          4.98      599.78      604.77         25.13
 951212  19    34    24          3.72      516.07      519.78         20.42
 951212  20    30    18          2.82      345.03      347.18         15.00
 951212  21    32    18          3.63      552.73      556.37         15.12
 951212  22    24    16          2.90      245.50      248.40         13.53
 951212  23    27    13          4.53      329.10      333.63         10.52
 951212  24    17    11          3.92      203.17      206.85          9.10
1
 
                   MAX
            TOTAL  SIM                MAXIMUM CPS                   CONNECT
 DATE  HOUR USERS USERS            IN         OUT       TOTAL         HOURS
 
 
 951213   1    25    18          4.55      511.62      515.92         14.32
 951213   2    29    16          3.60      399.42      402.62         12.28
 951213   3    24    14          3.05      359.23      362.28         11.67
 951213   4    23    18          3.35      424.68      427.82         14.98
 951213   5    25    17          2.42      287.42      289.83         15.25
 951213   6    37    20          3.32      459.93      462.38         17.07
 951213   7    31    20          2.80      400.52      402.32         14.63
 951213   8    28    21          4.73      541.47      546.20         16.17
 951213   9    51    43          6.58     1211.48     1218.07         32.03
 951213  10    72    45          6.92     1321.05     1327.65         41.40
 951213  11    67    46          6.02     1119.18     1125.20         43.15
 951213  12    70    45          6.50      924.17      929.60         41.55
 951213  13    60    39          5.32      962.70      967.98         33.67
 951213  14    48    29          5.37      743.65      749.02         26.05
 951213  15    56    35          6.53      800.42      805.68         30.93
 951213  16    68    41         33.62      781.30      814.92         35.92
 951213  17    60    40         47.20      735.18      740.02         33.17
 951213  18    53    28         46.82      685.03      689.10         25.13
 951213  19    43    24          4.88      762.67      767.25         20.57
 951213  20    35    20          2.83      660.03      662.67         16.02
 951213  21    37    19          2.80      623.17      625.97         14.63
 951213  22    38    17          3.88      855.85      859.55         14.85
 951213  23    25    16          2.95      518.88      521.60         15.22
 951213  24    22    17          2.25      365.63      367.88         14.23
1
 
                   MAX
            TOTAL  SIM                MAXIMUM CPS                   CONNECT
 DATE  HOUR USERS USERS            IN         OUT       TOTAL         HOURS
 
 
 951214   1    29    16          2.97      496.43      498.77         13.28
 951214   2    25    17          3.48      553.80      556.68         14.90
 951214   3    27    19          3.28      759.18      762.25         16.53
 951214   4    24    19          3.77      775.98      779.10         17.27
 951214   5    23    17          3.20      627.67      630.87         14.10
 951214   6    33    22          5.92     1135.58     1141.18         19.15
 951214   7    33    21          3.92      762.77      766.27         18.52
 951214   8    39    24          3.98      770.17      774.15         18.17
 951214   9    48    32          5.65      754.30      759.95         27.25
 951214  10    61    37          6.33      908.72      914.93         33.55
 951214  11    55    36          5.52      804.43      808.90         32.00
 951214  12    52    35          4.70      908.92      913.33         29.22
 951214  13    33    25          3.83      674.92      678.75         22.17
 951214  14    53    33          7.02     1065.12     1072.13         26.03
 951214  15    56    36          6.37      931.17      936.50         32.00
 951214  16    67    41          7.88     1026.78     1034.67         35.62
 951214  17    52    33          8.53      903.75      909.20         29.72
 951214  18    47    26          4.55      791.55      796.10         22.55
 951214  19    45    26          5.62      766.02      771.07         22.08
 951214  20    35    21          3.90      795.05      798.93         19.23
 951214  21    42    23          4.40      951.23      954.47         19.63
 951214  22    29    18          2.82      594.48      597.20         16.25
 951214  23    29    20          3.42      788.67      792.08         16.65
 951214  24    20    15          2.15      624.93      627.08         11.85
1
 
                   MAX
            TOTAL  SIM                MAXIMUM CPS                   CONNECT
 DATE  HOUR USERS USERS            IN         OUT       TOTAL         HOURS
 
 
 951215   1    27    15          3.33      725.07      728.40         12.00
 951215   2    32    21          3.43     1047.00     1049.92         17.77
 951215   3    27    20          2.52      627.98      630.20         17.83
 951215   4    26    19          3.00      648.55      651.55         17.28
 951215   5    22    19          3.37      545.05      547.80         16.97
 951215   6    30    18          5.95      516.70      522.65         13.13
 951215   7    23    13          5.95      516.70      522.65         10.52
 951215   8    26    18          4.08      494.35      498.42         14.80
 951215   9    52    34          5.72      758.00      762.75         24.50
 951215  10    55    40          5.65      972.20      977.30         34.97
 951215  11    67    41          5.22      999.07     1004.28         37.37
 951215  12    54    38          4.82      825.38      829.17         32.65
 951215  13    38    25          3.85      609.32      612.78         21.12
 951215  14    44    29          5.80      567.02      572.80         24.02
 951215  15    60    33          6.90      800.25      807.15         29.03
 951215  16    54    35          7.57      795.52      799.85         29.65
 951215  17    44    22          3.55      657.13      660.50         17.65
 951215  18    31    18          3.10      352.48      355.38         15.52
 951215  19    29    19          3.60      386.90      390.50         14.47
 951215  20    19    12          1.57      240.62      242.18         10.10
 951215  21    16    13          1.27      190.50      191.75         10.73
 951215  22    20    11          2.58      314.42      317.00          8.55
 951215  23    12     8          1.60      175.12      176.72          6.33
 951215  24     5     4          0.55       88.03       88.58          1.52
1     MAXIMUM OF MAXIMUM SIMULTANEOUS USERS
 
 
                   MAX
            TOTAL  SIM                MAXIMUM CPS                   CONNECT
 DATE  HOUR USERS USERS            IN         OUT       TOTAL         HOURS
 
 951212  16    82    49          8.23      816.68      824.92         44.62
 
 
     MAXIMUM OF CONNECT HOURS
 
 
                   MAX
            TOTAL  SIM                MAXIMUM CPS                   CONNECT
 DATE  HOUR USERS USERS            IN         OUT       TOTAL         HOURS
 
 951212  16    82    49          8.23      816.68      824.92         44.62
1
  