1
 
                   MAX
            TOTAL  SIM                MAXIMUM CPS                   CONNECT
 DATE  HOUR USERS USERS            IN         OUT       TOTAL         HOURS
 
 
 940613   1     1     1          3.77      393.28      397.05          0.03
 940613   2    14     3         12.95     1390.57     1403.27          1.23
 940613   3    14     3         11.82     1275.22     1287.03          1.23
 940613   4    12     3         11.02     1389.50     1400.52          1.53
 940613   5    12     3         10.13     1461.50     1471.63          1.80
 940613   6    10     3          7.05     1071.47     1078.52          1.75
 940613   7     9     2          7.13     1041.67     1048.80          1.37
 940613   8     2     2          3.78      640.20      643.98          0.25
 940613   9     1     1          0.98      123.50      124.48          0.40
 940613  10     1     1          0.98      123.50      124.48          0.33
 940613  11     5     2          5.72      199.15      204.87          0.68
 940613  12    22    15         19.43     1092.72     1105.63         10.77
 940613  13    44    23          8.00     1356.93     1359.92         13.42
 940613  14   169    37         15.27     1656.38     1664.23         25.85
 940613  15   310    46         31.52     2400.95     2426.45         30.18
 940613  16   258    46         20.75     2034.80     2055.55         28.28
 940613  17   279    39         12.88     1113.77     1125.42         25.60
 940613  18   100    26         30.92     2673.22     2704.13         20.40
 940613  19    80    21         19.72     1205.60     1224.73         18.78
 940613  20    61    18         38.28     1115.55     1121.10          9.43
 940613  21    49    11         10.22     1091.82     1093.35          7.63
 940613  22    43     8         13.85     1003.50     1006.38          6.12
 940613  23    31     8         22.52      621.92      625.62          5.12
 940613  24    19     5          9.32      948.92      949.17          3.57
1
 
                   MAX
            TOTAL  SIM                MAXIMUM CPS                   CONNECT
 DATE  HOUR USERS USERS            IN         OUT       TOTAL         HOURS
 
 
 940614   1    10     4          7.10      402.33      403.15          1.53
 940614   2     3     2          6.80      128.00      134.77          0.60
 940614   3     0     0          0.00        0.00        0.00          0.00
 940614   4     3     1          1.00      155.05      155.47          0.48
 940614   5     0     0          0.00        0.00        0.00          0.00
 940614   6     0     0          0.00        0.00        0.00          0.00
 940614   7     3     2          1.47      114.98      115.52          0.28
 940614   8     2     1          1.07      114.98      115.52          0.43
 940614   9     4     3          2.42      253.85      255.77          0.57
 940614  10     0     0          0.00        0.00        0.00          0.00
 940614  11     0     0          0.00        0.00        0.00          0.00
 940614  12     5     2         14.15      696.80      700.48          1.03
 940614  13    15     8          6.95     1131.10     1137.83          3.17
 940614  14    51    18         18.88     1348.52     1357.33         11.95
 940614  15    53    17         14.42     1291.73     1297.87         13.75
 940614  16    47    15         20.12     1207.87     1210.38         12.60
 940614  17    52    17          3.97     1104.20     1106.40         13.28
 940614  18    40    10         28.17      985.93      986.68          6.52
 940614  19    34     8         16.93      970.50      980.55          5.17
 940614  20    35     9         11.65      775.23      786.88          4.98
 940614  21    29     7          2.32      691.67      692.70          4.95
 940614  22    36     7          3.22      491.73      493.88          4.95
 940614  23    42     7          4.40      588.02      592.42          4.55
 940614  24    22     7          8.92      588.30      597.07          4.33
1
 
                   MAX
            TOTAL  SIM                MAXIMUM CPS                   CONNECT
 DATE  HOUR USERS USERS            IN         OUT       TOTAL         HOURS
 
 
 940615   1    13     5         16.13      550.28      551.00          2.63
 940615   2     5     2          2.23       88.48       90.25          1.22
 940615   3     0     0          0.00        0.00        0.00          0.00
 940615   4     1     1          0.07       57.12       57.18          0.60
 940615   5     2     2          0.38      146.03      146.42          0.42
 940615   6     0     0          0.00        0.00        0.00          0.00
 940615   7     1     1          0.35      105.08      105.43          0.10
 940615   8     1     1          0.35      105.08      105.43          0.22
 940615   9     2     1          5.78      114.47      115.28          0.22
 940615  10     2     1          0.82      114.47      115.28          0.17
 940615  11     3     2          0.40      692.38      692.78          0.80
 940615  12     7     3         17.40      563.95      567.28          1.38
 940615  13    26     9         14.45     1932.67     1936.67          5.38
 940615  14    65    23         17.05     2136.13     2145.17         15.10
 940615  15    76    24         37.92     2021.65     2035.28         16.60
 940615  16    64    20         67.93     1841.08     1858.12         16.27
 940615  17    76    23         16.02     1716.12     1730.03         17.57
 940615  18    58    23          6.35     1315.70     1318.38         14.27
 940615  19    45    13         17.38     1433.50     1449.12          8.83
 940615  20    35    10         17.00      636.77      651.80          6.93
 940615  21    33     9         29.65      726.42      727.27          5.08
 940615  22    31     7          1.95      547.63      549.58          4.58
 940615  23    60    14        154.78     1364.23     1367.87         10.57
 940615  24    20     7          3.83      597.62      599.13          2.43
1
 
                   MAX
            TOTAL  SIM                MAXIMUM CPS                   CONNECT
 DATE  HOUR USERS USERS            IN         OUT       TOTAL         HOURS
 
 
 940616   1     8     3          1.17      383.12      384.28          1.38
 940616   2     8     2         25.67      411.70      437.37          0.83
 940616   3     1     1          0.08       48.10       48.18          0.15
 940616   4     3     1          0.03       34.90       34.93          0.53
 940616   5     1     1          0.05       47.65       47.70          0.32
 940616   6     0     0          0.00        0.00        0.00          0.00
 940616   7     0     0          0.00        0.00        0.00          0.00
 940616   8     3     2          5.95      137.20      143.15          0.62
 940616   9     1     1          2.75       13.25       16.00          0.02
 940616  10     1     1          0.42      111.97      112.38          0.07
 940616  11     2     1          5.17      369.25      374.42          0.12
 940616  12     4     2          9.23      871.77      881.00          0.62
 940616  13    16     7         10.48      766.22      772.23          3.57
 940616  14    40    13        188.23     1560.72     1748.95          7.90
 940616  15    57    14        202.22     2519.98     2714.57         11.70
 940616  16    41    15        190.58     1292.80     1480.92         10.73
 940616  17    44    12        198.67      833.25     1021.52          9.77
 940616  18    44    12        202.38      979.93     1169.60          6.85
 940616  19    31     9        202.08      638.62      828.00          5.52
 940616  20    55    10          6.88      964.95      967.48          6.98
 940616  21    25     6          1.78      560.03      561.05          3.67
 940616  22    25     6          3.90      334.35      337.43          2.90
 940616  23    24     7          2.70      406.95      408.10          5.00
 940616  24    15     4          4.02      287.28      288.77          2.33
1
 
                   MAX
            TOTAL  SIM                MAXIMUM CPS                   CONNECT
 DATE  HOUR USERS USERS            IN         OUT       TOTAL         HOURS
 
 
 940617   1     5     3          0.50      103.58      104.08          0.85
 940617   2     4     1          0.67      292.30      292.78          0.25
 940617   3     1     1          0.20       25.40       25.60          0.12
 940617   4     1     1          0.12       51.97       52.08          0.12
 940617   5     1     1          0.13       20.53       20.67          0.28
 940617   6     0     0          0.00        0.00        0.00          0.00
 940617   7     0     0          0.00        0.00        0.00          0.00
 940617   8     3     2          9.95      235.45      245.40          1.20
 940617   9     3     2          1.32      216.53      217.70          1.57
 940617  10     2     2          1.17      216.53      217.70          2.00
 940617  11     4     2          4.50      647.27      651.77          1.17
 940617  12     8     3          7.80     1166.77     1174.57          1.93
 940617  13    18     6          4.82      773.57      778.38          3.38
 940617  14    36    14         11.05     1305.43     1316.48          9.45
 940617  15    43    18         22.20     1829.97     1852.17         11.17
 940617  16    43    12          7.95      890.52      898.47          9.57
 940617  17    49    12         17.10     1024.12     1029.83          9.00
 940617  18    36    10         26.77     1082.95     1084.70          6.15
 940617  19    26     9         39.02      461.68      464.23          5.67
 940617  20    34     6          2.17      414.88      415.85          4.70
 940617  21    19     5         10.82      346.72      347.85          2.77
 940617  22    15     5          5.17      335.95      337.23          3.05
 940617  23    12     5          1.55      492.50      494.05          1.93
 940617  24     9     2          5.12      134.22      139.33          0.97
1     MAXIMUM OF MAXIMUM SIMULTANEOUS USERS
 
 
                   MAX
            TOTAL  SIM                MAXIMUM CPS                   CONNECT
 DATE  HOUR USERS USERS            IN         OUT       TOTAL         HOURS
 
 940613  15   310    46         31.52     2400.95     2426.45         30.18
 
 
     MAXIMUM OF CONNECT HOURS
 
 
                   MAX
            TOTAL  SIM                MAXIMUM CPS                   CONNECT
 DATE  HOUR USERS USERS            IN         OUT       TOTAL         HOURS
 
 940613  15   310    46         31.52     2400.95     2426.45         30.18
1
  