1

 CLASS 1 SITE   STATE  NPA  NXX   V     H
 -------------  -----  ---  ---  ----  ----
 CHICAGO          IL   312  427  5986  3426
 CUPERTINO        CA   408  446  8583  8619
 DALLAS           TX   214  638  8436  4034
 DORAVILLE        GA   404  451  7226  2085
 FAIRFAX          VA   703  691  5645  1616
 NEW YORK         NY   212  269  4997  1406
 NEWARK           NJ   201  824  5015  1430
 NEWPORT BEACH    CA   714  540  9277  7800
 SANTA CLARA      CA   408  446  8583  8619
 VERNON           CA   213  589  9213  7878
1          LINK:  Chicago(3133) - Cupertino(2072)     BANDWIDTH: 56KB
 
  TIME-PDT     SESSIONS PACKETS/SEC PACKET SIZE (BYTE) IDEAL BANDWIDTH
 -----------   -------- ----------- ------------------ ---------------
 
 
    0 -   59      596        55           38            2 19.2    
  100 -  159      626        35           38            1 19.2    
  200 -  259      626        20           34            1 19.2    
  300 -  359        0         0            0            N/A       
  400 -  459        0         0            0            N/A       
  500 -  559      487        44           21            1 19.2    
  600 -  659      924        70           26            2 19.2    
  700 -  759     1041        71           30            2 19.2    
  800 -  859     1215        86           35            2 19.2    
  900 -  959     1390        86           37            2 19.2    
 1000 - 1059     1135        80           36            2 19.2    
 1100 - 1159     1346        89           34            2 19.2    
 1200 - 1259     1361        88           34            2 19.2    
 1300 - 1359     1179        71           31            2 19.2    
 1400 - 1459     1172        70           32            2 19.2    
 1500 - 1559      997        90           34            2 19.2    
 1600 - 1659      829        93           31            2 19.2    
 1700 - 1759      844        50           32            1 19.2    
 1800 - 1859      786        33           30            1 19.2    
 1900 - 1959      778        52           24            1 19.2    
 2000 - 2059      728        59           30            2 19.2    
 2100 - 2159      677        50           39            2 19.2    
 2200 - 2259      647        44           28            1 19.2    
 2300 - 2359      647        44           35            1 19.2    
1          LINK:  Chicago(3131) - Dallas(5610)     BANDWIDTH: 56KB
 
  TIME-PDT     SESSIONS PACKETS/SEC PACKET SIZE (BYTE) IDEAL BANDWIDTH
 -----------   -------- ----------- ------------------ ---------------
 
 
    0 -   59      174        28           33            1 19.2    
  100 -  159      174        15           30            1 9.6     
  200 -  259      160         9           33            1 9.6     
  300 -  359        0         0            0            N/A       
  400 -  459        0         0            0            N/A       
  500 -  559     1172        81           38            2 19.2    
  600 -  659     1579        86           49            1 56KB    
  700 -  759     1951        89           58            1 56KB    
  800 -  859     2067        78           51            1 56KB    
  900 -  959     1820        90           42            1 56KB    
 1000 - 1059     1514        83           31            2 19.2    
 1100 - 1159     1790        79           45            1 56KB    
 1200 - 1259     1841        71           36            2 19.2    
 1300 - 1359     1994        69           39            2 19.2    
 1400 - 1459     1587        90           42            1 56KB    
 1500 - 1559     1164        83           28            2 19.2    
 1600 - 1659      924        75           30            2 19.2    
 1700 - 1759      633        52           29            1 19.2    
 1800 - 1859      611        89           32            2 19.2    
 1900 - 1959      458        59           29            2 19.2    
 2000 - 2059      429        54           32            2 19.2    
 2100 - 2159      371        50           30            1 19.2    
 2200 - 2259      298        55           33            2 19.2    
 2300 - 2359      218        43           47            2 19.2    
1          LINK:  Chicago(3134) - Fairfax(6267)     BANDWIDTH: 56KB
 
  TIME-PDT     SESSIONS PACKETS/SEC PACKET SIZE (BYTE) IDEAL BANDWIDTH
 -----------   -------- ----------- ------------------ ---------------
 
 
    0 -   59     3188        46           20            1 19.2    
  100 -  159     3181        21           26            1 9.6     
  200 -  259     3225        43           32            1 19.2    
  300 -  359        0         0            0            N/A       
  400 -  459        0         0            0            N/A       
  500 -  559      626        78           35            2 19.2    
  600 -  659     1142        88           32            2 19.2    
  700 -  759     1223        76           36            2 19.2    
  800 -  859     1259        87           35            2 19.2    
  900 -  959     1048        66           30            2 19.2    
 1000 - 1059      931        79           32            2 19.2    
 1100 - 1159      910        79           33            2 19.2    
 1200 - 1259     1070        88           30            2 19.2    
 1300 - 1359     1026       102           33            1 56KB    
 1400 - 1459      735       120           25            2 19.2    
 1500 - 1559      436        54           25            1 19.2    
 1600 - 1659      298        36           30            1 19.2    
 1700 - 1759     3159        70           24            2 19.2    
 1800 - 1859     3166       100           23            2 19.2    
 1900 - 1959     3181        63           21            1 19.2    
 2000 - 2059     3640       108           24            2 19.2    
 2100 - 2159     3407        76           21            1 19.2    
 2200 - 2259     3312        43           21            1 19.2    
 2300 - 2359     3246        38           20            1 19.2    
1          LINK:  Chicago(3132) - Newark(2053)     BANDWIDTH: 56KB
 
  TIME-PDT     SESSIONS PACKETS/SEC PACKET SIZE (BYTE) IDEAL BANDWIDTH
 -----------   -------- ----------- ------------------ ---------------
 
 
    0 -   59      866        67           23            1 19.2    
  100 -  159      859        62           25            1 19.2    
  200 -  259      786        43           25            1 19.2    
  300 -  359        0         0            0            N/A       
  400 -  459        0         0            0            N/A       
  500 -  559     1776        76           62            1 56KB    
  600 -  659     1834        58           53            2 19.2    
  700 -  759     1936        64           59            1 56KB    
  800 -  859     1936        63           59            1 56KB    
  900 -  959     1703        68           49            2 19.2    
 1000 - 1059     1841        66           51            1 56KB    
 1100 - 1159     2009        58           57            2 19.2    
 1200 - 1259     1958        58           52            2 19.2    
 1300 - 1359     1987        64           59            1 56KB    
 1400 - 1459     1434        67           43            2 19.2    
 1500 - 1559     1055        74           34            2 19.2    
 1600 - 1659      895        68           30            2 19.2    
 1700 - 1759     1434        72           28            2 19.2    
 1800 - 1859     1485        70           28            2 19.2    
 1900 - 1959     1324        79           24            2 19.2    
 2000 - 2059     1208        81           25            2 19.2    
 2100 - 2159     1004        55           26            1 19.2    
 2200 - 2259      953        65           24            1 19.2    
 2300 - 2359      917        70           30            2 19.2    
1          LINK:  Cupertino(2020) - Dallas(5610)     BANDWIDTH: 56KB
 
  TIME-PDT     SESSIONS PACKETS/SEC PACKET SIZE (BYTE) IDEAL BANDWIDTH
 -----------   -------- ----------- ------------------ ---------------
 
 
    0 -   59      604        64           17            1 19.2    
  100 -  159      618        63           25            1 19.2    
  200 -  259      596        73           31            2 19.2    
  300 -  359        0         0            0            N/A       
  400 -  459        0         0            0            N/A       
  500 -  559      720        62           30            2 19.2    
  600 -  659      953        77           27            2 19.2    
  700 -  759     1150        83           46            1 56KB    
  800 -  859     1441        95           49            1 56KB    
  900 -  959     1543       101           27            2 19.2    
 1000 - 1059     1441       104           26            2 19.2    
 1100 - 1159     1630        95           48            1 56KB    
 1200 - 1259     1536        94           34            2 19.2    
 1300 - 1359     1448        98           26            2 19.2    
 1400 - 1459     1477        91           24            2 19.2    
 1500 - 1559     1223        71           20            1 19.2    
 1600 - 1659     1142        85           25            2 19.2    
 1700 - 1759      895        59           23            1 19.2    
 1800 - 1859      757        51           21            1 19.2    
 1900 - 1959      647        49           28            1 19.2    
 2000 - 2059      618        60           19            1 19.2    
 2100 - 2159      604        49           18            1 19.2    
 2200 - 2259      589        46           31            1 19.2    
 2300 - 2359      589        54           18            1 19.2    
1          LINK:  Cupertino(2072) - Newark(6061)     BANDWIDTH: 56KB
 
  TIME-PDT     SESSIONS PACKETS/SEC PACKET SIZE (BYTE) IDEAL BANDWIDTH
 -----------   -------- ----------- ------------------ ---------------
 
 
    0 -   59      575        75           27            2 19.2    
  100 -  159      546        57           31            2 19.2    
  200 -  259      618        66           27            2 19.2    
  300 -  359        0         0            0            N/A       
  400 -  459        0         0            0            N/A       
  500 -  559     1281        92           45            1 56KB    
  600 -  659     1972       108           48            1 56KB    
  700 -  759     2184       103           56            2 56KB    
  800 -  859     2409        97           54            1 56KB    
  900 -  959     2176       102           40            1 56KB    
 1000 - 1059     1900        97           38            1 56KB    
 1100 - 1159     2649       102           58            2 56KB    
 1200 - 1259     2227       104           50            1 56KB    
 1300 - 1359     2031       100           43            1 56KB    
 1400 - 1459     1710       104           33            1 56KB    
 1500 - 1559     1485        92           28            2 19.2    
 1600 - 1659     1405        94           28            2 19.2    
 1700 - 1759      917        57           27            1 19.2    
 1800 - 1859      982        82           31            2 19.2    
 1900 - 1959      764        85           28            2 19.2    
 2000 - 2059      662        82           24            2 19.2    
 2100 - 2159      560        57           20            1 19.2    
 2200 - 2259      502        61           21            1 19.2    
 2300 - 2359      509        69           26            2 19.2    
1          LINK:  Cupertino(2051) - Newport Beach(6453)     BANDWIDTH: 56KB
 
  TIME-PDT     SESSIONS PACKETS/SEC PACKET SIZE (BYTE) IDEAL BANDWIDTH
 -----------   -------- ----------- ------------------ ---------------
 
 
    0 -   59       14         2            8            1 9.6     
  100 -  159       14         1            9            1 9.6     
  200 -  259       14         1            8            1 9.6     
  300 -  359        0         0            0            N/A       
  400 -  459        0         0            0            N/A       
  500 -  559       14         1            8            1 9.6     
  600 -  659       14         1            8            1 9.6     
  700 -  759       14         1            8            1 9.6     
  800 -  859       14         1            8            1 9.6     
  900 -  959      422        27           31            1 19.2    
 1000 - 1059     1041        57           51            2 19.2    
 1100 - 1159     1186        85           38            2 19.2    
 1200 - 1259     1128        77           38            2 19.2    
 1300 - 1359     1092        59           35            2 19.2    
 1400 - 1459     1237        92           35            2 19.2    
 1500 - 1559     1266        83           35            2 19.2    
 1600 - 1659     1142        73           33            2 19.2    
 1700 - 1759       14         2            8            1 9.6     
 1800 - 1859       14         2            9            1 9.6     
 1900 - 1959       14         2            8            1 9.6     
 2000 - 2059       14         2            9            1 9.6     
 2100 - 2159       14         2            9            1 9.6     
 2200 - 2259       14         2            8            1 9.6     
 2300 - 2359       14         2            8            1 9.6     
1          LINK:  Cupertino(2020) - Santa Clara(2170)     BANDWIDTH: 56KB
 
  TIME-PDT     SESSIONS PACKETS/SEC PACKET SIZE (BYTE) IDEAL BANDWIDTH
 -----------   -------- ----------- ------------------ ---------------
 
 
    0 -   59      495        59           21            1 19.2    
  100 -  159      465        42           20            1 19.2    
  200 -  259      465        47           20            1 19.2    
  300 -  359        0         0            0            N/A       
  400 -  459        0         0            0            N/A       
  500 -  559      844        51           26            1 19.2    
  600 -  659     1193        75           20            1 19.2    
  700 -  759     1383        65           27            2 19.2    
  800 -  859     1528        71           32            2 19.2    
  900 -  959     1579        71           34            2 19.2    
 1000 - 1059     1638        80           30            2 19.2    
 1100 - 1159     1805        69           36            2 19.2    
 1200 - 1259     1718        68           31            2 19.2    
 1300 - 1359     1703        64           30            2 19.2    
 1400 - 1459     1608        65           29            2 19.2    
 1500 - 1559     1412        71           36            2 19.2    
 1600 - 1659     1339        67           28            2 19.2    
 1700 - 1759      662        70           26            2 19.2    
 1800 - 1859      567        78           21            1 19.2    
 1900 - 1959      516        75           21            1 19.2    
 2000 - 2059      546        50           24            1 19.2    
 2100 - 2159      473        48           27            1 19.2    
 2200 - 2259      487        50           22            1 19.2    
 2300 - 2359      495        43           24            1 19.2    
1          LINK:  Dallas(5377) - Doraville(2572)     BANDWIDTH: 56KB
 
  TIME-PDT     SESSIONS PACKETS/SEC PACKET SIZE (BYTE) IDEAL BANDWIDTH
 -----------   -------- ----------- ------------------ ---------------
 
 
    0 -   59      101         2           25            1 9.6     
  100 -  159      123         4           13            1 9.6     
  200 -  259      138         9           16            1 9.6     
  300 -  359        0         0            0            N/A       
  400 -  459        0         0            0            N/A       
  500 -  559      815        81           35            2 19.2    
  600 -  659     1041       103           34            1 56KB    
  700 -  759     1099       108           31            2 19.2    
  800 -  859     1084        89           35            2 19.2    
  900 -  959      924        84           27            2 19.2    
 1000 - 1059      902        80           25            2 19.2    
 1100 - 1159     1099       107           29            2 19.2    
 1200 - 1259     1121       103           29            2 19.2    
 1300 - 1359     1070       101           29            2 19.2    
 1400 - 1459      808        83           27            2 19.2    
 1500 - 1559      669        75           19            1 19.2    
 1600 - 1659      538        33           23            1 19.2    
 1700 - 1759      247        45           26            1 19.2    
 1800 - 1859      225        41           30            1 19.2    
 1900 - 1959      174        12           35            1 9.6     
 2000 - 2059      152        13           60            1 19.2    
 2100 - 2159      145        37           19            1 19.2    
 2200 - 2259      131        33           25            1 19.2    
 2300 - 2359      123         7           17            1 9.6     
1          LINK:  Dallas(5330) - Fairfax(5015)     BANDWIDTH: 56KB
 
  TIME-PDT     SESSIONS PACKETS/SEC PACKET SIZE (BYTE) IDEAL BANDWIDTH
 -----------   -------- ----------- ------------------ ---------------
 
 
    0 -   59     2562        63           35            2 19.2    
  100 -  159     2664        70           60            1 56KB    
  200 -  259     2664        51           25            1 19.2    
  300 -  359        0         0            0            N/A       
  400 -  459        0         0            0            N/A       
  500 -  559     1004        81           48            1 56KB    
  600 -  659     1528        89           51            1 56KB    
  700 -  759     1638        86           46            1 56KB    
  800 -  859     1863        87           51            1 56KB    
  900 -  959     1528        85           44            1 56KB    
 1000 - 1059     1718        89           55            1 56KB    
 1100 - 1159      757        75           47            1 56KB    
 1200 - 1259      982        87           34            2 19.2    
 1300 - 1359      9     76           33            2 19.2    
 1400 - 1459      793        71           24            2 19.2    
 1500 - 1559      677        50           58            2 19.2    
 1600 - 1659      713        37           43            1 19.2    
 1700 - 1759     2970        35           28            1 19.2    
 1800 - 1859     3028        47           62            2 19.2    
 1900 - 1959     3072        76           45            1 56KB    
 2000 - 2059     2722        56           62            1 56KB    
 2100 - 2159     2679        50           35            2 19.2    
 2200 - 2259     2620        66           44            2 19.2    
 2300 - 2359     2533        43           28            1 19.2    
1          LINK:  Dallas(5400) - Newark(6064)     BANDWIDTH: 56KB
 
  TIME-PDT     SESSIONS PACKETS/SEC PACKET SIZE (BYTE) IDEAL BANDWIDTH
 -----------   -------- ----------- ------------------ ---------------
 
 
    0 -   59      429        19           23            1 9.6     
  100 -  159      400        36           21            1 19.2    
  200 -  259      407        34           32            1 19.2    
  300 -  359        0         0            0            N/A       
  400 -  459        0         0            0            N/A       
  500 -  559     1288       123           41            1 56KB    
  600 -  659     1652       114           43            1 56KB    
  700 -  759     1812       100           50            1 56KB    
  800 -  859     1776        93           44            1 56KB    
  900 -  959     1645        90           40            1 56KB    
 1000 - 1059     1419        92           36            2 19.2    
 1100 - 1159     1885        97           37            1 56KB    
 1200 - 1259     1878       100           50            1 56KB    
 1300 - 1359     1732        98           48            1 56KB    
 1400 - 1459     1303        88           27            2 19.2    
 1500 - 1559      917        76           25            2 19.2    
 1600 - 1659      822        83           22            2 19.2    
 1700 - 1759      742        76           22            1 19.2    
 1800 - 1859      706        33           34            1 19.2    
 1900 - 1959      647        51           30            1 19.2    
 2000 - 2059      669        46           18            1 19.2    
 2100 - 2159      546        25           38            1 19.2    
 2200 - 2259      480        18           21            1 9.6     
 2300 - 2359      429        11           30            1 9.6     
1          LINK:  Fairfax(5016) - Newark(2053)     BANDWIDTH: 56KB
 
  TIME-PDT     SESSIONS PACKETS/SEC PACKET SIZE (BYTE) IDEAL BANDWIDTH
 -----------   -------- ----------- ------------------ ---------------
 
 
    0 -   59     4659        82           34            2 19.2    
  100 -  159     4673        93           28            2 19.2    
  200 -  259     4600        87           40            1 56KB    
  300 -  359        0         0            0            N/A       
  400 -  459        0         0            0            N/A       
  500 -  559      990        80           33            2 19.2    
  600 -  659     1514        85           40            1 56KB    
  700 -  759     1492        81           47            1 56KB    
  800 -  859     1696        86           40            1 56KB    
  900 -  959     1223        77           38            2 19.2    
 1000 - 1059     1266        81           35            2 19.2    
 1100 - 1159     1485        99           39            1 56KB    
 1200 - 1259     1375        80           38            2 19.2    
 1300 - 1359     1412        89           39            1 56KB    
 1400 - 1459      990        75           29            2 19.2    
 1500 - 1559      815        69           42            2 19.2    
 1600 - 1659      808        68           39            2 19.2    
 1700 - 1759     4178        93           34            2 19.2    
 1800 - 1859     4317        92           31            2 19.2    
 1900 - 1959     5110        94           38            1 56KB    
 2000 - 2059     5096        84           40            1 56KB    
 2100 - 2159     4884        76           30            2 19.2    
 2200 - 2259     4833        79           28            2 19.2    
 2300 - 2359     4753        79           30            2 19.2    
1          LINK:  New York(6131) - Newark(6061)     BANDWIDTH: 56KB
 
  TIME-PDT     SESSIONS PACKETS/SEC PACKET SIZE (BYTE) IDEAL BANDWIDTH
 -----------   -------- ----------- ------------------ ---------------
 
 
    0 -   59      502        30           20            1 19.2    
  100 -  159      487        17           30            1 9.6     
  200 -  259      524        28           31            1 19.2    
  300 -  359        0         0            0            N/A       
  400 -  459        0         0            0            N/A       
  500 -  559     1041        69           38            2 19.2    
  600 -  659     1638        82           61            1 56KB    
  700 -  759     1812        74           57            1 56KB    
  800 -  859     1739        72           51            1 56KB    
  900 -  959     1652        81           46            1 56KB    
 1000 - 1059     1579        75           45            1 56KB    
 1100 - 1159     1907        73           54            1 56KB    
 1200 - 1259     1914        69           51            1 56KB    
 1300 - 1359     1783        74           50            1 56KB    
 1400 - 1459     1332        64           44            2 19.2    
 1500 - 1559      953        91           36            2 19.2    
 1600 - 1659      910        55           45            2 19.2    
 1700 - 1759      829        33           47            1 19.2    
 1800 - 1859      786        27           41            1 19.2    
 1900 - 1959      706        63           37            2 19.2    
 2000 - 2059      822        60           39            2 19.2    
 2100 - 2159      647        43           35            1 19.2    
 2200 - 2259      531        49           45            2 19.2    
 2300 - 2359      531        49           29            1 19.2    
1          LINK:  Newark(6064) - Newport Beach(6451)     BANDWIDTH: 56KB
 
  TIME-PDT     SESSIONS PACKETS/SEC PACKET SIZE (BYTE) IDEAL BANDWIDTH
 -----------   -------- ----------- ------------------ ---------------
 
 
    0 -   59     1426        68           27            2 19.2    
  100 -  159     1259        46           35            1 19.2    
  200 -  259     1208        43           23            1 19.2    
  300 -  359        0         0            0            N/A       
  400 -  459        0         0            0            N/A       
  500 -  559     1332        42           27            1 19.2    
  600 -  659     1761        58           37            2 19.2    
  700 -  759     2147        76           57            1 56KB    
  800 -  859     2569        84           58            1 56KB    
  900 -  959     2293        92           52            1 56KB    
 1000 - 1059     2300        82           55            1 56KB    
 1100 - 1159     2242        77           62            1 56KB    
 1200 - 1259     2176        70           47            2 19.2    
 1300 - 1359     2249        87           50            1 56KB    
 1400 - 1459     2031        94           40            1 56KB    
 1500 - 1559     1820        95           40            1 56KB    
 1600 - 1659     1601        86           36            2 19.2    
 1700 - 1759     1856        84           35            2 19.2    
 1800 - 1859     1710        78           43            2 19.2    
 1900 - 1959     1652        78           39            2 19.2    
 2000 - 2059     1623        79           32            2 19.2    
 2100 - 2159     1572        73           31            2 19.2    
 2200 - 2259     1528        75           34            2 19.2    
 2300 - 2359     1426        59           34            2 19.2    
1          LINK:  Dallas(5377) - Newport Beach(6453)     BANDWIDTH: 19.2
 
  TIME-PDT     SESSIONS PACKETS/SEC PACKET SIZE (BYTE) IDEAL BANDWIDTH
 -----------   -------- ----------- ------------------ ---------------
 
 
    0 -   59      778        36           29            1 19.2    
  100 -  159      771        45           18            1 19.2    
  200 -  259      742        26           17            1 9.6     
  300 -  359        0         0            0            N/A       
  400 -  459        0         0            0            N/A       
  500 -  559      203        20           23            1 9.6     
  600 -  659      276        30           28            1 19.2    
  700 -  759      516        52           32            1 19.2    
  800 -  859      742        53           34            2 19.2    
  900 -  959      596        54           25            1 19.2    
 1000 - 1059      538        51           27            1 19.2    
 1100 - 1159      487        47           21            1 19.2    
 1200 - 1259      546        42           25            1 19.2    
 1300 - 1359      502        44           44            2 19.2    
 1400 - 1459      429        37           26            1 19.2    
 1500 - 1559      342        37           32            1 19.2    
 1600 - 1659      291        28           29            1 19.2    
 1700 - 1759      815        18           25            1 9.6     
 1800 - 1859      815        10           29            1 9.6     
 1900 - 1959      873        40           24            1 19.2    
 2000 - 2059      859        12           28            1 9.6     
 2100 - 2159      873        17           36            1 19.2    
 2200 - 2259      888        35           33            1 19.2    
 2300 - 2359      786        28           24            1 19.2    
1          LINK:  Dallas(5400) - Newport Beach(6453)     BANDWIDTH: 2 x 14.4
 
  TIME-PDT     SESSIONS PACKETS/SEC PACKET SIZE (BYTE) IDEAL BANDWIDTH
 -----------   -------- ----------- ------------------ ---------------
 
 
    0 -   59      189        24           36            1 19.2    
  100 -  159      182         3           38            1 9.6     
  200 -  259      174         4           38            1 9.6     
  300 -  359        0         0            0            N/A       
  400 -  459        0         0            0            N/A       
  500 -  559      298        26           18            1 9.6     
  600 -  659      596        38           24            1 19.2    
  700 -  759      749        39           41            1 19.2    
  800 -  859     1048        53           47            2 19.2    
  900 -  959     1026        56           51            2 19.2    
 1000 - 1059      880        62           42            2 19.2    
 1100 - 1159      953        60           53            2 19.2    
 1200 - 1259      888        60           36            2 19.2    
 1300 - 1359      953        55           41            2 19.2    
 1400 - 1459      844        54           49            2 19.2    
 1500 - 1559      684        55           44            2 19.2    
 1600 - 1659      582        55           42            2 19.2    
 1700 - 1759      422        31           39            1 19.2    
 1800 - 1859      327        28           50            1 19.2    
 1900 - 1959      320        21           45            1 19.2    
 2000 - 2059      313        42           41            2 19.2    
 2100 - 2159      305        37           33            1 19.2    
 2200 - 2259      254        21           41            1 19.2    
 2300 - 2359      218        12           30            1 9.6     
1          LINK:  Newark(3434) - New York(4035)     BANDWIDTH:  9.6
 
  TIME-PDT     SESSIONS PACKETS/SEC PACKET SIZE (BYTE) IDEAL BANDWIDTH
 -----------   -------- ----------- ------------------ ---------------
 
 
    0 -   59      334        25           86            2 19.2    
  100 -  159      385        24          105            2 19.2    
  200 -  259      320        30           35            1 19.2    
  300 -  359        0         0            0            N/A       
  400 -  459        0         0            0            N/A       
  500 -  559      225        25           40            1 19.2    
  600 -  659      327        28           39            1 19.2    
  700 -  759      262        31           44            1 19.2    
  800 -  859      291        32           32            1 19.2    
  900 -  959      247        13           37            1 9.6     
 1000 - 1059      232        32           37            1 19.2    
 1100 - 1159      174        18           34            1 19.2    
 1200 - 1259      152        21           34            1 19.2    
 1300 - 1359      152        12           36            1 9.6     
 1400 - 1459      123         7           29            1 9.6     
 1500 - 1559      152        12           66            1 19.2    
 1600 - 1659      167        22           40            1 19.2    
 1700 - 1759      211        29           29            1 19.2    
 1800 - 1859      240        31           31            1 19.2    
 1900 - 1959      240        33           38            1 19.2    
 2000 - 2059      211        23          121            2 19.2    
 2100 - 2159      218        27           31            1 19.2    
 2200 - 2259      247        25           55            1 19.2    
 2300 - 2359      313        25           89            2 19.2    
1          LINK:  Santa Clara(4166) - Cupertino(6576)     BANDWIDTH:  9.6
 
  TIME-PDT     SESSIONS PACKETS/SEC PACKET SIZE (BYTE) IDEAL BANDWIDTH
 -----------   -------- ----------- ------------------ ---------------
 
 
    0 -   59       21         2           12            1 9.6     
  100 -  159       29         2           12            1 9.6     
  200 -  259       29         2           12            1 9.6     
  300 -  359        0         0            0            N/A       
  400 -  459        0         0            0            N/A       
  500 -  559       21         2           12            1 9.6     
  600 -  659       21         2           11            1 9.6     
  700 -  759       14         2           11            1 9.6     
  800 -  859       21         2           12            1 9.6     
  900 -  959       29         2           12            1 9.6     
 1000 - 1059       21         2           12            1 9.6     
 1100 - 1159       21         2            9            1 9.6     
 1200 - 1259       21         3           12            1 9.6     
 1300 - 1359       14         2           10            1 9.6     
 1400 - 1459       14         2           12            1 9.6     
 1500 - 1559       21         2           12            1 9.6     
 1600 - 1659       21         3           12            1 9.6     
 1700 - 1759       29         2           12            1 9.6     
 1800 - 1859       29         2           12            1 9.6     
 1900 - 1959       29         2           11            1 9.6     
 2000 - 2059       29         2           12            1 9.6     
 2100 - 2159       29         2           12            1 9.6     
 2200 - 2259       21         1            8            1 9.6     
 2300 - 2359       29         2           12            1 9.6     
1

  SESSION HOLDING TIME DISTRIBUTION
 ------------------------------------
 SESSION LENGTH   % OF TOTAL SESSIONS
   (minutes)
 --------------   -------------------
 <  0 - 1  ]            52.02
 <  1 - 5  ]            25.18
 <  5 - 10 ]             8.28
 < 10 - 15 ]             4.29
 < 15 - 20 ]             2.31
 < 20 - 25 ]             1.47
 < 25 - 30 ]             1.07
 < 30 - 35 ]              .77
 < 35 - 40 ]              .59
 < 40 - 45 ]              .45
 < 45 - 50 ]              .36
 < 50 - 55 ]              .31
 < 55 - 60 ]              .25
 < 60 - 120]             1.35
 <120 - 180]              .42
 <180 - 240]              .21
 <240                     .67


 Average holding time of a session = 8.24 minutes    u@ `ñ