  2545   4572 3 3 1           36         1065       1
  2545   4657 3 3 1           79          226      12
  2545  10206 3 3 1            1            2       0
  2545   2207 3 3 1           64         1443       1
  2545  10251 3 3 1           49           21       0
  2545   5271 3 3 1           66            2       0
  2545   5311 3 3 1          186          178      16
  2545   3241 3 3 1            7           23       1
  2545   6244 3 3 1          433        17894      15
  2545   5271 3 3 1          116           28       0
  2545   2763 3 3 1           31          164       0
  2545   5271 3 3 1          163           56       0
  2545   5271 3 3 1          114           28       0
  2545   4663 3 3 1         1285        50220      33
  2545   2763 3 3 1          437         1514      12
  2545   5425 3 3 1           23         1296       1
  2545   3241 3 3 1          169        16955       8
  2545  11005 3 3 1          639        14914      59
  2545   2454 3 3 1          143           56       0
  2545  11562 3 3 1           33          951       2
  2545   2454 3 3 1          143           56       0
  2545   2207 3 3 1          165         2013       4
  2545   2454 3 3 1          188           56       0
  2545   6101 3 3 1           42          103       0
  2545   2454 3 3 1          194           56       0
  2545   3222 3 3 1          108       121357      20
  2545   6101 3 3 1           42           77       0
  2545   2454 3 3 1          143           56       0
  2545   6101 3 3 1           42          143       0
  2545   6101 3 3 1           39           92       0
  2545   6101 3 3 1           42          103       0
  2545   6101 3 3 1           39          129       0
  2545  10251 3 3 1           49           22       0
  2545  11527 3 3 1          123         3669       3
  2545   2454 3 3 1          202           56       0
  2545   5506 3 3 1           45           84       0
  2545   6101 3 3 1           42          143       0
  2545   6101 3 3 1           39          129       0
  2545   6101 3 3 1           42          143       0
  2545   2144 3 3 1           34          405       3
  2545   5506 3 3 1           45           84       0
  2545   3442 3 3 1           16         2247       1
  2545   4572 3 3 1         9069        12115      20
  2545   6101 3 3 1           42          103       0
  2545   6101 3 3 1           42          103       0
  2545   4657 3 3 1          584         1105      12
  2545   6101 3 3 1           42          103       0
  2545   2763 3 3 1         1018         7222      17
  2545   3560 3 3 1          104           26      15
  2545   2463 3 3 1           77         1799       2
  2545   2454 3 3 1          193           56       0
  2545   5340 3 3 1           89         6219       3
  2545   5462 3 3 1           42         4086       1
  2545  10251 3 3 1           49           21       0
  2545   5576 3 3 1          733        47725      27
  2545   6324 3 3 1           42          890       3
  2545   2454 3 3 1          116           28       0
  2545   2526 3 3 1           69           21       0
  2545   2763 3 3 1         2998         3058       6
  2545  11563 3 3 1          179         4120       8
  2545  11521 3 3 1           37         1079       2
  2545  11243 3 3 1          201         3716       4
  2545   2454 3 3 1          143           56       0
  2545  10251 3 3 1           49           18       0
  2545   6101 3 3 1           42          104       0
  2545   2454 3 3 1          143           56       0
  2545   6101 3 3 1           42          103       0
  2545   4701 3 3 1          975        22791      29
  2545   5271 3 3 1          143           56       0
  2545   6101 3 3 1           42          103       0
  2545   4660 3 3 1           42          169       0
  2545   2454 3 3 1          143           56       0
  2545  10157 3 3 1          253         7481       2
  2545   5560 3 3 1           37         3419       2
  2545   6101 3 3 1           42          103       0
  2545   5462 3 3 1         1332        17163       6
  2545   6101 3 3 1           39          129       0
  2545   2065 3 3 1         1967         1409       2
  2545   2454 3 3 1          143           56       0
  2545  11622 3 3 1           34          976       1
  2545   6161 3 3 1           34          160       0
  2545   6101 3 3 1           42          143       0
  2545   2160 3 3 1           70         5028       3
  2545   6101 3 3 1           42          103       0
  2545   4663 3 3 1          403        25023      13
  2545   2463 3 3 1          105         8705       6
  2545   2454 3 3 1          143           56       0
  2545   7106 3 3 1           85          656       0
  2545   2223 3 3 1           26         8592       2
  2545   6101 3 3 1           42          103       0
  2545   2454 3 3 1          155           56       0
  2545   4654 3 3 1          115         6870      31
  2545   3227 3 3 1         4682        14347      55
  254