1
 
                   MAX
            TOTAL  SIM                MAXIMUM CPS                   CONNECT
 DATE  HOUR USERS USERS            IN         OUT       TOTAL         HOURS
 
 
 951016   1     0     0          0.00        0.00        0.00          0.00
 951016   2     0     0          0.00        0.00        0.00          0.00
 951016   3     0     0          0.00        0.00        0.00          0.00
 951016   4     0     0          0.00        0.00        0.00          0.00
 951016   5     0     0          0.00        0.00        0.00          0.00
 951016   6     0     0          0.00        0.00        0.00          0.00
 951016   7     0     0          0.00        0.00        0.00          0.00
 951016   8     0     0          0.00        0.00        0.00          0.00
 951016   9     0     0          0.00        0.00        0.00          0.00
 951016  10     0     0          0.00        0.00        0.00          0.00
 951016  11     0     0          0.00        0.00        0.00          0.00
 951016  12     0     0          0.00        0.00        0.00          0.00
 951016  13     4     2          2.57       10.03       12.60          0.58
 951016  14     4     2          2.35        6.37        8.72          0.73
 951016  15     4     1          1.63        3.33        4.97          0.55
 951016  16     4     2          2.93       11.27       12.73          0.33
 951016  17     5     2          2.17       14.38       16.55          0.63
 951016  18     6     3          3.48        8.03       11.52          0.88
 951016  19    10     3          4.03       21.67       24.48          1.37
 951016  20    14     4          5.42       13.13       18.55          1.48
 951016  21     3     2          1.83       12.23       14.07          0.60
 951016  22     3     2          2.57        6.88        9.45          0.68
 951016  23     0     0          0.00        0.00        0.00          0.00
 951016  24     1     1          0.37        0.95        1.32          0.25
1
 
                   MAX
            TOTAL  SIM                MAXIMUM CPS                   CONNECT
 DATE  HOUR USERS USERS            IN         OUT       TOTAL         HOURS
 
 
 951017   1     1     1          0.90        3.32        4.22          0.13
 951017   2     0     0          0.00        0.00        0.00          0.00
 951017   3     2     2          2.47       12.00       14.47          0.53
 951017   4     0     0          0.00        0.00        0.00          0.00
 951017   5     0     0          0.00        0.00        0.00          0.00
 951017   6     0     0          0.00        0.00        0.00          0.00
 951017   7     0     0          0.00        0.00        0.00          0.00
 951017   8     0     0          0.00        0.00        0.00          0.00
 951017   9     0     0          0.00        0.00        0.00          0.00
 951017  10     0     0          0.00        0.00        0.00          0.00
 951017  11     0     0          0.00        0.00        0.00          0.00
 951017  12     5     3          3.80       15.53       19.33          0.37
 951017  13     8     3          4.43       29.22       33.65          1.07
 951017  14     4     1          1.08        4.57        5.65          0.38
 951017  15    12     4          4.60       23.90       27.72          1.08
 951017  16     8     4          3.42        8.20       11.62          1.58
 951017  17     0     0          0.00        0.00        0.00          0.00
 951017  18     1     1          0.25        0.45        0.70          0.10
 951017  19    14     4          6.90       15.25       22.15          1.83
 951017  20     7     2          1.67        6.87        8.53          0.85
 951017  21    11     3          3.77       14.18       16.30          1.53
 951017  22     0     0          0.00        0.00        0.00          0.00
 951017  23     0     0          0.00        0.00        0.00          0.00
 951017  24     2     1          1.12        2.68        3.80          0.10
1
 
                   MAX
            TOTAL  SIM                MAXIMUM CPS                   CONNECT
 DATE  HOUR USERS USERS            IN         OUT       TOTAL         HOURS
 
 
 951018   1     0     0          0.00        0.00        0.00          0.00
 951018   2     3     1          2.28       13.25       15.53          0.18
 951018   3     0     0          0.00        0.00        0.00          0.00
 951018   4     0     0          0.00        0.00        0.00          0.00
 951018   5     0     0          0.00        0.00        0.00          0.00
 951018   6     0     0          0.00        0.00        0.00          0.00
 951018   7     0     0          0.00        0.00        0.00          0.00
 951018   8     0     0          0.00        0.00        0.00          0.00
 951018   9     0     0          0.00        0.00        0.00          0.00
 951018  10     0     0          0.00        0.00        0.00          0.00
 951018  11     0     0          0.00        0.00        0.00          0.00
 951018  12     3     2          1.33        8.02        9.35          0.38
 951018  13     7     2          4.83       12.12       14.78          0.77
 951018  14     4     2          2.10       12.20       14.30          1.17
 951018  15     8     4          2.88       12.17       15.05          1.98
 951018  16     5     3          2.05        6.85        8.90          1.40
 951018  17     5     2          2.43        6.52        8.95          1.60
 951018  18     2     1          0.92        2.47        3.38          0.55
 951018  19     3     2          2.78       17.17       19.95          0.60
 951018  20     0     0          0.00        0.00        0.00          0.00
 951018  21     2     2          5.23       15.70       20.93          0.13
 951018  22     0     0          0.00        0.00        0.00          0.00
 951018  23     1     1          0.72        1.00        1.72          0.02
 951018  24     0     0          0.00        0.00        0.00          0.00
1
 
                   MAX
            TOTAL  SIM                MAXIMUM CPS                   CONNECT
 DATE  HOUR USERS USERS            IN         OUT       TOTAL         HOURS
 
 
 951019   1     0     0          0.00        0.00        0.00          0.00
 951019   2     2     1          1.72        7.57        9.28          0.23
 951019   3     1     1          0.73        1.72        2.45          1.00
 951019   4     0     0          0.00        0.00        0.00          0.00
 951019   5     0     0          0.00        0.00        0.00          0.00
 951019   6     0     0          0.00        0.00        0.00          0.00
 951019   7     0     0          0.00        0.00        0.00          0.00
 951019   8     0     0          0.00        0.00        0.00          0.00
 951019   9     0     0          0.00        0.00        0.00          0.00
 951019  10     0     0          0.00        0.00        0.00          0.00
 951019  11     0     0          0.00        0.00        0.00          0.00
 951019  12     0     0          0.00        0.00        0.00          0.00
 951019  13     0     0          0.00        0.00        0.00          0.00
 951019  14     6     4          5.98       25.87       31.85          1.22
 951019  15     6     3          4.07       11.02       15.08          1.82
 951019  16    11     4          4.28       13.88       18.17          2.12
 951019  17     4     1          2.00        4.68        6.68          0.57
 951019  18    10     4          2.78        9.07       11.85          2.12
 951019  19    12     4          4.15       12.47       16.62          1.47
 951019  20     5     2          2.27        4.17        6.43          1.17
 951019  21     5     1          1.08        3.65        4.73          0.88
 951019  22     7     2          4.82        8.28       11.43          0.53
 951019  23     2     1          1.85        4.18        6.03          0.17
 951019  24     2     1          1.72        5.58        7.30          0.58
1
 
                   MAX
            TOTAL  SIM                MAXIMUM CPS                   CONNECT
 DATE  HOUR USERS USERS            IN         OUT       TOTAL         HOURS
 
 
 951020   1     1     1          1.08        4.28        5.37          0.27
 951020   2     1     1          1.22        4.03        5.25          0.70
 951020   3     0     0          0.00        0.00        0.00          0.00
 951020   4     0     0          0.00        0.00        0.00          0.00
 951020   5     0     0          0.00        0.00        0.00          0.00
 951020   6     0     0          0.00        0.00        0.00          0.00
 951020   7     0     0          0.00        0.00        0.00          0.00
 951020   8     0     0          0.00        0.00        0.00          0.00
 951020   9     0     0          0.00        0.00        0.00          0.00
 951020  10     0     0          0.00        0.00        0.00          0.00
 951020  11     1     1          1.75        5.30        7.05          0.05
 951020  12     4     2          4.75       40.67       45.42          0.25
 951020  13    10     3          3.95       29.53       32.95          2.03
 951020  14     7     3          4.37       11.62       15.98          1.00
 951020  15     6     3          3.25       10.55       13.80          1.93
 951020  16     9     5          2.78        9.13       11.92          1.32
 951020  17    12     4          3.37       12.43       15.80          1.43
 951020  18     6     2          1.27        6.40        7.67          1.67
 951020  19     6     2          5.07        6.40       11.13          1.47
 951020  20     0     0          0.00        0.00        0.00          0.00
 951020  21     0     0          0.00        0.00        0.00          0.00
 951020  22     0     0          0.00        0.00        0.00          0.00
 951020  23     3     2          1.75        5.77        7.52          0.88
 951020  24     0     0          0.00        0.00        0.00          0.00
1     MAXIMUM OF MAXIMUM SIMULTANEOUS USERS
 
 
                   MAX
            TOTAL  SIM                MAXIMUM CPS                   CONNECT
 DATE  HOUR USERS USERS            IN         OUT       TOTAL         HOURS
 
 951020  16     9     5          2.78        9.13       11.92          1.32
 
 
     MAXIMUM OF CONNECT HOURS
 
 
                   MAX
            TOTAL  SIM                MAXIMUM CPS                   CONNECT
 DATE  HOUR USERS USERS            IN         OUT       TOTAL         HOURS
 
 951019  16    11     4          4.28       13.88       18.17          2.12
1
  