1
 
                   MAX
            TOTAL  SIM                MAXIMUM CPS                   CONNECT
 DATE  HOUR USERS USERS            IN         OUT       TOTAL         HOURS
 
 
 951016   1     0     0          0.00        0.00        0.00          0.00
 951016   2     0     0          0.00        0.00        0.00          0.00
 951016   3     0     0          0.00        0.00        0.00          0.00
 951016   4     0     0          0.00        0.00        0.00          0.00
 951016   5     0     0          0.00        0.00        0.00          0.00
 951016   6     0     0          0.00        0.00        0.00          0.00
 951016   7     0     0          0.00        0.00        0.00          0.00
 951016   8     0     0          0.00        0.00        0.00          0.00
 951016   9     0     0          0.00        0.00        0.00          0.00
 951016  10     0     0          0.00        0.00        0.00          0.00
 951016  11     0     0          0.00        0.00        0.00          0.00
 951016  12     4     2          8.20       93.15      101.35          0.37
 951016  13     6     4         10.17      129.70      139.87          0.77
 951016  14     6     4         13.95      185.82      199.77          0.67
 951016  15    10     6          5.22       48.52       52.73          1.77
 951016  16    50    13         29.05      460.32      489.37          7.72
 951016  17    16     8         13.57      224.02      237.58          5.57
 951016  18    22    12         16.53      327.40      343.77          6.02
 951016  19    26     8         29.13      350.90      380.03          3.55
 951016  20    40    14         15.52      306.65      318.23          8.40
 951016  21    55    14         27.90      366.22      387.42         10.02
 951016  22    24     8          8.62      217.30      224.28          6.02
 951016  23    14     6          8.35      119.58      127.02          2.23
 951016  24     6     4          3.60      103.47      107.07          2.57
1
 
                   MAX
            TOTAL  SIM                MAXIMUM CPS                   CONNECT
 DATE  HOUR USERS USERS            IN         OUT       TOTAL         HOURS
 
 
 951017   1    10     6          4.92      168.47      173.38          3.95
 951017   2    16     8          5.07      110.90      114.43          4.93
 951017   3    14    10         13.37      176.53      184.15          6.07
 951017   4     4     4          4.25       63.95       68.20          1.97
 951017   5     0     0          0.00        0.00        0.00          0.00
 951017   6     0     0          0.00        0.00        0.00          0.00
 951017   7     0     0          0.00        0.00        0.00          0.00
 951017   8     0     0          0.00        0.00        0.00          0.00
 951017   9     0     0          0.00        0.00        0.00          0.00
 951017  10     0     0          0.00        0.00        0.00          0.00
 951017  11     0     0          0.00        0.00        0.00          0.00
 951017  12     2     2          9.13      133.15      142.28          0.10
 951017  13     2     2          2.25       90.18       92.43          0.03
 951017  14     8     6         12.80      187.15      199.95          2.88
 951017  15    24    10         17.62      218.08      235.70          5.50
 951017  16    22    14         26.25      385.52      411.77          6.87
 951017  17     4     4          1.95       45.65       47.60          2.10
 951017  18    28    12         16.68      292.83      305.78          5.38
 951017  19    54    18         32.33      338.37      366.65         13.32
 951017  20    44    20         28.77      328.88      357.65         11.15
 951017  21    40    16         33.62      363.53      389.82         12.27
 951017  22    44    16         12.93      256.77      269.70         10.03
 951017  23    20     6          5.93      230.53      236.47          2.50
 951017  24    16     8          7.20      173.93      181.13          5.88
1
 
                   MAX
            TOTAL  SIM                MAXIMUM CPS                   CONNECT
 DATE  HOUR USERS USERS            IN         OUT       TOTAL         HOURS
 
 
 951018   1    18    12          7.75      191.43      199.18          7.73
 951018   2    10    10          5.18      186.07      191.25          4.27
 951018   3     8     2          5.02       89.23       91.40          1.08
 951018   4     4     2          0.63       29.30       29.93          1.03
 951018   5     2     2          1.92      154.83      156.75          0.47
 951018   6     0     0          0.00        0.00        0.00          0.00
 951018   7     0     0          0.00        0.00        0.00          0.00
 951018   8     0     0          0.00        0.00        0.00          0.00
 951018   9     0     0          0.00        0.00        0.00          0.00
 951018  10     0     0          0.00        0.00        0.00          0.00
 951018  11     0     0          0.00        0.00        0.00          0.00
 951018  12     2     2          0.50       12.03       12.53          0.40
 951018  13     6     4         17.42      160.85      170.48          2.13
 951018  14     6     4          7.77      184.58      192.35          0.77
 951018  15    12     6         14.63      173.65      188.28          2.67
 951018  16    28    10         19.87      365.47      385.33          7.43
 951018  17    32    14         35.73      492.82      528.55          9.03
 951018  18    40    14         21.67      332.45      354.12          9.63
 951018  19    34    16         23.90      422.90      446.80         10.20
 951018  20    56    22         29.00      526.07      554.42         13.48
 951018  21     6     6          8.78      170.82      179.60          2.23
 951018  22     0     0          0.00        0.00        0.00          0.00
 951018  23    18     8         11.17      336.15      347.32          3.67
 951018  24    14     8          4.10       93.62       97.72          5.60
1
 
                   MAX
            TOTAL  SIM                MAXIMUM CPS                   CONNECT
 DATE  HOUR USERS USERS            IN         OUT       TOTAL         HOURS
 
 
 951019   1    22    10          9.92      179.85      189.77          6.12
 951019   2    12     6          3.33      110.15      112.67          2.90
 951019   3    16     4          6.77      194.00      200.77          1.77
 951019   4     4     4          3.77      125.95      129.72          0.07
 951019   5     0     0          0.00        0.00        0.00          0.00
 951019   6     0     0          0.00        0.00        0.00          0.00
 951019   7     0     0          0.00        0.00        0.00          0.00
 951019   8     0     0          0.00        0.00        0.00          0.00
 951019   9     0     0          0.00        0.00        0.00          0.00
 951019  10     0     0          0.00        0.00        0.00          0.00
 951019  11     0     0          0.00        0.00        0.00          0.00
 951019  12     0     0          0.00        0.00        0.00          0.00
 951019  13     0     0          0.00        0.00        0.00          0.00
 951019  14     8     4          5.18       81.82       84.12          1.47
 951019  15    20    10         23.08      317.27      340.35          6.83
 951019  16    44    18         39.20      569.43      608.63          8.30
 951019  17    39    17         37.15      498.37      535.52         10.20
 951019  18    32    10         27.27      405.90      433.17          7.00
 951019  19    54    20         23.22      355.18      378.40         11.73
 951019  20    48    22         34.88      436.90      471.78         15.42
 951019  21    32    14         16.53      274.85      291.38          8.90
 951019  22    28    10         15.95      235.87      245.90          6.92
 951019  23    22    10         13.58      249.10      262.68          5.73
 951019  24    31     8         10.28      257.83      268.12          4.68
1
 
                   MAX
            TOTAL  SIM                MAXIMUM CPS                   CONNECT
 DATE  HOUR USERS USERS            IN         OUT       TOTAL         HOURS
 
 
 951020   1    14     8         11.20       99.78      110.98          6.53
 951020   2    16     8          8.18      148.48      156.67          5.07
 951020   3    12     4          3.77      109.50      112.08          2.92
 951020   4     6     4          1.87      108.25      110.12          1.15
 951020   5     0     0          0.00        0.00        0.00          0.00
 951020   6     0     0          0.00        0.00        0.00          0.00
 951020   7     0     0          0.00        0.00        0.00          0.00
 951020   8     0     0          0.00        0.00        0.00          0.00
 951020   9     0     0          0.00        0.00        0.00          0.00
 951020  10     0     0          0.00        0.00        0.00          0.00
 951020  11     0     0          0.00        0.00        0.00          0.00
 951020  12     2     2          2.23      128.65      130.88          0.10
 951020  13     6     4         12.05      172.27      184.32          1.90
 951020  14     8     4         13.70      205.50      219.20          0.90
 951020  15     8     6         17.90      224.03      241.93          3.00
 951020  16    37    15         35.37      429.43      464.80          5.68
 951020  17    55    21         37.82      490.73      528.55          8.77
 951020  18    81    38         70.83      880.67      951.50         26.62
 951020  19    66    30         39.10      523.30      555.87         23.73
 951020  20    12    12          3.87       52.60       56.47          5.67
 951020  21     4     4          0.40       10.73       11.13          4.00
 951020  22     6     4          5.27       50.35       55.62          1.53
 951020  23    26     8         27.02      252.97      279.98          4.12
 951020  24    16     8          8.27      240.22      248.48          2.77
1     MAXIMUM OF MAXIMUM SIMULTANEOUS USERS
 
 
                   MAX
            TOTAL  SIM                MAXIMUM CPS                   CONNECT
 DATE  HOUR USERS USERS            IN         OUT       TOTAL         HOURS
 
 951020  18    81    38         70.83      880.67      951.50         26.62
 
 
     MAXIMUM OF CONNECT HOURS
 
 
                   MAX
            TOTAL  SIM                MAXIMUM CPS                   CONNECT
 DATE  HOUR USERS USERS            IN         OUT       TOTAL         HOURS
 
 951020  18    81    38         70.83      880.67      951.50         26.62
1
  