1
 
                   MAX
            TOTAL  SIM                MAXIMUM CPS                   CONNECT
 DATE  HOUR USERS USERS            IN         OUT       TOTAL         HOURS
 
 
 951016   1     0     0          0.00        0.00        0.00          0.00
 951016   2     0     0          0.00        0.00        0.00          0.00
 951016   3     0     0          0.00        0.00        0.00          0.00
 951016   4     0     0          0.00        0.00        0.00          0.00
 951016   5     0     0          0.00        0.00        0.00          0.00
 951016   6     0     0          0.00        0.00        0.00          0.00
 951016   7     0     0          0.00        0.00        0.00          0.00
 951016   8     0     0          0.00        0.00        0.00          0.00
 951016   9     1     1          1.80        1.10        2.90          0.02
 951016  10     0     0          0.00        0.00        0.00          0.00
 951016  11     0     0          0.00        0.00        0.00          0.00
 951016  12     2     1          7.60       53.72       61.32          0.18
 951016  13     3     2          9.50       75.83       85.33          0.38
 951016  14     3     2         13.53      113.72      127.25          0.33
 951016  15     5     3          3.48       27.28       29.65          0.88
 951016  16    25     6         26.98      252.17      279.15          3.82
 951016  17     8     4         13.07      131.52      144.58          2.78
 951016  18    11     6         14.03      185.28      199.32          3.00
 951016  19    13     4         28.13      206.97      235.10          1.77
 951016  20    20     7         14.65      163.70      173.18          4.20
 951016  21    27     7         26.68      196.87      214.98          5.00
 951016  22    12     4          6.88      113.85      120.42          3.00
 951016  23     7     3          6.73       58.68       64.22          1.12
 951016  24     3     2          2.62       47.88       50.50          1.28
1
 
                   MAX
            TOTAL  SIM                MAXIMUM CPS                   CONNECT
 DATE  HOUR USERS USERS            IN         OUT       TOTAL         HOURS
 
 
 951017   1     5     3          3.63       84.43       88.07          1.97
 951017   2     8     4          3.32       53.90       56.53          2.45
 951017   3     7     5         11.38       90.57      101.95          3.03
 951017   4     2     2          2.77       28.92       31.68          0.98
 951017   5     0     0          0.00        0.00        0.00          0.00
 951017   6     0     0          0.00        0.00        0.00          0.00
 951017   7     0     0          0.00        0.00        0.00          0.00
 951017   8     0     0          0.00        0.00        0.00          0.00
 951017   9     0     0          0.00        0.00        0.00          0.00
 951017  10     0     0          0.00        0.00        0.00          0.00
 951017  11     0     0          0.00        0.00        0.00          0.00
 951017  12     1     1          7.43       61.52       68.95          0.05
 951017  13     1     1          1.92       59.70       61.62          0.02
 951017  14     4     3         10.98      107.72      118.70          1.43
 951017  15    12     5         15.52      122.50      138.02          2.73
 951017  16    11     7         24.53      218.15      242.68          3.43
 951017  17     2     2          1.70       27.20       28.90          1.05
 951017  18    14     6         14.80      167.53      182.00          2.68
 951017  19    27     9         29.18      194.33      217.17          6.65
 951017  20    22    10         27.83      181.87      209.70          5.57
 951017  21    20     8         31.00      203.58      228.45          6.13
 951017  22    22     8         11.58      140.97      152.55          5.00
 951017  23    10     3          5.02      108.78      113.80          1.25
 951017  24     8     4          5.50       82.20       86.63          2.93
1
 
                   MAX
            TOTAL  SIM                MAXIMUM CPS                   CONNECT
 DATE  HOUR USERS USERS            IN         OUT       TOTAL         HOURS
 
 
 951018   1     9     6          4.82       86.13       90.95          3.87
 951018   2     5     5          3.73       96.43      100.17          2.13
 951018   3     4     1          3.87       42.67       44.45          0.53
 951018   4     2     1          0.47       13.85       14.32          0.52
 951018   5     1     1          1.60       84.92       86.52          0.23
 951018   6     0     0          0.00        0.00        0.00          0.00
 951018   7     0     0          0.00        0.00        0.00          0.00
 951018   8     1     1          1.80        1.10        2.90          0.03
 951018   9     0     0          0.00        0.00        0.00          0.00
 951018  10     0     0          0.00        0.00        0.00          0.00
 951018  11     0     0          0.00        0.00        0.00          0.00
 951018  12     1     1          0.48        6.42        6.90          0.20
 951018  13     3     2         17.23       99.33      108.48          1.07
 951018  14     3     2          6.52       89.95       96.47          0.38
 951018  15     6     3         14.35      102.63      116.98          1.33
 951018  16    14     5         18.00      183.35      196.58          3.72
 951018  17    16     7         34.52      285.08      319.60          4.52
 951018  18    20     7         19.28      185.97      203.68          4.80
 951018  19    17     8         22.02      242.95      264.97          5.10
 951018  20    28    11         24.67      276.85      299.58          6.73
 951018  21     3     3          6.13       80.30       86.43          1.12
 951018  22     0     0          0.00        0.00        0.00          0.00
 951018  23     9     4          9.75      169.12      178.87          1.83
 951018  24     7     4          3.17       46.05       49.22          2.80
1
 
                   MAX
            TOTAL  SIM                MAXIMUM CPS                   CONNECT
 DATE  HOUR USERS USERS            IN         OUT       TOTAL         HOURS
 
 
 951019   1    11     5          4.82       77.62       81.55          3.05
 951019   2     6     3          2.65       51.52       53.50          1.45
 951019   3     8     2          5.38       91.48       96.87          0.88
 951019   4     2     2          2.78       65.05       67.83          0.03
 951019   5     0     0          0.00        0.00        0.00          0.00
 951019   6     0     0          0.00        0.00        0.00          0.00
 951019   7     0     0          0.00        0.00        0.00          0.00
 951019   8     0     0          0.00        0.00        0.00          0.00
 951019   9     0     0          0.00        0.00        0.00          0.00
 951019  10     0     0          0.00        0.00        0.00          0.00
 951019  11     0     0          0.00        0.00        0.00          0.00
 951019  12     0     0          0.00        0.00        0.00          0.00
 951019  13     0     0          0.00        0.00        0.00          0.00
 951019  14     4     2          4.63       49.08       51.08          0.73
 951019  15    10     5         21.67      189.33      211.00          3.42
 951019  16    22     9         34.97      350.33      385.30          4.30
 951019  17    19     9         35.43      303.72      339.15          5.37
 951019  18    16     5         26.00      233.12      259.12          3.50
 951019  19    27    10         20.70      203.68      224.38          5.87
 951019  20    24    11         30.52      251.22      281.73          7.70
 951019  21    16     7         11.05      192.67      203.72          4.43
 951019  22    14     5         13.15      124.58      134.03          3.45
 951019  23    11     5         10.07      127.22      137.28          2.85
 951019  24    15     4          9.18      144.43      153.62          2.33
1
 
                   MAX
            TOTAL  SIM                MAXIMUM CPS                   CONNECT
 DATE  HOUR USERS USERS            IN         OUT       TOTAL         HOURS
 
 
 951020   1     7     4          6.30       42.55       48.85          3.25
 951020   2     8     4          7.38       83.15       90.53          2.53
 951020   3     6     2          2.98       50.33       52.42          1.40
 951020   4     3     2          1.57       64.18       65.75          0.57
 951020   5     0     0          0.00        0.00        0.00          0.00
 951020   6     0     0          0.00        0.00        0.00          0.00
 951020   7     0     0          0.00        0.00        0.00          0.00
 951020   8     0     0          0.00        0.00        0.00          0.00
 951020   9     0     0          0.00        0.00        0.00          0.00
 951020  10     0     0          0.00        0.00        0.00          0.00
 951020  11     0     0          0.00        0.00        0.00          0.00
 951020  12     1     1          1.95       63.45       65.40          0.05
 951020  13     3     2         11.65       94.67      106.32          0.95
 951020  14     4     2         13.18      117.50      130.68          0.45
 951020  15     4     3         17.25      129.63      146.88          1.50
 951020  16    19     8         32.50      243.13      275.63          3.22
 951020  17    28    11         33.08      283.53      316.62          4.88
 951020  18    43    20         64.00      512.70      576.70         14.05
 951020  19    34    16         36.37      281.57      317.93         12.63
 951020  20     6     6          2.97       28.60       31.57          2.83
 951020  21     2     2          0.30        5.07        5.37          2.00
 951020  22     3     2          4.00       27.13       31.13          0.77
 951020  23    13     4         17.27      133.78      147.57          2.03
 951020  24     8     4          4.93      112.60      117.53          1.37
1     MAXIMUM OF MAXIMUM SIMULTANEOUS USERS
 
 
                   MAX
            TOTAL  SIM                MAXIMUM CPS                   CONNECT
 DATE  HOUR USERS USERS            IN         OUT       TOTAL         HOURS
 
 951020  18    43    20         64.00      512.70      576.70         14.05
 
 
     MAXIMUM OF CONNECT HOURS
 
 
                   MAX
            TOTAL  SIM                MAXIMUM CPS                   CONNECT
 DATE  HOUR USERS USERS            IN         OUT       TOTAL         HOURS
 
 951020  18    43    20         64.00      512.70      576.70         14.05
1
  