!:LOGFILE SZRPT.LOG
:DEFINE $SUBSTITUTION=$TRUE
RUN (XEXEC)MINIT

!PJOB	;Monday
Frame 13  TTY201  JMS[3,431116] at F38

!SYS G

TYMSHARE F38-P035/E01-1 7-18-91 up 95:23:45! at  0:45:10 on Mon Feb 26,1996
Null time = 95:10:36, Idle = 99% (Idle time per MIN. = 100%)
16 jobs in use out of 116.  14 detached

Users=16 Det=14 [5,5], Queues: RUN=1 DIO=0 TIO=9 IO=0 SPC=6
8190 Physical pages available (MONITOR = 490P, User Area = 7700P)
Virt. memory used (TPU/TPA): 486/7700 = 6%

DSKB: 325862 Pages free, 16 users

!ASSIGN DSK TTY	;Put GAN 3 listing in DSK:SZRPT.LST
DSK assigned

!R SZRPT
Inhouse separated? (Y,N,I,O,2) Y
Sort by? NUMACCOUNT
Working...
ACCOUNT NUMBER? 3

!DEASSIGN	;Listing back to TTY

!R SZRPT
Inhouse separated? (Y,N,I,O,2) 6
Sort by? SIZE
Working...
26-FEB-1996	0:45

TOTAL PAGES 1716987  FILES 23744

  INHOUSE	QUOTA		  OVER		OUTHOUSE

1706105   21966                          10882   1778

 69 1194149 1059 1200000 NETSTAT          48   5255  767   6000 NOVAFIELD
 74  81424 1593 100000 SYS                58   1163  133   5000 MSL
 79  75484  328 120000 NEEDLEDATA         68   1019  265   1250 EODA
 80  26567  682  37000 MSNTRACK           76    938  173   1250 NEATECH
 82  24688  675  50000 SYSDAT             83    739   24   1000 HQTECH.TIP
 83  22483  121  25000 NTRACKDATA         89    627  168    642 LASALES
 84  19812  212  50000 UN1                93    455   90    312#TOOL3 143
 85  17676   71 100000 CTSFORD            95    232   62  20000 BOXT
 86  14897  994  25000 M33                97    206   36  25000 ANALYSIS
 87  13168  816 200000 CARL               98     65   10    100 JMAGNAN
 88  12489 1656  20000 LINK10             98     38   13    312 TCOLWELL
 88  12135  530  20000 PERSTATS           98     33    1     50 DBMAN
 89   9213  118 250000 TYMNET             99     33   14    312 ARTMILLER
 89   9010 1176  25000 WRS                99     28   10    100 INFORMATION
 90   9009   35  75000 SPOOL              99     25    2   1250 ACAISSE
 90   8984  127  10000 SULLIVAN           99     14    5   1250 MSINFORM
 91   8605  831  10000 MPL                99      8    3    312 LREYNOLDS
 91   8001  508  58000 JMS                99      2    1   7000 DECNET
 92   7731  598  15000 NTS               100      2    1   1000 DTROL
 92   7690  236  50000 TKOCHMANN         100      0    0 125000 SPOOLING
 93   7221  812  25000 UPL               100      0    0  25000 PRODNET
 93   6548  485  25000 NETENG            100      0    0     50 RMKRUL
 93   6112   56  14500 SRA
 94   5356  243  20000 OPER
 94   5286  128 150000 FOROTSQA
 94   5260   93   6500 DNDSPEC
 95   4848   43 250000 FCANNING
 95   4503   28   7500 FTMAGNUM
 95   4409   28   5000 XMAGNUM
 95   3818   30  12500 MAGNUM
 96   3783  298   5000 SPL
 96   3577  166  25000 OSMAN
 96   3282  592 250000 BILLING10
 96   3176  806  10000 SUBMIT
 96   3033  366  25000 ACTRTY
 97   2935    4   5000 HOLD
 97   2797  155   5000 MSS
 97   2610  123  50000 FTSYS
 97   2457  474   2531 CTS
 97   2369  240 250000 UAS
 97   2325  635   5000 WATECH
 97   2259  226  25000 UTIL
 98   2074   15  20000 OSP
 98   2032   52   2500 CRABBS
 98   1813  284   2000 SDSPROGS
 98   1744   91   5000 MNICHOLS
 98   1734   77  25000 *1BATCH
 98   1565  146  20000 NTRACKPROGS
 98   1535  235   2000 CAROTHERS
 98   1506  241   2000 JJOELS
 98   1473   75   2500 *6NEWS
 98   1259  154   1250#SPPOPER   9
 99   1251  249   1250#SAILIB    1
 99   1188   84   1250 OSU
 99   1128  203   5000 XEXEC
 99   1025  158  25000 UFD
 99    971   42  25000 MAIL
 99    854  115   1250 PEAK
 99    789   34 100000 FOROTS
 99    768   35   1250 TBATLIB

!R QUOLST
Disk quotas (number of pages available) for [3,431116]
Str	 FCFS	LOGOUT	 used	left:(in) (out)	 (sys)
-----	------	------	------	------	------	------
DSKB:	 58000	 58000	  8003	 49997	 49997	325873    (JMS)

!TYPE SZRPT.LST

26-FEB-1996	0:45

TOTAL PAGES 92638  FILES 8318

  INHOUSE	QUOTA		  OVER		OUTHOUSE

92638   8318                             0   0

 16  14897  994  25000 M33
 30  13168  816 200000 CARL
 43  12489 1656  20000 LINK10
 53   9010 1176  25000 WRS
 62   8605  831  10000 MPL
 71   8001  508  58000 JMS
 77   5286  128 150000 FOROTSQA
 81   3783  298   5000 SPL
 85   3577  166  25000 OSMAN
 88   3176  806  10000 SUBMIT
 90   2074   15  20000 OSP
 92   1259  154   1250#SPPOPER   9
 93   1251  249   1250#SAILIB    1
 94   1188   84   1250 OSU
 95   1128  203   5000 XEXEC
 97    971   42  25000 MAIL
 97    854  115   1250 PEAK
 98    789   34 100000 FOROTS
 99    746   32 100000 SPPARCH
100    386   11  34464 YEUX


EXIT

!COPY SZRPT.LOG,SZRPT.Monday

!;SZRPT.LST=GAN:3, SZRPT.LOG=ALL
!DIRECT SZRPT.*

SZRPT   MON       3  26-FEB-96   47    ALL RD  NO      1024          
SZRPT   LST       2  26-FEB-96   45    ALL RD  NO       149          
SZRPT   LOG       1  26-FEB-96   45    ALL RD  NO      1024          
SZRPT   SUN       3  25-FEB-96   47    ALL RD  NO      1024          
SZRPT   SAT       3  24-FEB-96   47    ALL RD  NO      1024          
SZRPT   FRI       3  23-FEB-96   47    ALL RD  NO      1024          
SZRPT   THU       3  22-FEB-96  139    ALL RD  NO      1024          
SZRPT   WED       3  21-FEB-96   47    ALL RD  NO      1024          
SZRPT   TUE       3  20-FEB-96   47    ALL RD  NO      1024          
SZRPT   CTL       2   9-NOV-91 2242    ALL RD  NO        87          
SZRPT   ALL       3  14-DEC-89 2028    ALL RD  NO       970          
SZRPT   SRT       8  27-NOV-89 1752    ALL RD  NO      3463          
SZRPT   SS        6  10-APR-89 1236    ALL RD  NO      2196          
SZRPT   024       2  24-JAN-89 1507    ALL RD  NO       271          
SZRPT   XXX       7  24-JAN-89 1458    ALL RD  NO      2958          
SZRPT   YYY       7  24-JAN-89 1458    ALL RD  NO      2958          
SZRPT   D55       2   5-JAN-89 1137    ALL RD  NO       377          

!SENDMAIL PDP10STATS@TARDIS
Type letter:
SZRPT report
:SEND CHAR 2
File name: SZRPT.LOG
:SEND CHAR 4

End of SAIL execution
!;FINDIT *.TMP/NOCHECK
!LOGOUT
[inferiors will be disowned]
57.78 tru
terminal time: 0:03:46

; Req #45474 completed
