

**************************************************

                   SESS   TRAN   TOTAL
                   -------------------
NOR BAND 0 870908  1667   3593    5260
NOR BAND 0 870909  1415   5713    7128
NOR BAND 0 870910  1420   5659    7079
NOR BAND 0 870911  1350   5430    6780
NOR BAND 0 870912   367   7940    8307
NOR BAND 0 870913   178   8102    8280
NOR BAND 0 870914  1570   2753    4323
NOR BAND 0 870915  2163   5170    7333
NOR BAND 0 870916  1448   5177    6625
NOR BAND 0 870917  1507   5535    7042

TOTALS            13085  55072   68157


**************************************************

                   SESS   TRAN   TOTAL
                   -------------------
NOR BAND 1 870908  3245  22283   25528
NOR BAND 1 870909  3171  21921   25092
NOR BAND 1 870910  3073   9588   12661
NOR BAND 1 870911  3212  14411   17623
NOR BAND 1 870912  1338  23432   24770
NOR BAND 1 870913   833  17039   17872
NOR BAND 1 870914  3078  12180   15258
NOR BAND 1 870915  4438  13478   17916
NOR BAND 1 870916  2962  13603   16565
NOR BAND 1 870917  3090  13892   16982

TOTALS            28440 161827  190267


**************************************************

                   SESS   TRAN   TOTAL
                   -------------------
NOR BAND 2 870908  3355  18265   21620
NOR BAND 2 870909  3415  17516   20931
NOR BAND 2 870910  3242  16859   20101
NOR BAND 2 870911  3035  16019   19054
NOR BAND 2 870912   722  24383   25105
NOR BAND 2 870913   332  18611   18943
NOR BAND 2 870914  3396  11869   15265
NOR BAND 2 870915  4695  15659   20354
NOR BAND 2 870916  3161  15045   18206
NOR BAND 2 870917  3383  15654   19037

TOTALS            28736 169880  198616


**************************************************

                   SESS   TRAN   TOTAL
                   -------------------
NOR BAND 5 870908  2055  18288   20343
NOR BAND 5 870909  2120  16733   18853
NOR BAND 5 870910  2082  19119   21201
NOR BAND 5 870911  2010  17217   19227
NOR BAND 5 870912  1296  20585   21881
NOR BAND 5 870913   745  23066   23811
NOR BAND 5 870914  1753  16395   18148
NOR BAND 5 870915  2614  17867   20481
NOR BAND 5 870916  2160  18044   20204
NOR BAND 5 870917  2079  18281   20360

TOTALS            18914 185595  204509
