

**************************************************

                   SESS   TRAN   TOTAL
                   -------------------
SFO BAND 4 870908 11044  19254   30298
SFO BAND 4 870909 10587  80229   90816
SFO BAND 4 870910 10615  39075   49690
SFO BAND 4 870911 10692  19078   29770
SFO BAND 4 870912  3807  14630   18437
SFO BAND 4 870913  1826  79225   81051
SFO BAND 4 870914  9632  13259   22891
SFO BAND 4 870915 13759  42301   56060
SFO BAND 4 870916 10199  38742   48941
SFO BAND 4 870917 10155  16090   26245

TOTALS            92316 361883  454199


**************************************************

                   SESS   TRAN   TOTAL
                   -------------------
SFO BAND 5 870908  3021  11852   14873
SFO BAND 5 870909  3156  18295   21451
SFO BAND 5 870910  3113   7155   10268
SFO BAND 5 870911  3215  20417   23632
SFO BAND 5 870912  1115  15980   17095
SFO BAND 5 870913   696  10634   11330
SFO BAND 5 870914  3360  11448   14808
SFO BAND 5 870915  5026  11116   16142
SFO BAND 5 870916  2973  12706   15679
SFO BAND 5 870917  2984  11946   14930

TOTALS            28659 131549  160208
