NO MATCH IN RBOC89 FOR:              
NO MATCH IN RBOC89 FOR:              
NO MATCH IN RBOC89 FOR:              
NO MATCH IN RBOC89 FOR:              
NO MATCH IN RBOC89 FOR:              
NO MATCH IN RBOC89 FOR:              
NO MATCH IN RBOC89 FOR:              
NO MATCH IN RBOC89 FOR:              
NO MATCH IN RBOC89 FOR:              
NO MATCH IN RBOC89 FOR:              
NO MATCH IN RBOC89 FOR:              
NO MATCH IN RBOC89 FOR: JASPER     AL
NO MATCH IN RBOC89 FOR: HOTSPRINGS AR
NO MATCH IN RBOC89 FOR: PINE BLUFF AR
NO MATCH IN RBOC89 FOR: RUSSELLVL  AR
NO MATCH IN RBOC89 FOR: FTDEFIANCE AZ
NO MATCH IN RBOC89 FOR: GRANDCNYON AZ
NO MATCH IN RBOC89 FOR: NO PHOENIX AZ
NO MATCH IN RBOC89 FOR: NO PHOENIX AZ
NO MATCH IN RBOC89 FOR: WINDOWROCK AZ
NO MATCH IN RBOC89 FOR: ALHAMBRA   CA
NO MATCH IN RBOC89 FOR: ALHAMBRA   CA
NO MATCH IN RBOC89 FOR: BAKERSFLD  CA
NO MATCH IN RBOC89 FOR: CANOGAPARK CA
NO MATCH IN RBOC89 FOR: CHULAVISTA CA
NO MATCH IN RBOC89 FOR: CONCORD    CA
NO MATCH IN RBOC89 FOR: DANVILLE   CA
NO MATCH IN RBOC89 FOR: FAIRFLSSUN CA
NO MATCH IN RBOC89 FOR: FORT IRWIN CA
NO MATCH IN RBOC89 FOR: FREMNTNWRK CA
NO MATCH IN RBOC89 FOR: GARDENA    CA
NO MATCH IN RBOC89 FOR: HAWTHORNE  CA
NO MATCH IN RBOC89 FOR: INGLEWOOD  CA
NO MATCH IN RBOC89 FOR: LOSANGELES CA
NO MATCH IN RBOC89 FOR: LOSANGELES CA
NO MATCH IN RBOC89 FOR: LOSANGELES CA
NO MATCH IN RBOC89 FOR: LOSANGELES CA
NO MATCH IN RBOC89 FOR: MODESTO    CA
NO MATCH IN RBOC89 FOR: MORENO     CA
NO MATCH IN RBOC89 FOR: POMONA     CA
NO MATCH IN RBOC89 FOR: S BERNDINO CA
NO MATCH IN RBOC89 FOR: SAN FRAN   CA
NO MATCH IN RBOC89 FOR: SAN FRAN   CA
NO MATCH IN RBOC89 FOR: SAN FRAN   CA
NO MATCH IN RBOC89 FOR: SAN FRAN   CA
NO MATCH IN RBOC89 FOR: SAN FRAN   CA
NO MATCH IN RBOC89 FOR: SAN FRAN   CA
NO MATCH IN RBOC89 FOR: SAN FRAN   CA
NO MATCH IN RBOC89 FOR: SANBARBARA CA
NO MATCH IN RBOC89 FOR: SANFRNANDO CA
NO MATCH IN RBOC89 FOR: SANFRNANDO CA
NO MATCH IN RBOC89 FOR: SANTA ROSA CA
NO MATCH IN RBOC89 FOR: SEQUOIA    CA
NO MATCH IN RBOC89 FOR: SSNFRNCSCO CA
NO MATCH IN RBOC89 FOR: SSNFRNCSCO CA
NO MATCH IN RBOC89 FOR: W ANGELES  CA
NO MATCH IN RBOC89 FOR: WESTMINSTR CA
NO MATCH IN RBOC89 FOR: WINTERHVN  CA
NO MATCH IN RBOC89 FOR: BUENAVISTA CO
NO MATCH IN RBOC89 FOR: COLORDOSPG CO
NO MATCH IN RBOC89 FOR: GRAND JCT  CO
NO MATCH IN RBOC89 FOR: GRAND JCT  CO
NO MATCH IN RBOC89 FOR: MONTEVISTA CO
NO MATCH IN RBOC89 FOR: MONTVILLE  CT
NO MATCH IN RBOC89 FOR: COCOABEACH FL
NO MATCH IN RBOC89 FOR: COCOABEACH FL
NO MATCH IN RBOC89 FOR: EGLIN AFB  FL
NO MATCH IN RBOC89 FOR: FTLAUDERDL FL
NO MATCH IN RBOC89 FOR: GAINESVL   FL
NO MATCH IN RBOC89 FOR: GULFBREEZE FL
NO MATCH IN RBOC89 FOR: JACKSOLBCH FL
NO MATCH IN RBOC89 FOR: MARCO IS   FL
NO MATCH IN RBOC89 FOR: NWPTRICHEY FL
NO MATCH IN RBOC89 FOR: STPETERSBG FL
NO MATCH IN RBOC89 FOR: GAINESVL   GA
NO MATCH IN RBOC89 FOR: WARNERRBNS GA
NO MATCH IN RBOC89 FOR: CEDAR RPDS IA
NO MATCH IN RBOC89 FOR: COUNCILBLF IA
NO MATCH IN RBOC89 FOR: COERDALENE ID
NO MATCH IN RBOC89 FOR: GRANGEVL   ID
NO MATCH IN RBOC89 FOR: IDAHOFALLS ID
NO MATCH IN RBOC89 FOR: IDAHOFALLS ID
NO MATCH IN RBOC89 FOR: AURORA     IL
NO MATCH IN RBOC89 FOR: BROOKPORT  IL
NO MATCH IN RBOC89 FOR: CHAMPAURBN IL
NO MATCH IN RBOC89 FOR: ROCKISLAND IL
NO MATCH IN RBOC89 FOR: ROCKISLAND IL
NO MATCH IN RBOC89 FOR: SPRINGFLD  IL
NO MATCH IN RBOC89 FOR: SPRINGFLD  IL
NO MATCH IN RBOC89 FOR: BLOOMINGTN IN
NO MATCH IN RBOC89 FOR: CHESTERTON IN
NO MATCH IN RBOC89 FOR: INDIANAPLS IN
NO MATCH IN RBOC89 FOR: INDIANAPLS IN
NO MATCH IN RBOC89 FOR: INDIANAPLS IN
NO MATCH IN RBOC89 FOR: INDIANAPLS IN
NO MATCH IN RBOC89 FOR: INDIANAPLS IN
NO MATCH IN RBOC89 FOR: LAFAYETTE  IN
NO MATCH IN RBOC89 FOR: TERREHAUTE IN
NO MATCH IN RBOC89 FOR: LINSTEAD   JM
NO MATCH IN RBOC89 FOR: HOWARD     KS
NO MATCH IN RBOC89 FOR: PITTSBURG  KS
NO MATCH IN RBOC89 FOR: CANTON     KY
NO MATCH IN RBOC89 FOR: BATONROUGE LA
NO MATCH IN RBOC89 FOR: NEWORLEANS LA
NO MATCH IN RBOC89 FOR: NEWORLEANS LA
NO MATCH IN RBOC89 FOR: NEWORLEANS LA
NO MATCH IN RBOC89 FOR: NEWORLEANS LA
NO MATCH IN RBOC89 FOR: NEWORLEANS LA
NO MATCH IN RBOC89 FOR: NEWORLEANS LA
NO MATCH IN RBOC89 FOR: NEWORLEANS LA
NO MATCH IN RBOC89 FOR: NEWORLEANS LA
NO MATCH IN RBOC89 FOR: ST GABRIEL LA
NO MATCH IN RBOC89 FOR: BELLINGHAM MA
NO MATCH IN RBOC89 FOR: FALMOUTH   MA
NO MATCH IN RBOC89 FOR: GLOUCESTER MA
NO MATCH IN RBOC89 FOR: NEWBEDFORD MA
NO MATCH IN RBOC89 FOR: NEWTON     MA
NO MATCH IN RBOC89 FOR: SPRINGFLD  MA
NO MATCH IN RBOC89 FOR: WORCESTER  MA
NO MATCH IN RBOC89 FOR: BRYNPKLNCM MD
NO MATCH IN RBOC89 FOR: CAPITOLHTS MD
NO MATCH IN RBOC89 FOR: GAITHERSBG MD
NO MATCH IN RBOC89 FOR: GAITHERSBG MD
NO MATCH IN RBOC89 FOR: GAITHERSBG MD
NO MATCH IN RBOC89 FOR: HYATTSVL   MD
NO MATCH IN RBOC89 FOR: KENSINGTON MD
NO MATCH IN RBOC89 FOR: LAYHILL    MD
NO MATCH IN RBOC89 FOR: PERRYVILLE MD
NO MATCH IN RBOC89 FOR: SILVER SPG MD
NO MATCH IN RBOC89 FOR: SILVER SPG MD
NO MATCH IN RBOC89 FOR: LEWISTON   ME
NO MATCH IN RBOC89 FOR: BATTLE CRK MI
NO MATCH IN RBOC89 FOR: IRON MT    MI
NO MATCH IN RBOC89 FOR: TRAVERSECY MI
NO MATCH IN RBOC89 FOR: FERGUS FLS MN
NO MATCH IN RBOC89 FOR: MINNEAPOLS MN
NO MATCH IN RBOC89 FOR: MINNEAPOLS MN
NO MATCH IN RBOC89 FOR: BRIDGETON  MO
NO MATCH IN RBOC89 FOR: BRIDGETON  MO
NO MATCH IN RBOC89 FOR: BRIDGETON  MO
NO MATCH IN RBOC89 FOR: FERRELVIEW MO
NO MATCH IN RBOC89 FOR: GRAVOIS ML MO
NO MATCH IN RBOC89 FOR: HARVESTER  MO
NO MATCH IN RBOC89 FOR: JEFFERSNCY MO
NO MATCH IN RBOC89 FOR: KANSASCITY MO
NO MATCH IN RBOC89 FOR: SPRINGFLD  MO
NO MATCH IN RBOC89 FOR: TIFFANYSPG MO
NO MATCH IN RBOC89 FOR: BAYSTLOUIS MS
NO MATCH IN RBOC89 FOR: HATTIESBG  MS
NO MATCH IN RBOC89 FOR: LELAND     MS
NO MATCH IN RBOC89 FOR: STARKVILLE MS
NO MATCH IN RBOC89 FOR: BREVARD    NC
NO MATCH IN RBOC89 FOR: ELIZABTHCY NC
NO MATCH IN RBOC89 FOR: MOREHEADCY NC
NO MATCH IN RBOC89 FOR: GRANDFORKS ND
NO MATCH IN RBOC89 FOR: GRAND IS   NE
NO MATCH IN RBOC89 FOR: ATLNTIC CY NJ
NO MATCH IN RBOC89 FOR: ATLNTIC CY NJ
NO MATCH IN RBOC89 FOR: NEWBRNSWCK NJ
NO MATCH IN RBOC89 FOR: PLEASANTVL NJ
NO MATCH IN RBOC89 FOR: ALAMOGORDO NM
NO MATCH IN RBOC89 FOR: ALBUQURQUE NM
NO MATCH IN RBOC89 FOR: ALBUQURQUE NM
NO MATCH IN RBOC89 FOR: ALBUQURQUE NM
NO MATCH IN RBOC89 FOR: ALBUQURQUE NM
NO MATCH IN RBOC89 FOR: ALBUQURQUE NM
NO MATCH IN RBOC89 FOR: ALBUQURQUE NM
NO MATCH IN RBOC89 FOR: WHITE SMR  NM
NO MATCH IN RBOC89 FOR: BOULDER CY NV
NO MATCH IN RBOC89 FOR: BOULDER CY NV
NO MATCH IN RBOC89 FOR: CARSONCITY NV
NO MATCH IN RBOC89 FOR: BALLSTNSPA NY
NO MATCH IN RBOC89 FOR: ELMIRA     NY
NO MATCH IN RBOC89 FOR: GARDENCITY NY
NO MATCH IN RBOC89 FOR: GREAT NECK NY
NO MATCH IN RBOC89 FOR: MIDDLETOWN NY
NO MATCH IN RBOC89 FOR: NEWROCHLLE NY
NO MATCH IN RBOC89 FOR: ORIENT     NY
NO MATCH IN RBOC89 FOR: PLATTSBG   NY
NO MATCH IN RBOC89 FOR: QUEENS     NY
NO MATCH IN RBOC89 FOR: QUEENS     NY
NO MATCH IN RBOC89 FOR: SCHENCTADY NY
NO MATCH IN RBOC89 FOR: SCHENCTADY NY
NO MATCH IN RBOC89 FOR: SYRACUSE   NY
NO MATCH IN RBOC89 FOR: SYRACUSE   NY
NO MATCH IN RBOC89 FOR: YAPHANK    NY
NO MATCH IN RBOC89 FOR: ASHTABULA  OH
NO MATCH IN RBOC89 FOR: MSBGWCRLTN OH
NO MATCH IN RBOC89 FOR: SHANDON    OH
NO MATCH IN RBOC89 FOR: BARTLESVL  OK
NO MATCH IN RBOC89 FOR: BETHANY    OK
NO MATCH IN RBOC89 FOR: OKLA CITY  OK
NO MATCH IN RBOC89 FOR: OKLA CITY  OK
NO MATCH IN RBOC89 FOR: STILLWATER OK
NO MATCH IN RBOC89 FOR: WINDSOR    ON
NO MATCH IN RBOC89 FOR: WINDSOR    ON
NO MATCH IN RBOC89 FOR: EMPIRE     OR
NO MATCH IN RBOC89 FOR: KLAMATHFLS OR
NO MATCH IN RBOC89 FOR: WARM SPG   OR
NO MATCH IN RBOC89 FOR: WARRENTON  OR
NO MATCH IN RBOC89 FOR: FLOURTOWN  PA
NO MATCH IN RBOC89 FOR: GLENOLDEN  PA
NO MATCH IN RBOC89 FOR: KINGPRUSSI PA
NO MATCH IN RBOC89 FOR: MARTINSBG  PA
NO MATCH IN RBOC89 FOR: MCKEESPORT PA
NO MATCH IN RBOC89 FOR: PHILA      PA
NO MATCH IN RBOC89 FOR: PHILA      PA
NO MATCH IN RBOC89 FOR: PHILA      PA
NO MATCH IN RBOC89 FOR: PHILA      PA
NO MATCH IN RBOC89 FOR: TURTLE CRK PA
NO MATCH IN RBOC89 FOR: VLY FORGE  PA
NO MATCH IN RBOC89 FOR: WILKSBARRE PA
NO MATCH IN RBOC89 FOR: NARRAGNSTT RI
NO MATCH IN RBOC89 FOR: BEECH IS   SC
NO MATCH IN RBOC89 FOR: SHAWAFBHTS SC
NO MATCH IN RBOC89 FOR: SPARTANBG  SC
NO MATCH IN RBOC89 FOR: SUMTER     SC
NO MATCH IN RBOC89 FOR: CHATTNOOGA TN
NO MATCH IN RBOC89 FOR: CHATTNOOGA TN
NO MATCH IN RBOC89 FOR: CHATTNOOGA TN
NO MATCH IN RBOC89 FOR: GREENBACK  TN
NO MATCH IN RBOC89 FOR: APOLLO     TX
NO MATCH IN RBOC89 FOR: APOLLO     TX
NO MATCH IN RBOC89 FOR: BUFFALO    TX
NO MATCH IN RBOC89 FOR: BUFFALO    TX
NO MATCH IN RBOC89 FOR: BUFFALO    TX
NO MATCH IN RBOC89 FOR: BUFFALO    TX
NO MATCH IN RBOC89 FOR: BUFFALO    TX
NO MATCH IN RBOC89 FOR: BUFFALO    TX
NO MATCH IN RBOC89 FOR: COLMESNEIL TX
NO MATCH IN RBOC89 FOR: DLFTWTARPT TX
NO MATCH IN RBOC89 FOR: DUNCANVL   TX
NO MATCH IN RBOC89 FOR: FORT WORTH TX
NO MATCH IN RBOC89 FOR: FORT WORTH TX
NO MATCH IN RBOC89 FOR: FORT WORTH TX
NO MATCH IN RBOC89 FOR: NDLDPTNCHS TX
NO MATCH IN RBOC89 FOR: RICHARDSON TX
NO MATCH IN RBOC89 FOR: SANANTONIO TX
NO MATCH IN RBOC89 FOR: SANANTONIO TX
NO MATCH IN RBOC89 FOR: UNIVRSALCY TX
NO MATCH IN RBOC89 FOR: WESTFIELD  TX
NO MATCH IN RBOC89 FOR: WICHITAFLS TX
NO MATCH IN RBOC89 FOR: WICHITAFLS TX
NO MATCH IN RBOC89 FOR: THIOKOL    UT
NO MATCH IN RBOC89 FOR: CHARLOTSVL VA
NO MATCH IN RBOC89 FOR: FAIRFAX    VA
NO MATCH IN RBOC89 FOR: FAIRFAX    VA
NO MATCH IN RBOC89 FOR: FAIRFAX    VA
NO MATCH IN RBOC89 FOR: FAIRFAX    VA
NO MATCH IN RBOC89 FOR: FAIRFAX    VA
NO MATCH IN RBOC89 FOR: FAIRFAX    VA
NO MATCH IN RBOC89 FOR: FAIRFAX    VA
NO MATCH IN RBOC89 FOR: FAIRFAX    VA
NO MATCH IN RBOC89 FOR: FLS CHURCH VA
NO MATCH IN RBOC89 FOR: FREDECKSBG VA
NO MATCH IN RBOC89 FOR: MCLEAN     VA
NO MATCH IN RBOC89 FOR: SEAFORD    VA
NO MATCH IN RBOC89 FOR: TEMPERNCVL VA
NO MATCH IN RBOC89 FOR: ABERDEEN   WA
NO MATCH IN RBOC89 FOR: PT ANGELES WA
NO MATCH IN RBOC89 FOR: PT ANGELES WA
NO MATCH IN RBOC89 FOR: WALLAWALLA WA
NO MATCH IN RBOC89 FOR: ARBOVALE   WV
NO MATCH IN RBOC89 FOR: CHARLES TN WV
NO MATCH IN RBOC89 FOR: HARPESFRRY WV
NO MATCH IN RBOC89 FOR: MARTINSBG  WV
NO MATCH IN RBOC89 FOR: MOUNT HOPE WV
NO MATCH IN RBOC89 FOR: JACKSON    WY
NO MATCH IN RBOC89 FOR: ROCK SPG   WY
    