344 OFFNET                   488 6292 FREELAND        MI  5401  3108  4467    0   30   30 100.00 *
832 JUNEAU               AK 9999    0                        0     0     0    0   33   33 100.00 *
477 ANNISTON             AL   86  322 HUNTSVILLE      AL  7267  2535  3122    0   30   30 100.00 *
478 AUBURN               AL   51  350 MONTGOMERY      AL  7692  2247  3545    0   30   30 100.00 *
478 DOTHAN               AL   95  350 MONTGOMERY      AL  7692  2247  3545    0   30   30 100.00 *
477 FLORENCE             AL   62  322 HUNTSVILLE      AL  7267  2535  3122    0   30   30 100.00 *
478 FT RUCKER            AL   81  350 MONTGOMERY      AL  7692  2247  3545    0   30   30 100.00 *
477 HUNTSVILLE           AL    0  322 HUNTSVILLE      AL  7267  2535  3122   34   42   76  55.26  
477 MADISON              AL   10  322 HUNTSVILLE      AL  7267  2535  3122   34   30   64  46.88  
480 MOBILE               AL  207  319 MOBILE          AL  8167  2367  3546    0   37   37 100.00 *
478 MONTGOMERY           AL    0  350 MONTGOMERY      AL  7692  2247  3545   17   34   51  66.67  
478 TUSKEGEE             AL   36  350 MONTGOMERY      AL  7692  2247  3545    0   30   30 100.00 *
738                      CA   37 8106 MODESTO         CA  8499  8473  7044    0   30   30 100.00 *
734 BAKERSFIELD          CA    0 6945 BAKERSFIELD     CA  8947  8060  2676   14   30   44  68.18  
724 CHICO                CA    0 9415 CHICO           CA  8057  8668  3307   10   30   40  75.00  
734 EDWARDS              CA   69 6945 BAKERSFIELD     CA  8947  8060  2676    0   31   31 100.00 *
728 FRESNO               CA    0 1297 FRESNO          CA  8669  8239  4107   28   32   60  53.33  
740 GOLETA               CA    0  241 SANTA BARBARA   CA  9171  8150  3055   37   30   67  44.78  
724 HERLONG              CA   95 9415 CHICO           CA  8057  8668  3307    0   30   30 100.00 *
728 KERMAN               CA    0 1297 FRESNO          CA  8669  8239  4107   28   30   58  51.72  
736 KING CITY            CA  103 9095 SALINAS         CA  8722  8560  7435    0   30   30 100.00 *
728 KINGS CANYON         CA   58 1297 FRESNO          CA  8669  8239  4107    0   31   31 100.00 *
738 LATHROP              CA    0  190 STOCKTON        CA  8435  8530  3522   15   30   45  66.67  
740 LOMPOC               CA   47  241 SANTA BARBARA   CA  9171  8150  3055    0   32   32 100.00 *
724 REDDING              CA    0 8472 REDDING         CA  7880  8778  4722   12   31   43  72.09  
736 SALINAS              CA    0 9095 SALINAS         CA  8722  8560  7435   15   30   45  66.67  
740 SANTA BARBARA        CA    0  241 SANTA BARBARA   CA  9171  8150  3055   37   30   67  44.78  
738 STOCKTON             CA    0  190 STOCKTON        CA  8435  8530  3522   15   30   45  66.67  
720 WINNEMUCCA           CA  164 1263 CARSON CITY     NV  8139  8306  3673    0   30   30 100.00 *
738 YOSEMITE             CA   71 1297 FRESNO          CA  8669  8239  4107    0   30   30 100.00 *
939 BAY PINES            FL   17 6129 TAMPA           FL  8173  1147  4064   11   31   42  73.81  
952 CLEARWATER           FL    0   80 CLEARWATER      FL  8203  1206  3456   29   30   59  50.85  
448 EGLIN                FL   43  113 PENSACOLA       FL  8147  2200  3515    0   30   30 100.00 *
952 FT MYERS             FL   64 8051 SARASOTA        FL  8295  1094  7043    0   30   30 100.00 *
448 GULF BREEZE          FL    6  113 PENSACOLA       FL  8147  2200  3515   17   30   47  63.83  
952 LAKELAND             FL    0 7611 LAKELAND        FL  8107  1071  6465   13   30   43  69.77  
939 MARCO ISLAND         FL   49 8307 FORT MYERS      FL  8359   904  5301    0   30   30 100.00 *
450 NAYPORT              FL  256 9266 PANAMA CITY     FL  8057  1914  7725    0   30   30 100.00 *
952 NEWPORT RICHIE       FL   20   80 CLEARWATER      FL  8203  1206  3456   29   30   59  50.85  
450 PANAMA CITY          FL    8 9266 PANAMA CITY     FL  8057  1914  7725    9   30   39  76.92  
448 PENSACOLA            FL    0  113 PENSACOLA       FL  8147  2200  3515   17   30   47  63.83  
952 SARASOTA             FL    0 8051 SARASOTA        FL  8295  1094  7043   15   30   45  66.67  
952 ST PETERSBURG        FL    0   80 CLEARWATER      FL  8203  1206  3456   29   37   66  56.06  
953 TALLAHASSEE          FL    0 7241 TALLAHASSEE     FL  7877  1716  3514   17   31   48  64.58  
952 TAMPA                FL    0 6129 TAMPA           FL  8173  1147  4064   11   36   47  76.60  
444 ALBANY               GA 9999    0                        0     0     0    0   30   30 100.00  
442 AUGUSTA              GA    0 6169 MARTINEZ        GA  7089  1674  3235   13   31   44  70.45  
442 FT GILLEM            GA  141 6169 MARTINEZ        GA  7089  1674  3235    0   30   30 100.00 *
442 FT GORDON            GA    0 6169 MARTINEZ        GA  7089  1674  3235   13   30   43  69.77  
444 THOMASVILLE          GA 9999    0                        0     0     0    0   30   30 100.00  
960 COEUR D AILENE       ID 9999    0                        0     0     0    0   30   30 100.00  
464 EVANSVILLE           IN   92 9065 BOWLING GREEN   KY  6822  2745  7471    0   30   30 100.00 *
938 TERRE HAUTE          IN    0 9072 TERRE HAUTE     IN  6428  3145  7454    8   30   38  78.95  
937 COVINGTON            KY 9999    0                        0     0     0    0   30   30 100.00  
464 FT CAMPBELL          KY   62 9065 BOWLING GREEN   KY  6822  2745  7471    0   30   30 100.00 *
922 FT THOMAS            KY    2 8483 CINCINNATI      OH  6263  2679  6151    5   30   35  85.71  
466 LEXINGTON            KY    0 9396 LEXINGTON       KY  6459  2562  6626   20   30   50  60.00  
464 OWENSBORO            KY   65 9065 BOWLING GREEN   KY  6822  2745  7471    0   30   30 100.00 *
464 PADUCAH              KY  120 9065 BOWLING GREEN   KY  6822  2745  7471    0   30   30 100.00 *
466 PIKEVILLE            KY  115 9396 LEXINGTON       KY  6459  2562  6626    0   30   30 100.00 *
466 WINCHESTER           KY   18 9396 LEXINGTON       KY  6459  2562  6626   20   30   50  60.00  
486 ALEXANDRIA           LA    0 8320 ALEXANDRIA      LA  8409  3168  5275    8   32   40  80.00  
492 BATON ROUGE          LA    0 6503 BATON ROUGE     LA  8476  2874  2723   25   32   57  56.14  
492 CARVILLE             LA   15 6503 BATON ROUGE     LA  8476  2874  2723   25   30   55  54.55  
486 FT POLK              LA   50 8320 ALEXANDRIA      LA  8409  3168  5275    0   30   30 100.00 *
488 LAFAYETTE            LA 1401 3370 WESTBORO        MA  4493  1307  5276    0   30   30 100.00 *
488 LAKE CHARLES         LA 1453 3370 WESTBORO        MA  4493  1307  5276    0   30   30 100.00 *
486 MONROE               LA   84 8320 ALEXANDRIA      LA  8409  3168  5275    0   30   30 100.00 *
486 SHREVEPORT           LA    0   64 SHREVEPORT      LA  8272  3495  3731   18   37   55  67.27  
348 BATTLE CREEK         MI    0 9075 BATTLE CREEK    MI  5713  3124  7453    9   32   41  78.05  
348 GRAND RAPIDS         MI    0 1901 GRAND RAPIDS    MI  5628  3261  4117   24   30   54  55.56  
346 JACKSON              MI   34 1274 LANSING         MI  5584  3081  3666    0   30   30 100.00 *
348 KALAMAZOO            MI    0  107 KALAMAZOO       MI  5749  3177  3516   18   30   48  62.50  
346 LANSING              MI    0 1274 LANSING         MI  5584  3081  3666   23   31   54  57.41  
348 MUSKEGON             MI    0 9073 MUSKEGON        MI  5622  3370  7466    8   30   38  78.95  
344 SAGINAW              MI   11 6292 FREELAND        MI  5401  3108  4467   14   30   44  68.18  
348 TRAVERSE CITY        MI    0 6583 TRAVERSE CITY   MI  5284  3447  5063    9   30   39  76.92  
484 BAY ST LOUIS         MS   48  219 PASCAGOULA      MS  8273  2419  3165    0   31   31 100.00 *
484 BILOXI               MS   21  219 PASCAGOULA      MS  8273  2419  3165   12   30   42  71.43  
484 GULFPORT             MS   33  219 PASCAGOULA      MS  8273  2419  3165    0   30   30 100.00 *
482 HATTIESBURG          MS   80 9269 MERIDIAN        MS  7899  2639  7714    0   30   30 100.00 *
482 JACKSON              MS    0 3010 JACKSON         MS  8035  2880 10310   15   32   47  68.09  
482 MISSISSIPPI ST       MS   75 9269 MERIDIAN        MS  7899  2639  7714    0   30   30 100.00 *
484 PASCAGOULA           MS    0  219 PASCAGOULA      MS  8273  2419  3165   12   30   42  71.43  
482 STONEVILLE           MS   73 8310 VICKSBURG       MS  8083  2999  5302    0   30   30 100.00 *
482 VICKSBURG            MS    0 8310 VICKSBURG       MS  8083  2999  5302   11   36   47  76.60  
420 ASHEVILLE            NC    0 9085 ASHEVILLE       NC  6749  2001  7373   12   32   44  72.73  
951 BEAUFOFT             NC 9999    0                        0     0     0    0   30   30 100.00  
949 CAMP LEJEUNE         NC   86 7468 FAYETTEVILLE    NC  6501  1385  6341    0   30   30 100.00 *
951 ELIZABETH CITY       NC 9999    0                        0     0     0    0   30   30 100.00 *
949 FAYETTEVILLE         NC    0 7468 FAYETTEVILLE    NC  6501  1385  6341   10   30   40  75.00  
949 FT. BRAGG            NC    0 7468 FAYETTEVILLE    NC  6501  1385  6341   10   30   40  75.00  
951 GREENVILLE           NC 9999    0                        0     0     0    0   30   30 100.00  
951 MANTEO               NC 9999    0                        0     0     0    0   30   30 100.00  
951 MOREHEAD CITY        NC 9999    0                        0     0     0    0   30   30 100.00  
951 OXFORD               NC 9999    0                        0     0     0    0   30   30 100.00  
420 ROSMAN               NC   27 9085 ASHEVILLE       NC  6749  2001  7373   12   30   42  71.43  
428 WILMINGTON           NC    0 9011 WILMINGTON      NC  6559  1143  7316   12   31   43  72.09  
638 BISMARK              ND    0 8476 BISMARK         ND  5840  5736  7124    8   30   38  78.95  
958 GRAND ISLAND         NE 1334 6255 MELBOURNE       FL  7963   854  5412    0   30   30 100.00 *
958 LINCOLN              NE 1261 6255 MELBOURNE       FL  7963   854  5412    0   31   31 100.00 *
720 BATTLE MTN           NV  181 1263 CARSON CITY     NV  8139  8306  3673    0   30   30 100.00 *
721 BOULDER CITY         NV    0  257 BOULDER CITY    NV  8696  7349  2310    2   32   34  94.12  
720 CARSON CITY          NV    0 1263 CARSON CITY     NV  8139  8306  3673   19   30   49  61.22  
720 ELY                  NV  262 1263 CARSON CITY     NV  8139  8306  3673    0   30   30 100.00 *
720 HAWTHORNE            NV   77 1263 CARSON CITY     NV  8139  8306  3673    0   30   30 100.00 *
721 LAS VEGAS            NV   22  257 BOULDER CITY    NV  8696  7349  2310    2   67   69  97.10  
720 RENO                 NV   25 1263 CARSON CITY     NV  8139  8306  3673   19   36   55  65.45  
974 CANANDIGUA           NY   19 7617 PITTSFORD       NY  4909  2172  6462   41   30   71  42.25  
721 LAS VEGAS            NY   22  257 BOULDER CITY    NV  8696  7349  2310    2   30   32  93.75  
974 ROCHESTER            NY    8 7617 PITTSFORD       NY  4909  2172  6462   41   30   71  42.25  
974 ROMULUS              NY   46 7617 PITTSFORD       NY  4909  2172  6462    0   30   30 100.00 *
922 CINCINNATI           OH    0 8483 CINCINNATI      OH  6263  2679  6151    5   42   47  89.36  
922 FERNALD              OH   19 8483 CINCINNATI      OH  6263  2679  6151    5   30   35  85.71  
442 AIKEN                SC   16 6169 MARTINEZ        GA  7089  1674  3235   13   31   44  70.45  
468 BIRMINGHAM           TN    0 6135 MEMPHIS         TN  7471  3125  4257   33   31   64  48.44  
472 CHATTANOOGA          TN    0  237 CHATTANOOGA     TN  7098  2366  2432   19   36   55  65.45  
472 CHICKAMAUGA LAK      TN    0  237 CHATTANOOGA     TN  7098  2366  2432   19   30   49  61.22  
472 CLEVELAND            TN   78  237 CHATTANOOGA     TN  7098  2366  2432    0   30   30 100.00 *
474 GATLINBURG           TN   29   66 KNOXVILLE       TN  6801  2251  3420   28   30   58  51.72  
468 JACKSON              TN    0 9343 JACKSON         TN  7282  2976  4771    8   30   38  78.95  
956 JOHNSON CITY         TN 9999    0                        0     0     0    0   30   30 100.00  
474 KNOXVILLE            TN    0   66 KNOXVILLE       TN  6801  2251  3420   28   39   67  58.21  
468 MEMPHIS              TN    0 6135 MEMPHIS         TN  7471  3125  4257   33   37   70  52.86  
474 OAK RIDGE            TN    0 9270 OAK RIDGE       TN  6811  2303  7716   12   44   56  78.57  
927 HARRISONBURG         VA 9999    0                        0     0     0    0   30   30 100.00  
