4372 871120 17       12.02
4372 871121 21        7.93
4372 871122 20        6.57
4372 871123 21       17.34
4372 871124 16       13.96
4372 871125 20       11.35
4372 871126  1        1.34
4372 871127 20       14.13
4372 871128 20       10.65
4372 871129 20        7.02
4372 871200 20       17.28
4372 871201 20       14.05
4372 871202 19       18.87
4372 871203 16       14.98
4372 871204 17       15.64
4372 871205 21        8.98
4372 871206 21        6.58
4372 871207 21       13.66
4372 871208 21       14.47
4372 871209 17       14.15
4372 871210 21       15.40
4372 871211 20       16.87
4372 871212 20       12.48
4372 871213 20        8.83
4372 871214 17       15.67
4372 871215 21       17.15
4372 871216 17       14.16
4372 871217 20       14.55
4372 871218 21       16.42
4372 871219 21       14.08
4372 871220 21       10.56
4372 871221 20       18.48
4372 871222 20       15.99
4372 871223 22       14.94
4372 871224 17       12.22
4372 871225  8         .88
4372 871226 18        5.59
4372 871227 22        3.72
4372 871228 15       14.38
4372 871229 21       13.27
4372 871230 20       13.53
4372 880100 17        9.02
4372 880101 20        1.71
4372 880102 20        6.70
4372 880103 22        5.07
4372 880104 17       14.91
4372 880105 20       12.62
4372 880106 16       13.66
4372 880107 20       12.49
4372 880108 21       11.22
7655 871120 17       30.17
7655 871121 19       21.93
7655 871122 20       14.57
7655 871123 17       32.05
7655 871124 17       32.05
7655 871125 20       30.84
7655 871126 13        2.32
7655 871127 20       33.93
7655 871128 20       22.71
7655 871129 20       13.88
7655 871200 20       46.43
7655 871201 16       35.20
7655 871202 22       45.22
7655 871203 17       33.11
7655 871204 17       36.17
7655 871205 22       25.91
7655 871206 21       15.26
7655 871207 21       39.44
7655 871208 20       38.00
7655 871209 20       37.67
7655 871210 21       36.43
7655 871211 22       34.82
7655 871212 21       36.06
7655 871213 20       17.83
7655 871214 21       40.19
7655 871215 20       33.49
7655 871216 21       38.52
7655 871217 20       37.03
7655 871218 20       40.74
7655 871219 21       37.10
7655 871220 21       20.71
7655 871221 20       41.92
7655 871222 20       42.59
7655 871223 20       35.61
7655 871224 20       28.36
7655 871225  8        1.68
7655 871226 20       12.83
7655 871227 22       10.37
7655 871228 21       31.59
7655 871229 20       33.79
7655 871230 20       31.69
7655 880100 19       23.10
7655 880101 18        7.30
7655 880102 21       16.15
7655 880103 21       11.07
7655 880104 20       37.29
7655 880105 20       33.12
7655 880106 20       33.22
7655 880107 17       34.38
7655 880108 16       24.83
7656 871120 21       33.90
7656 871121 23       28.46
7656 871122 20       13.69
7656 871123 17       31.56
7656 871124 17       31.56
7656 871125 20       31.27
7656 871126 13        3.68
7656 871127 20       29.18
7656 871128 20       20.79
7656 871129 21       14.63
7656 871200 20       44.47
7656 871201 15       37.49
7656 871202 17       42.69
7656 871203 17       34.32
7656 871204 17       35.90
7656 871205 20       23.68
7656 871206 20       16.26
7656 871207 21       35.08
7656 871208 17       33.29
7656 871209 17       38.20
7656 871210 17       35.84
7656 871211 21       37.69
7656 871212 22       18.38
7656 871213 20       16.60
7656 871214 20       41.68
7656 871215 16       31.98
7656 871216 21       33.08
7656 871217 21       33.28
7656 871218 20       30.79
7656 871219 21       27.48
7656 871220 21       15.78
7656 871221 17       41.18
7656 871222 21       37.78
7656 871223 21       35.10
7656 871224 17       23.56
7656 871225  8        1.67
7656 871226 20       12.48
7656 871227 21        8.71
7656 871228 20       32.76
7656 871229 20       30.23
7656 871230 20       32.94
7656 880100 20       23.35
7656 880101 22        4.95
7656 880102 21       14.74
7656 880103 21        8.88
7656 880104 21       37.93
7656 880105 17       33.68
7656 880106 16       32.79
7656 880107 17       23.63
7656 880108 21       24.37
2346 871120 20       20.93
2346 871121 23       19.13
2346 871122 22       14.11
2346 871123 23       19.14
2346 871124 24       19.73
2346 871125 20       18.67
2346 871126 18        7.38
2346 871127 20       22.02
2346 871128 22       17.29
2346 871129 23       17.67
2346 871200 23       24.67
2346 871201 20       20.37
2346 871202 18       21.20
2346 871203 19       20.47
2346 871204 23       19.63
2346 871205 21       22.21
2346 871206 24       14.64
2346 871207 20       20.45
2346 871208 22       20.75
2346 871209 22       21.04
2346 871210 23       22.11
2346 871211 22       19.84
2346 871212 22       22.82
2346 871213 22       14.24
2346 871214 24       21.96
2346 871215 22       20.79
2346 871216 23       21.65
2346 871217 22       21.63
2346 871218 20       22.83
2346 871219 21       25.17
2346 871220  1       16.67
2346 871221 23       26.51
2346 871222 22       22.57
2346 871223 20       22.78
2346 871224 20       23.21
2346 871225  1        4.75
2346 871226 20       15.38
2346 871227 23       12.63
2346 871228 23       18.92
2346 871229 20       20.29
2346 871230 24       20.17
2346 880100 22       17.09
2346 880101 20        7.94
2346 880102 23       16.06
2346 880103 22       16.65
2346 880104 18       19.22
2346 880105 17       20.26
2346 880106 18       18.46
2346 880107 20       20.42
2346 880108 17       17.71
3035 871120 21       47.56
3035 871121 18       32.55
3035 871122 21       23.32
3035 871123 21       50.25
3035 871124 17       49.61
3035 871125 16       48.01
3035 871126 21        4.06
3035 871127 18       38.23
3035 871128 21       30.62
3035 871129 22       20.70
3035 871200 22       58.90
3035 871201 16       50.41
3035 871202 22       58.53
3035 871203 16       50.69
3035 871204 17       55.26
3035 871205 21       32.43
3035 871206 21       23.55
3035 871207 17       50.93
3035 871208 17       50.93
3035 871209 17       49.21
3035 871210 22       50.09
3035 871211 17       50.69
3035 871212 24       25.60
3035 871213 22       25.09
3035 871214 10        3.61
3035 871215 22       48.51
3035 871216 22       48.80
3035 871217 15       42.68
3035 871218 17       45.10
3035 871219 17       29.74
3035 871220 21       23.35
3035 871221 22       46.88
3035 871222 17       50.29
3035 871223 22       42.98
3035 871224 17       30.52
3035 871225 10        3.53
3035 871226 20       21.27
3035 871227 20       12.92
3035 871228 22       51.88
3035 871229 17       56.96
3035 871230 17       56.69
3035 880100 16       43.50
3035 880101 21       11.03
3035 880102 21       24.13
3035 880103 22       16.90
3035 880104 16       48.41
3035 880105 22       58.82
3035 880106 21       56.14
3035 880107 16       49.48
3035 880108 22       49.23
3707 871120 22       20.59
3707 871121 23       14.79
3707 871122 21        3.68
3707 871123 20       36.53
3707 871124 21       22.18
3707 871125 20       19.01
3707 871126 16        2.00
3707 871127 21       17.39
3707 871128 21       11.45
3707 871129  6        1.00
3707 871200 22       28.97
3707 871201 16       22.84
3707 871202 17       27.86
3707 871203 16       22.82
3707 871204 17       26.97
3707 871205 21       13.88
3707 871206 22         .92
3707 871207 22       24.61
3707 871208 17       21.92
3707 871209 21       22.19
3707 871210 22       23.42
3707 871211 17       23.50
3707 871212 20       19.13
3707 871213 22        6.27
3707 871214 13         .16
3707 871215 12         .05
3707 871216 17       23.02
3707 871217 17       22.86
3707 871218 17       22.81
3707 871219 21       15.37
3707 871220 21        6.62
3707 871221 22       24.32
3707 871222 17       26.18
3707 871223 17       21.99
3707 871224 17       14.82
3707 871225  1        1.00
3707 871226  3        1.01
3707 871227 20        1.28
3707 871228 22       24.92
3707 871229 17       27.25
3707 871230 17       27.80
3707 880100 17       13.90
3707 880101 23        1.08
3707 880102 21        1.32
3707 880103 20        1.16
3707 880104 17       26.53
3707 880105 22       27.22
3707 880106 21       27.33
3707 880107 16       24.72
3707 880108 17       24.36
7512 871120 21       25.50
7512 871121 23       25.43
7512 871122 21       11.23
7512 871123 21       40.99
7512 871124 21       25.04
7512 871125 22       19.96
7512 871126 17         .07
7512 871127 21       27.78
7512 871128 21       11.77
7512 871129 22        7.27
7512 871200 21       52.66
7512 871201 22       25.83
7512 871202 22       54.75
7512 871203 22       24.27
7512 871204 17       44.37
7512 871205 21       12.34
7512 871206 21        7.58
7512 871207 22       33.72
7512 871208 21       28.07
7512 871209 21       28.65
7512 871210 22       32.75
7512 871211 22       34.13
7512 871212 23       15.72
7512 871213 22        9.53
7512 871214 13         .23
7512 871215  1         .00
7512 871216 22       31.13
7512 871217 21       36.02
7512 871218 17       35.38
7512 871219 21       28.06
7512 871220 21       11.61
7512 871221 22       49.20
7512 871222 17       43.43
7512 871223 22       38.82
7512 871224 20       20.54
7512 871225  4         .08
7512 871226 21        7.02
7512 871227 21        4.64
7512 871228 22       49.62
7512 871229 17       54.97
7512 871230 17       57.45
7512 880100 16       16.52
7512 880101 22         .53
7512 880102 20        8.23
7512 880103 22        5.78
7512 880104 17       46.31
7512 880105 22       58.42
7512 880106 21       55.58
7512 880107 17       43.97
7512 880108  9         .02
7513 871120 15       18.13
7513 871121 23       16.42
7513 871122 21        7.40
7513 871123 20       32.95
7513 871124 21       18.22
7513 871125 15       19.22
7513 871126 19        1.80
7513 871127 21       13.94
7513 871128 22       11.04
7513 871129 20        6.27
7513 871200 21       20.83
7513 871201 15       19.39
7513 871202 22       19.48
7513 871203 22       17.55
7513 871204 16       19.94
7513 871205 22       10.83
7513 871206 21        7.72
7513 871207 21       19.35
7513 871208 16       17.96
7513 871209 16       18.02
7513 871210 22       19.41
7513 871211 16       17.65
7513 871212 20       14.62
7513 871213 20        9.13
7513 871214 13        2.87
7513 871215 12        2.78
7513 871216 16       18.69
7513 871217 21       22.47
7513 871218 21       23.72
7513 871219 22       17.29
7513 871220 20       10.11
7513 871221 22       24.28
7513 871222 17       23.87
7513 871223 20       22.00
7513 871224 20       15.73
7513 871225  8        1.79
7513 871226 20        8.54
7513 871227 22        6.08
7513 871228 22       23.60
7513 871229 17       24.88
7513 871230 17       25.46
7513 880100 15       15.58
7513 880101 22        5.25
7513 880102 20        8.69
7513 880103 22        6.35
7513 880104 21       27.42
7513 880105 21       27.28
7513 880106 22       27.30
7513 880107 16       26.38
7513 880108 17       23.89
9999
    