  0  0   0  0     0     0
  0  0   0  0     0     0
  0569   0  0     0     0
152  3   0297     0     0
 11671  11671     0     0
201272 201272  5043  1437
201278 201278  4983  1453
201321 201321  5068  1430
201342 201342  4976  1432
201596 201596  5016  1430
201622 201622  5016  1430
201622 201622  5016  1430
201622 201622  5016  1430
201645 201645  5016  1430
201645 201645  5016  1430
201645 201645  5016  1430
201645 201645  5016  1430
201645 201645  5016  1430
201645 201645  5016  1430
201647 201647  5061  1468
201647 201647  5061  1468
201725 201725  5089  1467
201794 201794  4974  1449
201846 201846  5085  1434
201872 201872  5060  1369
201877 201877  5016  1430
201877 201877  5016  1430
201929 201929  5146  1324
202224 202224  5623  1578
202224 202224  5623  1578
202224 202224  5623  1578
202224 202224  5623  1578
202224 202224  5623  1578
202224 202224  5623  1578
202224 202224  5623  1578
202224 202224  5623  1578
202224 202224  5623  1578
202224 202224  5623  1578
202224 202224  5623  1578
202224 202224  5623  1578
202224 202224  5623  1578
202224 202224  5623  1578
202224 202224  5623  1578
202224 202224  5623  1578
202224 202224  5623  1578
202224 202224  5623  1578
202224 202224  5623  1578
202224 202224  5623  1578
202224 202224  5623  1578
202224 202224  5623  1578
202224 202224  5623  1578
202224 202224  5623  1578
202224 202224  5623  1578
202224 202224  5623  1578
202224 202224  5623  1578
202224 202224  5623  1578
202224 202224  5623  1578
202224 202224  5623  1578
202233 202233  5623  1586
202233 202233  5623  1586
202233 202233  5623  1586
202245 202245  5623  1578
202245 202245  5623  1578
202651 202245  5623  1578
202651 202245  5623  1578
202651 202245  5623  1578
202651 202245  5623  1578
202651 202245  5623  1578
202651 202245  5623  1578
202651 202245  5623  1578
202651 202245  5623  1578
202651 202245  5623  1578
202651 202245  5623  1578
202651 202245  5623  1578
202651 202245  5623  1578
202651 202245  5623  1578
202651 202245  5623  1578
202651 202245  5623  1578
202651 202245  5623  1578
202651 202245  5623  1578
202651 202245  5623  1578
202651 202245  5623  1578
202651 202245  5623  1578
202651 202245  5623  1578
202651 202245  5623  1578
202651 202245  5623  1578
202651 202245  5623  1578
202651 202245  5623  1578
202651 202245  5623  1578
202651 202245  5623  1578
202651 202245  5623  1578
202651 202245  5623  1578
202651 202245  5623  1578
202651 202245  5623  1578
202651 202245  5623  1578
202651 202245  5623  1578
202651 202245  5623  1578
202651 202245  5623  1578
202651 202245  5623  1578
202651 202245  5623  1578
202651 202245  5623  1578
202651 202245  5623  1578
202651 202245  5623  1578
202651 202245  5623  1578
202651 202245  5623  1578
202651 202245  5623  1578
202651 202245  5623  1578
202651 202245  5623  1578
202651 202245  5623  1578
202651 202245  5623  1578
202651 202245  5623  1578
202651 202245  5623  1578
202651 202245  5623  1578
202651 202245  5623  1578
202651 202245  5623  1578
202651 202245  5623  1578
202651 202245  5623  1578
202651 202245  5623  1578
202651 202245  5623  1578
202651 202245  5623  1578
202651 202245  5623  1578
202651 202245  5623  1578
202651 202245  5623  1578
202252 202252  5623  1578
202252 202252  5623  1578
202252 202252  5623  1578
202252 202252  5623  1578
202252 202252  5623  1578
202252 202252  5623  1578
202252 202252  5623  1578
202252 202252  5623  1578
202833 202254  5623  1586
202833 202254  5623  1586
202833 202254  5623  1586
202833 202254  5623  1586
202833 202254  5623  1586
202833 202254  5623  1586
202833 202254  5623  1586
202267 202267  5623  1586
202655 202272  5622  1582
202655 202272  5622  1582
202655 202272  5622  1582
202655 202272  5622  1582
202655 202272  5622  1582
202655 202272  5622  1582
202655 202272  5622  1582
202655 202272  5622  1582
202328 202328  5620  1585
202328 202328  5620  1585
202328 202328  5620  1585
202328 202328  5620  1585
202328 202328  5620  1585
202328 202328  5620  1585
202328 202328  5620  1585
202328 202328  5620  1585
202328 202328  5620  1585
202328 202328  5620  1585
202334 202334  5623  1586
202334 202334  5623  1586
202342 202342  5624  1588
703955 202343  5622  1582
202647 202357  5622  1582
202647 202357  5622  1582
202647 202357  5622  1582
202647 202357  5622  1582
202647 202357  5622  1582
202647 202357  5622  1582
202647 202357  5622  1582
202647 202357  5622  1582
202647 202357  5622  1582
202647 202357  5622  1582
202647 202357  5622  1582
202647 202357  5622  1582
202647 202357  5622  1582
202647 202357  5622  1582
202647 202357  5622  1582
202647 202357  5622  1582
202647 202357  5622  1582
202647 202357  5622  1582
202647 202357  5622  1582
202647 202357  5622  1582
202647 202357  5622  1582
202647 202357  5622  1582
202647 202357  5622  1582
202647 202357  5622  1582
202647 202357  5622  1582
202647 202357  5622  1582
202647 202357  5622  1582
202647 202357  5622  1582
202647 202357  5622  1582
202647 202357  5622  1582
202362 202362  5619  1595
202362 202362  5619  1595
202362 202362  5619  1595
202366 202366  5623  1586
202366 202366  5623  1586
202366 202366  5623  1586
202366 202366  5623  1586
202366 202366  5623  1586
202366 202366  5623  1586
202366 202366  5623  1586
202366 202366  5623  1586
202366 202366  5623  1586
202366 202366  5623  1586
202366 202366  5623  1586
202366 202366  5623  1586
202366 202366  5623  1586
202366 202366  5623  1586
202395 202395  5622  1582
202395 202395  5622  1582
202395 202395  5622  1582
202395 202395  5622  1582
202395 202395  5622  1582
202395 202395  5622  1582
202395 202395  5622  1582
202395 202395  5622  1582
202426 202426  5623  1578
202426 202426  5623  1578
202426 202426  5623  1578
202426 202426  5623  1578
202426 202426  5623  1578
202426 202426  5623  1578
202426 202426  5623  1578
202426 202426  5623  1578
202426 202426  5623  1578
202426 202426  5623  1578
202545 202433  5624  1572
202545 202433  5624  1572
202545 202433  5624  1572
202545 202433  5624  1572
202545 202433  5624  1572
202452 202452  5623  1586
202452 202452  5623  1586
202453 202453  5623  1578
202453 202453  5623  1578
202453 202453  5623  1578
202453 202453  5623  1578
202453 202453  5623  1578
202453 202453  5623  1578
202453 202453  5623  1578
202453 202453  5623  1578
202453 202453  5623  1578
202453 202453  5623  1578
202453 202453  5623  1578
202453 202453  5623  1578
202453 202453  5623  1578
202453 202453  5623  1578
202453 202453  5623  1578
202453 202453  5623  1578
202453 202453  5623  1578
202453 202453  5623  1578
202453 202453  5623  1578
202453 202453  5623  1578
202453 202453  5623  1578
202453 202453  5623  1578
202453 202453  5623  1578
202453 202453  5623  1578
202453 202453  5623  1578
202453 202453  5623  1578
202453 202453  5623  1578
202453 202453  5623  1578
202453 202453  5623  1578
202453 202453  5623  1578
202655 202453  5623  1578
202457 202457  5623  1586
202479 202479  5623  1578
202488 202488  5623  1578
202835 202523  5622  1582
202835 202523  5622  1582
202835 202523  5622  1582
202835 202523  5622  1582
202835 202523  5622  1582
202835 202523  5622  1582
202835 202523  5622  1582
202835 202523  5622  1582
202835 202523  5622  1582
202835 202523  5622  1582
202835 202523  5622  1582
202835 202523  5622  1582
202835 202523  5622  1582
202835 202523  5622  1582
202835 202523  5622  1582
202835 202523  5622  1582
202835 202523  5622  1582
202835 202523  5622  1582
202835 202523  5622  1582
202835 202523  5622  1582
202835 202523  5622  1582
202835 202523  5622  1582
202835 202523  5622  1582
202835 202523  5622  1582
202835 202523  5622  1582
202835 202523  5622  1582
202835 202523  5622  1582
202835 202523  5622  1582
202835 202523  5622  1582
202835 202523  5622  1582
202835 202523  5622  1582
202835 202523  5622  1582
202835 202523  5622  1582
202835 202523  5622  1582
202835 202523  5622  1582
202835 202523  5622  1582
202835 202523  5622  1582
202835 202523  5622  1582
202835 202523  5622  1582
202835 202523  5622  1582
202835 202523  5622  1582
202835 202523  5622  1582
202835 202523  5622  1582
202835 202523  5622  1582
202835 202523  5622  1582
202835 202523  5622  1582
202835 202523  5622  1582
202835 202523  5622  1582
202835 202523  5622  1582
202835 202523  5622  1582
202835 202523  5622  1582
202835 202523  5622  1582
202835 202523  5622  1582
202835 202523  5622  1582
202835 202523  5622  1582
202835 202523  5622  1582
202835 202523  5622  1582
202835 202523  5622  1582
202835 202523  5622  1582
202835 202523  5622  1582
202541 202541  5612  1589
202541 202541  5612  1589
202541 202541  5612  1589
202541 202541  5612  1589
202541 202541  5612  1589
202545 202561  5631  1572
202545 202561  5631  1572
202545 202561  5631  1572
202545 202561  5631  1572
202562 202562  5631  1572
202562 202562  5631  1572
202566 202566  5622  1582
202566 202566  5622  1582
202566 202566  5622  1582
202545 202632  5623  1586
202822 202632  5623  1586
202633 202633  5622  1582
202633 202633  5622  1582
202633 202633  5622  1582
202638 202638  5622  1582
202638 202638  5622  1582
202639 202639  5622  1583
202639 202639  5622  1583
202639 202639  5622  1583
202639 202639  5622  1583
202639 202639  5622  1583
202639 202639  5622  1583
202639 202639  5622  1583
202639 202639  5622  1583
202639 202639  5622  1583
202639 202639  5622  1583
202646 202646  5623  1578
202646 202646  5623  1578
202646 202646  5623  1578
202647 202647  5623  1586
202647 202647  5623  1586
202647 202647  5623  1586
202647 202647  5623  1586
202647 202647  5623  1586
202647 202647  5623  1586
202647 202647  5623  1586
202647 202647  5623  1586
202647 202647  5623  1586
202647 202647  5623  1586
202647 202647  5623  1586
202647 202647  5623  1586
202655 202655  5623  1578
202655 202655  5623  1578
202545 202695  5634  1586
202545 202695  5634  1586
202545 202695  5634  1586
202545 202695  5634  1586
202545 202695  5634  1586
202545 202695  5634  1586
202545 202695  5634  1586
202545 202695  5634  1586
202545 202695  5634  1586
202545 202695  5634  1586
202545 202695  5634  1586
202545 202695  5634  1586
202545 202695  5634  1586
202545 202695  5634  1586
202545 202695  5634  1586
202545 202695  5634  1586
202545 202695  5634  1586
202545 202695  5634  1586
202545 202695  5634  1586
202545 202695  5634  1586
202545 202695  5634  1586
202545 202695  5634  1586
202545 202695  5634  1586
202545 202695  5634  1586
202545 202695  5634  1586
202545 202695  5634  1586
202545 202695  5634  1586
202545 202695  5634  1586
202545 202695  5634  1586
202545 202695  5634  1586
202545 202695  5634  1586
202724 202724  5622  1582
202724 202724  5622  1582
202724 202724  5622  1582
202724 202724  5622  1582
202724 202724  5622  1582
202724 202724  5622  1582
202724 202724  5622  1582
202724 202724  5622  1582
202724 202724  5622  1582
202724 202724  5622  1582
202737 202737  5622  1582
202745 202745  5620  1585
202745 202745  5620  1585
202745 202745  5620  1585
202745 202745  5620  1585
202755 202755  5623  1578
202755 202755  5623  1578
202545 202756  5632  1590
202545 202756  5632  1590
202545 202756  5632  1590
202545 202756  5632  1590
202545 202756  5632  1590
202545 202756  5632  1590
202545 202756  5632  1590
202545 202756  5632  1590
202545 202756  5632  1590
202545 202756  5632  1590
202785 202785  5623  1586
202789 202789  5622  1582
202822 202822  5623  1586
202822 202822  5623  1586
202822 202822  5623  1586
202822 202822  5623  1586
202822 202822  5623  1586
202822 202822  5623  1586
202822 202822  5623  1586
202822 202822  5623  1586
202822 202822  5623  1586
202822 202822  5623  1586
202822 202822  5623  1586
202822 202822  5623  1586
202822 202822  5623  1586
202822 202822  5623  1586
202822 202822  5623  1586
202822 202822  5623  1586
202822 202822  5623  1586
202822 202822  5623  1586
202822 202822  5623  1586
202822 202822  5623  1586
202822 202822  5623  1586
202822 202822  5623  1586
202822 202822  5623  1586
202822 202822  5623  1586
202822 202822  5623  1586
202822 202822  5623  1586
202822 202822  5623  1586
202822 202822  5623  1586
202835 202835  5623  1586
202835 202835  5623  1586
202835 202835  5623  1586
202835 202835  5623  1586
202879 202879  5622  1582
203323 203323  4897  1388
203327 203327  4897  1388
203346 203346  4720  1341
203441 203441  4697  1240
203444 203444  4700  1242
203573 203573  4761  1391
203579 203579  4841  1360
203654 203654  4654  1389
203654 203654  4654  1389
203654 203654  4654  1389
203666 203666  4705  1368
203688 203688  4670  1380
203722 203722  4687  1373
203722 203722  4687  1373
203743 203743  4829  1423
203748 203748  4829  1423
203748 203748  4829  1423
203773 203773  4792  1342
203777 203777  4792  1342
203783 203783  4820  1348
203797 203797  4829  1423
203848 203848  4686  1252
203932 203932  4800  1340
205221 205221  7497  2553
205221 205221  7497  2553
205235 205236  7406  2304
205237 205237  7406  2304
205241 205241  7692  2247
205252 205252  7518  2446
205252 205252  7518  2446
205252 205252  7518  2446
205252 205252  7518  2446
205272 205272  7686  2240
205362 205362  7572  2324
205362 205362  7572  2324
205453 205453  7267  2535
205534 205534  7267  2534
205539 205539  7267  2534
205539 205539  7267  2534
205453 205544  7272  2547
205453 205544  7272  2547
205544 205544  7272  2547
205544 205544  7272  2547
205544 205544  7272  2547
205544 205544  7272  2547
205543 205546  7354  2369
205553 205553  7637  2522
205254 205690  8167  2367
205254 205690  8167  2367
205254 205690  8167  2367
205254 205690  8167  2367
205254 205690  8167  2367
205254 205694  8167  2367
205727 205727  7629  2154
205727 205727  7629  2154
205752 205752  7642  2536
205758 205752  7642  2536
205758 205758  7642  2536
205766 205766  7345  2715
205534 205772  7287  2557
205772 205772  7287  2557
205792 205792  7830  1981
205792 205794  7830  1981
205821 205821  7574  2138
205830 205830  7272  2547
205832 205832  7692  2247
205895 205895  7272  2547
205895 205895  7272  2547
205895 205895  7272  2547
205933 205933  7520  2442
205933 205933  7520  2442
206258 206258  6252  8883
206282 206282  6331  8900
206431 206431  6366  8892
206442 206442  6337  8896
206442 206442  6337  8896
206442 206442  6337  8896
206442 206442  6337  8896
206442 206442  6337  8896
206442 206442  6337  8896
206442 206442  6337  8896
206452 206452  6236  9065
206457 206457  6236  9065
206442 206464  6337  8896
206481 206481  6295  8879
206442 206526  6321  8894
206442 206526  6321  8894
206442 206526  6321  8894
206533 206533  6589  8447
206569 206569  6520  8840
206582 206582  6437  8917
206593 206593  6415  8907
206593 206593  6415  8907
206622 206622  6337  8896
206622 206622  6337  8896
206624 206624  6337  8896
206690 206690  6773  8916
206696 206696  6773  8916
206696 206696  6773  8916
206734 206733  6087  8933
206734 206733  6087  8933
206734 206734  6087  8933
206753 206753  6467  8971
206762 206762  6351  8893
206762 206762  6351  8893
206764 206764  6351  8893
206764 206764  6351  8893
206764 206764  6351  8893
206931 206931  6402  8876
206931 206931  6402  8876
207622 207622  3961  1370
207623 207623  3961  1370
207780 207780  4121  1334
207945 207945  3777  1323
208236 208236  7148  7250
208236 208236  7148  7250
208236 208236  7148  7250
208334 208334  7094  7866
208334 208334  7094  7866
208334 208334  7094  7866
208336 208336  7094  7866
208384 208384  7094  7866
208384 208384  7094  7866
208384 208384  7094  7866
208384 208384  7094  7866
208526 208526  6998  7214
208526 208526  6998  7214
208526 208526  6998  7214
208526 208526  6998  7214
208526 208526  6998  7214
208526 208526  6998  7214
208526 208526  6998  7214
208526 208526  6998  7214
208526 208526  6998  7214
208526 208526  6998  7214
208529 208529  6998  7214
208529 208529  6998  7214
208678 208678  7259  7448
208765 208765  6224  8085
208879 208879  6851  7593
208879 208879  6851  7593
208983 208983  6594  7933
209225 209225  8658  8241
209372 209372  8445  8234
209383 209383  8562  8375
209454 209454  8667  8229
209454 209454  8667  8229
209487 209487  8669  8239
209487 209487  8669  8239
209527 209527  8498  8473
209565 209565  8700  8063
209946 209946  8435  8531
212264 212264  5004  1406
212264 212264  5004  1406
212264 212264  5004  1406
212264 212264  5004  1406
212264 212264  5004  1406
212264 212264  5004  1406
212264 212264  5004  1406
212264 212264  5004  1406
212264 212264  5004  1406
212264 212264  5004  1406
212264 212264  5004  1406
212264 212264  5004  1406
212264 212264  5004  1406
212264 212264  5004  1406
212264 212264  5004  1406
212264 212264  5004  1406
212264 212264  5004  1406
212399 212399  4993  1409
212399 212399  4993  1409
212399 212399  4993  1409
212399 212399  4993  1409
212415 212415  4998  1407
212466 212466  5004  1405
212466 212466  5004  1405
212466 212466  5004  1405
212466 212466  5004  1405
212553 212553  5004  1406
212553 212553  5004  1406
212584 212584  4967  1409
212620 212620  4998  1407
212620 212620  4998  1407
212668 212668  5005  1404
212668 212668  5005  1404
212668 212668  5005  1404
212678 212678  4983  1410
212686 212686  4995  1405
212704 212704  4994  1407
212720 212720  5004  1406
212758 212758  4991  1405
212791 212791  5004  1406
212791 212791  5004  1406
212791 212791  5004  1406
212791 212791  5004  1406
212791 212791  5004  1406
212791 212791  5004  1406
212791 212791  5004  1406
212791 212791  5004  1406
212826 212826  4991  1405
212826 212826  4991  1405
212860 212860  4985  1407
212912 212912  5004  1405
212944 212944  4994  1407
212944 212944  4994  1407
212944 212944  4994  1407
212974 212974  4993  1409
212974 212974  4993  1409
213209 213209  9216  7913
213209 213209  9216  7913
818215 213215  9236  7899
818215 213215  9236  7899
213251 2139212  7884
213267 213267  9215  7867
213297 213297  9246  7897
213297 213297  9246  7897
213297 213297  9246  7897
213323 213323  9250  7879
213323 213323  9250  7879
213323 213323  9250  7879
213323 213323  9250  7879
213323 213323  9250  7879
213381 213381  9212  7884
213468 213468  9205  7892
213477 213477  9219  7913
213477 213477  9219  7913
213478 213478  9219  7913
213478 213478  9219  7913
213478 213478  9219  7913
213478 213478  9219  7913
213478 213478  9219  7913
213478 213478  9219  7913
213494 213494  9266  7846
213494 213494  9266  7846
213494 213494  9266  7846
213494 213494  9266  7846
213494 213494  9266  7846
213519 213519  9281  7873
213590 213590  9271  7857
213620 213620  9213  7878
213683 213683  9213  7878
213831 213831  9281  7873
213894 213894  9213  7878
213894 213894  9213  7878
213894 213894  9213  7878
213894 213894  9213  7878
213894 213894  9213  7878
213894 213894  9213  7878
213894 213894  9213  7878
213894 213894  9213  7878
213894 213894  9213  7878
213922 213922  9238  7850
213922 213922  9238  7850
213922 213922  9238  7850
213922 213922  9238  7850
213922 213922  9238  7850
213922 213922  9238  7850
214235 214235  8398  4037
214266 214266  8463  4072
214376 214376  8453  4027
214376 214376  8453  4027
214453 214453  8431  4084
214583 214583  8234  3996
817844 214597  8417  3744
214651 214651  8437  4035
214651 214651  8437  4035
214670 214670  8437  4035
214720 214720  8435  4035
214720 214720  8435  4035
214749 214749  8437  4035
214760 214760  8437  4035
214767 214767  8437  4035
214767 214767  8437  4035
214767 214767  8437  4035
214767 214767  8437  4035
214767 214767  8437  4035
214767 214767  8437  4035
214767 214767  8437  4035
214767 214767  8437  4035
214767 214767  8437  4035
214767 214767  8437  4035
214767 214767  8437  4035
214767 214767  8437  4035
214767 214767  8437  4035
214767 214767  8437  4035
214767 214767  8437  4035
214767 214767  8437  4035
214767 214767  8437  4035
214767 214767  8437  4035
214767 214767  8437  4035
214767 214767  8437  4035
214767 214767  8437  4035
214767 214767  8437  4035
214780 214780  8470  4043
214792 214792  8111  3626
214838 214838  8113  3635
215233 215233  5234  1481
215320 215320  5258  1612
215337 215337  5248  1510
215382 215382  5255  1465
215382 215382  5255  1465
215384 215384  5310  1552
215461 215461  5273  1470
215492 215492  5269  1453
215574 215574  5250  1459
215574 215574  5250  1459
215596 215596  5255  1465
215596 215596  5255  1465
215596 215596  5255  1465
215596 215596  5255  1465
215596 215596  5255  1465
215597 215597  5250  1459
215597 215597  5250  1459
215597 215597  5250  1459
215597 215597  5250  1459
215597 215597  5250  1459
215597 215597  5250  1459
215597 215597  5250  1459
215597 215597  5250  1459
215597 215597  5250  1459
215597 215597  5250  1459
215776 215776  5167  1586
215783 215783  5248  1510
215829 215829  5250  1459
215864 215864  5252  1461
215864 215864  5252  1461
215951 215951  5238  1472
215951 215951  5238  1472
215969 215969  5215  1458
216363 216363  5575  2544
216392 216392  5548  2392
216392 216399  5548  2392
216433 216433  5600  2552
216433 216433  5600  2552
216433 216433  5600  2552
216433 216433  5600  2552
216433 216433  5600  2552
216433 216433  5600  2552
216433 216433  5600  2552
216489 216489  5676  2420
216522 216522  5575  2544
216522 216522  5575  2544
216522 216522  5575  2544
216522 216522  5575  2544
216522 216522  5575  2544
216522 216522  5575  2544
216522 216522  5575  2544
216522 216522  5575  2544
216522 216522  5575  2544
216526 216526  5602  2515
216526 216526  5602  2515
216526 216526  5602  2515
216526 216526  5602  2515
216579 216579  5575  2544
216579 216579  5575  2544
216744 216744  5557  2354
216746 216746  5557  2354
412746 216746  5557  2354
216774 216774  5659  2594
216793 216788  5565  2350
216793 216788  5565  2350
216791 216791  5568  2534
216796 216796  5636  2462
216796 216796  5636  2462
216796 216796  5636  2462
216796 216796  5636  2462
216796 216796  5636  2462
216796 216796  5636  2462
216848 216848  5652  2476
216997 216997  5429  2462
217224 217224  6642  3790
217373 217373  6371  3336
205350 217428  6477  3414
217428 217428  6477  3414
217428 217428  6477  3414
217442 217442  6321  3245
217492 217492  6539  3512
217522 217522  6539  3512
217522 217522  6539  3512
218365 218365  5117  4603
218720 218720  5346  4529
218722 218722  5352  4529
218727 218727  5352  4529
218739 218739  5692  5033
218751 218751  5385  4970
612339 218828  5567  4778
219236 219236  5920  3206
219236 219236  5920  3206
219426 219424  5942  2983
219426 219426  5942  2983
219427 219427  5942  2983
219886 219886  6019  3354
219926 219926  5994  3314
219932 219937  6028  3383
301224 301224  5560  1527
301234 301234  5511  1574
301265 301265  5517  1594
301265 301265  5517  1594
301265 301265  5517  1594
301286 301286  5592  1577
301286 301286  5592  1577
301286 301286  5592  1577
301286 301286  5592  1577
301286 301286  5592  1577
301286 301286  5592  1577
301286 301286  5592  1577
301286 301286  5592  1577
301286 301286  5592  1577
301286 301286  5592  1577
301286 301286  5592  1577
301286 301286  5592  1577
301286 301286  5592  1577
301286 301286  5592  1577
301286 301286  5592  1577
301286 301286  5592  1577
301286 301286  5592  1577
301286 301286  5592  1577
301286 301286  5592  1577
301286 301286  5592  1577
301286 301286  5592  1577
301286 301286  5592  1577
301320 301320  5618  1605
301320 301320  5618  1605
301320 301320  5618  1605
301353 301353  5595  1650
301353 301353  5595  1650
301353 301353  5595  1650
301353 301353  5595  1650
301353 301353  5595  1650
301394 301394  5585  1587
301394 301394  5585  1587
301394 301394  5585  1587
301420 301420  5619  1560
301420 301420  5619  1560
301420 301420  5619  1560
301420 301420  5619  1560
301420 301420  5619  1560
301420 301420  5619  1560
301420 301420  5619  1560
301420 301420  5619  1560
301420 301420  5619  1560
301427 301427  5604  1595
301427 301427  5604  1595
301427 301427  5604  1595
301427 301427  5604  1595
301427 301427  5604  1595
301427 301427  5604  1595
301428 301428  5595  1650
301428 301428  5595  1650
301428 301428  5595  1650
301428 301428  5595  1650
301428 301428  5595  1650
301436 301436  5603  1577
301436 301436  5603  1577
301436 301436  5603  1577
301436 301436  5603  1577
301436 301436  5603  1577
301436 301436  5603  1577
301436 301436  5603  1577
301655 301443  5603  1615
301655 301443  5603  1615
301655 301443  5603  1615
301655 301443  5603  1615
301655 301443  5603  1615
301655 301443  5603  1615
301655 301443  5603  1615
301655 301443  5603  1615
301655 301443  5603  1615
301655 301443  5603  1615
301447 301447  5506  1724
301447 301447  5506  1724
301467 301467  5505  1578
301469 301469  5614  1615
301469 301469  5614  1615
301469 301469  5614  1615
301469 301469  5614  1615
301469 301469  5614  1615
301469 301469  5614  1615
301469 301469  5614  1615
301469 301469  5614  1615
301469 301469  5614  1615
301469 301469  5614  1615
301469 301469  5614  1615
301469 301469  5614  1615
301469 301469  5614  1615
301469 301469  5614  1615
301469 301469  5614  1615
301469 301469  5614  1615
301469 301469  5614  1615
301469 301469  5614  1615
301469 301469  5614  1615
301469 301469  5614  1615
301469 301469  5614  1615
301469 301469  5614  1615
301469 301469  5614  1615
301469 301469  5614  1615
301469 301469  5614  1615
301469 301469  5614  1615
301469 301469  5614  1615
301469 301469  5614  1615
301469 301469  5614  1615
301469 301469  5614  1615
301474 301474  5592  1577
301477 301477  5503  1548
301539 301539  5511  1574
301576 301576  5511  1574
301594 301594  5517  1594
301594 301594  5517  1594
301594 301594  5517  1594
301594 301594  5517  1594
301594 301594  5517  1594
301594 301594  5517  1594
301594 301594  5517  1594
301594 301594  5517  1594
301594 301594  5517  1594
301594 301594  5517  1594
301597 301594  5517  1594
301597 301594  5517  1594
301597 301594  5517  1594
301597 301594  5517  1594
301597 301594  5517  1594
301597 301594  5517  1594
301597 301594  5517  1594
301597 301594  5517  1594
301597 301594  5517  1594
301597 301597  5517  1594
301598 301598  5592  1613
301642 301642  5411  1534
301652 301652  5614  1601
301652 301652  5614  1601
301652 301652  5614  1601
301652 301652  5614  1601
301652 301652  5614  1601
301652 301652  5614  1601
301652 301652  5614  1601
301652 301652  5614  1601
301652 301652  5614  1601
301652 301652  5614  1601
301662 301662  5566  1700
301671 301671  5457  1554
301671 301671  5457  1554
301671 301671  5457  1554
301698 301698  5572  1716
301698 301698  5572  1716
301733 301733  5555  1772
301733 301733  5555  1772
301789 301789  5521  1566
301797 301797  5555  1772
301828 301828  5491  1586
301926 301926  5595  1637
301955 301955  5509  1571
301955 301955  5509  1571
301955 301955  5509  1571
301955 301955  5509  1571
301962 301962  5511  1574
301962 301962  5511  1574
301962 301962  5511  1574
301962 301962  5511  1574
301962 301962  5511  1574
301962 301962  5511  1574
301962 301962  5511  1574
301962 301962  5511  1574
301962 301962  5511  1574
301975 301975     0     0
301975 301975     0     0
301975 301975     0     0
301985 301985  5603  1577
302323 302323  5344  1479
302335 302335  5449  1380
302571 302571  5326  1486
302571 302571  5326  1486
302571 302736  5428  1407
302994 302994  5336  1494
303242 303100     0     0
303221 303221  7331  5965
303224 303224  7331  5965
303224 303224  7331  5965
303224 303224  7331  5965
303226 303226  7343  5960
303231 303231  7506  5912
303231 303234  7506  5912
303234 303234  7506  5912
303235 303235  7506  5912
303236 303236  7506  5912
303236 303236  7506  5912
303236 303236  7506  5912
303236 303236  7506  5912
303236 303236  7506  5912
303236 303236  7506  5912
303236 303236  7506  5912
303236 303236  7506  5912
303236 303236  7506  5912
303236 303236  7506  5912
303240 303240  7897  6293
303240 303240  7897  6293
303242 303242  7804  6438
303243 303243  7804  6438
303366 303341  7495  5877
303385 303385  8150  6225
303395 303395  7742  6028
303399 303399  7498  5889
303399 303399  7498  5889
303456 303456  7757  5502
303492 303492  7464  5953
303494 303494  7464  5953
303494 303494  7464  5953
303497 303497  7464  5953
303497 303497  7464  5953
303497 303497  7464  5953
303554 303554  7673  5799
303570 303570  7673  5799
303592 303592  7500  5899
303623 303623  7500  5899
303629 303629  7500  5899
303629 303629  7500  5899
303758 303758  7512  5886
303758 303758  7512  5886
303758 303758  7512  5886
303758 303758  7512  5886
303776 303776  7418  5943
303776 303776  7418  5943
303799 303799  7527  5849
303844 303844  7500  5899
303844 303844  7500  5899
303844 303844  7500  5899
303844 303844  7500  5899
303844 303844  7500  5899
303844 303844  7500  5899
303844 303844  7500  5899
303844 303844  7500  5899
303844 303844  7500  5899
303844 303844  7500  5899
303852 303852  8006  5953
303852 303852  8006  5953
303866 303866  7501  5895
303966 303966  7464  5953
303980 303980  7519  5913
304267 304101     0     0
304255 304255  6218  2043
304263 304263  5611  1782
304263 304263  5611  1782
304263 304264     0     0
304267 304267  5611  1782
304292 304291  5764  2083
304347 304347  6152  2174
304347 304347  6152  2174
304422 304422  5975  2268
304429 304429  6222  2309
304445 304445  6177  1957
304456 304456  5971  1921
304529 304529  6211  2299
304547 304547  5751  2233
304  0 304623  5864  2096
304636 304636  5883  1984
304636 304636  5883  1984
304725 304725  5631  1747
304788 304788  5711  1922
304822 304822  5706  1879
304822 304822  5706  1879
304822 304822  5706  1879
304822 304822  5706  1879
304822 304822  5706  1879
304822 304822  5706  1879
304822 304822  5706  1879
304347 304877  6194  2054
305591 305103     0     0
305867 305106     0     0
305253 305253  8392   536
305324 305324  8350   534
305324 305324  8350   534
305350 305350  8351   528
305361 305361  8365   513
305425 305425  7954  1032
305445 305445  8362   536
305494 305494  7912   880
305526 305526  8354   546
305527 305527  8281   558
305350 305536  8351   528
305536 305536  8351   528
305536 305536  8351   528
305536 305536  8351   528
305350 305573  8347   532
813228 305573  8347   532
305591 305591  8361   557
305622 305627  8142   629
305622 305627  8142   629
305622 305627  8142   629
305622 305627  8142   629
305636 305636  7924   904
305636 305636  7924   904
305420 305648  7954  1032
305672 305672  8343   520
305681 305681  8333   550
305732 305732  8197   589
305632 305784  7912   885
305784 305784  7912   885
305784 305784  7912   885
305853 305853  7912   885
305853 305853  7912   885
305853 305853  7912   885
305853 305853  7912   885
305853 305853  7912   885
305853 305853  7912   885
305853 305853  7912   885
305853 305853  7912   885
305855 305855  7965  1024
305867 305867  7917   902
305867 305867  7917   902
305867 305867  7917   902
305867 305867  7917   902
305867 305867  7917   902
305867 305867  7917   902
305867 305867  7917   902
305867 305867  7917   902
305867 305867  7917   902
307261 307261  6916  6297
307324 307324  7178  6378
307344 307344  6638  7077
307382 307382  7302  6679
307772 307772  7204  5958
307733 307773     0     0
307778 307778  7204  5958
308381 308381  6901  4934
308382 308382  6901  4934
309671 309107     0     0
309671 309671  6379  3599
309685 309685  6379  3599
309788 309788  6286  3809
309793 309793  6286  3809
309794 309794  6286  3809
312840 312109     0     0
312261 312261  5995  3443
312261 312261  5995  3443
312322 312322  5985  3425
312353 312353  5985  3425
312353 312353  5985  3425
312353 312353  5985  3425
312353 312353  5985  3425
312353 312353  5985  3425
312353 312353  5985  3425
312353 312353  5985  3425
312353 312353  5985  3425
312353 312353  5985  3425
312353 312353  5985  3425
312353 312353  5985  3425
312353 312353  5985  3425
312353 312353  5985  3425
312353 312353  5985  3425
312353 312353  5985  3425
312353 312353  5985  3425
312353 312353  5985  3425
312353 312353  5985  3425
312353 312353  5985  3425
312353 312353  5985  3425
312431 312431  5985  3425
312431 312431  5985  3425
312435 312435  5985  3425
312565 312565  5985  3425
312578 312578  5910  3503
312578 312578  5910  3503
312663 312663  5987  3424
312666 312666  5988  3429
312666 312666  5988  3429
312681 312681  6001  3455
312686 312686  5987  3473
312686 312686  5987  3473
312694 312694  5986  3426
312751 312751  5985  3425
312765 312765  5987  3424
312790 312790  6020  3487
312799 312799  6050  3397
312840 312840  6042  3520
312840 312840  6042  3520
312858 312858  6020  3487
312858 312858  6020  3487
312897 312897  6060  3507
312943 312943  5985  3425
312953 312953  5975  3435
312972 312972  6059  3475
312972 312972  6059  3475
312972 312972  6059  3475
312972 312972  6059  3475
312972 312972  6059  3475
312972 312972  6059  3475
312972 312972  6059  3475
313226 313110     0     0
313994 313111     0     0
313226 313226  5536  2829
313226 313226  5536  2829
313226 313226  5536  2829
313226 313226  5536  2829
313226 313226  5536  2829
313226 313226  5536  2829
313226 313226  5536  2829
313226 313226  5536  2829
313234 313234  5462  2993
313237 313237  5536  2829
313439 313439  5634  2888
313562 313562  5559  2854
313668 313668  5603  2919
313769 313769  5603  2919
313942 313942  5588  2857
313994 313994  5603  2919
314263 314113     0     0
314263 314114     0     0
314221 314221  6688  3763
314364 314241  6807  3483
314263 314263  6801  3500
314263 314263  6801  3500
314263 314263  6801  3500
314263 314263  6801  3500
314263 314263  6801  3500
314241 314364  7056  3662
314364 314364  7056  3662
314374 314374  7072  3856
314374 314374  7072  3856
314374 314374  7072  3856
314374 314374  7072  3856
314374 314374  7072  3856
314374 314374  7072  3856
314444 314444  6807  3483
314487 314487  6842  3492
202244 314623     0     0
314634 314634  6963  3782
314634 314635  6963  3782
314634 314635  6963  3782
314652 314652  6807  3490
314686 314686  7185  3335
314854 314854  6810  3502
314875 314875  6901  3841
314948 314948  6880  3505
315423 315116     0     0
315252 315252  4857  2029
315423 315423  4797  1990
315458 315458  4781  1999
315476 315476  4797  1990
315764 315764  4349  2077
315788 315788  4612  2080
315793 315793  4703  1879
316232 316232  7370  4076
316374 316232  7370  4076
316374 316374  7464  4330
816374 316374  7464  4330
816374 316662  7453  4644
316685 316685  7486  4511
317269 317117     0     0
317247 317247  6282  3003
317269 317269  6272  2992
317269 317269  6272  2992
317269 317269  6272  2992
317269 317269  6272  2992
317269 317269  6272  2992
317269 317269  6272  2992
317352 317352  6265  2979
317494 317494  6208  3170
317494 317494  6208  3170
317494 317494  6208  3170
317494 317494  6208  3170
317635 317635  6272  2992
317635 317635  6272  2992
317639 317639  6272  2992
317674 317674  6094  2995
317747 317747  6129  2924
317927 317927  6264  2996
318473 318118     0     0
318473 318119     0     0
318221 318221  8271  3495
318226 318226  8271  3495
318234 318234  8587  2996
318387 318387  8149  3219
318387 318387  8149  3219
318439 318439  8680  3203
318456 318456  8271  3495
318456 318456  8271  3495
318456 318456  8271  3495
318473 318473  8409  3168
318473 318473  8409  3168
319234 319234  6206  4167
319291 319291  6206  4167
319291 319291  6206  4167
319324 319324  6273  3818
319338 319338  6315  3971
319354 319354  6315  3971
319399 319399  6262  4021
319557 319557  6091  3927
319582 319582  6091  3927
319752 319752  6452  3829
319752 319752  6452  3829
319752 319752  6452  3829
319752 319752  6452  3829
319752 319752  6452  3829
319752 319752  6452  3829
401273 401273  4550  1219
401528 401528  4550  1219
401528 401528  4550  1219
401528 401528  4550  1219
401528 401528  4550  1219
401789 401789  4623  1176
401847 401847  4596  1160
402221 402221  6687  4595
402221 402221  6687  4595
402221 402221  6687  4595
402221 402221  6687  4595
402294 402294  6708  4577
402294 402294  6708  4577
402294 402294  6708  4577
402294 402294  6708  4577
402294 402294  6708  4577
402294 402294  6708  4577
402294 402294  6708  4577
402294 402294  6708  4577
402294 402294  6708  4577
402294 402294  6708  4577
402346 402346  6687  4595
402346 402346  6687  4595
402348 402348  6687  4595
402464 402471  6823  4674
402471 402471  6823  4674
402471 402471  6823  4674
402471 402471  6823  4674
402471 402471  6823  4674
402471 402471  6823  4674
402471 402471  6823  4674
402471 402471  6823  4674
402471 402471  6823  4674
402471 402471  6823  4674
402471 402471  6823  4674
402471 402471  6823  4674
402471 402471  6823  4674
402471 402471  6823  4674
402471 402471  6823  4674
404221 404120     0     0
404455 404121     0     0
404521 404122     0     0
404291 404291  7234  2260
404321 404321  7241  2080
404321 404321  7241  2080
404322 404324  7557  2044
404322 404324  7557  2044
404322 404324  7557  2044
404322 404324  7557  2044
404329 404329  7241  2080
404329 404329  7241  2080
404329 404329  7241  2080
404329 404329  7241  2080
404329 404329  7241  2080
404329 404329  7241  2080
404221 404331  7259  2085
404221 404331  7259  2085
404221 404331  7259  2085
404221 404331  7259  2085
404221 404331  7259  2085
404221 404331  7259  2085
404221 404331  7259  2085
404221 404331  7259  2085
404885 404347  7259  2085
404885 404347  7259  2085
404885 404347  7259  2085
404885 404347  7259  2085
404885 404347  7259  2085
404885 404347  7259  2085
912431 404430     0     0
404455 404455  7226  2085
404521 404521  7259  2085
404522 404522  7259  2085
404536 404536  7106  2054
404546 404546  7130  1948
404546 404546  7130  1948
404586 404586  7259  2085
404622 404622  7266  2077
404624 404624  7266  2077
404322 404649  7557  2044
404724 404724  7090  1675
404724 404724  7090  1675
404724 404724  7090  1675
404763 404763  7280  2085
404946 404946  7320  2028
405231 405231  7946  4372
405231 405231  7946  4372
405247 405247  8073  4462
405262 405262  7962  4450
405272 405272  7946  4372
405272 405272  7946  4372
405332 405332  8030  4176
405332 405332  8030  4176
405353 405353  8178  4454
405624 405624  7786  4348
405686 405686  7959  4376
405686 405686  7959  4376
405686 405686  7959  4376
405842 405842  7931  4381
405842 405842  7931  4381
406232 406232  6153  6436
406329 406329  6335  7648
406329 406329  6335  7648
406329 406329  6335  7648
406329 406363  6474  7650
406363 406363  6474  7650
406442 406442  6339  7350
406444 406444  6339  7350
406444 406444  6339  7350
406444 406444  6339  7350
406444 406444  6339  7350
406449 406449  6339  7350
406494 406494  6486  7393
406494 406494  6486  7393
406496 406496  6477  7399
406587 406587  6501  7161
406657 406657  6390  6790
406683 406683  6651  7380
406755 406755  6058  7745
406755 406755  6058  7745
406782 406782  6477  7399
408291 408291  8583  8619
408291 408291  8583  8619
408291 408291  8583  8619
408443 408443  8713  8562
408546 408546     0     0
409244 409244  9135  3578
409244 409639  8575  3561
409724 409724  8789  3316
409760 409760  8832  3600
409837 409837  8638  3471
412261 412261  5619  2184
412287 412287  5534  2220
412363 412363  5609  2177
412471 412471  5619  2184
412476 412476  5618  2168
412476 412476  5618  2168
412476 412476  5618  2168
412621 412621  5614  2178
412644 412644  5619  2184
412644 412644  5619  2184
412644 412644  5619  2184
412644 412644  5619  2184
412644 412644  5619  2184
412675 412675  5625  2155
412675 412675  5625  2155
412675 412675  5625  2155
412683 412683  5614  2178
412683 412683  5614  2178
412776 412776  5584  2228
412261 412829  5615  2163
412937 412937  5624  2199
412644 412981  5520  2349
814999 412999     0     0
413584 413584  4587  1442
413785 413785  4620  1408
414276 414276  5785  3582
414291 414291  5785  3582
414291 414291  5785  3582
414291 414291  5785  3582
414291 414291  5785  3582
414291 414291  5785  3582
414383 414383  5793  3585
414384 414384  5793  3585
414433 414433  5512  3749
414433 414433  5512  3749
414433 414433  5512  3749
414632 414632  5836  3534
414632 414632  5836  3534
414632 414632  5836  3534
414632 414632  5836  3534
608264 414632  5836  3534
414734 414734  5588  3778
517788 414739  5588  3778
517789 414739  5588  3778
415486 415123     0     0
415556 415124     0     0
415876 415125     0     0
415974 415127     0     0
415221 415221  8495  8729
415221 415221  8495  8729
415221 415221  8495  8729
415228 415228  8441  8677
415231 415231  8459  8712
415323 415323  8563  8668
415323 415323  8563  8668
415323 415323  8563  8668
415323 415323  8563  8668
415393 415393  8492  8719
415393 415393  8492  8719
415422 415422  8504  8606
415422 415422  8504  8606
415422 415422  8504  8606
415422 415422  8504  8606
415422 415422  8504  8606
415422 415422  8504  8606
415422 415422  8504  8606
415422 415422  8504  8606
415422 415422  8504  8606
415422 415422  8504  8606
415422 415422  8504  8606
415422 415422  8504  8606
415422 415422  8504  8606
415422 415422  8504  8606
415422 415422  8504  8606
415422 415422  8504  8606
415422 415422  8504  8606
415422 415422  8504  8606
415422 415422  8504  8606
415422 415422  8504  8606
415437 415437  8490  8687
415447 415447  8504  8606
415486 415486  8473  8697
415486 415486  8473  8697
415486 415486  8473  8697
415486 415486  8473  8697
415486 415486  8473  8697
415493 415493  8563  8668
415493 415493  8563  8668
415493 415493  8563  8668
415545 415545  8493  8717
415546 415546  8493  8717
415546 415546  8493  8717
415546 415546  8493  8717
415553 415553  8496  8721
415553 415553  8496  8721
415556 415556  8496  8721
415556 415556  8496  8721
415556 415556  8496  8721
415556 415556  8496  8721
415556 415556  8496  8721
415556 415556  8496  8721
415556 415556  8496  8721
415556 415556  8496  8721
415556 415556  8496  8721
415556 415556  8496  8721
415556 415556  8496  8721
415556 415556  8496  8721
415597 415597     0     0
415598 415598  8551  8687
415642 415642  8473  8697
415646 415646     0     0
707646 415646     0     0
415768 415768  8493  8717
415768 415768  8493  8717
415768 415768  8493  8717
415768 415768  8493  8717
415768 415768  8493  8717
415768 415768  8493  8717
415768 415768  8493  8717
415768 415768  8493  8717
415768 415768  8493  8717
415769 415769  8494  8691
415797 415797  8535  8646
415825 415825  8445  8659
415829 415829  8495  8637
415838 415838  8479  8649
415839 415839  8486  8696
415854 415854  8569  8678
415854 415854  8569  8678
415876 415876  8525  8716
415876 415876  8525  8716
415952 415952  8525  8716
415952 415952  8525  8716
415952 415952  8525  8716
415965 415965  8573  8653
415965 415965  8573  8653
415965 415965  8573  8653
415965 415965  8573  8653
415965 415965  8573  8653
415965 415965  8573  8653
415974 415974  8493  8717
415974 415974  8493  8717
415974 415974  8493  8717
415974 415974  8493  8717
415974 415974  8493  8717
415974 415974  8493  8717
415974 415974  8493  8717
417624 417624  7422  4018
417624 417862  7311  3834
417865 417862  7311  3834
417865 417865  7311  3834
419227 419227  5921  2799
419259 419259  5703  2820
419259 419259  5703  2820
419259 419259  5703  2820
216522 419325  5745  2560
419625 419625  5670  2681
419625 419625  5670  2681
419625 419625  5670  2681
419625 419625  5670  2681
419627 419625  5670  2681
419627 419627  5670  2681
419227 419999  5934  2804
501372 501129     0     0
501378 501130     0     0
501321 501321  7825  3556
501370 501370  7721  3448
501370 501370  7721  3448
501372 501372  7721  3448
501378 501378  7721  3448
501378 501378  7721  3448
501378 501378  7721  3448
501443 501443  7599  3872
501541 501541  7803  3358
501660 501660  7722  3457
501660 501660  7722  3457
501968 501968  7680  3636
501972 501972  7388  3297
502444 502442  6982  3088
502444 502444  6982  3088
502582 502582  6528  2773
502582 502582  6528  2773
502583 502583  6528  2773
502587 502587  6528  2773
502684 502684  6731  2927
502895 502895  6519  2758
502924 502924  6985  2961
503221 503221  6799  8915
503221 503221  6799  8915
503221 503221  6799  8915
503221 503221  6799  8915
503221 503221  6799  8915
503221 503221  6799  8915
503221 503221  6799  8915
503221 503221  6799  8915
503222 503222  6799  8915
503224 503224  6799  8915
503224 503224  6799  8915
503231 503231  6800  8910
503231 503231  6800  8910
503231 503231  6800  8910
503231 503231  6800  8910
503231 503231  6800  8910
503231 503231  6800  8910
503249 503249  6794  8910
503269 503269  7291  9122
503276 503276  6705  8327
503382 503382  7101  8677
503393 503393  6919  8958
503399 503399  6932  8960
503440 503440  7317  8982
503473 503473  7040  8041
503523 503523  6881  8156
503548 503548  7054  8660
503553 503553  6946  8684
503687 503687  7128  8955
503757 503757  7016  8990
503776 503776  7504  8891
503776 503776  7504  8891
503826 503826  7479  8888
503861 503861  6672  9113
503883 503883  7510  8714
503888 503888  7286  9132
503967 503967  6995  8967
504646 504133     0     0
504255 504225     0     0
504255 504255  8452  2618
504255 504255  8452  2618
504255 504255  8452  2618
504255 504255  8452  2618
504255 504255  8452  2618
504255 504255  8452  2618
504255 504255  8452  2618
504255 504255  8452  2618
504255 504255  8452  2618
504255 504255  8452  2618
504255 504255  8452  2618
504646 504255  8452  2618
504646 504255  8452  2618
504389 504389  8476  2874
504522 504522  8482  2638
504522 504522  8482  2638
504524 504524  8482  2638
504524 504524  8482  2638
504524 504524  8482  2638
504524 504524  8482  2638
504524 504524  8482  2638
504586 504586  8482  2638
504589 504589  8482  2638
504589 504589  8482  2638
504589 504589  8482  2638
504589 504589  8482  2638
504589 504589  8482  2638
504589 504589  8482  2638
504589 504589  8482  2638
504642 504642  8507  2840
504642 504642  8507  2840
504642 504642  8507  2840
504733 504733  8492  2661
504837 504837  8483  2654
504868 504868  8605  2716
505247 505247  8549  5887
505247 505247  8549  5887
505247 505247  8549  5887
505247 505247  8549  5887
505247 505247  8549  5887
505247 505247  8549  5887
505265 505265  8547  5878
505368 505368  8288  6333
505434 505434  8967  5633
505523 505523  9132  5742
505524 505524  9132  5742
505766 505532     0     0
505766 505532     0     0
505622 505622  8787  5413
505623 505623  8787  5413
505667 505667  8365  5876
505667 505667  8365  5876
505667 505667  8365  5876
505667 505667  8365  5876
505667 505667  8365  5876
505667 505667  8365  5876
505667 505667  8365  5876
505667 505667  8365  5876
505667 505667  8365  5876
505667 505667  8365  5876
505678 505678  9222  5652
505678 505678  9222  5652
505678 505678  9222  5652
505678 505678  9222  5652
505678 505678  9222  5652
505678 505678  9222  5652
505678 505678  9222  5652
505678 505678  9222  5652
505678 505678  9222  5652
505678 505678  9222  5652
505678 505678  9222  5652
505678 505678  9222  5652
505678 505678  9222  5652
505678 505678  9222  5652
505678 505678  9222  5652
505678 505678  9222  5652
505722 505722  8555  6273
505766 505766  8549  5887
505766 505766  8549  5887
505766 505766  8549  5887
505766 505766  8549  5887
505766 505766  8549  5887
505766 505766  8549  5887
505766 505766  8549  5887
505766 505766  8549  5887
505766 505766  8549  5887
505766 505766  8549  5887
505842 505766  8549  5887
505772 505772  8802  6038
505823 505823  8527  5877
505766 505842  8549  5887
505842 505842  8549  5887
505823 505844  8549  5887
505844 505844  8549  5887
505844 505844  8549  5887
505844 505844  8549  5887
505844 505844  8549  5887
505844 505844  8549  5887
505844 505844  8549  5887
505844 505844  8549  5887
505844 505844  8549  5887
505844 505844  8549  5887
505844 505844  8549  5887
505844 505844  8549  5887
505844 505844  8549  5887
505844 505844  8549  5887
505844 505844  8549  5887
505844 505844  8549  5887
505844 505844  8549  5887
505844 505844  8549  5887
505844 505844  8549  5887
505844 505844  8549  5887
505844 505844  8549  5887
505844 505844  8549  5887
505844 505844  8549  5887
505844 505844  8549  5887
505844 505844  8549  5887
505844 505844  8549  5887
505844 505844  8549  5887
505844 505844  8549  5887
505844 505844  8549  5887
505844 505844  8549  5887
505844 505844  8549  5887
505863 505863  8555  6273
505887 505887  8974  5299
505988 505988  8389  5804
505988 505988  8389  5804
505988 505988  8389  5804
507287 507281  5916  4326
507282 507282  5916  4326
507287 507287  5916  4326
507625 507625  5987  4559
509328 509328  6242  8179
509376 509376  6572  8418
509376 509376  6572  8418
509376 509376  6572  8418
509376 509376  6572  8418
509376 509376  6572  8418
509376 509376  6572  8418
509376 509376  6572  8418
509376 509376  6572  8418
509376 509376  6572  8418
509376 509376  6572  8418
509376 509376  6572  8418
509376 509376  6572  8418
509376 509376  6572  8418
509456 509456  6247  8177
509456 509456  6247  8177
509456 509456  6247  8177
509456 509456  6247  8177
509456 509456  6247  8177
509456 509456  6247  8177
509456 509456  6247  8177
509488 509488  6461  8413
509525 509525  6611  8269
509525 509525  6611  8269
509575 509575  6533  8607
509633 509633  6211  8413
509634 509634  6165  8416
509662 509662  6350  8595
509754 509754  6360  8481
509762 509762  6389  8444
509865 509865  6579  8573
512482 512136     0     0
512225 512225  9225  4063
512229 512229  9225  4063
512229 512229  9225  4063
512229 512229  9225  4063
512229 512229  9225  4063
512321 512321  9007  3909
512397 512397  9004  3997
512397 512397  9004  3997
512425 512425  9819  3664
512462 512462  9012  3997
512462 512462  9012  3997
512482 512482  9004  3997
512482 512482  9004  3997
512482 512482  9004  3997
512482 512482  9004  3997
512482 512482  9004  3997
512482 512482  9004  3997
512482 512482  9004  3997
512482 512482  9004  3997
512499 512499  9004  3997
512542 512542  9861  3606
512652 512652  9120  4853
512652 512652  9120  4853
512652 512652  9120  4853
512652 512652  9120  4853
512652 512652  9120  4853
512652 512652  9120  4853
512652 512652  9120  4853
512696 512696  9209  4088
512696 512696  9209  4088
512723 512723  9680  4098
512896 512896  9143  4226
512925 512925  9240  4063
512925 512925  9240  4063
512925 512925  9240  4063
512925 512925  9240  4063
512925 512925  9240  4063
512925 512925  9240  4063
512925 512925  9240  4063
512925 512925  9240  4063
513684 513137     0     0
513684 513138     0     0
513225 513225  6112  2704
513225 513225  6112  2704
513225 513225  6112  2704
513225 513225  6112  2704
312886 513235     0     0
513268 513268  6119  2712
513268 513268  6119  2712
513324 513325  6049  2666
513421 513421  6263  2680
513462 513462  6052  2630
513527 513527  6241  2666
513527 513527  6241  2666
513569 513569  6254  2681
513684 513684  6263  2680
513684 513684  6263  2680
513684 513684  6263  2680
513738 513738  6237  2733
513841 513841  6246  2677
513861 513861  6254  2681
513861 513861  6254  2681
513861 513861  6254  2681
513865 513865  6140  2701
513865 513865  6140  2701
514285 514285  4127  1992
515232 515232  6384  4312
515239 515239  6384  4312
515243 515243  6472  4275
515255 515255  6473  4283
515284 515284  6472  4275
515284 515284  6472  4275
515294 515294  6388  4317
515423 515423  6135  4351
515576 515576  6328  4437
515682 515682  6501  4042
515682 515682  6501  4042
515682 515682  6501  4042
515682 515682  6501  4042
515842 515842  6489  4172
516228 516228  4958  1355
516261 516261  4906  1337
516282 516282  4894  1280
516282 516282  4894  1280
516282 516282  4894  1280
516282 516282  4894  1280
516282 516282  4894  1280
516282 516282  4894  1280
516282 516282  4894  1280
516282 516282  4894  1280
516282 516282  4894  1280
516282 516282  4894  1280
516323 516323  4772  1243
516482 516482  4962  1377
516560 516560  4966  1354
516683 516683  4958  1355
516724 516724  4898  1317
516737 516737  4894  1302
516832 516832  4958  1355
517377 517377  5583  3081
517377 517377  5583  3081
517771 517771  5404  3074
517788 517787  5664  3007
517789 517789  5664  3007
518472 518140     0     0
518891 518185     0     0
518298 518298  4205  1907
518370 518370  4629  1675
518393 518393  4629  1675
518393 518393  4629  1675
518393 518393  4629  1675
518393 518393  4629  1675
518393 518393  4629  1675
518462 518462  4640  1630
518465 518465  4640  1630
518465 518465  4640  1630
518472 518472  4640  1630
518472 518472  4640  1630
518472 518472  4640  1630
518472 518472  4640  1630
518472 518472  4640  1630
518472 518472  4640  1630
518563 518563  4255  1869
518563 518563  4255  1869
518563 518563  4255  1869
518885 518884     0     0
518891 518891  4384  1902
518891 518891  4384  1902
601323 601323  7697  2764
601362 601362  8023  2880
601388 601388  8297  2485
601583 601582  8150  2637
601583 601583  8150  2637
601634 601634  8081  2998
601634 601634  8081  2998
601636 601636  8081  2998
601636 601636  8081  2998
601636 601636  8081  2998
601344 601649  8065  2645
601686 601686  7876  3100
601688 601688  8359  2601
601688 601688  8359  2601
601688 601688  8359  2601
601688 601688  8359  2601
601688 601688  8359  2601
601688 601688  8359  2601
601762 601762  8273  2419
601762 601762  8273  2419
601863 601863  8318  2511
601862 601864  8318  2511
601863 601864  8318  2511
601948 601948  8035  2879
601960 601960  8035  2879
601960 601960  8035  2879
602225 602142     0     0
602261 602144     0     0
602445 602145     0     0
602445 602146     0     0
602792 602147     0     0
602792 602148     0     0
602225 602225  9130  6738
602241 602241  9123  6749
602241 602241  9123  6749
602261 602261  9133  6748
602261 602261  9133  6748
602261 602261  9133  6748
602263 602263  9123  6749
602277 602277  9123  6749
602279 602279  9123  6749
602279 602279  9123  6749
602283 602283  8533  6737
602283 602283  8533  6737
602327 602327  9342  6480
602383 602383  9450  6636
602445 602445  8917  6871
602527 602527  8740  6751
602629 602629  9346  6487
602638 602638  8584  6886
602645 602645  8375  6811
602669 602669  9068  7175
602669 602669  9068  7175
602729 602729  8523  6344
602778 602778  8917  6871
602792 602792  9346  6487
602792 602792  9346  6487
602792 602792  9346  6487
602863 602863  9098  6767
602870 602870  9108  6754
602871 602871  8537  6336
602871 602871  8537  6336
603225 603225  4326  1427
603430 603430  4270  1313
603430 603430  4270  1313
603430 603430  4270  1313
603430 603430  4270  1313
603430 603430  4270  1313
603524 603524  4263  1465
603624 603624  4354  1388
603666 603666  4354  1388
603889 603889  4395  1356
605225 605225  5994  5309
605225 605225  5994  5309
605336 605336  6278  4901
605336 605336  6278  4901
605347 605347  6463  5966
605348 605348  6519  5904
605348 605348  6519  5904
605348 605348  6519  5904
605352 605352  6200  5184
605594 605594  6231  4881
605886 605886  6029  5065
606233 606233  6460  2562
606233 606233  6460  2562
606233 606233  6460  2562
606255 606255  6460  2562
513292 606292  6266  2676
513292 606292  6266  2676
513292 606292  6266  2676
513292 606292  6266  2676
513292 606292  6266  2676
606432 606432  6393  2205
606441 606441  6264  2665
606745 606745  6443  2510
607272 607272  4938  1957
607733 607733  5029  1954
607734 607734  5029  1954
607773 607773  4943  1837
607776 607776  5032  2052
608256 608108     0     0
608256 608256  5888  3796
608264 608264  5890  3798
608372 608372  5792  4043
608584 608584  5762  3906
608782 608782  5877  4123
608788 608788  5877  4123
609989 609149     0     0
609259 609259  5115  1411
609340 609340  5284  1284
609344 609344  5284  1284
609484 609484  5288  1301
609484 609484  5288  1301
609484 609484  5288  1301
201596 609645  5288  1301
609683 609683  5131  1443
609729 609729  5388  1288
609757 609757  5249  1453
609884 609884  5407  1298
609921 609921  5131  1443
609989 609989  5165  1440
612725 612150     0     0
612725 612221  5776  4499
612725 612221  5776  4499
612245 612235  5863  4790
612245 612235  5863  4790
612245 612245  5528  4574
612251 612251  5721  4703
612251 612251  5721  4703
612252 612252  5721  4703
612339 612339  5781  4525
612339 612339  5781  4525
612339 612339  5781  4525
612349 612349  5781  4525
612690 612349  5781  4525
612725 612349  5781  4525
612463 612463  5838  4476
612642 612642  5779  4511
612690 612690  5784  4509
612690 612690  5784  4509
612690 612690  5784  4509
612725 612725  5793  4510
612726 612725  5793  4510
612726 612725  5793  4510
612726 612725  5793  4510
614282 614283  5690  2262
614289 614289  6141  2456
614289 614289  6141  2456
614289 614289  6141  2456
614289 614289  6141  2456
614289 614289  6141  2456
614289 614289  6141  2456
614369 614369  5915  2602
614424 614424  5968  2560
614424 614424  5968  2560
614424 614424  5968  2560
614424 614424  5968  2560
614453 614453  5890  2410
614469 614469  5972  2554
614469 614469  5972  2554
614469 614469  5972  2554
614469 614469  5972  2554
614773 614773  6088  2480
614773 614773  6088  2480
614773 614773  6088  2480
615245 615247  6571  2107
615245 615247  6571  2107
615245 615247  6571  2107
615251 615251  7009  2711
615251 615251  7009  2711
615259 615259  7009  2711
615751 615267  7097  2357
615327 615327  7014  2714
615327 615327  7014  2714
615388 615388  7136  2695
615436 615436  6812  2160
615455 615455  7114  2541
615521 615521  6801  2251
615521 615521  6801  2251
615544 615544  6801  2251
615558 615558  6811  2256
615574 615574  6818  2305
615574 615574  6818  2305
615574 615574  6818  2305
615574 615574  6818  2305
615574 615574  6818  2305
615574 615574  6818  2305
615574 615574  6818  2305
615574 615574  6818  2305
615574 615574  6818  2305
615574 615574  6818  2305
615574 615574  6818  2305
615574 615574  6818  2305
615574 615574  6818  2305
615574 615574  6818  2305
615574 615574  6818  2305
615574 615574  6818  2305
615574 615574  6818  2305
615574 615574  6818  2305
615574 615574  6818  2305
615574 615574  6818  2305
615588 615588  6811  2256
615632 615632  6801  2251
615632 615632  6801  2251
615632 615632  6801  2251
615632 615632  6801  2251
615632 615632  6801  2251
615632 615632  6801  2251
615632 615632  6801  2251
615632 615632  6801  2251
615673 615673  6801  2251
615697 615697  7096  2357
615697 615697  7096  2357
615697 615697  7096  2357
615736 615736  7000  2697
615751 615751  7097  2357
615751 615751  7097  2357
615751 615751  7097  2357
615751 615751  7097  2357
615751 615751  7097  2357
615751 615751  7097  2357
615751 615751  7097  2357
615751 615751  7097  2357
615751 615751  7097  2357
615756 615756  7097  2357
615856 615856  6882  2250
615893 615893  7037  2618
615893 615893  7037  2618
615926 615926  6594  2051
615967 615967  7140  2506
616349 616349  5750  3177
616349 616385  5750  3177
616456 616456  5628  3261
517236 616683  5889  3223
616722 616722  5622  3371
616922 616922  5286  3448
616962 616962  5712  3124
616962 616962  5712  3124
616966 616966  5712  3124
616966 616966  5712  3124
616982 616982  5851  3282
617223 617152     0     0
617223 617153     0     0
617548 617154     0     0
617548 617155     0     0
617223 617223  4422  1250
617223 617223  4422  1250
617223 617223  4422  1250
617223 617223  4422  1250
617223 617223  4422  1250
617223 617223  4422  1250
617223 617223  4422  1250
617223 617223  4422  1250
617232 617232  4432  1255
617232 617232  4432  1255
617273 617273  4411  1286
617273 617273  4411  1286
617273 617273  4411  1286
617275 617275  4419  1293
617281 617281  4338  1235
617323 617323  4444  1250
617459 617459  4399  1320
617459 617459  4399  1320
617475 617475  4379  1301
617475 617475  4379  1301
617494 617494  4423  1253
617494 617494  4423  1253
617495 617495  4425  1258
617495 617495  4425  1258
617495 617495  4425  1258
617495 617495  4425  1258
617495 617495  4425  1258
617495 617495  4425  1258
617495 617495  4425  1258
617495 617495  4425  1258
617523 617523  4422  1250
617548 617548  4514  1080
617559 617559  4465  1205
617565 617565  4427  1251
617565 617565  4427  1251
617565 617565  4427  1251
617565 617565  4427  1251
617565 617565  4427  1251
617565 617565  4427  1251
617565 617565  4427  1251
617565 617565  4427  1251
617565 617565  4427  1251
617565 617565  4427  1251
617565 617565  4427  1251
617565 617565  4427  1251
617583 617583  4465  1205
617647 617647  4437  1274
617729 617729  4413  1274
617742 617742  4422  1250
617793 617793  4513  1330
617861 617861  4424  1283
617929 617929  4432  1242
617965 617965  4438  1267
617966 617966  4507  1277
617973 617973  4422  1250
617997 617997  4532  1131
618277 618277  6813  3439
618277 618277  6813  3439
618277 618277  6813  3439
618395 618395  6624  3171
618457 618457  6906  3254
618463 618463  6749  3502
618482 618482  6817  3473
618564 618564  6975  3094
618564 618564  6975  3094
618964 618964  6882  3201
618997 618997  6882  3201
619293 619158     0     0
619453 619160     0     0
619221 619221  9466  7644
619231 619231  9468  7630
619231 619231  9468  7630
619232 619232  9468  7630
619273 619273  9451  7645
619293 619293  9462  7632
619293 619293  9462  7632
619293 619293  9462  7632
619352 619352  9401  7344
619386 619386  8908  7645
619386 619386  8908  7645
619386 619386  8908  7645
619428 619428  9512  7602
619453 619453  9436  7648
602261 619572  9384  7171
619573 619573  9449  7634
619573 619573  9449  7634
619573 619573  9449  7634
619573 619573  9449  7634
619573 619573  9449  7634
619573 619573  9449  7634
619573 619573  9449  7634
619573 619573  9449  7634
619573 619573  9449  7634
619573 619573  9449  7634
619573 619573  9449  7634
619573 619573  9449  7634
619573 619573  9449  7634
619585 619585  9483  7613
619762 619762  8991  7805
701232 701232  5614  5181
701237 701237  5614  5181
701252 701252  5713  5451
701255 701255  5840  5736
701795 701795  5418  5300
702385 702161     0     0
702289 702289  7997  7493
702293 702293  8696  7349
702295 702295  8673  7410
702295 702295  8673  7410
702295 702295  8673  7410
702295 702295  8673  7410
702295 702295  8673  7410
702295 702295  8673  7410
702295 702295  8673  7410
702295 702295  8673  7410
702295 702295  8673  7410
702295 702295  8673  7410
702385 702385  8665  7411
702388 702388  8665  7411
702388 702388  8665  7411
702388 702388  8665  7411
702388 702388  8665  7411
702388 702388  8665  7411
702388 702388  8665  7411
702388 702388  8665  7411
702388 702388  8665  7411
702477 702477  8665  7411
702623 702623  7704  8023
702635 702635  7766  7869
702784 702784  8064  8323
702784 702784  8064  8323
702786 702786  8064  8323
702786 702786  8064  8323
702788 702788  8064  8323
702788 702788  8064  8323
702798 702798  8680  7408
702798 702798  8680  7408
702882 702882  8141  8305
702882 702882  8141  8305
703545 703162     0     0
703545 703163     0     0
703982 703165     0     0
703255 703255  5649  1616
703265 703265  6189  1808
703265 703265  6189  1808
703285 703285  5633  1610
703285 703285  5633  1610
703285 703285  5633  1610
703288 703288  5632  1590
703288 703288  5632  1590
703288 703288  5632  1590
703288 703288  5632  1590
703288 703288  5632  1590
703288 703288  5632  1590
703288 703288  5632  1590
703288 703288  5632  1590
703288 703288  5632  1590
703288 703288  5632  1590
703373 703373  5771  1569
703373 703373  5771  1569
703430 703430  5634  1649
703435 703435  5646  1642
703466 703466  6528  2056
703487 703487  5660  1606
703545 703545     0     0
703545 703545     0     0
703545 703545     0     0
703545 703545     0     0
703545 703545     0     0
703545 703545     0     0
703545 703545     0     0
703545 703545     0     0
703545 703545     0     0
703566 703566  6359  2125
703628 703628  6487  2039
703640 703640  5716  1574
703644 703644  5662  1595
703644 703644  5662  1595
703648 703648  5653  1629
703648 703648  5653  1629
703648 703648  5653  1629
703648 703648  5653  1629
703648 703648  5653  1629
703648 703648  5653  1629
703648 703648  5653  1629
703648 703648  5653  1629
703665 703665  5679  1777
703665 703665  5679  1777
703669 703669  6528  2056
703683 703683  5639  1577
703683 703683  5639  1577
301733 703733  5646  1642
703771 703771  5635  1683
703823 703823  5645  1582
703841 703841  5631  1590
703875 703875  5631  1590
703875 703875  5631  1590
703875 703875  5631  1590
703875 703875  5631  1590
703875 703875  5631  1590
703875 703875  5631  1590
703875 703875  5631  1590
703875 703875  5631  1590
703875 703875  5631  1590
703875 703875  5631  1590
703875 703875  5631  1590
703875 703875  5631  1590
703875 703875  5631  1590
703875 703875  5631  1590
703875 703875  5631  1590
703875 703875  5631  1590
703875 703875  5631  1590
703875 703875  5631  1590
703875 703875  5631  1590
703875 703875  5631  1590
703920 703920  5634  1586
703920 703920  5634  1586
703920 703920  5634  1586
703920 703920  5634  1586
703920 703920  5634  1586
703920 703920  5634  1586
703920 703920  5634  1586
703920 703920  5634  1586
703920 703920  5634  1586
703920 703920  5634  1586
703920 703920  5634  1586
703920 703920  5634  1586
703920 703920  5634  1586
703920 703920  5634  1586
703920 703920  5634  1586
703920 703920  5634  1586
703920 703920  5634  1586
703920 703920  5634  1586
703920 703920  5634  1586
703920 703920  5634  1586
703982 703982  6196  1802
703982 703982  6196  1802
703982 703982  6196  1802
703982 703982  6196  1802
704372 704166     0     0
704259 704259  6747  2001
704298 704298  6743  1989
704372 704372  6657  1698
704529 704529  6669  1698
704636 704636  6541  1694
704883 704883  6832  1988
707426 707426  8385  8667
707525 707525  8355  8786
707642 707642  8421  8700
707646 707646  8421  8700
707646 707646  8421  8700
707646 707646  8421  8700
707765 707765  8399  8770
712233 712233  6468  4767
712233 712233  6468  4767
712233 712233  6468  4767
712233 712233  6468  4767
712325 712325  6680  4581
713224 713167     0     0
713226 713168     0     0
713226 713169     0     0
713226 713170     0     0
713221 713221  8938  3536
713224 713224  8938  3536
713226 713226  8938  3536
713226 713226  8938  3536
713226 713226  8938  3536
713226 713226  8938  3536
713229 713229  8938  3536
713229 713229  8938  3536
713229 713229  8938  3536
713229 713229  8938  3536
713229 713229  8938  3536
713229 713229  8938  3536
713229 713229  8938  3536
713229 713229  8938  3536
713229 713229  8938  3536
713229 713229  8938  3536
713229 713229  8938  3536
713230 713230  8892  3556
713270 713270  8963  3558
713443 713443  8892  3556
713483 713483  8959  3480
713483 713483  8959  3480
713483 713483  8959  3480
713483 713483  8959  3480
713483 713483  8959  3480
713483 713483  8959  3480
713483 713483  8959  3480
713483 713483  8959  3480
713488 713488  8959  3480
713643 713643  8945  3519
713643 713643  8945  3519
713795 713795  8952  3539
713795 713795  8952  3539
713870 713870  8958  3577
714351 714351  9217  7728
714382 714382  9173  7709
714382 714382  9173  7709
714382 714382  9173  7709
714382 714382  9173  7709
714382 714382  9173  7709
714382 714382  9173  7709
714382 714382  9173  7709
714382 714382  9173  7709
714599 714599  9188  7800
714643 714643  9304  7761
714655 714655  9210  7698
714655 714655  9210  7698
714655 714655  9210  7698
714655 714655  9210  7698
714655 714655  9210  7698
714655 714655  9210  7698
714655 714655  9210  7698
714662 714662  9277  7800
714825 714825  9183  7712
714825 714825  9183  7712
714836 714836  9267  7798
714896 714896  9269  7824
714896 714896  9269  7824
714896 714896  9269  7824
714896 714896  9269  7824
714896 714896  9269  7824
714975 714975  9293  7792
714975 714975  9293  7792
714975 714975  9293  7792
714975 714975  9293  7792
714975 714975  9293  7792
714975 714975  9293  7792
714975 714975  9293  7792
714975 714975  9293  7792
218727 715284  5754  4122
715392 715392  5364  4523
715834 715834  5697  4262
716846 716171     0     0
716263 716263  4912  2194
716263 716263  4912  2194
716263 716263  4912  2194
716343 716343  4993  2249
716394 716394  4930  2117
716394 716394  4930  2117
716488 716488  5251  2280
716798 716798  4972  2304
716834 716834  5061  2329
716834 716834  5061  2329
716846 716846  5076  2327
716846 716846  5076  2327
716846 716846  5076  2327
716846 716846  5076  2327
716856 716856  5076  2327
716876 716876  5064  2335
716942 716942  5138  2233
717782 717172     0     0
717272 717272  5306  1680
717326 717326  5200  1873
717337 717337  5474  1727
717344 717344  5042  1715
717346 717346  5042  1715
717346 717346  5042  1715
717346 717346  5042  1715
717393 717393  5347  1626
717523 717523  5237  1822
717547 717547  5199  1847
717782 717782  5363  1733
717782 717782  5363  1733
717782 717782  5363  1733
717782 717782  5363  1733
717782 717782  5363  1733
717824 717824  5093  1723
717826 717826  5093  1723
717826 717826  5093  1723
717888 717888  5022  1903
717948 717948  5360  1705
718917 718174     0     0
718330 718330  5005  1399
718330 718330  5005  1399
718330 718330  5005  1399
718338 718338  5013  1387
718338 718338  5013  1387
718426 718426  4986  1392
718426 718426  4986  1392
718426 718426  4986  1392
718426 718426  4986  1392
718426 718426  4986  1392
718426 718426  4986  1392
718426 718426  4986  1392
718459 718459  4986  1384
718699 718699  4984  1389
718699 718699  4984  1389
718699 718699  4984  1389
718836 718836  5020  1396
718917 718917  4992  1369
718917 718917  4992  1369
718965 718965  5010  1396
801524 801332     0     0
801355 801355  7574  7066
801374 801374  7679  7004
801374 801374  7679  7004
801377 801377  7679  7004
801524 801524  7574  7066
801524 801524  7574  7066
801524 801524  7574  7066
801524 801524  7574  7066
801539 801539  7574  7066
801582 801582  7574  7057
801582 801582  7574  7057
801524 801625  7481  7100
801524 801625  7481  7100
801625 801625  7481  7100
801625 801625  7481  7100
801863 801863  7404  7196
801863 801863  7404  7196
801863 801863  7404  7196
801863 801863  7404  7196
801863 801863  7404  7196
801896 801896  8006  7006
801896 801896  8006  7006
802295 802295  4327  1585
802524 802524  4201  1839
802828 802828  4246  1701
802951 802951  4270  1808
802951 802951  4270  1808
803232 803232  6872  1895
803248 803248  6740  1265
803248 803248  6740  1265
803248 803248  6740  1265
803253 803253  6902  1587
803254 803254  6902  1587
803254 803254  6902  1587
803327 803327  6731  1693
803648 803557  7090  1675
803577 803577  7022  1279
803578 803578  6798  1851
803578 803578  6798  1851
803648 803649  7051  1645
803648 803649  7051  1645
803648 803649  7051  1645
803648 803649  7051  1645
803668 803668  6855  1501
803668 803668  6855  1501
803724 803724  7022  1279
803724 803724  7022  1279
803725 803725  7090  1675
803725 803725  7090  1675
803725 803725  7090  1675
803725 803725  7090  1675
803725 803725  7090  1675
803725 803725  7090  1675
803725 803725  7090  1675
803725 803725  7090  1675
803725 803725  7090  1675
803765 803765  6902  1587
803765 803765  6902  1587
803773 803773  6851  1473
803776 803776  6901  1568
804230 804230  5916  1472
804230 804230  5916  1472
804231 804231  5916  1472
804247 804247  5908  1259
804329 804329  5899  1474
804329 804329  5899  1474
804392 804392  6043  1580
804392 804392  6043  1580
804398 804398  5922  1223
804433 804433  5885  1180
804441 804441  5917  1223
804441 804441  5917  1223
804483 804483  5926  1241
804522 804522  6094  1703
804623 804623  5917  1223
804643 804643  5906  1472
804644 804644  5906  1472
804644 804644  5906  1472
804722 804722  5891  1252
804732 804732  5960  1429
804733 804733  5960  1429
804764 804764  5891  1252
804764 804764  5891  1252
804764 804764  5891  1252
804764 804764  5891  1252
804764 804764  5891  1252
804764 804764  5891  1252
804764 804764  5891  1252
804771 804771  5906  1472
804771 804771  5906  1472
804771 804771  5906  1472
804786 804786  5906  1472
804786 804786  5906  1472
804786 804786  5906  1472
804786 804786  5906  1472
804786 804786  5906  1472
804786 804786  5906  1472
804786 804786  5906  1472
804786 804786  5906  1472
804786 804786  5906  1472
804792 804792  6270  1641
804824 804824  5656  1249
804845 804845  6094  1703
804847 804847  6094  1703
804865 804865  5883  1267
804865 804865  5883  1267
804865 804865  5883  1267
804898 804898  5869  1286
804898 804898  5869  1286
804973 804973  5909  1686
805258 805258  8985  7951
805272 805272  9095  7872
805392 805392  8938  8062
805644 805644  9193  8062
805648 805648  9191  8072
805648 805648  9191  8072
805683 805683  9169  8167
805683 805683  9169  8167
805735 805735  9138  8293
805861 805861  8946  8059
805866 805866  9119  8308
805866 805866  9119  8308
805866 805866  9119  8308
805866 805866  9119  8308
805866 805866  9119  8308
805866 805866  9119  8308
805866 805866  9119  8308
805866 805866  9119  8308
805866 805866  9119  8308
805866 805866  9119  8308
805866 805866  9119  8308
805866 805866  9119  8308
805866 805866  9119  8308
805866 805866  9119  8308
805866 805866  9119  8308
805866 805866  9119  8308
805866 805866  9119  8308
805866 805866  9119  8308
805866 805866  9119  8308
805947 805947  9095  7872
805966 805966  9171  8150
805989 805989  9216  8041
805989 805989  9216  8041
806355 806355  8274  5080
806376 806376  8266  5075
806376 806376  8266  5075
806378 806378  8266  5075
806381 806381  8256  5073
806381 806381  8256  5073
806381 806381  8256  5073
806381 806381  8256  5073
806743 806743  8598  4962
808546 808546 11591 15609
809774 809774     0     0
809953 809953 30700     0
812238 812177     0     0
812238 812238  6431  3145
812238 812238  6431  3145
812238 812238  6431  3145
812238 812238  6431  3145
812238 812238  6431  3145
812334 812334  6417  2984
812378 812378  6360  2898
812429 812465  6729  3018
812876 812876  6412  3005
812882 812882  6590  3083
812944 812944  6526  2786
812282 812948  6526  2786
812282 812948  6526  2786
813228 813228  8172  1147
813228 813228  8172  1147
813228 813228  8172  1147
813366 813366  8296  1094
813398 813398  8226  1191
813398 813398  8226  1191
813441 813441  8202  1203
813535 813535  8206  1190
813541 813541  8220  1180
813541 813541  8220  1180
813642 813642  8476   805
813688 813688  8106  1073
813847 813847  8135  1225
813893 813893  8225  1159
813939 813939  8367   903
813972 813972  8150  1153
814231 814238  5360  1933
814231 814238  5360  1933
814231 814238  5360  1933
412440 814445  5615  2005
814454 814454  5320  2397
814870 814456  5320  2397
814472 814472  5496  2013
814870 814724  5413  2348
412471 814726  5287  2235
814726 814726  5287  2235
814793 814793  5491  1937
814943 814943  5460  1972
814944 814944  5460  1972
412644 814946  5460  1972
815229 815229  6004  3674
815434 815434  6180  3546
815740 815740  6087  3454
815937 815937  6149  3381
816926 816178     0     0
816221 816221  7027  4202
816233 816233  6913  4301
816243 816243  6993  4237
816243 816243  6993  4237
816233 816364  6913  4301
816374 816374  7027  4202
816374 816374  7027  4202
816374 816374  7027  4202
816374 816374  7027  4202
816556 816556  7027  4202
816833 816833  7018  4177
816861 816861  7034  4193
816881 816881  7027  4202
816891 816891  7008  4221
816926 816926  7044  4194
816926 816926  7044  4194
816926 816926  7044  4194
816926 816926  7044  4194
816926 816926  7044  4194
816926 816926  7044  4194
816926 816926  7044  4194
816926 816926  7044  4194
816926 816926  7044  4194
816926 816926  7044  4194
816926 816926  7044  4194
816926 816926  7044  4194
816926 816926  7044  4194
816926 816926  7044  4194
817283 817283  8445  4088
817334 817334  8479  4123
817334 817334  8479  4123
817334 817334  8479  4123
817334 817334  8479  4123
817334 817334  8479  4123
817334 817334  8479  4123
817334 817334  8479  4123
817334 817334  8479  4123
817334 817334  8479  4123
817334 817334  8479  4123
817334 817334  8479  4123
817334 817334  8479  4123
817334 817334  8479  4123
817334 817334  8479  4123
817334 817334  8479  4123
817334 817334  8479  4123
817334 817334  8479  4123
817387 817387  8372  4127
817535 817535  8480  4113
817624 817624  8474  4132
817752 817752  8705  3994
817766 817766  8323  4412
817767 817767  8323  4412
817844 817767  8323  4412
817774 817774  8812  3992
817778 817778  8812  3992
817778 817778  8812  3992
817860 817860  8467  4084
817877 817877  8479  4123
817883 817883  8739  3931
817387 817898  8372  4127
817898 817898  8372  4127
818405 818179     0     0
818710 818186     0     0
818304 818304  9190  7861
818354 818354  9179  7870
818354 818354  9179  7870
818354 818354  9179  7870
818354 818354  9179  7870
818354 818354  9179  7870
818354 818354  9179  7870
818354 818354  9179  7870
818354 818354  9179  7870
818354 818354  9179  7870
818354 818354  9179  7870
818405 818405  9190  7861
818405 818405  9190  7861
818502 818502  9193  7882
818572 818572  9206  7851
818574 818574  9189  7841
818577 818577  9190  7861
818577 818577  9190  7861
818710 818710  9192  7947
818710 818710  9192  7947
818710 818710  9192  7947
818710 818710  9192  7947
818710 818710  9192  7947
818710 818710  9192  7947
818710 818710  9192  7947
818710 818710  9192  7947
818710 818710  9192  7947
818710 818710  9192  7947
818710 818710  9192  7947
818710 818710  9192  7947
818810 818810  9213  7815
818891 818891  9179  7923
818904 818904  9187  7919
818908 818908  9187  7919
818984 818984  9192  7904
901365 901365  7478  3094
901365 901365  7478  3094
901423 901423  7282  2976
901423 901423  7282  2976
901521 901521  7471  3127
901521 901521  7471  3127
901521 901521  7471  3127
901521 901521  7471  3127
901521 901521  7471  3127
901521 901521  7471  3127
901521 901521  7471  3127
901523 901523  7471  3127
901627 901643  7213  3071
904791 904181     0     0
904246 904246  7626  1230
904283 904283  8068  1892
904351 904351  7908  1227
904351 904351  7908  1227
904351 904351  7908  1227
904361 904351  7908  1227
904354 904354  7642  1276
904376 904372  7840  1310
904374 904374  7840  1310
904375 904375  7840  1310
904376 904376  7840  1310
904452 904432  8147  2200
904452 904432  8147  2200
904452 904432  8147  2200
904452 904432  8147  2200
904433 904433  8147  2200
904632 904632  7642  1276
904681 904681  7876  1715
904721 904721  7642  1261
904755 904755  7768  1419
904757 904757  7623  1285
904783 904783  7660  1288
404221 904791  7642  1276
904353 904791  7642  1276
904353 904791  7642  1276
904791 904791  7642  1276
904845 904845  7605  1357
904881 904881  8073  2086
904881 904881  8073  2086
904881 904881  8073  2086
904881 904881  8073  2086
904881 904881  8073  2086
904881 904881  8073  2086
904881 904881  8073  2086
904932 904932  8154  2186
906228 906228  5080  3875
906635 906635  4868  3469
906774 906774  5266  3890
906786 906786  5208  3747
906789 906789  5208  3747
907271 907271  2919 11895
907586 907465  3946 10405
912226 912226  7774  1708
912267 912267  7475  1342
912272 912272  7353  1719
912283 912285  7548  1486
912354 912354  7276  1374
912435 912435  7650  1816
912431 912439  7650  1816
912742 912743  7364  1866
912742 912743  7364  1866
912742 912743  7364  1866
912742 912743  7364  1866
912744 912744  7364  1866
912742 912752  7364  1866
912752 912752  7364  1866
912926 912926  7403  1840
912926 912926  7403  1840
912926 912926  7403  1840
912926 912926  7403  1840
912926 912926  7403  1840
912926 912926  7403  1840
912926 912926  7403  1840
912944 912944  7269  1379
912944 912944  7269  1379
913236 913236  7049  4210
913236 913236  7049  4210
913272 913272  7118  4378
913374 913374  7104  4776
913682 913682  7006  4273
913682 913682  7006  4273
913776 913776  7141  4522
913791 913791  7086  4220
914297 914297  4839  1510
914331 914331  4790  1565
914375 914375  4954  1420
914378 914378  4954  1420
914386 914386  4922  1573
914452 914452  4822  1525
914452 914452  4822  1525
914478 914478  4936  1426
914561 914561  4865  1510
914576 914576  4948  1401
914683 914683  4924  1416
914737 914737  4893  1470
914831 914831  4861  1505
914881 914881     0     0
914997 914997  4924  1416
915541 915184     0     0
915263 915263  8847  4800
915263 915263  8847  4800
817844 915337  8983  4931
817844 915445  9136  5101
915533 915533  9231  5655
915534 915534  9231  5655
915541 915541  9231  5655
915682 915682  8934  4890
817844 915773  8603  4562
817844 915773  8603  4562
915778 915778  9225  5643
915886 915886  9186  5691
915886 915886  9186  5691
915886 915886  9186  5691
916246 916246  7880  8778
916440 916440  8303  8581
916481 916481  8293  8564
916484 916484  8293  8564
916484 916484  8293  8564
916551 916551  8303  8581
916551 916551  8303  8581
916893 916893  8059  8668
916893 916893  8059  8668
916929 916929  8295  8575
916978 916978  8293  8564
916978 916978  8293  8564
918567 918185     0     0
918336 918336  7589  4224
918341 918341  7651  4129
918458 918458  7685  3991
918567 918567  7922  3904
918581 918581  7708  4176
918581 918581  7708  4176
918683 918683  7747  4041
918687 918687  7747  4041
919247 919247  6345  1023
919275 919275  6402  1639
919457 919275  6402  1639
919286 919286  6329  1503
919488 919323  6501  1385
919373 919333  6397  1650
919338 919338  6010  1144
919343 919343  6559  1143
919488 919378  6402  1639
919473 919473  6024  1016
919488 919488  6493  1392
919488 919488  6493  1392
919541 919541  6346  1485
919541 919541  6346  1485
919541 919541  6346  1485
919541 919541  6346  1485
919541 919541  6346  1485
919541 919541  6346  1485
919575 919575  6291  1494
919693 919693  6243  1490
919728 919728  6339  1012
919761 919761  6440  1711
919855 919855  6408  1647
919832 919856  6344  1434
    o@-