NORRISTOWN
----------
 
T = TOTAL CONNECT HOURS
M = PEAK CONNECT HOURS
R = PORTS REQUIRED FOR A PGRADE OF 1%
D = PGRADE
P = PEAK % TOTAL CONNECT HOURS
H = PEAK HOUR
 
               CONNECT TIME (HOURS)
     ----------------------------------------
DATE BAND0  BAND1  BAND2  BAND5      ROTARY
---- ------ ------ ------ ------ ------------
871120
  T 112.27 267.62 297.98 285.55       963.42
  M  12.91  30.10  35.24  23.81        96.93
  R     22     42     48     35          115
  D    0.7    0.9    0.8    0.8          0.9
  P   11.5   11.2   11.8    8.3         10.1
  H     16     17     17     20           17
871121
  T  86.25 212.35 327.43 283.42       909.45
  M   7.53  18.27  75.65  37.26        92.86
  R     15     28     92     50          111
  D    0.6    0.9    1.0    0.9          0.9
  P    8.7    8.6   23.1   13.1         10.2
  H     17     19      4      2            4
871122
  T  65.07 124.38 125.31 204.01       518.77
  M   5.59  10.71  10.16  14.04        36.54
  R     12     19     18     23           49
  D    0.8    0.7    0.9    0.8          1.0
  P    8.6    8.6    8.1    6.9          7.0
  H      2     19     17      1           19
871123
  T 142.17 245.09 270.10 247.45       904.81
  M  18.41  31.54  43.29  20.34        95.80
  R     28     44     57     31          114
  D    1.0    0.8    0.9    0.7          0.9
  P   13.0   12.9   16.0    8.2         10.6
  H     21     16     16     23           16
871124
  T 151.84 361.59 386.04 299.28      1198.75
  M  14.48  36.03  37.86  36.74       101.39
  R     24     49     51     50          120
  D    0.7    0.8    0.8    0.8          0.9
  P    9.5   10.0    9.8   12.3          8.5
  H     16     17      2     22           17
871125
  T 136.60 398.92 416.55 276.30      1228.36
  M  11.90  54.94  63.25  19.01       112.78
  R     20     70     79     29          132
  D    1.0    0.8    0.9    0.9          0.9
  P    8.7   13.8   15.2    6.9          9.2
  H     20     21     23     20           21
871126
  T  22.16  58.07  61.97 145.96       288.16
  M   4.70   8.46   7.58  14.28        34.68
  R     11     16     15     23           47
  D    0.6    0.8    0.7    1.0          0.9
  P   21.2   14.6   12.2    9.8         12.0
  H      1      1      4      1            1
871127
  T 138.21 312.20 284.80 187.86       923.07
  M  13.89  48.67  32.90  23.34       102.04
  R     23     63     45     34          121
  D    0.8    0.9    0.9    0.9          0.9
  P   10.1   15.6   11.6   12.4         11.1
  H     19     18     16     19           18
871128
  T 119.31 279.11 259.76 240.48       898.67
  M   9.59  25.40  17.77  16.29        64.43
  R     18     37     28     26           80
  D    0.5    0.7    0.7    0.8          0.9
  P    8.0    9.1    6.8    6.8          7.2
  H     16     22     19     18           21
871129
  T  75.97 143.16 192.08 228.34       639.55
  M   6.83   9.80  14.27  15.96        45.21
  R     14     18     23     25           59
  D    0.6    0.7    1.0    1.0          0.9
  P    9.0    6.8    7.4    7.0          7.1
  H      1     24      1      1            1
871130
  T  97.94 322.94 314.39 217.47       952.75
  M  12.88  39.17  36.38  17.96       101.76
  R     22     52     49     28          120
  D    0.7    1.0    0.9    0.8          1.0
  P   13.2   12.1   11.6    8.3         10.7
  H     20     21     21     23           20
871201
  T 130.37 393.44 431.92 265.45      1221.17
  M  14.17  47.53  67.13  23.18       125.81
  R     23     62     83     34          146
  D    0.9    0.8    0.9    0.9          0.9
  P   10.9   12.1   15.5    8.7         10.3
  H     20      3      3     18            3
871202
  T 165.89 412.37 433.37 301.71      1313.34
  M  19.00  42.24  41.29  23.83       113.43
  R     29     56     55     35          133
  D    0.9    0.8    0.8    0.8          0.9
  P   11.5   10.2    9.5    7.9          8.6
  H     19     22     17     18           20
871203
  T 162.11 375.80 374.23 303.11      1215.26
  M  18.30  33.87  37.74  23.04       102.52
  R     28     46     51     34          121
  D    0.9    1.0    0.8    0.8          0.9
  P   11.3    9.0   10.1    7.6          8.4
  H     16     17     15     19           17
871204
  T 165.56 382.79 423.43 298.82      1270.60
  M  15.95  36.08  60.01  25.24       134.65
  R     25     49     75     36          155
  D    1.0    0.8    1.0    1.0          0.9
  P    9.6    9.4   14.2    8.4         10.6
  H     15     17     20     17           20
871205
  T 109.31 249.15 267.25 216.15       841.86
  M   9.45  21.01  25.52  20.88        65.54
  R     17     32     37     31           81
  D    0.9    0.7    0.8    1.0          1.0
  P    8.6    8.4    9.6    9.7          7.8
  H     16     22     16     21           21
871206
  T  96.13 200.62 189.72 206.83       693.31
  M   8.02  16.48  14.47  17.55        55.98
  R     15     26     24     27           71
  D    1.0    0.8    0.7    1.0          0.9
  P    8.3    8.2    7.6    8.5          8.1
  H      1      1     18      1            1
871207
  T 187.07 378.20 375.54 257.97      1198.78
  M  42.21  38.65  36.10  26.83       109.33
  R     56     52     49     38          128
  D    0.8    0.8    0.8    0.9          1.0
  P   22.6   10.2    9.6   10.4          9.1
  H      2     21     21     20           20
871208
  T 164.46 385.54 380.09 272.63      1202.73
  M  16.21  37.44  36.45  21.53        99.81
  R     26     50     49     32          118
  D    0.7    1.0    0.9    0.9          1.0
  P    9.9    9.7    9.6    7.9          8.3
  H     15     20     15     23           21
871209
  T 164.19 401.36 495.43 287.85      1348.82
  M  16.68  38.25  87.99  21.15       108.53
  R     26     51    106     32          128
  D    0.9    0.9    0.8    0.7          0.9
  P   10.2    9.5   17.8    7.3          8.0
  H     16     20      6     19           17
871210
  T 165.72 384.98 467.47 339.26      1357.43
  M  17.07  37.61  91.78  24.17       132.19
  R     27     51    110     35          153
  D    0.7    0.8    0.9    0.9          0.9
  P   10.3    9.8   19.6    7.1          9.7
  H     21     21      1     19            1
871211
  T 231.79 394.65 365.26 314.78      1306.49
  M  56.23  33.57  37.77  20.06       105.84
  R     71     46     51     30          125
  D    0.9    0.9    0.8    1.0          0.9
  P   24.3    8.5   10.3    6.4          8.1
  H      2     22     21     23           21
871212
  T 136.26 381.49 376.11 304.27      1198.14
  M  10.68  78.41 105.31  50.91       134.21
  R     19     95    124     65          155
  D    0.7    1.0    0.9    1.0          0.9
  P    7.8   20.6   28.0   16.7         11.2
  H     16      8      4     23            4
871213
  T  99.99 244.41 193.22 299.42       837.03
  M   9.24  16.21  12.88  89.86       104.86
  R     17     26     22    108          124
  D    0.8    0.7    0.7    0.9          0.9
  P    9.2    6.6    6.7   30.0         12.5
  H      4      5      3      7            7
871214
  T 171.00 430.20 423.84 274.84      1299.88
  M  17.53  56.23  43.09  22.61       130.85
  R     27     71     57     33          151
  D    1.0    0.9    0.8    1.0          0.9
  P   10.3   13.1   10.2    8.2         10.1
  H     16     19     20     19           19
871215
  T 171.38 383.38 384.80 302.83      1242.39
  M  19.19  32.97  33.47  21.18       101.83
  R     29     45     46     32          120
  D    0.9    1.0    0.8    0.7          1.0
  P   11.2    8.6    8.7    7.0          8.2
  H     21     20     21     19           21
871216
  T 166.61 422.90 394.45 313.21      1297.17
  M  16.06  37.75  36.97  24.06       104.72
  R     26     51     50     35          123
  D    0.7    0.8    0.8    0.9          1.0
  P    9.6    8.9    9.4    7.7          8.1
  H     17     21     15     19           17
871217
  T 177.86 433.66 416.49 299.20      1327.21
  M  15.26  35.52  39.50  21.59       104.20
  R     25     48     53     32          123
  D    0.7    0.9    0.8    0.9          0.9
  P    8.6    8.2    9.5    7.2          7.9
  H     16     20     16      2           22
871218
  T 184.34 421.05 386.48 360.03      1351.90
  M  17.94  39.16  33.56  52.46       108.16
  R     28     52     46     67          127
  D    0.8    1.0    0.9    0.9          0.9
  P    9.7    9.3    8.7   14.6          8.0
  H     21     20     14      9           20
871219
  T 153.07 342.42 305.73 274.55      1075.78
  M  13.86  32.14  23.29  24.26        79.67
  R     23     44     34     35           97
  D    0.7    1.0    0.9    0.9          0.9
  P    9.1    9.4    7.6    8.8          7.4
  H     18     17     16     20           20
871220
  T 162.27 319.36 215.55 241.07       938.24
  M  57.73  80.64  17.95  19.02       111.48
  R     73     98     28     29          131
  D    0.9    0.9    0.8    0.9          0.9
  P   35.6   25.2    8.3    7.9         11.9
  H     22     23      3      1           23
871221
  T 263.80 467.87 429.34 297.96      1458.97
  M  66.90  41.89  43.76  24.40       126.24
  R     83     55     57     36          146
  D    0.9    1.0    1.0    0.7          1.0
  P   25.4    9.0   10.2    8.2          8.7
  H     24     17     17     23           24
871222
  T 204.68 482.59 467.85 333.38      1488.50
  M  17.40  40.39  55.86  30.48       121.72
  R     27     54     71     43          141
  D    0.9    0.8    0.9    0.7          1.0
  P    8.5    8.4   11.9    9.1          8.2
  H     21     20     15     18           15
871223
  T 198.00 446.19 402.61 410.59      1457.38
  M  15.40  35.16  37.65  80.39       117.60
  R     25     48     51     97          137
  D    0.7    0.8    0.8    1.0          0.9
  P    7.8    7.9    9.4   19.6          8.1
  H     22     15     16     10           21
871224
  T 152.31 291.34 251.27 278.48       973.40
  M  11.05  19.87  18.97  20.73        62.21
  R     19     30     29     31           78
  D    1.0    0.9    0.8    0.9          0.8
  P    7.3    6.8    7.5    7.4          6.4
  H     16     19     16      1           19
871225
  T  12.23  90.36  51.80 112.72       267.11
  M   2.30  14.04  12.34  13.38        41.92
  R      7     23     21     22           55
  D    0.7    0.8    0.8    0.9          1.0
  P   18.8   15.5   23.8   11.9         15.7
  H      1      1      2      1            1
871226
  T  56.87 137.07 125.63 148.79       468.36
  M   5.64  16.01  10.96  15.55        41.76
  R     12     26     19     25           55
  D    0.8    0.6    0.9    0.8          0.9
  P    9.9   11.7    8.7   10.5          8.9
  H     16     17     15     20           17
871227
  T  46.03  94.20 118.68 166.39       425.30
  M   4.55   8.08   9.40  13.07        31.17
  R     11     16     17     22           43
  D    0.5    0.5    0.9    0.7          0.9
  P    9.9    8.6    7.9    7.9          7.3
  H      1     22      2      2            2
871228
  T 131.36 302.95 342.04 226.75      1003.09
  M  16.51  30.82  64.47  19.28       104.71
  R     26     43     80     29          123
  D    0.9    0.8    0.9    1.0          1.0
  P   12.6   10.2   18.8    8.5         10.4
  H     15     16     23     19           23
871229
  T 123.64 333.82 314.95 276.57      1048.98
  M  12.96  33.30  31.12  21.38        95.20
  R     22     46     43     32          113
  D    0.7    0.8    0.9    0.8          1.0
  P   10.5   10.0    9.9    7.7          9.1
  H     21     20     15     20           20
871230
  T  94.02 246.83 285.72 233.11       859.68
  M  10.46  23.87  33.62  36.43        70.63
  R     19     35     46     49           87
  D    0.6    0.8    0.9    0.9          0.9
  P   11.1    9.7   11.8   15.6          8.2
  H     20     15     13     24           20
871231
  T   0.00   1.61   8.45   0.16        10.21
  M   0.00   1.01   1.03   0.15         2.18
  R      1      5      5      2            7
  D    0.0    0.3    0.4    1.0          0.6
  P99999.9   62.7   12.2   94.3         21.4
  H      0     24     24     24           24
880101
  T  20.32  59.40  39.03  79.72       198.46
  M   2.65   7.39   3.45   9.33        19.08
  R      8     15      9     17           29
  D    0.5    0.5    0.6    0.8          0.9
  P   13.0   12.4    8.8   11.7          9.6
  H     22     18     20     20           21
880102
  T 108.34 144.01 156.36 195.86       604.58
  M  31.92  14.30  22.15  43.68        76.71
  R     44     23     33     57           93
  D    0.9    1.0    0.8    1.0          1.0
  P   29.5    9.9   14.2   22.3         12.7
  H     21     16     20     24           21
880103
  T  50.20 125.49  94.58 180.20       450.48
  M   5.01  10.33   6.26  16.28        35.85
  R     11     18     13     26           49
  D    0.9    1.0    0.7    0.7          0.8
  P   10.0    8.2    6.6    9.0          8.0
  H      1      5     21      1            1
880104
  T 136.05 319.74 349.92 262.81      1068.52
  M  13.81  35.98  37.75  22.73       106.55
  R     23     49     51     34          125
  D    0.7    0.8    0.8    0.7          1.0
  P   10.2   11.3   10.8    8.6         10.0
  H     20     20     21     18           20
880105
  T 123.17 350.20 334.57 278.79      1086.74
  M  12.94  34.67  37.55  24.04       106.24
  R     22     47     51     35          125
  D    0.7    0.9    0.7    0.9          0.9
  P   10.5    9.9   11.2    8.6          9.8
  H     16     17     15     17           17
880106
  T 125.98 344.03 315.23 267.40      1052.64
  M  15.04  32.79  34.65  21.66        97.19
  R     24     45     47     32          115
  D    0.9    0.9    0.9    0.9          1.0
  P   11.9    9.5   11.0    8.1          9.2
  H     16     20     16     17           17
880107
  T 120.63 309.90 258.48 276.47       965.48
  M  13.00  34.10  24.22  21.68        90.24
  R     22     47     35     32          108
  D    0.7    0.8    0.9    0.9          0.9
  P   10.8   11.0    9.4    7.8          9.3
  H     20     17     17     20           17
880108
  T 113.68 245.65 243.62 250.99       853.93
  M  11.94  25.17  24.55  22.15        73.12
  R     21     36     36     33           90
  D    0.6    1.0    0.7    0.8          0.8
  P   10.5   10.2   10.1    8.8          8.6
  H     17     16     21     17           20
  