NORRISTOWN
----------
 
DATE
----
871119
871120
871121
871122
871123
871124
871125
871126
871127
871128
871129
871130
                 LOGINS                          CONNECT TIME (HOURS)
    ---------------------------------- ----------------------------------------
 HR BAND0 BAND1 BAND2 BAND5     ROTARY  BAND0  BAND1  BAND2  BAND5       ROTARY
 -- ----- ----- ----- ----- ---------- ------ ------ ------ ------ ------------
  1     0     0    18   777        795   0.00   0.00   0.23  12.26        12.49
  2     0     0    10   709        719   0.00   0.00   0.53  12.26        12.79
  3     0     0     5   475        480   0.00   0.00   0.13   9.83         9.96
  4     0     0     0   512        512   0.00   0.00   0.00   8.03         8.03
  5     0     0     0   494        494   0.00   0.00   0.00   8.22         8.22
  6     0     0     2   472        474   0.00   0.00   0.01   8.86         8.87
  7     0     0     0   455        455   0.00   0.00   0.00   6.45         6.45
  8     0     0     0   412        412   0.00   0.00   0.00   4.09         4.09
  9     0     0     0   245        245   0.00   0.00   0.00   1.70         1.70
 10     0     0     0     9          9   0.00   0.00   0.00   0.16         0.16
 11     0     0     0   104        104   0.00   0.00   0.00   2.51         2.51
 12     1     0     0     5          6   0.10   0.00   0.00   0.04         0.14
 13     0     0     3     7         10   0.00   0.00   0.91   0.07         0.99
 14     0     0    21    22         43   0.00   0.00   1.02   0.53         1.54
 15     2     0    17   665        684   0.01   0.00   0.95   6.72         7.69
 16     0     0    35  1082       1117   0.00   0.00   1.57  12.26        13.82
 17     0     0    42  1168       1210   0.00   0.00   1.83  16.55        18.37
 18     6     0    25  1179       1210   0.07   0.00   1.52  21.30        22.89
 19     1     0    32  1182       1215   0.01   0.00   1.16  18.04        19.20
 20     2     0    48  1203       1253   0.01   0.00   1.86  19.33        21.20
 21     1     0    37  1167       1205   0.01   0.00   2.21  16.44        18.65
 22     3     0    24  1187       1214   0.02   0.00   1.29  16.53        17.84
 23     2    34    19  1209       1264   0.01   0.45   0.79  19.88        21.13
 24     0   121     9  1199       1329   0.00   2.50   0.15  16.60        19.25
  1     2   129     5  1193       1329   0.01   2.27   0.12  16.33        18.73
  2     5   103    10  1170       1288   0.08   1.81   0.07  14.92        16.87
  3     1   101     6  1105       1213   0.01   0.87   0.04  11.68        12.60
  4     0    99     0  1102       1201   0.00   0.70   0.00  11.70        12.41
  5     0   103     0  1100       1203   0.00   1.14   0.00  12.19        13.33
  6     0    64     0  1069       1133   0.00   0.43   0.00  14.69        15.11
  7     0     8     0  1050       1058   0.00   0.05   0.00  11.75        11.79
  8     5     1     0   874        880   0.14   0.01   0.00   9.26         9.41
  9    15     1     0   772        788   0.28   0.01   0.00   4.80         5.09
 10     1     0     0   326        327   0.27   0.00   0.00   2.04         2.31
 11     4    13     3   115        135   0.11   0.09   0.25   2.14         2.59
 12   126   460   313    11        910   1.00   3.30   2.82   0.08         7.20
 13   206   706   542     7       1461   3.43   8.80   7.44   0.09        19.76
 14   617  1043   751    17       2428   8.64  20.61  22.03   0.51        51.78
 15   629  1125  1046   571       3371   9.71  24.98  25.85   6.75        67.30
 16   660  1347  1684   993       4684  12.91  22.48  30.82  15.39        81.60
 17   663  1186  1718  1166       4733  12.78  30.10  35.24  18.81        96.93
 18   611  1091  1558  1199       4459   8.52  21.94  24.31  19.63        74.39
 19   657  1131  1628  1151       4567  11.64  22.56  24.86  15.01        74.07
 20   658  1184  1707  1577       5126  11.00  28.31  31.47  23.81        94.59
 21   665  1214  1751  1557       5187  11.43  26.83  34.41  17.76        90.43
 22   648  1136  1658  1552       4994  10.70  23.79  29.56  19.12        83.18
 23   561  1008  1467  1568       4604   4.59  14.30  16.57  17.78        53.24
 24   564   962  1402  1429       4357   5.01  12.26  12.11  19.31        48.70
  1   545   954  1385  1229       4113   3.73  10.71   9.99  16.26        40.70
  2   543   949  1384  4838       7714   3.57  11.13  12.51  37.26        64.48
  3   540   930  1375  3483       6328   3.34   8.82  10.63  25.44        48.23
  4    96   910 11991  1078      14075   0.63   7.36  75.65   9.21        92.86
  5    51   977   588  1096       2712   0.60   8.01   4.51   8.95        22.07
  6    17   880   520  1048       2465   0.12   6.34   4.56   9.22        20.25
  7    17   841    77   967       1902   0.56   6.70   0.54   9.01        16.81
  8    61   119    91   899       1170   1.23   2.51   2.05   6.48        12.27
  9    17    67    43   883       1010   0.47   1.37   0.85   5.41         8.10
 10     1     9    18   843        871   0.01   0.15   0.57   5.20         5.93
 11     1     8    19   142        170   0.03   0.21   0.45   2.34         3.02
 12    84     8   523    11        626   0.68   0.18   3.65   0.07         4.57
 13   296   735   969     4       2004   1.81   4.94   7.59   0.02        14.37
 14   731  1453  1062   380       3626   5.03  11.47  10.42   2.40        29.32
 15   911  1534  1364  1169       4978   7.04  14.03  12.54   9.07        42.68
 16   904  1599  2091  1201       5795   7.13  15.29  19.64  11.58        53.64
 17   915  1608  2247  1449       6219   7.53  16.35  19.17  16.18        59.23
 18   896  1644  2683  1583       6806   6.49  17.35  19.99  16.88        60.71
 19   893  1620  2748  1606       6867   6.37  18.27  24.84  16.60        66.08
 20   907  1613  2422  1648       6590   6.71  14.43  20.74  17.66        59.54
 21   898  1581  2413  1651       6543   7.07  13.86  20.75  15.86        57.54
 22   896  1531  2275  1583       6285   6.24  10.87  18.61  13.93        49.66
 23   829   902  2320  1442       5493   5.15   6.88  16.88  13.42        42.33
 24   736   702  1270  1389       4097   4.70   5.11  10.30  14.97        35.08
  1   733   680  1118  1396       3927   4.89   4.46   8.11  14.04        31.50
  2   743   680   881  1380       3684   5.59   4.65   6.26  11.37        27.88
  3   633   663   596  1326       3218   4.95   4.10   4.93  10.43        24.42
  4   138   635   467  1303       2543   1.96   3.95   3.39   9.35        18.64
  5    77   631   448  1285       2441   1.41   4.27   2.91  10.14        18.73
  6    15   645    65  1238       1963   0.25   4.31   0.50   9.05        14.11
  7    13   627    23  1233       1896   0.12   5.31   0.19   8.35        13.96
  8    54   238    98  1102       1492   1.22   2.91   1.98   8.71        14.81
  9    11    55    21  1052       1139   0.28   1.21   0.46   6.83         8.77
 10     2     3     8  1049       1062   0.01   0.13   0.12   6.46         6.71
 11     4     6     4   173        187   0.03   0.06   0.07   3.00         3.16
 12    19     3    51     7         80   0.12   1.03   0.32   0.04         1.51
 13    78    99   760     4        941   0.48   0.97   4.65   0.02         6.12
 14   173   605  1010    35       1823   1.06   3.71   6.38   0.24        11.39
 15   594   990  1007    31       2622   3.65   6.92   7.07   1.07        18.71
 16   645   992  1068   966       3671   4.33   6.85   7.80  10.21        29.18
 17   646  1024  1080  1120       3870   4.15   8.54  10.16  10.76        33.61
 18   653  1051  1089  1233       4026   4.04   8.55   8.14  11.59        32.32
 19   662  1085  1105  1276       4128   4.10  10.71   7.85  13.87        36.54
 20   669  1092  1113  1271       4145   4.91   9.69   8.76  10.87        34.22
 21   650  1091  1103  1310       4154   5.00   8.87   7.61  10.79        32.27
 22   663  1129  1096  1340       4228   4.93   8.38   8.13  13.13        34.57
 23   647  1101  1073  1319       4140   4.30   7.43   9.49  12.25        33.47
 24   473  1101  1023  1325       3922   3.32   7.39  10.03  11.44        32.18
  1   187  1070  1024  1084       3365   1.23  10.71  10.65  11.21        33.81
  2   195  1061  1016   994       3266   1.54  11.19   8.41   9.99        31.12
  3    62  1007  1012   941       3022   1.07   8.29   8.50  10.05        27.90
  4    16   664   922   919       2521   0.17   5.13   8.78  10.79        24.86
  5    28   509   198   927       1662   0.47   4.39   2.09  12.77        19.71
  6     9   438     9   888       1344   0.16   3.07   0.09   9.59        12.92
  7     4   185     8   725        922   0.05   1.18   0.64   6.87         8.74
  8    52   103    89   722        966   1.18   2.14   2.22   6.18        11.72
  9    13    57    22   702        794   0.27   1.18   0.47   4.35         6.27
 10     0     1     7   250        258   0.00   0.01   0.36   1.69         2.06
 11    31     6     5   102        144   0.35   0.07   0.04   2.26         2.72
 12    34   153   161     4        352   0.64   1.21   2.36   0.05         4.25
 13   188   672   920     9       1789   2.48   7.67   8.70   0.48        19.32
 14   638  1022  1521    36       3217   8.83  18.23  24.39   0.71        52.15
 15   695  1326  1923   273       4217  11.02  24.58  32.05   4.93        72.58
 16   575  1067  1767   372       3781  12.27  31.54  43.29   8.69        95.80
 17   342   672   933   407       2354   9.47  25.13  35.60  13.30        83.50
 18   781     0     0  1155       1936  14.14   0.00   0.02  19.13        33.29
 19   810    51     2  1396       2259  15.19   0.38   0.04  19.55        35.15
 20   774   800   134  1385       3093  17.02   5.28   2.69  20.20        45.19
 21   778  1064  1159  1383       4384  18.41  20.82  19.06  17.50        75.79
 22   731  1146  1466  1384       4727  12.52  29.18  29.18  17.67        88.55
 23   648   977  1264  1402       4291   7.91  20.17  17.05  20.34        65.47
 24   608   932  1204  1393       4137   5.79  13.56  13.42  19.17        51.94
  1   630   893  1190  1388       4101   6.39  10.94  11.90  19.76        48.99
  2   604  4045  5429  1336      11414   5.32  28.86  37.86  15.69        87.73
  3   606   834  1124  1303       3867   4.91   6.87  10.52  12.89        35.19
  4   209   824  1095  1283       3411   2.07   7.10   9.45  12.64        31.26
  5   190   852   737  1282       3061   2.13   7.04   5.46  13.64        28.26
  6     7   619   392  1226       2244   0.28   4.52   2.55  13.36        20.70
  7    10    14    76  1083       1183   0.08   0.83   0.49  11.44        12.84
  8    55    98   100   929       1182   1.22   2.22   1.93   8.92        14.29
  9    13    61    23   514        611   0.26   1.45   0.51   3.32         5.54
 10     8     6     1   141        156   0.06   0.07   0.27   0.91         1.31
 11     8     9     5   108        130   0.18   0.35   0.50   2.20         3.22
 12    38    35   283     5        361   1.20   1.11   2.84   0.71         5.87
 13   139   414   767     5       1325   3.11   7.21  10.03   0.09        20.44
 14   256  1344  1101    88       2789   7.00  21.49  31.53   1.12        61.14
 15   379  1543  1496   657       4075  13.47  35.03  33.47   7.02        88.99
 16   591  1718  1472   995       4776  14.48  32.16  29.03  13.28        88.95
 17   817  1859  1469  1217       5362  14.28  36.03  31.03  20.04       101.39
 18   733  1705  1305  1232       4975   8.15  27.18  22.46  18.71        76.50
 19   729  1817  1412  1254       5212  14.28  29.98  28.46  18.58        91.30
 20   788  1414  1454  1256       4912  13.04  30.72  29.29  16.73        89.78
 21   750   975  1425  1193       4343  14.15  26.87  29.43  14.99        85.43
 22   709   866  1329  4616       7520  11.87  22.00  26.85  36.74        97.46
 23   636   746  1188  1205       3775   7.93  12.96  16.52  16.73        54.13
 24   625   703  1129  1217       3674   5.97   8.60  13.69  19.76        48.03
  1   621   701  1110  1196       3628   6.60  10.27  13.30  15.31        45.47
  2   608  7379  1105  1163      10255   5.83  51.00   9.93  14.80        81.56
  3   594   654  1412  1151       3811   5.57   7.63  12.42  12.86        38.47
  4   124   655  1040  1143       2962   1.86   7.21   8.03  10.37        27.47
  5    82   786  1064  1190       3122   1.79   8.45   7.12  15.49        32.85
  6    45   635  1126  1150       2956   0.52   5.33   7.58  12.52        25.96
  7    24   105  1117  1139       2385   0.30   1.20   7.45  12.54        21.49
  8    65   247   433  1075       1820   1.29   3.72   5.04   8.47        18.52
  9    27   188    29   719        963   0.51   3.22   0.83   4.52         9.08
 10     9    62    40   197        308   0.14   0.84   0.41   1.66         3.05
 11    14     5    26   112        157   0.21   0.04   0.95   2.69         3.90
 12    41   110   992    14       1157   0.54   1.91   7.26   0.11         9.81
 13   133   769  1153     3       2058   2.76   8.07  12.86   0.06        23.75
 14   558   931  1324   463       3276   9.24  21.75  27.27   3.88        62.14
 15   608  1013  1412   782       3815  11.78  24.44  30.03   9.66        75.91
 16   638  1213  1465   885       4201  10.81  25.86  31.47  12.04        80.18
 17   764  1712  1467  1054       4997  11.42  30.02  28.35  18.38        88.17
 18   707  1642  1361  1057       4767   9.09  21.67  22.56  16.99        70.32
 19   763  1677  1381  1092       4913  10.00  25.01  21.16  17.90        74.07
 20   800  1770  1965  1349       5884  11.90  31.20  33.33  19.01        95.45
 21   768  6040  1880  1306       9994  11.77  54.94  31.16  14.92       112.78
 22   743  1687  1777  1309       5516  10.67  24.97  25.72  15.93        77.29
 23   664  1558  9355  1325      12902   6.45  18.31  63.25  17.86       105.87
 24   525   909   990  1334       3758   5.55  11.88   9.05  18.33        44.81
  1   529   868   959  1286       3642   4.70   8.46   7.23  14.28        34.68
  2   525   852   956  1271       3604   3.85   7.73   7.42  13.66        32.67
  3   509   827   933  1239       3508   3.30   6.53   7.03  11.81        28.68
  4   452   800   909  1232       3393   2.79   5.79   7.58  12.32        28.48
  5   179   861   759  1203       3002   1.33   7.46   5.42  11.29        25.51
  6    42   794   587  1165       2588   0.31   5.71   3.73   9.39        19.15
  7    13   199   580  1155       1947   0.24   1.29   3.56   9.51        14.60
  8    52   108   124   992       1276   1.15   2.16   2.24   7.14        12.69
  9    12    61    26   980       1079   0.28   1.29   0.53   6.18         8.29
 10     1     6     9   731        747   0.03   0.07   0.13   4.52         4.75
 11     3     7     5   118        133   0.11   0.09   0.03   2.28         2.51
 12     5    12     7     6         30   0.04   0.19   0.04   0.04         0.31
 13    23    21    41     5         90   0.14   0.45   0.74   0.03         1.36
 14    27    41   131     9        208   0.19   0.60   1.55   0.06         2.40
 15    23    51   140   100        314   0.14   0.74   2.15   1.46         4.50
 16    65    67   136   246        514   0.40   1.44   1.57   2.88         6.30
 17    35    84   133   265        517   0.44   1.40   1.16   3.99         6.99
 18    35    67   130   292        524   0.55   0.77   2.89   7.71        11.92
 19    32    80   134   273        519   0.20   1.20   2.00   5.25         8.65
 20    36    77   128   277        518   0.26   0.70   0.84   5.07         6.87
 21    36    78   135   281        530   0.23   1.19   1.07   4.02         6.50
 22    30    71   133   275        509   0.58   1.19   1.21   5.07         8.05
 23    22    46   131   277        476   0.16   1.03   0.87   4.67         6.72
 24    29    39   131   264        463   0.72   0.61   0.97   3.31         5.61
  1    28    37   129   266        460   1.31   0.25   1.45   2.60         5.60
  2    32    40    71   262        405   0.65   0.77   0.96   2.64         5.02
  3    22    29    56   263        370   0.82   1.35   1.65   2.16         5.98
  4    11    14    43   267        335   1.09   1.60   1.62   3.07         7.38
  5     6    20    29   258        313   0.39   0.76   0.93   2.15         4.24
  6    11    12    24   250        297   0.07   0.56   0.18   2.25         3.06
  7     2    13     8   160        183   0.03   0.36   0.06   1.42         1.86
  8    56    99    91   164        410   1.23   2.20   2.03   1.73         7.19
  9    10    72    46    73        201   0.24   2.35   0.88   1.17         4.64
 10     1     9    14    18         42   0.01   0.40   0.09   0.14         0.63
 11     5     8     5   106        124   0.04   0.09   0.03   2.38         2.54
 12    35    11  1037     4       1087   0.41   0.13   6.44   0.02         7.00
 13   523  1774  2134     6       4437   4.84  13.31  15.68   0.04        33.88
 14  1227  2380  2320   163       6090  10.45  21.21  22.89   1.15        55.70
 15  1260  2430  2347   788       6825  13.74  24.59  26.30   6.31        70.93
 16  1246  2493  3760   865       8364  13.23  28.68  32.90   8.27        83.07
 17  1259  2513  2379  1435       7586  12.59  28.01  25.27  15.04        80.91
 18  1232  6560  2317  1991      12100  11.18  48.67  21.89  20.30       102.04
 19  1286  2551  2346  2031       8214  13.89  30.10  23.73  23.34        91.06
 20  1285  2616  2392  2052       8345  13.59  30.04  24.75  22.12        90.51
 21  1254  2560  2377  1972       8163  12.75  28.52  23.54  18.94        83.74
 22  1064  1694  2349  1586       6693  11.41  21.17  22.54  17.34        72.47
 23  1043  1778  2253  1706       6780   7.70  14.62  15.03  17.37        54.73
 24  1030  1710  2199  1634       6573   6.57  12.45  13.97  15.91        48.90
  1  1034  1693  2204  1646       6577   7.45  11.37  14.06  14.49        47.38
  2  1028  1692  2197  1631       6548   6.71  11.25  14.51  14.47        46.94
  3  1026  1684  2177  1581       6468   6.28  12.01  14.26  12.57        45.12
  4   457  1611  2130  1558       5756   2.85  12.39  13.18  10.95        39.37
  5   153  1678  1635  1571       5037   1.24  12.77  11.22  11.65        36.88
  6    43  1586  11318       4284   0.40  10.42   8.06  10.54        29.42
  7    12   665   867  1510       3054   0.13   4.28   6.46  10.36        21.23
  8    52    93    95  1432       1672   1.13   2.03   2.88   9.14        15.18
  9    11    56    37  1250       1354   0.28   1.20   0.64   7.74         9.86
 10     1     2    19   487        509   0.01   0.02   0.12   3.01         3.15
 11     2     6    39   106        153   0.05   0.10   0.37   2.72         3.24
 12    72   414   412     7        905   0.44   2.65   3.37   0.05         6.51
 13   354  1073  1488    28       2943   2.45   6.74  10.10   0.18        19.46
 14  1116  1928  1545    12       4601   7.40  13.33  10.47   0.10        31.29
 15  1136  2013  1591   589       5329   8.21  14.65  12.25   4.74        39.85
 16  1162  2085  1504  1219       5970   9.59  18.56  12.61  10.21        50.97
 17  1161  2110  2123  1481       6875   8.89  17.35  15.96  12.88        55.08
 18  1144  2165  2119  1541       6969   9.24  20.06  16.28  16.29        61.87
 19  1146  2132  2143  1548       6969   9.55  17.00  17.77  13.82        58.15
 20  1050  2264  2116  1570       7000   8.50  17.25  15.96  15.62        57.33
 21  1084  3505  2122  1593       8304   7.57  25.15  16.06  15.66        64.43
 22  1075  3515  2103  1539       8232   7.14  25.40  16.09  14.95        63.58
 23  1056  2276  2078  1565       6975   6.54  16.35  13.17  13.97        50.04
 24  1058  1014  2082  1563       5717   7.26   6.79  13.91  14.39        42.35
  1  1068  1020  2081  1569       5738   6.83   8.16  14.27  15.96        45.21
  2  1056  1003  2053  1529       5641   6.47   6.98  13.99  13.87        41.31
  3  1061   989  2028  1492       5570   6.49   6.23  12.47  11.45        36.65
  4   607   935  1987  1464       4993   3.73   6.53  12.19  12.80        35.25
  5   327  1001  1995  1449       4772   2.68   8.13  12.41  12.87        36.08
  6    47   904  1985  1439       4375   0.35   5.96  12.18  11.39        29.88
  7    11   729  1049  1425       3214   0.12   4.58   6.44  11.27        22.42
  8    66   108   367  1275       1816   1.48   2.56   3.86   9.83        17.72
  9    17    63    31  1189       1300   0.31   1.29   0.68   8.45        10.74
 10     2     7    17   911        937   0.01   0.08   0.70   6.64         7.43
 11     2    14     5   245        266   0.01   0.14   0.13   4.26         4.54
 12    74    18    10    11        113   0.46   0.25   0.36   1.09         2.16
 13   245    71   743     0       1059   1.50   0.47   5.02   1.00         7.99
 14   293   837   988     9       2127   2.10   5.15   7.92   1.21        16.38
 15   653   948   987   187       2775   4.00   6.11   6.80   2.32        19.24
 16   652   964  1046   557       3219   3.99   7.33   7.34   5.91        24.57
 17   657   992  1061  1081       3791   4.06   9.05   8.70  10.37        32.18
 18   677  1008  1090  1125       3900   4.33   8.97   8.62  10.38        32.30
 19   667  1035  1095  1169       3966   4.97   9.20   8.26  13.00        35.42
 20   669  1058  1105  1180       4012   5.16   9.11   8.98  13.85        37.11
 21   677  1054  1098  1184       4013   4.51   8.78   9.58  12.71        35.58
 22   564  1053  1112  1208       3937   4.59   8.67  10.09  12.06        35.42
 23   421  1026  1083  1196       3726   4.01   9.62  10.20  13.06        36.89
 24   412  1054  1003  1212       3681   3.80   9.80  10.91  12.58        37.09
  1   430  1009  1006  1162       3607   3.70   7.45   8.69  10.55        30.40
  2   309  1014   998  1149       3470   2.91   7.56   7.46  12.09        30.01
  3    38   969   731  1103       2841   1.59   8.00   5.58  13.19        28.37
  4    15   955   547  1090       2607   0.79   7.58   3.94   9.90        22.20
  5    49  1018   537  1099       2703   0.59   9.42   4.44  13.12        27.57
  6     6   605   505  1087       2203   0.04   4.63   3.80  11.69        20.16
  7     8     9     9   947        973   0.08   0.09   0.35  10.24        10.77
  8    52    92    93   906       1143   1.27   2.30   1.96   8.87        14.40
  9    14    53    24   573        664   0.30   1.17   0.56   4.65         6.69
 10     3     3     3    16         25   0.02   0.06   0.02   1.18         1.29
 11     6     6     8   101        121   0.08   0.24   0.45   3.29         4.05
 12     8    16    16     5         45   0.15   0.60   1.57   1.20         3.52
 13    35    74    80     0        189   2.88   6.51   7.03   0.13        16.56
 14   107   255   339     0        701   6.28  21.54  23.96   0.00        51.77
 15   117   323   349    16        805   7.93  22.21  26.20   0.97        57.32
 16   166   333   337   103        939  11.06  25.19  27.34   7.28        70.88
 17   127   373   343   165       1008   8.53  25.50  25.01  13.38        72.42
 18    92   229   297   379        997   3.56  15.12  15.73  11.79        46.20
 19    85   201   258   141        685   4.89  17.77  14.88  10.81        48.35
 20   201   502   583   246       1532  12.85  38.21  35.63  13.82       100.51
 21   142   407   469   158       1176  11.66  39.10  36.26  12.02        99.04
 22   128   368   353   179       1028   8.54  33.02  33.77  14.14        89.47
 23    43   131   160   200        534   4.75  18.06  20.01  16.91        59.73
 24    20    66    78   156        320   2.46   9.36   7.98  10.34        30.14
 
 
        NON-POS TRANSACTIONS                     POS TRANSACTIONS
    ---------------------------------- ----------------------------------------
 HR BAND0 BAND1 BAND2 BAND5     ROTARY  BAND0  BAND1  BAND2  BAND5       ROTARY
 -- ----- ----- ----- ----- ---------- ------ ------ ------ ------ ------------
  1     0     0     2   125        127      0      0     16    652          668
  2     0     0     4   100        104      0      0      6    618          624
  3     0     0     4   103        107      0      0      2    385          387
  4     0     0     0    82         82      0      0      0    440          440
  5     0     0     0    68         68      0      0      0    430          430
  6     0     0     0    57         57      0      0      2    423          425
  7     0     0     0    38         38      0      0      0    422          422
  8     0     0     0    27         27      0      0      0    388          388
  9     0     0     0     5          5      0      0      0    241          241
 10     0     0     0     3          3      0      0      0      6            6
 11     0     0     0    99         99      0      0      0      5            5
 12     1     0     0     1          2      0      0      0      4            4
 13     0     0     3     1          4      0      0      0      7            7
 14     0     0    20     8         28      0      0      1     14           15
 15     0     0    17    35         52      2      0      2    631          635
 16     0     0    31    77        108      0      0      6   1010         1016
 17     0     0    26   151        177      0      0     18   1026         1044
 18     1     0    11   160        172      5      0     15   1031         1051
 19     0     0    21   151        172      1      0     11   1045         1057
 20     0     0    35   171        206      2      0     16   1045         1063
 21     0     0    32   137        169      1      0     10   1045         1056
 22     0     0    22   155        177      3      0      3   1045         1051
 23     0     8     8   170        186      2     26     11   1045         1084
 24     0    11     1   164        176      0    110      9   1045         1164
  1     0    17     1   160        178      2    114      4   1045         1165
  2     1     9     0   130        140      4     95     10   1045         1154
  3     0     6     0    79         85      1     97      6   1032         1136
  4     0     4     0    76         80      0     96      0   1029         1125
  5     0     6     0    71         77      0     98      0   1032         1130
  6     0     2     0    61         63      0     62      0   1020         1082
  7     0     0     0    39         39      0      8      0   1019         1027
  8     5     1     0    25         31      0      0      0    853          853
  9    11     0     0     8         19      4      1      0    767          772
 10     1     0     0     2          3      0      0      0    324          324
 11     3     1     1    94         99      1     12      2     21           36
 12     4    12     7     1         24    122    448    307     10          887
 13    29    55    72     2        158    178    651    471      6         1306
 14    93   196   280     7        576    528    857    480     10         1875
 15   109   282   319    56        766    527    860    756    518         2661
 16   140   235   338   108        821    527   1130   1363    893         3913
 17   144   313   367   149        973    531    895   1373   1028         3827
 18    88   213   212   171        684    530    896   1373   1042         3841
 19   127   238   266   155        786    535    907   1373   1004         3819
 20   132   293   351   196        972    535    907   1373   1393         4208
 21   145   323   400   172       1040    529    907   1371   1393         4200
 22   124   260   309   169        862    533    897   1374   1393         4197
 23    26   112   121   182        441    536    906   1369   1393         4204
 24    25    65    32   175        297    539    906   1373   1261         4079
  1    10    54    13   162        239    537    906   1373   1082         3898
  2     9    47    18   156        230    535    906   1368   4691         7500
  3     3    29     8    81        121    537    906   1370   3403         6216
  4     3    23    13    58         97     93    892  11980   1024        13989
  5    30    91    22    72        215     21    888    568   1024         2501
  6     1    14    10    40         65     16    867    512   1010         2405
  7     3    12     4    30         49     14    830     74    942         1860
  8    52   104    86    15        257      9     17      5    885          916
  9    12    67    20     0         99      5      6     23    883          917
 10     0     7     1     2         10      1      2     17    841          861
 11     1     7     2    94        104      0      1     17     48           66
 12     1     5     4     0         10     83      3    520     11          617
 13     0    15    12     0         27    296    720    958      4         1978
 14    34    49    60     2        145    697   1405   1005    378         3485
 15    47   101   105    17        270    864   1438   1264   1152         4718
 16    39   105   138    50        332    868   1500   1957   1155         5480
 17    46   114   106    88        354    870   1500   2151   1368         5889
 18    25   150    65   119        359    873   1500   2623   1474         6470
 19    20   128    94   142        384    874   1500   2664   1474         6512
 20    26   120    60   181        387    881   1500   2371   1474         6226
 21    22    86   119   186        413    877   1500   2299   1474         6150
 22    19    35   122   117        293    878   1500   2160   1474         6012
 23     8    30    40   148        226    821    876   2282   1297         5276
 24     6    30    28   135        199    730    675   1243   1259         3907
  1     3    14    18   144        179    730    666   1103   1259         3758
  2     8    18    14   126        166    735    662    867   1259         3523
  3     3     4    11    70         88    631    659    586   1259         3135
  4     7     9     6    45         67    132    627    462   1259         2480
  5    49     6    17    39        111     30    626    431   1248         2335
  6    13    20     9    16         58      2    625     56   1225         1908
  7     3    16     4     7         30     10    611     19   1226         1866
  8    53    92    82    17        244      1    148     16   1088         1253
  9    12    58    19     3         92      0      0      2   1051         1053
 10     0     2     1     2          5      2      1      7   1047         1057
 11     0     4     1    94         99      4      2      4     79           89
 12     0     3     0     0          3     19      1     51      7           78
 13     0     3     0     0          3     78     97    760      4          939
 14     0     2     4     1          7    173    603   1006     34         1816
 15     3     7     6     5         21    591    983   1001     26         2601
 16     3     8    13    34         58    642    984   1056    935         3617
 17     4    21    20    33         78    643   1004   1063   1091         3801
 18     3    27    14    31         75    651   1027   1078   1203         3959
 19     4    40    24    73        141    658   1048   1082   1208         3996
 20     9    49    32    68        158    660   1048   1082   1208         3998
 21     3    41    22   103        169    648   1052   1082   1208         3990
 22    10    55    16   132        213    654   1075   1082   1208         4019
 23     4    27    21   117        169    643   1075   1055   1208         3981
 24     4    27    14   121        166    470   1075   1011   1208         3764
  1     3    37    19    97        156    185   1038   1008    990         3221
  2     1    33    15    72        121    194   1030   1005    926         3155
  3     5    19     8    47         79     58    990   1005    898         2951
  4     7    21    12    38         78     10    646    913    889         2458
  5    23    80    20    42        165      5    435    182    891         1513
  6     4     9     3    38         54      6    432      6    852         1296
  7     3     6     4    26         39      1    179      4    705          889
  8    51    96    86    23        256      1      8      4    701          714
  9    11    59    19     5         94      2      2      3    698          705
 10     0     1     2     3          6      0      0      5    247          252
 11     3     4     4    95        106     28      2      1      7           38
 12     9    15    39     1         64     26    138    122      3          289
 13    80   113   103     6        302    109    560    819      4         1492
 14   322   464   716    25       1527    316    561    819     11         1707
 15   389   779  1109    74       2351    316    567    834    201         1918
 16   267   530   961   123       1881    318    571    839    256         1984
 17   161   315   482   171       1129    191    394    493    245         1323
 18   162     0     1   208        371    622      0      0    954         1576
 19   220     1     2   193        416    596     50      0   1210         1856
 20   204    10    43   184        441    590    791     93   1210         2684
 21   200   259   264   186        909    590    806    900   1210         3506
 22   159   357   354   189       1059    586    820   1134   1210         3750
 23    65   174   141   206        586    585    820   1134   1210         3749
 24    23   123    76   190        412    589    820   1134   1210         3753
  1    41    79    61   191        372    595    820   1134   1210         3759
  2     8    58    33   134        233    596   3994   5403   1210        11203
  3    17    27    20   112        176    590    810   1108   1201         3709
  4     6    32    21    89        148    204    793   1079   1202         3278
  5    29    88    20    99        236    162    772    719   1191         2844
  6     2    21     7    52         82      7    599    386   1183         2175
  7     2    12     5    47         66      8      5     71   1040         1124
  8    55   100    84    29        268      0      0     16    904          920
  9    12    64    21    15        112      1      0      2    501          504
 10     2     6     1     2         11      6      0      0    139          145
 11     2     7     4    99        112      6      2      1      9           18
 12    11    23    16     3         53     27     12    267      2          308
 13    45    73    84     3        205     96    344    688      3         1131
 14   109   254   395    19        777    152   1099    719     69         2039
 15   195   413   490    47       1145    189   1150   1045    612         2996
 16   183   361   437   107       1088    423   1379   1062    894         3758
 17   164   395   422   189       1170    667   1493   1066   1039         4265
 18    61   225   264   191        741    679   1505   1064   1055         4303
 19   171   322   360   205       1058    566   1514   1071   1060         4211
 20   210   427   412   200       1249    590   1015   1066   1060         3731
 21   167   370   387   142       1066    594    638   1070   1060         3362
 22   132   253   285   173        843    586    631   1068   4452         6737
 23    58   119   126   155        458    584    638   1072   1060         3354
 24    42    74    61   169        346    586    638   1072   1060         3356
  1    32    67    42   146        287    592    638   1072   1060         3362
  2    16    55    39   113        223    596   7331   1072   1060        10059
  3    11    26    14   102        153    584    636   1403   1060         3683
  4     5    41     9    85        140    122    619   1033   1060         2834
  5    60   195    39   151        445     22    601   1026   1047         2696
  6    26   120   101   118        365     19    516   1026   1038         2599
  7    19    98    96   111        324      5      7   1022   1036         2070
  8    64   242   153    54        513      1      6    281   1022         1310
  9    24   194    29    15        262      3      0      2    705          710
 10     7    62     6    10         85      2      1     34    187          224
 11     8     2     3    99        112      6      3     23     14           46
 12     8    12     9     1         30     33     98    984     13         1128
 13    31    53    58     3        145    104    719   1096      1         1920
 14   116   215   230    20        581    444    721   1104    443         2712
 15   144   303   317    55        819    470    728   1109    730         3037
 16   135   290   352    78        855    508    952   1135    813         3408
 17   131   291   351   151        924    642   1439   1137    909         4127
 18    72   202   241   145        660    645   1453   1142    923         4163
 19   120   240   240   154        754    647   1453   1157    947         4204
 20   168   336   406   190       1100    643   1453   1572   1169         4837
 21   136   299   337   145        917    638   5762   1568   1169         9137
 22   108   253   228   151        740    642   1453   1567   1169         4831
 23    34   124   100   167        425    637   1453   9272   1169        12531
 24    31    79    34   184        328    496    837    960   1169         3462
  1    24    61    23   129        237    511    822    941   1169         3443
  2    11    34    16   110        171    516    822    941   1169         3448
  3     4    17    16    74        111    506    812    919   1169         3406
  4     4    24    13    73        114    448    778    897   1162         3285
  5    39    84    23    57        203    140    782    737   1151         2810
  6    10    24    13    25         72     32    771    574   1142         2519
  7     7    11     2    25         45      6    189    578   1133         1906
  8    51   100    89    13        253      1      9     35    980         1025
  9    10    64    23     4        101      2      1      4    977          984
 10     1     6     1     3         11      0      0      8    728          736
 11     2     7     0    95        104      1      0      5     23           29
 12     0     8     0     0          8      5      4      7      6           22
 13     0    10     3     0         13     23     12     38      5           78
 14     2     9     5     0         16     25     33    127      9          194
 15     0    13    11    15         39     23     39    130     85          277
 16     0    13    10    17         40     65     55    127    234          481
 17     1    14     5    28         48     34     72    128    240          474
 18     1    10     6    54         71     34     59    127    240          460
 19     0    12     5    34         51     32     68    129    241          470
 20     1    12     1    33         47     35     66    127    247          475
 21     0    12     8    31         51     36     68    127    253          484
 22     1     8     7    23         39     29     63    127    255          474
 23     1    10     4    26         41     21     37    127    254          439
 24     2     7     3    10         22     27     33    128    256          444
  1     2     3     3    13         21     27     34    127    254          442
  2     5     9     5     9         28     29     31     66    256          382
  3     3    20     5     8         36     20     11     54    255          340
  4     2     8     5    13         28     10      9     39    254          312
  5     4    13     2    10         29      3      8     28    250          289
  6     0     8     1    10         19     11      4     23    241          279
  7     2    10     1     6         19      0      4      7    154          165
  8    50   100    84    10        244      6      0      7    154          167
  9    10    70    25     5        110      0      7     21     70           98
 10     0     8     0     2         10      1      2     14     16           33
 11     1     7     0    95        103      4      1      5     11           21
 12     4     9     2     0         15     31      2   1035      4         1072
 13    21    34    30     0         85    504   1741   2104      6         4355
 14    92   147   178     6        423   1139   2241   2150    157         5687
 15   115   174   192    13        494   1150   2262   2164    775         6351
 16    92   203   187    38        520   1164   2303   3582    830         7879
 17    90   219   210    80        599   1173   2306   2184   1361         7024
 18    61   191   142   136        530   1174   6382   2184   1863        11603
 19   117   211   168   182        678   1172   2352   2184   1863         7571
 20   125   281   219   203        828   1170   2352   2184   1863         7569
 21    95   241   206   145        687   1164   2333   2184   1835         7516
 22    90   223   180   156        649    980   1491   2184   1437         6092
 23    32   122    75   189        418   1015   1662   2184   1528         6389
 24     4    49    16   114        183   1027   1662   2184   1528         6401
  1     7    33    20   123        183   1027   1662   2184   1528         6401
  2     3    30    13   113        159   1026   1662   2184   1528         6400
  3     0    23     9    61         93   1026   1662   2169   1528         6385
  4     5    18     5    32         60    452   1597   2125   1528         5702
  5    34   113    10    43        200    120   1568   1626   1528         4842
  6    15    27    12    27         81     28   1561   1126   1496         4211
  7     4    14     6    21         45      8    652    862   1491         3013
  8    51    92    87    14        244      1      2      9   1418         1430
  9    11    61    23     2         97      0      0     14   1249         1263
 10     0     1     0     3          4      1      1     19    484          505
 11     1     6     2    92        101      1      0     37     15           53
 12     0     3     2     0          5     72    411    410      7          900
 13     1     5     5     0         11    353   1068   1484     28         2933
 14    12    24    22     1         59   1105   1906   1523     11         4545
 15    28    51    57     8        144   1109   1964   1537    581         5191
 16    35    90    61    30        216   1127   2000   1447   1191         5765
 17    31    92    66    42        231   1131   2022   2059   1442         6654
 18    19   128    64    91        302   1129   2043   2059   1456         6687
 19    18    98    87    95        298   1130   2043   2059   1456         6688
 20    22   106    60   121        309   1029   2162   2059   1456         6706
 21    16    91    65   142        314   1070   3417   2059   1456         8002
 22     8   104    47    90        249   1067   3417   2059   1456         7999
 23     4    59    21   113        197   1052   2219   2059   1456         6786
 24     5    38    24   112        179   1053    976   2059   1456         5544
  1     2    46    23   119        190   1067    976   2059   1456         5558
  2     1    27    14    82        124   1055    976   2042   1456         5529
  3     1    13     4    39         57   1060    976   2024   1456         5516
  4     1    15     1    35         52    606    920   1986   1431         4943
  5    46   117    13    34        210    281    884   1982   1422         4569
  6     7    26     3    25         61     40    881   1982   1417         4320
  7     5    16     6    17         44      6    713   1043   1411         3173
  8    52    98    89    15        254     14     11    278   1262         1565
  9    11    63    24     2        100      7      3      6   1188         1204
 10     0     5     2     4         11      2      2     16    908          928
 11     0     8     2    96        106      2      6      3    150          161
 12     0     8     2     3         13     74     10      9      9          102
 13     0     6     2     1          9    245     66    741      0         1052
 14     1     6     6     3         16    292    831    983      7         2113
 15     1    13     6     2         22    652    935    983    186         2756
 16     0    15     6    11         32    652    949   1040    547         3188
 17     3    30     9    27         69    654    966   1053   1058         3731
 18    10    34    16    33         93    667    977   1075   1097         3816
 19     1    42    21    71        135    666    994   1075   1100         3835
 20     5    66    32    88        191    665    994   1075   1100         3834
 21     8    65    26    94        193    670    994   1075   1100         3839
 22     5    61    39   112        217    561    994   1075   1100         3730
 23     9    34    23   101        167    413    994   1062   1100         3569
 24     7    66    15   120        208    407    994    992   1100         3493
  1     5    16    12    66         99    426    994    997   1100         3517
  2     5    26    14    66        111    305    989    985   1086         3365
  3     4    18    13    45         80     35    955    720   1061         2771
  4    11    20     8    36         75      6    937    539   1058         2540
  5    29    89    12    46        176     21    933    526   1056         2536
  6     0    17     2    36         55      6    589    504   1056         2155
  7     3     7     6    27         43      5      2      3    925          935
  8    50    93    86    28        257      2      1      7    882          892
  9    12    56    23     4         95      2      2      1    573          578
 10     0     3     0     4          7      3      0      3     13           19
 11     2     6     4    93        105      3      0      4      9           16
 12     2     9     9     2         22      6      7      7      4           24
 13    33    74    82     1        190      3      3      0      0            6
 14   110   271   353     0        734      0      1      0      0            1
 15   124   345   379    16        864      1      3      0      0            4
 16   171   351   367    84        973      3      4      4     29           40
 17   127   389   361   164       1041      9     11      7      7           34
 18    86   244   295   200        825     10      0     15    190          215
 19    68   213   255   152        688     19      0     15      0           34
 20   199   534   595   259       1587     15      0     15      0           30
 21   148   454   486   172       1260      5      0     13      0           18
 22   130   405   371   200       1106      3      0     11      0           14
 23    47   159   178   225        609      0      0      2      0            2
 24    23    75    94   171        363      1      0      0      0            1
 
 
T = TOTAL CONNECT HOURS
M = PEAK CONNECT HOURS
P = PEAK % TOTAL CONNECT HOURS
H = PEAK HOUR
 
 
                 LOGINS                          CONNECT TIME (HOURS)
    ---------------------------------- ----------------------------------------
DAY BAND0 BAND1 BAND2 BAND5     ROTARY  BAND0  BAND1  BAND2  BAND5       ROTARY
--- ----- ----- ----- ----- ---------- ------ ------ ------ ------ ------------
 1T    18   155   347 15939      16459   0.24   2.96  16.16 238.64       257.99
  M     6   121    48  1209       1329   0.10   2.50   2.21  21.30        22.89
  P  33.3  78.1  13.8   7.6        8.1   43.2   84.7   13.7    8.9          8.9
  H    18    24    20    23         24     12     24     21     18           18
 2T  7298 14215 17249 22674      61436 112.27 267.62 297.98 285.55       963.42
  M   665  1347  1751  1577       5187  12.91  30.10  35.24  23.81        96.93
  P   9.1   9.5  10.2   7.0        8.4   11.5   11.2   11.8    8.3         10.1
  H    21    16    21    20         21     16     17     17     20           17
 3T 11785 23174 41878 31622     108459  86.25 212.35 327.43 283.42       909.45
  M   915  1644 11991  4838      14075   7.53  18.27  75.65  37.26        92.86
  P   7.8   7.1  28.6  15.3       13.0    8.7    8.6   23.1   13.1         10.2
  H    17    18     4     2          4     17     19      4      2            4
 4T  8995 16226 16307 23774      65302  65.07 124.38 125.31 204.01       518.77
  M   743  1129  1118  1396       4228   5.59  10.71  10.16  14.04        36.54
  P   8.3   7.0   6.9   5.9        6.5    8.6    8.6    8.1    6.9          7.0
  H     2    22     1     1         22      2     19     17      1           19
 5T  8199 14983 16766 18853      58801 142.17 245.09 270.10 247.45       904.81
  M   810  1326  1923  1402       4727  18.41  31.54  43.29  20.34        95.80
  P   9.9   8.9  11.5   7.4        8.0   13.0   12.9   16.0    8.2         10.6
  H    19    15    15    23         22     21     16     16     23           16
 6T  9530 23394 26002 25533      84459 151.84 361.59 386.04 299.28      1198.75
  M   817  4045  5429  4616      11414  14.48  36.03  37.86  36.74       101.39
  P   8.6  17.3  20.9  18.1       13.5    9.5   10.0    9.8   12.3          8.5
  H    17     2     2    22          2     16     17      2     22           17
 7T  9925 32448 35024 22208      99605 136.60 398.92 416.55 276.30      1228.36
  M   800  7379  9355  1349      12902  11.90  54.94  63.25  19.01       112.78
  P   8.1  22.7  26.7   6.1       13.0    8.7   13.8   15.2    6.9          9.2
  H    20     2    23    20         23     20     21     23     20           21
 8T  2715  6117  7357 13942      30131  22.16  58.07  61.97 145.96       288.16
  M   529   868   959  1286       3642   4.70   8.46   7.58  14.28        34.68
  P  19.5  14.2  13.0   9.2       12.1   21.2   14.6   12.2    9.8         12.0
  H     1     1     1     1          1      1      1      4      1            1
 9T 13928 31423 30726 18320      94397 138.21 312.20 284.80 187.86       923.07
  M  1286  6560  3760  2052      12100  13.89  48.67  32.90  23.34       102.04
  P   9.2  20.9  12.2  11.2       12.8   10.1   15.6   11.6   12.4         11.1
  H    19    18    16    20         18     19     18     16     19           18
10T 16433 37260 35963 28545     118201 119.31 279.11 259.76 240.48       898.67
  M  1162  3515  2204  1646       8304   9.59  25.40  17.77  16.29        64.43
  P   7.1   9.4   6.1   5.8        7.0    8.0    9.1    6.8    6.8          7.2
  H    16    22     1     1         21     16     22     19     18           21
11T 10925 17891 26019 24106      78941  75.97 143.16 192.08 228.34       639.55
  M  1068  1058  2081  1569       5738   6.83   9.80  14.27  15.96        45.21
  P   9.8   5.9   8.0   6.5        7.3    9.0    6.8    7.4    7.0          7.1
  H     1    20     1     1          1      1     24      1      1            1
12T  2201  9011  8123 10981      30316  96.92 320.71 312.64 211.56       941.82
  M   430  1018  1006  1162       3607  12.85  39.10  36.26  16.91       100.51
  P  19.5  11.3  12.4  10.6       11.9   13.3   12.2   11.6    8.0         10.7
  H     1     5     1     1          1     20     21     21     23           20
 
 
        NON-POS TRANSACTIONS                     POS TRANSACTIONS
    ---------------------------------- ----------------------------------------
DAY BAND0 BAND1 BAND2 BAND5     ROTARY  BAND0  BAND1  BAND2  BAND5       ROTARY
--- ----- ----- ----- ----- ---------- ------ ------ ------ ------ ------------
 1T     2    19   237  2088       2346     16    136    128  14003        14283
  M     1    11    35   171        206      5    110     18   1045         1164
  P  50.0  57.9  14.8   8.2        8.8   31.3   80.9   14.1    7.5          8.1
  H    12    24    20    20         20     18     24     17     19           24
 2T  1207  2643  3076  2288       9214   6162  11750  14378  20531        52821
  M   145   323   400   196       1040    539   1130   1374   1393         4208
  P  12.0  12.2  13.0   8.6       11.3    8.7    9.6    9.6    6.8          8.0
  H    21    21    21    20         21     24     16     22     20           20
 3T   417  1423  1150  1895       4885  11380  21838  40804  29827       103849
  M    52   150   138   186        413    881   1500  11980   4691        13989
  P  12.5  10.5  12.0   9.8        8.5    7.7    6.9   29.4   15.7         13.5
  H     8    18    16    21         21     20     16      4      2            4
 4T   198   553   368  1281       2400   8807  15699  15962  22548        63016
  M    53    92    82   144        244    735   1075   1103   1259         4019
  P  26.8  16.6  22.3  11.2       10.2    8.3    6.8    6.9    5.6          6.4
  H     8     8     8     1          8      2     22      1      1           22
 5T  2372  3505  4483  2242      12602   5924  11660  12457  16738        46779
  M   389   779  1109   208       2351    622   1038   1134   1210         3753
  P  16.4  22.2  24.7   9.3       18.7   10.5    8.9    9.1    7.2          8.0
  H    15    15    15    18         15     18      1     22     19           24
 6T  1724  3803  4016  2472      12015   7914  19851  22249  23216        73230
  M   210   427   490   205       1249    679   3994   5403   4452        11203
  P  12.2  11.2  12.2   8.3       10.4    8.6   20.1   24.3   19.2         15.3
  H    20    20    15    19         20     18      2      2     22            2
 7T  1506  3799  3434  2448      11187   8501  28879  31797  19913        89090
  M   168   336   406   190       1100    647   7331   9272   1169        12531
  P  11.2   8.8  11.8   7.8        9.8    7.6   25.4   29.2    5.9         14.1
  H    20    20    20    20         20     19      2     23     20           23
 8T   172   570   287   879       1908   2552   5595   7088  13128        28363
  M    51   100    89   129        253    516    822    941   1169         3448
  P  29.7  17.5  31.0  14.7       13.3   20.2   14.7   13.3    8.9         12.2
  H     8     8     8     1          8      2      1      1      1            2
 9T  1017  2360  1936  1443       6756  12974  29200  28898  16965        88037
  M   125   281   219   203        828   1174   6382   3582   1863        11603
  P  12.3  11.9  11.3  14.1       12.3    9.0   21.9   12.4   11.0         13.2
  H    20    20    20    20         20     18     18     16     18           18
10T   330  1307   768  1376       3781  16117  36015  35228  27245       114605
  M    51   128    87   142        314   1131   3417   2184   1528         8002
  P  15.5   9.8  11.3  10.3        8.3    7.0    9.5    6.2    5.6          7.0
  H     8    18     8    21         21     17     21      1      1           21
11T   176   880   384  1134       2574  10758  17046  25659  23061        76524
  M    52   117    89   120        254   1067    994   2059   1456         5558
  P  29.5  13.3  23.2  10.6        9.9    9.9    5.8    8.0    6.3          7.3
  H     8     5     8    24          8      1     19      1      1            1
12T  1389  3874  4005  2097      11365    889   5431   4378   9049        19747
  M   199   534   595   259       1587    426    994    997   1100         3517
  P  14.3  13.8  14.9  12.4       14.0   47.9   18.3   22.8   12.2         17.8
  H    20    20    20    20         20      1      1      1      1            1
 
 
        BAND0        BAND1        BAND2        BAND5          ROTARY
        -----        -----        -----        -----      ----------
        10383        23553        23725        20662           78323
          427          356          992          390            2165
        92261       203393       239428       242221          777303
      2099673      5339817      5355897      5049187        17844574
    C!V=