NORRISTOWN
----------
 
DATE
----
871209
871210
871211
871212
871213
871214
871215
871216
871217
871218
871219
871220
                 LOGINS                          CONNECT TIME (HOURS)
    ---------------------------------- ----------------------------------------
 HR BAND0 BAND1 BAND2 BAND5     ROTARY  BAND0  BAND1  BAND2  BAND5       ROTARY
 -- ----- ----- ----- ----- ---------- ------ ------ ------ ------ ------------
  1   794  1317  1443  1597       5151   5.57  15.69  11.01  23.79        56.07
  2   793  1313  1444  1531       5081   5.65  12.99  10.97  18.07        47.68
  3   783  1265  1437  1504       4989   5.34  10.97  12.96  15.93        45.20
  4   269  1237  1377   964       3847   3.34   9.20  11.15  11.33        35.03
  5    77  1318  1241   996       3632   2.93  11.18   9.50  12.77        36.38
  6    15  1229 14231   961      16436   0.22   7.81  87.99  11.05       107.06
  7     2   539    25   934       1500   0.03   3.55   0.17  11.10        14.86
  8    70   103   137   827       1137   1.29   2.15   2.24   9.64        15.32
  9    17    77    27   579        700   0.34   2.00   1.47   5.81         9.63
 10     3     6     5   433        447   0.02   0.07   1.12   3.67         4.88
 11     3    10     4   130        147   0.12   0.29   0.56   3.50         4.46
 12    27    23    90     3        143   0.34   0.67   1.89   1.62         4.53
 13   285  1149  1590     5       3029   3.81  10.37  15.13   1.83        31.14
 14   886  1528  1819    15       4248  10.37  22.28  31.81   1.62        66.07
 15   933  1638  1893   630       5094  12.52  30.08  41.85   8.18        92.62
 16   977  1698  1882  1209       5766  16.68  35.86  38.53  15.15       106.22
 17   973  1694  1920  1281       5868  15.74  34.28  39.68  19.84       109.53
 18   895  1637  1796  1260       5588   9.95  28.22  24.10  18.44        80.70
 19   940  1705  1846  1315       5806  14.00  28.95  26.46  22.15        91.57
 20   970  1798  1876  1319       5963  14.13  38.25  33.38  20.76       106.52
 21   898  1565  1748  1248       5459  13.43  32.57  30.82  18.07        94.89
 22  1022  1947  2019  1454       6442  13.44  31.08  30.73  21.22        96.48
 23   930  1781  1845  1431       5987   8.03  20.11  18.91  21.06        68.12
 24   930  1736  1762  1333       5761   7.03  15.06  13.41  19.04        54.53
  1   915  1711 14409  1323      18358   6.17  14.76  91.78  19.48       132.19
  2   926  1720  1741  1302       5689   6.44  15.12  13.02  19.93        54.51
  3   697   926  1116  1256       3995   5.36   9.02   7.65  14.59        36.62
  4   336   842  1033  1254       3465   2.89   6.56   7.50  15.87        32.82
  5   126   865   934  1254       3179   1.21   7.42   6.26  13.80        28.69
  6    45   783   327  1219       2374   0.53   5.39   2.52  15.32        23.75
  7     2   625    10  1192       1829   0.03   4.89   0.65  12.39        17.96
  8    48   115    92  1033       1288   1.09   2.18   2.04  11.35        16.66
  9    14    73    32   594        713   0.33   1.76   0.69   5.32         8.10
 10     0    11     4   391        406   0.00   0.12   0.22   3.41         3.75
 11     1     9     8   106        124   0.01   0.11   0.52   3.32         3.95
 12    20    23   117     7        167   0.19   0.93   1.39   1.04         3.56
 13   120   632  5144     5       5901   2.56   8.20  36.49   1.39        48.65
 14   536  1070  7044    15       8665   9.12  20.43  64.14   1.52        95.21
 15   837  1018   803    99       2757  12.43  25.73  24.63   4.50        67.30
 16  1039  1823   840  1786       5488  15.29  32.84  30.08  19.23        97.44
 17  1033  1889   835  1853       5610  15.43  34.78  30.60  22.75       103.56
 18   974  1788   764  1908       5434  10.96  26.80  19.17  23.57        80.49
 19  1025  1938  1043  1918       5924  12.54  31.89  24.25  24.17        92.85
 20  1055  1868  1068  1965       5956  16.02  35.33  29.53  23.51       104.39
 21  1045  1932  1016  2002       5995  17.07  37.61  29.80  20.09       104.57
 22  1021  1501   975  1544       5041  14.58  30.07  25.03  20.90        90.58
 23   932  1398   814  1532       4676   8.43  17.85  12.32  23.49        62.08
 24   938  1335   756  1478       4507   7.04  15.19   7.21  18.31        47.75
  1   941  1347   752  1457       4497   7.29  14.93   8.23  16.44        46.89
  2  8869  1324   749  1426      12368  56.23  13.20   9.54  17.48        96.45
  3   927  1303   730  1404       4364   6.03  11.69   7.44  16.25        41.41
  4   384  1276   679  1400       3739   3.06  10.62   6.02  13.93        33.64
  5   162  1402   687  1410       3661   1.42  11.62   5.61  15.12        33.77
  6    43  1372   142  1352       2909   0.76  10.69   1.28  13.37        26.10
  7    26   668    43  1345       2082   0.35   5.15   0.43  15.10        21.03
  8    69   207    99  1179       1554   1.67   3.63   2.36  10.75        18.41
  9    19   161    36   513        729   0.44   2.95   0.64   4.20         8.24
 10     0    64     4   317        385   0.00   0.87   0.09   2.95         3.92
 11     2    19    11   107        139   0.01   0.22   0.60   3.27         4.11
 12   140    66   426     3        635   0.93   1.47   3.82   1.02         7.23
 13   230  1066  1471     5       2772   2.81  10.89  13.66   1.39        28.76
 14   858  1469  1692   132       4151  13.17  25.77  26.57   2.09        67.60
 15  1007  1520  1777  1029       5333  16.38  29.27  34.34  10.36        90.35
 16   979  1567  1751  1203       5500  16.51  32.75  34.58  16.02        99.86
 17   989  1618  1759  1285       5651  15.82  32.38  36.33  19.81       104.34
 18   932  1506  1642  1259       5339  11.63  24.18  23.01  18.69        77.51
 19   990  1592  1741  1377       5700  13.58  26.38  27.27  18.66        85.89
 20  1018  1650  1794  1437       5899  17.08  27.93  30.36  19.19        94.56
 21  1005  1659  1843  1424       5931  16.21  32.88  37.77  18.98       105.84
 22   981  1592  1707  1415       5695  15.04  33.57  29.64  19.81        98.07
 23   898  1450  1527  1452       5327   8.50  18.35  13.92  20.06        60.84
 24   897  1386  1493  1421       5197   6.88  13.25  11.73  19.85        51.70
  1   882  1371  1494  1430       5177   6.08  11.70  12.29  18.18        48.24
  2   871  1375  1484  1366       5096   5.45  10.80  11.96  15.35        43.56
  3   871  1334  1467  1343       5015   5.34   9.68  12.34  13.03        40.39
  4   872  1337 16832  1336      20377   5.34  10.36 105.31  13.20       134.21
  5   684  1421  1175  1341       4621   4.94  12.06   8.61  12.71        38.31
  6   105  1321   815  1311       3552   0.65  10.73   5.60  11.66        28.64
  7    10  1287   805  1278       3380   0.08   9.30   4.94  12.12        26.44
  8    49 12552   412   794      13807   1.11  78.41   4.25   8.31        92.08
  9    12    82    23   559        676   0.31   1.55   0.52   5.48         7.87
 10     1    39     7   527        574   0.01   0.31   0.04   4.81         5.16
 11     1    14     4   111        130   0.01   0.17   0.22   4.51         4.90
 12    54    12   103    11        180   0.33   0.49   0.63   1.09         2.55
 13   351  1387  1978     4       3720   2.18   8.65  13.38   1.04        25.25
 14  1042  2150  2414   113       5719   7.41  15.04  17.56   1.99        42.00
 15  1368  2191  2470   418       6447  10.02  19.05  20.67   4.23        53.98
 16  1403  2325  2540   897       7165  10.68  20.27  21.87   9.99        62.80
 17  1392  2343  2540  1356       7631  10.28  22.14  19.75  14.78        66.95
 18  1383  2341  2523  1391       7638   9.55  21.10  20.91  15.37        66.94
 19  1389  3005  2409  1420       8223  10.38  22.73  19.04  15.43        67.59
 20  1374  3240  2984  1855       9453   9.43  25.14  21.06  16.23        71.86
 21  1383  2453  2795  1988       8619  10.11  21.20  18.73  17.69        67.73
 22  1380  2426  1488  1983       7277   8.80  19.27  11.26  18.92        58.25
 23  1358  2367  1874  7570      13169   8.73  15.96  12.93  50.91        88.53
 24  1359  2356  1864  1990       7569   9.05  15.37  12.25  17.25        53.92
  1  1359  2359  1860  1972       7550   8.67  15.59  11.84  15.71        51.82
  2  1357  2340  1866  1944       7507   8.50  15.07  12.19  15.78        51.55
  3  1359  2331  1858  1906       7454   9.17  14.71  12.88  14.16        50.93
  4  1345  2323  1824  1897       7389   9.24  14.35  12.02  14.76        50.36
  5   436  2366  1800  1885       6487   3.97  16.21  12.32  14.35        46.85
  6   359  2239   913  1858       5369   2.57  14.09   6.69  12.54        35.90
  7    37  2227    31 14357      16652   0.24  14.06   0.69  89.86       104.86
  8    59   940    97  1711       2807   1.33   7.63   2.45  12.08        23.49
  9    14    84    27  1308       1433   0.38   1.67   0.53   8.04        10.62
 10     6    36     0   661        703   0.04   0.29   0.00   4.06         4.38
 11     5    10     0   575        590   0.03   0.14   0.00   5.10         5.28
 12     3    10     9    12         34   0.02   0.09   0.06   0.38         0.55
 13     4   641   491     8       1144   0.23   3.95   3.88   0.05         8.11
 14   173   927  1386    12       2498   1.06   6.01  10.58   0.09        17.74
 15   805  1544  1389    42       3780   5.16   9.88  10.11   0.80        25.95
 16   849  1649  1388   698       4584   5.90  12.84  10.60   4.93        34.27
 17   859  1703  1412  1154       5128   5.27  13.74  12.11   9.41        40.52
 18   870  1753  1453  1154       5230   5.36  12.64  12.82   8.74        39.56
 19   876  1778  1477  1239       5370   5.79  13.03  10.76  10.66        40.25
 20   867  1782  1466  1267       5382   5.75  13.72  11.42  11.64        42.54
 21   872  1785  1465  1279       5401   5.37  14.16  11.51  11.51        42.55
 22   870  1278  1170  1303       4621   5.33  10.45  10.24  11.71        37.73
 23   861  1198  1180  1299       4538   5.29  10.32   8.85  11.69        36.15
 24   861  1153  1160  1297       4471   5.29   9.77   8.65  11.36        35.07
  1   859  1137  1129  1299       4424   5.29   8.16  11.16  12.93        37.54
  2   862  1119  1120  1251       4352   5.31   8.84  10.58  12.09        36.82
  3   583  1091   910  1210       3794   4.68   8.87   8.30  11.83        33.67
  4   254  1096   720  1169       3239   2.12   8.39   5.64  11.81        27.96
  5    60  1151   721  1156       3088   0.85   8.45   4.57  10.19        24.06
  6    12   242   710  1170       2134   0.13   2.12   4.41  11.29        17.96
  7     2    46   173  1047       1268   0.02   1.44   1.38   9.39        12.24
  8    50   133    94   981       1258   1.11   2.42   2.13   9.31        14.98
  9    14   100    27   752        893   0.33   1.77   0.57   4.83         7.50
 10     1    38     6   274        319   0.01   0.36   0.41   1.69         2.47
 11     4    15    18   102        139   0.02   0.18   0.71   2.31         3.22
 12   111    61    15     8        195   0.68   0.40   1.70   0.35         3.13
 13   295  1114  1418     7       2834   3.45  12.77  13.36   0.34        29.92
 14   955  1428  1720    53       4156  11.79  22.63  28.92   1.03        64.36
 15  1075  1796  1979   719       5569  14.35  39.01  39.03   6.91        99.30
 16  1220  1983  2265   813       6281  17.53  39.24  42.61  10.76       110.15
 17  1052  1581  1788   906       5327  15.34  33.99  38.01  15.99       103.32
 18   948  1849  1837  1078       5712  11.42  28.48  28.93  16.43        85.26
 19  1035  5710  1966  1509      10220  15.30  56.23  36.71  22.61       130.85
 20  1024  1977  2077  1514       6592  14.78  37.57  43.09  20.00       115.43
 21  1018  2025  1990  1516       6549  13.87  40.42  35.08  20.32       109.69
 22  1003  1936  1927  1537       6403  13.64  34.51  32.34  19.88       100.38
 23   911  1777  1774  1531       5993  10.10  19.21  18.32  20.36        68.00
 24   899  1732  1716  1531       5878   8.90  14.75  15.86  22.18        61.69
  1   910  1741  1693  1509       5853   6.95  16.55  14.97  18.64        57.11
  2   885  1706  1694  1469       5754   6.00  15.84  13.22  17.53        52.59
  3   881  1667  1677  1410       5635   5.45  14.91  11.54  14.81        46.71
  4   672  1626  1621  1392       5311   4.18  13.52  12.32  14.38        44.40
  5   256  1649  1627  1403       4935   1.79  13.19  12.59  14.56        42.14
  6    13  1358   500  1361       3232   0.11   9.18   4.32  12.95        26.56
  7     6   191    28  1330       1555   0.11   1.76   1.05  13.90        16.83
  8    52   133    94  1309       1588   1.18   2.75   2.17  10.81        16.91
  9    13    93    28   750        884   0.33   1.61   0.81   4.86         7.60
 10     1    26     3    14         44   0.01   0.24   0.03   0.91         1.19
 11     4    16     4   100        124   0.07   1.13   0.17   2.62         3.97
 12   126    27   486    11        650   1.26   0.50   3.68   0.07         5.50
 13   233   855   898     6       1992   3.83   9.32  10.71   0.25        24.11
 14   518  1254  1084    18       2874   9.91  20.70  23.33   0.81        54.75
 15   939  1301  1203   459       3902  15.03  26.37  33.27   6.36        81.04
 16   941  1409  1205   828       4383  13.05  31.73  31.62  12.96        89.37
 17   973  1391  1219   861       4444  14.08  32.39  28.16  16.89        91.52
 18   906  1423  1633  1325       5287  10.67  22.37  21.90  18.84        73.77
 19   965  1598  1793  1529       5885  12.48  23.81  26.05  21.18        83.53
 20   979  1688  1901  1553       6121  15.62  32.97  31.86  21.08       101.54
 21  1024  1678  1935  1468       6105  19.19  31.00  33.47  18.16       101.83
 22   961  1653  1876  1547       6037  13.70  30.44  31.80  20.23        96.17
 23   881  1459  1674  1528       5542   8.38  18.01  22.70  20.26        69.35
 24   864  1407  1591  1544       5406   7.99  13.08  13.06  19.78        53.90
  1   860  1415  1568  1527       5370   7.65  12.61  11.98  20.44        52.69
  2   850  1415  1562  1450       5277   6.72  14.32  13.18  17.17        51.39
  3   842  1359  1551  1446       5198   5.30  11.66  14.69  14.22        45.86
  4   776  1340  1511  1466       5093   5.64  10.87  11.11  16.53        44.14
  5   239  1341  1509  1426       4515   1.71  11.19  10.27  13.89        37.06
  6    95  1270   288  1469       3122   0.61   8.31   2.83  14.06        25.81
  7     2   784    16  1432       2234   0.82   5.06   1.06  12.50        19.44
  8    50    99   111  1363       1623   1.16   2.03   3.16  10.21        16.56
  9    14    74    37   519        644   0.34   1.53   1.57   3.65         7.09
 10     1     8     5   501        515   0.01   0.12   1.40   3.09         4.62
 11     5    12    13   146        176   0.24   0.41   0.31   2.68         3.64
 12    39    93   278     6        416   0.82   1.27   3.39   0.04         5.52
 13   265  1356  1555     2       3178   3.81  12.22  13.24   0.14        29.40
 14   522  1670  1764   199       4155   9.33  24.26  27.36   1.89        62.83
 15   930  1722  1849   656       5157  13.44  27.42  36.97   6.78        84.61
 16  1072  1984  2098   823       5977  13.68  37.19  33.52  12.06        96.45
 17  1037  1889  1888   933       5747  16.06  37.31  34.02  17.32       104.72
 18   908  1791  1719  1324       5742   9.99  28.59  25.28  21.81        85.67
 19   963  1862  1777  1477       6079  12.77  32.83  26.19  24.06        95.85
 20   967  1891  1851  1460       6169  13.89  35.66  31.74  19.84       101.13
 21   971  1859  1857  1444       6131  13.28  37.75  32.81  17.36       101.21
 22   945  1808  1819  1451       6023  13.08  34.85  27.10  20.66        95.69
 23   848  1575  1660  1459       5542   8.14  20.04  17.72  22.17        68.07
 24   856  1537  1600  1471       5464   8.12  15.39  13.55  20.64        57.70
  1   852  1557  1602  1429       5440   6.64  15.65  13.87  18.52        54.68
  2   847  1530  1575  1428       5380   5.87  12.99  12.79  21.59        53.25
  3   835  1491  1583  1376       5285   6.09  10.77  12.11  13.34        42.32
  4   606  1498  1549  1385       5038   3.83  12.14  12.93  15.19        44.09
  5   255  1522  1518  1385       4680   1.92  12.57  10.33  16.39        41.21
  6   102  1454  1500  1341       4397   1.85  10.65   9.60  13.27        35.37
  7     9   681   363  1164       2217   1.05   5.65   2.29  12.29        21.29
  8   126   218   222  1026       1592   3.50   6.01   5.02   9.34        23.88
  9    61   235   117   331        744   1.18   7.09   2.22   2.33        12.82
 10    11    34    16    15         76   0.37   2.07   0.58   0.17         3.19
 11     4    15     7   243        269   0.02   2.04   0.09   6.88         9.03
 12   136    20   653     4        813   1.11   2.63   4.86   0.02         8.62
 13   214  1093  1613    15       2935   3.61  11.09  12.96   0.22        27.88
 14   895  1704  1822    16       4437  11.23  23.89  26.28   0.50        61.90
 15   978  1783  1876   625       5262  15.06  32.96  34.82   7.07        89.90
 16   987  1872  3171  1224       7254  15.26  33.90  39.50  14.86       103.52
 17   961  1885  1931  1327       6104  13.41  33.02  29.90  18.32        94.65
 18   917  1753  1813  1387       5870  11.16  27.10  22.91  19.76        80.92
 19   928  1696  1767  1374       5765  13.54  31.69  28.65  18.77        92.65
 20  1044  1975  2580  1479       7078  14.73  35.52  33.54  17.73       101.52
 21  1052  2019  2741  1485       7297  14.50  34.40  38.44  16.42       103.76
 22  1027  1909  2716  1418       7070  14.04  34.95  36.18  19.03       104.20
 23   971  1706  1622  1603       5902   9.21  19.80  16.76  18.49        64.25
 24   949  1668  1060  1588       5265   8.68  15.05   9.87  18.71        52.31
  1   945  1667  1049  1627       5288   6.99  14.96  12.10  18.26        52.31
  2   933  1658  1029  1567       5187   6.72  16.53   9.09  17.79        50.12
  3   923  1626  1009  1542       5100   6.26  13.30   6.98  17.02        43.57
  4   919  1612   972  1509       5012   6.69  12.84   8.57  13.53        41.62
  5   487  1627   953  1509       4576   4.38  12.88   7.93  13.73        38.92
  6    65  1556   9473       4043   1.11  10.48   6.92  11.50        30.01
  7    40  1018   452  1406       2916   0.71   6.98   3.81  10.60        22.10
  8    67   129   128  1240       1564   2.87   4.11   4.95  12.27        24.21
  9    25   106    57  8552       8740   1.03   3.47   2.44  52.46        59.40
 10     0     6     2   608        616   0.00   0.06   1.42   3.93         5.41
 11     2    15    49   147        213   0.03   0.55   2.33   5.03         7.94
 12    12   544  1200     0       1756   0.34   4.17   9.21   0.00        13.72
 13   171  1281  1737     8       3197   2.91  11.09  17.00   0.19        31.20
 14   745  1694  1937   328       4704   9.73  22.98  33.56   2.54        68.80
 15  1186  1784  1948   829       5747  16.82  29.87  32.68   7.80        87.17
 16  1208  1866  2009   958       6041  15.53  34.35  32.60  11.57        94.04
 17  1190  1895  2035  1128       6248  15.02  35.10  29.38  18.20        97.70
 18  1127  1777  1885  1122       5911  10.59  25.20  24.04  16.54        76.36
 19  1189  1840  1960  1628       6617  13.78  31.38  25.54  22.66        93.36
 20  1261  2148  2203  1806       7418  15.01  39.16  29.51  24.48       108.16
 21  1231  1893  2015  1730       6869  17.94  32.53  27.91  17.96        96.35
 22  1180  1833  1989  1775       6777  12.54  26.26  25.04  20.11        83.95
 23  1116  1695  1831  1769       6411   9.57  19.06  19.27  21.12        69.01
 24  1085  1639  1776  1763       6263   7.77  13.73  14.20  20.75        56.45
  1  1089  1644  1754  1742       6229   7.28  15.05  12.58  20.88        55.80
  2  1078  1629  1753  1720       6180   7.13  13.87  12.64  17.67        51.31
  3  1061  1618  1740  1666       6085   6.49  12.42  11.21  14.54        44.66
  4  1068  1594  1702  1271       5635   6.62  11.03  10.53  11.27        39.44
  5   315  1615  1676  1172       4778   2.23  13.56  10.89   9.60        36.28
  6   224  1530   794  1122       3670   1.45  12.33   5.03   9.45        28.26
  7     1  1021    51  1063       2136   0.01   7.87   0.84   8.98        17.69
  8    50   592    93  1065       1800   1.35   5.80   2.44   7.60        17.19
  9    14    72    28  1027       1141   0.39   1.63   0.64   6.30         8.96
 10     3     8     8   787        806   0.02   0.08   0.05   4.83         4.98
 11     4    79     5   487        575   0.03   0.55   1.23   4.86         6.67
 12    58   501   313     6        878   0.45   3.09   3.65   0.04         7.23
 13   175   961  2194     2       3332   1.07   6.33  14.97   0.01        22.39
 14  1165  2087  2644     9       5905   7.79  15.22  18.53   0.14        41.68
 15  1542  2183  2754    95       6574  10.75  17.72  22.80   1.25        52.51
 16  1535  2188  2786   999       7508  11.05  20.37  23.29  10.59        65.31
 17  1982  3960  2788  1249       9979  13.03  32.14  21.44  12.44        79.05
 18  2014  4075  2770  1364      10223  13.86  30.39  19.96  14.54        78.75
 19  1706  2905  2785  2236       9632  11.42  22.90  19.77  20.44        74.53
 20  1789  3143  2794  2660      10386  12.00  23.65  19.76  24.26        79.67
 21  1225  2439  2787  2004       8455   9.03  20.26  20.39  18.20        67.87
 22  1446  2625  2771  2049       8891   9.85  20.29  18.69  19.55        68.39
 23  1456  2597  2717  2056       8826   9.66  19.03  17.28  18.69        64.67
 24  1446  2562  2714  2034       8756  10.12  16.84  17.11  18.43        62.49
  1  1446  2544  2711  2039       8740   8.88  16.64  17.64  19.02        62.18
  2  1450  2535  2707  1981       8673   9.29  16.50  17.46  15.49        58.74
  3  1443  2515  2689  1932       8579   9.16  15.56  17.95  14.65        57.32
  4  1442  2496  2651  1910       8499   8.86  15.65  17.22  14.43        56.16
  5   595  2488  2626  1907       7616   4.05  16.55  17.19  13.65        51.45
  6   397  2408  1113  1893       5811   2.47  15.50   8.02  13.65        39.65
  7   387  1737    14  1817       3955   2.37  11.50   0.99  13.95        28.81
  8    53   732    97  1816       2698   1.16   6.12   2.23  13.68        23.20
  9    13    76    46  1703       1838   0.40   1.92   0.77  10.76        13.85
 10     6     6     3   835        850   0.04   0.07   0.02   5.33         5.46
 11    11     6    23   461        501   0.07   0.06   0.39   4.62         5.14
 12     3     7     3     6         19   0.02   0.07   0.02   0.05         0.16
 13     4    13    10     2         29   0.03   0.11   0.32   0.02         0.47
 14     2    12     6     9         29   0.21   0.40   0.94   0.06         1.60
 15     4    16    19    18         57   0.12   0.79   1.38   0.43         2.72
 16    15    32    22    17         86   0.17   1.81   1.41   0.77         4.17
 17    28    57    31    10        126   0.21   1.99   1.34   0.76         4.29
 18    37    78    24    43        182   0.54   2.55   1.01   3.51         7.62
 19    38    89    17    91        235   0.27   2.41   0.85   4.51         8.03
 20    37   104    19   114        274   0.35   3.53   0.56   3.65         8.09
 21    45   114    27   151        337   2.15   4.55   0.47   4.94        12.09
 22  8346    77    18   125       8566  51.96   4.51   0.66   3.94        61.08
 23    30 11068    23   171      11292   0.37  69.71   1.67   5.14        76.88
 24    24    48    17   150        239   0.15   1.24   0.36   4.44         6.19
 
 
        NON-POS TRANSACTIONS                     POS TRANSACTIONS
    ---------------------------------- ----------------------------------------
 HR BAND0 BAND1 BAND2 BAND5     ROTARY  BAND0  BAND1  BAND2  BAND5       ROTARY
 -- ----- ----- ----- ----- ---------- ------ ------ ------ ------ ------------
  1    18    74    27   184        303    776   1243   1416   1413         4848
  2    14    80    30   123        247    779   1244   1416   1413         4852
  3     6    40    29    99        174    778   1227   1413   1413         4831
  4    13    24    10    69        116    256   1218   1371    901         3746
  5    46    96    13    80        235     33   1227   1230    919         3409
  6     4    17     4    52         77     12   1212  14228    915        16367
  7     1    15     3    42         61      1    524     22    898         1445
  8    49    99    83    33        264     21      4     54    800          879
  9    12    70    21    11        114      5     11      7    571          594
 10     0     6     2     3         11      3      0      4    432          439
 11     2     9     2    99        112      1      1      3     32           37
 12     1    14     8     2         25     26      9     82      2          119
 13    34    57    72     5        168    252   1095   1519      2         2868
 14    99   201   315     9        624    789   1335   1517      8         3649
 15   145   313   402    42        902    793   1342   1519    590         4244
 16   190   332   368    98        988    795   1385   1543   1121         4844
 17   185   332   387   168       1072    796   1388   1556   1122         4862
 18    94   265   262   156        777    805   1396   1556   1120         4877
 19   140   318   307   186        951    806   1396   1551   1139         4892
 20   175   430   355   201       1161    802   1396   1544   1138         4880
 21   165   387   399   145       1096    738   1208   1384   1113         4443
 22   140   314   328   179        961    891   1654   1712   1282         5539
 23    39   138   143   202        522    894   1655   1712   1240         5501
 24    32    84    45   189        350    898   1655   1720   1155         5428
  1    15    61    46   156        278    901   1655  14368   1178        18102
  2    15    68    21   135        239    911   1655   1723   1178         5467
  3    10    46    16    92        164    688    887   1101   1178         3854
  4     9    23     7    82        121    328    820   1028   1178         3354
  5    26    93    17    82        218    100    779    917   1178         2974
  6     3    17     5    64         89     43    769    322   1165         2299
  7     1    31     4    44         80      1    595      7   1153         1756
  8    47   100    85    47        279      1     16      7    993         1017
  9    12    77    22     8        119      2      0     11    589          602
 10     0     7     1     2         10      0      5      3    390          398
 11     0     9     5   100        114      1      0      3      6           10
 12     2    21    10     1         34     18      3    106      7          134
 13    31    76    84     4        195     89    556   5065      2         5712
 14    90   278   329     9        706    448    801   6729      7         7985
 15   150   285   341    46        822    691    747    488     56         1982
 16   149   312   352    99        912    897   1533    519   1696         4645
 17   153   351   335   144        983    896   1560    522   1718         4696
 18    78   249   279   197        803    904   1569    514   1720         4707
 19   126   372   353   192       1043    908   1580    704   1743         4935
 20   155   329   388   194       1066    908   1567    703   1784         4962
 21   157   379   338   174       1048    904   1577    706   1840         5027
 22   141   303   293   188        925    893   1224    710   1365         4192
 23    41   145   120   223        529    897   1266    714   1320         4197
 24    30    78    45   172        325    911   1266    714   1320         4211
  1    32    86    41   145        304    910   1266    714   1320         4210
  2    27    63    39   119        248   8845   1266    714   1320        12145
  3    21    43    24    98        186    907   1266    711   1320         4204
  4     9    27     8    95        139    375   1250    672   1311         3608
  5    59   198    23    97        377    105   1212    667   1318         3302
  6    40   170    21    44        275      3   1203    122   1316         2644
  7    25   130    20    59        234      1    539     23   1290         1853
  8    69   203    99    38        409      0      5      1   1145         1151
  9    18   153    29     8        208      2     11      8    506          527
 10     0    64     4     2         70      0      0      0    316          316
 11     0    16     4    99        119      2      3      7      9           21
 12     5    11     8     1         25    135     55    418      3          611
 13    27    49    64     3        143    204   1017   1410      3         2634
 14   117   229   294     8        648    745   1248   1410    126         3529
 15   163   281   385    41        870    853   1260   1420    991         4524
 16   131   298   324   104        857    861   1292   1456   1107         4716
 17   135   330   323   166        954    865   1313   1458   1125         4761
 18    71   220   213   153        657    872   1314   1457   1122         4765
 19   115   286   311   160        872    879   1314   1450   1226         4869
 20   165   361   362   183       1071    866   1314   1454   1269         4903
 21   141   370   410   168       1089    872   1314   1454   1269         4909
 22   121   304   286   155        866    868   1314   1451   1269         4902
 23    42   150    82   199        473    862   1314   1454   1269         4899
 24    27    81    35   166        309    873   1314   1459   1269         4915
  1    11    60    38   172        281    873   1314   1459   1269         4915
  2     3    65    28   107        203    868   1314   1459   1269         4910
  3     1    25    18    79        123    870   1314   1451   1269         4904
  4     2    26    12    76        116    870   1314  16824   1269        20277
  5    25   111    24    78        238    660   1314   1154   1269         4397
  6     0    55    23    53        131    105   1269    792   1263         3429
  7     1    39     5    39         84      9   1249    800   1242         3300
  8    48   118    90    23        279      1  12434    322    773        13530
  9    12    87    22     7        128      0      1      1    555          557
 10     0    23     0     8         31      1     16      7    521          545
 11     0    14     1   103        118      1      1      3     10           15
 12     0     9     0     3         12     54      3    103      9          169
 13     1     8    14     3         26    350   1379   1964      2         3695
 14    22    35    48     6        111   1020   2116   2369    109         5614
 15    29    65    85     7        186   1340   2130   2389    412         6271
 16    39   106    93    39        277   1365   2224   2450    860         6899
 17    30   125    95    86        336   1364   2225   2450   1277         7316
 18    20   125    79   110        334   1363   2225   2450   1284         7322
 19    28   105    66   153        352   1364   2908   2351   1279         7902
 20    12   156    66   151        385   1364   3091   2919   1709         9083
 21    19   154    38   146        357   1365   2307   2759   1845         8276
 22    14   122    48   145        329   1366   2307   1441   1845         6959
 23     8    65    31   125        229   1352   2307   1846   7453        12958
 24     3    50    21   154        228   1356   2307   1846   1845         7354
  1     2    53    15   132        202   1358   2307   1846   1845         7356
  2     1    33    21   105        160   1357   2307   1846   1845         7355
  3     1    24    12    65        102   1358   2307   1846   1845         7356
  4     2    16     7    55         80   1344   2307   1819   1845         7315
  5    32    91    15    43        181    405   2277   1786   1845         6313
  6     8    38    18    26         90    352   2201    896   1836         5285
  7     1    29    10    23         63     36   2198     22  14334        16590
  8    51   113    91    15        270      9    828      6   1696         2539
  9    13    86    21     2        122      1      2      6   1306         1315
 10     0    18     0     1         19      6     18      0    660          684
 11     0     9     0    92        101      5      1      0    483          489
 12     1     6     0     1          8      2      4      9     11           26
 13     1     6     6     0         13      3    635    485      8         1131
 14     0    10    12     1         23    173    917   1376     11         2477
 15     1     7    14     4         26    804   1537   1376     39         3756
 16     1    28    11     7         47    848   1622   1379    691         4540
 17     0    33    14    23         70    859   1673   1400   1132         5064
 18     2    53    29    24        108    868   1705   1430   1132         5135
 19     8    74    45    77        204    868   1705   1434   1163         5170
 20     1    84    33   102        220    867   1705   1434   1169         5175
 21     2    81    34   115        232    870   1705   1434   1169         5178
 22     1    67    31   139        238    869   1213   1142   1169         4393
 23     4    56    11   135        206    857   1146   1171   1169         4343
 24     4    44    10   130        188    857   1115   1151   1169         4292
  1     5    33    13   135        186    854   1106   1118   1169         4247
  2     2    24    10    88        124    860   1097   1115   1169         4241
  3     5    16    16    49         86    578   1077    898   1168         3721
  4    15    29    13    39         96    241   1068    709   1134         3152
  5    33   109    14    28        184     28   1046    708   1133         2915
  6     2    40     7    43         92     10    202    703   1132         2047
  7     1    43     6    27         77      1      3    167   1025         1196
  8    47   132    89    31        299      3      1      5    954          963
  9    13   103    23     5        144      1      2      4    750          757
 10     0    38     1     1         40      1      0      5    273          279
 11     0    14    13    98        125      4      2      6      4           16
 12     0     6     6     1         13    111     55     11      7          184
 13    29   100    69     4        202    266   1014   1351      4         2635
 14   102   251   292    10        655    854   1190   1440     44         3528
 15   225   622   552    44       1443    854   1194   1444    676         4168
 16   370   785   815   106       2076    860   1243   1483    712         4298
 17   196   463   447   169       1275    871   1153   1383    748         4155
 18    83   288   255   171        797    871   1584   1610    917         4982
 19   168   349   328   221       1066    872   5379   1654   1301         9206
 20   171   364   453   209       1197    869   1635   1654   1318         5476
 21   159   428   369   209       1165    866   1635   1654   1318         5473
 22   141   333   301   230       1005    867   1635   1654   1318         5474
 23    55   160   136   228        579    864   1635   1654   1318         5471
 24    34   103    73   226        436    868   1635   1654   1318         5475
  1    35   109    45   203        392    876   1635   1654   1318         5483
  2    14    76    42   156        288    874   1635   1654   1318         5481
  3     7    37    26   103        173    875   1635   1654   1318         5482
  4     7    35    10    83        135    665   1595   1613   1318         5191
  5    26    99    27    89        241    231   1561   1603   1318         4713
  6     6    50    12    54        122      7   1310    490   1314         3121
  7     6    52     9    46        113      0    139     20   1288         1447
  8    51   127    92    29        299      1      7      3   1288         1299
  9    12    94    25     5        136      1      1      3    746          751
 10     0    26     2     2         30      1      0      2     12           15
 11     2    14     2    95        113      2      2      2      6           12
 12     3    19    12     0         34    123      7    474     11          615
 13    28    59    67     3        157    206    796    833      3         1838
 14   105   224   260    13        602    414   1039    833      5         2291
 15   144   281   386    51        862    803   1040    838    411         3092
 16   137   356   350   109        952    812   1085    882    723         3502
 17   168   363   359   155       1045    814   1059    884    716         3473
 18    81   219   213   165        678    830   1222   1441   1175         4668
 19   134   270   268   199        871    836   1334   1541   1342         5053
 20   147   380   381   229       1137    839   1334   1536   1343         5052
 21   195   377   423   137       1132    837   1334   1537   1343         5051
 22   132   338   359   214       1043    839   1334   1537   1343         5053
 23    50   141   155   198        544    837   1334   1537   1343         5051
 24    31    77    63   214        385    838   1334   1537   1343         5052
  1    24    86    31   196        337    839   1334   1537   1343         5053
  2    17    83    27   115        242    837   1334   1537   1343         5051
  3     4    32    29   111        176    838   1334   1527   1343         5042
  4     6    44    10   129        189    772   1299   1504   1343         4918
  5    26    74    19    93        212    215   1274   1491   1343         4323
  6     2    15     8   143        168     93   1259    281   1334         2967
  7     2    14     5   125        146      0    770     12   1311         2093
  8    50    97    93   108        348      1      2     19   1258         1280
  9    13    76    26    31        146      1      3     12    492          508
 10     0     7     2     1         10      1      1      4    500          506
 11     4     9     1   100        114      1      3     12     46           62
 12     4    16    10     0         30     36     78    268      6          388
 13    27    66    62     1        156    240   1293   1495      1         3029
 14   123   242   279    17        661    402   1436   1496    183         3517
 15   136   293   354    38        821    804   1441   1519    620         4384
 16   252   493   571   117       1433    832   1515   1546    714         4607
 17   219   373   361   164       1117    832   1545   1557    778         4712
 18    89   270   184   167        710    832   1545   1557   1172         5106
 19   133   332   242   218        925    835   1545   1557   1278         5215
 20   143   373   310   193       1019    829   1545   1557   1286         5217
 21   161   392   324   168       1045    824   1490   1557   1286         5157
 22   137   378   288   175        978    817   1466   1557   1286         5126
 23    38   128   111   184        461    813   1466   1557   1286         5122
 24    29    77    50   197        353    830   1466   1557   1286         5139
  1    18    97    47   155        317    836   1466   1557   1286         5145
  2    15    73    21   154        263    832   1466   1557   1286         5141
  3     7    28    28   101        164    831   1466   1557   1286         5140
  4     4    40    22   103        169    602   1460   1534   1286         4882
  5    18    77    22   107        224    239   1453   1497   1286         4475
  6     4    19     6    61         90     98   1438   1495   1286         4317
  7     2    22     2    39         65      8    660    361   1128         2157
  8   126   216   219    31        592      1      3      3    999         1006
  9    61   229    94     9        393      0     16     26    323          365
 10     9    37    12     2         60      2      0      4     13           19
 11     0    15     2   235        252      4      1      6      8           19
 12     2    19    10     0         31    134      3    643      4          784
 13    34    66    53     1        154    181   1028   1561     14         2784
 14   123   226   265     5        619    775   1483   1561     11         3830
 15   167   315   332    49        863    816   1487   1561    577         4441
 16   183   336   356   102        977    822   1560   2839   1124         6345
 17   151   347   321   142        961    823   1560   1625   1196         5204
 18    92   213   203   188        696    835   1560   1625   1213         5233
 19   133   296   253   190        872    799   1418   1520   1200         4937
 20   142   329   306   205        982    910   1668   2306   1289         6173
 21   151   355   330   193       1029    908   1682   2432   1299         6321
 22   123   318   305   183        929    912   1616   2432   1245         6205
 23    52   145   109   200        506    919   1586   1529   1412         5446
 24    34    86    58   187        365    919   1586   1006   1412         4923
  1    26    85    52   221        384    921   1586   1006   1412         4925
  2    12    78    29   161        280    922   1586   1006   1412         4926
  3     4    44     7   140        195    919   1586   1004   1412         4921
  4     6    30     8   105        149    914   1586    966   1412         4878
  5    25    79    13   103        220    463   1549    942   1412         4366
  6     4    23     8    68        103     62   1536    942   1412         3952
  7     2    23     4    26         55     39    995    449   1381         2864
  8    63   127   127    42        359      5      2      2   1201         1210
  9    23   107    39    11        180      2      4     23   8545         8574
 10     0     5     2     5         12      0      1      1    603          605
 11     1    11    10   139        161      1      4     41      8           54
 12     4    13     9     0         26      8    532   1192      0         1732
 13    22    53    73     2        150    150   1230   1666      6         3052
 14   107   212   282     7        608    639   1488   1666    321         4114
 15   144   302   291    43        780   1048   1495   1675    786         5004
 16   154   314   321    95        884   1062   1567   1715    868         5212
 17   129   346   313   142        930   1072   1574   1741    993         5380
 18    63   222   163   141        589   1070   1574   1741    990         5375
 19   123   285   229   209        846   1072   1574   1741   1429         5816
 20   200   600   479   245       1524   1069   1574   1741   1570         5954
 21   167   341   301   172        981   1073   1574   1723   1570         5940
 22   124   285   272   212        893   1070   1574   1728   1570         5942
 23    50   139   117   210        516   1072   1574   1728   1570         5944
 24    23    74    52   209        358   1064   1574   1728   1570         5936
  1    19    73    29   185        306   1071   1574   1728   1570         5943
  2    13    59    26   158        256   1067   1574   1728   1570         5939
  3     0    48    14   101        163   1061   1574   1728   1570         5933
  4     5    25     5   103        138   1063   1570   1697   1172         5502
  5    37   110    15    92        254    278   1510   1662   1083         4533
  6     5    35     4    40         84    219   1498    790   1083         3590
  7     1    22    11    22         56      0   1001     41   1044         2086
  8    50   102    87    20        259      1    491      8   1045         1545
  9    14    75    26     3        118      0      1      2   1024         1027
 10     0     6     0     1          7      3      2      8    786          799
 11     0     7     2   104        113      4     72      3    383          462
 12     1     6     2     0          9     57    495    313      6          871
 13     0    11    15     0         26    175    950   2180      2         3307
 14    22    39    33     1         95   1143   2049   2613      8         5813
 15    30    62    78     5        175   1513   2125   2680     91         6409
 16    25   108    90    47        270   1511   2087   2704    954         7256
 17    23   144    91    61        319   1961   3824   2704   1195         9684
 18    17   102    77   101        297   1999   3979   2699   1269         9946
 19    17   141    64   171        393   1689   2768   2724   2070         9251
 20    24   148    73   187        432   1766   2998   2724   2475         9963
 21    21   178    64   231        494   1206   2269   2724   1782         7981
 22     4   144    53   206        407   1443   2489   2724   1850         8506
 23    10   114    29   215        368   1446   2489   2689   1850         8474
 24     6    74    21   196        297   1441   2489   2696   1850         8476
  1     1    57    15   199        272   1445   2489   2696   1850         8480
  2     6    46    12   138        202   1444   2489   2696   1850         8479
  3     1    26    12    88        127   1443   2489   2679   1850         8461
  4     2    19     2    63         86   1440   2477   2650   1850         8417
  5    32    79    12    59        182    563   2410   2614   1850         7437
  6     5    25    13    47         90    392   2384   1101   1848         5725
  7     1    32     4    22         59    386   1706     11   1798         3901
  8    53   101    93    21        268      0    631      4   1798         2433
  9    14    73    29     6        122      0      6     18   1699         1723
 10     0     6     0     3          9      6      0      3    832          841
 11     0     5     1   104        110     11      1     22    357          391
 12     0     6     0     0          6      3      1      3      6           13
 13     1     5     4     0         10      3      8      6      2           19
 14     2    10     8     0         20      0      1      0      9           10
 15     4    15    17     3         39      0      1      2     15           18
 16    10    32    13     7         62      4      2      9     10           25
 17     5    43    22    10         80     24     15     10      0           49
 18     7    82    25    44        158     31      0      0      0           31
 19     5    91    17    95        208     33      0      0      0           33
 20     5   107    20   118        250     32      0      0      0           32
 21    14   120    28   155        317     32      0      0      0           32
 22     7    80    19   130        236   8341      0      0      0         8341
 23     1    64    24   175        264     30  11005      0      0        11035
 24     1    49    18   159        227     23      0      0      0           23
 
 
T = TOTAL CONNECT HOURS
M = PEAK CONNECT HOURS
P = PEAK % TOTAL CONNECT HOURS
H = PEAK HOUR
 
 
                 LOGINS                          CONNECT TIME (HOURS)
    ---------------------------------- ----------------------------------------
DAY BAND0 BAND1 BAND2 BAND5     ROTARY  BAND0  BAND1  BAND2  BAND5       ROTARY
--- ----- ----- ----- ----- ---------- ------ ------ ------ ------ ------------
 1T 13492 28313 43457 22959     108221 164.32 403.68 495.85 315.64      1379.49
  M  1022  1947 14231  1597      16436  16.68  38.25  87.99  23.79       109.53
  P   7.6   6.9  32.7   7.0       15.2   10.2    9.5   17.7    7.5          7.9
  H    22    22     6     1          6     16     20      6      1           17
 2T 13685 25895 40925 27036     107541 165.72 384.98 467.47 339.26      1357.43
  M  1055  1938 14409  2002      18358  17.07  37.61  91.78  24.17       132.19
  P   7.7   7.5  35.2   7.4       17.1   10.3    9.8   19.6    7.1          9.7
  H    20    19     1    21          1     21     21      1     19            1
 3T 22366 27284 24555 25352      99557 231.79 394.65 365.26 314.78      1306.49
  M  8869  1659  1843  1457      12368  56.23  33.57  37.77  20.06       105.84
  P  39.7   6.1   7.5   5.7       12.4   24.3    8.5   10.3    6.4          8.1
  H     2    21    21     1          2      2     22     21     23           21
 4T 19594 50729 52500 32392     155215 136.26 381.49 376.11 304.27      1198.14
  M  1403 12552 16832  7570      20377  10.68  78.41 105.31  50.91       134.21
  P   7.2  24.7  32.1  23.4       13.1    7.8   20.6   28.0   16.7         11.2
  H    16     8     4    23          4     16      8      4     23            4
 5T 15106 34456 25722 40838     116122  99.99 244.41 193.22 299.42       837.03
  M  1359  2366  1866 14357      16652   9.24  16.21  12.88  89.86       104.86
  P   9.0   6.9   7.3  35.2       14.3    9.2    6.6    6.7   30.0         12.5
  H     1     5     2     7          7      4      5      3      7            7
 6T 14247 31137 28100 23133      96617 171.00 430.20 423.84 274.84      1299.88
  M  1220  5710  2265  1537      10220  17.53  56.23  43.09  22.61       130.85
  P   8.6  18.3   8.1   6.6       10.6   10.3   13.1   10.2    8.2         10.1
  H    16    19    16    22         19     16     19     20     19           19
 7T 14003 27349 27467 24724      93543 171.38 383.38 384.80 302.83      1242.39
  M  1024  1741  1935  1553       6121  19.19  32.97  33.47  21.18       101.83
  P   7.3   6.4   7.0   6.3        6.5   11.2    8.6    8.7    7.0          8.2
  H    21     1    21    20         20     21     20     21     19           21
 8T 14057 30154 29886 25450      99547 166.61 422.90 394.45 313.21      1297.17
  M  1072  1984  2098  1527       6169  16.06  37.75  36.97  24.06       104.72
  P   7.6   6.6   7.0   6.0        6.2    9.6    8.9    9.4    7.7          8.1
  H    16    16    16     1         20     17     21     15     19           17
 9T 14767 31318 35417 24668     106170 177.86 433.66 416.49 299.20      1327.21
  M  1052  2019  3171  1603       7297  15.26  35.52  39.50  21.59       104.20
  P   7.1   6.4   9.0   6.5        6.9    8.6    8.2    9.5    7.2          7.9
  H    21    21    16    23         21     16     20     16      2           22
10T 17107 32909 31174 36024     117214 184.34 421.05 386.48 360.03      1351.90
  M  1261  2148  2203  8552       8740  17.94  39.16  33.56  52.46       108.16
  P   7.4   6.5   7.1  23.7        7.5    9.7    9.3    8.7   14.6          8.0
  H    20    20    20     9          9     21     20     14      9           20
11T 22446 43628 42421 29885     138380 153.07 342.42 305.73 274.55      1075.78
  M  2014  4075  2794  2660      10386  13.86  32.14  23.29  24.26        79.67
  P   9.0   9.3   6.6   8.9        7.5    9.1    9.4    7.6    8.8          7.4
  H    18    18    20    20         20     18     17     16     20           20
12T 15856 29258 14916 19201      79231 103.30 209.74 110.87 171.44       595.36
  M  8346 11068  2711  2039      11292  51.96  69.71  17.95  19.02        76.88
  P  52.6  37.8  18.2  10.6       14.3   50.3   33.2   16.2   11.1         12.9
  H    22    23     1     1         23     22     23      3      1           23
 
 
        NON-POS TRANSACTIONS                     POS TRANSACTIONS
    ---------------------------------- ----------------------------------------
DAY BAND0 BAND1 BAND2 BAND5     ROTARY  BAND0  BAND1  BAND2  BAND5       ROTARY
--- ----- ----- ----- ----- ---------- ------ ------ ------ ------ ------------
 1T  1604  3715  3615  2377      11311  11950  24825  40079  20739        97593
  M   190   430   402   202       1161    898   1655  14228   1413        16367
  P  11.8  11.6  11.1   8.5       10.3    7.5    6.7   35.5    6.8         16.8
  H    16    20    15    23         20     24     23      6      1            6
 2T  1441  3710  3496  2455      11102  12340  22430  37684  24764        97218
  M   157   379   388   223       1066    911   1655  14368   1840        18102
  P  10.9  10.2  11.1   9.1        9.6    7.4    7.4   38.1    7.4         18.6
  H    21    21    20    23         20      2      1      1     21            1
 3T  1560  4123  3409  2311      11403  20905  23404  21390  23219        88918
  M   165   370   410   199       1089   8845   1314   1459   1320        12145
  P  10.6   9.0  12.0   8.6        9.6   42.3    5.6    6.8    5.7         13.7
  H    20    21    21    23         21      2     18     24      1            2
 4T   328  1748   945  1873       4894  19281  49069  51609  30638       150597
  M    48   156    95   172        385   1366  12434  16824   7453        20277
  P  14.6   8.9  10.1   9.2        7.9    7.1   25.3   32.6   24.3         13.5
  H     8    20    17     1         20     22      8      4     23            4
 5T   137  1059   460  1317       2973  14976  33435  25294  39572       113277
  M    51   113    91   139        270   1358   2307   1846  14334        16590
  P  37.2  10.7  19.8  10.6        9.1    9.1    6.9    7.3   36.2         14.6
  H     8     8     8    22          8      1      1      1      7            7
 6T  1856  4833  4301  2372      13362  12474  26591  24084  20910        84059
  M   370   785   815   230       2076    872   5379   1654   1318         9206
  P  19.9  16.2  18.9   9.7       15.5    7.0   20.2    6.9    6.3         11.0
  H    16    16    16    22         16     19     19     19     20           19
 7T  1521  3823  3588  2552      11484  12561  23772  24108  22345        82786
  M   195   380   423   229       1137    876   1635   1654   1343         5483
  P  12.8   9.9  11.8   9.0        9.9    7.0    6.9    6.9    6.0          6.6
  H    21    20    21    20         20      1      1      1     20            1
 8T  1639  3970  3397  2791      11797  12524  26444  26716  22838        88522
  M   252   493   571   218       1433    839   1545   1557   1343         5217
  P  15.4  12.4  16.8   7.8       12.1    6.7    5.8    5.8    5.9          5.9
  H    16    16    16    19         16      1     17     17      1           20
 9T  1651  3904  3376  2642      11573  13206  27666  32237  22183        95292
  M   183   355   356   235       1029    919   1682   2839   1412         6345
  P  11.1   9.1  10.5   8.9        8.9    7.0    6.1    8.8    6.4          6.7
  H    16    21    16    11         21     23     21     16     23           16
10T  1476  3798  3201  2708      11183  15717  29339  28167  33453       106676
  M   200   600   479   245       1524   1073   1586   1741   8545         8574
  P  13.6  15.8  15.0   9.0       13.6    6.8    5.4    6.2   25.5          8.0
  H    20    20    20    20         20     21      1     17      9            9
11T   344  1833   909  2250       5336  22117  41878  41569  27732       133296
  M    50   178    91   231        494   1999   3979   2724   2475         9963
  P  14.5   9.7  10.0  10.3        9.3    9.0    9.5    6.6    8.9          7.5
  H     8    21    17    21         21     18     18     19     20           20
12T   177  1173   408  1646       3404  15686  28115  14524  17624        75949
  M    53   120    93   199        317   8341  11005   2696   1850        11035
  P  29.9  10.2  22.8  12.1        9.3   53.2   39.1   18.6   10.5         14.5
  H     8    21     8     1         21     22     23      1      1           23
 
 
        BAND0        BAND1        BAND2        BAND5          ROTARY
        -----        -----        -----        -----      ----------
        13391        35729        29417        25973          104510
          404          271          340          329            1344
       192315       370776       383461       315103         1261655
      2883569      8167722      7460596      6653023        25164910
    &V:K