NORRISTOWN
----------
 
DATE
----
871219
871220
871221
871222
871223
871224
871225
871226
871227
871228
871229
871230
                 LOGINS                          CONNECT TIME (HOURS)
    ---------------------------------- ----------------------------------------
 HR BAND0 BAND1 BAND2 BAND5     ROTARY  BAND0  BAND1  BAND2  BAND5       ROTARY
 -- ----- ----- ----- ----- ---------- ------ ------ ------ ------ ------------
  1  1089  1647  1757  1755       6248   7.33  15.12  14.67  23.63        60.75
  2  1078  1629  1753  1720       6180   7.13  13.87  12.64  17.67        51.31
  3  1061  1618  1740  1666       6085   6.49  12.42  11.21  14.54        44.66
  4  1068  1594  1702  1271       5635   6.62  11.03  10.53  11.27        39.44
  5   315  1615  1676  1172       4778   2.23  13.56  10.89   9.60        36.28
  6   224  1530   794  1122       3670   1.45  12.33   5.03   9.45        28.26
  7     1  1021    51  1063       2136   0.01   7.87   0.84   8.98        17.69
  8    50   592    93  1065       1800   1.35   5.80   2.44   7.60        17.19
  9    14    72    28  1027       1141   0.39   1.63   0.64   6.30         8.96
 10     3     8     8   787        806   0.02   0.08   0.05   4.83         4.98
 11     4    79     5   487        575   0.03   0.55   1.23   4.86         6.67
 12    58   501   313     6        878   0.45   3.09   3.65   0.04         7.23
 13   175   961  2194     2       3332   1.07   6.33  14.97   0.01        22.39
 14  1165  2087  2644     9       5905   7.79  15.22  18.53   0.14        41.68
 15  1542  2183  2754    95       6574  10.75  17.72  22.80   1.25        52.51
 16  1535  2188  2786   999       7508  11.05  20.37  23.29  10.59        65.31
 17  1982  3960  2788  1249       9979  13.03  32.14  21.44  12.44        79.05
 18  2014  4075  2770  1364      10223  13.86  30.39  19.96  14.54        78.75
 19  1706  2905  2785  2236       9632  11.42  22.90  19.77  20.44        74.53
 20  1789  3143  2794  2660      10386  12.00  23.65  19.76  24.26        79.67
 21  1225  2439  2787  2004       8455   9.03  20.26  20.39  18.20        67.87
 22  1446  2625  2771  2049       8891   9.85  20.29  18.69  19.55        68.39
 23  1456  2597  2717  2056       8826   9.66  19.03  17.28  18.69        64.67
 24  1446  2562  2714  2035       8757  10.12  16.84  17.11  18.44        62.50
  1  1446  2544  2711  2039       8740   8.88  16.64  17.64  19.02        62.18
  2  1450  2535  2707  1981       8673   9.29  16.50  17.46  15.49        58.74
  3  1443  2515  2689  1932       8579   9.16  15.56  17.95  14.65        57.32
  4  1442  2496  2651  1910       8499   8.86  15.65  17.22  14.43        56.16
  5   595  2488  2626  1907       7616   4.05  16.55  17.19  13.65        51.45
  6   397  2408  1113  1893       5811   2.47  15.50   8.02  13.65        39.65
  7   387  1737    14  1817       3955   2.37  11.50   0.99  13.95        28.81
  8    53   732    97  1816       2698   1.16   6.12   2.23  13.68        23.20
  9    13    76    46  1703       1838   0.40   1.92   0.77  10.76        13.85
 10     6     6     3   835        850   0.04   0.07   0.02   5.33         5.46
 11    11     6    23   461        501   0.07   0.06   0.39   4.62         5.14
 12     3     7     3     6         19   0.02   0.07   0.02   0.05         0.16
 13    60   307    86     2        455   0.37   1.91   0.78   0.02         3.09
 14   241   732  1492     9       2474   1.68   4.81  10.02   0.06        16.56
 15   861  1617  1522    61       4061   5.36  10.58  10.57   0.70        27.20
 16   957  1657  1525   698       4837   5.94  11.75  10.60   4.94        33.22
 17   970  1682  1558  1204       5414   5.98  11.93  10.68   8.06        36.63
 18   979  1744  1599  1353       5675   6.31  12.74  10.64  11.53        41.22
 19   980  1763  1592  1443       5778   6.03  12.65  10.48  12.78        41.94
 20   979  1778  1594  1466       5817   6.12  13.77  10.19  11.92        42.00
 21   987  1788  1602  1504       5881   7.91  14.78  10.10  13.21        46.01
 22  9288  1751  1593  1477      14109  57.73  14.75  10.29  12.22        94.99
 23   972 12743  1598  1523      16836   6.13  80.64  11.30  13.41       111.48
 24   966  1724  1592  1506       5788   5.92  12.92   9.99  12.97        41.80
  1   961  1711  1553  1495       5720   6.68  11.96  10.88  14.47        44.00
  2   961  1709  1531  1443       5644   7.45  13.25  10.32  11.17        42.19
  3   957  1672  1503  1416       5548   7.67  11.72   9.47  11.23        40.10
  4   951  1628  1033  1396       5008   8.28  11.22   6.65  10.87        37.02
  5   424  1633   734  1360       4151   3.90  12.39   4.71   9.78        30.78
  6    62   879    19  1336       2296   0.41   6.44   0.86  10.86        18.57
  7     1    79     7  1318       1405   0.01   1.07   0.26  10.15        11.49
  8    53   103   105  1148       1409   1.42   2.76   2.30  10.37        16.85
  9    15    67    38   629        749   0.36   1.51   1.03   3.89         6.78
 10     3     3    12    22         40   0.02   0.03   0.07   0.19         0.31
 11     7    14     5   119        145   0.17   0.81   0.03   2.95         3.97
 12    12   512    14     4        542   0.48   4.37   0.49   0.02         5.37
 13   606  1222  1406     4       3238   5.86  12.59  11.20   0.07        29.73
 14  1342  2292  2543   285       6462  14.23  26.30  33.21   2.47        76.21
 15  1370  2487  2606  1374       7837  17.64  40.17  34.81  10.56       103.19
 16  1399  2510  2704  1556       8169  18.10  39.75  40.60  14.46       112.90
 17  1381  2505  2709  1682       8277  14.84  41.89  43.76  22.78       123.26
 18  1318  2430  2522  1727       7997  12.56  31.12  32.67  22.46        98.81
 19  1387  2526  2548  1804       8265  16.37  36.75  33.25  22.38       108.75
 20  1395  2562  2560  1809       8326  18.63  40.03  35.29  22.53       116.49
 21  1393  2527  2592  1855       8367  15.66  38.53  35.17  19.38       108.74
 22  1378  2558  2665  1843       8444  16.13  37.77  39.20  20.53       113.63
 23  1286  2365  2415  1870       7936  10.01  24.78  24.42  24.40        83.61
 24 10660  2348  2356  1836      17200  66.90  20.66  18.69  19.98       126.24
  1  1253  2325  2349  1788       7715   8.88  20.35  18.47  17.08        64.78
  2  1250  2302  2341  1744       7637   8.00  18.37  16.42  16.08        58.87
  3  1245  2261  2326  1734       7566   7.71  17.15  17.25  15.48        57.60
  4  1241  2257  2274  1736       7508   8.07  17.38  17.90  17.83        61.18
  5   578  2200  2238  1708       6724   5.25  15.69  15.41  15.15        51.51
  6   288  2111  1318  1674       5391   1.93  14.01   9.26  14.20        39.39
  7   290  1149   634  1598       3671   1.77   8.27   4.24  16.65        30.93
  8   217   119    91  1568       1995   2.33   2.31   2.03  13.19        19.85
  9    20    72    31  1153       1276   0.43   1.98   0.72   7.50        10.63
 10     0     5    12    14         31   0.00   0.30   0.53   0.11         0.93
 11     6     7     6   112        131   0.15   0.23   0.82   2.62         3.82
 12    30   140    21     2        193   0.81   1.38   2.32   0.01         4.52
 13   330  1762  4163     2       6257   3.97  14.55  31.06   0.13        49.71
 14  1097  2203  5482    30       8812  12.13  27.24  53.41   0.62        93.40
 15  1380  2352  5596  1763      11091  14.59  37.40  55.86  13.87       121.72
 16  1419  2386  2106  2625       8536  17.37  36.22  33.12  22.69       109.40
 17  1377  2446  1748  2713       8284  14.82  36.95  30.74  27.24       109.75
 18  1336  2326  1622  2748       8032  12.12  28.52  20.33  30.48        91.45
 19  1393  2395  1678  2292       7758  15.10  31.60  22.98  23.27        92.96
 20  1410  2535  1740  1214       6899  17.11  40.39  28.69  16.85       103.04
 21  1419  2413  1760  1165       6757  17.40  36.91  32.22  15.40       101.94
 22  1376  2382  1711  1192       6661  14.38  31.10  26.74  15.28        87.51
 23  1307  2260  1556  1193       6316  10.34  23.95  15.38  15.75        65.42
 24  1308  2216  1504  1159       6187  10.00  20.34  11.93  15.91        58.18
  1  1282  2212  1487  1145       6126   8.88  17.55  12.13  16.30        54.86
  2  1282  2188  1481  1151       6102   8.70  18.32  11.82  16.99        55.82
  3  1270  2157  1476  1073       5976   8.14  16.39   9.79  11.52        45.84
  4  1262  2144  1448  1243       6097   8.52  15.34   9.16  12.01        45.04
  5   943  2152  1410  1575       6080   6.78  16.28   8.83  14.23        46.12
  6   310  2047   176  1517       4050   2.37  13.65   1.25  14.01        31.28
  7   105  1476    33  1314       2928   0.85   9.86   0.35  11.97        23.03
  8    60   104   135  1235       1534   1.21   2.09   2.44  10.40        16.14
  9    17    72    27  1325       1441   0.38   1.51   0.68   8.19        10.76
 10     1     9     2 13140      13152   0.01   0.11   0.01  80.39        80.52
 11     8    10     6   112        136   0.18   0.11   0.04   2.55         2.87
 12   150   387   927     5       1469   1.13   2.62   5.97   0.03         9.75
 13   317  1662  2283     6       4268   3.16  14.33  16.61   0.15        34.25
 14  1196  2359  2479    27       6061  11.61  26.63  31.34   0.69        70.27
 15  1435  2469  2555   597       7056  15.25  35.16  35.88   6.20        92.49
 16  1456  2527  2594  1586       8163  14.95  34.26  37.65  15.02       101.88
 17  1466  2573  2576  1805       8420  14.23  33.06  36.16  23.94       107.40
 18  1435  2480  2461  1856       8232  12.26  26.50  26.31  23.67        88.73
 19  1479  2522  2530  1911       8442  14.26  31.20  29.15  22.99        97.60
 20  1480  2537  2556  1969       8542  14.83  33.63  28.97  22.76       100.18
 21  1483  2622  2617  4945      11667  14.65  32.08  33.53  37.35       117.60
 22  1468  2502  2518  1945       8433  15.40  30.09  26.39  19.28        91.16
 23  1393  2182  2223  1803       7601  10.15  20.15  18.35  19.68        68.33
 24  1400  1953  2483  1825       7661  10.09  15.26  19.79  20.30        65.44
  1  1407  1948  1965  1834       7154   9.97  14.67  13.95  20.73        59.32
  2  1390  1968  1840  1796       6994   9.00  15.75  12.17  15.77        52.69
  3  1382  1931  1834  1770       6917   8.68  14.33  11.92  14.81        49.74
  4  1373  1907  1776  1783       6839   8.97  13.33  10.92  14.57        47.80
  5   583  1860  1757  1760       5960   4.76  13.66  11.53  14.18        44.12
  6   300  1811  1575  1715       5401   2.50  12.40   9.93  13.56        38.39
  7   294  1668    38  1659       3659   1.83  10.83   0.53  12.80        25.99
  8   343   170   110  1600       2223   2.82   2.63   2.36  11.48        19.29
  9    15    70    32  1448       1565   0.49   1.51   0.75   8.89        11.63
 10     0     3     6   720        729   0.34   0.03   0.58   4.49         5.44
 11     3    13     7   354        377   0.13   0.18   0.04   3.87         4.22
 12     2    21   242     4        269   0.01   0.15   1.48   0.15         1.80
 13   235   768   969    12       1984   1.44   6.18   6.09   0.25        13.96
 14  1307  1593  2030    11       4941   9.06  11.40  14.59   0.43        35.48
 15  1328  1717  2121   621       5787   9.54  16.21  18.48   5.32        49.54
 16  1319  1706  2160  1143       6328  11.05  16.39  18.97  11.21        57.62
 17  1410  2048  2155  1351       6964  10.73  18.42  18.03  14.81        61.99
 18  1452  2215  2138  1472       7277   9.00  18.64  15.65  18.26        61.55
 19  1457  2243  2140  1442       7282   9.78  19.87  15.62  16.94        62.21
 20  1458  2235  2126  1797       7616   9.04  18.67  13.81  17.00        58.52
 21  1460  2218  2135  1803       7616   9.24  17.70  14.44  15.23        56.62
 22  1452  2200  2113  1806       7571   8.96  16.52  13.41  13.49        52.39
 23  1440  2177  2108  1800       7525   8.92  17.04  13.46  14.82        54.24
 24   987  2132  2019  1782       6920   6.04  14.84  12.57  15.42        48.87
  1   362  2060  1994  1756       6172   2.30  14.04  12.20  13.38        41.92
  2   234  2037  1995  1715       5981   1.44  12.74  12.34  11.66        38.17
  3    29  1988  1506  1612       5135   0.19  12.35   9.22  10.88        32.64
  4    42  2009  1172  1473       4696   0.29  13.94   7.19  11.22        32.64
  5    86  1154   198  1343       2781   0.77   8.36   1.83   9.66        20.62
  6    84   934    46  1324       2388   0.75   6.79   0.40   8.92        16.86
  7    84   287    68  1345       1784   0.76   2.77   0.56   8.67        12.76
  8   134   356   137  1126       1753   1.93   4.49   2.46   7.94        16.82
  9    92   322    71   654       1139   1.08   3.82   1.06   4.24        10.19
 10    73   254    46    99        472   0.73   2.31   0.39   0.73         4.16
 11    38    34    18   147        237   0.41   0.33   0.27   2.77         3.77
 12    24     9    14    44         91   0.22   0.08   0.10   0.38         0.79
 13     3    11     6    43         63   0.02   0.98   0.08   0.38         1.47
 14     3     5     6     5         19   0.02   0.04   0.04   0.03         0.14
 15     4    19    41     6         70   0.02   0.58   0.29   0.30         1.19
 16     8    15    39   122        184   0.05   0.79   0.30   1.18         2.32
 17     8    36    33   137        214   0.06   1.12   0.21   1.93         3.32
 18    29    16    36   160        241   0.21   1.05   0.23   2.76         4.25
 19    21    26    40   167        254   0.13   0.31   0.62   2.62         3.69
 20    22    28    38   170        258   0.14   0.37   0.58   3.18         4.27
 21    17    28    36   169        250   0.11   0.58   0.26   2.03         2.97
 22    21    28    43   162        254   0.14   0.57   0.27   2.06         3.04
 23    13    27    43   181        264   0.15   0.74   0.27   2.61         3.76
 24     9    25    38   180        252   0.32   1.21   0.62   3.20         5.35
  1    18    15    33   185        251   0.13   1.30   0.68   4.60         6.71
  2    16    21    33   169        239   0.12   1.29   0.21   2.58         4.21
  3    18    41    32   165        256   0.11   1.23   0.44   2.07         3.85
  4     7    19    43   171        240   0.26   0.80   1.08   2.77         4.91
  5    27    19    38   169        253   0.17   0.42   1.22   3.29         5.10
  6     1     8    21   166        196   0.01   0.08   0.38   2.66         3.12
  7     3    13    11   146        173   0.02   0.21   0.09   2.30         2.62
  8    51   102    97  2059       2309   1.14   2.20   2.11  14.37        19.83
  9    12    68    38   114        232   0.33   1.64   0.68   0.75         3.41
 10     1     7     3   108        119   0.01   0.07   0.02   0.71         0.80
 11     1    10     1   117        129   0.01   0.41   0.01   2.30         2.73
 12    22     8   161     4        195   0.14   0.89   1.25   0.03         2.30
 13   215  1132  1360     5       2712   1.31   7.71   8.98   0.04        18.04
 14   672  2026  1368    14       4080   4.11  13.79   9.26   0.09        27.23
 15   728  2062  1402   853       5045   4.68  14.01  10.96   5.80        35.45
 16   735  2111  1450  1008       5304   5.64  14.45  10.25   6.61        36.95
 17   736  2135  1445  1230       5546   5.51  16.01  10.54   9.69        41.76
 18   733  2124  1440  1258       5555   5.30  14.42   9.62   9.89        39.23
 19   738  2138  1442  1279       5597   4.72  14.53   9.63  10.88        39.77
 20   740  1242  1434  1339       4755   4.87   9.53  10.34  15.55        40.29
 21   749   718  1432  1342       4241   4.69   5.77   9.77  12.85        33.09
 22   728   712  1435  1332       4207   4.47   6.41   9.99  14.24        35.11
 23   724   701  1421  1352       4198   4.66   5.10   9.23  13.39        32.39
 24   730   687  1417  1334       4168   4.46   4.81   8.88  11.32        29.47
  1   726   663  1398  1327       4114   4.55   4.63   9.18  12.10        30.46
  2   722   656  1410  1314       4102   4.41   4.28   9.40  13.07        31.17
  3   721   639  1389  1240       3989   4.41   4.28   9.30  10.86        28.84
  4   356   614  1362  1230       3562   2.19   3.92   8.66  10.26        25.02
  5   171   672  1261  1216       3320   1.26   5.04   8.12   9.00        23.42
  6     2   449   539  1208       2198   0.31   2.96   3.83   9.44        16.54
  7     5    26    13  1164       1208   0.03   0.61   0.19   8.96         9.79
  8    53   108    97  1022       1280   1.14   2.25   2.42   7.95        13.75
  9    16    75    42   958       1091   0.36   1.62   0.87   5.90         8.75
 10     0     7     7   305        319   0.00   0.07   0.05   1.89         2.00
 11     0    10     7   109        126   0.00   0.20   0.05   2.26         2.51
 12     1     7     5     6         19   0.01   0.07   0.26   0.04         0.38
 13   120   229   737    13       1099   1.10   2.09   4.77   0.08         8.04
 14   256   367  1345     3       1971   1.58   2.49   8.59   0.10        12.77
 15   375   634  1344   263       2616   2.30   4.22   8.32   2.02        16.86
 16   378   687  1346   677       3088   2.33   5.38   8.25   4.84        20.80
 17   386   692  1345   685       3108   2.49   5.42   8.38   4.83        21.13
 18   388   727  1361   836       3312   2.41   5.18   8.37   7.75        23.70
 19   393   750  1029   840       3012   2.46   5.59   7.48   7.75        23.28
 20   389   756   362   880       2387   2.40   5.62   2.43   8.82        19.28
 21   383   770   370   916       2439   2.38   6.71   2.72   8.97        20.79
 22   388   767   368   916       2439   2.55   8.08   2.37   9.01        22.01
 23   387   731   353   934       2405   2.94   7.32   2.60  11.35        24.22
 24   382   717   329   901       2329   2.39   6.20   2.06   9.14        19.79
  1   382   714   331   912       2339   2.35   6.13   2.66   9.73        20.88
  2   261   703   327   877       2168   1.61   5.57   2.12   7.51        16.81
  3    20   683   329   835       1867   0.13   5.01   2.24   7.16        14.54
  4    15   547   106   823       1491   0.24   3.45   0.92   8.37        12.98
  5    28   386    14   831       1259   0.61   3.48   0.84   9.74        14.67
  6     7   169    138       1029   0.05   1.30   0.75  11.77        13.87
  7     4    19    52   746        821   0.03   0.65   0.34   7.61         8.63
  8    54   108   117   638        917   2.06   2.33   2.16   6.05        12.61
  9    14    72    31   379        496   0.34   1.52   0.86   2.41         5.13
 10    30     0     4   233        267   0.19   0.00   0.16   1.44         1.79
 11     6     8    14    97        125   0.06   0.13   0.22   2.29         2.69
 12    41     4    17    14         76   0.28   0.03   0.39   0.09         0.79
 13   234   185   620     5       1044   2.83   4.22   7.49   0.17        14.72
 14   597   994  1274    30       2895  12.06  20.06  26.30   1.50        59.92
 15   651  1316  1484   631       4082  16.51  29.03  28.90   6.39        80.83
 16   627  1356  1500   950       4433  12.90  30.82  29.35  11.14        84.20
 17   592  1360  1494  1130       4576  11.20  27.08  27.66  15.29        81.23
 18  1327  1285  1409  1154       5175  12.60  22.94  24.53  16.63        76.70
 19   598  1359  1449  1202       4608   8.49  25.15  27.56  19.28        80.48
 20   636  1417  1489  1190       4732  10.15  29.19  32.24  15.73        87.31
 21   614  1414  1461  1180       4669  12.24  30.40  25.67  15.55        83.86
 22   609  1344  1475  1198       4626  13.21  26.38  23.32  15.32        78.22
 23   509  1217  9047  1224      11997   6.81  14.74  64.47  18.69       104.71
 24   497  1156  1239  1212       4104   4.41  13.32  10.87  16.90        45.50
  1   496  1187  1235  1202       4120   4.19  10.91  11.91  18.68        45.69
  2   497  1154  1231  1177       4059   3.88   9.17  10.21  16.43        39.68
  3   482  1088  1204  1099       3873   4.06   8.94   8.05  11.09        32.14
  4   306  1064  1188  1119       3677   1.92   8.44   8.28  14.72        33.36
  5    37  1113   937  1119       3206   0.52   9.42   6.76  11.95        28.65
  6    23   706   210  1069       2008   0.15   5.77   1.37  11.48        18.77
  7     5    19    16   954        994   0.06   0.54   0.57   8.68         9.85
  8    51   109   101   902       1163   1.39   2.24   2.06   8.52        14.20
  9    17    68    30   812        927   0.34   1.46   0.78   5.13         7.72
 10     1     1     3    15         20   0.03   0.04   0.20   0.11         0.38
 11    15     6     2   119        142   0.20   0.16   0.34   2.52         3.22
 12   149    61    15    13        238   1.14   0.56   1.37   0.09         3.15
 13   184   530   814    11       1539   3.87   5.34   9.27   0.22        18.70
 14   320  1049  1291    22       2682   8.81  17.59  23.68   0.56        50.63
 15   601  1085  1315   189       3190  10.92  21.76  31.12   3.80        67.61
 16   608  1166  1322  1089       4185  11.35  27.00  28.66  12.86        79.87
 17   610  1199  1287  1235       4331  11.69  32.58  24.77  20.57        89.61
 18   518  1105  1187  1201       4011   6.38  24.49  18.17  18.07        67.11
 19   577  1197  1262  1235       4271   9.02  31.66  23.33  18.93        82.93
 20   609  1235  1331  1258       4433  10.80  33.30  29.72  21.38        95.20
 21   600  1226  1299  1223       4348  12.96  29.50  29.35  16.88        88.69
 22   574  1130  1249  1235       4188   9.32  24.98  21.63  18.71        74.64
 23   493   993  1131  1280       3897   6.27  16.17  12.97  18.88        54.30
 24   477   977  1041  1229       3724   4.37  11.81  10.39  16.31        42.87
  1   472   969  1024  1223       3688   3.46  12.46   9.79  18.14        43.84
  2   468   930  1032  1199       3629   3.40  10.32   8.37  16.26        38.35
  3   460   893  1021  1157       3531   3.03   8.64   9.48  11.26        32.41
  4   111   864  1001  1152       3128   1.25   7.01   7.16  11.03        26.45
  5    28   933   847  1152       2960   0.38   8.03   5.63  13.91        27.94
  6    17   466   394  1126       2003   0.14   3.35   2.63  12.68        18.79
  7     7    24    48  1028       1107   0.05   0.67   0.31  11.33        12.36
  8    53   100   106   947       1206   1.11   2.24   2.15   9.05        14.56
  9    17    74    32   728        851   0.38   1.65   0.72   5.53         8.28
 10     0     3     3   480        486   0.00   0.02   0.04   3.13         3.18
 11     3     9     6   206        224   0.10   0.17   0.17   3.03         3.46
 12    34    11  2010     6       2061   0.47   0.32  12.52   0.04        13.35
 13   150    55  5065     7       5277   1.82   2.60  33.62   0.15        38.19
 14   228   185   237    15        665   8.59  11.05  15.45   0.44        35.53
 15   228   284   331    32        875   8.58  23.87  26.65   2.81        61.92
 16   201   339   306    88        934   8.27  23.69  24.40   7.16        63.51
 17   151   404   365   163       1083   9.51  21.55  24.00  11.88        66.94
 18    92   256   200   151        699   6.52  13.33  15.12  11.79        46.77
 19   113   291   257   156        817   8.42  19.46  18.31  10.82        57.01
 20   129   344   311   171        955  10.46  23.58  24.84  11.75        70.63
 21   141   293   287   166        887   7.90  20.01  18.76   8.38        55.05
 22    84   269   229   118        700   7.22  19.90  17.10   7.25        51.47
 23    27   127    94   150        398   2.18  10.29   6.46   8.87        27.79
 24     9    59    31  4643       4742   0.79   2.64   2.02  36.43        41.88
 
 
        NON-POS TRANSACTIONS                     POS TRANSACTIONS
    ---------------------------------- ----------------------------------------
 HR BAND0 BAND1 BAND2 BAND5     ROTARY  BAND0  BAND1  BAND2  BAND5       ROTARY
 -- ----- ----- ----- ----- ---------- ------ ------ ------ ------ ------------
  1    19    73    29   185        306   1070   1574   1728   1570         5942
  2    13    59    26   158        256   1067   1574   1728   1570         5939
  3     0    48    14   101        163   1061   1574   1728   1570         5933
  4     5    25     5   103        138   1063   1570   1697   1172         5502
  5    37   110    15    92        254    278   1510   1662   1083         4533
  6     5    35     4    40         84    219   1498    790   1083         3590
  7     1    22    11    22         56      0   1001     41   1044         2086
  8    50   102    87    20        259      1    491      8   1045         1545
  9    14    75    26     3        118      0      1      2   1024         1027
 10     0     6     0     1          7      3      2      8    786          799
 11     0     7     2   104        113      4     72      3    383          462
 12     1     6     2     0          9     57    495    313      6          871
 13     0    11    15     0         26    175    950   2180      2         3307
 14    22    39    33     1         95   1143   2049   2613      8         5813
 15    30    62    78     5        175   1513   2125   2680     91         6409
 16    25   108    90    47        270   1511   2087   2704    954         7256
 17    23   144    91    61        319   1961   3824   2704   1195         9684
 18    17   102    77   101        297   1999   3979   2699   1269         9946
 19    17   141    64   171        393   1689   2768   2724   2070         9251
 20    24   148    73   187        432   1766   2998   2724   2475         9963
 21    21   178    64   231        494   1206   2269   2724   1782         7981
 22     4   144    53   206        407   1443   2489   2724   1850         8506
 23    10   114    29   215        368   1446   2489   2689   1850         8474
 24     6    74    21   197        298   1441   2489   2696   1850         8476
  1     1    57    15   199        272   1445   2489   2696   1850         8480
  2     6    46    12   138        202   1444   2489   2696   1850         8479
  3     1    26    12    88        127   1443   2489   2679   1850         8461
  4     2    19     2    63         86   1440   2477   2650   1850         8417
  5    32    79    12    59        182    563   2410   2614   1850         7437
  6     5    25    13    47         90    392   2384   1101   1848         5725
  7     1    32     4    22         59    386   1706     11   1798         3901
  8    53   101    93    21        268      0    631      4   1798         2433
  9    14    73    29     6        122      0      6     18   1699         1723
 10     0     6     0     3          9      6      0      3    832          841
 11     0     5     1   104        110     11      1     22    357          391
 12     0     6     0     0          6      3      1      3      6           13
 13     1     5     4     0         10     59    302     82      2          445
 14     2    10     8     0         20    239    722   1486      9         2456
 15     4    15    17     3         39    857   1602   1505     58         4022
 16    10    32    13     7         62    947   1627   1513    691         4778
 17     5    43    22    10         80    966   1640   1537   1194         5337
 18     7    82    25    44        158    973   1666   1575   1310         5524
 19     5    91    17    95        208    975   1674   1575   1352         5576
 20     5   107    20   118        250    974   1674   1575   1352         5575
 21    14   120    28   156        318    974   1674   1575   1352         5575
 22     7    80    19   130        236   9283   1674   1575   1352        13884
 23     1    65    24   175        265    972  12679   1575   1352        16578
 24     1    52    18   163        234    965   1674   1575   1352         5566
  1     4    39     9   146        198    957   1674   1544   1352         5527
  2     6    39    13    95        153    956   1674   1519   1352         5501
  3    11    21     2    69        103    947   1654   1503   1352         5456
  4    12    22     3    45         82    942   1606   1030   1352         4930
  5    25    55    11    26        117    401   1585    723   1334         4043
  6     2     7     9    33         51     60    874     11   1305         2250
  7     0    71     2    29        102      1      8      6   1294         1309
  8    52   100    91    32        275      1      3     14   1118         1136
  9    13    69    33     4        119      1      3      5    627          636
 10     0     2     0     3          5      3      1     12     19           35
 11     3     9     0   105        117      4      5      5     14           28
 12     3    13     5     0         21      9    500      9      4          522
 13    27    73    50     1        151    579   1150   1356      3         3088
 14   114   215   345     9        683   1230   2088   2209    277         5804
 15   160   356   385    23        924   1216   2144   2246   1351         6957
 16   166   360   429    59       1014   1243   2177   2294   1500         7214
 17   145   355   444   143       1087   1241   2176   2294   1543         7254
 18    84   249   250   185        768   1241   2212   2294   1557         7304
 19   151   341   267   223        982   1243   2212   2294   1598         7347
 20   169   377   289   222       1057   1241   2212   2294   1598         7345
 21   155   346   312   265       1078   1245   2212   2294   1598         7349
 22   144   369   395   256       1164   1244   2212   2294   1598         7348
 23    48   170   149   280        647   1241   2212   2284   1598         7335
 24    29   143    53   252        477  10633   2212   2305   1598        16748
  1    13   123    49   203        388   1243   2212   2305   1598         7358
  2     9    96    37   149        291   1242   2212   2305   1598         7357
  3     3    54    25   142        224   1242   2212   2305   1598         7357
  4    15    48    16   149        228   1226   2212   2263   1598         7299
  5    28    87    13   119        247    551   2116   2229   1598         6494
  6     1    14     5    80        100    288   2098   1315   1598         5299
  7     0    89     3    60        152    290   1061    632   1545         3528
  8    52   103    89    30        274    165     17      2   1542         1726
  9    15    72    28    10        125      5      6      4   1148         1163
 10     0     5     2     1          8      0      0     10     13           23
 11     4     6     3   101        114      2      1      4     11           18
 12     5    12    15     0         32     25    128      6      2          161
 13    22    58    57     1        138    311   1704   4110      1         6126
 14   103   224   278    15        620    995   1987   5215     15         8212
 15   139   347   355    38        879   1245   2029   5268   1726        10268
 16   161   344   349    93        947   1268   2074   1781   2535         7658
 17   122   379   323   158        982   1266   2090   1451   2562         7369
 18    76   235   184   162        657   1265   2108   1451   2599         7423
 19   128   308   236   215        887   1268   2108   1451   2087         6914
 20   157   448   303   275       1183   1267   2108   1451    950         5776
 21   164   331   330   223       1048   1266   2108   1451    950         5775
 22   117   294   283   254        948   1269   2108   1451    950         5778
 23    42   166   115   249        572   1268   2108   1451    950         5777
 24    43   116    56   215        430   1268   2108   1451    950         5777
  1    16   112    39   204        371   1268   2108   1451    950         5777
  2    17    86    33   210        346   1266   2108   1451    950         5775
  3     3    53    26   135        217   1267   2108   1451    950         5776
  4     8    41     9   142        200   1255   2108   1439   1107         5909
  5    38   112    21   139        310    906   2046   1389   1442         5783
  6     8    40    18    80        146    302   2011    158   1442         3913
  7     3    40    11    38         92    103   1436     23   1282         2844
  8    51    99    92    38        280      9      5     43   1200         1257
  9    15    72    26    10        123      2      5      1   1317         1325
 10     0     7     0     2          9      1      2      2  13138        13143
 11     4     8     0   105        117      4      2      6      7           19
 12     3    12     5     0         20    147    376    922      5         1450
 13    20    74    57     2        153    298   1588   2227      4         4117
 14    98   219   262    17        596   1102   2151   2228     11         5492
 15   111   293   320    32        756   1331   2187   2262    569         6349
 16   119   306   291    79        795   1342   2249   2318   1514         7423
 17   112   314   286   150        862   1364   2278   2318   1660         7620
 18    75   218   163   164        620   1367   2278   2318   1706         7669
 19   113   257   225   196        791   1369   2278   2318   1727         7692
 20   118   279   254   256        907   1370   2278   2318   1727         7693
 21   119   357   320   235       1031   1368   2278   2318   4719        10683
 22   112   244   215   226        797   1368   2278   2318   1727         7691
 23    27   153   105   233        518   1368   2045   2128   1577         7118
 24    32    88    39   224        383   1369   1868   2448   1613         7298
  1    40    72    28   203        343   1369   1879   1940   1648         6836
  2    21    92    21   159        293   1369   1881   1820   1648         6718
  3    12    54    16   130        212   1369   1881   1820   1648         6718
  4    17    27     5   143        192   1356   1881   1771   1648         6656
  5    31    66    21   118        236    553   1801   1736   1648         5738
  6     5    18     7    71        101    295   1794   1569   1648         5306
  7     1    25    11    43         80    293   1644     28   1619         3584
  8    50   102    92    22        266    293     68     18   1580         1959
  9    14    72    27     3        116      1      4      6   1445         1456
 10     1     2     4     2          9      0      1      3    718          722
 11     2    10     0   100        112      1      3      7    254          265
 12     0     3     0     1          4      2     18    242      3          265
 13     0    20     9     2         31    235    748    960     10         1953
 14    18    39    38     7        102   1289   1556   1995      4         4844
 15    16    75    46    23        160   1313   1647   2078    600         5638
 16    18   103    66    45        232   1303   1608   2098   1098         6107
 17    17    86    65    79        247   1395   1968   2098   1278         6739
 18     4    92    41   130        267   1449   2126   2098   1347         7020
 19    10   122    46   164        342   1447   2126   2098   1287         6958
 20    10   115    30   185        340   1448   2126   2098   1624         7296
 21    13    98    37   184        332   1447   2126   2098   1624         7295
 22     6    77    16   189        288   1447   2126   2098   1624         7295
 23     4    56    10   177        247   1436   2126   2098   1624         7284
 24     0    40     8   165        213    987   2093   2011   1624         6715
  1     1    20     2   138        161    361   2042   1992   1624         6019
  2     0    15     4    94        113    234   2022   1991   1624         5871
  3     0     6     1    32         39     29   1983   1505   1581         5098
  4    11    31     6    23         71     31   1978   1166   1451         4626
  5    86   225    36    10        357      0    936    162   1335         2433
  6    81   242    39     5        367      4    694      7   1320         2025
  7    84   284    46    26        440      0      5     22   1320         1347
  8   133   356   126    65        680      1      1     11   1062         1075
  9    92   328    69    47        536      1      0      3    608          612
 10    73   254    40    37        404      0      1      6     62           69
 11    38    32    16   138        224      0      3      2      9           14
 12    23     8     6    36         73      1      1      8      8           18
 13     0     9     1    40         50      3      2      5      3           13
 14     0     2     0     0          2      3      3      6      5           17
 15     0    11     1     3         15      4      8     40      3           55
 16     0    11     9     7         27      8      6     30    115          159
 17     0    23     0    14         37      8     14     33    124          179
 18     1    11     0    24         36     28      9     36    137          210
 19     0     8     2    24         34     21     19     38    145          223
 20     0    10     9    22         41     22     18     30    150          220
 21     0    14     3    20         37     17     15     33    150          215
 22     0     8     0    16         24     21     20     43    146          230
 23     2     9     0    21         32     11     19     43    161          234
 24     1     8     1    25         35      8     17     37    156          218
  1     1     7     3    24         35     17      9     31    165          222
  2     1     6     1    10         18     16     16     32    162          226
  3     0     5     1    10         16     18     37     31    156          242
  4     1    10     2     8         21      6      9     42    164          221
  5     0     6     2    15         23     27     14     37    155          233
  6     0     4     1    15         20      1      4     21    152          178
  7     0    12     2    23         37      3      1      9    123          136
  8    51   102    92    18        263      0      0      5   2043         2048
  9    13    71    28     3        115      0      1     12    112          125
 10     0     4     0     2          6      1      3      3    106          113
 11     0     8     1   101        110      1      2      0     16           19
 12     0     9     1     0         10     22      0    160      4          186
 13     0     9     1     0         10    215   1124   1359      5         2703
 14     1    19    10     0         30    671   2008   1359     14         4052
 15    14    50    33     5        102    715   2012   1369    848         4944
 16    11    67    48    14        140    724   2046   1406    994         5170
 17    12    71    39    49        171    725   2065   1406   1181         5377
 18    12    60    37    70        179    722   2065   1406   1189         5382
 19    10    75    36    76        197    728   2065   1406   1205         5404
 20    13    74    29   129        245    727   1171   1406   1216         4520
 21     8    70    28   136        242    742    651   1406   1216         4015
 22     4    66    30   127        227    724    651   1406   1216         3997
 23     3    51    16   142        212    721    651   1406   1216         3994
 24     0    37    11   124        172    730    651   1406   1216         4003
  1     1    29     6   113        149    725    634   1392   1216         3967
  2     0    19    12   105        136    722    638   1399   1215         3974
  3     0    13     2    56         71    721    626   1388   1190         3925
  4     1     9     3    38         51    355    605   1359   1194         3513
  5    14    62    13    21        110    157    613   1249   1197         3216
  6     1    15     5    20         41      1    434    535   1190         2160
  7     0    21     3    26         50      5      6     10   1142         1163
  8    50   104    91    30        275      3      4      6    996         1009
  9    13    73    27     4        117      3      8     16    955          982
 10     0     4     0     1          5      0      3      7    304          314
 11     0     9     1    96        106      0      1      6     13           20
 12     1     4     1     0          6      0      3      4      6           13
 13     2     5     2     0          9    119    224    736     13         1092
 14     3     6     4     1         14    253    361   1341      2         1957
 15     0     9     2     3         14    375    626   1343    261         2605
 16     3    12     5     5         25    375    676   1341    672         3064
 17     9    21     3    13         46    377    674   1342    672         3065
 18     8    25     5    46         84    380    702   1356    792         3230
 19     4    38    14    45        101    389    713   1016    797         2915
 20     1    38    12    79        130    388    719    351    804         2262
 21     4    52    15    99        170    379    719    356    818         2272
 22     7    50    12   100        169    381    719    356    819         2275
 23     4    33     8   120        165    383    701    345    819         2248
 24     3    18     4    87        112    379    701    326    819         2225
  1     0    27     7   107        141    382    689    324    807         2202
  2     1    26     4    69        100    260    678    324    810         2072
  3     0     7     5    35         47     20    677    324    801         1822
  4     2    13     2    27         44     13    534    104    799         1450
  5    21    59     6    35        121      7    330      9    798         1144
  6     0     7     2    49         58      7    163     14    798          982
  7     0    18     2    29         49      4      1     50    725          780
  8    54   106    87    21        268      0      2     30    618          650
  9    14    71    27     7        119      0      6      6    373          385
 10     0     0     3     1          4     30      0      2    232          264
 11     1     6     8    92        107      5      2      6      5           18
 12     2     0    11     0         13     39      4      6     14           63
 13    26    58    66     1        151    208    127    554      4          893
 14   124   228   310    14        676    477    777    974     16         2244
 15   184   296   326    23        829    478   1039   1179    610         3306
 16   156   315   335    67        873    483   1070   1189    888         3630
 17   120   309   309   115        853    478   1075   1205   1019         3777
 18    74   226   222   134        656   1259   1077   1208   1028         4572
 19   114   291   252   179        836    489   1081   1212   1033         3815
 20   158   362   307   165        992    488   1081   1212   1041         3822
 21   137   362   270   139        908    486   1081   1212   1045         3824
 22   138   291   278   162        869    479   1081   1212   1045         3817
 23    35   150   141   196        522    479   1081   8920   1039        11519
 24    21    81    42   184        328    480   1081   1201   1042         3804
  1    14   112    34   173        333    483   1081   1204   1042         3810
  2     8    74    33   149        264    489   1081   1201   1042         3813
  3     3    33    14    69        119    480   1056   1194   1036         3766
  4     4    18     8    84        114    302   1048   1180   1040         3570
  5    20    70    15    88        193     17   1048    923   1037         3025
  6     3    18     4    48         73     20    689    206   1029         1944
  7     1    17     6    27         51      4      3     10    930          947
  8    51   106    90    25        272      1      3     10    881          895
  9    12    71    31     9        123      5      3      0    804          812
 10     1     1     1     1          4      0      0      2     14           16
 11     3     3     1    99        106     12      3      2     20           37
 12     2     6     6     0         14    147     55      9     13          224
 13    36    46    63     1        146    149    485    754     10         1398
 14   124   217   308    14        663    200    838    994      8         2040
 15   152   265   336    38        791    456    838    994    152         2440
 16   155   343   346    89        933    458    845   1003   1007         3313
 17   158   350   303   179        990    458    869   1005   1063         3395
 18    68   257   200   157        682    458    873   1010   1062         3403
 19   121   334   255   173        883    466    879   1019   1068         3432
 20   151   375   337   196       1059    463    890   1014   1072         3439
 21   151   356   301   164        972    457    890   1013   1073         3433
 22   115   266   266   184        831    467    887   1005   1068         3427
 23    39   132   120   215        506    460    880   1021   1077         3438
 24    21    99    41   167        328    458    883   1004   1070         3415
  1     8    93    25   154        280    464    883   1005   1078         3430
  2     8    58    17   130        213    461    883   1017   1079         3440
  3     3    40    17    87        147    457    858   1007   1077         3399
  4    10    18    12    84        124    102    846    994   1073         3015
  5    24    87    17    96        224      6    851    830   1066         2753
  6     2    18    10    65         95     15    448    384   1066         1913
  7     0    18     1    50         69      7      5     47    987         1046
  8    47    99    90    22        258      6      1     16    927          950
  9    14    71    29     6        120      3      6      4    725          738
 10     0     0     1     2          3      0      3      2    479          484
 11     2     5     1   101        109      1      4      5    105          115
 12     4    10     4     0         18     30      1   2006      6         2043
 13    24    49    53     1        127    127      7   5012      6         5152
 14   120   192   240     8        560    108      0      1      6          115
 15   132   296   345    31        804    108      6      3      1          118
 16   122   353   325    89        889     86     10      6      4          106
 17   153   397   385   169       1104      7     28     12      0           47
 18    99   268   194   170        731      6     19     29      0           54
 19   115   287   250   163        815      6     17     23      0           46
 20   132   347   311   169        959      4     17     29     11           61
 21   141   301   281   153        876      7     17     29     19           72
 22    85   270   222   122        699      7     17     23      5           52
 23    28   127    96   157        408      4     17      7      0           28
 24     8    60    35   128        231      2      5      0   4523         4530
 
 
T = TOTAL CONNECT HOURS
M = PEAK CONNECT HOURS
P = PEAK % TOTAL CONNECT HOURS
H = PEAK HOUR
 
 
                 LOGINS                          CONNECT TIME (HOURS)
    ---------------------------------- ----------------------------------------
DAY BAND0 BAND1 BAND2 BAND5     ROTARY  BAND0  BAND1  BAND2  BAND5       ROTARY
--- ----- ----- ----- ----- ---------- ------ ------ ------ ------ ------------
 1T 22446 43631 42424 29899     138400 153.12 342.49 307.81 277.31      1080.73
  M  2014  4075  2794  2660      10386  13.86  32.14  23.29  24.26        79.67
  P   9.0   9.3   6.6   8.9        7.5    9.1    9.4    7.6    8.7          7.4
  H    18    18    20    20         20     18     17     16     20           20
 2T 25486 46836 32036 30546     134904 162.27 319.36 215.55 241.07       938.24
  M  9288 12743  2711  2039      16836  57.73  80.64  17.95  19.02       111.48
  P  36.4  27.2   8.5   6.7       12.5   35.6   25.2    8.3    7.9         11.9
  H    22    23     1     1         23     22     23      3      1           23
 3T 29322 38342 36180 29331     133175 263.80 467.87 429.34 297.96      1458.97
  M 10660  2562  2709  1870      17200  66.90  41.89  43.76  24.40       126.24
  P  36.4   6.7   7.5   6.4       12.9   25.4    9.0   10.2    8.2          8.7
  H    24    20    17    23         24     24     17     17     23           24
 4T 21570 42624 44307 32927     141428 204.68 482.59 467.85 333.38      1488.50
  M  1419  2535  5596  2748      11091  17.40  40.39  55.86  30.48       121.72
  P   6.6   5.9  12.6   8.3        7.8    8.5    8.4   11.9    9.1          8.2
  H    16    20    15    18         15     21     20     15     18           15
 5T 22698 43346 38483 45110     149637 198.00 446.19 402.61 410.59      1457.38
  M  1483  2622  2617 13140      13152  15.40  35.16  37.65  80.39       117.60
  P   6.5   6.0   6.8  29.1        8.8    7.8    7.9    9.4   19.6          8.1
  H    21    21    21    10         10     22     15     16     10           21
 6T 22397 36622 35396 31483     125898 152.31 291.34 251.27 278.48       973.40
  M  1460  2243  2160  1834       7616  11.05  19.87  18.97  20.73        62.21
  P   6.5   6.1   6.1   5.8        6.0    7.3    6.8    7.5    7.4          6.4
  H    21    19    16     1         20     16     19     16      1           19
 7T  1440 11708  7664 14140      34952  12.23  90.36  51.80 112.72       267.11
  M   362  2060  1995  1756       6172   2.30  14.04  12.34  13.38        41.92
  P  25.1  17.6  26.0  12.4       17.7   18.8   15.5   23.8   11.9         15.7
  H     1     1     2     1          1      1      1      2      1            1
 8T  8405 18119 17557 15919      60000  56.87 137.07 125.63 148.79       468.36
  M   749  2138  1450  2059       5597   5.64  16.01  10.96  15.55        41.76
  P   8.9  11.8   8.3  12.9        9.3    9.9   11.7    8.7   10.5          8.9
  H    21    19    16     8         19     16     17     15     20           17
 9T  6998 11753 17819 18963      55533  46.03  94.20 118.68 166.39       425.30
  M   726   770  1410  1327       4114   4.55   8.08   9.40  13.07        31.17
  P  10.4   6.6   7.9   7.0        7.4    9.9    8.6    7.9    7.9          7.3
  H     1    21     2     1          1      1     22      2      2            2
10T  8353 17816 25298 18329      69796 131.36 302.95 342.04 226.75      1003.09
  M  1327  1417  9047  1224      11997  16.51  30.82  64.47  19.28       104.71
  P  15.9   8.0  35.8   6.7       17.2   12.6   10.2   18.8    8.5         10.4
  H    18    20    23    23         23     15     16     23     19           23
11T  8250 19468 20701 20807      69226 123.64 333.82 314.95 276.57      1048.98
  M   610  1235  1331  1280       4433  12.96  33.30  31.12  21.38        95.20
  P   7.4   6.3   6.4   6.2        6.4   10.5   10.0    9.9    7.7          9.1
  H    17    20    20    23         20     21     20     15     20           20
12T  3223  8182 15237 16264      42906  94.02 246.83 285.72 233.11       859.68
  M   472   969  5065  4643       5277  10.46  23.87  33.62  36.43        70.63
  P  14.6  11.8  33.2  28.5       12.3   11.1    9.7   11.8   15.6          8.2
  H     1     1    13    24         13     20     15     13     24           20
 
 
        NON-POS TRANSACTIONS                     POS TRANSACTIONS
    ---------------------------------- ----------------------------------------
DAY BAND0 BAND1 BAND2 BAND5     ROTARY  BAND0  BAND1  BAND2  BAND5       ROTARY
--- ----- ----- ----- ----- ---------- ------ ------ ------ ------ ------------
 1T   344  1833   909  2251       5337  22116  41878  41569  27732       133295
  M    50   178    91   231        494   1999   3979   2724   2475         9963
  P  14.5   9.7  10.0  10.3        9.3    9.0    9.5    6.6    8.9          7.5
  H     8    21    17    21         21     18     18     19     20           20
 2T   177  1177   408  1651       3413  25317  45691  31645  28964       131617
  M    53   120    93   199        318   9283  12679   2696   1850        16578
  P  29.9  10.2  22.8  12.1        9.3   36.7   27.7    8.5    6.4         12.6
  H     8    21     8     1         21     22     23      1      1           23
 3T  1523  3801  3546  2505      11375  27879  34806  32839  26942       122466
  M   169   377   444   280       1164  10633   2212   2305   1598        16748
  P  11.1   9.9  12.5  11.2       10.2   38.1    6.4    7.0    5.9         13.7
  H    20    20    17    23         22     24     18     24     19           24
 4T  1419  3959  3154  2942      11474  20235  38915  41362  30124       130636
  M   164   448   355   275       1183   1269   2212   5268   2599        10268
  P  11.6  11.3  11.3   9.3       10.3    6.3    5.7   12.7    8.6          7.9
  H    21    20    15    20         20     22      1     15     18           15
 5T  1222  3484  2817  2917      10440  21546  40071  35855  42344       139816
  M   119   357   320   256       1031   1370   2278   2448  13138        13143
  P   9.7  10.2  11.4   8.8        9.9    6.4    5.7    6.8   31.0          9.4
  H    16    21    15    20         21     20     17     24     10           10
 6T   310  1466   644  2345       4765  22097  35231  34788  29251       121367
  M    50   122    92   203        343   1449   2126   2098   1648         7296
  P  16.1   8.3  14.3   8.7        7.2    6.6    6.0    6.0    5.6          6.0
  H     8    19     8     1          1     18     18     16      1           20
 7T   626  1925   417   867       3835    816   9816   7249  13299        31180
  M   133   356   126   138        680    361   2042   1992   1624         6019
  P  21.2  18.5  30.2  15.9       17.7   44.2   20.8   27.5   12.2         19.3
  H     8     8     8     1          8      1      1      1      1            1
 8T   155   893   452  1101       2601   8256  17256  17124  14874        57510
  M    51   102    92   142        263    742   2065   1406   2043         5404
  P  32.9  11.4  20.4  12.9       10.1    9.0   12.0    8.2   13.7          9.4
  H     8     8     8    23          8     21     17     16      8           19
 9T   129   669   250  1108       2156   6870  11110  17580  17906        53466
  M    50   104    91   120        275    725    719   1399   1216         3974
  P  38.8  15.5  36.4  10.8       12.8   10.6    6.5    8.0    6.8          7.4
  H     8     8     8    23          8      1     20      2      1            2
10T  1382  3309  3022  1851       9564   7051  14737  22477  16590        60855
  M   184   362   335   196        992   1259   1081   8920   1045        11519
  P  13.3  10.9  11.1  10.6       10.4   17.9    7.3   39.7    6.3         18.9
  H    15    20    16    23         20     18     19     23     21           23
11T  1413  3569  3119  2349      10450   6910  16127  17777  18618        59432
  M   158   375   346   215       1059    489   1081   1204   1077         3813
  P  11.2  10.5  11.1   9.2       10.1    7.1    6.7    6.8    5.8          6.4
  H    17    20    16    23         20      2      1      1     23            2
12T  1281  3464  2961  2157       9863   2024   4949  12491  14243        33707
  M   153   397   385   170       1104    464    883   5012   4523         5152
  P  11.9  11.5  13.0   7.9       11.2   22.9   17.8   40.1   31.8         15.3
  H    17    17    17    18         17      1      1     13     24           13
 
 
        BAND0        BAND1        BAND2        BAND5          ROTARY
        -----        -----        -----        -----      ----------
         9881        28184        20729        23203           81997
          415          330          384          374            1503
       182676       329898       334812       293992         1141378
      1983654      5973700      5038983      4643399        17639736
    ^, )