NORRISTOWN
----------
 
DATE
----
871229
871230
871231
880101
880102
880103
880104
880105
880106
880107
880108
880109
                 LOGINS                          CONNECT TIME (HOURS)
    ---------------------------------- ----------------------------------------
 HR BAND0 BAND1 BAND2 BAND5     ROTARY  BAND0  BAND1  BAND2  BAND5       ROTARY
 -- ----- ----- ----- ----- ---------- ------ ------ ------ ------ ------------
  1   497  1193  1259  1215       4164   4.50  12.67  12.45  21.36        50.97
  2   497  1154  1231  1177       4059   3.88   9.17  10.21  16.43        39.68
  3   482  1088  1204  1099       3873   4.06   8.94   8.05  11.09        32.14
  4   306  1064  1188  1119       3677   1.92   8.44   8.28  14.72        33.36
  5    37  1113   937  1119       3206   0.52   9.42   6.76  11.95        28.65
  6    23   706   210  1069       2008   0.15   5.77   1.37  11.48        18.77
  7     5    19    16   954        994   0.06   0.54   0.57   8.68         9.85
  8    51   109   101   902       1163   1.39   2.24   2.06   8.52        14.20
  9    17    68    30   812        927   0.34   1.46   0.78   5.13         7.72
 10     1     1     3    15         20   0.03   0.04   0.20   0.11         0.38
 11    15     6     2   119        142   0.20   0.16   0.34   2.52         3.22
 12   149    61    15    13        238   1.14   0.56   1.37   0.09         3.15
 13   184   530   814    11       1539   3.87   5.34   9.27   0.22        18.70
 14   320  1049  1291    22       2682   8.81  17.59  23.68   0.56        50.63
 15   601  1085  1315   189       3190  10.92  21.76  31.12   3.80        67.61
 16   608  1166  1322  1090       4186  11.35  27.00  28.66  12.88        79.89
 17   610  1199  1287  1235       4331  11.69  32.58  24.77  20.57        89.61
 18   518  1105  1187  1201       4011   6.38  24.49  18.17  18.07        67.11
 19   577  1197  1262  1235       4271   9.02  31.66  23.33  18.93        82.93
 20   609  1235  1331  1258       4433  10.80  33.30  29.72  21.38        95.20
 21   600  1227  1299  1223       4349  12.96  29.56  29.35  16.88        88.75
 22   574  1131  1249  1235       4189   9.32  25.06  21.63  18.71        74.72
 23   493   993  1131  1280       3897   6.27  16.17  12.97  18.88        54.30
 24   477   977  1041  1229       3724   4.37  11.81  10.39  16.31        42.87
  1   472   969  1024  1223       3688   3.46  12.46   9.79  18.14        43.84
  2   468   930  1032  1199       3629   3.40  10.32   8.37  16.26        38.35
  3   460   893  1021  1157       3531   3.03   8.64   9.48  11.26        32.41
  4   111   864  1001  1152       3128   1.25   7.01   7.16  11.03        26.45
  5    28   933   847  1152       2960   0.38   8.03   5.63  13.91        27.94
  6    17   466   394  1126       2003   0.14   3.35   2.63  12.68        18.79
  7     7    24    48  1028       1107   0.05   0.67   0.31  11.33        12.36
  8    53   100   106   947       1206   1.11   2.24   2.15   9.05        14.56
  9    17    74    32   728        851   0.38   1.65   0.72   5.53         8.28
 10     0     3     3   480        486   0.00   0.02   0.04   3.13         3.18
 11     3     9     6   206        224   0.10   0.17   0.17   3.03         3.46
 12    34    11  2010     6       2061   0.47   0.32  12.52   0.04        13.35
 13   150    55  5065     7       5277   1.82   2.60  33.62   0.15        38.19
 14   228   185   237    15        665   8.59  11.05  15.45   0.44        35.53
 15   228   284   331    32        875   8.58  23.87  26.65   2.81        61.92
 16   201   339   306    88        934   8.27  23.69  24.40   7.16        63.51
 17   151   404   365   163       1083   9.51  21.55  24.00  11.88        66.94
 18    92   256   200   151        699   6.52  13.33  15.12  11.79        46.77
 19   113   291   257   156        817   8.42  19.46  18.31  10.82        57.01
 20   129   344   311   171        955  10.46  23.58  24.84  11.75        70.63
 21   141   293   287   166        887   7.90  20.01  18.76   8.38        55.05
 22    84   269   229   118        700   7.22  19.90  17.10   7.25        51.47
 23    27   127    94   150        398   2.18  10.29   6.46   8.87        27.79
 24     9    59    31  4643       4742   0.79   2.64   2.02  36.43        41.88
  1     0     0     0     0          0   0.00   0.00   0.00   0.00         0.00
  2     0     0     0     0          0   0.00   0.00   0.00   0.00         0.00
  3     0     0     0     0          0   0.00   0.00   0.00   0.00         0.00
  4     0     0     0     0          0   0.00   0.00   0.00   0.00         0.00
  5     0     0     0     0          0   0.00   0.00   0.00   0.00         0.00
  6     0     0     0     0          0   0.00   0.00   0.00   0.00         0.00
  7     0     0     0     0          0   0.00   0.00   0.00   0.00         0.00
  8     0     0     0     0          0   0.00   0.00   0.00   0.00         0.00
  9     0     0     0     0          0   0.00   0.00   0.00   0.00         0.00
 10     0     0     0     0          0   0.00   0.00   0.00   0.00         0.00
 11     0     0     0     0          0   0.00   0.00   0.00   0.00         0.00
 12     0     0     0     0          0   0.00   0.00   0.00   0.00         0.00
 13     0     0     0     0          0   0.00   0.00   0.00   0.00         0.00
 14     0     0     0     0          0   0.00   0.00   0.00   0.00         0.00
 15     0     0     0     0          0   0.00   0.00   0.00   0.00         0.00
 16     0     0     1     0          1   0.00   0.00   0.42   0.00         0.42
 17     0     0     0     0          0   0.00   0.00   1.00   0.00         1.00
 18     0     0     0     0          0   0.00   0.00   1.00   0.00         1.00
 19     0     1     0     0          1   0.00   0.01   1.00   0.00         1.01
 20     0     0     0     0          0   0.00   0.00   1.00   0.00         1.00
 21     0     0     0     0          0   0.00   0.00   1.00   0.00         1.00
 22     0     0     0     0          0   0.00   0.00   1.00   0.00         1.00
 23     0     1     0     1          2   0.00   0.59   1.00   0.01         1.59
 24     0     0     1     3          4   0.00   1.01   1.03   0.15         2.18
  1     2    14    10   105        131   0.01   0.79   2.14   5.86         8.79
  2     6     8    10    75         99   0.04   1.76   1.72   4.18         7.70
  3    23     9     0    40         72   0.15   0.83   0.94   2.72         4.64
  4    28    20     4    36         88   0.19   1.47   0.08   2.37         4.12
  5    39    60    28    33        160   0.48   1.70   0.26   1.64         4.07
  6    31     4    23    14         72   0.21   0.11   0.24   1.22         1.77
  7    19    19     9    18         65   0.12   0.42   0.08   1.21         1.83
  8    64   107   103    18        292   1.23   2.65   2.11   0.78         6.77
  9    14    73    38     9        134   0.35   1.75   0.81   0.13         3.04
 10     0     8    14     8         30   0.00   0.07   0.13   0.07         0.27
 11     2     7     5   110        124   0.06   0.10   0.36   2.38         2.90
 12     2     6     4    15         27   0.02   0.05   0.11   0.09         0.28
 13    13    14   204    20        251   0.08   0.82   1.49   0.12         2.51
 14    43   137   329    20        529   0.27   1.21   2.35   0.33         4.16
 15    85   231   339    12        667   0.52   1.55   2.50   0.25         4.82
 16   186   267   342   120        915   1.30   1.87   2.58   2.16         7.90
 17   229   318   339   341       1227   1.41   3.86   2.18   5.00        12.45
 18   230   325   339   433       1327   1.41   7.39   2.56   5.68        17.04
 19   241   333   346   457       1377   1.49   6.90   2.44   7.52        18.35
 20   240   341   347   474       1402   2.03   3.99   3.45   9.33        18.80
 21   234   336   350   474       1394   2.44   6.00   2.76   7.88        19.08
 22   233   337   343   476       1389   2.65   5.35   3.05   6.28        17.32
 23   213   324   341   466       1344   2.31   4.49   2.32   7.06        16.18
 24    89   316   332   460       1197   1.55   4.29   2.36   5.46        13.66
  1    63   306   331   445       1145   1.39   2.61   2.25   5.43        11.67
  2    16   286   331   429       1062   1.32   2.17   2.79   4.21        10.50
  3    20   215   334   431       1000   1.12   1.63   2.18   5.30        10.23
  4    45   175   334   431        985   1.30   1.77   2.73   6.07        11.86
  5    82   194   329   433       1038   2.03   3.36   2.18   4.30        11.87
  6    25    22   122   435        604   1.16   1.92   0.75   5.72         9.55
  7    11    24    17   402        454   1.07   1.46   0.40   3.98         6.90
  8    49   104   105   394        652   2.21   3.32   2.25   3.81        11.58
  9    13    71    36   327        447   1.38   2.29   0.81   2.13         6.61
 10     0    11    48    71        130   1.00   0.11   0.30   0.48         1.89
 11     1     7    25   105        138   1.01   0.09   0.17   2.37         3.64
 12    47     6    29     3         85   1.29   0.06   0.52   0.03         1.90
 13   181   147   485    18        831   2.19   1.30   3.53   0.19         7.19
 14   509  1344  1531   317       3701   4.80   9.23  11.86   2.00        27.90
 15   680  1430  1552   490       4152   6.22  11.43  11.59   3.64        32.87
 16   683  1667  1612   961       4923   6.48  14.30  13.16   6.83        40.77
 17   689  1505  1612  1131       4937   5.57  12.24  12.91  11.89        42.62
 18   688  1524  1598  1205       5015   6.24  11.24  13.09  12.78        43.35
 19   661  1321  2150  1250       5382   6.13  10.33  14.26  14.53        45.25
 20   720  1463  3444  1295       6922   7.53  11.22  22.15  13.81        54.71
 21  4914  1431  2737  1294      10376  31.92  11.58  18.89  14.31        76.71
 22   703  1425   852  1275       4255   4.71  10.33   6.00  13.86        34.90
 23   701  1401   820  1273       4195   4.88   9.91   5.69  14.53        35.02
 24   698  1388   809  6154       9049   5.40  10.08   5.92  43.68        65.08
  1   693  1377   807  1288       4165   5.01   9.48   5.09  16.28        35.85
  2   696  1383   799  1235       4113   4.26   9.93   4.91  11.56        30.65
  3   692  1368   786  1172       4018   4.23   9.29   5.12  11.59        30.23
  4   272  1315   776  1175       3538   1.81   9.21   5.05  10.34        26.41
  5    62  1390   780  1170       3402   0.66  10.33   4.93  10.65        26.57
  6    20  1300   772  1162       3254   0.24   8.39   4.78   9.86        23.26
  7     3   344   351   990       1688   0.03   2.74   2.19   7.66        12.62
  8    48   110   107   966       1231   1.06   2.55   2.17   6.97        12.76
  9    19    88    33   917       1057   0.37   1.74   0.75   5.85         8.71
 10     0     4     2    79         85   0.00   0.05   0.01   0.51         0.57
 11     0     6     6   112        124   0.00   0.08   0.04   2.40         2.52
 12     4    12    47    20         83   0.02   0.81   0.33   0.14         1.29
 13    22   149   367    11        549   0.52   1.17   3.55   0.07         5.31
 14   184   346   718    11       1259   1.13   2.23   5.22   0.07         8.65
 15   378   578   720    20       1696   2.32   4.21   5.00   0.28        11.81
 16   381   637   721   281       2020   2.58   5.25   5.06   2.46        15.35
 17   382   663   725   662       2432   2.54   5.91   4.53   6.45        19.43
 18   380   699   748   769       2596   2.39   5.87   6.12   7.98        22.37
 19   388   705   752   786       2631   3.17   5.84   6.06  10.26        25.33
 20   387   730   751   796       2664   2.87   6.64   6.14   8.90        24.56
 21   393   715   754   842       2704   3.34   8.25   6.26  11.73        29.58
 22   391   711   592   788       2482   4.34   5.91   4.72  13.53        28.50
 23   383   698   493   875       2449   3.44   4.89   3.12  13.05        24.51
 24   384   687   480   858       2409   3.86   4.70   3.45  11.63        23.65
  1   284   688   470   864       2306   2.07   5.26   4.65   9.75        21.73
  2   160   678   475   860       2173   2.01   5.15   5.42   9.05        21.64
  3    25   649   420   815       1909   1.53   8.13   5.10  11.20        25.96
  4    19   642   337   802       1800   1.42   5.55   3.47   9.88        20.32
  5    23   575   322   797       1717   0.72   4.36   2.03  12.01        19.12
  6    27    90   322   806       1245   0.17   1.77   2.24  12.24        16.42
  7     5    20   169   799        993   0.23   0.35   1.06  11.13        12.77
  8    50   105   105   690        950   1.13   2.25   2.23   6.89        12.50
  9    16    69    38   483        606   0.58   1.55   0.87   3.95         6.94
 10     2     3    14   181        200   0.28   0.03   0.09   1.53         1.93
 11     9     7     8   106        130   0.91   0.09   0.26   2.40         3.66
 12     8    11    67    10         96   0.50   0.11   1.15   0.07         1.83
 13   112   510   691    10       1323   2.85   7.14   7.81   0.24        18.04
 14   301   767  1099   119       2286   8.60  19.02  26.77   1.24        55.64
 15   481   846  1160   727       3214  11.89  27.70  34.82   7.73        82.14
 16   472   849  1093   929       3343  13.37  26.65  31.42  12.47        83.90
 17   489   971  1149  1078       3687  13.28  27.44  29.87  17.64        88.23
 18   429   819   983  1096       3327   8.98  24.60  25.56  22.73        81.87
 19   502   856  1066  1109       3533  12.99  24.82  32.11  19.29        89.21
 20   524  1047  1178  1095       3844  13.81  35.98  36.68  20.09       106.55
 21   500   979  1139  1078       3696  12.98  34.99  37.75  17.55       103.27
 22   473   905  1114  1093       3585  12.21  27.97  30.25  17.18        87.60
 23   387   698   888  1091       3064   7.90  13.85  16.27  19.02        57.03
 24   355   681   829  1093       2958   5.66  14.97  12.06  17.53        50.22
  1   346   637   798  1102       2883   5.27  12.10   9.11  17.70        44.19
  2   341   634   801  1027       2803   2.82  10.72   8.61  16.47        38.62
  3   216   571   785  1001       2573   1.54   5.94   5.64  13.16        26.29
  4    96   588   760   701       2145   1.42   7.49   6.01  14.70        29.62
  5    29   618   260   727       1634   0.83   6.04   2.31  12.69        21.87
  6     7   429    60   701       1197   0.76   3.82   0.77  11.56        16.92
  7     1   170     9   623        803   0.05   2.72   0.15  12.32        15.24
  8    50   114    98   561        823   1.07   2.73   2.09   9.57        15.46
  9    18    69    35   324        446   0.39   1.76   0.89   2.01         5.05
 10     0     1     3    12         16   0.00   0.02   0.03   0.11         0.16
 11     3     3     8   104        118   0.11   0.06   0.10   2.28         2.54
 12    12    25   109     1        147   0.37   0.30   1.04   0.01         1.71
 13    44   319   974     3       1340   2.07   6.48  11.72   0.22        20.49
 14   251   658  1505   167       2581   7.70  18.98  30.55   2.09        59.31
 15   466   776  1563   401       3206  12.20  31.72  37.55   7.80        89.28
 16   497   792  1514   706       3509  12.94  32.87  34.03  11.77        91.61
 17   509   735  1506  1016       3766  10.75  34.67  36.78  24.04       106.24
 18   429   711  1357  1011       3508   6.64  22.75  22.47  21.75        73.61
 19   521  1021  1430   978       3950  12.19  26.61  25.24  18.67        82.71
 20   492  1044   799   981       3316  12.67  33.51  28.20  15.78        90.15
 21   486  1026   738   977       3227  11.00  33.24  28.56  16.04        88.84
 22   473   984   683   979       3119   9.43  28.37  25.69  13.66        77.14
 23   390   835   508   995       2728   5.04  15.42  11.23  16.38        48.06
 24   396   811   431  1005       2643   5.92  11.88   5.79  18.03        41.62
  1   376   780   404   969       2529   4.17  12.38   6.13  14.35        37.04
  2   366   761   414   966       2507   2.76   9.07   4.75  14.58        31.16
  3   286   732   405   940       2363   2.44   8.76   4.98  13.29        29.47
  4    50   714   377   912       2053   0.54   7.60   4.81  13.18        26.12
  5    16   773    99   903       1791   0.22   6.58   2.14  12.02        20.96
  6     8   323    32   867       1230   0.05   3.68   0.44  11.32        15.49
  7     3    32    49   814        898   0.02   1.45   0.32  10.41        12.20
  8    52   106    93   741        992   1.06   3.53   2.04   9.72        16.34
  9    12    70    48   192        322   0.36   1.53   1.36   1.37         4.62
 10     0     0     2    16         18   0.00   0.00   0.03   0.37         0.40
 11     2     3     5   115        125   0.01   0.31   0.53   2.50         3.35
 12    10    73    17    10        110   0.20   1.00   0.31   0.50         2.01
 13   102   647   798     7       1554   1.55   6.36   9.04   0.65        17.60
 14   320   890  1092    25       2327   7.61  18.33  26.24   1.05        53.23
 15   531   911  1114   306       2862  13.79  27.47  31.28   6.10        78.63
 16   493   964  1173   883       3513  15.04  29.68  34.65  15.99        95.36
 17   485   943  1113  1043       3584  13.86  32.75  28.91  21.66        97.19
 18   443   884   990  1037       3354   8.24  27.23  21.50  21.21        78.18
 19   475   928  1030  1487       3920  12.21  28.12  23.73  18.14        82.20
 20   494   933  1161  1053       3641  12.70  32.79  29.40  15.50        90.39
 21   487   992  1160  1055       3694  11.98  29.96  32.90  15.94        90.77
 22   449   947  1107  1034       3537   8.59  30.01  26.12  15.64        80.36
 23   396   785   940  1059       3180   4.26  14.62  14.65  16.45        49.98
 24   362   716   874  1050       3002   4.30  10.84   8.98  15.46        39.58
  1   358   725   855  1027       2965   3.52   8.43   8.69  14.17        34.81
  2   362   711   833  1012       2918   3.31   7.13  10.03  16.10        36.57
  3   361   669   828   986       2844   4.95   5.69   9.15  11.58        31.37
  4    84   658   810   992       2544   2.58   5.32   8.52  13.17        29.60
  5    19   711   754   978       2462   1.60   5.45   6.29  14.76        28.10
  6     6   600    476       1531   0.36   4.98   0.35  12.38        18.07
  7     0   166    47   803       1016   0.00   2.14   0.30  11.17        13.61
  8    50   101   100   783       1034   1.04   2.55   2.11   8.56        14.26
  9    17    69    35   288        409   0.39   1.54   0.94   1.90         4.76
 10     3     0     6     8         17   0.02   0.00   0.04   0.07         0.13
 11     0     6    10   101        117   0.01   0.21   0.24   2.23         2.68
 12     3   174   435     9        621   0.02   3.01   2.93   0.06         6.01
 13   218   594   739     3       1554   2.28   7.27   7.47   0.02        17.04
 14   459   916   923    70       2368   8.24  19.08  20.53   0.80        48.65
 15   475   994   967   528       2964   8.90  27.90  23.87   5.53        66.21
 16   490  1000   932   928       3350  11.68  28.57  20.91  12.57        73.73
 17   465  1052   947   996       3460  10.70  34.10  24.22  21.23        90.24
 18   423   907   857  1007       3194   7.33  17.67  14.17  20.46        59.63
 19   454   979   902   971       3306  10.89  24.33  17.52  19.37        72.11
 20   489  1040   959  1030       3518  13.00  30.25  22.91  21.68        87.84
 21   491  1018   934   966       3409  12.58  27.44  22.00  14.46        76.49
 22   460   963   901   997       3321   7.93  22.73  18.59  15.94        65.19
 23   393   841   776  1026       3036   4.92  13.12   9.85  18.81        46.69
 24   380   820   734  1012       2946   4.38  10.98   6.86  19.47        41.69
  1   384   795   725   998       2902   4.01   9.46   6.12  15.82        35.40
  2   371   766   718   945       2800   2.99  11.09   6.61  11.49        32.18
  3   359   737   713   944       2753   2.29   8.62   8.12  10.91        29.94
  4    76   735   688   922       2421   0.63   7.61   6.61  12.03        26.87
  5    24   772    99   910       1805   0.65   6.64   1.04  11.66        19.99
  6     8   334    16   871       1229   0.12   2.47   0.12  10.67        13.38
  7    12   117    12   753        894   0.50   1.62   0.10   8.52        10.74
  8    58   105    99   753       1015   1.08   2.15   2.22   7.24        12.69
  9    17    65    41   543        666   0.37   1.54   1.10   3.84         6.85
 10     0     5     2   363        370   0.00   0.05   0.12   2.53         2.70
 11     1     8     9   111        129   0.01   0.15   0.06   2.34         2.55
 12    22   140   188     4        354   0.65   1.62   1.74   0.03         4.04
 13    96   330   565     5        996   1.66   6.99   5.40   0.19        14.24
 14   330   474   743    20       1567   7.43  16.50  18.52   0.61        43.06
 15   412   520   768   356       2056  11.71  21.59  21.94   5.63        60.87
 16   399   589   777   915       2680  11.35  25.17  21.46  11.46        69.44
 17   408   547   760  1078       2793  11.94  18.73  19.77  22.15        72.58
 18   363   481   698  1042       2584   8.36  16.34  17.52  18.11        60.33
 19   440   551   753  1063       2807   9.63  21.30  20.33  16.91        68.16
 20   469   555   790  1097       2911  10.65  22.90  20.80  18.77        73.12
 21   465   534   805  1039       2843  11.54  19.48  24.55  14.81        70.38
 22   448   482   738  1098       2766   9.48  11.51  18.79  16.23        56.01
 23   350   414   631  1106       2501   3.77   6.93  11.98  15.20        37.88
 24   336   373   584  1063       2356   2.87   5.20   8.60  13.86        30.52
  1   338   375   565  1047       2325   3.50   5.45   5.00  16.12        30.08
  2   330   363   567  1027       2287   3.01   4.37   5.79  14.56        27.73
  3   273   338   563   979       2153   1.71   3.64   4.20  10.67        20.22
  4    73   352   518   979       1922   1.20   3.30   3.24   9.30        17.04
  5    20   385   251   964       1620   1.27   3.05   1.76   9.20        15.28
  6     6   333   123   901       1363   1.05   2.56   1.51   7.07        12.18
  7     2   264    26   830       1122   0.32   1.98   0.25   8.17        10.71
  8    55   110    99   818       1082   1.10   2.32   2.25   6.66        12.33
  9    17    63    48   799        927   0.36   1.47   1.02   5.22         8.07
 10     1     7     2   477        487   0.01   0.07   0.01   3.02         3.11
 11     0     5     5   207        217   0.00   0.06   0.37   2.94         3.37
 12    54    16     6     4         80   0.33   0.13   0.04   0.03         0.53
 13   154   368    11     3        536   1.03   3.46   0.94   0.02         5.45
 14   189   548    30     7        774   1.82   4.80   1.39   0.26         8.27
 15   216   573    64    16        869   3.10   6.36   3.18   0.94        13.58
 16   202   602    59    20        883   6.48   6.96   2.83   1.45        17.73
 17   182   621    81   139       1023   3.82   8.75   3.84   4.38        20.78
 18   179   633   108   193       1113   2.90   8.34   3.98   8.38        23.60
 19   134   460    91   179        864   2.87   6.34   2.71   7.98        19.89
 20    20  3783    55   139       3997   2.30  26.29   2.69   7.78        39.06
 21    25    94    63   105        287   2.46   3.82   3.66   4.92        14.86
 22    22    75    46    98        241   0.52   4.13   2.90   8.72        16.27
 23     6    47    32   116        201   0.22   3.06   1.14   6.24        10.67
 24     3    31     9    88        131   0.24   1.29   0.74   4.40         6.67
 
 
        NON-POS TRANSACTIONS                     POS TRANSACTIONS
    ---------------------------------- ----------------------------------------
 HR BAND0 BAND1 BAND2 BAND5     ROTARY  BAND0  BAND1  BAND2  BAND5       ROTARY
 -- ----- ----- ----- ----- ---------- ------ ------ ------ ------ ------------
  1    14   112    34   173        333    483   1081   1225   1042         3831
  2     8    74    33   149        264    489   1081   1201   1042         3813
  3     3    33    14    69        119    480   1056   1194   1036         3766
  4     4    18     8    84        114    302   1048   1180   1040         3570
  5    20    70    15    88        193     17   1048    923   1037         3025
  6     3    18     4    48         73     20    689    206   1029         1944
  7     1    17     6    27         51      4      3     10    930          947
  8    51   106    90    25        272      1      3     10    881          895
  9    12    71    31     9        123      5      3      0    804          812
 10     1     1     1     1          4      0      0      2     14           16
 11     3     3     1    99        106     12      3      2     20           37
 12     2     6     6     0         14    147     55      9     13          224
 13    36    46    63     1        146    149    485    754     10         1398
 14   124   217   308    14        663    200    838    994      8         2040
 15   152   265   336    38        791    456    838    994    152         2440
 16   155   343   346    90        934    458    845   1003   1007         3313
 17   158   350   303   179        990    458    869   1005   1063         3395
 18    68   257   200   157        682    458    873   1010   1062         3403
 19   121   334   255   173        883    466    879   1019   1068         3432
 20   151   375   337   196       1059    463    890   1014   1072         3439
 21   151   357   301   164        973    457    890   1013   1073         3433
 22   115   267   266   184        832    467    887   1005   1068         3427
 23    39   132   120   215        506    460    880   1021   1077         3438
 24    21    99    41   167        328    458    883   1004   1070         3415
  1     8    93    25   154        280    464    883   1005   1078         3430
  2     8    58    17   130        213    461    883   1017   1079         3440
  3     3    40    17    87        147    457    858   1007   1077         3399
  4    10    18    12    84        124    102    846    994   1073         3015
  5    24    87    17    96        224      6    851    830   1066         2753
  6     2    18    10    65         95     15    448    384   1066         1913
  7     0    18     1    50         69      7      5     47    987         1046
  8    47    99    90    22        258      6      1     16    927          950
  9    14    71    29     6        120      3      6      4    725          738
 10     0     0     1     2          3      0      3      2    479          484
 11     2     5     1   101        109      1      4      5    105          115
 12     4    10     4     0         18     30      1   2006      6         2043
 13    24    49    53     1        127    127      7   5012      6         5152
 14   120   192   240     8        560    108      0      1      6          115
 15   132   296   345    31        804    108      6      3      1          118
 16   122   353   325    89        889     86     10      6      4          106
 17   153   397   385   169       1104      7     28     12      0           47
 18    99   268   194   170        731      6     19     29      0           54
 19   115   287   250   163        815      6     17     23      0           46
 20   132   347   311   169        959      4     17     29     11           61
 21   141   301   281   153        876      7     17     29     19           72
 22    85   270   222   122        699      7     17     23      5           52
 23    28   127    96   157        408      4     17      7      0           28
 24     8    60    35   128        231      2      5      0   4523         4530
  1     0     0     0     0          0      0      0      0      0            0
  2     0     0     0     0          0      0      0      0      0            0
  3     0     0     0     0          0      0      0      0      0            0
  4     0     0     0     0          0      0      0      0      0            0
  5     0     0     0     0          0      0      0      0      0            0
  6     0     0     0     0          0      0      0      0      0            0
  7     0     0     0     0          0      0      0      0      0            0
  8     0     0     0     0          0      0      0      0      0            0
  9     0     0     0     0          0      0      0      0      0            0
 10     0     0     0     0          0      0      0      0      0            0
 11     0     0     0     0          0      0      0      0      0            0
 12     0     0     0     0          0      0      0      0      0            0
 13     0     0     0     0          0      0      0      0      0            0
 14     0     0     0     0          0      0      0      0      0            0
 15     0     0     0     0          0      0      0      0      0            0
 16     0     0     1     0          1      0      0      0      0            0
 17     0     0     1     0          1      0      0      0      0            0
 18     0     0     1     0          1      0      0      0      0            0
 19     0     1     1     0          2      0      0      0      0            0
 20     0     0     1     0          1      0      0      0      0            0
 21     0     0     1     0          1      0      0      0      0            0
 22     0     0     1     0          1      0      0      0      0            0
 23     0     1     1     1          3      0      0      0      0            0
 24     0     1     2     3          6      0      0      0      0            0
  1     0    13    12   108        133      2      2      0      0            4
  2     0    10    13    80        103      6      0      0      0            6
  3     1     9     1    42         53     22      3      0      4           29
  4     3    16     4    33         56     26      4      0      6           36
  5    20    61    15    27        123     20      3     13      7           43
  6     1     3     6    14         24     30      1     17      1           49
  7     0    19     2    15         36     19      0      7      4           30
  8    49   106    90    12        257     15      1     13      7           36
  9    13    78    31     5        127      1      1      8      4           14
 10     0     4     2     2          8      0      4     12      6           22
 11     2     6     2   103        113      0      1      4      7           12
 12     0     3     1     0          4      2      3      3     15           23
 13     0     6     2     0          8     13      8    202     20          243
 14     0    10     2     2         14     43    127    327     18          515
 15     1     3    11     1         16     84    228    328     11          651
 16     3     3    13    16         35    183    264    330    104          881
 17     0    16     8    30         54    229    302    332    313         1176
 18     0    20     6    40         66    230    308    334    395         1267
 19     1    29    14    51         95    240    310    333    411         1294
 20     6    31    12    65        114    234    313    335    413         1295
 21     1    33    13    69        116    234    305    339    413         1291
 22     3    29     7    69        108    231    312    338    415         1296
 23     1    26     9    54         90    213    303    333    415         1264
 24     1    18     4    49         72     89    302    329    413         1133
  1     1     9     4    33         47     63    298    328    415         1104
  2     3     7     3    22         35     14    279    328    410         1031
  3     1     7     5    22         35     20    208    329    410          967
  4     3    22     6    23         54     43    154    329    410          936
  5    23    46     3    23         95     61    153    327    412          953
  6     1    12     0    29         42     25     12    122    409          568
  7     1    21     3    17         42     11      4     14    389          418
  8    50   104    93    14        261      0      1     13    381          395
  9    14    76    31     3        124      0      1      7    325          333
 10     1     5     0     2          8      0      6     48     69          123
 11     1     6     0    97        104      1      1     25      8           35
 12     1     3    13     0         17     47      3     16      3           69
 13     3    11    13     2         29    179    136    472     16          803
 14    11    21    26     4         62    501   1323   1506    313         3643
 15    20    60    50     2        132    661   1372   1506    488         4027
 16    22    65    77    13        177    664   1605   1537    948         4754
 17    17    61    66    43        187    673   1445   1547   1089         4754
 18    22    70    53    77        222    668   1460   1547   1135         4810
 19    22    87    39   113        261    640   1235   2112   1140         5127
 20    20    96    53   160        329    702   1370   3391   1144         6607
 21    17   102    57   151        327   4900   1334   2682   1150        10066
 22    11    79    42   131        263    693   1351    812   1150         4006
 23     3    54    19   139        215    698   1351    802   1144         3995
 24     4    39    15   121        179    695   1351    796   6038         8880
  1     3    28    11   141        183    692   1351    797   1154         3994
  2     0    34     2    86        122    696   1351    797   1154         3998
  3     0    21     9    36         66    692   1348    777   1139         3956
  4     6    28     8    36         78    266   1287    768   1144         3465
  5    32   111    14    35        192     30   1285    766   1139         3220
  6    16    17     6    29         68      4   1283    766   1136         3189
  7     1    20     2    17         40      2    324    349    975         1650
  8    48   104    93    17        262      0      6     14    950          970
  9    12    77    30     6        125      7     14      3    914          938
 10     0     4     0     1          5      0      0      2     78           80
 11     0     6     0   102        108      0      0      6     10           16
 12     0     5     3     0          8      4      6     44     20           74
 13     1     5    12     0         18     21    145    355     11          532
 14     0     4     5     0          9    184    342    714     11         1251
 15     0    10     6     3         19    378    568    715     17         1678
 16     3    19     7     9         38    378    619    714    272         1983
 17     2    17    11    22         52    380    647    714    642         2383
 18     1    32    17    42         92    379    670    733    732         2514
 19     7    32    17    58        114    381    675    739    732         2527
 20     3    46    17    68        134    385    685    736    734         2540
 21     4    46    17   100        167    389    671    738    747         2545
 22    11    43    22   117        193    382    672    571    678         2303
 23     6    28     7   113        154    378    673    486    771         2308
 24     7    19     9    91        126    378    668    471    771         2288
  1     6    22     4    94        126    279    667    467    771         2184
  2     8    16     8   102        134    152    663    469    761         2045
  3     5    25    11    60        101     22    626    411    757         1816
  4    10    29     9    48         96     10    619    330    758         1717
  5    22    52     5    45        124      4    527    319    758         1608
  6     0     7     3    55         65     27     84    319    758         1188
  7     1    13     2    51         67      4      7    167    756          934
  8    49   103    91    33        276      1      2     13    661          677
  9    14    72    30     6        122      2      2      8    478          490
 10     2     2     0     3          7      0      1     14    179          194
 11     2     5     2    96        105      8      2      6     10           26
 12     3     7     5     4         19      5      4     62      6           77
 13    34    57    44     1        136     79    455    649      9         1192
 14   129   222   360     8        719    176    552    749    111         1588
 15   171   311   442    41        965    322    553    750    686         2311
 16   159   317   376    88        940    325    555    752    850         2482
 17   181   426   412   183       1202    324    564    756    902         2546
 18   113   280   254   199        846    325    566    758    909         2558
 19   185   304   323   212       1024    328    570    761    912         2571
 20   214   484   454   192       1344    322    587    757    915         2581
 21   189   429   400   171       1189    324    584    770    920         2598
 22   162   349   385   174       1070    322    585    757    929         2593
 23    68   124   151   182        525    327    583    762    920         2592
 24    29   108    69   187        393    329    580    767    915         2591
  1    26    84    35   198        343    323    568    771    915         2577
  2    18    67    36   125        246    324    576    772    914         2586
  3     4    20    23   100        147    212    557    764    912         2445
  4     8    30    13    94        145     90    560    749    615         2014
  5    21    65    21    99        206      8    559    242    637         1446
  6     2    11     4    83        100      5    420     57    629         1111
  7     2    22     3    70         97      0    150      6    559          715
  8    47   102    90    52        291      3     14      8    521          546
  9    13    71    34     4        122      5      3      2    320          330
 10     0     1     1     1          3      0      0      2     11           13
 11     2     2     1    98        103      1      1      7      6           15
 12     5     6     7     0         18      7     19    102      1          129
 13    27    51    96     1        175     18    270    879      2         1169
 14   117   260   383    18        778    139    404   1139    149         1831
 15   171   381   459    63       1074    304    425   1142    339         2210
 16   158   384   398   102       1042    356    434   1145    610         2545
 17   158   325   387   202       1072    360    444   1149    822         2775
 18    80   238   232   205        755    355    500   1152    822         2829
 19   169   324   289   168        950    358    715   1157    826         3056
 20   140   364   343   162       1009    359    715    479    828         2381
 21   138   348   368   155       1009    355    712    388    833         2288
 22   120   295   333   146        894    357    715    383    837         2292
 23    38   135   144   170        487    356    713    381    837         2287
 24    47   109    49   189        394    358    712    384    830         2284
  1    21    87    27   152        287    357    704    382    832         2275
  2     8    46    22   144        220    359    721    398    833         2311
  3    13    38    13   116        180    274    698    393    836         2201
  4     5    34    12    85        136     47    688    367    834         1936
  5    13    92    14    87        206      3    687     87    829         1606
  6     1    18     4    52         75      7    307     29    822         1165
  7     0    17     3    44         64      3     16     46    777          842
  8    49   102    89    38        278      3      5      4    707          719
  9    13    71    37     7        128      0      4     14    190          208
 10     0     0     1     2          3      0      0      1     14           15
 11     0     3     5    99        107      2      0      1     16           19
 12     5     7     7     4         23      5     66     10      6           87
 13    38    55    66     6        165     65    593    732      2         1392
 14   125   242   312    24        703    196    657    796      2         1651
 15   195   301   343    62        901    345    630    795    250         2020
 16   159   346   401   127       1033    346    647    801    760         2554
 17   151   338   332   181       1002    348    638    804    877         2667
 18    98   259   208   182        747    355    656    805    879         2695
 19   130   285   242   178        835    350    663    806   1315         3134
 20   159   308   360   177       1004    348    659    818    886         2711
 21   147   350   377   171       1045    347    666    809    894         2716
 22   112   310   321   150        893    349    666    812    894         2721
 23    49   140   142   175        506    350    658    813    891         2712
 24    18    67    58   175        318    346    657    822    882         2707
  1    15    75    38   156        284    345    654    821    887         2707
  2    11    51    22   132        216    352    663    816    890         2721
  3    19    27    22   104        172    346    644    811    890         2691
  4    15    20    19   110        164     71    638    795    887         2391
  5    15    79    17    97        208      5    636    739    883         2263
  6     1    15     4    58         78      6    587     45    825         1463
  7     0    19     1    44         64      0    148     46    766          960
  8    47    98    91    29        265      3      4      9    762          778
  9    14    71    35     7        127      3      1      2    283          289
 10     0     0     0     1          1      3      0      6      7           16
 11     0     3     1    97        101      0      3      9      4           16
 12     2    12     8     0         22      1    163    427      9          600
 13    23    44    47     0        114    196    552    693      3         1444
 14   109   222   244     7        582    354    702    692     63         1811
 15   127   311   291    35        764    354    703    694    496         2247
 16   146   316   252   102        816    356    707    699    828         2590
 17   119   347   273   179        918    357    729    699    828         2613
 18    69   196   157   196        618    360    730    712    827         2629
 19   104   256   211   154        725    355    736    704    830         2625
 20   140   329   255   211        935    358    736    713    837         2644
 21   141   314   242   135        832    358    729    706    840         2633
 22   115   251   214   171        751    357    733    706    840         2636
 23    39   122    79   202        442    358    730    708    837         2633
 24    30    85    34   192        341    356    744    705    836         2641
  1    25    75    24   170        294    361    729    703    839         2632
  2    14    47    14   117        192    359    722    704    837         2622
  3     2    28    19   104        153    357    716    698    849         2620
  4     7    32    18    93        150     69    708    675    836         2288
  5    14    69    10    80        173     10    710     91    837         1648
  6     1    11     1    49         62      7    325     15    831         1178
  7     3   112     3    38        156      9      6      9    719          743
  8    47   105    92    36        280     11      0      7    721          739
  9    16    70    34     7        127      1      0      8    537          546
 10     0     4     1     2          7      0      1      1    362          364
 11     0     7     0    97        104      1      1      9     14           25
 12     7    12     6     0         25     15    128    182      4          329
 13    21    47    22     2         92     78    285    545      3          911
 14   101   165   200    10        476    231    320    545     10         1106
 15   135   210   242    41        628    284    328    545    319         1476
 16   123   276   232    96        727    284    331    563    825         2003
 17   130   240   212   190        772    285    327    565    901         2078
 18    96   164   153   156        569    274    333    565    901         2073
 19   119   236   206   174        735    328    335    563    902         2128
 20   153   241   237   199        830    327    342    565    910         2144
 21   150   202   267   146        765    327    351    562    904         2144
 22   128   153   188   189        658    327    339    566    917         2149
 23    27    83    80   198        388    326    341    564    921         2152
 24    10    34    31   162        237    326    344    558    905         2133
  1    12    34    10   148        204    327    342    559    910         2138
  2     4    28     7   123        162    328    338    562    912         2140
  3     3    10     8    78         99    270    329    558    908         2065
  4     6    30     7    76        119     67    324    511    908         1810
  5    12    57    14    58        141      9    330    237    911         1487
  6     2    11    11    28         52      5    324    114    878         1321
  7     2    21     5    28         56      1    243     21    804         1069
  8    49   105    94    24        272      6      5      5    796          812
  9    15    66    35     8        124      2      3     14    793          812
 10     0     5     0     2          7      1      2      2    474          479
 11     0     5     2    96        103      0      0      3    111          114
 12     0     7     0     0          7     54      9      6      4           73
 13     3     8     9     0         20    151    361      2      3          517
 14    35    33    30     4        102    155    517      0      3          675
 15    30    55    63    12        160    186    520      2      5          713
 16    53    72    57    17        199    152    533      6      4          695
 17    33    91    58    58        240    153    535     28     81          797
 18    24   102    55    98        279    157    535     56    102          850
 19    22    80    51   107        260    115    388     46     79          628
 20    14    69    45   142        270      7   3717     13      8         3745
 21    21    98    58   110        287      7      0     10      0           17
 22    15    81    33   104        233      7      0     15      0           22
 23     5    52    19   123        199      2      0     15      0           17
 24     3    32     7    93        135      0      0      4      0            4
 
 
T = TOTAL CONNECT HOURS
M = PEAK CONNECT HOURS
P = PEAK % TOTAL CONNECT HOURS
H = PEAK HOUR
 
 
                 LOGINS                          CONNECT TIME (HOURS)
    ---------------------------------- ----------------------------------------
DAY BAND0 BAND1 BAND2 BAND5     ROTARY  BAND0  BAND1  BAND2  BAND5       ROTARY
--- ----- ----- ----- ----- ---------- ------ ------ ------ ------ ------------
 1T  8251 19476 20725 20821      69273 123.95 335.72 315.49 279.27      1054.42
  M   610  1235  1331  1280       4433  12.96  33.30  31.12  21.38        95.20
  P   7.4   6.3   6.4   6.1        6.4   10.5    9.9    9.9    7.7          9.0
  H    17    20    20    23         20     21     20     15     20           20
 2T  3223  8182 15237 16264      42906  94.02 246.83 285.72 233.11       859.68
  M   472   969  5065  4643       5277  10.46  23.87  33.62  36.43        70.63
  P  14.6  11.8  33.2  28.5       12.3   11.1    9.7   11.8   15.6          8.2
  H     1     1    13    24         13     20     15     13     24           20
 3T     0     2     2     4          8   0.00   1.61   8.45   0.16        10.21
  M     0     1     1     3          4   0.00   1.01   1.03   0.15         2.18
  P *****  50.0  50.0  75.0       50.0 ******   62.7   12.2   94.3         21.4
  H     0    19    16    24         24      0     24     24     24           24
 4T  2266  3614  4199  4234      14313  20.32  59.40  39.03  79.72       198.46
  M   241   341   350   476       1402   2.65   7.39   3.45   9.33        19.08
  P  10.6   9.4   8.3  11.2        9.8   13.0   12.4    8.8   11.7          9.6
  H    19    20    21    22         20     22     18     20     20           21
 5T 12199 17467 21243 20569      71478 108.34 144.01 156.36 195.86       604.58
  M  4914  1667  3444  6154      10376  31.92  14.30  22.15  43.68        76.71
  P  40.3   9.5  16.2  29.9       14.5   29.5    9.9   14.2   22.3         12.7
  H    21    16    20    24         21     21     16     20     24           21
 6T  6562 16015 13087 16985      52649  50.20 125.49  94.58 180.20       450.48
  M   696  1390   807  1288       4165   5.01  10.33   6.26  16.28        35.85
  P  10.6   8.7   6.2   7.6        7.9   10.0    8.2    6.6    9.0          8.0
  H     2     5     1     1          1      1      5     21      1            1
 7T  5653 13465 15136 17731      51985 136.05 319.74 349.92 262.81      1068.52
  M   524  1047  1178  1109       3844  13.81  35.98  37.75  22.73       106.55
  P   9.3   7.8   7.8   6.3        7.4   10.2   11.3   10.8    8.6         10.0
  H    20    20    20    19         20     20     20     21     18           20
 8T  6073 13571 16734 16103      52481 123.17 350.20 334.57 278.79      1086.74
  M   521  1044  1563  1102       3950  12.94  34.67  37.55  24.04       106.24
  P   8.6   7.7   9.3   6.8        7.5   10.5    9.9   11.2    8.6          9.8
  H    19    20    15     1         19     16     17     15     17           17
 9T  6218 14907 14497 17484      53106 125.98 344.03 315.23 267.40      1052.64
  M   531   992  1173  1487       3920  15.04  32.79  34.65  21.66        97.19
  P   8.5   6.7   8.1   8.5        7.4   11.9    9.5   11.0    8.1          9.2
  H    15    21    16    19         19     16     20     16     17           17
10T  6460 15714 15333 17397      54904 120.63 309.90 258.48 276.47       965.48
  M   491  1052   967  1030       3518  13.00  34.10  24.22  21.68        90.24
  P   7.6   6.7   6.3   5.9        6.4   10.8   11.0    9.4    7.8          9.3
  H    21    17    15    20         20     20     17     17     20           17
11T  5848 10429 11922 17999      46198 113.68 245.65 243.62 250.99       853.93
  M   469   795   805  1106       2911  11.94  25.17  24.55  22.15        73.12
  P   8.0   7.6   6.8   6.1        6.3   10.5   10.2   10.1    8.8          8.6
  H    20     1    21    23         20     17     16     21     17           20
12T  2501 10446  3422 10135      26504  41.61 112.00  55.45 148.41       357.46
  M   338  3783   567  1047       3997   6.48  26.29   5.79  16.12        39.06
  P  13.5  36.2  16.6  10.3       15.1   15.6   23.5   10.4   10.9         10.9
  H     1    20     2     1         20     16     20      2      1           20
 
 
        NON-POS TRANSACTIONS                     POS TRANSACTIONS
    ---------------------------------- ----------------------------------------
DAY BAND0 BAND1 BAND2 BAND5     ROTARY  BAND0  BAND1  BAND2  BAND5       ROTARY
--- ----- ----- ----- ----- ---------- ------ ------ ------ ------ ------------
 1T  1413  3571  3119  2350      10453   6910  16127  17798  18618        59453
  M   158   375   346   215       1059    489   1081   1225   1077         3831
  P  11.2  10.5  11.1   9.1       10.1    7.1    6.7    6.9    5.8          6.4
  H    17    20    16    23         20      2      1      1     23            1
 2T  1281  3464  2961  2157       9863   2024   4949  12491  14243        33707
  M   153   397   385   170       1104    464    883   5012   4523         5152
  P  11.9  11.5  13.0   7.9       11.2   22.9   17.8   40.1   31.8         15.3
  H    17    17    17    18         17      1      1     13     24           13
 3T     0     3    10     4         17      0      0      0      0            0
  M     0     1     2     3          6      0      0      0      0            0
  P *****  33.3  20.0  75.0       35.3 ****** ****** ****** ****** ************
  H     0    19    24    24         24      0      0      0      0            0
 4T   106   552   280   887       1825   2166   3105   3937   3402        12610
  M    49   106    90   108        257    240    313    339    415         1296
  P  46.2  19.2  32.1  12.2       14.1   11.1   10.1    8.6   12.2         10.3
  H     8     8     8     1          8     19     20     21     22           22
 5T   272  1063   671  1241       3247  11959  16453  20596  19396        68404
  M    50   104    93   160        329   4900   1605   3391   6038        10066
  P  18.4   9.8  13.9  12.9       10.1   41.0    9.8   16.5   31.1         14.7
  H     8     8     8    20         20     21     16     20     24           21
 6T   163   756   325  1129       2373   6406  15290  12775  15931        50402
  M    48   111    93   141        262    696   1351    797   1154         3998
  P  29.4  14.7  28.6  12.5       11.0   10.9    8.8    6.2    7.2          7.9
  H     8     5     8     1          8      2      1      1      1            2
 7T  1756  3764  3840  2235      11595   4017   9938  11573  15631        41159
  M   214   484   454   212       1344    329    667    770    929         2598
  P  12.2  12.9  11.8   9.5       11.6    8.2    6.7    6.7    5.9          6.3
  H    20    20    20    19         20     24      1     21     22           21
 8T  1511  3695  3749  2505      11460   4653  10186  13260  13775        41874
  M   171   384   459   205       1074    360    715   1157    915         3056
  P  11.3  10.4  12.2   8.2        9.4    7.7    7.0    8.7    6.6          7.3
  H    15    16    15    18         15     17     19     19      1           19
 9T  1509  3516  3396  2438      10859   4805  11686  11345  15228        43064
  M   195   350   401   182       1045    359    721    822   1315         3134
  P  12.9  10.0  11.8   7.5        9.6    7.5    6.2    7.2    8.6          7.3
  H    15    21    16    18         21      2      2     24     19           19
10T  1301  3263  2557  2419       9540   5254  12672  12957  15158        46041
  M   146   347   291   211        935    360    744    821    890         2721
  P  11.2  10.6  11.4   8.7        9.8    6.9    5.9    6.3    5.9          5.9
  H    16    17    15    20         20     18     24      1      2            2
11T  1329  2623  2292  2356       8600   4597   8022   9808  15804        38231
  M   153   276   267   199        830    361    729    704    921         2632
  P  11.5  10.5  11.6   8.4        9.7    7.9    9.1    7.2    5.8          6.9
  H    20    16    21    20         20      1      1      2     23            1
12T   363  1152   678  1537       3730   2162   9355   2789   8694        23000
  M    53   105    94   148        287    328   3717    562    912         3745
  P  14.6   9.1  13.9   9.6        7.7   15.2   39.7   20.2   10.5         16.3
  H    16     8     8     1         21      2     20      2      2           20
 
 
        BAND0        BAND1        BAND2        BAND5          ROTARY
        -----        -----        -----        -----      ----------
        10679        25862        22647        20261           79449
          378          364          442          421            1605
        62636       145345       159493       183318          550792
      2594727    773024207   1538556152   2304239151      4618414237
    A,vk