SAN FRANCISCO
-------------
 
T = TOTAL CONNECT HOURS
M = PEAK CONNECT HOURS
R = PORTS REQUIRED FOR A PGRADE OF 1%
D = PGRADE
P = PEAK % TOTAL CONNECT HOURS
H = PEAK HOUR
 
            CONNECT TIME (HOURS)
       -------------------------------
DATE   BAND4    BAND5           ROTARY
----   -----    -----           ------
871120
  T   908.21   409.01          1317.21
  M    81.27    43.39           118.59
  R       98       57              138
  D      1.0      0.9              1.0
  P     8.90    10.60             9.00
  H    16000    21000            21000
871121
  T   526.64   253.80           780.44
  M    49.38    31.48            69.80
  R       64       44               86
  D      0.8      0.8              0.9
  P     9.40    12.40             8.90
  H    18000    22000            22000
871122
  T   366.23   139.82           506.04
  M    38.26    13.50            38.55
  R       51       22               52
  D      1.0      1.0              0.8
  P    10.40     9.70             7.60
  H    12000     1000            12000
871123
  T   875.21   447.80          1323.01
  M    93.66    63.41           148.48
  R      112       79              170
  D      0.9      0.9              0.9
  P    10.70    14.20            11.20
  H    21000    23000            20000
871124
  T   889.24   307.82          1197.06
  M    81.00    31.39           112.38
  R       98       44              132
  D      0.9      0.7              0.9
  P     9.10    10.20             9.40
  H    21000    21000            21000
871125
  T   874.44   322.30          1196.74
  M    84.36    43.40           111.73
  R      102       57              131
  D      0.9      0.9              0.9
  P     9.60    13.50             9.30
  H    16000     8000            16000
871126
  T   259.75    91.51           351.26
  M    93.78    11.07            98.56
  R      112       19              117
  D      0.9      1.0              0.9
  P    36.10    12.10            28.10
  H     7000     1000             7000
871127
  T   746.77   228.50           975.27
  M   149.40    25.66           165.17
  R      171       37              187
  D      0.9      0.8              1.0
  P    20.00    11.20            16.90
  H    23000    20000            23000
871128
  T   677.71   222.50           900.21
  M    92.39    17.04           100.22
  R      110       27              119
  D      1.0      0.7              0.9
  P    13.60     7.70            11.10
  H     5000    22000             5000
871129
  T   338.51   116.16           454.68
  M    29.29    10.56            39.68
  R       41       19               53
  D      0.9      0.7              0.8
  P     8.70     9.10             8.70
  H     2000     1000             2000
871130
  T   798.48   337.51          1135.99
  M    98.10    43.68           141.78
  R      116       57              163
  D      1.0      1.0              0.9
  P    12.30    12.90            12.50
  H    21000    21000            21000
871201
  T   902.56   320.97          1223.52
  M    91.22    37.87           129.08
  R      109       51              149
  D      0.9      0.8              1.0
  P    10.10    11.80            10.60
  H    16000    16000            16000
871202
  T   121.93   404.82          1526.76
  M   123.63    44.19           162.95
  R      144       58              185
  D      0.9      0.9              0.9
  P    11.00    10.90            10.70
  H    21000    17000            21000
871203
  T   955.38   284.83          1240.22
  M    92.34    30.88           120.18
  R      110       43              140
  D      1.0      0.8              0.9
  P     9.70    10.80             9.70
  H    16000    22000            16000
871204
  T   984.86   355.29          1340.15
  M   102.60    40.32           142.92
  R      121       54              164
  D      1.0      0.8              0.9
  P    10.40    11.30            10.70
  H    17000    17000            17000
871205
  T   568.56   236.46           805.02
  M    43.67    22.54            58.76
  R       57       33               74
  D      1.0      0.9              0.9
  P     7.70     9.50             7.30
  H    17000     9000            18000
871206
  T   387.32   149.71           537.04
  M    26.79    40.03            62.47
  R       38       53               78
  D      0.9      0.9              0.9
  P     6.90    26.70            11.60
  H     1000    24000            24000
871207
  T   913.30   341.99          1255.29
  M    90.01    40.74           127.18
  R      108       54              147
  D      0.9      0.9              1.0
  P     9.90    11.90            10.10
  H    17000    22000            22000
871208
  T   975.31   400.63          1375.94
  M   118.54    48.02           152.85
  R      138       62              174
  D      0.9      0.9              1.0
  P    12.20    12.00            11.10
  H    22000     4000            22000
871209
  T   939.86   355.03          1294.89
  M    85.07    37.10           122.17
  R      102       50              142
  D      1.0      0.9              0.9
  P     9.10    10.40             9.40
  H    17000    17000            17000
871210
  T   952.72   424.39          1377.11
  M    85.80    54.48           131.37
  R      103       69              152
  D      1.0      1.0              0.9
  P     9.00    12.80             9.50
  H    17000    20000            21000
871211
  T   947.37   411.83          1359.21
  M    87.61    37.72           124.23
  R      105       51              144
  D      0.9      0.8              0.9
  P     9.20     9.20             9.10
  H    22000    17000            22000
871212
  T   560.64   277.47           838.12
  M    47.57    23.73            67.35
  R       62       35               83
  D      0.8      0.7              1.0
  P     8.50     8.60             8.00
  H    22000    17000            17000
871213
  T   430.23   121.68           551.91
  M    30.87     9.02            39.52
  R       43       17               53
  D      0.8      0.6              0.8
  P     7.20     7.40             7.20
  H     1000    21000             1000
871214
  T   916.23   375.25          1291.48
  M    87.87    42.07           129.94
  R      105       56              150
  D      1.0      0.8              1.0
  P     9.60    11.20            10.10
  H    22000    22000            22000
871215
  T   751.88   340.07          1091.95
  M    82.36    33.45           115.81
  R      100       46              135
  D      0.8      0.8              1.0
  P    11.00     9.80            10.60
  H    22000    22000            22000
871216
  T   908.03   425.01          1333.04
  M    89.14    45.87           128.83
  R      107       60              149
  D      0.9      0.8              0.9
  P     9.80    10.80             9.70
  H    23000    22000            23000
871217
  T   933.41   391.42          1324.84
  M    87.47    33.05           120.52
  R      105       45              140
  D      0.9      1.0              1.0
  P     9.40     8.40             9.10
  H    21000    21000            21000
871218
  T    28.79   390.56          1419.35
  M    98.61    37.10           135.71
  R      117       50              156
  D      0.9      0.9              1.0
  P     9.60     9.50             9.60
  H    17000    17000            17000
871219
  T   563.86   231.97           795.84
  M    45.25    25.28            70.07
  R       59       37               86
  D      0.9      0.7              1.0
  P     8.00    10.90             8.80
  H    23000    20000            20000
871220
  T   527.81   170.42           698.23
  M    37.44    11.89            49.33
  R       50       20               64
  D      1.0      1.0              0.8
  P     7.10     7.00             7.10
  H    20000    20000            20000
871221
  T    36.94   390.78          1427.72
  M   124.91    39.60           160.85
  R      145       53              183
  D      0.9      0.8              0.9
  P    12.00    10.10            11.30
  H    21000    17000            21000
871222
  T   144.53   421.75          1566.28
  M   112.84    38.77           151.61
  R      132       52              173
  D      0.9      0.8              0.9
  P     9.90     9.20             9.70
  H    17000    17000            17000
871223
  T    98.52   369.55          1468.08
  M   139.71    32.06           170.29
  R      160       44              193
  D      1.0      0.9              0.9
  P    12.70     8.70            11.60
  H    22000    17000            22000
871224
  T   561.39   268.34           829.73
  M    43.39    23.29            66.50
  R       57       34               82
  D      0.9      0.9              1.0
  P     7.70     8.70             8.00
  H    17000    16000            17000
871225
  T   171.89    67.32           239.21
  M    18.16     7.49            23.00
  R       28       15               34
  D      0.9      0.6              0.8
  P    10.60    11.10             9.60
  H     8000     2000             1000
871226
  T   255.06    98.20           353.26
  M    22.55     7.71            30.26
  R       33       15               42
  D      0.9      0.8              0.9
  P     8.80     7.80             8.60
  H    17000    17000            17000
871227
  T   271.47   107.89           379.36
  M    18.01     8.31            26.32
  R       28       16               38
  D      0.8      0.7              0.8
  P     6.60     7.70             6.90
  H     1000     1000             1000
871228
  T   909.79   297.91          1207.70
  M   112.61    35.30           147.91
  R      132       48              169
  D      0.9      0.9              0.9
  P    12.40    11.80            12.20
  H    22000    22000            22000
871229
  T   960.16   365.28          1325.44
  M   128.41    42.85           171.26
  R      149       56              194
  D      0.9      1.0              0.9
  P    13.40    11.70            12.90
  H    17000    17000            17000
871230
  T   787.59   258.82          1046.41
  M   117.53    35.72           153.26
  R      137       48              175
  D      0.9      1.0              0.9
  P    14.90    13.80            14.60
  H    17000    17000            17000
871231
  T     1.15     2.71             3.86
  M     1.01     1.01             2.01
  R        5        5                7
  D      0.3      0.3              0.4
  P    87.10    37.20            52.00
  H    24000    23000            24000
880101
  T    83.04    56.24           139.28
  M     8.55     5.33            12.64
  R       16       12               21
  D      0.8      0.6              1.0
  P    10.30     9.50             9.10
  H    21000    23000            22000
880102
  T   344.24   143.69           487.94
  M    32.22    20.52            40.50
  R       45       31               54
  D      0.7      0.8              0.8
  P     9.40    14.30             8.30
  H    17000     3000            17000
880103
  T   387.30   109.51           496.81
  M   113.93    23.33           119.50
  R      133       34              139
  D      1.0      0.9              0.9
  P    29.40    21.30            24.10
  H     5000    22000             5000
880104
  T    17.39   394.70          1412.09
  M   103.00    41.86           143.78
  R      122       55              165
  D      0.9      1.0              0.9
  P    10.10    10.60            10.20
  H    22000    21000            22000
880105
  T    95.51   373.83          1469.34
  M   124.44    41.03           165.48
  R      144       54              187
  D      1.0      1.0              1.0
  P    11.40    11.00            11.30
  H    22000    22000            22000
880106
  T   182.90   364.50          1547.40
  M   125.09    39.88           163.96
  R      145       53              186
  D      0.9      0.9              0.9
  P    10.60    10.90            10.60
  H    21000    22000            21000
880107
  T    71.47   295.06          1366.53
  M   107.10    39.62           146.72
  R      126       53              168
  D      0.9      0.8              0.9
  P    10.00    13.40            10.70
  H    16000    16000            16000
880108
  T   995.14   292.71          1287.85
  M   110.93    32.00           142.05
  R      130       44              163
  D      0.9      0.9              0.9
  P    11.10    10.90            11.00
  H    22000    17000            21000
   