1
 
                   MAX
            TOTAL  SIM                MAXIMUM CPS                   CONNECT
 DATE  HOUR USERS USERS            IN         OUT       TOTAL         HOURS
 
 
 930322   1    60     5        113.80      425.55      539.35          2.48
 930322   2    47     6         89.68      315.70      384.33          2.37
 930322   3    32     6         88.13      379.70      467.78          2.87
 930322   4    53     8        138.62      508.93      647.55          2.93
 930322   5    28     5        107.98      403.40      497.03          3.25
 930322   6    23     5         72.53      300.35      372.88          2.30
 930322   7    11     2         34.85      120.37      155.22          1.50
 930322   8    15     3         47.45      174.85      217.43          0.60
 930322   9     5     1          8.87       59.30       68.17          0.23
 930322  10     7     1         27.37       70.72       98.08          0.42
 930322  11     5     2         42.82      128.48      171.30          0.20
 930322  12     8     2         50.28      171.57      207.68          0.82
 930322  13    25     4         78.78      245.87      324.03          1.83
 930322  14    59     7        247.23      347.45      487.62          3.33
 930322  15   269    32        381.00     1783.42     2164.42         15.40
 930322  16   340    29        302.17     1478.33     1751.57         21.63
 930322  17   187    30        323.50     1450.12     1773.62          9.67
 930322  18    93    23        274.88     1200.05     1474.93          5.22
 930322  19   261    26        265.13     1203.05     1468.18         15.22
 930322  20   287    22        332.67     1336.45     1669.12         15.42
 930322  21   326    24        330.30     1490.93     1821.23         18.05
 930322  22   196    25        306.13     1543.72     1823.37         16.07
 930322  23   131    15        215.05     1147.75     1331.05         10.35
 930322  24   136    15        228.62      983.45     1138.83         10.57
1
 
                   MAX
            TOTAL  SIM                MAXIMUM CPS                   CONNECT
 DATE  HOUR USERS USERS            IN         OUT       TOTAL         HOURS
 
 
 930323   1   158    17        222.18     1085.12     1296.68         11.22
 930323   2   154    15        239.53      910.38     1148.30          9.97
 930323   3   155    15        227.47      921.50     1116.60          9.35
 930323   4   157    13        179.80      844.40      999.12          8.12
 930323   5    99    13        187.95      845.77      996.10          6.30
 930323   6    46     7        218.03      518.97      676.82          3.28
 930323   7    31     4         73.22      268.02      341.23          2.00
 930323   8    34     3         56.12      162.62      218.73          1.12
 930323   9    18     2         39.43      147.57      178.95          1.05
 930323  10     8     2         33.03      174.83      207.87          0.35
 930323  11    11     2         65.97      160.07      226.03          0.52
 930323  12    27     5         98.38      300.37      383.65          1.72
 930323  13    73     6        145.88      422.95      568.83          3.92
 930323  14    82     9        147.48      505.07      652.55          5.37
 930323  15   218    30        368.45     1304.73     1615.65         14.02
 930323  16   357    32        386.03     1670.83     2037.00         21.72
 930323  17   110    25        286.80     1524.50     1811.30          6.08
 930323  18    15    14        192.02      970.98     1163.00          0.52
 930323  19   258    20        274.12     1132.62     1373.38         13.77
 930323  20   283    22        268.77     1499.77     1768.53         14.67
 930323  21   285    22        241.62     1026.77     1259.15         15.65
 930323  22   229    24        280.87     1444.77     1698.38         15.63
 930323  23   183    18        281.60     1173.73     1441.33         10.75
 930323  24   153    14        265.38      987.63     1253.02          9.65
1
 
                   MAX
            TOTAL  SIM                MAXIMUM CPS                   CONNECT
 DATE  HOUR USERS USERS            IN         OUT       TOTAL         HOURS
 
 
 930324   1   166    16        257.73     1085.80     1324.30         10.48
 930324   2   161    19        323.75     1338.70     1655.48         10.78
 930324   3   123    15        184.20      923.18     1107.38          8.93
 930324   4    98    12        177.60      738.10      899.55          7.68
 930324   5    96     9        143.18      634.90      767.62          5.87
 930324   6    69     7        119.33      475.57      563.42          3.32
 930324   7    39     5         77.58      305.65      383.23          2.28
 930324   8    37     5         66.97      356.40      423.37          1.47
 930324   9    17     3         39.22      190.23      219.67          0.88
 930324  10    19     3         53.90      182.57      208.90          0.83
 930324  11    14     3         47.62      135.95      176.28          0.90
 930324  12    28     4        129.45      450.68      580.13          1.87
 930324  13    55     7        132.78      528.92      661.70          3.75
 930324  14    86     8        154.60      460.57      599.15          4.73
 930324  15   266    36        358.25     1500.58     1847.55         15.05
 930324  16   399    33        507.03     1709.85     2057.90         23.73
 930324  17   343    29        370.80     1688.20     2059.00         18.78
 930324  18   299    24        315.68     1549.42     1865.10         17.25
 930324  19   297    23        327.85     1395.85     1721.97         17.03
 930324  20   254    20        254.25     1205.88     1452.05         14.78
 930324  21   310    28        331.97     1338.98     1618.13         17.03
 930324  22   222    29        346.65     1819.75     2166.40         16.08
 930324  23   137    17        220.57     1075.08     1295.65         10.35
 930324  24   129    15        221.60     1166.97     1388.57          9.55
1
 
                   MAX
            TOTAL  SIM                MAXIMUM CPS                   CONNECT
 DATE  HOUR USERS USERS            IN         OUT       TOTAL         HOURS
 
 
 930325   1   140    15        251.25     1131.20     1382.45         10.80
 930325   2   165    16        240.95      982.27     1203.05         10.92
 930325   3   134    13        231.62      934.38     1166.00          8.92
 930325   4   108    13        184.58      792.75      977.33          8.12
 930325   5    95    10        182.35      730.67      913.02          5.22
 930325   6    44     5         87.58      358.17      434.27          2.80
 930325   7    29     4         86.58      290.77      377.35          1.48
 930325   8    30     3         59.52      189.52      249.03          1.50
 930325   9    11     2         23.33      104.03      119.25          0.80
 930325  10    11     3         53.08      245.62      298.70          0.68
 930325  11    15     3         77.70      260.20      337.90          1.03
 930325  12    26     4         58.57      227.68      286.25          2.22
 930325  13    42     6         98.88      338.95      436.22          2.90
 930325  14    75     7        143.30      495.00      604.37          4.93
 930325  15   222    26        307.45     1345.32     1639.67         13.03
 930325  16   361    30        362.65     1318.70     1585.93         20.57
 930325  17   304    28        386.63     1715.72     2102.35         18.90
 930325  18   290    22        252.80     1160.25     1413.05         16.63
 930325  19   243    22        253.88     1415.28     1669.17         14.97
 930325  20   258    25        400.23     1263.63     1663.87         15.43
 930325  21   304    23        262.62     1269.50     1510.40         17.05
 930325  22   247    28        362.20     1658.57     1993.57         16.75
 930325  23   155    17        220.98     1153.32     1374.30         11.23
 930325  24    80    16        210.22      969.92     1172.42          7.13
1
 
                   MAX
            TOTAL  SIM                MAXIMUM CPS                   CONNECT
 DATE  HOUR USERS USERS            IN         OUT       TOTAL         HOURS
 
 
 930326   1   169    17        250.35      996.13     1238.88         10.80
 930326   2   135    14        213.65      968.38     1159.22          8.68
 930326   3   148    16        267.55      900.13     1123.77          9.55
 930326   4    96    12        192.30      747.60      922.97          7.05
 930326   5    99    13        191.00      770.22      961.22          6.55
 930326   6    65     8         98.58      471.53      570.12          4.27
 930326   7    26     6        120.53      572.40      692.93          2.42
 930326   8    22     4         46.43      160.15      206.58          1.98
 930326   9     4     3         11.72       45.28       57.00          1.62
 930326  10     8     2         30.00      185.05      215.05          0.82
 930326  11    13     3         60.17      171.80      222.67          1.52
 930326  12    38     5        113.92      310.70      424.62          1.90
 930326  13    52     6        135.50      502.78      619.22          3.92
 930326  14    80     8        144.67      554.87      699.53          5.27
 930326  15   281    33        439.58     1526.17     1922.70         16.52
 930326  16   393    32        383.38     1451.70     1823.02         24.05
 930326  17   351    28        372.33     1541.72     1914.05         18.70
 930326  18   290    27        301.63     1349.75     1651.38         16.55
 930326  19   248    24        292.48     1325.12     1617.60         14.25
 930326  20   262    23        272.20     1242.65     1514.85         14.02
 930326  21   330    25        318.83     1447.10     1724.62         16.70
 930326  22   242    25        297.60     1493.97     1791.57         17.08
 930326  23   178    18        263.25     1273.85     1537.10         11.75
 930326  24   141    13        202.07     1117.02     1317.78          8.28
1     MAXIMUM OF MAXIMUM SIMULTANEOUS USERS
 
 
                   MAX
            TOTAL  SIM                MAXIMUM CPS                   CONNECT
 DATE  HOUR USERS USERS            IN         OUT       TOTAL         HOURS
 
 930324  15   266    36        358.25     1500.58     1847.55         15.05
 
 
     MAXIMUM OF CONNECT HOURS
 
 
                   MAX
            TOTAL  SIM                MAXIMUM CPS                   CONNECT
 DATE  HOUR USERS USERS            IN         OUT       TOTAL         HOURS
 
 930326  16   393    32        383.38     1451.70     1823.02         24.05
1
  