1
 
                   MAX
            TOTAL  SIM                MAXIMUM CPS                   CONNECT
 DATE  HOUR USERS USERS            IN         OUT       TOTAL         HOURS
 
 
 920501   1     1     1          1.17        4.18        5.35          1.00
 920501   2     1     1          1.17        4.18        5.35          1.00
 920501   3     1     1          1.17        4.18        5.35          1.00
 920501   4     3     3          3.25       48.67       51.92          2.57
 920501   5     4     3         12.17       59.03       71.20          1.67
 920501   6     1     1          1.17        4.18        5.35          1.00
 920501   7     1     1          1.17        4.18        5.35          1.00
 920501   8     1     1          1.17        4.18        5.35          1.00
 920501   9     1     1          1.17        4.18        5.35          1.00
 920501  10     1     1          1.17        4.18        5.35          1.00
 920501  11     1     1          1.17        4.18        5.35          1.00
 920501  12     3     2          2.93       62.65       65.47          1.08
 920501  13     1     1          1.77        2.03        3.80          1.00
 920501  14     1     1          1.77        2.03        3.80          1.00
 920501  15     1     1          1.77        2.03        3.80          1.00
 920501  16     1     1          1.77        2.03        3.80          1.00
 920501  17     1     1          1.77        2.03        3.80          1.00
 920501  18     1     1          1.77        2.03        3.80          1.00
 920501  19     1     1          1.77        2.03        3.80          1.00
 920501  20     1     1          1.77        2.03        3.80          1.00
 920501  21     3     3          4.92       43.55       48.47          2.05
 920501  22     2     2          3.12       26.80       29.92          2.00
 920501  23     3     3          3.80       42.67       46.47          2.07
 920501  24     3     3          3.37       32.22       35.58          2.38
1
 
                   MAX
            TOTAL  SIM                MAXIMUM CPS                   CONNECT
 DATE  HOUR USERS USERS            IN         OUT       TOTAL         HOURS
 
 
 920502   1     3     2          2.28        7.45        9.47          1.60
 920502   2     3     3          2.67       89.12       91.78          2.20
 920502   3     2     2          2.28        2.60        4.88          2.00
 920502   4     2     2          2.28        2.60        4.88          2.00
 920502   5     2     2          2.28        2.60        4.88          2.00
 920502   6     2     2          2.28        2.60        4.88          2.00
 920502   7     2     2          2.28        2.60        4.88          2.00
 920502   8     2     2          2.28        2.60        4.88          2.00
 920502   9     2     2          2.28        2.60        4.88          2.00
 920502  10     2     2          2.28        2.60        4.88          2.00
 920502  11     2     2          2.28        2.60        4.88          2.00
 920502  12     2     2          2.28        2.60        4.88          2.00
 920502  13     4     4          4.58      214.97      219.55          2.37
 920502  14     5     3         18.83       23.37       32.47          1.65
 920502  15     2     2          1.58        1.95        3.53          2.00
 920502  16     2     2          1.58        1.95        3.53          2.00
 920502  17     2     2          1.58        1.95        3.53          2.00
 920502  18     3     3          4.42       60.58       65.00          2.05
 920502  19     2     2          1.58        1.95        3.53          2.00
 920502  20     2     2          1.58        1.95        3.53          2.00
 920502  21     2     2          1.58        1.95        3.53          2.00
 920502  22     3     3          3.03       37.42       40.45          2.10
 920502  23     3     3          2.50        2.45        4.95          2.02
 920502  24     3     3          3.48       51.08       54.57          2.20
1
 
                   MAX
            TOTAL  SIM                MAXIMUM CPS                   CONNECT
 DATE  HOUR USERS USERS            IN         OUT       TOTAL         HOURS
 
 
 920503   1     2     2          1.43        1.07        2.50          2.00
 920503   2     4     3         13.40       14.28       27.68          2.02
 920503   3     2     2          1.57        1.07        2.63          2.00
 920503   4     2     2          1.57        1.07        2.63          2.00
 920503   5     2     2          1.57        1.07        2.63          2.00
 920503   6     2     2          1.57        1.07        2.63          2.00
 920503   7     2     2          1.57        1.07        2.63          2.00
 920503   8     2     2          1.57        1.07        2.63          2.00
 920503   9     2     2          1.57        1.07        2.63          2.00
 920503  10     4     4          6.62        1.95        8.57          2.03
 920503  11     2     2          5.05        0.88        5.93          2.00
 920503  12     2     2          5.05        0.88        5.93          2.00
 920503  13     2     2          5.05        0.88        5.93          2.00
 920503  14     2     2          5.05        0.88        5.93          2.00
 920503  15     3     3          6.18       38.45       44.63          2.18
 920503  16     2     2          5.05        0.88        5.93          2.00
 920503  17     2     2          5.05        0.88        5.93          2.00
 920503  18     2     2          5.05        0.88        5.93          2.00
 920503  19     3     3          6.30       12.60       18.90          2.25
 920503  20     3     3          6.30       12.60       18.90          3.00
 920503  21     3     3          6.30       12.60       18.90          2.08
 920503  22     2     2          5.05        0.88        5.93          2.00
 920503  23     2     2          5.05        0.88        5.93          2.00
 920503  24     3     3          5.38        8.20       13.58          2.13
1
 
                   MAX
            TOTAL  SIM                MAXIMUM CPS                   CONNECT
 DATE  HOUR USERS USERS            IN         OUT       TOTAL         HOURS
 
 
 920504   1     3     3          5.38        8.20       13.58          3.00
 920504   2     5     3          6.75       80.77       86.97          2.70
 920504   3     3     3          6.75       22.63       29.38          2.15
 920504   4     2     2          5.05        0.88        5.93          2.00
 920504   5     2     2          5.05        0.88        5.93          2.00
 920504   6     4     2          5.05        5.08        7.70          1.90
 920504   7     2     2          2.62        5.08        7.70          2.00
 920504   8     2     2          2.62        5.08        7.70          2.00
 920504   9     2     2          2.62        5.08        7.70          2.00
 920504  10     2     2          2.62        5.08        7.70          2.00
 920504  11     2     2          2.62        5.08        7.70          2.00
 920504  12     2     2          2.62        5.08        7.70          2.00
 920504  13     2     2          2.62        5.08        7.70          2.00
 920504  14     2     2          2.62        5.08        7.70          2.00
 920504  15     2     2          2.62        5.08        7.70          2.00
 920504  16     2     2          2.62        5.08        7.70          2.00
 920504  17     2     2          2.62        5.08        7.70          2.00
 920504  18     2     2          2.62        5.08        7.70          2.00
 920504  19     2     2          2.62        5.08        7.70          2.00
 920504  20     2     2          2.62        5.08        7.70          2.00
 920504  21     6     5          7.37       13.68       21.05          2.08
 920504  22     2     2          2.62        5.08        7.70          1.17
 920504  23     1     1          1.65        4.57        6.22          1.00
 920504  24     2     2          2.98       54.98       57.97          1.40
1
 
                   MAX
            TOTAL  SIM                MAXIMUM CPS                   CONNECT
 DATE  HOUR USERS USERS            IN         OUT       TOTAL         HOURS
 
 
 920505   1     1     1          1.65        4.57        6.22          1.00
 920505   2     3     3          3.62       67.23       70.85          1.52
 920505   3     5     3         16.62       67.23       72.77          1.43
 920505   4     3     2          3.02       40.20       43.22          1.72
 920505   5     1     1          1.65        4.57        6.22          1.00
 920505   6     1     1          1.65        4.57        6.22          1.00
 920505   7     1     1          1.65        4.57        6.22          1.00
 920505   8     1     1          1.65        4.57        6.22          1.00
 920505   9     1     1          1.65        4.57        6.22          1.00
 920505  10     1     1          1.65        4.57        6.22          0.22
 920505  11     0     0          0.00        0.00        0.00          0.00
 920505  12     0     0          0.00        0.00        0.00          0.00
 920505  13     2     1          1.23      110.80      111.35          0.25
 920505  14     1     1          0.55      110.80      111.35          0.25
 920505  15     0     0          0.00        0.00        0.00          0.00
 920505  16     0     0          0.00        0.00        0.00          0.00
 920505  17     0     0          0.00        0.00        0.00          0.00
 920505  18     0     0          0.00        0.00        0.00          0.00
 920505  19     0     0          0.00        0.00        0.00          0.00
 920505  20     1     1          0.48       70.07       70.55          0.15
 920505  21     0     0          0.00        0.00        0.00          0.00
 920505  22     0     0          0.00        0.00        0.00          0.00
 920505  23     0     0          0.00        0.00        0.00          0.00
 920505  24     1     1          0.70       74.30       75.00          0.10
1     MAXIMUM OF MAXIMUM SIMULTANEOUS USERS
 
 
                   MAX
            TOTAL  SIM                MAXIMUM CPS                   CONNECT
 DATE  HOUR USERS USERS            IN         OUT       TOTAL         HOURS
 
 920504  21     6     5          7.37       13.68       21.05          2.08
 
 
     MAXIMUM OF CONNECT HOURS
 
 
                   MAX
            TOTAL  SIM                MAXIMUM CPS                   CONNECT
 DATE  HOUR USERS USERS            IN         OUT       TOTAL         HOURS
 
 920503  20     3     3          6.30       12.60       18.90          3.00
1
  