1
 
                   MAX
            TOTAL  SIM                MAXIMUM CPS                   CONNECT
 DATE  HOUR USERS USERS            IN         OUT       TOTAL         HOURS
 
 
 920803   1    66    24        185.18      211.77      396.95         22.87
 920803   2    68    24        185.18      211.77      396.95         22.88
 920803   3    66    24        185.18      211.77      396.95         22.77
 920803   4    68    24        185.18      211.77      396.95         22.77
 920803   5    66    24        185.18      211.77      396.95         22.73
 920803   6    68    24        185.18      211.77      396.95         22.77
 920803   7    70    24        211.50      230.95      442.45         22.80
 920803   8    70    24        262.83      235.42      498.25         22.80
 920803   9    66    24        238.37      219.65      458.02         22.73
 920803  10    68    24        238.37      219.65      458.02         22.77
 920803  11    66    24        238.37      219.65      458.02         22.73
 920803  12    69    24        244.33      229.37      473.70         22.77
 920803  13    68    25        244.42      230.07      474.48         22.80
 920803  14    65    24        218.75      227.62      446.37         22.82
 920803  15    69    25        221.45      230.90      452.35         22.78
 920803  16    70    25        203.82      228.02      431.83         22.82
 920803  17    66    24        198.72      223.35      422.07         22.73
 920803  18    67    24        198.72      223.35      422.07         22.78
 920803  19    64    24        198.72      223.35      422.07         22.73
 920803  20    68    24        198.72      223.35      422.07         22.77
 920803  21    63    24        230.27      346.35      576.62         22.62
 920803  22    25    24        230.27      346.35      576.62         23.98
 920803  23    24    24        223.65      345.33      568.98         24.00
 920803  24    24    24        223.65      345.33      568.98         23.60
1
 
                   MAX
            TOTAL  SIM                MAXIMUM CPS                   CONNECT
 DATE  HOUR USERS USERS            IN         OUT       TOTAL         HOURS
 
 
 920804   1    24    24        223.65      345.33      568.98         24.00
 920804   2    24    24        223.65      345.33      568.98         24.00
 920804   3    24    24        223.65      345.33      568.98         24.00
 920804   4    24    24        223.65      345.33      568.98         24.00
 920804   5    24    24        223.65      345.33      568.98         24.00
 920804   6    24    24        223.65      345.33      568.98         24.00
 920804   7    26    25        270.97      353.18      624.15         24.03
 920804   8    24    24        270.22      352.02      622.23         24.00
 920804   9    24    24        270.22      352.02      622.23         24.00
 920804  10    24    24        270.22      352.02      622.23         24.00
 920804  11    24    24        270.22      352.02      622.23         24.00
 920804  12    24    24        270.22      352.02      622.23         24.00
 920804  13    26    24        272.18      352.10      624.28         24.00
 920804  14    24    24        272.18      352.10      624.28         24.00
 920804  15    30    25        272.93      355.27      626.20         24.10
 920804  16    28    26        269.00      364.03      633.03         24.07
 920804  17    24    24        231.17      346.15      577.32         24.00
 920804  18    24    24        231.17      346.15      577.32         24.00
 920804  19    24    24        231.17      346.15      577.32         24.00
 920804  20    24    24        231.17      346.15      577.32         24.00
 920804  21    24    24        231.17      346.15      577.32         24.00
 920804  22    24    24        231.17      346.15      577.32         24.00
 920804  23    24    24        231.17      346.15      577.32         24.00
 920804  24    24    24        231.17      346.15      577.32         23.60
1
 
                   MAX
            TOTAL  SIM                MAXIMUM CPS                   CONNECT
 DATE  HOUR USERS USERS            IN         OUT       TOTAL         HOURS
 
 
 920805   1    25    24        231.17      346.15      577.32         23.98
 920805   2    24    24        231.08      345.82      576.90         24.00
 920805   3    24    24        231.08      345.82      576.90         24.00
 920805   4    24    24        231.08      345.82      576.90         24.00
 920805   5    24    24        231.08      345.82      576.90         24.00
 920805   6    24    24        231.08      345.82      576.90         24.00
 920805   7    24    24        231.08      345.82      576.90         24.00
 920805   8    28    24        231.08      345.82      576.90         23.55
 920805   9    29    25        311.93      364.32      676.25         23.10
 920805  10    25    24        283.77      353.22      636.98         23.03
 920805  11    23    23        283.02      352.05      635.07         23.00
 920805  12    23    23        283.02      352.05      635.07         23.00
 920805  13    23    23        283.02      352.05      635.07         23.00
 920805  14    24    24        283.02      352.07      635.08         23.22
 920805  15    24    24        283.02      352.07      635.08         24.00
 920805  16    26    25        283.77      353.23      637.00         24.03
 920805  17    24    24        223.68      343.85      567.53         24.00
 920805  18    25    24        223.68      343.85      567.53         24.00
 920805  19    24    24        223.68      343.85      567.53         24.00
 920805  20    24    24        223.68      343.85      567.53         24.00
 920805  21    24    24        223.68      343.85      567.53         24.00
 920805  22    24    24        223.68      343.85      567.53         24.00
 920805  23    24    24        223.68      343.85      567.53         24.00
 920805  24    24    24        223.68      343.85      567.53         23.60
1
 
                   MAX
            TOTAL  SIM                MAXIMUM CPS                   CONNECT
 DATE  HOUR USERS USERS            IN         OUT       TOTAL         HOURS
 
 
 920806   1    24    24        223.68      343.85      567.53         24.00
 920806   2    24    24        223.68      343.85      567.53         24.00
 920806   3    26    24        223.68      343.85      567.53         24.00
 920806   4    24    24        223.68      343.85      567.53         24.00
 920806   5    24    24        223.68      343.85      567.53         24.00
 920806   6    24    24        223.68      343.85      567.53         24.00
 920806   7    28    25        289.12      355.42      642.02         24.07
 920806   8    24    24        288.37      351.73      640.10         24.00
 920806   9    25    24        288.37      351.73      640.10         23.55
 920806  10    23    22        251.33      250.53      501.87         21.03
 920806  11    21    21        197.83      245.52      443.35         21.00
 920806  12    21    21        197.83      245.52      443.35         21.00
 920806  13    23    22        198.58      247.47      445.27         21.03
 920806  14    36    23        282.43      334.27      603.63         21.28
 920806  15    25    23        238.80      307.63      546.43         20.75
 920806  16    23    21        189.30      319.97      509.27         20.08
 920806  17    21    21        188.88      243.78      432.67         20.62
 920806  18    21    21        188.88      243.78      432.67         20.82
 920806  19    20    20        188.88      241.97      430.85         20.00
 920806  20    20    20        188.88      241.97      430.85         20.00
 920806  21    20    20        188.88      241.97      430.85         20.00
 920806  22    20    20        188.88      241.97      430.85         20.00
 920806  23    20    20        188.88      241.97      430.85         20.00
 920806  24    20    20        188.88      241.97      430.85         19.67
1
 
                   MAX
            TOTAL  SIM                MAXIMUM CPS                   CONNECT
 DATE  HOUR USERS USERS            IN         OUT       TOTAL         HOURS
 
 
 920807   1    20    20        188.88      241.97      430.85         20.00
 920807   2    20    20        188.88      241.97      430.85         20.00
 920807   3    20    20        188.88      241.97      430.85         20.00
 920807   4    20    20        188.88      241.97      430.85         20.00
 920807   5    20    20        188.88      241.97      430.85         20.00
 920807   6    20    20        188.88      241.97      430.85         20.00
 920807   7    24    22        272.75      256.50      529.25         20.07
 920807   8    20    20        268.28      252.10      520.38         20.00
 920807   9    20    20        268.28      252.10      520.38         20.00
 920807  10    20    20        268.28      252.10      520.38         20.00
 920807  11    22    21        269.03      294.38      522.30         19.25
 920807  12    18    18        219.27      293.22      512.48         18.00
 920807  13    18    18        219.27      293.22      512.48         18.00
 920807  14    18    18        219.27      293.22      512.48         18.00
 920807  15    18    18        219.27      293.22      512.48         18.00
 920807  16    19    18        219.27      293.22      512.48          7.50
 920807  17    39    24         83.20      171.92      255.12         12.55
 920807  18    10     6         52.20      197.45      249.33          5.12
 920807  19    34    12         53.23      142.67      195.90          5.43
 920807  20     8     5         49.82      141.50      191.32          1.38
 920807  21     8     4          3.33       90.38       91.65          0.88
 920807  22    60     9          6.15        3.57        8.25          1.90
 920807  23     1     1          1.48        1.65        3.13          0.05
 920807  24     0     0          0.00        0.00        0.00          0.00
1     MAXIMUM OF MAXIMUM SIMULTANEOUS USERS
 
 
                   MAX
            TOTAL  SIM                MAXIMUM CPS                   CONNECT
 DATE  HOUR USERS USERS            IN         OUT       TOTAL         HOURS
 
 920804  16    28    26        269.00      364.03      633.03         24.07
 
 
     MAXIMUM OF CONNECT HOURS
 
 
                   MAX
            TOTAL  SIM                MAXIMUM CPS                   CONNECT
 DATE  HOUR USERS USERS            IN         OUT       TOTAL         HOURS
 
 920804  15    30    25        272.93      355.27      626.20         24.10
1
  