1
 
                   MAX
            TOTAL  SIM                MAXIMUM CPS                   CONNECT
 DATE  HOUR USERS USERS            IN         OUT       TOTAL         HOURS
 
 
 950521   1     1     1        143.33      126.80      270.13          1.00
 950521   2     1     1        143.33      126.80      270.13          1.00
 950521   3     1     1        143.33      126.80      270.13          1.00
 950521   4     1     1        143.33      126.80      270.13          1.00
 950521   5     1     1        143.33      126.80      270.13          1.00
 950521   6     1     1        143.33      126.80      270.13          1.00
 950521   7     1     1        143.33      126.80      270.13          1.00
 950521   8     1     1        143.33      126.80      270.13          1.00
 950521   9     1     1        143.33      126.80      270.13          1.00
 950521  10     1     1        143.33      126.80      270.13          1.00
 950521  11     1     1        143.33      126.80      270.13          1.00
 950521  12     1     1        143.33      126.80      270.13          1.00
 950521  13     1     1        143.33      126.80      270.13          1.00
 950521  14     1     1        143.33      126.80      270.13          1.00
 950521  15     1     1        143.33      126.80      270.13          1.00
 950521  16     1     1        143.33      126.80      270.13          1.00
 950521  17     1     1        143.33      126.80      270.13          1.00
 950521  18     1     1        143.33      126.80      270.13          1.00
 950521  19     1     1        143.33      126.80      270.13          1.00
 950521  20     1     1        143.33      126.80      270.13          1.00
 950521  21     1     1        143.33      126.80      270.13          1.00
 950521  22     1     1        143.33      126.80      270.13          1.00
 950521  23     1     1        143.33      126.80      270.13          1.00
 950521  24     1     1        143.33      126.80      270.13          0.98
1
 
                   MAX
            TOTAL  SIM                MAXIMUM CPS                   CONNECT
 DATE  HOUR USERS USERS            IN         OUT       TOTAL         HOURS
 
 
 950522   1     1     1        143.33      126.80      270.13          1.00
 950522   2     1     1        143.33      126.80      270.13          1.00
 950522   3     1     1        143.33      126.80      270.13          1.00
 950522   4     1     1        143.33      126.80      270.13          1.00
 950522   5     1     1        143.33      126.80      270.13          1.00
 950522   6     1     1        143.33      126.80      270.13          1.00
 950522   7   232    12        183.85      231.25      415.10          5.53
 950522   8   418    11        183.75      231.05      414.80          9.98
 950522   9   285    10        183.02      230.82      413.83          7.77
 950522  10   234     9        210.22      293.22      503.43          7.00
 950522  11   141     8        209.45      292.98      502.43          5.33
 950522  12   110     7        208.72      292.75      501.47          4.87
 950522  13     3     3        205.95      291.82      497.77          3.00
 950522  14   116    10        210.92      293.45      504.37          4.92
 950522  15   413    11        211.65      293.68      505.33          9.95
 950522  16   411    11        441.38      510.30      951.68          9.95
 950522  17   416    11        271.53      321.13      592.67          9.97
 950522  18   417    11        271.53      321.13      592.67         10.02
 950522  19   419    11        271.53      321.13      592.67         10.03
 950522  20   420    11        271.53      321.13      592.67          9.98
 950522  21   419    11        271.53      321.13      592.67         10.28
 950522  22   421    11        271.45      321.13      592.58         10.47
 950522  23   421    11        271.53      321.13      592.67         10.05
 950522  24   221    11        271.53      321.13      592.67          6.63
1
 
                   MAX
            TOTAL  SIM                MAXIMUM CPS                   CONNECT
 DATE  HOUR USERS USERS            IN         OUT       TOTAL         HOURS
 
 
 950523   1   421    11        271.53      321.13      592.67         10.05
 950523   2   419    11        271.53      321.13      592.67         10.00
 950523   3   421    11        271.53      321.13      592.67         10.13
 950523   4   421    11        271.53      321.13      592.67         10.00
 950523   5   422    11        271.53      321.13      592.67         10.08
 950523   6     3     3        265.83      319.27      585.10          3.00
 950523   7     3     3        265.83      319.27      585.10          3.00
 950523   8     3     3        265.83      319.27      585.10          3.00
 950523   9     3     3        265.83      319.27      585.10          3.00
 950523  10     3     3        265.83      319.27      585.10          3.00
 950523  11     3     3        265.83      319.27      585.10          3.00
 950523  12     3     3        265.83      319.27      585.10          3.00
 950523  13     3     3        265.83      319.27      585.10          3.00
 950523  14   258    11        271.53      321.13      592.67          7.37
 950523  15   412    11        271.53      321.13      592.67         10.03
 950523  16   412    11        271.53      321.13      592.67         10.00
 950523  17   417    11        472.50      505.75      978.25         10.15
 950523  18   421    11        242.12      289.10      531.22         10.45
 950523  19    69    11        242.12      289.10      531.22          4.17
 950523  20   127    11        386.75      413.02      799.77          5.07
 950523  21   419    11        185.68      228.40      414.08         10.12
 950523  22   421    12        186.33      228.63      414.97         10.85
 950523  23   425    12        185.68      228.60      414.28         10.18
 950523  24   423    11        185.68      228.40      414.08         10.03
1
 
                   MAX
            TOTAL  SIM                MAXIMUM CPS                   CONNECT
 DATE  HOUR USERS USERS            IN         OUT       TOTAL         HOURS
 
 
 950524   1   426    11        185.68      228.40      414.08         10.15
 950524   2   424    11        185.68      228.40      414.08          8.92
 950524   3   423     9        150.97      126.02      276.98          8.13
 950524   4   425     9        150.97      126.02      276.98          8.15
 950524   5   426     9        150.97      126.02      276.98          8.20
 950524   6   170     7        149.42      125.55      274.97          3.67
 950524   7   380     8          5.70        1.87        7.57          6.45
 950524   8   423     8          5.70        1.87        7.57          7.17
 950524   9   421     8          5.70        1.87        7.57          7.17
 950524  10   420     8          5.70        1.87        7.57          7.18
 950524  11   422     8          5.70        1.87        7.57          7.27
 950524  12    59     8          5.70        1.87        7.57          1.02
 950524  13    63     7          4.97        1.63        6.60          1.05
 950524  14   416     7          4.97        1.63        6.60          6.95
 950524  15   385     9          6.35        2.10        8.45          7.15
 950524  16   413     9          6.35        2.10        8.45          7.33
 950524  17   418     8          5.70        1.87        7.57          7.03
 950524  18   419     8          5.70        1.87        7.57          7.20
 950524  19   418     8          5.70        1.87        7.57          7.32
 950524  20   420     8          5.70        1.87        7.57          7.22
 950524  21   421     8          5.70        1.87        7.57          7.17
 950524  22   421     8          5.70        1.87        7.57          7.27
 950524  23   421     8          5.70        1.87        7.57          7.12
 950524  24   422     8          5.70        1.87        7.57          7.28
1
 
                   MAX
            TOTAL  SIM                MAXIMUM CPS                   CONNECT
 DATE  HOUR USERS USERS            IN         OUT       TOTAL         HOURS
 
 
 950525   1   421     8          5.70        1.87        7.57          7.15
 950525   2   421     8          5.70        1.87        7.57          7.20
 950525   3   419     8          5.70        1.87        7.57          7.13
 950525   4   422     8          5.70        1.87        7.57          7.15
 950525   5   418     8          5.70        1.87        7.57          7.07
 950525   6   119     4          2.77        0.93        3.70          2.38
 950525   7    15     2          1.38        0.47        1.85          0.27
 950525   8     0     0          0.00        0.00        0.00          0.00
 950525   9     0     0          0.00        0.00        0.00          0.00
 950525  10     0     0          0.00        0.00        0.00          0.00
 950525  11     0     0          0.00        0.00        0.00          0.00
 950525  12     0     0          0.00        0.00        0.00          0.00
 950525  13     0     0          0.00        0.00        0.00          0.00
 950525  14     0     0          0.00        0.00        0.00          0.00
 950525  15     0     0          0.00        0.00        0.00          0.00
 950525  16     0     0          0.00        0.00        0.00          0.00
 950525  17     0     0          0.00        0.00        0.00          0.00
 950525  18     0     0          0.00        0.00        0.00          0.00
 950525  19     0     0          0.00        0.00        0.00          0.00
 950525  20     0     0          0.00        0.00        0.00          0.00
 950525  21     0     0          0.00        0.00        0.00          0.00
 950525  22     0     0          0.00        0.00        0.00          0.00
 950525  23     0     0          0.00        0.00        0.00          0.00
 950525  24     0     0          0.00        0.00        0.00          0.00
1     MAXIMUM OF MAXIMUM SIMULTANEOUS USERS
 
 
                   MAX
            TOTAL  SIM                MAXIMUM CPS                   CONNECT
 DATE  HOUR USERS USERS            IN         OUT       TOTAL         HOURS
 
 950522   7   232    12        183.85      231.25      415.10          5.53
 
 
     MAXIMUM OF CONNECT HOURS
 
 
                   MAX
            TOTAL  SIM                MAXIMUM CPS                   CONNECT
 DATE  HOUR USERS USERS            IN         OUT       TOTAL         HOURS
 
 950523  22   421    12        186.33      228.63      414.97         10.85
1
  