MCI PACKET SERVICES / FIRST NATIONAL BANK OF CHICAGO
TRAFFIC STATISTICS FOR NODE 5012, HOSTS 15169, 15170


 
                   MAX
            TOTAL  SIM                MAXIMUM CPS                   CONNECT
 DATE  HOUR USERS USERS            IN         OUT       TOTAL         HOURS
 
 
 950610   1     0     0          0.00        0.00        0.00          0.00
 950610   2     0     0          0.00        0.00        0.00          0.00
 950610   3     0     0          0.00        0.00        0.00          0.00
 950610   4     0     0          0.00        0.00        0.00          0.00
 950610   5     0     0          0.00        0.00        0.00          0.00
 950610   6     0     0          0.00        0.00        0.00          0.00
 950610   7     0     0          0.00        0.00        0.00          0.00
 950610   8     0     0          0.00        0.00        0.00          0.00
 950610   9     0     0          0.00        0.00        0.00          0.00
 950610  10     0     0          0.00        0.00        0.00          0.00
 950610  11     0     0          0.00        0.00        0.00          0.00
 950610  12     1     1          8.52       54.88       63.40          0.05
 950610  13     1     1          8.52       54.88       63.40          0.03
 950610  14     0     0          0.00        0.00        0.00          0.00
 950610  15     0     0          0.00        0.00        0.00          0.00
 950610  16     0     0          0.00        0.00        0.00          0.00
 950610  17     0     0          0.00        0.00        0.00          0.00
 950610  18     2     2         11.90        0.00       11.90          0.50
 950610  19     1     1          2.72        0.00        2.72          0.27
 950610  20     0     0          0.00        0.00        0.00          0.00
 950610  21     0     0          0.00        0.00        0.00          0.00
 950610  22     0     0          0.00        0.00        0.00          0.00
 950610  23     0     0          0.00        0.00        0.00          0.00
 950610  24     0     0          0.00        0.00        0.00          0.00
1
 
                   MAX
            TOTAL  SIM                MAXIMUM CPS                   CONNECT
 DATE  HOUR USERS USERS            IN         OUT       TOTAL         HOURS
 
 
 950611   1     0     0          0.00        0.00        0.00          0.00
 950611   2     0     0          0.00        0.00        0.00          0.00
 950611   3     0     0          0.00        0.00        0.00          0.00
 950611   4     0     0          0.00        0.00        0.00          0.00
 950611   5     0     0          0.00        0.00        0.00          0.00
 950611   6     0     0          0.00        0.00        0.00          0.00
 950611   7     0     0          0.00        0.00        0.00          0.00
 950611   8     0     0          0.00        0.00        0.00          0.00
 950611   9     0     0          0.00        0.00        0.00          0.00
 950611  10     0     0          0.00        0.00        0.00          0.00
 950611  11     0     0          0.00        0.00        0.00          0.00
 950611  12     0     0          0.00        0.00        0.00          0.00
 950611  13     0     0          0.00        0.00        0.00          0.00
 950611  14     0     0          0.00        0.00        0.00          0.00
 950611  15     0     0          0.00        0.00        0.00          0.00
 950611  16     0     0          0.00        0.00        0.00          0.00
 950611  17     0     0          0.00        0.00        0.00          0.00
 950611  18     0     0          0.00        0.00        0.00          0.00
 950611  19     0     0          0.00        0.00        0.00          0.00
 950611  20     0     0          0.00        0.00        0.00          0.00
 950611  21     0     0          0.00        0.00        0.00          0.00
 950611  22     0     0          0.00        0.00        0.00          0.00
 950611  23     0     0          0.00        0.00        0.00          0.00
 950611  24     0     0          0.00        0.00        0.00          0.00
1
 
                   MAX
            TOTAL  SIM                MAXIMUM CPS                   CONNECT
 DATE  HOUR USERS USERS            IN         OUT       TOTAL         HOURS
 
 
 950612   1     0     0          0.00        0.00        0.00          0.00
 950612   2     0     0          0.00        0.00        0.00          0.00
 950612   3     0     0          0.00        0.00        0.00          0.00
 950612   4     0     0          0.00        0.00        0.00          0.00
 950612   5     0     0          0.00        0.00        0.00          0.00
 950612   6     0     0          0.00        0.00        0.00          0.00
 950612   7     0     0          0.00        0.00        0.00          0.00
 950612   8     0     0          0.00        0.00        0.00          0.00
 950612   9     0     0          0.00        0.00        0.00          0.00
 950612  10     0     0          0.00        0.00        0.00          0.00
 950612  11     0     0          0.00        0.00        0.00          0.00
 950612  12     1     1          2.40       10.22       12.62          0.53
 950612  13     8     4          6.83       70.22       77.05          1.95
 950612  14    25    10         32.45       74.92      101.90          4.77
 950612  15    21     7         31.27       62.32       92.32          3.50
 950612  16    20     6         14.88       66.83       81.72          3.62
 950612  17    26     8         35.58      125.00      152.90          3.50
 950612  18    23     4         15.72       70.53       83.68          2.92
 950612  19    24     8         30.05       44.27       74.32          4.58
 950612  20    35     8         29.02      101.37      130.03          4.75
 950612  21    23     6         21.25    12902.35    12920.83          3.53
 950612  22    18     6         18.27       42.43       57.37          3.32
 950612  23     7     4         12.18       29.25       41.43          2.05
 950612  24     2     2          6.72       44.95       51.67          0.30
1
 
                   MAX
            TOTAL  SIM                MAXIMUM CPS                   CONNECT
 DATE  HOUR USERS USERS            IN         OUT       TOTAL         HOURS
 
 
 950613   1     0     0          0.00        0.00        0.00          0.00
 950613   2     0     0          0.00        0.00        0.00          0.00
 950613   3     0     0          0.00        0.00        0.00          0.00
 950613   4     0     0          0.00        0.00        0.00          0.00
 950613   5     0     0          0.00        0.00        0.00          0.00
 950613   6     0     0          0.00        0.00        0.00          0.00
 950613   7     0     0          0.00        0.00        0.00          0.00
 950613   8     0     0          0.00        0.00        0.00          0.00
 950613   9     0     0          0.00        0.00        0.00          0.00
 950613  10     0     0          0.00        0.00        0.00          0.00
 950613  11     0     0          0.00        0.00        0.00          0.00
 950613  12     2     2          9.77       57.97       67.73          0.88
 950613  13     9     3         13.85       88.92       99.52          0.73
 950613  14    15     6         20.85       54.85       74.12          3.12
 950613  15    25     7         20.82       29.33       42.65          3.72
 950613  16    17     8         24.87       44.57       69.43          3.43
 950613  17     0     0          0.00        0.00        0.00          0.00
 950613  18    19     7         19.60       89.12      108.72          2.20
 950613  19    33     8         19.80       89.12      108.72          5.53
 950613  20    41    11         30.75       73.87      103.33          6.80
 950613  21    23     9         37.15      108.80      145.95          3.77
 950613  22    15     4         13.35       61.33       74.23          1.62
 950613  23     2     1         12.37       38.70       47.53          0.47
 950613  24     4     3         10.87       50.52       61.38          1.22
1
 
                   MAX
            TOTAL  SIM                MAXIMUM CPS                   CONNECT
 DATE  HOUR USERS USERS            IN         OUT       TOTAL         HOURS
 
 
 950614   1     1     1          0.22        0.85        1.07          0.67
 950614   2     0     0          0.00        0.00        0.00          0.00
 950614   3     0     0          0.00        0.00        0.00          0.00
 950614   4     0     0          0.00        0.00        0.00          0.00
 950614   5     0     0          0.00        0.00        0.00          0.00
 950614   6     1     1          0.63        2.25        2.88          0.05
 950614   7     0     0          0.00        0.00        0.00          0.00
 950614   8     0     0          0.00        0.00        0.00          0.00
 950614   9     0     0          0.00        0.00        0.00          0.00
 950614  10     0     0          0.00        0.00        0.00          0.00
 950614  11     0     0          0.00        0.00        0.00          0.00
 950614  12     4     3         13.57       58.18       71.75          0.67
 950614  13     6     4         17.00       74.25       91.25          0.97
 950614  14    12     6         16.77     5317.93     5325.02          2.57
 950614  15    29     8         20.72       79.42       97.43          5.67
 950614  16    27     7         18.22       68.10       86.32          4.12
 950614  17    25    10         42.53      120.27      162.80          5.73
 950614  18    29     8         22.72       98.47      121.18          4.32
 950614  19    44     9         29.92      112.73      142.65          6.28
 950614  20    40    10         25.15       92.47      116.97          6.25
 950614  21    29     8         31.40       82.77      113.45          5.07
 950614  22    11     6         16.22       66.50       82.72          3.27
 950614  23     1     1          0.15        0.00        0.15          0.40
 950614  24     0     0          0.00        0.00        0.00          0.00



     MAXIMUM OF MAXIMUM SIMULTANEOUS USERS
 
 
                   MAX
            TOTAL  SIM                MAXIMUM CPS                   CONNECT
 DATE  HOUR USERS USERS            IN         OUT       TOTAL         HOURS
 
 950613  20    41    11         30.75       73.87      103.33          6.80
 
 
     MAXIMUM OF CONNECT HOURS
 
 
                   MAX
            TOTAL  SIM                MAXIMUM CPS                   CONNECT
 DATE  HOUR USERS USERS            IN         OUT       TOTAL         HOURS
 
 950613  20    41    11         30.75       73.87      103.33          6.80




 
                   MAX
            TOTAL  SIM                MAXIMUM CPS                   CONNECT
 DATE  HOUR USERS USERS            IN         OUT       TOTAL         HOURS
 
 
 950615   1     0     0          0.00        0.00        0.00          0.00
 950615   2     0     0          0.00        0.00        0.00          0.00
 950615   3     0     0          0.00        0.00        0.00          0.00
 950615   4     0     0          0.00        0.00        0.00          0.00
 950615   5     0     0          0.00        0.00        0.00          0.00
 950615   6     0     0          0.00        0.00        0.00          0.00
 950615   7     0     0          0.00        0.00        0.00          0.00
 950615   8     0     0          0.00        0.00        0.00          0.00
 950615   9     0     0          0.00        0.00        0.00          0.00
 950615  10     0     0          0.00        0.00        0.00          0.00
 950615  11     0     0          0.00        0.00        0.00          0.00
 950615  12     3     2          9.72       52.52       62.23          0.93
 950615  13     6     2          9.72       65.47       72.13          0.47
 950615  14    19     7         13.35       44.95       58.30          3.28
 950615  15    27     8         18.67       71.78       86.67          4.78
 950615  16    30     7         22.58       67.68       90.27          4.43
 950615  17    20     7         18.43       73.60       90.60          4.08
 950615  18    11     4         14.40       52.30       62.38          1.30
 950615  19     6     3          6.60       11.55       18.15          0.90
 950615  20    38     7         26.97       72.82       99.78          4.52
 950615  21    29     9         29.57      110.52      134.77          4.23
 950615  22    23     6         26.90       51.53       78.03          3.38
 950615  23     6     3          9.22       47.13       56.35          0.98
 950615  24     4     2         10.25       44.87       54.15          0.53
1
 
                   MAX
            TOTAL  SIM                MAXIMUM CPS                   CONNECT
 DATE  HOUR USERS USERS            IN         OUT       TOTAL         HOURS
 
 
 950616   1     0     0          0.00        0.00        0.00          0.00
 950616   2     0     0          0.00        0.00        0.00          0.00
 950616   3     0     0          0.00        0.00        0.00          0.00
 950616   4     0     0          0.00        0.00        0.00          0.00
 950616   5     0     0          0.00        0.00        0.00          0.00
 950616   6     0     0          0.00        0.00        0.00          0.00
 950616   7     0     0          0.00        0.00        0.00          0.00
 950616   8     0     0          0.00        0.00        0.00          0.00
 950616   9     0     0          0.00        0.00        0.00          0.00
 950616  10     0     0          0.00        0.00        0.00          0.00
 950616  11     1     1          4.40       20.07       24.47          0.13
 950616  12     3     2         11.08       66.52       77.60          0.37
 950616  13     6     3         13.95      106.00      119.95          0.87
 950616  14    14     6         10.12       40.43       48.60          2.90
 950616  15    26     8         24.23       67.38       90.12          4.47
 950616  16    25    10         29.65      101.82      124.33          4.85
 950616  17    32     7         24.18      102.13      120.30          4.03
 950616  18    24     7         22.48       73.00       95.48          4.88
 950616  19    19     5         15.63       77.28       92.92          3.72
 950616  20    25     9         22.87       78.33      101.20          3.45
 950616  21    28     7         20.63       57.45       78.08          4.62
 950616  22    19     7         17.32    12215.82    12233.13          3.87
 950616  23     7     3          6.35       30.88       37.23          1.57
 950616  24     0     0          0.00        0.00        0.00          0.00
1
 
                   MAX
            TOTAL  SIM                MAXIMUM CPS                   CONNECT
 DATE  HOUR USERS USERS            IN         OUT       TOTAL         HOURS
 
 
 950617   1     1     1          5.48        0.00        5.48          0.33
 950617   2     0     0          0.00        0.00        0.00          0.00
 950617   3     0     0          0.00        0.00        0.00          0.00
 950617   4     0     0          0.00        0.00        0.00          0.00
 950617   5     0     0          0.00        0.00        0.00          0.00
 950617   6     0     0          0.00        0.00        0.00          0.00
 950617   7     0     0          0.00        0.00        0.00          0.00
 950617   8     0     0          0.00        0.00        0.00          0.00
 950617   9     0     0          0.00        0.00        0.00          0.00
 950617  10     0     0          0.00        0.00        0.00          0.00
 950617  11     0     0          0.00        0.00        0.00          0.00
 950617  12     1     1          8.60       56.80       65.40          0.05
 950617  13     1     1          8.60       56.80       65.40          0.03
 950617  14     0     0          0.00        0.00        0.00          0.00
 950617  15     0     0          0.00        0.00        0.00          0.00
 950617  16     0     0          0.00        0.00        0.00          0.00
 950617  17     0     0          0.00        0.00        0.00          0.00
 950617  18     0     0          0.00        0.00        0.00          0.00
 950617  19     0     0          0.00        0.00        0.00          0.00
 950617  20     0     0          0.00        0.00        0.00          0.00
 950617  21     0     0          0.00        0.00        0.00          0.00
 950617  22     0     0          0.00        0.00        0.00          0.00
 950617  23     0     0          0.00        0.00        0.00          0.00
 950617  24     0     0          0.00        0.00        0.00          0.00
1
 
                   MAX
            TOTAL  SIM                MAXIMUM CPS                   CONNECT
 DATE  HOUR USERS USERS            IN         OUT       TOTAL         HOURS
 
 
 950618   1     0     0          0.00        0.00        0.00          0.00
 950618   2     0     0          0.00        0.00        0.00          0.00
 950618   3     0     0          0.00        0.00        0.00          0.00
 950618   4     0     0          0.00        0.00        0.00          0.00
 950618   5     0     0          0.00        0.00        0.00          0.00
 950618   6     0     0          0.00        0.00        0.00          0.00
 950618   7     0     0          0.00        0.00        0.00          0.00
 950618   8     0     0          0.00        0.00        0.00          0.00
 950618   9     0     0          0.00        0.00        0.00          0.00
 950618  10     0     0          0.00        0.00        0.00          0.00
 950618  11     0     0          0.00        0.00        0.00          0.00
 950618  12     1     1          8.47       56.68       65.15          0.05
 950618  13     1     1          8.47       56.68       65.15          0.03
 950618  14     0     0          0.00        0.00        0.00          0.00
 950618  15     0     0          0.00        0.00        0.00        0
 950618  16     0     0          0.00        0.00        0.00          0.00
 950618  17     0     0          0.00        0.00        0.00          0.00
 950618  18     0     0          0.00        0.00        0.00          0.00
 950618  19     0     0          0.00        0.00        0.00          0.00
 950618  20     0     0          0.00        0.00        0.00          0.00
 950618  21     0     0          0.00        0.00        0.00          0.00
 950618  22     0     0          0.00        0.00        0.00          0.00
 950618  23     0     0          0.00        0.00        0.00          0.00
 950618  24     0     0          0.00        0.00        0.00          0.00
1
 
                   MAX
            TOTAL  SIM                MAXIMUM CPS                   CONNECT
 DATE  HOUR USERS USERS            IN         OUT       TOTAL         HOURS
 
 
 950619   1     0     0          0.00        0.00        0.00          0.00
 950619   2     0     0          0.00        0.00        0.00          0.00
 950619   3     0     0          0.00        0.00        0.00          0.00
 950619   4     0     0          0.00        0.00        0.00          0.00
 950619   5     0     0          0.00        0.00        0.00          0.00
 950619   6     0     0          0.00        0.00        0.00          0.00
 950619   7     0     0          0.00        0.00        0.00          0.00
 950619   8     0     0          0.00        0.00        0.00          0.00
 950619   9     0     0          0.00        0.00        0.00          0.00
 950619  10     0     0          0.00        0.00        0.00          0.00
 950619  11     1     1          2.47       10.15       12.62          0.25
 950619  12     4     1          8.47       56.68       65.15          0.92
 950619  13     4     3          8.47       56.68       65.15          0.85
 950619  14    19     7         17.23       76.77       92.42          3.82
 950619  15    28     6         23.15    15545.03    15568.18          2.97
 950619  16    24     6         17.87       79.65       92.72          3.12
 950619  17    25     9         35.12       74.63       88.37          4.25
 950619  18    33     7         25.32       89.98      108.40          3.75
 950619  19    26     9         32.35       92.17      124.52          4.33
 950619  20    32     7         19.57    22066.13    22079.37          3.88
 950619  21    52    12         32.27    22181.82    22212.20          9.38
 950619  22    28    11         22.95       79.00      101.95          5.80
 950619  23     7     3         12.82       63.22       76.03          2.07
 950619  24     1     1          2.10        0.00        2.10          0.03



     MAXIMUM OF MAXIMUM SIMULTANEOUS USERS
 
 
                   MAX
            TOTAL  SIM                MAXIMUM CPS                   CONNECT
 DATE  HOUR USERS USERS            IN         OUT       TOTAL         HOURS
 
 950619  21    52    12         32.27    22181.82    22212.20          9.38
 
 
     MAXIMUM OF CONNECT HOURS
 
 
                   MAX
            TOTAL  SIM                MAXIMUM CPS                   CONNECT
 DATE  HOUR USERS USERS            IN         OUT       TOTAL         HOURS
 
 950619  21    52    12         32.27    22181.82    22212.20          9.38
 bbW?