1
 
                   MAX
            TOTAL  SIM                MAXIMUM CPS                   CONNECT
 DATE  HOUR USERS USERS            IN         OUT       TOTAL         HOURS
 
 
 910701   1     1     1          2.27       40.28       42.55          0.25
 910701   2     2     1          2.27       41.12       42.55          0.25
 910701   3     3     1          1.15       53.52       54.67          0.22
 910701   4     0     0          0.00        0.00        0.00          0.00
 910701   5     2     1          7.22       64.57       71.78          0.57
 910701   6     2     1          0.22       47.03       47.25          0.13
 910701   7     0     0          0.00        0.00        0.00          0.00
 910701   8     0     0          0.00        0.00        0.00          0.00
 910701   9     0     0          0.00        0.00        0.00          0.00
 910701  10     0     0          0.00        0.00        0.00          0.00
 910701  11     1     1          0.12       34.07       34.18          0.12
 910701  12     3     2          1.05       50.57       51.62          0.63
 910701  13     8     3          3.38      243.50      245.93          1.47
 910701  14    15     7          2.53      288.23      290.77          4.93
 910701  15    19    10          3.70      352.32      355.43          6.17
 910701  16    19     7          5.47      263.18      268.65          5.43
 910701  17    19     8         18.88      233.08      251.97          4.45
 910701  18     3     3          6.45      193.92      200.37          0.63
 910701  19     0     0          0.00        0.00        0.00          0.00
 910701  20     4     3          1.32       84.33       85.65          0.33
 910701  21    14     7         24.60      275.87      278.75          5.58
 910701  22    13     6         46.62      299.62      346.23          3.58
 910701  23    10     7         40.98      283.40      324.38          4.08
 910701  24     5     4         37.67      113.45      150.45          2.88
1
 
                   MAX
            TOTAL  SIM                MAXIMUM CPS                   CONNECT
 DATE  HOUR USERS USERS            IN         OUT       TOTAL         HOURS
 
 
 910702   1     4     3         37.67       79.50      117.17          1.32
 910702   2     1     1          1.68       42.85       44.53          0.10
 910702   3     2     1          1.68       42.85       44.53          0.28
 910702   4     6     2         11.23       60.52       66.98          1.20
 910702   5     3     2         11.23       55.75       66.98          0.93
 910702   6     1     1          1.38       24.70       26.08          0.18
 910702   7     5     3          2.57      137.45      138.38          0.47
 910702   8     2     1          0.97       13.63       14.42          0.72
 910702   9     0     0          0.00        0.00        0.00          0.00
 910702  10     0     0          0.00        0.00        0.00          0.00
 910702  11     0     0          0.00        0.00        0.00          0.00
 910702  12     3     2          0.58       75.75       76.32          0.78
 910702  13     6     3          1.63      107.77      109.40          2.12
 910702  14    11     7          3.35      194.63      196.07          4.48
 910702  15    17     7          4.57      215.58      218.98          4.70
 910702  16    16     5         28.05      180.70      198.82          3.33
 910702  17    10     5          1.58      152.35      153.72          2.62
 910702  18    10     8          4.37      224.48      228.85          4.58
 910702  19    16     8          5.63      320.57      326.20          4.73
 910702  20    11     5          2.58      185.70      188.28          4.02
 910702  21     8     7         13.55      321.58      335.13          1.10
 910702  22     0     0          0.00        0.00        0.00          0.00
 910702  23     0     0          0.00        0.00        0.00          0.00
 910702  24     0     0          0.00        0.00        0.00          0.00
1
 
                   MAX
            TOTAL  SIM                MAXIMUM CPS                   CONNECT
 DATE  HOUR USERS USERS            IN         OUT       TOTAL         HOURS
 
 
 910703   1     0     0          0.00        0.00        0.00          0.00
 910703   2     0     0          0.00        0.00        0.00          0.00
 910703   3     0     0          0.00        0.00        0.00          0.00
 910703   4     2     1          0.80       16.40       17.13          0.12
 910703   5     1     1          0.80       15.57       16.37          0.07
 910703   6     0     0          0.00        0.00        0.00          0.00
 910703   7     0     0          0.00        0.00        0.00          0.00
 910703   8     2     2          1.10      144.77      145.87          0.37
 910703   9     3     2          1.10      144.77      145.87          2.00
 910703  10     2     2          0.73      116.53      117.27          0.33
 910703  11     1     1          0.78       54.85       55.63          0.23
 910703  12     2     2          0.47       58.07       58.53          0.83
 910703  13     9     3          2.03      207.12      209.15          1.37
 910703  14    14     5          3.27      207.12      209.15          1.83
 910703  15    10     6          5.00      302.13      306.07          3.10
 910703  16    12     5          6.48      244.93      250.05          4.22
 910703  17    19     6          4.20      213.48      215.32          4.18
 910703  18    10     5          5.13      220.83      223.47          3.67
 910703  19    12     5          5.73      103.32      109.05          2.95
 910703  20    12     5          2.77      165.35      167.97          3.77
 910703  21    17     7          3.12      205.10      208.22          4.68
 910703  22    12     8          2.77      198.30      201.07          5.00
 910703  23     8     6          9.97      156.37      159.38          3.22
 910703  24     2     2          1.07       17.22       18.28          0.92
1
 
                   MAX
            TOTAL  SIM                MAXIMUM CPS                   CONNECT
 DATE  HOUR USERS USERS            IN         OUT       TOTAL         HOURS
 
 
 910704   1     1     1          0.33       43.55       43.88          0.10
 910704   2     1     1         14.70       35.88       50.58          0.18
 910704   3     1     1         14.70       35.88       50.58          0.15
 910704   4     2     1         15.40       63.58       78.98          0.45
 910704   5     0     0          0.00        0.00        0.00          0.00
 910704   6     0     0          0.00        0.00        0.00          0.00
 910704   7     1     1          0.43       42.73       43.17          0.05
 910704   8     0     0          0.00        0.00        0.00          0.00
 910704   9     0     0          0.00        0.00        0.00          0.00
 910704  10     0     0          0.00        0.00        0.00          0.00
 910704  11     0     0          0.00        0.00        0.00          0.00
 910704  12     0     0          0.00        0.00        0.00          0.00
 910704  13     0     0          0.00        0.00        0.00          0.00
 910704  14     0     0          0.00        0.00        0.00          0.00
 910704  15     0     0          0.00        0.00        0.00          0.00
 910704  16     0     0          0.00        0.00        0.00          0.00
 910704  17     0     0          0.00        0.00        0.00          0.00
 910704  18     2     1          1.00       34.20       35.08          0.35
 910704  19     0     0          0.00        0.00        0.00          0.00
 910704  20     0     0          0.00        0.00        0.00          0.00
 910704  21     0     0          0.00        0.00        0.00          0.00
 910704  22     1     1          1.45       32.48       33.93          0.75
 910704  23     1     1          1.45       32.48       33.93          0.18
 910704  24     0     0          0.00        0.00        0.00          0.00
1
 
                   MAX
            TOTAL  SIM                MAXIMUM CPS                   CONNECT
 DATE  HOUR USERS USERS            IN         OUT       TOTAL         HOURS
 
 
 910705   1     1     1          0.45       64.82       65.27          0.28
 910705   2     0     0          0.00        0.00        0.00          0.00
 910705   3     1     1          1.65      101.95      103.60          0.05
 910705   4     2     1          0.02        4.43        4.45          0.28
 910705   5     1     1          0.02        4.43        4.45          0.22
 910705   6     0     0          0.00        0.00        0.00          0.00
 910705   7     0     0          0.00        0.00        0.00          0.00
 910705   8     1     1          1.33      127.48      128.82          0.27
 910705   9     0     0          0.00        0.00        0.00          0.00
 910705  10     1     1          1.47      112.30      113.77          0.30
 910705  11     0     0          0.00        0.00        0.00          0.00
 910705  12     2     1          1.47       70.35       71.82          0.10
 910705  13     2     1          0.45       57.12       57.57          0.13
 910705  14     7     3          3.63      196.72      198.25          1.20
 910705  15     8     3          1.92      152.77      154.68          1.70
 910705  16    13     5          3.03      135.82      138.23          3.47
 910705  17     9     5          1.73      233.00      234.73          3.62
 910705  18    11     4          3.15      145.08      146.67          2.78
 910705  19     7     3          1.45      108.05      109.50          1.53
 910705  20     4     3          3.05       90.08       93.13          1.62
 910705  21    14     4          4.12      136.78      138.82          2.45
 910705  22     9     3          4.98      326.38      331.37          1.95
 910705  23     4     2          1.50      156.18      157.68          1.30
 910705  24     4     4          0.72      114.77      115.48          1.88
1     MAXIMUM OF MAXIMUM SIMULTANEOUS USERS
 
 
                   MAX
            TOTAL  SIM                MAXIMUM CPS                   CONNECT
 DATE  HOUR USERS USERS            IN         OUT       TOTAL         HOURS
 
 910701  15    19    10          3.70      352.32      355.43          6.17
 
 
     MAXIMUM OF CONNECT HOURS
 
 
                   MAX
            TOTAL  SIM                MAXIMUM CPS                   CONNECT
 DATE  HOUR USERS USERS            IN         OUT       TOTAL         HOURS
 
 910701  15    19    10          3.70      352.32      355.43          6.17
1
  