1
 
                   MAX
            TOTAL  SIM                MAXIMUM CPS                   CONNECT
 DATE  HOUR USERS USERS            IN         OUT       TOTAL         HOURS
 
 
 910701   1     0     0          0.00        0.00        0.00          0.00
 910701   2     0     0          0.00        0.00        0.00          0.00
 910701   3     0     0          0.00        0.00        0.00          0.00
 910701   4     0     0          0.00        0.00        0.00          0.00
 910701   5     0     0          0.00        0.00        0.00          0.00
 910701   6     0     0          0.00        0.00        0.00          0.00
 910701   7     0     0          0.00        0.00        0.00          0.00
 910701   8     0     0          0.00        0.00        0.00          0.00
 910701   9     0     0          0.00        0.00        0.00          0.00
 910701  10     0     0          0.00        0.00        0.00          0.00
 910701  11     0     0          0.00        0.00        0.00          0.00
 910701  12     0     0          0.00        0.00        0.00          0.00
 910701  13     2     2          1.07      113.68      114.75          0.60
 910701  14    10     3          8.38      151.83      160.22          1.62
 910701  15    14     5          2.52      126.70      128.07          2.75
 910701  16    16     6          3.65      182.75      186.40          3.85
 910701  17    11     5          3.50      162.70      164.70          2.45
 910701  18     2     2          0.42       20.43       20.85          1.52
 910701  19     1     1          0.38       16.65       17.03          0.38
 910701  20     3     3          3.32       78.65       81.97          0.30
 910701  21    18     5          4.17      208.28      209.87          2.52
 910701  22    10     5          2.12      145.98      148.10          2.65
 910701  23     5     3          1.42       65.02       65.72          1.90
 910701  24     1     1          2.62       91.30       93.92          0.05
1
 
                   MAX
            TOTAL  SIM                MAXIMUM CPS                   CONNECT
 DATE  HOUR USERS USERS            IN         OUT       TOTAL         HOURS
 
 
 910702   1     4     2          2.67       91.30       93.92          1.23
 910702   2     2     1          2.02       58.80       60.82          0.60
 910702   3     1     1          0.50       37.43       37.93          0.08
 910702   4     1     1          0.50       37.43       37.93          0.20
 910702   5     0     0          0.00        0.00        0.00          0.00
 910702   6     0     0          0.00        0.00        0.00          0.00
 910702   7     0     0          0.00        0.00        0.00          0.00
 910702   8     0     0          0.00        0.00        0.00          0.00
 910702   9     1     1          0.50       26.50       27.00          0.25
 910702  10     0     0          0.00        0.00        0.00          0.00
 910702  11     1     1          0.50       30.53       31.03          0.12
 910702  12     3     2          1.88       93.15       95.03          0.43
 910702  13    10     4          2.58      194.53      197.12          1.65
 910702  14    20     7         20.12      290.90      295.03          4.40
 910702  15    21     9          5.43      255.78      261.02          5.75
 910702  16    17     5          3.28      231.45      234.05          3.12
 910702  17    10     3          2.63      167.83      169.60          2.03
 910702  18    15     8          3.78      254.23      258.02          5.02
 910702  19    12     7          3.78      252.13      255.20          4.93
 910702  20    15     6          3.50      213.83      216.15          4.62
 910702  21     6     6          5.27      197.78      203.05          2.55
 910702  22     0     0          0.00        0.00        0.00          0.00
 910702  23     0     0          0.00        0.00        0.00          0.00
 910702  24     0     0          0.00        0.00        0.00          0.00
1
 
                   MAX
            TOTAL  SIM                MAXIMUM CPS                   CONNECT
 DATE  HOUR USERS USERS            IN         OUT       TOTAL         HOURS
 
 
 910703   1     0     0          0.00        0.00        0.00          0.00
 910703   2     0     0          0.00        0.00        0.00          0.00
 910703   3     0     0          0.00        0.00        0.00          0.00
 910703   4     0     0          0.00        0.00        0.00          0.00
 910703   5     0     0          0.00        0.00        0.00          0.00
 910703   6     2     1          1.58       42.53       44.12          0.37
 910703   7     3     2          1.52       43.07       44.58          0.85
 910703   8     2     1          0.57       43.95       44.52          0.15
 910703   9     0     0          0.00        0.00        0.00          0.00
 910703  10     0     0          0.00        0.00        0.00          0.00
 910703  11     0     0          0.00        0.00        0.00          0.00
 910703  12     5     2          1.48      114.23      115.72          0.57
 910703  13     5     3         21.58      197.97      199.17          0.68
 910703  14    10     4          3.33      342.25      344.95          2.23
 910703  15    13     5          3.08      189.98      192.53          3.27
 910703  16    11     5          1.95      180.03      181.98          3.02
 910703  17    11     6          3.35      216.83      220.18          3.70
 910703  18    12     7          2.40      262.08      264.45          4.65
 910703  19     9     7          2.40      171.77      174.17          4.35
 910703  20    14     6          2.43      174.43      176.47          4.32
 910703  21    17     7          4.03      253.03      257.07          4.28
 910703  22    11     5          2.20      134.58      136.78          3.45
 910703  23    10     6         36.78      178.03      180.73          3.03
 910703  24     7     3          1.88       61.00       61.53          1.98
1
 
                   MAX
            TOTAL  SIM                MAXIMUM CPS                   CONNECT
 DATE  HOUR USERS USERS            IN         OUT       TOTAL         HOURS
 
 
 910704   1     3     2          8.28      116.43      124.72          0.67
 910704   2     2     1          0.63       91.90       92.53          0.12
 910704   3     1     1          0.43       42.90       43.33          0.27
 910704   4     3     1          2.73       42.90       43.33          0.45
 910704   5     1     1          2.73       38.78       41.52          0.62
 910704   6     1     1          0.95       82.13       83.08          0.08
 910704   7     0     0          0.00        0.00        0.00          0.00
 910704   8     0     0          0.00        0.00        0.00          0.00
 910704   9     0     0          0.00        0.00        0.00          0.00
 910704  10     0     0          0.00        0.00        0.00          0.00
 910704  11     0     0          0.00        0.00        0.00          0.00
 910704  12     0     0          0.00        0.00        0.00          0.00
 910704  13     0     0          0.00        0.00        0.00          0.00
 910704  14     1     1          0.82       52.98       53.80          0.03
 910704  15     0     0          0.00        0.00        0.00          0.00
 910704  16     1     1          0.17       33.87       34.03          0.12
 910704  17     0     0          0.00        0.00        0.00          0.00
 910704  18     0     0          0.00        0.00        0.00          0.00
 910704  19     1     1          0.45       51.52       51.97          0.07
 910704  20     2     2          0.50       73.67       74.17          0.72
 910704  21     1     1          1.30       20.38       21.68          0.15
 910704  22     1     1          1.30       20.38       21.68          0.45
 910704  23     2     1          0.35       62.57       62.92          0.27
 910704  24     1     1          1.15       46.08       47.23          0.48
1
 
                   MAX
            TOTAL  SIM                MAXIMUM CPS                   CONNECT
 DATE  HOUR USERS USERS            IN         OUT       TOTAL         HOURS
 
 
 910705   1     0     0          0.00        0.00        0.00          0.00
 910705   2     0     0          0.00        0.00        0.00          0.00
 910705   3     0     0          0.00        0.00        0.00          0.00
 910705   4     0     0          0.00        0.00        0.00          0.00
 910705   5     1     1          2.58       52.82       55.40          0.23
 910705   6     2     2          3.62      118.77      122.38          0.97
 910705   7     1     1          0.22       21.58       21.80          0.10
 910705   8     1     1         45.37       76.73      122.10          0.13
 910705   9     1     1         45.37       76.73      122.10          0.27
 910705  10     0     0          0.00        0.00        0.00          0.00
 910705  11     0     0          0.00        0.00        0.00          0.00
 910705  12     1     1          0.43       32.83       33.27          0.23
 910705  13     5     2          2.02       66.55       67.83          0.52
 910705  14     9     4          2.60      183.92      186.10          1.87
 910705  15     9     4          2.83      240.83      242.95          2.52
 910705  16     6     3          1.93      212.08      214.02          2.47
 910705  17     6     5          3.67      169.90      173.57          3.05
 910705  18     6     5          1.87      191.78      193.65          2.25
 910705  19     5     2          0.97       62.58       62.92          1.20
 910705  20     4     2          1.42      109.85      110.63          0.83
 910705  21     7     4          1.78      164.22      165.95          2.05
 910705  22     8     3          2.25      217.73      219.98          1.55
 910705  23     4     2          1.78      183.63      185.42          1.12
 910705  24     3     2          0.45       25.65       26.10          1.13
1     MAXIMUM OF MAXIMUM SIMULTANEOUS USERS
 
 
                   MAX
            TOTAL  SIM                MAXIMUM CPS                   CONNECT
 DATE  HOUR USERS USERS            IN         OUT       TOTAL         HOURS
 
 910702  15    21     9          5.43      255.78      261.02          5.75
 
 
     MAXIMUM OF CONNECT HOURS
 
 
                   MAX
            TOTAL  SIM                MAXIMUM CPS                   CONNECT
 DATE  HOUR USERS USERS            IN         OUT       TOTAL         HOURS
 
 910702  15    21     9          5.43      255.78      261.02          5.75
1
  