-DAY
4-NOV-1995 05:33:47 PST

-TIME
0.03 TRU
0.03 TRU
terminal time: 01.00
-GO NEWDLY


ENTER THE NAME OF THE CONTROL FILE: 51101.CTL
System 1022 Data Loading Program
No errors on DESCRIPTION file
%errors on input for attribute LOWDTE
250000 records processed, 63502 blocks written on phase 2
no keyed attributes

SYSTEM 1022 KEYING PROGRAM
KEYING ATTRIBUTES:
ORIGNODE (1108 Blocks, 1107 new)
TERMID (342 Blocks, 341 new)
TERMHOST (1122 Blocks, 1121 new)
DISCTYPE (224 Blocks, 223 new)
UUN (899 Blocks, 898 new)
ORIGHOST (1121 Blocks, 1120 new)
ORIGPHYPORT (714 Blocks, 713 new)
ERRTYP (75 Blocks, 74 new)
TOTSEC (1201 Blocks, 1200 new)
System 1022 Data Loading Program
No errors on DESCRIPTION file
%errors on input for attribute LOWDTE
250000 records processed, 63502 blocks written on phase 2
no keyed attributes

SYSTEM 1022 KEYING PROGRAM
KEYING ATTRIBUTES:
ORIGNODE (1108 Blocks, 1107 new)
TERMID (356 Blocks, 355 new)
TERMHOST (1145 Blocks, 1144 new)
DISCTYPE (197 Blocks, 196 new)
UUN (1163 Blocks, 1162 new)
ORIGHOST (1126 Blocks, 1125 new)
ORIGPHYPORT (460 Blocks, 459 new)
ERRTYP (74 Blocks, 73 new)
TOTSEC (1165 Blocks, 1164 new)
System 1022 Data Loading Program
No errors on DESCRIPTION file
%errors on input for attribute LOWDTE
250000 records processed, 63502 blocks written on phase 2
no keyed attributes

SYSTEM 1022 KEYING PROGRAM
KEYING ATTRIBUTES:
ORIGNODE (1110 Blocks, 1109 new)
TERMID (377 Blocks, 376 new)
TERMHOST (1134 Blocks, 1133 new)
DISCTYPE (187 Blocks, 186 new)
UUN (1287 Blocks, 1286 new)
ORIGHOST (1123 Blocks, 1122 new)
ORIGPHYPORT (635 Blocks, 634 new)
ERRTYP (68 Blocks, 67 new)
TOTSEC (1201 Blocks, 1200 new)
System 1022 Data Loading Program
No errors on DESCRIPTION file
%errors on input for attribute LOWDTE
250000 records processed, 63502 blocks written on phase 2
no keyed attributes

SYSTEM 1022 KEYING PROGRAM
KEYING ATTRIBUTES:
ORIGNODE (1109 Blocks, 1108 new)
TERMID (384 Blocks, 383 new)
TERMHOST (1126 Blocks, 1125 new)
DISCTYPE (186 Blocks, 185 new)
UUN (1242 Blocks, 1241 new)
ORIGHOST (1121 Blocks, 1120 new)
ORIGPHYPORT (663 Blocks, 662 new)
ERRTYP (68 Blocks, 67 new)
TOTSEC (1194 Blocks, 1193 new)
System 1022 Data Loading Program
No errors on DESCRIPTION file
%errors on input for attribute LOWDTE
250000 records processed, 63502 blocks written on phase 2
no keyed attributes

SYSTEM 1022 KEYING PROGRAM
KEYING ATTRIBUTES:
ORIGNODE (1112 Blocks, 1111 new)
TERMID (392 Blocks, 391 new)
TERMHOST (1135 Blocks, 1134 new)
DISCTYPE (192 Blocks, 191 new)
UUN (1180 Blocks, 1179 new)
ORIGHOST (1127 Blocks, 1126 new)
ORIGPHYPORT (643 Blocks, 642 new)
ERRTYP (69 Blocks, 68 new)
TOTSEC (1214 Blocks, 1213 new)
System 1022 Data Loading Program
No errors on DESCRIPTION file
%errors on input for attribute LOWDTE
250000 records processed, 63502 blocks written on phase 2
no keyed attributes

SYSTEM 1022 KEYING PROGRAM
KEYING ATTRIBUTES:
ORIGNODE (1109 Blocks, 1108 new)
TERMID (377 Blocks, 376 new)
TERMHOST (1127 Blocks, 1126 new)
DISCTYPE (249 Blocks, 248 new)
UUN (1126 Blocks, 1125 new)
ORIGHOST (1119 Blocks, 1118 new)
ORIGPHYPORT (629 Blocks, 628 new)
ERRTYP (124 Blocks, 123 new)
TOTSEC (1229 Blocks, 1228 new)
System 1022 Data Loading Program
No errors on DESCRIPTION file
3505 records processed, 900 blocks written on phase 2
no keyed attributes

SYSTEM 1022 KEYING PROGRAM
KEYING ATTRIBUTES:
ORIGNODE (13 Blocks, 12 new)
TERMID (5 Blocks, 4 new)
TERMHOST (12 Blocks, 11 new)
DISCTYPE (4 Blocks, 3 new)
UUN (12 Blocks, 11 new)
ORIGHOST (13 Blocks, 12 new)
ORIGPHYPORT (4 Blocks, 3 new)
ERRTYP (3 Blocks, 2 new)
TOTSEC (32 Blocks, 31 new)

EXIT

-REN 51101#.DMT,*.DMS

FILES RENAMED:
51101G  DMT
51101F  DMT
51101E  DMT
51101D  DMT
51101C  DMT
51101B  DMT
51101A  DMT

-DECLARE ALL RD NO 51101#.DMS

FILES RENAMED:
51101G  DMS
51101F  DMS
51101E  DMS
51101D  DMS
51101C  DMS
51101B  DMS
51101A  DMS

-DAY
4-NOV-1995 22:26:53 PST

-TIME
1429484.12 TRU
1429484.15 TRU
terminal time: 16:53:08.00
-SEND BILLING10
Type letter:
; PCOM v1.63 - processed: (NETSTAT2)012PCO.LOG = (NETSTAT2)DLYN01.AUX
; Options: NODETACH  LOG NOAPPEND SUPERSEDE LICENSE 
; Limits: TIME:60 TRULIMIT:0 
; Status: completed.
; Output recorded in file (NETSTAT2)012PCO.LOG.

End of SAIL execution
-LOGOUT
1429490.10 tru
terminal time: 16:53:50
