-DAY
10-NOV-1995 00:45:38 PST

-TIME
0.03 TRU
0.03 TRU
terminal time: 00.00
-GO NEWDLY


ENTER THE NAME OF THE CONTROL FILE: 51106.CTL
System 1022 Data Loading Program
No errors on DESCRIPTION file
%errors on input for attribute LOWDTE
250000 records processed, 63502 blocks written on phase 2
no keyed attributes

SYSTEM 1022 KEYING PROGRAM
KEYING ATTRIBUTES:
ORIGNODE (1113 Blocks, 1112 new)
TERMID (378 Blocks, 377 new)
TERMHOST (1149 Blocks, 1148 new)
DISCTYPE (215 Blocks, 214 new)
UUN (1256 Blocks, 1255 new)
ORIGHOST (1135 Blocks, 1134 new)
ORIGPHYPORT (453 Blocks, 452 new)
ERRTYP (92 Blocks, 91 new)
TOTSEC (1266 Blocks, 1265 new)
System 1022 Data Loading Program
No errors on DESCRIPTION file
%errors on input for attribute LOWDTE
250000 records processed, 63502 blocks written on phase 2
no keyed attributes

SYSTEM 1022 KEYING PROGRAM
KEYING ATTRIBUTES:
ORIGNODE (1111 Blocks, 1110 new)
TERMID (394 Blocks, 393 new)
TERMHOST (1136 Blocks, 1135 new)
DISCTYPE (196 Blocks, 195 new)
UUN (1284 Blocks, 1283 new)
ORIGHOST (1128 Blocks, 1127 new)
ORIGPHYPORT (646 Blocks, 645 new)
ERRTYP (66 Blocks, 65 new)
TOTSEC (1197 Blocks, 1196 new)
System 1022 Data Loading Program
No errors on DESCRIPTION file
%errors on input for attribute LOWDTE
250000 records processed, 63502 blocks written on phase 2
no keyed attributes

SYSTEM 1022 KEYING PROGRAM
KEYING ATTRIBUTES:
ORIGNODE (1110 Blocks, 1109 new)
TERMID (399 Blocks, 398 new)
TERMHOST (1134 Blocks, 1133 new)
DISCTYPE (188 Blocks, 187 new)
UUN (1234 Blocks, 1233 new)
ORIGHOST (1124 Blocks, 1123 new)
ORIGPHYPORT (658 Blocks, 657 new)
ERRTYP (66 Blocks, 65 new)
TOTSEC (1192 Blocks, 1191 new)
System 1022 Data Loading Program
No errors on DESCRIPTION file
%errors on input for attribute LOWDTE
250000 records processed, 63502 blocks written on phase 2
no keyed attributes

SYSTEM 1022 KEYING PROGRAM
KEYING ATTRIBUTES:
ORIGNODE (1108 Blocks, 1107 new)
TERMID (394 Blocks, 393 new)
TERMHOST (1121 Blocks, 1120 new)
DISCTYPE (180 Blocks, 179 new)
UUN (1205 Blocks, 1204 new)
ORIGHOST (1120 Blocks, 1119 new)
ORIGPHYPORT (678 Blocks, 677 new)
ERRTYP (66 Blocks, 65 new)
TOTSEC (1183 Blocks, 1182 new)
System 1022 Data Loading Program
No errors on DESCRIPTION file
%errors on input for attribute LOWDTE
250000 records processed, 63502 blocks written on phase 2
no keyed attributes

SYSTEM 1022 KEYING PROGRAM
KEYING ATTRIBUTES:
ORIGNODE (1107 Blocks, 1106 new)
TERMID (323 Blocks, 322 new)
TERMHOST (1123 Blocks, 1122 new)
DISCTYPE (307 Blocks, 306 new)
UUN (859 Blocks, 858 new)
ORIGHOST (1121 Blocks, 1120 new)
ORIGPHYPORT (729 Blocks, 728 new)
ERRTYP (126 Blocks, 125 new)
TOTSEC (1145 Blocks, 1144 new)
System 1022 Data Loading Program
No errors on DESCRIPTION file
%errors on input for attribute LOWDTE
250000 records processed, 63502 blocks written on phase 2
no keyed attributes

SYSTEM 1022 KEYING PROGRAM
KEYING ATTRIBUTES:
ORIGNODE (1111 Blocks, 1110 new)
TERMID (357 Blocks, 356 new)
TERMHOST (1132 Blocks, 1131 new)
DISCTYPE (227 Blocks, 226 new)
UUN (979 Blocks, 978 new)
ORIGHOST (1125 Blocks, 1124 new)
ORIGPHYPORT (651 Blocks, 650 new)
ERRTYP (77 Blocks, 76 new)
TOTSEC (1164 Blocks, 1163 new)
System 1022 Data Loading Program
No errors on DESCRIPTION file
%errors on input for attribute LOWDTE
42619 records processed, 10833 blocks written on phase 2
no keyed attributes

SYSTEM 1022 KEYING PROGRAM
KEYING ATTRIBUTES:
ORIGNODE (219 Blocks, 218 new)
TERMID (61 Blocks, 60 new)
TERMHOST (229 Blocks, 228 new)
DISCTYPE (34 Blocks, 33 new)
UUN (234 Blocks, 233 new)
ORIGHOST (230 Blocks, 229 new)
ORIGPHYPORT (63 Blocks, 62 new)
ERRTYP (14 Blocks, 13 new)
TOTSEC (242 Blocks, 241 new)

EXIT

-REN 51106#.DMT,*.DMS

FILES RENAMED:
51106G  DMT
51106F  DMT
51106E  DMT
51106D  DMT
51106C  DMT
51106B  DMT
51106A  DMT

-DECLARE ALL RD NO 51106#.DMS

FILES RENAMED:
51106G  DMS
51106F  DMS
51106E  DMS
51106D  DMS
51106C  DMS
51106B  DMS
51106A  DMS

-DAY
10-NOV-1995 15:21:42 PST

-TIME
1451509.89 TRU
1451509.92 TRU
terminal time: 14:36:05.00
-SEND BILLING10
Type letter:
; PCOM v1.63 - processed: (NETSTAT2)019PCO.LOG = (NETSTAT2)DLYN06.AUX
; Options: NODETACH  LOG NOAPPEND SUPERSEDE LICENSE 
; Limits: TIME:60 TRULIMIT:0 
; Status: completed.
; Output recorded in file (NETSTAT2)019PCO.LOG.

End of SAIL execution
-LOGOUT
1451515.83 tru
terminal time: 14:36:47
