1
 
                   MAX
            TOTAL  SIM                MAXIMUM CPS                   CONNECT
 DATE  HOUR USERS USERS            IN         OUT       TOTAL         HOURS
 
 
 940425   1     0     0          0.00        0.00        0.00          0.00
 940425   2    91     7          0.00        5.83        5.83          1.55
 940425   3    29     3          0.00        2.50        2.50          0.52
 940425   4    22     2          0.00        1.67        1.67          0.37
 940425   5     3     3          0.02        2.53        2.55          0.05
 940425   6     0     0          0.00        0.00        0.00          0.00
 940425   7     0     0          0.00        0.00        0.00          0.00
 940425   8     0     0          0.00        0.00        0.00          0.00
 940425   9     0     0          0.00        0.00        0.00          0.00
 940425  10     0     0          0.00        0.00        0.00          0.00
 940425  11    15     3         21.62      117.00      138.62          1.15
 940425  12    76    11         19.35      261.75      265.70          5.97
 940425  13   209    25         24.33      360.65      369.73         16.23
 940425  14   361    43        108.92      655.20      683.17         30.85
 940425  15   588    73        142.88      902.60     1008.18         53.83
 940425  16   781   100        228.42     1285.92     1372.47         66.65
 940425  17   419    59        148.75      956.62     1058.78         34.23
 940425  18   311    30         95.47      539.65      601.40         23.92
 940425  19   340    33         80.18      752.65      811.78         24.53
 940425  20   320    30         52.38      555.87      601.90         23.60
 940425  21   312    32         64.57      431.72      495.47         22.75
 940425  22   235    24         89.63      444.38      511.03         16.48
 940425  23   172    15         70.82      302.07      330.43         11.30
 940425  24   102    12         58.42      192.02      219.35          6.78
1
 
                   MAX
            TOTAL  SIM                MAXIMUM CPS                   CONNECT
 DATE  HOUR USERS USERS            IN         OUT       TOTAL         HOURS
 
 
 940426   1    61     7         34.92      138.30      150.48          4.00
 940426   2    45     6         42.80      123.95      163.55          2.43
 940426   3    17     4         42.42       73.93      116.10          1.30
 940426   4     5     1         18.10      104.17      104.37          0.32
 940426   5    81    11          0.00        9.17        9.17          1.38
 940426   6     7     1          0.00        0.83        0.83          0.12
 940426   7     8     2          0.00        1.67        1.67          0.15
 940426   8     4     1          0.00        0.83        0.83          0.08
 940426   9     1     1          1.30        7.18        8.48          0.03
 940426  10    13     4         41.42      145.38      186.80          0.90
 940426  11    34     6         78.58      120.70      185.15          2.62
 940426  12    85    12        109.47      217.75      300.52          6.17
 940426  13   216    23         94.40      382.32      465.67         16.32
 940426  14   288    30         57.47      550.13      597.12         21.38
 940426  15   321    32         40.60      457.78      478.88         22.62
 940426  16   313    32         63.00      486.13      511.20         24.68
 940426  17   299    25         42.18      408.50      418.32         19.05
 940426  18   307    43        104.38      584.62      689.00         19.93
 940426  19   286    27         49.90      403.40      445.73         19.60
 940426  20   273    26         72.48      337.53      372.00         18.98
 940426  21   277    27         66.78      308.55      344.38         19.25
 940426  22   209    20         66.23      329.88      343.43         14.43
 940426  23   141    14         44.47      231.32      263.43          9.17
 940426  24    94    10         63.95      209.80      249.28          6.15
1
 
                   MAX
            TOTAL  SIM                MAXIMUM CPS                   CONNECT
 DATE  HOUR USERS USERS            IN         OUT       TOTAL         HOURS
 
 
 940427   1    53     6         62.20      134.10      196.30          3.30
 940427   2    35     4         64.02      141.78      185.90          1.95
 940427   3    20     3         39.48       53.90       56.42          1.12
 940427   4    11     2         30.42      101.85      132.27          0.57
 940427   5    53     9          0.02        7.53        7.55          0.93
 940427   6     0     0          0.00        0.00        0.00          0.00
 940427   7     0     0          0.00        0.00        0.00          0.00
 940427   8     0     0          0.00        0.00        0.00          0.00
 940427   9     0     0          0.00        0.00        0.00          0.00
 940427  10    12     3         34.15      153.35      187.50          0.80
 940427  11    43     4         44.07      147.15      170.87          2.67
 940427  12    93    15         52.05      201.38      228.50          6.63
 940427  13   217    22         41.08      505.32      544.18         16.42
 940427  14   259    28         39.95      532.07      557.92         19.45
 940427  15   306    30         36.93      492.93      527.55         23.30
 940427  16   336    36         59.45      634.82      666.48         26.68
 940427  17   276    27         36.78      417.28      449.67         19.02
 940427  18   279    25         53.70      357.72      387.03         18.93
 940427  19   306    25         50.93      371.43      378.82         19.77
 940427  20   288    26         63.32      436.68      469.47         20.40
 940427  21   277    27         29.77      409.45      433.53         19.97
 940427  22   212    19         62.58      341.42      389.33         13.85
 940427  23   137    13         63.98      285.00      329.00          9.68
 940427  24    80    12         64.87      177.35      212.15          5.05
1
 
                   MAX
            TOTAL  SIM                MAXIMUM CPS                   CONNECT
 DATE  HOUR USERS USERS            IN         OUT       TOTAL         HOURS
 
 
 940428   1    51     6         53.13      146.73      162.65          3.38
 940428   2    43     6         36.28      106.20      124.08          2.67
 940428   3    20     3         22.17       57.18       77.65          1.17
 940428   4     7     2         32.18       44.38       76.57          0.30
 940428   5   164     8          0.00        6.67        6.67          2.80
 940428   6    20     2          0.00        1.67        1.67          0.33
 940428   7    26     2          0.00        1.67        1.67          0.43
 940428   8    13     1         31.63        6.72       38.35          0.27
 940428   9     1     1          4.92       34.97       39.88          0.05
 940428  10    16     3         33.37      150.45      183.82          0.97
 940428  11    30     4         33.07      103.73      136.80          2.05
 940428  12    80    10         57.47      213.27      239.60          5.80
 940428  13   190    20         41.98      398.98      412.98         15.05
 940428  14   250    23         42.77      408.83      434.98         19.42
 940428  15   305    28         43.02      455.72      467.80         20.90
 940428  16   308    31         65.38      375.37      416.72         22.72
 940428  17   250    23         70.90      496.22      528.22         17.48
 940428  18   264    24        116.58      486.38      562.58         18.45
 940428  19   279    24        141.95      468.43      496.15         18.70
 940428  20   294    28         70.42      390.35      460.77         19.97
 940428  21   270    30         56.42      465.92      507.70         18.38
 940428  22   217    24         67.35      320.95      377.05         14.90
 940428  23   127    15         42.70      246.97      267.52          9.00
 940428  24    91    10         88.93      215.88      304.82          5.93
1
 
                   MAX
            TOTAL  SIM                MAXIMUM CPS                   CONNECT
 DATE  HOUR USERS USERS            IN         OUT       TOTAL         HOURS
 
 
 940429   1    51     6         39.72      170.90      201.27          3.40
 940429   2    34     4         72.37      180.42      209.88          2.47
 940429   3    17     3         52.02       90.73      135.77          1.03
 940429   4    12     3         25.18      120.85      146.03          0.73
 940429   5    68     6          0.03        5.00        5.00          1.13
 940429   6     0     0          0.00        0.00        0.00          0.00
 940429   7     0     0          0.00        0.00        0.00          0.00
 940429   8     0     0          0.00        0.00        0.00          0.00
 940429   9     0     0          0.00        0.00        0.00          0.00
 940429  10    13     3         39.03       90.22      129.25          0.67
 940429  11    33     5         43.47      222.57      264.15          2.67
 940429  12    86    14         45.07      271.32      303.72          6.20
 940429  13   183    21         37.23      318.43      337.08         14.18
 940429  14   286    32         50.55      524.73      564.75         22.77
 940429  15   300    28         54.83      469.12      487.20         22.52
 940429  16   284    26         94.18      484.92      579.10         21.18
 940429  17   237    22         73.82      322.30      392.05         16.35
 940429  18   223    22         84.68      311.55      333.13         16.08
 940429  19   272    26         59.12      344.15      372.42         17.82
 940429  20   253    23         47.55      352.17      376.48         17.02
 940429  21   229    23         72.50      401.20      432.87         15.65
 940429  22   161    16         62.27      241.72      292.07         10.50
 940429  23   128    14         65.58      341.62      376.22          8.13
 940429  24    71     8         59.75      226.87      286.62          4.30
1     MAXIMUM OF MAXIMUM SIMULTANEOUS USERS
 
 
                   MAX
            TOTAL  SIM                MAXIMUM CPS                   CONNECT
 DATE  HOUR USERS USERS            IN         OUT       TOTAL         HOURS
 
 940425  16   781   100        228.42     1285.92     1372.47         66.65
 
 
     MAXIMUM OF CONNECT HOURS
 
 
                   MAX
            TOTAL  SIM                MAXIMUM CPS                   CONNECT
 DATE  HOUR USERS USERS            IN         OUT       TOTAL         HOURS
 
 940425  16   781   100        228.42     1285.92     1372.47         66.65
1
  