1
 
                   MAX
            TOTAL  SIM                MAXIMUM CPS                   CONNECT
 DATE  HOUR USERS USERS            IN         OUT       TOTAL         HOURS
 
 
 940207   1     0     0          0.00        0.00        0.00          0.00
 940207   2     0     0          0.00        0.00        0.00          0.00
 940207   3     0     0          0.00        0.00        0.00          0.00
 940207   4     0     0          0.00        0.00        0.00          0.00
 940207   5     2     2          0.58       34.48       35.07          0.03
 940207   6     0     0          0.00        0.00        0.00          0.00
 940207   7     2     2          0.58       34.65       35.23          0.03
 940207   8     2     2          0.58       34.18       34.77          0.05
 940207   9     0     0          0.00        0.00        0.00          0.00
 940207  10     2     2          0.58       34.28       34.87          0.03
 940207  11     0     0          0.00        0.00        0.00          0.00
 940207  12     2     2          0.58       34.48       35.07          0.03
 940207  13     3     2          0.58       34.18       34.77          0.12
 940207  14     7     4         10.07      114.18      124.25          2.23
 940207  15    15     6          5.40      106.58      111.98          1.85
 940207  16    18     6         12.23      846.42      858.65          2.87
 940207  17    25    10         23.63      707.85      728.85          4.75
 940207  18    12     6          6.78      498.85      505.63          3.37
 940207  19    46     9         10.80      557.98      558.87          4.12
 940207  20    34    10          7.45      589.02      590.48          3.55
 940207  21    23     9         47.23      621.53      637.32          4.05
 940207  22    20     9        265.12      644.95      655.43          3.87
 940207  23     7     2          1.17      221.57      222.48          0.48
 940207  24     4     3          2.85       98.20      101.05          1.23
1
 
                   MAX
            TOTAL  SIM                MAXIMUM CPS                   CONNECT
 DATE  HOUR USERS USERS            IN         OUT       TOTAL         HOURS
 
 
 940208   1     5     2          1.60       54.95       56.55          0.17
 940208   2     0     0          0.00        0.00        0.00          0.00
 940208   3     2     2          0.58       34.65       35.23          0.05
 940208   4     0     0          0.00        0.00        0.00          0.00
 940208   5     2     2          0.58       34.28       34.87          0.03
 940208   6     0     0          0.00        0.00        0.00          0.00
 940208   7     2     2          0.98       34.43       35.42          0.03
 940208   8     0     0          0.00        0.00        0.00          0.00
 940208   9     2     2          0.58       34.18       34.77          0.05
 940208  10     2     2          0.58       34.18       34.77          0.03
 940208  11     0     0          0.00        0.00        0.00          0.00
 940208  12     2     2          0.58       34.55       35.13          0.03
 940208  13     4     2          3.10      124.78      127.88          0.15
 940208  14    13     8         10.68      143.32      147.02          1.88
 940208  15    21     8        276.38      745.25      756.62          4.03
 940208  16    11     5          8.42      406.68      410.33          2.22
 940208  17    11     3          4.68      374.40      377.13          1.40
 940208  18     9     4          1.42      189.97      191.38          0.88
 940208  19    42    11          5.35     1241.38     1246.37          4.48
 940208  20    32    11          9.22     1104.72     1109.55          4.43
 940208  21    23     6         11.68      615.08      625.55          2.18
 940208  22    11     4         20.15      138.47      140.80          1.35
 940208  23    15     5         51.53      187.87      188.78          1.50
 940208  24     2     2          0.58       34.28       34.87          0.03
1
 
                   MAX
            TOTAL  SIM                MAXIMUM CPS                   CONNECT
 DATE  HOUR USERS USERS            IN         OUT       TOTAL         HOURS
 
 
 940209   1     1     1          0.10        4.82        4.92          0.25
 940209   2     2     2          0.58       34.18       34.77          0.03
 940209   3     2     2          0.58       34.18       34.77          0.05
 940209   4     0     0          0.00        0.00        0.00          0.00
 940209   5     2     2          0.58       34.48       35.07          0.03
 940209   6     0     0          0.00        0.00        0.00          0.00
 940209   7     2     2          0.58       34.42       35.00          0.03
 940209   8     2     2          0.58       34.28       34.87          0.03
 940209   9     0     0          0.00        0.00        0.00          0.00
 940209  10     2     2          0.58       34.28       34.87          0.03
 940209  11     0     0          0.00        0.00        0.00          0.00
 940209  12     3     2          0.58       34.18       34.77          0.05
 940209  13     3     2          1.17      111.28      112.45          0.13
 940209  14    15     5        137.32      111.28      167.07          1.55
 940209  15    17     6          8.70      961.38      970.08          2.97
 940209  16    23     8         17.08      481.60      483.73          2.78
 940209  17    19     9          6.38      521.70      528.08          4.52
 940209  18    23     7         55.12      680.42      686.10          3.43
 940209  19    50     8        111.02      970.58      974.78          4.78
 940209  20    37     9        174.35     1086.65     1261.00          4.40
 940209  21    29     9        257.68      278.02      535.70          4.00
 940209  22    11     5         17.50      215.03      216.60          2.63
 940209  23    21     5         70.05      159.93      162.15          1.78
 940209  24     1     1          0.63        8.00        8.63          0.05
1
 
                   MAX
            TOTAL  SIM                MAXIMUM CPS                   CONNECT
 DATE  HOUR USERS USERS            IN         OUT       TOTAL         HOURS
 
 
 940210   1     2     2          0.58       34.18       34.77          0.05
 940210   2     0     0          0.00        0.00        0.00          0.00
 940210   3     2     2          0.58       34.48       35.07          0.03
 940210   4     0     0          0.00        0.00        0.00          0.00
 940210   5     2     2          0.58       34.65       35.23          0.03
 940210   6     0     0          0.00        0.00        0.00          0.00
 940210   7     2     2          0.58       34.18       34.77          0.03
 940210   8     2     2          0.58       34.65       35.23          0.03
 940210   9     0     0          0.00        0.00        0.00          0.00
 940210  10     2     2          0.58       34.28       34.87          0.03
 940210  11     0     0          0.00        0.00        0.00          0.00
 940210  12     2     2          0.58       34.65       35.23          0.03
 940210  13     1     1          1.47      114.97      116.43          0.08
 940210  14     3     2          0.58       34.62       35.20          0.33
 940210  15    12     5         12.78      435.27      438.90          2.13
 940210  16    11     4          5.45      631.82      637.27          2.15
 940210  17     5     2          1.05       34.63       35.68          0.20
 940210  18    15     7          3.85      467.70      469.95          1.38
 940210  19    39    11          8.55      651.05      659.60          4.72
 940210  20    38     9          7.43      732.32      739.75          3.42
 940210  21    26     9         25.65      400.53      426.18          2.03
 940210  22    15     8         12.03      377.43      386.63          1.80
 940210  23    13     6        301.48      266.57      365.60          0.70
 940210  24     0     0          0.00        0.00        0.00          0.00
1
 
                   MAX
            TOTAL  SIM                MAXIMUM CPS                   CONNECT
 DATE  HOUR USERS USERS            IN         OUT       TOTAL         HOURS
 
 
 940211   1     0     0          0.00        0.00        0.00          0.00
 940211   2     0     0          0.00        0.00        0.00          0.00
 940211   3     2     2          0.58       34.28       34.87          0.03
 940211   4     0     0          0.00        0.00        0.00          0.00
 940211   5     0     0          0.00        0.00        0.00          0.00
 940211   6     6     4          3.22       62.65       65.87          0.17
 940211   7     0     0          0.00        0.00        0.00          0.00
 940211   8     2     2          0.58       34.28       34.87          0.03
 940211   9     2     2          0.58       34.65       35.23          0.03
 940211  10     0     0          0.00        0.00        0.00          0.00
 940211  11     2     2          0.58       34.28       34.87          0.03
 940211  12     2     2          0.58       34.65       35.23          0.03
 940211  13     4     2          1.83       68.73       70.15          0.48
 940211  14     4     2          7.03      587.63      594.67          0.10
 940211  15     6     4         11.10      587.63      594.67          1.20
 940211  16     6     4        111.08      200.10      311.18          0.23
 940211  17     9     5          1.47      243.98      245.45          1.10
 940211  18    23     6          8.05      323.70      324.77          1.78
 940211  19    40     6          5.45      433.42      435.23          2.60
 940211  20    46     8          6.77      457.53      458.18          2.78
 940211  21     9     4        285.30      111.13      391.97          0.83
 940211  22     3     2          0.32       19.10       19.42          0.73
 940211  23     6     3          2.23      252.45      254.40          1.23
 940211  24     3     2          2.23       77.65       79.88          0.33
1     MAXIMUM OF MAXIMUM SIMULTANEOUS USERS
 
 
                   MAX
            TOTAL  SIM                MAXIMUM CPS                   CONNECT
 DATE  HOUR USERS USERS            IN         OUT       TOTAL         HOURS
 
 940208  19    42    11          5.35     1241.38     1246.37          4.48
 
 
     MAXIMUM OF CONNECT HOURS
 
 
                   MAX
            TOTAL  SIM                MAXIMUM CPS                   CONNECT
 DATE  HOUR USERS USERS            IN         OUT       TOTAL         HOURS
 
 940209  19    50     8        111.02      970.58      974.78          4.78
1
  