1
 
                   MAX
            TOTAL  SIM                MAXIMUM CPS                   CONNECT
 DATE  HOUR USERS USERS            IN         OUT       TOTAL         HOURS
 
 
 940131   1     0     0          0.00        0.00        0.00          0.00
 940131   2     0     0          0.00        0.00        0.00          0.00
 940131   3     0     0          0.00        0.00        0.00          0.00
 940131   4     0     0          0.00        0.00        0.00          0.00
 940131   5     0     0          0.00        0.00        0.00          0.00
 940131   6     0     0          0.00        0.00        0.00          0.00
 940131   7     0     0          0.00        0.00        0.00          0.00
 940131   8     0     0          0.00        0.00        0.00          0.00
 940131   9     0     0          0.00        0.00        0.00          0.00
 940131  10     0     0          0.00        0.00        0.00          0.00
 940131  11     0     0          0.00        0.00        0.00          0.00
 940131  12     0     0          0.00        0.00        0.00          0.00
 940131  13     0     0          0.00        0.00        0.00          0.00
 940131  14     0     0          0.00        0.00        0.00          0.00
 940131  15     0     0          0.00        0.00        0.00          0.00
 940131  16     0     0          0.00        0.00        0.00          0.00
 940131  17     0     0          0.00        0.00        0.00          0.00
 940131  18     0     0          0.00        0.00        0.00          0.00
 940131  19     4     1          7.78        8.30       16.08          0.17
 940131  20     1     1          8.42       50.17       58.58          0.05
 940131  21     0     0          0.00        0.00        0.00          0.00
 940131  22     0     0          0.00        0.00        0.00          0.00
 940131  23     0     0          0.00        0.00        0.00          0.00
 940131  24     0     0          0.00        0.00        0.00          0.00
1
 
                   MAX
            TOTAL  SIM                MAXIMUM CPS                   CONNECT
 DATE  HOUR USERS USERS            IN         OUT       TOTAL         HOURS
 
 
 940201   1     0     0          0.00        0.00        0.00          0.00
 940201   2     0     0          0.00        0.00        0.00          0.00
 940201   3     1     1          2.42       20.68       23.10          0.03
 940201   4     1     1         15.63       27.50       43.13          0.03
 940201   5     0     0          0.00        0.00        0.00          0.00
 940201   6     0     0          0.00        0.00        0.00          0.00
 940201   7     0     0          0.00        0.00        0.00          0.00
 940201   8     0     0          0.00        0.00        0.00          0.00
 940201   9     0     0          0.00        0.00        0.00          0.00
 940201  10     0     0          0.00        0.00        0.00          0.00
 940201  11     0     0          0.00        0.00        0.00          0.00
 940201  12     0     0          0.00        0.00        0.00          0.00
 940201  13     0     0          0.00        0.00        0.00          0.00
 940201  14     0     0          0.00        0.00        0.00          0.00
 940201  15     0     0          0.00        0.00        0.00          0.00
 940201  16     0     0          0.00        0.00        0.00          0.00
 940201  17     0     0          0.00        0.00        0.00          0.00
 940201  18     0     0          0.00        0.00        0.00          0.00
 940201  19     0     0          0.00        0.00        0.00          0.00
 940201  20     0     0          0.00        0.00        0.00          0.00
 940201  21     0     0          0.00        0.00        0.00          0.00
 940201  22     0     0          0.00        0.00        0.00          0.00
 940201  23     0     0          0.00        0.00        0.00          0.00
 940201  24     0     0          0.00        0.00        0.00          0.00
1
 
                   MAX
            TOTAL  SIM                MAXIMUM CPS                   CONNECT
 DATE  HOUR USERS USERS            IN         OUT       TOTAL         HOURS
 
 
 940202   1     0     0          0.00        0.00        0.00          0.00
 940202   2     0     0          0.00        0.00        0.00          0.00
 940202   3     0     0          0.00        0.00        0.00          0.00
 940202   4     0     0          0.00        0.00        0.00          0.00
 940202   5     0     0          0.00        0.00        0.00          0.00
 940202   6     0     0          0.00        0.00        0.00          0.00
 940202   7     0     0          0.00        0.00        0.00          0.00
 940202   8     0     0          0.00        0.00        0.00          0.00
 940202   9     1     1          5.50       17.63       23.13          0.10
 940202  10     0     0          0.00        0.00        0.00          0.00
 940202  11     0     0          0.00        0.00        0.00          0.00
 940202  12     0     0          0.00        0.00        0.00          0.00
 940202  13     0     0          0.00        0.00        0.00          0.00
 940202  14     0     0          0.00        0.00        0.00          0.00
 940202  15     0     0          0.00        0.00        0.00          0.00
 940202  16     0     0          0.00        0.00        0.00          0.00
 940202  17     0     0          0.00        0.00        0.00          0.00
 940202  18     0     0          0.00        0.00        0.00          0.00
 940202  19     0     0          0.00        0.00        0.00          0.00
 940202  20     0     0          0.00        0.00        0.00          0.00
 940202  21     0     0          0.00        0.00        0.00          0.00
 940202  22     0     0          0.00        0.00        0.00          0.00
 940202  23     0     0          0.00        0.00        0.00          0.00
 940202  24     0     0          0.00        0.00        0.00          0.00
1
 
                   MAX
            TOTAL  SIM                MAXIMUM CPS                   CONNECT
 DATE  HOUR USERS USERS            IN         OUT       TOTAL         HOURS
 
 
 940203   1     0     0          0.00        0.00        0.00          0.00
 940203   2     0     0          0.00        0.00        0.00          0.00
 940203   3     0     0          0.00        0.00        0.00          0.00
 940203   4     0     0          0.00        0.00        0.00          0.00
 940203   5     0     0          0.00        0.00        0.00          0.00
 940203   6     0     0          0.00        0.00        0.00          0.00
 940203   7     0     0          0.00        0.00        0.00          0.00
 940203   8     0     0          0.00        0.00        0.00          0.00
 940203   9     0     0          0.00        0.00        0.00          0.00
 940203  10     0     0          0.00        0.00        0.00          0.00
 940203  11     0     0          0.00        0.00        0.00          0.00
 940203  12     0     0          0.00        0.00        0.00          0.00
 940203  13     0     0          0.00        0.00        0.00          0.00
 940203  14     0     0          0.00        0.00        0.00          0.00
 940203  15     0     0          0.00        0.00        0.00          0.00
 940203  16     0     0          0.00        0.00        0.00          0.00
 940203  17     0     0          0.00        0.00        0.00          0.00
 940203  18     0     0          0.00        0.00        0.00          0.00
 940203  19     0     0          0.00        0.00        0.00          0.00
 940203  20     0     0          0.00        0.00        0.00          0.00
 940203  21     0     0          0.00        0.00        0.00          0.00
 940203  22     0     0          0.00        0.00        0.00          0.00
 940203  23     0     0          0.00        0.00        0.00          0.00
 940203  24     0     0          0.00        0.00        0.00          0.00
1
 
                   MAX
            TOTAL  SIM                MAXIMUM CPS                   CONNECT
 DATE  HOUR USERS USERS            IN         OUT       TOTAL         HOURS
 
 
 940204   1     0     0          0.00        0.00        0.00          0.00
 940204   2     0     0          0.00        0.00        0.00          0.00
 940204   3     0     0          0.00        0.00        0.00          0.00
 940204   4     0     0          0.00        0.00        0.00          0.00
 940204   5     0     0          0.00        0.00        0.00          0.00
 940204   6     0     0          0.00        0.00        0.00          0.00
 940204   7     0     0          0.00        0.00        0.00          0.00
 940204   8     0     0          0.00        0.00        0.00          0.00
 940204   9     0     0          0.00        0.00        0.00          0.00
 940204  10     0     0          0.00        0.00        0.00          0.00
 940204  11     0     0          0.00        0.00        0.00          0.00
 940204  12     0     0          0.00        0.00        0.00          0.00
 940204  13     0     0          0.00        0.00        0.00          0.00
 940204  14     0     0          0.00        0.00        0.00          0.00
 940204  15     0     0          0.00        0.00        0.00          0.00
 940204  16     0     0          0.00        0.00        0.00          0.00
 940204  17     0     0          0.00        0.00        0.00          0.00
 940204  18     0     0          0.00        0.00        0.00          0.00
 940204  19     0     0          0.00        0.00        0.00          0.00
 940204  20     0     0          0.00        0.00        0.00          0.00
 940204  21     0     0          0.00        0.00        0.00          0.00
 940204  22     0     0          0.00        0.00        0.00          0.00
 940204  23     1     1         17.87       78.75       96.62          0.03
 940204  24     0     0          0.00        0.00        0.00          0.00
1     MAXIMUM OF MAXIMUM SIMULTANEOUS USERS
 
 
                   MAX
            TOTAL  SIM                MAXIMUM CPS                   CONNECT
 DATE  HOUR USERS USERS            IN         OUT       TOTAL         HOURS
 
 940131  19     4     1          7.78        8.30       16.08          0.17
 
 
     MAXIMUM OF CONNECT HOURS
 
 
                   MAX
            TOTAL  SIM                MAXIMUM CPS                   CONNECT
 DATE  HOUR USERS USERS            IN         OUT       TOTAL         HOURS
 
 940131  19     4     1          7.78        8.30       16.08          0.17
1
  