1
 
                   MAX
            TOTAL  SIM                MAXIMUM CPS                   CONNECT
 DATE  HOUR USERS USERS            IN         OUT       TOTAL         HOURS
 
 
 940131   1     0     0          0.00        0.00        0.00          0.00
 940131   2     0     0          0.00        0.00        0.00          0.00
 940131   3     0     0          0.00        0.00        0.00          0.00
 940131   4     0     0          0.00        0.00        0.00          0.00
 940131   5     0     0          0.00        0.00        0.00          0.00
 940131   6     0     0          0.00        0.00        0.00          0.00
 940131   7     0     0          0.00        0.00        0.00          0.00
 940131   8     0     0          0.00        0.00        0.00          0.00
 940131   9     0     0          0.00        0.00        0.00          0.00
 940131  10     0     0          0.00        0.00        0.00          0.00
 940131  11     0     0          0.00        0.00        0.00          0.00
 940131  12     0     0          0.00        0.00        0.00          0.00
 940131  13     2     1         73.05       27.10       94.95          0.25
 940131  14     0     0          0.00        0.00        0.00          0.00
 940131  15     1     1         46.15       26.82       72.97          0.12
 940131  16     0     0          0.00        0.00        0.00          0.00
 940131  17     0     0          0.00        0.00        0.00          0.00
 940131  18     0     0          0.00        0.00        0.00          0.00
 940131  19     4     3         79.57      128.22      207.78          0.73
 940131  20     1     1          0.30       18.98       19.28          0.22
 940131  21     0     0          0.00        0.00        0.00          0.00
 940131  22     0     0          0.00        0.00        0.00          0.00
 940131  23     0     0          0.00        0.00        0.00          0.00
 940131  24     0     0          0.00        0.00        0.00          0.00
1
 
                   MAX
            TOTAL  SIM                MAXIMUM CPS                   CONNECT
 DATE  HOUR USERS USERS            IN         OUT       TOTAL         HOURS
 
 
 940201   1     1     1          2.93       22.57       25.50          0.43
 940201   2     2     1          2.93       22.57       25.50          0.35
 940201   3     0     0          0.00        0.00        0.00          0.00
 940201   4     0     0          0.00        0.00        0.00          0.00
 940201   5     0     0          0.00        0.00        0.00          0.00
 940201   6     0     0          0.00        0.00        0.00          0.00
 940201   7     0     0          0.00        0.00        0.00          0.00
 940201   8     0     0          0.00        0.00        0.00          0.00
 940201   9     0     0          0.00        0.00        0.00          0.00
 940201  10     0     0          0.00        0.00        0.00          0.00
 940201  11     0     0          0.00        0.00        0.00          0.00
 940201  12     0     0          0.00        0.00        0.00          0.00
 940201  13     2     2        138.92       49.12      188.03          0.27
 940201  14     0     0          0.00        0.00        0.00          0.00
 940201  15     0     0          0.00        0.00        0.00          0.00
 940201  16     0     0          0.00        0.00        0.00          0.00
 940201  17     0     0          0.00        0.00        0.00          0.00
 940201  18     0     0          0.00        0.00        0.00          0.00
 940201  19     0     0          0.00        0.00        0.00          0.00
 940201  20     0     0          0.00        0.00        0.00          0.00
 940201  21     1     1          0.52       34.40       34.92          0.22
 940201  22     0     0          0.00        0.00        0.00          0.00
 940201  23     0     0          0.00        0.00        0.00          0.00
 940201  24     1     1          0.35       69.52       69.87          0.17
1
 
                   MAX
            TOTAL  SIM                MAXIMUM CPS                   CONNECT
 DATE  HOUR USERS USERS            IN         OUT       TOTAL         HOURS
 
 
 940202   1     0     0          0.00        0.00        0.00          0.00
 940202   2     0     0          0.00        0.00        0.00          0.00
 940202   3     0     0          0.00        0.00        0.00          0.00
 940202   4     0     0          0.00        0.00        0.00          0.00
 940202   5     0     0          0.00        0.00        0.00          0.00
 940202   6     0     0          0.00        0.00        0.00          0.00
 940202   7     0     0          0.00        0.00        0.00          0.00
 940202   8     0     0          0.00        0.00        0.00          0.00
 940202   9     0     0          0.00        0.00        0.00          0.00
 940202  10     0     0          0.00        0.00        0.00          0.00
 940202  11     0     0          0.00        0.00        0.00          0.00
 940202  12     0     0          0.00        0.00        0.00          0.00
 940202  13     0     0          0.00        0.00        0.00          0.00
 940202  14     2     1         70.90       36.23       88.80          0.30
 940202  15     0     0          0.00        0.00        0.00          0.00
 940202  16     0     0          0.00        0.00        0.00          0.00
 940202  17     1     1         21.37       30.37       51.73          0.10
 940202  18     0     0          0.00        0.00        0.00          0.00
 940202  19     0     0          0.00        0.00        0.00          0.00
 940202  20     1     1          0.58       39.15       39.73          0.22
 940202  21     0     0          0.00        0.00        0.00          0.00
 940202  22     0     0          0.00        0.00        0.00          0.00
 940202  23     0     0          0.00        0.00        0.00          0.00
 940202  24     0     0          0.00        0.00        0.00          0.00
1
 
                   MAX
            TOTAL  SIM                MAXIMUM CPS                   CONNECT
 DATE  HOUR USERS USERS            IN         OUT       TOTAL         HOURS
 
 
 940203   1     0     0          0.00        0.00        0.00          0.00
 940203   2     0     0          0.00        0.00        0.00          0.00
 940203   3     0     0          0.00        0.00        0.00          0.00
 940203   4     0     0          0.00        0.00        0.00          0.00
 940203   5     0     0          0.00        0.00        0.00          0.00
 940203   6     0     0          0.00        0.00        0.00          0.00
 940203   7     0     0          0.00        0.00        0.00          0.00
 940203   8     0     0          0.00        0.00        0.00          0.00
 940203   9     0     0          0.00        0.00        0.00          0.00
 940203  10     0     0          0.00        0.00        0.00          0.00
 940203  11     0     0          0.00        0.00        0.00          0.00
 940203  12     1     1         56.78       23.67       80.45          0.12
 940203  13     0     0          0.00        0.00        0.00          0.00
 940203  14     2     1         59.20       30.47       70.63          0.33
 940203  15     0     0          0.00        0.00        0.00          0.00
 940203  16     0     0          0.00        0.00        0.00          0.00
 940203  17     0     0          0.00        0.00        0.00          0.00
 940203  18     0     0          0.00        0.00        0.00          0.00
 940203  19     0     0          0.00        0.00        0.00          0.00
 940203  20     1     1          0.57       32.22       32.78          0.18
 940203  21     1     1          0.57       32.22       32.78          0.02
 940203  22     0     0          0.00        0.00        0.00          0.00
 940203  23     0     0          0.00        0.00        0.00          0.00
 940203  24     0     0          0.00        0.00        0.00          0.00
1
 
                   MAX
            TOTAL  SIM                MAXIMUM CPS                   CONNECT
 DATE  HOUR USERS USERS            IN         OUT       TOTAL         HOURS
 
 
 940204   1     0     0          0.00        0.00        0.00          0.00
 940204   2     0     0          0.00        0.00        0.00          0.00
 940204   3     0     0          0.00        0.00        0.00          0.00
 940204   4     0     0          0.00        0.00        0.00          0.00
 940204   5     0     0          0.00        0.00        0.00          0.00
 940204   6     0     0          0.00        0.00        0.00          0.00
 940204   7     0     0          0.00        0.00        0.00          0.00
 940204   8     0     0          0.00        0.00        0.00          0.00
 940204   9     0     0          0.00        0.00        0.00          0.00
 940204  10     0     0          0.00        0.00        0.00          0.00
 940204  11     0     0          0.00        0.00        0.00          0.00
 940204  12     1     1          0.90       81.50       82.40          0.03
 940204  13     1     1         62.78       27.47       90.25          0.12
 940204  14     1     1         43.62       15.33       58.95          0.20
 940204  15     0     0          0.00        0.00        0.00          0.00
 940204  16     0     0          0.00        0.00        0.00          0.00
 940204  17     2     1          0.63       89.68       90.32          0.18
 940204  18     0     0          0.00        0.00        0.00          0.00
 940204  19     0     0          0.00        0.00        0.00          0.00
 940204  20     1     1          0.73       39.20       39.93          0.10
 940204  21     1     1          0.73       39.20       39.93          0.02
 940204  22     0     0          0.00        0.00        0.00          0.00
 940204  23     1     1          0.63       90.03       90.67          0.05
 940204  24     0     0          0.00        0.00        0.00          0.00
1     MAXIMUM OF MAXIMUM SIMULTANEOUS USERS
 
 
                   MAX
            TOTAL  SIM                MAXIMUM CPS                   CONNECT
 DATE  HOUR USERS USERS            IN         OUT       TOTAL         HOURS
 
 940131  19     4     3         79.57      128.22      207.78          0.73
 
 
     MAXIMUM OF CONNECT HOURS
 
 
                   MAX
            TOTAL  SIM                MAXIMUM CPS                   CONNECT
 DATE  HOUR USERS USERS            IN         OUT       TOTAL         HOURS
 
 940131  19     4     3         79.57      128.22      207.78          0.73
1
  