1
 
                   MAX
            TOTAL  SIM                MAXIMUM CPS                   CONNECT
 DATE  HOUR USERS USERS            IN         OUT       TOTAL         HOURS
 
 
 940425   1     0     0          0.00        0.00        0.00          0.00
 940425   2     0     0          0.00        0.00        0.00          0.00
 940425   3     0     0          0.00        0.00        0.00          0.00
 940425   4     0     0          0.00        0.00        0.00          0.00
 940425   5     0     0          0.00        0.00        0.00          0.00
 940425   6     0     0          0.00        0.00        0.00          0.00
 940425   7     0     0          0.00        0.00        0.00          0.00
 940425   8     0     0          0.00        0.00        0.00          0.00
 940425   9     0     0          0.00        0.00        0.00          0.00
 940425  10     0     0          0.00        0.00        0.00          0.00
 940425  11     0     0          0.00        0.00        0.00          0.00
 940425  12     0     0          0.00        0.00        0.00          0.00
 940425  13     0     0          0.00        0.00        0.00          0.00
 940425  14     0     0          0.00        0.00        0.00          0.00
 940425  15     0     0          0.00        0.00        0.00          0.00
 940425  16     0     0          0.00        0.00        0.00          0.00
 940425  17     0     0          0.00        0.00        0.00          0.00
 940425  18     0     0          0.00        0.00        0.00          0.00
 940425  19     0     0          0.00        0.00        0.00          0.00
 940425  20     0     0          0.00        0.00        0.00          0.00
 940425  21     0     0          0.00        0.00        0.00          0.00
 940425  22     0     0          0.00        0.00        0.00          0.00
 940425  23     0     0          0.00        0.00        0.00          0.00
 940425  24     0     0          0.00        0.00        0.00          0.00
1
 
                   MAX
            TOTAL  SIM                MAXIMUM CPS                   CONNECT
 DATE  HOUR USERS USERS            IN         OUT       TOTAL         HOURS
 
 
 940426   1     0     0          0.00        0.00        0.00          0.00
 940426   2     0     0          0.00        0.00        0.00          0.00
 940426   3     0     0          0.00        0.00        0.00          0.00
 940426   4     0     0          0.00        0.00        0.00          0.00
 940426   5     0     0          0.00        0.00        0.00          0.00
 940426   6     0     0          0.00        0.00        0.00          0.00
 940426   7     0     0          0.00        0.00        0.00          0.00
 940426   8     0     0          0.00        0.00        0.00          0.00
 940426   9     0     0          0.00        0.00        0.00          0.00
 940426  10     0     0          0.00        0.00        0.00          0.00
 940426  11     0     0          0.00        0.00        0.00          0.00
 940426  12     0     0          0.00        0.00        0.00          0.00
 940426  13     0     0          0.00        0.00        0.00          0.00
 940426  14     0     0          0.00        0.00        0.00          0.00
 940426  15     0     0          0.00        0.00        0.00          0.00
 940426  16     0     0          0.00        0.00        0.00          0.00
 940426  17     0     0          0.00        0.00        0.00          0.00
 940426  18     0     0          0.00        0.00        0.00          0.00
 940426  19     0     0          0.00        0.00        0.00          0.00
 940426  20     0     0          0.00        0.00        0.00          0.00
 940426  21     0     0          0.00        0.00        0.00          0.00
 940426  22     0     0          0.00        0.00        0.00          0.00
 940426  23     0     0          0.00        0.00        0.00          0.00
 940426  24     0     0          0.00        0.00        0.00          0.00
1
 
                   MAX
            TOTAL  SIM                MAXIMUM CPS                   CONNECT
 DATE  HOUR USERS USERS            IN         OUT       TOTAL         HOURS
 
 
 940427   1     0     0          0.00        0.00        0.00          0.00
 940427   2     0     0          0.00        0.00        0.00          0.00
 940427   3     0     0          0.00        0.00        0.00          0.00
 940427   4     0     0          0.00        0.00        0.00          0.00
 940427   5     0     0          0.00        0.00        0.00          0.00
 940427   6     0     0          0.00        0.00        0.00          0.00
 940427   7     0     0          0.00        0.00        0.00          0.00
 940427   8     0     0          0.00        0.00        0.00          0.00
 940427   9     0     0          0.00        0.00        0.00          0.00
 940427  10     0     0          0.00        0.00        0.00          0.00
 940427  11     0     0          0.00        0.00        0.00          0.00
 940427  12     0     0          0.00        0.00        0.00          0.00
 940427  13     0     0          0.00        0.00        0.00          0.00
 940427  14     0     0          0.00        0.00        0.00          0.00
 940427  15     0     0          0.00        0.00        0.00          0.00
 940427  16     0     0          0.00        0.00        0.00          0.00
 940427  17     0     0          0.00        0.00        0.00          0.00
 940427  18     0     0          0.00        0.00        0.00          0.00
 940427  19     0     0          0.00        0.00        0.00          0.00
 940427  20     0     0          0.00        0.00        0.00          0.00
 940427  21     0     0          0.00        0.00        0.00          0.00
 940427  22     0     0          0.00        0.00        0.00          0.00
 940427  23     0     0          0.00        0.00        0.00          0.00
 940427  24     0     0          0.00        0.00        0.00          0.00
1
 
                   MAX
            TOTAL  SIM                MAXIMUM CPS                   CONNECT
 DATE  HOUR USERS USERS            IN         OUT       TOTAL         HOURS
 
 
 940428   1     0     0          0.00        0.00        0.00          0.00
 940428   2     0     0          0.00        0.00        0.00          0.00
 940428   3     0     0          0.00        0.00        0.00          0.00
 940428   4     0     0          0.00        0.00        0.00          0.00
 940428   5     0     0          0.00        0.00        0.00          0.00
 940428   6     0     0          0.00        0.00        0.00          0.00
 940428   7     0     0          0.00        0.00        0.00          0.00
 940428   8     0     0          0.00        0.00        0.00          0.00
 940428   9     0     0          0.00        0.00        0.00          0.00
 940428  10     0     0          0.00        0.00        0.00          0.00
 940428  11     0     0          0.00        0.00        0.00          0.00
 940428  12     0     0          0.00        0.00        0.00          0.00
 940428  13     0     0          0.00        0.00        0.00          0.00
 940428  14     0     0          0.00        0.00        0.00          0.00
 940428  15     0     0          0.00        0.00        0.00          0.00
 940428  16     0     0          0.00        0.00        0.00          0.00
 940428  17     0     0          0.00        0.00        0.00          0.00
 940428  18     0     0          0.00        0.00        0.00          0.00
 940428  19     0     0          0.00        0.00        0.00          0.00
 940428  20     0     0          0.00        0.00        0.00          0.00
 940428  21     0     0          0.00        0.00        0.00          0.00
 940428  22     0     0          0.00        0.00        0.00          0.00
 940428  23     0     0          0.00        0.00        0.00          0.00
 940428  24     0     0          0.00        0.00        0.00          0.00
1
 
                   MAX
            TOTAL  SIM                MAXIMUM CPS                   CONNECT
 DATE  HOUR USERS USERS            IN         OUT       TOTAL         HOURS
 
 
 940429   1     0     0          0.00        0.00        0.00          0.00
 940429   2     0     0          0.00        0.00        0.00          0.00
 940429   3     0     0          0.00        0.00        0.00          0.00
 940429   4     0     0          0.00        0.00        0.00          0.00
 940429   5     0     0          0.00        0.00        0.00          0.00
 940429   6     0     0          0.00        0.00        0.00          0.00
 940429   7     0     0          0.00        0.00        0.00          0.00
 940429   8     0     0          0.00        0.00        0.00          0.00
 940429   9     0     0          0.00        0.00        0.00          0.00
 940429  10     0     0          0.00        0.00        0.00          0.00
 940429  11     0     0          0.00        0.00        0.00          0.00
 940429  12     0     0          0.00        0.00        0.00          0.00
 940429  13     0     0          0.00        0.00        0.00          0.00
 940429  14     0     0          0.00        0.00        0.00          0.00
 940429  15     0     0          0.00        0.00        0.00          0.00
 940429  16     0     0          0.00        0.00        0.00          0.00
 940429  17     0     0          0.00        0.00        0.00          0.00
 940429  18     0     0          0.00        0.00        0.00          0.00
 940429  19     0     0          0.00        0.00        0.00          0.00
 940429  20     0     0          0.00        0.00        0.00          0.00
 940429  21     0     0          0.00        0.00        0.00          0.00
 940429  22     0     0          0.00        0.00        0.00          0.00
 940429  23     0     0          0.00        0.00        0.00          0.00
 940429  24     0     0          0.00        0.00        0.00          0.00
1     MAXIMUM OF MAXIMUM SIMULTANEOUS USERS
 
 
                   MAX
            TOTAL  SIM                MAXIMUM CPS                   CONNECT
 DATE  HOUR USERS USERS            IN         OUT       TOTAL         HOURS
 
      0   0     0     0          0.00        0.00        0.00          0.00
 
 
     MAXIMUM OF CONNECT HOURS
 
 
                   MAX
            TOTAL  SIM                MAXIMUM CPS                   CONNECT
 DATE  HOUR USERS USERS            IN         OUT       TOTAL         HOURS
 
      0   0     0     0          0.00        0.00        0.00          0.00
1
  