1
 
                   MAX
            TOTAL  SIM                MAXIMUM CPS                   CONNECT
 DATE  HOUR USERS USERS            IN         OUT       TOTAL         HOURS
 
 
 940425   1     0     0          0.00        0.00        0.00          0.00
 940425   2     3     2          4.15      561.83      565.98          0.63
 940425   3     3     1          3.67      580.92      584.58          0.40
 940425   4     7     3          4.97      580.92      584.58          0.83
 940425   5     1     1          0.03       19.43       19.47          0.03
 940425   6     1     1          0.03       19.43       19.47          0.47
 940425   7     0     0          0.00        0.00        0.00          0.00
 940425   8     1     1         12.55      133.05      145.60          0.05
 940425   9     2     2          1.02      251.40      252.42          1.18
 940425  10     4     3          1.35      251.40      252.42          1.95
 940425  11     5     2         13.15      220.30      221.25          1.55
 940425  12    17     6         13.15     1174.78     1186.85          3.08
 940425  13    36    16         13.18     1820.87     1834.05          8.38
 940425  14   133    36         22.77     1545.58     1560.92         23.98
 940425  15   228    43         33.07     1949.72     1979.15         30.93
 940425  16   183    46         16.52     1267.42     1279.30         29.82
 940425  17   247    41         10.42     1788.60     1799.02         30.95
 940425  18   121    33         35.28     1982.65     1991.38         26.25
 940425  19    74    26        104.02     2052.70     2058.57         21.17
 940425  20    64    21         15.25      846.77      860.15         14.47
 940425  21    45    13         15.03      907.75      922.08         10.85
 940425  22    54    13         12.75     1256.07     1267.80          9.43
 940425  23    23    12         22.47     1149.25     1161.62          5.48
 940425  24    21     5          2.47      573.75      574.42          3.07
1
 
                   MAX
            TOTAL  SIM                MAXIMUM CPS                   CONNECT
 DATE  HOUR USERS USERS            IN         OUT       TOTAL         HOURS
 
 
 940426   1    22     5         29.65      388.68      390.23          2.43
 940426   2     5     2          2.62      208.57      208.87          0.40
 940426   3     2     1          0.70      183.62      184.32          0.78
 940426   4     2     1          0.20       48.18       48.38          0.32
 940426   5     1     1          0.13       24.23       24.37          0.07
 940426   6     4     3          1.02      269.87      270.88          1.35
 940426   7     2     1          0.60      145.92      146.50          0.67
 940426   8     4     1          7.33       97.27      104.60          0.48
 940426   9     0     0          0.00        0.00        0.00          0.00
 940426  10     1     1          0.72       29.45       30.17          0.53
 940426  11     1     1          5.65      432.35      438.00          0.05
 940426  12     4     1          5.65      432.35      438.00          0.38
 940426  13    11     7         10.30      949.63      957.22          2.92
 940426  14    45    19         19.15     1660.30     1664.60         11.50
 940426  15    54    20         16.12     1866.57     1881.70         18.18
 940426  16    52    18         36.92     1972.23     1987.12         16.23
 940426  17    71    18        147.92     2319.67     2335.15         15.32
 940426  18    36    13          4.12      970.73      972.85          8.38
 940426  19    36    10         13.53     1137.33     1150.87          7.47
 940426  20    33     8         10.87      578.82      589.68          5.42
 940426  21    27    10          6.78      658.22      664.23          6.33
 940426  22    39    12         10.82     1224.97     1235.78          6.88
 940426  23    37     9         18.15     1054.83     1072.93          6.57
 940426  24    11     6          8.43      696.23      700.48          2.90
1
 
                   MAX
            TOTAL  SIM                MAXIMUM CPS                   CONNECT
 DATE  HOUR USERS USERS            IN         OUT       TOTAL         HOURS
 
 
 940427   1     9     2          2.52      209.12      211.63          0.93
 940427   2     4     2          0.67      139.82      140.48          0.37
 940427   3     3     2          0.73      142.05      142.78          0.48
 940427   4     1     1          0.40       28.50       28.90          0.02
 940427   5     0     0          0.00        0.00        0.00          0.00
 940427   6     3     2          0.47      112.02      112.48          0.83
 940427   7     0     0          0.00        0.00        0.00          0.00
 940427   8     2     2          1.68      164.77      166.45          0.67
 940427   9     3     2          1.68      210.30      211.92          1.23
 940427  10     1     1          1.42      131.52      132.93          0.10
 940427  11     2     2          5.53      370.30      375.83          0.47
 940427  12     7     2          5.53      481.98      485.82          1.13
 940427  13    23    12         16.32     1648.23     1664.28          7.12
 940427  14    49    18         19.90     1769.27     1781.05         14.58
 940427  15    64    24         18.63     2336.45     2352.27         18.60
 940427  16    67    19         27.37     1322.88     1331.33         16.22
 940427  17    60    18          8.42     1970.67     1975.22         15.32
 940427  18    52    15          5.15     1306.25     1308.73         10.78
 940427  19    39    10         23.20      791.35      792.80          6.73
 940427  20    45    13         10.58      793.38      803.40          9.65
 940427  21    29    10         11.00     1113.48     1123.23          7.63
 940427  22    27    10         86.82      588.32      671.60          6.28
 940427  23    71    12         86.72      739.83      746.63          7.88
 940427  24    27     6          5.87      536.88      538.47          4.18
1
 
                   MAX
            TOTAL  SIM                MAXIMUM CPS                   CONNECT
 DATE  HOUR USERS USERS            IN         OUT       TOTAL         HOURS
 
 
 940428   1    19     3          2.43      204.62      206.72          1.98
 940428   2     7     2          0.55      232.60      232.75          0.82
 940428   3     1     1          0.05       34.55       34.60          0.17
 940428   4     0     0          0.00        0.00        0.00          0.00
 940428   5     0     0          0.00        0.00        0.00          0.00
 940428   6     1     1          0.25       18.90       19.15          0.05
 940428   7     3     2          0.45       53.40       53.53          0.27
 940428   8     7     3         30.27      144.42      144.68          1.42
 940428   9     4     4          2.17      171.20      173.37          1.35
 940428  10     3     2          0.70      123.55      124.25          1.15
 940428  11     1     1          0.52       28.72       29.23          0.03
 940428  12     6     3          5.87      377.48      383.35          0.98
 940428  13     8     5         17.62      504.10      521.72          1.52
 940428  14    31    10         17.62      633.77      635.42          7.20
 940428  15    41    13         24.83     1360.47     1369.15          9.87
 940428  16    51    15         21.57      754.70      772.78         11.37
 940428  17    60    16         33.13      788.77      821.90         13.58
 940428  18    40    14         11.17     1433.22     1435.55          8.62
 940428  19    41     8         15.28      423.53      425.92          6.25
 940428  20    42     9         13.47     1358.22     1371.68          6.25
 940428  21    36    10          9.78      610.63      620.42          5.00
 940428  22    31     7          4.38      429.42      433.80          3.80
 940428  23    24     8          2.67      759.13      761.80          4.82
 940428  24    11     6          1.50      275.15      276.45          3.17
1
 
                   MAX
            TOTAL  SIM                MAXIMUM CPS                   CONNECT
 DATE  HOUR USERS USERS            IN         OUT       TOTAL         HOURS
 
 
 940429   1     7     3         42.38      335.67      335.90          0.70
 940429   2     0     0          0.00        0.00        0.00          0.00
 940429   3     3     1          0.78       98.02       98.80          0.22
 940429   4     5     1          1.58      142.13      142.43          0.47
 940429   5     0     0          0.00        0.00        0.00          0.00
 940429   6     0     0          0.00        0.00        0.00          0.00
 940429   7     1     1          6.80       93.00       99.80          0.15
 940429   8     3     1          6.80       99.72      100.78          0.55
 940429   9     1     1          1.07       99.72      100.78          0.57
 940429  10     2     2          0.57      150.08      150.65          0.78
 940429  11     1     1          3.72      446.63      450.35          0.05
 940429  12     7     3         12.37      742.85      752.90          1.63
 940429  13    18     5          5.88     1122.98     1126.88          2.70
 940429  14    32    14          5.50     1416.93     1422.37          8.22
 940429  15    43    17         19.00     1864.75     1883.75         10.98
 940429  16    44    13          7.48      604.03      606.62         10.27
 940429  17    52    16         13.02     1242.18     1244.57         12.72
 940429  18    37    15         10.57     1398.27     1400.38         10.23
 940429  19    30     9         21.47      455.87      457.63          6.17
 940429  20    22     9          6.70      361.22      362.98          5.02
 940429  21    32     8          6.80      544.62      547.85          6.28
 940429  22    16     6          5.53      201.37      201.85          3.62
 940429  23    12     3         14.22      201.42      203.03          0.95
 940429  24     9     3          1.18      273.78      274.97          1.65
1     MAXIMUM OF MAXIMUM SIMULTANEOUS USERS
 
 
                   MAX
            TOTAL  SIM                MAXIMUM CPS                   CONNECT
 DATE  HOUR USERS USERS            IN         OUT       TOTAL         HOURS
 
 940425  16   183    46         16.52     1267.42     1279.30         29.82
 
 
     MAXIMUM OF CONNECT HOURS
 
 
                   MAX
            TOTAL  SIM                MAXIMUM CPS                   CONNECT
 DATE  HOUR USERS USERS            IN         OUT       TOTAL         HOURS
 
 940425  17   247    41         10.42     1788.60     1799.02         30.95
1
  