1
 
                   MAX
            TOTAL  SIM                MAXIMUM CPS                   CONNECT
 DATE  HOUR USERS USERS            IN         OUT       TOTAL         HOURS
 
 
 940425   1     5     2         22.12       17.05       38.35          0.30
 940425   2    28     7          0.43        9.85       10.28          0.50
 940425   3    22     2          0.02        1.67        1.68          0.37
 940425   4    20     2          2.12        2.68        4.80          0.33
 940425   5    35     3          0.00        2.50        2.50          0.58
 940425   6    18     2          0.00        1.67        1.67          0.32
 940425   7     2     1          0.00        0.83        0.83          0.03
 940425   8     6     1          0.00        0.83        0.83          0.10
 940425   9     0     0          0.00        0.00        0.00          0.00
 940425  10     7     2         26.55       45.57       72.12          0.35
 940425  11    18     3         17.80      113.08      130.88          1.55
 940425  12    68    13         17.98      223.83      238.43          6.07
 940425  13   217    24         38.88      449.45      461.85         16.42
 940425  14   371    40         73.48      637.80      701.83         31.08
 940425  15   627    74        105.90     1051.53     1129.07         55.07
 940425  16   752    91        137.97      944.27     1034.75         67.92
 940425  17   377    58         99.60      419.78      519.38         34.87
 940425  18   328    31         80.68      441.20      472.05         25.08
 940425  19   353    34         77.58      466.13      501.48         25.63
 940425  20   348    34         51.72      436.12      486.27         23.95
 940425  21   324    36         78.10      554.52      619.35         23.32
 940425  22   223    23         65.72      415.97      424.58         16.30
 940425  23   153    15         72.37      371.20      406.60         11.45
 940425  24   123    11         45.68      291.17      323.43          7.02
1
 
                   MAX
            TOTAL  SIM                MAXIMUM CPS                   CONNECT
 DATE  HOUR USERS USERS            IN         OUT       TOTAL         HOURS
 
 
 940426   1    57     7         46.85      141.23      148.10          3.88
 940426   2    48     4         41.63      124.22      150.35          2.43
 940426   3    29     5         60.88       51.92      110.73          1.45
 940426   4    15     3         36.05       76.93       92.77          0.73
 940426   5    91    13          0.00       10.83       10.83          1.53
 940426   6     7     1          0.00        0.83        0.83          0.12
 940426   7     8     1          0.00        0.83        0.83          0.15
 940426   8     5     1          0.00        0.83        0.83          0.08
 940426   9     0     0          0.00        0.00        0.00          0.00
 940426  10    14     3         47.68       82.43       97.27          0.82
 940426  11    41     5         53.83      199.58      253.42          2.70
 940426  12    84    12         63.03      317.82      380.85          6.40
 940426  13   206    24         55.75      506.12      543.10         16.57
 940426  14   302    30        113.60      573.00      581.07         21.97
 940426  15   299    29         42.12      490.27      499.43         22.73
 940426  16   355    35         78.37      374.97      419.13         25.62
 940426  17   261    24         70.10      409.30      420.33         19.12
 940426  18   303    46        103.78      805.32      867.20         20.47
 940426  19   286    29        133.95      374.75      411.87         19.62
 940426  20   287    25         81.53      329.03      390.35         19.55
 940426  21   269    29         65.27      354.48      390.55         19.28
 940426  22   209    20         45.38      303.47      335.43         14.92
 940426  23   148    16        105.48      269.50      340.00          9.63
 940426  24    93    10         76.00      168.42      207.35          6.33
1
 
                   MAX
            TOTAL  SIM                MAXIMUM CPS                   CONNECT
 DATE  HOUR USERS USERS            IN         OUT       TOTAL         HOURS
 
 
 940427   1    64     8         44.17      183.23      205.52          3.50
 940427   2    37     5         38.63      130.73      168.22          2.15
 940427   3    22     4         56.17      123.95      167.20          1.47
 940427   4    17     2         35.73       48.05       83.78          0.82
 940427   5    26     5          0.00        4.17        4.17          0.43
 940427   6     0     0          0.00        0.00        0.00          0.00
 940427   7     0     0          0.00        0.00        0.00          0.00
 940427   8     0     0          0.00        0.00        0.00          0.00
 940427   9     0     0          0.00        0.00        0.00          0.00
 940427  10    16     3         44.58       83.67      128.25          0.93
 940427  11    31     5         49.92      139.65      189.57          2.47
 940427  12    73    12         38.68      348.37      387.05          6.47
 940427  13   197    23         39.65      354.28      375.92         16.38
 940427  14   254    26         70.30      411.13      428.97         19.52
 940427  15   315    29         54.05      388.02      397.28         23.68
 940427  16   324    36        185.70      455.70      623.67         26.47
 940427  17   280    28        210.10      411.72      611.68         20.25
 940427  18   284    27         74.35      400.00      426.27         20.25
 940427  19   293    26         39.88      462.72      472.85         20.12
 940427  20   278    26         61.32      383.60      397.55         20.53
 940427  21   303    28         96.27      322.95      353.28         20.47
 940427  22   200    20         73.28      392.42      451.13         14.07
 940427  23   143    15         67.63      225.98      251.73         10.00
 940427  24   103    10         60.12      166.93      227.05          5.80
1
 
                   MAX
            TOTAL  SIM                MAXIMUM CPS                   CONNECT
 DATE  HOUR USERS USERS            IN         OUT       TOTAL         HOURS
 
 
 940428   1    60     6         60.40      120.78      154.52          3.48
 940428   2    43     6         49.67       92.42      141.17          3.05
 940428   3    20     3         41.80      110.22      149.57          1.27
 940428   4    17     2         27.57       50.62       77.47          0.77
 940428   5    72     7          0.00        5.83        5.83          1.22
 940428   6     0     0          0.00        0.00        0.00          0.00
 940428   7     0     0          0.00        0.00        0.00          0.00
 940428   8     0     0          0.00        0.00        0.00          0.00
 940428   9     0     0          0.00        0.00        0.00          0.00
 940428  10    11     3         34.20       96.67      113.07          0.78
 940428  11    32     7         83.35      120.57      194.97          2.47
 940428  12    76    11         88.58      195.62      239.57          6.00
 940428  13   188    21         68.63      383.92      408.20         14.95
 940428  14   258    25         54.23      447.52      477.35         19.55
 940428  15   271    28         45.42      403.85      432.95         20.33
 940428  16   318    29         45.68      412.50      431.97         22.58
 940428  17   256    23         52.55      345.43      354.47         17.30
 940428  18   267    25         59.87      369.45      377.23         18.73
 940428  19   294    27         54.90      401.60      450.25         19.50
 940428  20   283    27        108.53      439.22      452.78         20.73
 940428  21   272    30        104.15      471.00      504.32         19.28
 940428  22   229    25         81.77      345.53      391.75         15.02
 940428  23   147    15         94.93      226.78      294.37          9.42
 940428  24    93    11         66.05      205.18      258.03          7.23
1
 
                   MAX
            TOTAL  SIM                MAXIMUM CPS                   CONNECT
 DATE  HOUR USERS USERS            IN         OUT       TOTAL         HOURS
 
 
 940429   1    61     7         72.10      147.65      189.63          3.75
 940429   2    45     4         42.57       89.33      113.75          2.42
 940429   3    24     3         36.08      129.88      165.97          1.23
 940429   4    16     3         25.23       81.78      107.00          0.90
 940429   5   151     9          0.02        7.50        7.50          2.63
 940429   6    26     2          0.00        1.67        1.67          0.43
 940429   7    30     2          0.00        1.67        1.67          0.50
 940429   8    12     2         23.52       12.93       36.45          0.28
 940429   9     0     0          0.00        0.00        0.00          0.00
 940429  10    26     3         32.30      162.15      191.42          1.33
 940429  11    39     8         53.27      192.28      233.03          2.90
 940429  12    79    14         58.18      275.25      332.13          6.42
 940429  13   178    19         32.68      326.77      358.57         14.23
 940429  14   222    28        219.12      508.60      724.65         21.88
 940429  15   280    27         44.52      560.00      592.85         22.50
 940429  16   303    28         53.95      451.92      505.87         21.78
 940429  17   251    22         41.07      407.10      443.22         16.65
 940429  18   217    24         50.07      464.73      490.35         16.25
 940429  19   245    23         50.30      467.08      517.38         17.77
 940429  20   250    24         78.98      414.62      476.90         17.33
 940429  21   221    23         50.77      322.62      370.32         15.63
 940429  22   149    18         37.00      235.50      259.50         10.65
 940429  23   116    13        108.43      199.67      237.20          8.17
 940429  24    72     8         70.53      196.62      246.45          4.53
1     MAXIMUM OF MAXIMUM SIMULTANEOUS USERS
 
 
                   MAX
            TOTAL  SIM                MAXIMUM CPS                   CONNECT
 DATE  HOUR USERS USERS            IN         OUT       TOTAL         HOURS
 
 940425  16   752    91        137.97      944.27     1034.75         67.92
 
 
     MAXIMUM OF CONNECT HOURS
 
 
                   MAX
            TOTAL  SIM                MAXIMUM CPS                   CONNECT
 DATE  HOUR USERS USERS            IN         OUT       TOTAL         HOURS
 
 940425  16   752    91        137.97      944.27     1034.75         67.92
1
  