1
 
                   MAX
            TOTAL  SIM                MAXIMUM CPS                   CONNECT
 DATE  HOUR USERS USERS            IN         OUT       TOTAL         HOURS
 
 
 940207   1     0     0          0.00        0.00        0.00          0.00
 940207   2     0     0          0.00        0.00        0.00          0.00
 940207   3     0     0          0.00        0.00        0.00          0.00
 940207   4     0     0          0.00        0.00        0.00          0.00
 940207   5     0     0          0.00        0.00        0.00          0.00
 940207   6     0     0          0.00        0.00        0.00          0.00
 940207   7     0     0          0.00        0.00        0.00          0.00
 940207   8     0     0          0.00        0.00        0.00          0.00
 940207   9     0     0          0.00        0.00        0.00          0.00
 940207  10     0     0          0.00        0.00        0.00          0.00
 940207  11     0     0          0.00        0.00        0.00          0.00
 940207  12     0     0          0.00        0.00        0.00          0.00
 940207  13     1     1          0.30       13.67       13.97          0.08
 940207  14     5     3          1.73       48.47       50.20          2.17
 940207  15     8     3          2.13       65.57       67.70          1.43
 940207  16     6     3          3.18       86.97       90.15          1.27
 940207  17    11     4          1.90      106.50      108.40          1.72
 940207  18     3     3          0.93       63.15       64.08          1.53
 940207  19     6     2          2.40      113.33      114.95          1.03
 940207  20     7     4          5.40      106.80      112.20          1.40
 940207  21     5     4          1.38      122.92      124.30          1.65
 940207  22     6     3          0.97       50.70       51.50          1.45
 940207  23     1     1          0.17       15.85       16.02          0.30
 940207  24     4     3          2.85       98.20      101.05          1.23
1
 
                   MAX
            TOTAL  SIM                MAXIMUM CPS                   CONNECT
 DATE  HOUR USERS USERS            IN         OUT       TOTAL         HOURS
 
 
 940208   1     3     2          1.60       54.95       56.55          0.13
 940208   2     0     0          0.00        0.00        0.00          0.00
 940208   3     0     0          0.00        0.00        0.00          0.00
 940208   4     0     0          0.00        0.00        0.00          0.00
 940208   5     0     0          0.00        0.00        0.00          0.00
 940208   6     0     0          0.00        0.00        0.00          0.00
 940208   7     0     0          0.00        0.00        0.00          0.00
 940208   8     0     0          0.00        0.00        0.00          0.00
 940208   9     0     0          0.00        0.00        0.00          0.00
 940208  10     0     0          0.00        0.00        0.00          0.00
 940208  11     0     0          0.00        0.00        0.00          0.00
 940208  12     0     0          0.00        0.00        0.00          0.00
 940208  13     2     1          3.10      124.78      127.88          0.10
 940208  14     5     4          3.70      143.32      147.02          0.98
 940208  15     7     3          2.70       69.57       72.27          1.35
 940208  16     4     2          1.13       46.95       48.08          0.82
 940208  17     5     2          1.13       41.42       42.55          0.73
 940208  18     5     2          1.35       73.03       74.38          0.62
 940208  19     6     3          1.32       53.22       54.53          1.50
 940208  20     4     2          1.40       37.83       39.23          1.15
 940208  21     6     2          1.40       50.25       50.85          1.28
 940208  22     7     3          3.57      138.47      140.80          1.22
 940208  23     3     2          1.10       65.57       66.67          0.87
 940208  24     0     0          0.00        0.00        0.00          0.00
1
 
                   MAX
            TOTAL  SIM                MAXIMUM CPS                   CONNECT
 DATE  HOUR USERS USERS            IN         OUT       TOTAL         HOURS
 
 
 940209   1     1     1          0.10        4.82        4.92          0.25
 940209   2     0     0          0.00        0.00        0.00          0.00
 940209   3     0     0          0.00        0.00        0.00          0.00
 940209   4     0     0          0.00        0.00        0.00          0.00
 940209   5     0     0          0.00        0.00        0.00          0.00
 940209   6     0     0          0.00        0.00        0.00          0.00
 940209   7     0     0          0.00        0.00        0.00          0.00
 940209   8     0     0          0.00        0.00        0.00          0.00
 940209   9     0     0          0.00        0.00        0.00          0.00
 940209  10     0     0          0.00        0.00        0.00          0.00
 940209  11     0     0          0.00        0.00        0.00          0.00
 940209  12     1     1          0.52       16.93       17.45          0.02
 940209  13     1     1          1.17      111.28      112.45          0.10
 940209  14     5     2          1.17      111.28      112.45          1.00
 940209  15     2     1          1.07       80.10       81.17          0.40
 940209  16     6     5          4.83      124.33      129.17          1.45
 940209  17     7     6          2.78      101.77      104.55          3.15
 940209  18    11     4          1.70       75.50       77.20          1.98
 940209  19     6     3          1.63       89.93       91.40          1.15
 940209  20     5     4          3.35       89.58       92.93          1.85
 940209  21     5     3          1.45       45.47       46.92          1.82
 940209  22     2     2          1.82       71.57       73.38          0.95
 940209  23     3     2          1.77       41.20       42.97          0.93
 940209  24     1     1          0.63        8.00        8.63          0.05
1
 
                   MAX
            TOTAL  SIM                MAXIMUM CPS                   CONNECT
 DATE  HOUR USERS USERS            IN         OUT       TOTAL         HOURS
 
 
 940210   1     0     0          0.00        0.00        0.00          0.00
 940210   2     0     0          0.00        0.00        0.00          0.00
 940210   3     0     0          0.00        0.00        0.00          0.00
 940210   4     0     0          0.00        0.00        0.00          0.00
 940210   5     0     0          0.00        0.00        0.00          0.00
 940210   6     0     0          0.00        0.00        0.00          0.00
 940210   7     0     0          0.00        0.00        0.00          0.00
 940210   8     0     0          0.00        0.00        0.00          0.00
 940210   9     0     0          0.00        0.00        0.00          0.00
 940210  10     0     0          0.00        0.00        0.00          0.00
 940210  11     0     0          0.00        0.00        0.00          0.00
 940210  12     0     0          0.00        0.00        0.00          0.00
 940210  13     1     1          1.47      114.97      116.43          0.08
 940210  14     1     1          0.40       10.55       10.95          0.30
 940210  15     6     3          2.22       78.40       79.97          1.63
 940210  16     3     1          1.78       91.25       93.03          0.15
 940210  17     1     1          0.87       19.92       20.78          0.05
 940210  18    10     3          3.85      123.60      127.45          1.07
 940210  19     9     3          3.47      165.40      168.87          1.83
 940210  20     4     2          1.20       61.95       63.15          1.50
 940210  21     5     2          2.03      173.10      175.05          1.02
 940210  22     3     2          1.88      104.37      105.58          0.63
 940210  23     3     2          1.88       69.38       71.27          0.37
 940210  24     0     0          0.00        0.00        0.00          0.00
1
 
                   MAX
            TOTAL  SIM                MAXIMUM CPS                   CONNECT
 DATE  HOUR USERS USERS            IN         OUT       TOTAL         HOURS
 
 
 940211   1     0     0          0.00        0.00        0.00          0.00
 940211   2     0     0          0.00        0.00        0.00          0.00
 940211   3     0     0          0.00        0.00        0.00          0.00
 940211   4     0     0          0.00        0.00        0.00          0.00
 940211   5     0     0          0.00        0.00        0.00          0.00
 940211   6     0     0          0.00        0.00        0.00          0.00
 940211   7     0     0          0.00        0.00        0.00          0.00
 940211   8     0     0          0.00        0.00        0.00          0.00
 940211   9     0     0          0.00        0.00        0.00          0.00
 940211  10     0     0          0.00        0.00        0.00          0.00
 940211  11     0     0          0.00        0.00        0.00          0.00
 940211  12     0     0          0.00        0.00        0.00          0.00
 940211  13     0     0          0.00        0.00        0.00          0.00
 940211  14     0     0          0.00        0.00        0.00          0.00
 940211  15     0     0          0.00        0.00        0.00          0.00
 940211  16     0     0          0.00        0.00        0.00          0.00
 940211  17     3     2          0.80       19.37       20.17          0.90
 940211  18     3     2          2.63       69.30       71.93          0.53
 940211  19     0     0          0.00        0.00        0.00          0.00
 940211  20     0     0          0.00        0.00        0.00          0.00
 940211  21     1     1          0.92       67.17       68.08          0.07
 940211  22     1     1          0.32       19.10       19.42          0.70
 940211  23     4     2          2.23       77.65       79.88          1.10
 940211  24     3     2          2.23       77.65       79.88          0.33
1     MAXIMUM OF MAXIMUM SIMULTANEOUS USERS
 
 
                   MAX
            TOTAL  SIM                MAXIMUM CPS                   CONNECT
 DATE  HOUR USERS USERS            IN         OUT       TOTAL         HOURS
 
 940209  17     7     6          2.78      101.77      104.55          3.15
 
 
     MAXIMUM OF CONNECT HOURS
 
 
                   MAX
            TOTAL  SIM                MAXIMUM CPS                   CONNECT
 DATE  HOUR USERS USERS            IN         OUT       TOTAL         HOURS
 
 940209  17     7     6          2.78      101.77      104.55          3.15
1
  