1
 
                   MAX
            TOTAL  SIM                MAXIMUM CPS                   CONNECT
 DATE  HOUR USERS USERS            IN         OUT       TOTAL         HOURS
 
 
 940207   1     0     0          0.00        0.00        0.00          0.00
 940207   2     0     0          0.00        0.00        0.00          0.00
 940207   3     0     0          0.00        0.00        0.00          0.00
 940207   4     0     0          0.00        0.00        0.00          0.00
 940207   5     0     0          0.00        0.00        0.00          0.00
 940207   6     0     0          0.00        0.00        0.00          0.00
 940207   7     0     0          0.00        0.00        0.00          0.00
 940207   8     0     0          0.00        0.00        0.00          0.00
 940207   9     0     0          0.00        0.00        0.00          0.00
 940207  10     0     0          0.00        0.00        0.00          0.00
 940207  11     0     0          0.00        0.00        0.00          0.00
 940207  12     0     0          0.00        0.00        0.00          0.00
 940207  13     0     0          0.00        0.00        0.00          0.00
 940207  14     1     1          3.13       33.12       36.25          0.03
 940207  15     2     1          1.72       39.23       40.95          0.17
 940207  16     4     2          2.25      316.12      318.37          0.75
 940207  17     5     3          9.57      256.43      266.00          1.20
 940207  18     2     1          3.98       30.02       34.00          0.52
 940207  19     1     1          7.40       20.13       27.53          0.15
 940207  20     1     1          0.33       12.33       12.67          0.17
 940207  21     5     3         22.27      210.53      214.40          0.85
 940207  22     4     2        129.00      138.13      236.77          1.00
 940207  23     1     1          0.05        0.82        0.87          0.03
 940207  24     0     0          0.00        0.00        0.00          0.00
1
 
                   MAX
            TOTAL  SIM                MAXIMUM CPS                   CONNECT
 DATE  HOUR USERS USERS            IN         OUT       TOTAL         HOURS
 
 
 940208   1     0     0          0.00        0.00        0.00          0.00
 940208   2     0     0          0.00        0.00        0.00          0.00
 940208   3     0     0          0.00        0.00        0.00          0.00
 940208   4     0     0          0.00        0.00        0.00          0.00
 940208   5     0     0          0.00        0.00        0.00          0.00
 940208   6     0     0          0.00        0.00        0.00          0.00
 940208   7     0     0          0.00        0.00        0.00          0.00
 940208   8     0     0          0.00        0.00        0.00          0.00
 940208   9     0     0          0.00        0.00        0.00          0.00
 940208  10     0     0          0.00        0.00        0.00          0.00
 940208  11     0     0          0.00        0.00        0.00          0.00
 940208  12     0     0          0.00        0.00        0.00          0.00
 940208  13     0     0          0.00        0.00        0.00          0.00
 940208  14     3     2          3.18       44.52       47.70          0.32
 940208  15     4     2        135.42      282.77      284.68          1.05
 940208  16     3     2          3.05      147.23      147.68          0.60
 940208  17     2     1          2.38      147.23      147.68          0.32
 940208  18     0     0          0.00        0.00        0.00          0.00
 940208  19     2     2          0.48      255.72      256.20          0.48
 940208  20     2     1          2.13      240.75      242.88          0.93
 940208  21     5     2          3.13      245.22      248.25          0.27
 940208  22     1     1          7.98       29.98       37.97          0.05
 940208  23     4     2          8.88       41.57       50.45          0.20
 940208  24     0     0          0.00        0.00        0.00          0.00
1
 
                   MAX
            TOTAL  SIM                MAXIMUM CPS                   CONNECT
 DATE  HOUR USERS USERS            IN         OUT       TOTAL         HOURS
 
 
 940209   1     0     0          0.00        0.00        0.00          0.00
 940209   2     0     0          0.00        0.00        0.00          0.00
 940209   3     0     0          0.00        0.00        0.00          0.00
 940209   4     0     0          0.00        0.00        0.00          0.00
 940209   5     0     0          0.00        0.00        0.00          0.00
 940209   6     0     0          0.00        0.00        0.00          0.00
 940209   7     0     0          0.00        0.00        0.00          0.00
 940209   8     0     0          0.00        0.00        0.00          0.00
 940209   9     0     0          0.00        0.00        0.00          0.00
 940209  10     0     0          0.00        0.00        0.00          0.00
 940209  11     0     0          0.00        0.00        0.00          0.00
 940209  12     0     0          0.00        0.00        0.00          0.00
 940209  13     0     0          0.00        0.00        0.00          0.00
 940209  14     4     1         55.08       34.30       71.02          0.20
 940209  15     5     2          3.05      351.08      352.70          0.97
 940209  16     6     2         10.23       81.30       89.97          0.58
 940209  17     7     3          1.03      195.58      196.62          0.70
 940209  18     3     1         25.37      220.80      246.17          0.55
 940209  19     3     1         53.53      183.15      183.82          0.37
 940209  20     5     2         83.48      279.20      362.68          0.43
 940209  21     6     2        124.15       53.60      177.75          0.72
 940209  22     3     2          5.40       72.02       77.42          0.55
 940209  23     7     2         67.13       53.38      105.75          0.37
 940209  24     0     0          0.00        0.00        0.00          0.00
1
 
                   MAX
            TOTAL  SIM                MAXIMUM CPS                   CONNECT
 DATE  HOUR USERS USERS            IN         OUT       TOTAL         HOURS
 
 
 940210   1     0     0          0.00        0.00        0.00          0.00
 940210   2     0     0          0.00        0.00        0.00          0.00
 940210   3     0     0          0.00        0.00        0.00          0.00
 940210   4     0     0          0.00        0.00        0.00          0.00
 940210   5     0     0          0.00        0.00        0.00          0.00
 940210   6     0     0          0.00        0.00        0.00          0.00
 940210   7     0     0          0.00        0.00        0.00          0.00
 940210   8     0     0          0.00        0.00        0.00          0.00
 940210   9     0     0          0.00        0.00        0.00          0.00
 940210  10     0     0          0.00        0.00        0.00          0.00
 940210  11     0     0          0.00        0.00        0.00          0.00
 940210  12     0     0          0.00        0.00        0.00          0.00
 940210  13     0     0          0.00        0.00        0.00          0.00
 940210  14     0     0          0.00        0.00        0.00          0.00
 940210  15     3     1          8.97      129.67      130.07          0.25
 940210  16     3     2          1.13      240.18      241.03          0.97
 940210  17     0     0          0.00        0.00        0.00          0.00
 940210  18     0     0          0.00        0.00        0.00          0.00
 940210  19     1     1          5.68       30.72       36.40          0.12
 940210  20     1     1          1.73       81.57       83.30          0.08
 940210  21     4     2          7.05       41.55       46.75          0.23
 940210  22     3     2          4.85       67.82       72.67          0.48
 940210  23     2     1         97.52       37.20      116.47          0.07
 940210  24     0     0          0.00        0.00        0.00          0.00
1
 
                   MAX
            TOTAL  SIM                MAXIMUM CPS                   CONNECT
 DATE  HOUR USERS USERS            IN         OUT       TOTAL         HOURS
 
 
 940211   1     0     0          0.00        0.00        0.00          0.00
 940211   2     0     0          0.00        0.00        0.00          0.00
 940211   3     0     0          0.00        0.00        0.00          0.00
 940211   4     0     0          0.00        0.00        0.00          0.00
 940211   5     0     0          0.00        0.00        0.00          0.00
 940211   6     2     1          0.55       19.07       19.62          0.08
 940211   7     0     0          0.00        0.00        0.00          0.00
 940211   8     0     0          0.00        0.00        0.00          0.00
 940211   9     0     0          0.00        0.00        0.00          0.00
 940211  10     0     0          0.00        0.00        0.00          0.00
 940211  11     0     0          0.00        0.00        0.00          0.00
 940211  12     0     0          0.00        0.00        0.00          0.00
 940211  13     2     1          0.55       35.57       35.97          0.25
 940211  14     1     1          1.85      246.45      248.30          0.03
 940211  15     3     2          3.45      246.45      248.30          0.60
 940211  16     2     2         93.18      142.77      235.95          0.10
 940211  17     0     0          0.00        0.00        0.00          0.00
 940211  18     1     1          2.28       83.65       85.93          0.08
 940211  19     3     1          1.75       28.63       29.95          0.08
 940211  20     5     1          2.20       63.62       65.27          0.42
 940211  21     3     1        138.83       62.82      175.38          0.37
 940211  22     0     0          0.00        0.00        0.00          0.00
 940211  23     0     0          0.00        0.00        0.00          0.00
 940211  24     0     0          0.00        0.00        0.00          0.00
1     MAXIMUM OF MAXIMUM SIMULTANEOUS USERS
 
 
                   MAX
            TOTAL  SIM                MAXIMUM CPS                   CONNECT
 DATE  HOUR USERS USERS            IN         OUT       TOTAL         HOURS
 
 940207  17     5     3          9.57      256.43      266.00          1.20
 
 
     MAXIMUM OF CONNECT HOURS
 
 
                   MAX
            TOTAL  SIM                MAXIMUM CPS                   CONNECT
 DATE  HOUR USERS USERS            IN         OUT       TOTAL         HOURS
 
 940207  17     5     3          9.57      256.43      266.00          1.20
1
  