1
 
                   MAX
            TOTAL  SIM                MAXIMUM CPS                   CONNECT
 DATE  HOUR USERS USERS            IN         OUT       TOTAL         HOURS
 
 
 940207   1     0     0          0.00        0.00        0.00          0.00
 940207   2     0     0          0.00        0.00        0.00          0.00
 940207   3     0     0          0.00        0.00        0.00          0.00
 940207   4     0     0          0.00        0.00        0.00          0.00
 940207   5     0     0          0.00        0.00        0.00          0.00
 940207   6     0     0          0.00        0.00        0.00          0.00
 940207   7     0     0          0.00        0.00        0.00          0.00
 940207   8     0     0          0.00        0.00        0.00          0.00
 940207   9     0     0          0.00        0.00        0.00          0.00
 940207  10     0     0          0.00        0.00        0.00          0.00
 940207  11     0     0          0.00        0.00        0.00          0.00
 940207  12     0     0          0.00        0.00        0.00          0.00
 940207  13     0     0          0.00        0.00        0.00          0.00
 940207  14     0     0          0.00        0.00        0.00          0.00
 940207  15     0     0          0.00        0.00        0.00          0.00
 940207  16     2     1          0.35       93.32       93.67          0.05
 940207  17     1     1          0.45       93.17       93.62          0.05
 940207  18     2     2          0.67      220.03      220.70          0.20
 940207  19    18     3          0.58      279.23      279.68          1.38
 940207  20    12     3          0.70      311.78      312.38          0.82
 940207  21     2     1          0.13       81.25       81.38          0.12
 940207  22     2     1          0.22      122.17      122.38          0.15
 940207  23     1     1          0.47      110.98      111.45          0.03
 940207  24     0     0          0.00        0.00        0.00          0.00
1
 
                   MAX
            TOTAL  SIM                MAXIMUM CPS                   CONNECT
 DATE  HOUR USERS USERS            IN         OUT       TOTAL         HOURS
 
 
 940208   1     0     0          0.00        0.00        0.00          0.00
 940208   2     0     0          0.00        0.00        0.00          0.00
 940208   3     0     0          0.00        0.00        0.00          0.00
 940208   4     0     0          0.00        0.00        0.00          0.00
 940208   5     0     0          0.00        0.00        0.00          0.00
 940208   6     0     0          0.00        0.00        0.00          0.00
 940208   7     0     0          0.00        0.00        0.00          0.00
 940208   8     0     0          0.00        0.00        0.00          0.00
 940208   9     0     0          0.00        0.00        0.00          0.00
 940208  10     0     0          0.00        0.00        0.00          0.00
 940208  11     0     0          0.00        0.00        0.00          0.00
 940208  12     0     0          0.00        0.00        0.00          0.00
 940208  13     0     0          0.00        0.00        0.00          0.00
 940208  14     0     0          0.00        0.00        0.00          0.00
 940208  15     1     1          0.35      111.18      111.53          0.03
 940208  16     0     0          0.00        0.00        0.00          0.00
 940208  17     0     0          0.00        0.00        0.00          0.00
 940208  18     2     1          0.57       90.87       91.43          0.13
 940208  19    15     4          0.93      320.17      321.10          0.98
 940208  20    11     4          1.15      270.20      271.07          0.68
 940208  21     3     1          0.33       97.60       97.78          0.13
 940208  22     0     0          0.00        0.00        0.00          0.00
 940208  23     1     1          0.47       94.13       94.60          0.03
 940208  24     0     0          0.00        0.00        0.00          0.00
1
 
                   MAX
            TOTAL  SIM                MAXIMUM CPS                   CONNECT
 DATE  HOUR USERS USERS            IN         OUT       TOTAL         HOURS
 
 
 940209   1     0     0          0.00        0.00        0.00          0.00
 940209   2     0     0          0.00        0.00        0.00          0.00
 940209   3     0     0          0.00        0.00        0.00          0.00
 940209   4     0     0          0.00        0.00        0.00          0.00
 940209   5     0     0          0.00        0.00        0.00          0.00
 940209   6     0     0          0.00        0.00        0.00          0.00
 940209   7     0     0          0.00        0.00        0.00          0.00
 940209   8     0     0          0.00        0.00        0.00          0.00
 940209   9     0     0          0.00        0.00        0.00          0.00
 940209  10     0     0          0.00        0.00        0.00          0.00
 940209  11     0     0          0.00        0.00        0.00          0.00
 940209  12     0     0          0.00        0.00        0.00          0.00
 940209  13     0     0          0.00        0.00        0.00          0.00
 940209  14     0     0          0.00        0.00        0.00          0.00
 940209  15     1     1          0.02      110.60      110.62          0.13
 940209  16     3     2          0.50      221.72      222.08          0.10
 940209  17     0     0          0.00        0.00        0.00          0.00
 940209  18     2     1          0.13       61.57       61.70          0.15
 940209  19    19     3          0.55      285.30      285.58          1.45
 940209  20     9     3          0.30      208.45      208.73          0.77
 940209  21     3     1          0.48       92.90       93.05          0.13
 940209  22     1     1          0.18       97.60       97.78          0.05
 940209  23     1     1          0.23       59.47       59.70          0.05
 940209  24     0     0          0.00        0.00        0.00          0.00
1
 
                   MAX
            TOTAL  SIM                MAXIMUM CPS                   CONNECT
 DATE  HOUR USERS USERS            IN         OUT       TOTAL         HOURS
 
 
 940210   1     0     0          0.00        0.00        0.00          0.00
 940210   2     0     0          0.00        0.00        0.00          0.00
 940210   3     0     0          0.00        0.00        0.00          0.00
 940210   4     0     0          0.00        0.00        0.00          0.00
 940210   5     0     0          0.00        0.00        0.00          0.00
 940210   6     0     0          0.00        0.00        0.00          0.00
 940210   7     0     0          0.00        0.00        0.00          0.00
 940210   8     0     0          0.00        0.00        0.00          0.00
 940210   9     0     0          0.00        0.00        0.00          0.00
 940210  10     0     0          0.00        0.00        0.00          0.00
 940210  11     0     0          0.00        0.00        0.00          0.00
 940210  12     0     0          0.00        0.00        0.00          0.00
 940210  13     0     0          0.00        0.00        0.00          0.00
 940210  14     0     0          0.00        0.00        0.00          0.00
 940210  15     0     0          0.00        0.00        0.00          0.00
 940210  16     1     1          0.35       93.32       93.67          0.03
 940210  17     1     1          0.23        6.32        6.55          0.05
 940210  18     2     2          0.30      201.22      201.52          0.15
 940210  19    13     3          0.90      295.43      296.33          1.30
 940210  20    16     3          0.97      295.43      296.33          0.87
 940210  21     5     2          0.50      114.15      114.53          0.20
 940210  22     3     2          0.53      110.88      111.23          0.10
 940210  23     2     1          0.15      101.75      101.90          0.08
 940210  24     0     0          0.00        0.00        0.00          0.00
1
 
                   MAX
            TOTAL  SIM                MAXIMUM CPS                   CONNECT
 DATE  HOUR USERS USERS            IN         OUT       TOTAL         HOURS
 
 
 940211   1     0     0          0.00        0.00        0.00          0.00
 940211   2     0     0          0.00        0.00        0.00          0.00
 940211   3     0     0          0.00        0.00        0.00          0.00
 940211   4     0     0          0.00        0.00        0.00          0.00
 940211   5     0     0          0.00        0.00        0.00          0.00
 940211   6     0     0          0.00        0.00        0.00          0.00
 940211   7     0     0          0.00        0.00        0.00          0.00
 940211   8     0     0          0.00        0.00        0.00          0.00
 940211   9     0     0          0.00        0.00        0.00          0.00
 940211  10     0     0          0.00        0.00        0.00          0.00
 940211  11     0     0          0.00        0.00        0.00          0.00
 940211  12     0     0          0.00        0.00        0.00          0.00
 940211  13     0     0          0.00        0.00        0.00          0.00
 940211  14     0     0          0.00        0.00        0.00          0.00
 940211  15     0     0          0.00        0.00        0.00          0.00
 940211  16     0     0          0.00        0.00        0.00          0.00
 940211  17     3     2          0.48      114.57      115.05          0.10
 940211  18     8     3          0.53      162.05      162.58          0.52
 940211  19    17     3          1.15      244.88      246.03          1.22
 940211  20    17     3          0.70      228.93      229.27          0.97
 940211  21     0     0          0.00        0.00        0.00          0.00
 940211  22     1     1          0.02        1.33        1.35          0.02
 940211  23     1     1          0.22      107.80      108.02          0.07
 940211  24     0     0          0.00        0.00        0.00          0.00
1     MAXIMUM OF MAXIMUM SIMULTANEOUS USERS
 
 
                   MAX
            TOTAL  SIM                MAXIMUM CPS                   CONNECT
 DATE  HOUR USERS USERS            IN         OUT       TOTAL         HOURS
 
 940208  19    15     4          0.93      320.17      321.10          0.98
 
 
     MAXIMUM OF CONNECT HOURS
 
 
                   MAX
            TOTAL  SIM                MAXIMUM CPS                   CONNECT
 DATE  HOUR USERS USERS            IN         OUT       TOTAL         HOURS
 
 940209  19    19     3          0.55      285.30      285.58          1.45
1
  