1
 
                   MAX
            TOTAL  SIM                MAXIMUM CPS                   CONNECT
 DATE  HOUR USERS USERS            IN         OUT       TOTAL         HOURS
 
 
 921026   1    59    13         52.98      744.02      761.67          9.45
 921026   2    77    20         67.93     1101.88     1151.53         12.03
 921026   3    88    21         95.65     1158.15     1231.90         16.10
 921026   4    92    19        136.97      973.02     1056.23         15.40
 921026   5    73    19        116.62      850.48      949.93         13.15
 921026   6    50    13        106.85      891.28      962.28         10.60
 921026   7    30    13         74.52     1052.58     1065.82          9.30
 921026   8    23     8         70.78      469.63      482.23          4.77
 921026   9    27     9         24.03      415.28      427.82          4.27
 921026  10    22     5        142.80      363.40      406.70          1.73
 921026  11    16     4         11.23      594.90      606.13          1.73
 921026  12    24     5         14.92      318.90      329.48          2.80
 921026  13    26     7         47.70      747.58      764.23          3.52
 921026  14    47     9        245.37      580.70      600.25          5.58
 921026  15    53    12         28.33      408.95      425.45          7.72
 921026  16    48    10         24.33      477.75      502.08          7.13
 921026  17    53    11         16.18      399.98      408.92          8.00
 921026  18    73    14         42.15      524.52      539.43          9.27
 921026  19    81    15         23.73      836.48      855.55          9.43
 921026  20    60    16         27.12      613.90      625.57         11.20
 921026  21    82    19         48.98      880.58      901.23         11.37
 921026  22    86    15         52.75      905.98      912.45         10.20
 921026  23    51     8         31.27      497.08      501.40          5.95
 921026  24    60    10        136.90      614.20      633.75          7.43
1
 
                   MAX
            TOTAL  SIM                MAXIMUM CPS                   CONNECT
 DATE  HOUR USERS USERS            IN         OUT       TOTAL         HOURS
 
 
 921027   1   111    20         49.68     1077.60     1108.65         13.35
 921027   2    95    22         37.15      883.25      911.25         15.28
 921027   3    68    18         38.48     1009.30     1032.20         14.08
 921027   4    83    17         72.98      890.10      923.03         14.12
 921027   5    97    22         88.00     1130.53     1168.08         16.92
 921027   6    54    15        142.53      805.90      942.73         12.35
 921027   7    49    14         85.72      690.22      706.27         10.35
 921027   8    29     8         47.22      531.85      538.47          5.82
 921027   9    31     8         28.48      614.70      621.47          3.55
 921027  10    23     6         10.58      380.70      385.48          3.83
 921027  11    30     6         33.58      535.78      547.97          3.40
 921027  12    44     6         65.77      327.53      339.90          3.18
 921027  13    37    10         34.78      669.38      693.48          4.60
 921027  14    50    11         50.72      589.22      625.62          6.60
 921027  15    59    11         56.98      679.18      736.17          8.92
 921027  16    74    15         62.08      909.80      931.33         11.43
 921027  17    54    12         41.22      769.92      782.23          8.78
 921027  18    64    14         36.68      546.17      574.22          6.57
 921027  19    81    11        107.42      884.08      898.42          8.08
 921027  20    66    11        105.40      564.60      578.20          7.72
 921027  21    58    14         37.33      641.48      678.82          9.07
 921027  22    63    13         53.32      384.90      403.68          8.28
 921027  23    79    12         57.02      606.72      633.88          8.90
 921027  24    59    11         81.17      422.07      439.83          6.13
1
 
                   MAX
            TOTAL  SIM                MAXIMUM CPS                   CONNECT
 DATE  HOUR USERS USERS            IN         OUT       TOTAL         HOURS
 
 
 921028   1    73    14        100.07      840.47      855.47         10.58
 921028   2    97    19        183.23     1021.55     1203.15         15.50
 921028   3   100    25         38.72     1102.53     1136.27         20.10
 921028   4   103    20         63.85      943.70     1001.35         15.40
 921028   5   105    23         42.60     1253.32     1285.57         17.42
 921028   6    57    16        115.42      796.90      912.32         11.45
 921028   7    50    11         33.85      639.75      671.68          7.32
 921028   8    19     9         37.45      716.65      733.92          5.95
 921028   9    24     6         40.02      296.22      313.07          3.93
 921028  10    14     6         25.75      202.62      220.67          3.42
 921028  11    21     4         16.37      366.50      376.57          1.92
 921028  12    23     4         25.05      412.83      420.03          1.80
 921028  13    52     6         28.37      422.82      441.52          4.38
 921028  14    58    13         52.85      741.12      751.17          6.80
 921028  15    64    12         36.28      717.53      730.00          8.13
 921028  16    76    11         53.63      603.37      624.70          8.40
 921028  17    85    13         41.43      953.40      962.52          8.87
 921028  18    54    11         37.62      743.78      757.05          7.45
 921028  19    55    10         61.47      511.58      555.02          6.80
 921028  20    77    11        145.78      560.18      589.88          5.97
 921028  21    65    12         57.07      787.90      795.52          9.28
 921028  22    60    12         41.23      538.97      549.53          8.70
 921028  23    74    14         34.23      625.78      638.67          9.70
 921028  24    51    11         35.62      526.23      538.80          8.35
1
 
                   MAX
            TOTAL  SIM                MAXIMUM CPS                   CONNECT
 DATE  HOUR USERS USERS            IN         OUT       TOTAL         HOURS
 
 
 921029   1    71    16         73.10      716.25      748.07         12.25
 921029   2   100    19         53.75     1067.12     1115.70         15.47
 921029   3    77    22         40.92     1141.53     1159.18         18.13
 921029   4    96    23         77.30     1073.62     1093.63         18.32
 921029   5   112    22         64.12     1293.70     1323.85         16.58
 921029   6    56    17         65.13     1182.12     1194.95         13.78
 921029   7    55    17         50.78      835.33      860.63         13.03
 921029   8    31    12         22.72      732.37      742.92          8.52
 921029   9    23     7         24.22      741.15      748.03          3.03
 921029  10    20     5         38.62      345.75      351.37          2.85
 921029  11    23     7         26.15      788.43      801.42          3.40
 921029  12    22     5         25.72      496.42      506.68          3.25
 921029  13    42     8         27.00      569.72      592.25          4.45
 921029  14    55    12         33.97      719.07      728.93          6.87
 921029  15    71    13         45.35      736.83      775.28         10.25
 921029  16    72    15         56.28      699.70      710.82         11.22
 921029  17    84    17         66.45      861.45      927.90         13.33
 921029  18    68    15        313.37      870.75      910.98         10.72
 921029  19    52    12         25.88      841.60      857.83          8.58
 921029  20    58    16         27.98      802.35      815.02         12.30
 921029  21    75    13         26.15      510.70      531.58         10.63
 921029  22    67    15        204.97      810.75      822.00         11.15
 921029  23    80    14         71.27      632.47      674.48          9.22
 921029  24    60    13         42.72      578.98      595.15          7.68
1
 
                   MAX
            TOTAL  SIM                MAXIMUM CPS                   CONNECT
 DATE  HOUR USERS USERS            IN         OUT       TOTAL         HOURS
 
 
 921030   1    77    16        135.98      909.55      932.13         10.90
 921030   2    88    19         95.55     1174.50     1193.77         15.50
 921030   3   106    24         49.30     1207.57     1224.92         18.47
 921030   4   103    25        100.15     1174.47     1210.73         18.40
 921030   5   102    23         87.75     1158.95     1209.57         17.42
 921030   6    75    19         71.30      895.60      911.32         12.90
 921030   7    47    12         71.30      994.95     1004.08          9.85
 921030   8    36    10         48.15      673.67      681.85          6.85
 921030   9    28     7        116.07      571.12      584.92          4.37
 921030  10    21     6        117.07      457.17      461.57          4.03
 921030  11    30     5         60.82      367.97      376.20          2.50
 921030  12    39     6         21.95      452.65      464.90          3.55
 921030  13    40     8         33.53      659.45      677.62          3.67
 921030  14    52    11         38.17      731.07      759.17          6.88
 921030  15    73    15         57.07      563.65      620.72          8.83
 921030  16    86    17        539.97      511.23      882.72         11.72
 921030  17    74    16         43.58      645.08      664.83         10.93
 921030  18    50     9         27.23      563.85      576.47          7.18
 921030  19    52    11         36.92      535.18      552.17          7.82
 921030  20    66    14         51.35      648.50      659.95         10.55
 921030  21    60    17         40.67      899.15      914.70         10.18
 921030  22    88    13         21.02      754.48      763.52          9.02
 921030  23    67    11         16.95      671.20      684.50          7.25
 921030  24    47    10         46.17      421.52      431.58          5.35
1     MAXIMUM OF MAXIMUM SIMULTANEOUS USERS
 
 
                   MAX
            TOTAL  SIM                MAXIMUM CPS                   CONNECT
 DATE  HOUR USERS USERS            IN         OUT       TOTAL         HOURS
 
 921028   3   100    25         38.72     1102.53     1136.27         20.10
 
 
     MAXIMUM OF CONNECT HOURS
 
 
                   MAX
            TOTAL  SIM                MAXIMUM CPS                   CONNECT
 DATE  HOUR USERS USERS            IN         OUT       TOTAL         HOURS
 
 921028   3   100    25         38.72     1102.53     1136.27         20.10
1
  