1
 
                   MAX
            TOTAL  SIM                MAXIMUM CPS                   CONNECT
 DATE  HOUR USERS USERS            IN         OUT       TOTAL         HOURS
 
 
 921026   1    62    12         59.57     1121.00     1172.73          9.23
 921026   2    82    18         53.83     1000.70     1045.82         12.18
 921026   3    80    21         55.43     1172.88     1202.78         16.15
 921026   4    82    20         72.12     1181.32     1213.87         15.73
 921026   5    71    17         67.22     1120.08     1141.07         13.07
 921026   6    58    13        114.67     1386.78     1400.58         10.32
 921026   7    54    15         48.58      835.90      850.55          8.80
 921026   8    34     9         33.88      451.53      468.77          5.38
 921026   9    19     8         27.07      335.58      345.45          3.70
 921026  10    15     6        137.53      228.73      236.07          2.95
 921026  11    13     5         53.53      601.65      605.85          2.38
 921026  12    20     5        166.18      349.57      497.50          2.72
 921026  13    31     6        139.12      565.68      575.53          3.05
 921026  14    37     8         67.92      663.05      675.95          5.00
 921026  15    48    11         47.38      521.53      531.17          8.07
 921026  16    61    11         35.77      401.40      420.07          7.40
 921026  17    45    12         17.20      381.52      398.52          8.03
 921026  18    48    14         15.07      603.45      615.12          9.35
 921026  19    73    16         26.02     1406.92     1416.87          9.23
 921026  20    70    16         19.63      470.80      490.43         10.30
 921026  21    85    18        126.68      867.13      939.97         11.18
 921026  22    73    15        188.30      828.20      916.57         10.23
 921026  23    58     9         88.05      357.63      376.35          6.13
 921026  24    47    10         34.07      594.28      625.82          6.88
1
 
                   MAX
            TOTAL  SIM                MAXIMUM CPS                   CONNECT
 DATE  HOUR USERS USERS            IN         OUT       TOTAL         HOURS
 
 
 921027   1    92    19         89.32      904.23      943.53         13.33
 921027   2    96    21         63.60     1213.42     1240.83         15.30
 921027   3    99    19         41.97      955.82      983.82         13.57
 921027   4    99    18         53.63     1031.08     1062.47         14.12
 921027   5    79    22         54.50     1051.17     1105.67         17.12
 921027   6    59    15         64.35      585.15      611.17         11.65
 921027   7    61    15         23.38     1212.02     1221.78         10.57
 921027   8    28     9         13.85      819.85      824.38          5.47
 921027   9    20     6         14.75      502.07      508.47          3.82
 921027  10    22     6         59.22      659.02      660.98          4.08
 921027  11    14     6          8.60      524.00      528.77          3.03
 921027  12    18     4         21.53      426.12      433.37          1.85
 921027  13    30     9         19.77      759.25      772.20          4.47
 921027  14    47    10         28.47      775.12      787.02          6.22
 921027  15    76    14         30.78      848.88      859.40          8.63
 921027  16    77    16         79.72      980.92     1002.50         11.62
 921027  17    58    12         27.57      799.78      808.32          8.77
 921027  18    37    12         37.60      611.53      621.78          6.52
 921027  19    46    12         17.35      738.28      749.93          8.57
 921027  20    48    11         24.48      436.40      451.58          7.60
 921027  21    57    14         24.57      792.22      807.28          9.25
 921027  22    52    10         26.52      383.77      408.53          7.60
 921027  23    63    12         32.67      796.58      810.75          9.02
 921027  24    48    11         67.82      476.28      494.60          5.98
1
 
                   MAX
            TOTAL  SIM                MAXIMUM CPS                   CONNECT
 DATE  HOUR USERS USERS            IN         OUT       TOTAL         HOURS
 
 
 921028   1    73    14         94.08      727.72      745.65         10.65
 921028   2    90    21         94.73     1047.07     1072.85         15.62
 921028   3   128    26         73.42     1123.93     1151.22         20.47
 921028   4   116    20         50.73      948.83      999.57         15.17
 921028   5   108    24         66.97     1159.03     1190.15         17.08
 921028   6    65    16         38.85      734.07      764.78         10.70
 921028   7    56    12         62.98      760.18      783.87          7.28
 921028   8    40     8         27.32      512.07      527.63          4.55
 921028   9    14     5         22.87      262.18      266.32          3.60
 921028  10    14     5        118.32      585.28      591.35          3.80
 921028  11    14     4          8.48      558.95      567.43          3.15
 921028  12    19     6         98.53      498.02      505.00          3.23
 921028  13    31     7         47.48      548.20      561.97          4.43
 921028  14    41    12         25.73      800.97      817.30          7.00
 921028  15    43    11         61.15      807.67      820.30          7.92
 921028  16    44    11         41.38      374.42      385.28          8.25
 921028  17    63    13         87.00      589.80      630.12          8.77
 921028  18    58    10         50.68      418.17      434.57          6.85
 921028  19    50    11         46.23      410.53      419.15          7.02
 921028  20    40     9        100.12      655.62      663.57          6.15
 921028  21    62    13         59.30      613.03      645.47          9.28
 921028  22    66    13        193.92      441.18      454.70          8.47
 921028  23    58    14         40.03      694.83      711.65          9.40
 921028  24    51    13         36.23      608.13      620.78          8.30
1
 
                   MAX
            TOTAL  SIM                MAXIMUM CPS                   CONNECT
 DATE  HOUR USERS USERS            IN         OUT       TOTAL         HOURS
 
 
 921029   1    86    18         50.28      957.77      980.90         12.47
 921029   2    84    19         67.93      939.93      962.02         15.50
 921029   3   145    23         49.75     1150.12     1177.25         18.12
 921029   4   118    26         71.68     1089.58     1117.05         18.65
 921029   5   103    22        105.77     1221.60     1286.83         16.47
 921029   6    86    19        109.02      853.82      900.20         13.90
 921029   7    71    18         66.40      752.68      799.28         13.27
 921029   8    34    12        155.27      556.58      601.83          8.48
 921029   9    22     7         26.42      597.25      607.97          2.57
 921029  10    19     5          8.30      245.45      251.10          2.73
 921029  11    25     5        140.67      361.45      371.70          2.93
 921029  12    19     5         23.87      392.22      402.68          3.30
 921029  13    31     6         75.98      366.82      378.12          3.47
 921029  14    42    12         80.53      590.43      620.68          7.17
 921029  15    63    13         22.55      536.38      554.57          9.67
 921029  16    80    15        165.98      645.37      795.98         11.23
 921029  17    79    15         54.07      702.58      721.12         12.78
 921029  18    46    14         57.75      789.87      823.87         10.48
 921029  19    58    11         19.43      414.62      432.85          8.28
 921029  20    55    17         20.72      680.05      700.10         12.00
 921029  21    65    13         64.28      316.18      328.20         10.65
 921029  22    74    15         73.55      773.72      847.27         11.50
 921029  23    72    16         26.12      493.07      505.58          8.70
 921029  24    46    10         47.27      657.93      669.83          7.25
1
 
                   MAX
            TOTAL  SIM                MAXIMUM CPS                   CONNECT
 DATE  HOUR USERS USERS            IN         OUT       TOTAL         HOURS
 
 
 921030   1    84    16         34.07     1005.30     1030.68         10.78
 921030   2   107    18        248.40     1069.52     1108.37         15.55
 921030   3   119    23        178.97     1174.85     1198.30         18.58
 921030   4   134    25         50.57     1209.98     1228.83         17.78
 921030   5   105    24         44.52     1112.60     1130.48         17.65
 921030   6    75    18         60.88      934.58      954.82         12.75
 921030   7    53    13         40.57      886.63      903.03         10.00
 921030   8    43    10         49.65      742.68      757.60          5.98
 921030   9    26     7         36.17      538.30      560.78          4.05
 921030  10    21     4        119.78      336.47      346.80          2.47
 921030  11    12     5          8.50      463.83      470.45          3.05
 921030  12    17     5         68.35      562.53      569.02          3.62
 921030  13    41     8        139.58      649.68      672.72          4.08
 921030  14    44    10         52.15      585.90      596.12          6.55
 921030  15    53    13         64.18      687.28      751.47          8.45
 921030  16    84    15        456.77      822.48     1165.20         11.75
 921030  17    81    15         44.80      822.48      837.55         10.75
 921030  18    47    11         33.92      452.08      461.43          7.05
 921030  19    43    12         56.57      506.03      522.68          7.97
 921030  20    89    15         94.53      700.78      795.32         10.50
 921030  21    60    17         30.27      525.72      555.98         10.00
 921030  22    54    12         47.08      477.62      491.62          9.23
 921030  23    57    12         72.07      585.88      646.07          8.92
 921030  24    45    11         41.70      533.55      541.40          7.05
1     MAXIMUM OF MAXIMUM SIMULTANEOUS USERS
 
 
                   MAX
            TOTAL  SIM                MAXIMUM CPS                   CONNECT
 DATE  HOUR USERS USERS            IN         OUT       TOTAL         HOURS
 
 921028   3   128    26         73.42     1123.93     1151.22         20.47
 
 
     MAXIMUM OF CONNECT HOURS
 
 
                   MAX
            TOTAL  SIM                MAXIMUM CPS                   CONNECT
 DATE  HOUR USERS USERS            IN         OUT       TOTAL         HOURS
 
 921028   3   128    26         73.42     1123.93     1151.22         20.47
1
  