1
 
                   MAX
            TOTAL  SIM                MAXIMUM CPS                   CONNECT
 DATE  HOUR USERS USERS            IN         OUT       TOTAL         HOURS
 
 
 930412   1     0     0          0.00        0.00        0.00          0.00
 930412   2     0     0          0.00        0.00        0.00          0.00
 930412   3     0     0          0.00        0.00        0.00          0.00
 930412   4     0     0          0.00        0.00        0.00          0.00
 930412   5     0     0          0.00        0.00        0.00          0.00
 930412   6     0     0          0.00        0.00        0.00          0.00
 930412   7     0     0          0.00        0.00        0.00          0.00
 930412   8     0     0          0.00        0.00        0.00          0.00
 930412   9     0     0          0.00        0.00        0.00          0.00
 930412  10     0     0          0.00        0.00        0.00          0.00
 930412  11     0     0          0.00        0.00        0.00          0.00
 930412  12     1     1         55.38       20.30       75.68          0.05
 930412  13     5     3         15.13       37.07       52.20          0.43
 930412  14    12     6         83.48      102.00      157.80          2.90
 930412  15    24     5        139.12      104.60      200.43          3.30
 930412  16    29     7         90.72      202.22      276.65          4.45
 930412  17    16     5         82.23       64.13      144.68          1.88
 930412  18    10     4         37.98      110.82      143.97          1.42
 930412  19    15     4         86.95       54.15      132.50          2.15
 930412  20    18     6        117.80      102.85      172.57          4.13
 930412  21    24     7        136.15      122.70      221.42          3.90
 930412  22    17     6        131.63       68.88      200.52          2.95
 930412  23    15     4         63.37      113.47      169.62          1.53
 930412  24     8     2         59.68       55.67      101.42          0.58
1
 
                   MAX
            TOTAL  SIM                MAXIMUM CPS                   CONNECT
 DATE  HOUR USERS USERS            IN         OUT       TOTAL         HOURS
 
 
 930413   1     4     2         90.40       59.20      110.35          0.77
 930413   2     2     1         56.27       38.48       94.75          0.13
 930413   3     0     0          0.00        0.00        0.00          0.00
 930413   4     0     0          0.00        0.00        0.00          0.00
 930413   5     0     0          0.00        0.00        0.00          0.00
 930413   6     0     0          0.00        0.00        0.00          0.00
 930413   7     0     0          0.00        0.00        0.00          0.00
 930413   8     0     0          0.00        0.00        0.00          0.00
 930413   9     0     0          0.00        0.00        0.00          0.00
 930413  10     0     0          0.00        0.00        0.00          0.00
 930413  11     0     0          0.00        0.00        0.00          0.00
 930413  12     0     0          0.00        0.00        0.00          0.00
 930413  13     7     2         36.08       80.58      115.02          0.75
 930413  14    12     4         56.35       62.08       99.73          2.60
 930413  15    11     3         77.37       42.42      118.10          1.15
 930413  16    23     5         60.55       93.58      141.33          2.18
 930413  17    18     5         56.88      135.93      192.82          2.15
 930413  18     4     4         28.75      116.70      145.45          0.53
 930413  19    10     4         96.45       69.50      157.53          1.08
 930413  20    25     8         86.75      165.67      252.00          5.08
 930413  21    20     7         81.00      154.60      235.40          4.03
 930413  22    13     5         76.12      104.30      180.42          3.08
 930413  23    15     7         81.48      153.30      234.78          3.68
 930413  24     6     2         57.48       52.92       92.28          0.83
1
 
                   MAX
            TOTAL  SIM                MAXIMUM CPS                   CONNECT
 DATE  HOUR USERS USERS            IN         OUT       TOTAL         HOURS
 
 
 930414   1     2     1         29.10       19.75       48.43          0.20
 930414   2     3     2         27.22       57.02       75.03          0.53
 930414   3     1     1          0.57        0.83        1.40          0.33
 930414   4     0     0          0.00        0.00        0.00          0.00
 930414   5     0     0          0.00        0.00        0.00          0.00
 930414   6     0     0          0.00        0.00        0.00          0.00
 930414   7     0     0          0.00        0.00        0.00          0.00
 930414   8     0     0          0.00        0.00        0.00          0.00
 930414   9     0     0          0.00        0.00        0.00          0.00
 930414  10     0     0          0.00        0.00        0.00          0.00
 930414  11     0     0          0.00        0.00        0.00          0.00
 930414  12     3     2         27.37       73.28      100.65          0.28
 930414  13     2     1         52.83       48.30       91.93          0.07
 930414  14     7     3         54.02       59.23       81.22          0.62
 930414  15    23     7         91.58      112.05      165.40          4.13
 930414  16    18     6         89.18      112.27      201.45          3.08
 930414  17    11     3         38.93       64.32       84.73          1.38
 930414  18    10     2         71.92       43.90       99.32          0.83
 930414  19    17     4         77.10      121.60      198.70          1.90
 930414  20    15     5         79.13       88.55      167.68          2.15
 930414  21    19     4         72.38      122.22      174.88          1.95
 930414  22    17     6         66.97       44.90      111.87          2.68
 930414  23    19     7         72.78      121.55      172.82          3.98
 930414  24     8     2         74.90       66.57      140.68          0.78
1
 
                   MAX
            TOTAL  SIM                MAXIMUM CPS                   CONNECT
 DATE  HOUR USERS USERS            IN         OUT       TOTAL         HOURS
 
 
 930415   1     2     2          9.60       23.07       32.67          0.42
 930415   2     6     1         17.77       51.12       68.88          0.42
 930415   3     4     2         41.53       39.30       80.83          1.03
 930415   4     1     1          0.45        0.62        1.07          0.27
 930415   5     0     0          0.00        0.00        0.00          0.00
 930415   6     0     0          0.00        0.00        0.00          0.00
 930415   7     0     0          0.00        0.00        0.00          0.00
 930415   8     0     0          0.00        0.00        0.00          0.00
 930415   9     0     0          0.00        0.00        0.00          0.00
 930415  10     0     0          0.00        0.00        0.00          0.00
 930415  11     0     0          0.00        0.00        0.00          0.00
 930415  12     1     1          7.50       21.07       28.57          0.28
 930415  13     4     2         21.32       57.55       78.87          0.40
 930415  14     5     3         14.85       43.25       58.10          1.98
 930415  15    10     3         59.62       51.23       98.20          0.90
 930415  16    16     5         91.98      125.05      217.03          2.03
 930415  17    14     5         67.50       67.52      127.77          3.45
 930415  18    15     4         59.42       56.92      111.17          2.73
 930415  19    16     5         78.98       77.48      113.43          2.93
 930415  20    11     3         78.98       39.80       89.73          0.95
 930415  21    11     3         80.72       69.00      129.12          1.27
 930415  22    13     6         40.45       88.12      125.65          3.55
 930415  23    14     4         34.90       89.42      124.32          1.70
 930415  24     6     4         30.68       63.30       85.53          1.55
1     MAXIMUM OF MAXIMUM SIMULTANEOUS USERS
 
 
                   MAX
            TOTAL  SIM                MAXIMUM CPS                   CONNECT
 DATE  HOUR USERS USERS            IN         OUT       TOTAL         HOURS
 
 930413  20    25     8         86.75      165.67      252.00          5.08
 
 
     MAXIMUM OF CONNECT HOURS
 
 
                   MAX
            TOTAL  SIM                MAXIMUM CPS                   CONNECT
 DATE  HOUR USERS USERS            IN         OUT       TOTAL         HOURS
 
 930413  20    25     8         86.75      165.67      252.00          5.08
1
