1
 
                   MAX
            TOTAL  SIM                MAXIMUM CPS                   CONNECT
 DATE  HOUR USERS USERS            IN         OUT       TOTAL         HOURS
 
 
 930405   1     2     1          1.82      202.45      204.27          0.12
 930405   2     0     0          0.00        0.00        0.00          0.00
 930405   3     0     0          0.00        0.00        0.00          0.00
 930405   4     0     0          0.00        0.00        0.00          0.00
 930405   5     0     0          0.00        0.00        0.00          0.00
 930405   6     0     0          0.00        0.00        0.00          0.00
 930405   7     0     0          0.00        0.00        0.00          0.00
 930405   8     0     0          0.00        0.00        0.00          0.00
 930405   9     0     0          0.00        0.00        0.00          0.00
 930405  10     5     2          5.55      214.50      220.05          0.22
 930405  11    16     4          4.22      574.30      577.67          1.20
 930405  12    46     6          8.35     1121.02     1127.68          3.02
 930405  13    68     7         10.45      863.85      867.15          4.53
 930405  14    64     5          9.13      469.42      472.73          2.33
 930405  15    38     4         12.62      284.70      290.72          1.82
 930405  16    45     4        234.72      261.55      469.68          1.45
 930405  17     8     3         22.85       42.47       45.57          1.05
 930405  18    17     2          4.02      146.43      150.07          0.50
 930405  19    11     2        128.28      176.25      176.72          0.40
 930405  20    30     3        201.07      523.52      526.37          1.08
 930405  21    44     4        394.27      211.23      408.73          1.80
 930405  22    61     7        588.20      201.35      601.38          2.85
 930405  23    20     3        604.37       17.45      614.92          1.22
 930405  24    12     2        333.52      258.43      340.42          0.45
1
 
                   MAX
            TOTAL  SIM                MAXIMUM CPS                   CONNECT
 DATE  HOUR USERS USERS            IN         OUT       TOTAL         HOURS
 
 
 930406   1     6     1        207.30        6.83      208.17          0.28
 930406   2     4     1        201.72        6.83      207.73          0.13
 930406   3     1     1        195.80        1.40      197.20          0.10
 930406   4     0     0          0.00        0.00        0.00          0.00
 930406   5     0     0          0.00        0.00        0.00          0.00
 930406   6     0     0          0.00        0.00        0.00          0.00
 930406   7     0     0          0.00        0.00        0.00          0.00
 930406   8     0     0          0.00        0.00        0.00          0.00
 930406   9     2     1          0.60      214.60      214.80          0.15
 930406  10    13     4          2.12      687.63      689.33          1.97
 930406  11    51     9          6.35     1829.00     1832.15          4.48
 930406  12    92    12         15.18     2098.37     2106.28          6.13
 930406  13    99    11         11.40     1141.23     1146.07          6.45
 930406  14    52    10          6.85     1567.85     1573.98          3.60
 930406  15    33     5          7.07      395.73      398.50          1.57
 930406  16    41     4         15.83      466.87      470.45          1.35
 930406  17    17     3          3.08      503.03      505.42          1.00
 930406  18    12     2          3.08       97.03       98.85          0.32
 930406  19    25     3        262.77      295.47      315.17          0.82
 930406  20    18     3        155.53      251.47      255.10          0.63
 930406  21    41     4        434.30      167.05      484.18          1.48
 930406  22    28     3        399.70       67.75      404.65          1.17
 930406  23    13     4        445.03       45.33      447.63          0.55
 930406  24     2     2        217.62        3.90      221.52          0.13
1
 
                   MAX
            TOTAL  SIM                MAXIMUM CPS                   CONNECT
 DATE  HOUR USERS USERS            IN         OUT       TOTAL         HOURS
 
 
 930407   1     3     1        217.27       77.80      218.05          0.33
 930407   2     5     1        577.17        6.02      579.52          0.30
 930407   3     1     1          0.00        1.03        1.03          0.02
 930407   4     0     0          0.00        0.00        0.00          0.00
 930407   5     0     0          0.00        0.00        0.00          0.00
 930407   6     0     0          0.00        0.00        0.00          0.00
 930407   7     0     0          0.00        0.00        0.00          0.00
 930407   8     0     0          0.00        0.00        0.00          0.00
 930407   9     3     2          2.07      231.67      233.73          0.17
 930407  10    15     6          2.52     1415.85     1417.57          1.38
 930407  11    52     8         18.67     1548.33     1550.05          4.72
 930407  12    71    10         10.52     1943.77     1948.05          5.30
 930407  13    95    10         11.03     1222.63     1230.03          5.47
 930407  14    73    10         14.02      957.57      964.95          3.57
 930407  15    33     4         18.08      596.98      601.70          1.77
 930407  16    52     5        268.55      350.00      383.18          2.03
 930407  17    24     3         26.13      525.73      526.75          1.00
 930407  18    46     5          7.42      338.80      341.02          1.87
 930407  19    62     6         44.23      829.60      836.90          2.60
 930407  20    35     5         20.53      568.95      572.53          1.52
 930407  21    44     4        264.15      244.22      351.52          1.52
 930407  22    42     4        412.48      467.65      526.53          1.45
 930407  23    16     2        198.68       84.32      248.40          0.52
 930407  24     9     2        183.50       51.00      185.25          0.27
1
 
                   MAX
            TOTAL  SIM                MAXIMUM CPS                   CONNECT
 DATE  HOUR USERS USERS            IN         OUT       TOTAL         HOURS
 
 
 930408   1     8     2        202.35        5.77      203.08          0.35
 930408   2    13     2        212.23       64.25      215.95          0.33
 930408   3     9     1          0.00        1.03        1.03          0.17
 930408   4    13     1          2.57        1.37        3.93          0.32
 930408   5    12     1          2.57        1.37        3.93          0.23
 930408   6     5     1          2.57        1.37        3.93          0.10
 930408   7     5     1          2.57        1.37        3.93          0.12
 930408   8     6     1          2.57        1.37        3.93          0.17
 930408   9    10     1          3.90       20.70       24.60          0.20
 930408  10    34     5          9.63      436.45      441.08          1.25
 930408  11    69     8         13.68     1109.33     1116.78          4.53
 930408  12   119    12         17.53     1514.13     1525.87          6.93
 930408  13   164    17         31.90     2038.17     2050.20         11.48
 930408  14   124    14         17.00     1876.62     1887.20         10.28
 930408  15    52     7         14.90      764.58      770.35          3.07
 930408  16    38     5          8.17      418.65      420.92          1.78
 930408  17    32     4          9.80      604.87      605.63          2.53
 930408  18    22     4          3.12      649.90      651.32          1.42
 930408  19    21     4         54.07      469.43      473.47          1.73
 930408  20    39     5        198.83      431.12      433.97          1.95
 930408  21    56     5        171.07      537.73      560.30          2.03
 930408  22    37     5        315.97      289.28      417.48          1.33
 930408  23    11     4        398.55      145.42      514.25          0.57
 930408  24     7     1        177.45      239.02      241.38          0.22
1
 
                   MAX
            TOTAL  SIM                MAXIMUM CPS                   CONNECT
 DATE  HOUR USERS USERS            IN         OUT       TOTAL         HOURS
 
 
 930409   1     2     1         98.68        7.05      104.70          0.07
 930409   2     0     0          0.00        0.00        0.00          0.00
 930409   3     1     1        174.50        3.52      178.02          0.05
 930409   4     1     1          0.05      100.23      100.28          0.40
 930409   5     0     0          0.00        0.00        0.00          0.00
 930409   6     0     0          0.00        0.00        0.00          0.00
 930409   7     0     0          0.00        0.00        0.00          0.00
 930409   8     0     0          0.00        0.00        0.00          0.00
 930409   9     5     2          2.53      209.47      209.50          0.15
 930409  10    15     3          3.08      583.03      584.33          1.47
 930409  11    59     7         12.90     1022.48     1033.10          3.47
 930409  12    63     7         10.62      855.48      860.70          4.02
 930409  13    84     9         14.03     1148.78     1154.55          5.52
 930409  14    68     8          9.30     1142.97     1148.82          5.02
 930409  15    48     6         97.00      701.62      709.70          3.10
 930409  16    64     6        193.98      582.45      662.08          2.42
 930409  17    28     4         49.45      499.23      501.90          2.13
 930409  18    38     6        121.22      462.92      469.00          2.85
 930409  19    54     6        115.77      997.98     1006.07          2.53
 930409  20    38     4        218.23      460.90      465.40          1.67
 930409  21    29     4        612.08      306.92      814.47          1.17
 930409  22    26     3        266.37      192.95      369.33          0.83
 930409  23    22     3        320.33       85.38      405.72          0.65
 930409  24    16     2        395.55      344.98      438.45          0.92
1     MAXIMUM OF MAXIMUM SIMULTANEOUS USERS
 
 
                   MAX
            TOTAL  SIM                MAXIMUM CPS                   CONNECT
 DATE  HOUR USERS USERS            IN         OUT       TOTAL         HOURS
 
 930408  13   164    17         31.90     2038.17     2050.20         11.48
 
 
     MAXIMUM OF CONNECT HOURS
 
 
                   MAX
            TOTAL  SIM                MAXIMUM CPS                   CONNECT
 DATE  HOUR USERS USERS            IN         OUT       TOTAL         HOURS
 
 930408  13   164    17         31.90     2038.17     2050.20         11.48
1
  