1
 
                   MAX
            TOTAL  SIM                MAXIMUM CPS                   CONNECT
 DATE  HOUR USERS USERS            IN         OUT       TOTAL         HOURS
 
 
 930405   1     0     0          0.00        0.00        0.00          0.00
 930405   2     2     1          1.27      208.53      208.58          0.42
 930405   3     0     0          0.00        0.00        0.00          0.00
 930405   4     0     0          0.00        0.00        0.00          0.00
 930405   5     0     0          0.00        0.00        0.00          0.00
 930405   6     0     0          0.00        0.00        0.00          0.00
 930405   7     0     0          0.00        0.00        0.00          0.00
 930405   8     0     0          0.00        0.00        0.00          0.00
 930405   9     0     0          0.00        0.00        0.00          0.00
 930405  10     3     2          0.23      213.70      213.93          0.23
 930405  11     9     3          4.22      443.80      445.05          1.25
 930405  12    52     6          8.73      942.93      944.08          3.13
 930405  13    81     9         11.03      951.43      954.95          4.33
 930405  14    49     4          6.70      591.95      594.98          2.00
 930405  15    34     4          6.38      377.48      379.60          1.58
 930405  16    26     4          7.82      380.90      383.68          1.30
 930405  17    29     3          4.45      251.62      254.07          0.97
 930405  18    17     2          4.18      281.75      283.72          0.70
 930405  19    15     2         37.75      448.78      449.42          0.40
 930405  20    22     4        301.13      312.32      364.40          0.93
 930405  21    35     5        372.92      120.82      391.28          2.00
 930405  22    38     6        763.48      170.40      767.33          2.70
 930405  23    23     3       1079.20      168.68     1090.85          1.22
 930405  24     8     2        342.62       68.07      345.22          0.27
1
 
                   MAX
            TOTAL  SIM                MAXIMUM CPS                   CONNECT
 DATE  HOUR USERS USERS            IN         OUT       TOTAL         HOURS
 
 
 930406   1     6     2        397.37       56.87      401.57          0.32
 930406   2     1     1        222.72        0.78      223.50          0.12
 930406   3     0     0          0.00        0.00        0.00          0.00
 930406   4     0     0          0.00        0.00        0.00          0.00
 930406   5     0     0          0.00        0.00        0.00          0.00
 930406   6     0     0          0.00        0.00        0.00          0.00
 930406   7     0     0          0.00        0.00        0.00          0.00
 930406   8     0     0          0.00        0.00        0.00          0.00
 930406   9     2     1          1.82       49.95       51.77          0.05
 930406  10    12     5          3.15      778.45      779.62          1.75
 930406  11    36     8          5.25     1734.52     1739.77          4.82
 930406  12    78    12          9.20     1447.62     1451.87          6.07
 930406  13    88    11          8.52     1321.42     1326.58          6.45
 930406  14    57    10          8.82     1367.97     1374.35          3.60
 930406  15    29     3          6.38      352.17      353.67          2.00
 930406  16    29     4        203.65      471.07      476.92          1.30
 930406  17    23     3          2.62      259.87      261.38          0.90
 930406  18    17     3          3.80      164.37      168.17          0.45
 930406  19    19     3         71.12      183.83      187.47          0.53
 930406  20    18     2         96.42      223.48      225.40          0.77
 930406  21    32     4        346.55      179.33      355.27          1.38
 930406  22    24     4        542.58      173.43      569.13          1.52
 930406  23    17     4        567.95      239.03      680.38          0.90
 930406  24     5     1        198.17        6.02      199.50          0.17
1
 
                   MAX
            TOTAL  SIM                MAXIMUM CPS                   CONNECT
 DATE  HOUR USERS USERS            IN         OUT       TOTAL         HOURS
 
 
 930407   1     3     1        198.17        2.60      199.50          0.17
 930407   2     4     2        264.28        7.80      272.08          0.20
 930407   3     4     1        195.75        1.75      197.50          0.07
 930407   4     1     1          0.03      107.70      107.73          0.40
 930407   5     2     1          0.32      107.70      107.73          0.30
 930407   6     0     0          0.00        0.00        0.00          0.00
 930407   7     0     0          0.00        0.00        0.00          0.00
 930407   8     0     0          0.00        0.00        0.00          0.00
 930407   9     1     1          0.12      108.40      108.52          0.10
 930407  10    15     5          3.80      959.33      961.78          1.17
 930407  11    51     9          6.15     1460.65     1463.08          4.57
 930407  12    73     9         10.58     1354.70     1358.53          5.40
 930407  13    93    12         13.20     1419.23     1432.43          5.55
 930407  14    42     9         10.33     1337.07     1346.53          2.97
 930407  15    48     5        214.15      401.93      480.12          1.93
 930407  16    66     5        655.78      282.87      766.97          2.00
 930407  17    14     3        256.98      515.80      518.08          1.27
 930407  18    40     5         18.92      428.47      431.87          1.97
 930407  19    68     7        176.40      912.55      968.33          3.03
 930407  20    43     4        171.95      530.37      702.32          1.63
 930407  21    43     5        223.93      259.18      427.18          1.57
 930407  22    56     5        449.55      288.92      476.32          1.47
 930407  23    15     2        237.85       98.90      243.87          0.48
 930407  24    13     3        406.40       38.48      422.00          0.32
1
 
                   MAX
            TOTAL  SIM                MAXIMUM CPS                   CONNECT
 DATE  HOUR USERS USERS            IN         OUT       TOTAL         HOURS
 
 
 930408   1     9     1        219.57        8.03      227.60          0.25
 930408   2     0     0          0.00        0.00        0.00          0.00
 930408   3     0     0          0.00        0.00        0.00          0.00
 930408   4     0     0          0.00        0.00        0.00          0.00
 930408   5     2     1          2.57        1.37        3.93          0.03
 930408   6     6     1          2.57        1.37        3.93          0.17
 930408   7     7     1          2.57        1.37        3.93          0.18
 930408   8    10     1          2.57        1.37        3.93          0.28
 930408   9    10     2          8.58       47.32       55.90          0.22
 930408  10    23     5         10.48      443.62      445.17          1.30
 930408  11    60    11         13.32     1858.87     1871.48          4.30
 930408  12   103    11         22.43     1769.92     1792.35          6.80
 930408  13   147    16         26.72     2199.97     2209.48         11.38
 930408  14    99    15         18.50     1849.35     1858.67         10.25
 930408  15    81     9         21.25     1015.73     1021.43          3.33
 930408  16    51     5         16.50      626.13      635.95          2.08
 930408  17    38     5         29.33     1107.32     1108.77          2.65
 930408  18    20     4         70.23      754.02      755.63          1.72
 930408  19    27     4        140.05      575.70      583.00          1.58
 930408  20    32     4         20.77      569.60      572.15          1.95
 930408  21    43     5        204.53      434.87      469.93          2.43
 930408  22    18     4        463.98      376.47      585.63          0.98
 930408  23    12     2        187.95      207.87      352.22          0.40
 930408  24     6     1        223.00        7.05      230.05          0.23
1
 
                   MAX
            TOTAL  SIM                MAXIMUM CPS                   CONNECT
 DATE  HOUR USERS USERS            IN         OUT       TOTAL         HOURS
 
 
 930409   1     0     0          0.00        0.00        0.00          0.00
 930409   2     1     1         25.67        5.20       30.87          0.02
 930409   3     0     0          0.00        0.00        0.00          0.00
 930409   4     1     1          0.03      107.62      107.65          0.07
 930409   5     1     1          0.03      107.62      107.65          0.55
 930409   6     0     0          0.00        0.00        0.00          0.00
 930409   7     0     0          0.00        0.00        0.00          0.00
 930409   8     0     0          0.00        0.00        0.00          0.00
 930409   9     2     2          0.23      297.68      297.92          0.55
 930409  10    13     3          5.28      478.25      481.42          1.32
 930409  11    55     7         12.35      757.17      766.28          3.37
 930409  12    82     9         16.05      873.18      888.70          3.75
 930409  13    90     9         12.15     1070.70     1075.58          5.28
 930409  14    71     9        158.35     1071.32     1087.20          4.93
 930409  15    50     5        102.02      485.82      487.32          2.98
 930409  16    25     7        128.27      490.90      545.48          2.72
 930409  17    23     4         56.60      742.52      744.63          2.25
 930409  18    31     6         16.02      998.82     1014.83          2.85
 930409  19    21     4         55.47      411.88      418.27          1.97
 930409  20    27     4        224.57      421.13      421.78          1.68
 930409  21    25     3        244.60      222.77      330.82          0.80
 930409  22    22     4        190.83      328.95      355.80          0.72
 930409  23    15     2         86.60      111.77      191.82          0.77
 930409  24    10     2        310.23      112.02      422.25          0.62
1     MAXIMUM OF MAXIMUM SIMULTANEOUS USERS
 
 
                   MAX
            TOTAL  SIM                MAXIMUM CPS                   CONNECT
 DATE  HOUR USERS USERS            IN         OUT       TOTAL         HOURS
 
 930408  13   147    16         26.72     2199.97     2209.48         11.38
 
 
     MAXIMUM OF CONNECT HOURS
 
 
                   MAX
            TOTAL  SIM                MAXIMUM CPS                   CONNECT
 DATE  HOUR USERS USERS            IN         OUT       TOTAL         HOURS
 
 930408  13   147    16         26.72     2199.97     2209.48         11.38
1
  