1
 
                   MAX
            TOTAL  SIM                MAXIMUM CPS                   CONNECT
 DATE  HOUR USERS USERS            IN         OUT       TOTAL         HOURS
 
 
 920217   1     0     0          0.00        0.00        0.00          0.00
 920217   2     1     1          0.43       11.40       11.83          0.17
 920217   3     3     1          0.98       28.10       29.08          0.98
 920217   4     2     2          1.72       43.82       45.53          1.02
 920217   5     3     1         18.92       17.15       20.95          0.43
 920217   6     1     1         18.92        2.03       20.95          0.45
 920217   7     0     0          0.00        0.00        0.00          0.00
 920217   8     0     0          0.00        0.00        0.00          0.00
 920217   9     0     0          0.00        0.00        0.00          0.00
 920217  10     0     0          0.00        0.00        0.00          0.00
 920217  11     0     0          0.00        0.00        0.00          0.00
 920217  12     2     2          0.32        5.38        5.70          0.42
 920217  13     4     4          5.75       76.60       82.35          2.20
 920217  14    17     9         11.82      116.68      126.58          5.47
 920217  15    51    18         28.50      303.45      331.95         13.02
 920217  16    52    21         70.75      322.63      355.37         14.15
 920217  17    69    20         28.55      437.92      465.00         13.62
 920217  18    43    18         24.53      213.48      236.03         11.73
 920217  19    55    20         50.12      386.87      425.52         14.32
 920217  20    58    18         41.13      335.33      376.47         13.63
 920217  21    54    18         39.13      303.83      342.97         12.93
 920217  22    55    17         24.40      259.50      282.23         13.62
 920217  23    41    15         18.35      232.05      247.32         11.13
 920217  24    16    10         19.10      128.12      140.98          5.33
1
 
                   MAX
            TOTAL  SIM                MAXIMUM CPS                   CONNECT
 DATE  HOUR USERS USERS            IN         OUT       TOTAL         HOURS
 
 
 920218   1    16     8         48.17      241.37      289.53          4.87
 920218   2     9     5         14.52      164.73      179.25          4.68
 920218   3     9     5         11.85      155.55      167.40          4.48
 920218   4     8     7         27.83      180.78      208.62          5.10
 920218   5     7     4          3.13       70.70       73.83          3.37
 920218   6     3     3          0.42        6.73        7.15          3.00
 920218   7     3     3          0.42        6.73        7.15          3.00
 920218   8     3     3          0.42        6.73        7.15          3.00
 920218   9     3     3          0.42        6.73        7.15          3.00
 920218  10     3     3          0.42        6.73        7.15          3.00
 920218  11     3     3          0.42        6.73        7.15          3.00
 920218  12     4     4          2.70       95.93       98.63          3.07
 920218  13     6     4          3.87       69.87       73.65          3.30
 920218  14    26    11         45.87      156.62      202.48          6.70
 920218  15    49    18         23.25      223.10      244.07         13.58
 920218  16    64    20         26.10      361.43      387.25         15.33
 920218  17    70    18         23.18      321.15      344.33         12.42
 920218  18    67    20         25.02      307.33      329.50         14.13
 920218  19    52    23         26.68      387.53      414.22         15.27
 920218  20    69    22         33.93      346.17      379.70         17.52
 920218  21    68    24         32.68      408.00      440.68         16.07
 920218  22    60    21         30.00      310.12      340.12         16.78
 920218  23    47    15         22.33      271.68      292.12         11.65
 920218  24    37    11         14.90      175.00      188.13          7.03
1
 
                   MAX
            TOTAL  SIM                MAXIMUM CPS                   CONNECT
 DATE  HOUR USERS USERS            IN         OUT       TOTAL         HOURS
 
 
 920219   1    10     6          8.77       79.92       83.43          4.98
 920219   2     6     5          7.87       90.30       98.07          3.42
 920219   3     5     4         19.77       87.23      107.00          3.35
 920219   4     4     4          0.75       23.05       23.80          3.27
 920219   5     6     4          8.12       84.72       92.83          3.68
 920219   6     4     4          8.30       65.95       74.25          3.20
 920219   7     5     4         11.25      110.75      116.08          3.48
 920219   8     3     3          0.42        6.73        7.15          3.00
 920219   9     3     3          0.42        6.73        7.15          3.00
 920219  10     3     3          0.42        6.73        7.15          3.00
 920219  11     3     3          0.42        6.73        7.15          0.40
 920219  12     3     2          9.23       44.97       54.20          0.42
 920219  13    10     7         12.02      170.98      183.00          3.50
 920219  14    19     8         58.80      137.08      146.57          6.23
 920219  15    43    17         21.75      287.00      308.75         11.50
 920219  16    67    20         36.18      376.97      411.68         15.57
 920219  17    62    22         34.13      432.02      466.15         14.28
 920219  18    50    17         19.78      281.98      300.53         14.25
 920219  19    44    15         18.23      182.67      198.70         11.40
 920219  20    63    20         24.48      292.22      314.77         15.87
 920219  21    68    19         28.60      319.77      345.13         16.18
 920219  22    60    20         30.73      282.42      306.25         15.50
 920219  23    69    14         15.97      303.85      315.73          8.83
 920219  24    21    10         25.25      146.93      172.18          5.48
1
 
                   MAX
            TOTAL  SIM                MAXIMUM CPS                   CONNECT
 DATE  HOUR USERS USERS            IN         OUT       TOTAL         HOURS
 
 
 920220   1    16     8         11.93      140.20      149.82          6.17
 920220   2     8     5          3.37       75.50       77.60          3.33
 920220   3     6     5          2.62      106.93      109.55          3.20
 920220   4     8     6         12.95      127.62      140.57          4.37
 920220   5     6     5         24.77       60.40       85.17          3.77
 920220   6     3     3          0.37        5.88        6.25          3.00
 920220   7     3     3          0.37        5.88        6.25          3.00
 920220   8     3     3          0.37        5.88        6.25          3.00
 920220   9     3     3          0.37        5.88        6.25          3.00
 920220  10     3     3          0.37        5.88        6.25          3.00
 920220  11     3     3          0.37        5.88        6.25          3.00
 920220  12     3     3          0.37        5.88        6.25          3.00
 920220  13     7     7          7.52       67.97       75.48          3.78
 920220  14    24    11         12.85      137.63      150.48          7.98
 920220  15    54    18         71.62      199.22      270.83         14.18
 920220  16    52    21         34.68      246.00      277.22         13.98
 920220  17    80    24         31.68      310.65      340.38         17.62
 920220  18    59    22         23.43      250.92      273.68         14.22
 920220  19    77    24         30.43      378.40      408.83         16.58
 920220  20    71    20         32.40      281.58      313.98         15.78
 920220  21    56    16         31.03      225.83      256.17         13.28
 920220  22    75    27         32.42      427.67      459.95         18.57
 920220  23    64    27         46.12      473.13      519.25         13.12
 920220  24    30    10         16.17      170.32      182.02          6.32
1
 
                   MAX
            TOTAL  SIM                MAXIMUM CPS                   CONNECT
 DATE  HOUR USERS USERS            IN         OUT       TOTAL         HOURS
 
 
 920221   1    22     7          8.53      101.58      107.42          5.87
 920221   2     7     6          7.27       84.60       91.87          3.27
 920221   3     4     4          2.50       70.52       73.02          3.15
 920221   4     6     4          4.47       62.15       66.62          3.25
 920221   5     6     5          4.88      137.70      142.58          3.15
 920221   6     4     4          2.53       70.18       72.72          3.18
 920221   7     3     3          0.37        5.88        6.25          3.00
 920221   8     3     3          0.37        5.88        6.25          3.00
 920221   9     3     3          0.37        5.88        6.25          3.00
 920221  10     3     3          0.37        5.88        6.25          3.00
 920221  11     3     3          0.37        5.88        6.25          1.25
 920221  12     0     0          0.00        0.00        0.00          0.00
 920221  13     2     2          5.65       38.87       44.52          0.30
 920221  14    20     8         13.23      150.93      160.90          3.33
 920221  15    52    14         33.68      227.38      246.25          9.28
 920221  16    56    13         17.80      198.43      216.23          8.07
 920221  17    73    21         34.87      398.35      433.22         14.25
 920221  18    50    17         27.48      249.17      274.35         12.43
 920221  19    43    14         22.48      244.45      266.93          9.78
 920221  20    86    27         40.23      434.27      466.67         17.15
 920221  21    78    21         33.05      328.40      361.45         14.27
 920221  22    69    21         28.15      314.80      341.90         16.07
 920221  23    43    13         20.05      216.02      234.25          6.68
 920221  24    19     8         10.93      162.43      173.37          2.35
1     MAXIMUM OF MAXIMUM SIMULTANEOUS USERS
 
 
                   MAX
            TOTAL  SIM                MAXIMUM CPS                   CONNECT
 DATE  HOUR USERS USERS            IN         OUT       TOTAL         HOURS
 
 920220  22    75    27         32.42      427.67      459.95         18.57
 
 
     MAXIMUM OF CONNECT HOURS
 
 
                   MAX
            TOTAL  SIM                MAXIMUM CPS                   CONNECT
 DATE  HOUR USERS USERS            IN         OUT       TOTAL         HOURS
 
 920220  22    75    27         32.42      427.67      459.95         18.57
1
  