1
 
                   MAX
            TOTAL  SIM                MAXIMUM CPS                   CONNECT
 DATE  HOUR USERS USERS            IN         OUT       TOTAL         HOURS
 
 
 920427   1     0     0          0.00        0.00        0.00          0.00
 920427   2     2     1          1.02       69.43       70.32          0.10
 920427   3     0     0          0.00        0.00        0.00          0.00
 920427   4     2     1          0.10       23.07       23.13          0.08
 920427   5     0     0          0.00        0.00        0.00          0.00
 920427   6     1     1          0.97       60.20       61.17          0.57
 920427   7     0     0          0.00        0.00        0.00          0.00
 920427   8     2     1          0.60       11.22       11.82          0.15
 920427   9     2     1         41.12        8.80       44.53          0.98
 920427  10     1     1         41.12        3.42       44.53          0.22
 920427  11     1     1          0.98       52.15       53.13          0.03
 920427  12     7     2          4.15      125.43      127.00          0.98
 920427  13    15     6          3.68      164.72      168.40          2.90
 920427  14    46    12         54.47      341.70      348.70          7.68
 920427  15    65    19          8.30      419.85      428.03         12.82
 920427  16    71    22         11.62      518.83      530.45         14.25
 920427  17    48    12          6.55      280.25      286.78          8.93
 920427  18    57    18          8.68      394.85      403.53         12.05
 920427  19    76    22          9.12      535.03      544.15         13.95
 920427  20    71    22          9.17      530.53      539.70         12.08
 920427  21    67    20         10.78      507.93      518.72         12.95
 920427  22    36    10          5.87      269.00      274.45          6.58
 920427  23    18     7          6.20      218.60      223.33          2.72
 920427  24    12     5          3.65      156.78      160.43          2.65
1
 
                   MAX
            TOTAL  SIM                MAXIMUM CPS                   CONNECT
 DATE  HOUR USERS USERS            IN         OUT       TOTAL         HOURS
 
 
 920428   1     4     3          1.68       87.62       89.30          0.82
 920428   2     5     2          2.22       71.32       72.60          1.17
 920428   3     2     1          2.92       48.40       49.00          0.37
 920428   4     1     1          0.20       19.12       19.32          0.17
 920428   5     0     0          0.00        0.00        0.00          0.00
 920428   6     0     0          0.00        0.00        0.00          0.00
 920428   7     0     0          0.00        0.00        0.00          0.00
 920428   8     0     0          0.00        0.00        0.00          0.00
 920428   9     0     0          0.00        0.00        0.00          0.00
 920428  10     0     0          0.00        0.00        0.00          0.00
 920428  11     2     1         42.37       11.83       50.30          0.30
 920428  12     8     5         42.37      187.10      190.62          0.67
 920428  13    21     6          4.55      222.63      227.18          3.27
 920428  14    53    13         50.17      305.47      312.30          8.80
 920428  15    57    15         20.25      332.63      349.03          9.73
 920428  16    82    23         19.82      527.48      539.63         14.98
 920428  17    64    17         11.90      552.07      563.97         10.00
 920428  18    71    19         10.32      484.28      494.00         10.23
 920428  19    80    25         22.17      544.78      556.32         16.70
 920428  20    79    20         10.83      456.08      466.68         15.28
 920428  21    68    23         11.20      489.85      501.05         16.75
 920428  22    43    14          5.95      256.18      262.13          9.07
 920428  23    25     8          4.90      212.82      217.72          4.50
 920428  24     7     3          0.95       48.75       49.68          1.43
1
 
                   MAX
            TOTAL  SIM                MAXIMUM CPS                   CONNECT
 DATE  HOUR USERS USERS            IN         OUT       TOTAL         HOURS
 
 
 920429   1     2     1          0.48       18.83       19.32          0.65
 920429   2     1     1          0.32       63.72       64.03          0.13
 920429   3     1     1          0.27       38.37       38.63          0.18
 920429   4     4     3          2.15      138.22      140.37          1.12
 920429   5     0     0          0.00        0.00        0.00          0.00
 920429   6     0     0          0.00        0.00        0.00          0.00
 920429   7     0     0          0.00        0.00        0.00          0.00
 920429   8     0     0          0.00        0.00        0.00          0.00
 920429   9     0     0          0.00        0.00        0.00          0.00
 920429  10     0     0          0.00        0.00        0.00          0.00
 920429  11     1     1          0.45       62.00       62.45          0.07
 920429  12     1     1          1.13       40.67       41.80          0.22
 920429  13    18     7          4.75      249.97      254.25          4.12
 920429  14    37    13         51.10      351.95      359.65          8.90
 920429  15    49    14          7.65      376.18      383.37          7.55
 920429  16    67    22          9.62      627.37      636.98         13.93
 920429  17    57    17          9.58      446.15      455.02         11.12
 920429  18    59    17          8.95      384.08      391.85         12.95
 920429  19    78    20          9.65      459.18      467.78         13.58
 920429  20    79    20         49.57      442.07      490.67         13.60
 920429  21    60    17         10.25      440.67      450.92         11.47
 920429  22    41    12          6.48      267.62      272.90          7.82
 920429  23    16     6          3.90      165.55      168.72          2.53
 920429  24     5     1          1.08       42.67       43.45          0.27
1
 
                   MAX
            TOTAL  SIM                MAXIMUM CPS                   CONNECT
 DATE  HOUR USERS USERS            IN         OUT       TOTAL         HOURS
 
 
 920430   1     3     2          1.92       52.75       54.67          0.62
 920430   2     1     1          0.40       78.95       79.35          0.28
 920430   3     5     2          1.50      131.32      132.12          0.68
 920430   4     2     2          1.82       86.08       87.90          0.92
 920430   5     1     1          0.58       51.07       51.65          0.80
 920430   6     2     1          0.58       51.07       51.65          0.12
 920430   7     4     2          1.45      108.85      110.30          1.72
 920430   8     0     0          0.00        0.00        0.00          0.00
 920430   9     0     0          0.00        0.00        0.00          0.00
 920430  10     0     0          0.00        0.00        0.00          0.00
 920430  11     0     0          0.00        0.00        0.00          0.00
 920430  12     3     2          1.82      136.37      138.18          0.60
 920430  13    25     8         52.98      214.82      218.90          4.17
 920430  14    35     9          5.60      258.90      264.50          5.85
 920430  15    74    16          8.22      395.93      404.15          9.02
 920430  16    66    15          8.17      392.73      400.23         10.65
 920430  17    49    12          7.17      368.95      376.12          9.67
 920430  18    46    15          8.47      343.53      350.65          9.83
 920430  19    64    17         11.30      395.85      403.10         12.68
 920430  20    69    18         16.47      479.12      489.72         12.90
 920430  21    50    14          6.73      362.22      367.55          8.33
 920430  22    24     8          4.12      204.17      208.28          4.93
 920430  23    14     3          1.97       86.62       88.58          1.85
 920430  24    10     4          2.60      124.18      126.70          2.05
1     MAXIMUM OF MAXIMUM SIMULTANEOUS USERS
 
 
                   MAX
            TOTAL  SIM                MAXIMUM CPS                   CONNECT
 DATE  HOUR USERS USERS            IN         OUT       TOTAL         HOURS
 
 920428  19    80    25         22.17      544.78      556.32         16.70
 
 
     MAXIMUM OF CONNECT HOURS
 
 
                   MAX
            TOTAL  SIM                MAXIMUM CPS                   CONNECT
 DATE  HOUR USERS USERS            IN         OUT       TOTAL         HOURS
 
 920428  21    68    23         11.20      489.85      501.05         16.75
1
