1
 
                   MAX
            TOTAL  SIM                MAXIMUM CPS                   CONNECT
 DATE  HOUR USERS USERS            IN         OUT       TOTAL         HOURS
 
 
 920106   1     0     0          0.00        0.00        0.00          0.00
 920106   2     0     0          0.00        0.00        0.00          0.00
 920106   3     0     0          0.00        0.00        0.00          0.00
 920106   4     2     2          0.07       16.17       16.23          0.05
 920106   5     2     2          0.07       16.00       16.07          0.05
 920106   6     0     0          0.00        0.00        0.00          0.00
 920106   7     0     0          0.00        0.00        0.00          0.00
 920106   8     0     0          0.00        0.00        0.00          0.00
 920106   9     0     0          0.00        0.00        0.00          0.00
 920106  10     0     0          0.00        0.00        0.00          0.00
 920106  11     2     2          0.07       15.33       15.40          0.05
 920106  12     0     0          0.00        0.00        0.00          0.00
 920106  13     2     1          0.03        8.17        8.20          0.05
 920106  14    76     6          0.28       51.10       51.33          1.33
 920106  15    89     5          0.18       40.02       40.20          1.63
 920106  16    53    18         11.25      410.93      422.15         10.42
 920106  17    73    19        139.60      401.00      527.68         11.65
 920106  18    50    13          5.88      349.30      353.95          9.15
 920106  19    58    15          8.22      338.30      346.52         10.17
 920106  20    61    17          8.50      372.25      380.75         12.48
 920106  21    53    17         22.30      339.80      347.98         10.68
 920106  22    58    14         10.03      393.98      404.02         10.22
 920106  23    41    14          7.82      393.10      399.78          9.22
 920106  24    16     6          4.65      147.10      151.75          2.55
1
 
                   MAX
            TOTAL  SIM                MAXIMUM CPS                   CONNECT
 DATE  HOUR USERS USERS            IN         OUT       TOTAL         HOURS
 
 
 920107   1     9     3          2.35       70.98       72.42          1.57
 920107   2     3     2          2.35       65.30       65.68          0.73
 920107   3     2     1          1.10       70.47       70.90          0.45
 920107   4     2     1          0.68       60.82       61.25          0.12
 920107   5     2     1          0.43       81.13       81.57          0.25
 920107   6     2     1          0.80       46.93       47.73          0.55
 920107   7     3     2          1.07       76.78       77.85          1.95
 920107   8     3     2          1.88       71.08       72.97          1.35
 920107   9     2     2          1.88       71.08       72.97          1.07
 920107  10     0     0          0.00        0.00        0.00          0.00
 920107  11     0     0          0.00        0.00        0.00          0.00
 920107  12     0     0          0.00        0.00        0.00          0.00
 920107  13     1     1          0.32       46.12       46.43          0.08
 920107  14    11     6          3.42      102.23      104.27          2.45
 920107  15    46    12         35.43      319.45      325.87          9.00
 920107  16    36    13          7.88      316.02      323.90          8.48
 920107  17    56    14          9.82      394.88      403.83          9.45
 920107  18    44    12          8.13      339.62      347.75          8.73
 920107  19    60    18          8.13      409.27      416.75         12.70
 920107  20    61    19         10.48      417.30      427.78         12.13
 920107  21    77    25         32.73      549.97      562.90         17.63
 920107  22    61    15         61.32      381.82      390.37          9.62
 920107  23    28    12         35.90      213.53      249.22          7.77
 920107  24    13     6          4.57      188.57      192.60          3.00
1
 
                   MAX
            TOTAL  SIM                MAXIMUM CPS                   CONNECT
 DATE  HOUR USERS USERS            IN         OUT       TOTAL         HOURS
 
 
 920108   1    14     5          6.05      163.37      168.82          2.40
 920108   2     7     3          5.22      137.43      139.25          2.40
 920108   3     4     2          1.62      107.78      108.95          0.70
 920108   4     2     1          0.28       16.12       16.40          0.37
 920108   5     3     1          1.17       76.95       78.12          0.25
 920108   6     0     0          0.00        0.00        0.00          0.00
 920108   7     1     1          0.38       42.98       43.37          0.25
 920108   8     0     0          0.00        0.00        0.00          0.00
 920108   9     0     0          0.00        0.00        0.00          0.00
 920108  10     0     0          0.00        0.00        0.00          0.00
 920108  11     1     1          0.45       51.72       52.17          0.13
 920108  12     1     1          1.35       53.32       54.67          0.05
 920108  13     2     1          0.78       30.75       31.53          0.30
 920108  14    20    10         10.93      257.23      262.43          3.93
 920108  15    37    12         36.87      302.87      310.10          7.65
 920108  16    51    12         25.80      290.75      298.52          8.72
 920108  17    62    16         25.13      391.75      402.15         11.98
 920108  18    53    13          6.92      316.17      323.08          9.38
 920108  19    39    12          6.08      279.93      286.02          8.22
 920108  20    65    21         31.17      480.38      491.40         14.47
 920108  21    68    23         32.02      473.08      505.10         15.43
 920108  22    63    16         33.65      355.47      367.53         12.33
 920108  23    42    11          7.77      315.93      322.07          7.52
 920108  24    12     4          2.35      112.33      114.07          1.80
1
 
                   MAX
            TOTAL  SIM                MAXIMUM CPS                   CONNECT
 DATE  HOUR USERS USERS            IN         OUT       TOTAL         HOURS
 
 
 920109   1     9     3          1.20       69.90       70.98          1.28
 920109   2     5     4         50.35       86.58      136.93          1.65
 920109   3     4     3          1.80      162.68      164.48          1.15
 920109   4     2     2          1.30      125.40      126.70          0.40
 920109   5     2     2          0.50       59.97       60.47          0.08
 920109   6     2     1          1.08       45.55       46.63          0.50
 920109   7     2     1          1.38       45.55       46.63          0.47
 920109   8     0     0          0.00        0.00        0.00          0.00
 920109   9     0     0          0.00        0.00        0.00          0.00
 920109  10     0     0          0.00        0.00        0.00          0.00
 920109  11     3     1         13.13       19.05       25.08          0.28
 920109  12     2     1          0.35       18.43       18.78          0.15
 920109  13     1     1          0.63       17.27       17.90          0.05
 920109  14    16     6          5.05      176.38      181.43          2.27
 920109  15    37     9         34.17      239.13      244.60          5.93
 920109  16    53    13          9.75      353.13      359.35          8.93
 920109  17    57    17         10.08      356.83      366.37         11.15
 920109  18    62    18          9.58      370.22      379.80         11.65
 920109  19    53    18         44.10      384.58      393.60         12.30
 920109  20    78    19         10.12      439.27      449.20         14.43
 920109  21    76    19         10.02      468.62      478.52         15.02
 920109  22    65    18         29.52      393.03      402.90         12.25
 920109  23    35    11         27.38      300.23      306.30          7.03
 920109  24    24     5          2.50      142.45      144.90          3.68
1
 
                   MAX
            TOTAL  SIM                MAXIMUM CPS                   CONNECT
 DATE  HOUR USERS USERS            IN         OUT       TOTAL         HOURS
 
 
 920110   1    14     5         43.70      219.75      223.18          2.43
 920110   2     4     2          1.38       78.80       80.18          0.33
 920110   3     1     1         30.53        7.22       37.75          0.25
 920110   4     1     1          0.83       48.15       48.98          0.03
 920110   5     2     2          1.10       75.33       76.43          1.47
 920110   6     3     2         50.02       75.33       76.43          0.68
 920110   7     2     1          1.33       41.00       42.33          0.33
 920110   8     1     1          0.35        9.78       10.13          0.13
 920110   9     1     1         21.75        8.97       30.72          0.22
 920110  10     0     0          0.00        0.00        0.00          0.00
 920110  11     0     0          0.00        0.00        0.00          0.00
 920110  12     0     0          0.00        0.00        0.00          0.00
 920110  13     5     4         40.70       68.53       70.37          0.62
 920110  14    25    10         19.03      224.15      243.18          5.07
 920110  15    60    17         19.72      359.78      365.48         10.87
 920110  16    72    16         54.90      394.47      416.90         12.40
 920110  17    69    18          9.73      436.05      445.35         13.17
 920110  18    56    19         12.28      415.57      427.85         13.18
 920110  19    58    15         11.87      384.52      396.38         11.43
 920110  20    63    18         15.63      412.02      420.28         13.57
 920110  21    78    23         11.55      503.02      514.57         16.50
 920110  22    52    16          8.08      294.00      298.72         11.77
 920110  23    34    11          6.90      253.93      260.83          6.43
 920110  24    21     7          5.07      176.25      181.32          3.07
1     MAXIMUM OF MAXIMUM SIMULTANEOUS USERS
 
 
                   MAX
            TOTAL  SIM                MAXIMUM CPS                   CONNECT
 DATE  HOUR USERS USERS            IN         OUT       TOTAL         HOURS
 
 920107  21    77    25         32.73      549.97      562.90         17.63
 
 
     MAXIMUM OF CONNECT HOURS
 
 
                   MAX
            TOTAL  SIM                MAXIMUM CPS                   CONNECT
 DATE  HOUR USERS USERS            IN         OUT       TOTAL         HOURS
 
 920107  21    77    25         32.73      549.97      562.90         17.63
1
  