1
 
                   MAX
            TOTAL  SIM                MAXIMUM CPS                   CONNECT
 DATE  HOUR USERS USERS            IN         OUT       TOTAL         HOURS
 
 
 911202   1     5     2         79.02      149.65      228.67          0.27
 911202   2     8     5         11.25      208.37      219.03          3.03
 911202   3     8     4          9.27      162.30      171.57          2.47
 911202   4     8     4          9.27      198.53      206.10          1.57
 911202   5     2     2          5.87      134.53      140.40          0.23
 911202   6     1     1          2.22       63.78       66.00          0.32
 911202   7     2     2          6.63      205.82      212.45          0.20
 911202   8     0     0          0.00        0.00        0.00          0.00
 911202   9     0     0          0.00        0.00        0.00          0.00
 911202  10     0     0          0.00        0.00        0.00          0.00
 911202  11     0     0          0.00        0.00        0.00          0.00
 911202  12     4     3         20.70      262.12      282.82          0.37
 911202  13    19     6         14.12      307.90      322.02          2.68
 911202  14    42    20         29.75      462.23      491.98         14.83
 911202  15    56    17         22.33      547.95      567.80         12.37
 911202  16    61    18         32.23      607.17      639.40         13.82
 911202  17    56    20         35.38      572.18      607.57         16.10
 911202  18    44    17         19.13      345.28      364.42         11.68
 911202  19    48    15         22.50      469.03      491.53         10.38
 911202  20    63    23         33.90      571.63      605.53         13.60
 911202  21    61    20         77.02      603.17      666.87         14.55
 911202  22    64    20         32.15      692.67      724.82         14.32
 911202  23    42    13         25.80      500.93      526.73          7.28
 911202  24    24     7         18.32      514.25      532.57          2.88
1
 
                   MAX
            TOTAL  SIM                MAXIMUM CPS                   CONNECT
 DATE  HOUR USERS USERS            IN         OUT       TOTAL         HOURS
 
 
 911203   1    16     7         32.78      347.15      374.48          4.48
 911203   2     9     3          9.98      290.23      300.22          1.68
 911203   3     9     3          8.43      236.05      244.48          1.07
 911203   4    11     4         12.43      212.40      221.28          2.80
 911203   5     6     3         28.55      192.85      200.33          0.98
 911203   6     2     1          3.43      103.48      106.92          0.27
 911203   7     1     1          1.43       14.28       15.72          0.78
 911203   8     0     0          0.00        0.00        0.00          0.00
 911203   9     0     0          0.00        0.00        0.00          0.00
 911203  10     1     1          2.17       58.95       61.12          0.20
 911203  11     2     1          2.35       60.30       62.65          0.95
 911203  12     2     1          3.70       74.15       77.85          0.42
 911203  13    13     6         16.65      297.90      314.55          1.62
 911203  14    46    14         24.60      380.42      397.38          9.87
 911203  15    61    23         34.63      768.77      803.40         14.23
 911203  16    72    26         80.20      757.10      793.77         16.67
 911203  17    63    19         83.72      801.65      885.37         15.13
 911203  18    45    14         27.27      524.97      552.23         10.27
 911203  19    43    16         16.80      342.83      359.37         11.83
 911203  20    57    20         21.65      420.90      438.75         14.65
 911203  21    68    20         30.38      556.33      581.45         14.22
 911203  22    55    24         41.67      754.82      796.48         13.18
 911203  23    29    12         19.25      414.13      433.38          8.02
 911203  24    22    10         19.27      440.02      459.28          5.30
1
 
                   MAX
            TOTAL  SIM                MAXIMUM CPS                   CONNECT
 DATE  HOUR USERS USERS            IN         OUT       TOTAL         HOURS
 
 
 911204   1     9     5          9.97      266.78      274.67          2.50
 911204   2    18    10         25.10      520.18      545.28          4.68
 911204   3    19     9         23.62      444.38      467.22          5.03
 911204   4     9     4         14.25      327.77      340.85          2.23
 911204   5     4     2         10.63      176.27      185.50          1.53
 911204   6     1     1          5.73       74.23       79.97          0.40
 911204   7     0     0          0.00        0.00        0.00          0.00
 911204   8     1     1         32.87       69.15      102.02          0.07
 911204   9     2     1          4.17      111.55      114.93          0.62
 911204  10     1     1          3.38      111.55      114.93          0.15
 911204  11     1     1          2.47       83.12       85.58          0.07
 911204  12     1     1          4.75      101.22      105.97          0.60
 911204  13    12     4         10.67      275.40      286.07          2.50
 911204  14    49    19         32.55      623.03      651.90          9.58
 911204  15    53    18         29.98      628.48      658.47         14.60
 911204  16    58    22         36.32      636.05      661.97         16.40
 911204  17    60    21         40.42      673.53      713.95         15.02
 911204  18    41    17         32.92      496.87      517.22         11.02
 911204  19    37    11         18.62      471.88      489.68          7.95
 911204  20    52    19         38.33      563.07      594.25         11.17
 911204  21    58    19         38.82      567.78      605.60         13.33
 911204  22    59    21         36.15      755.47      791.62         16.53
 911204  23    43    14         29.22      664.57      691.70          7.65
 911204  24    25     8         27.13      664.57      691.70          4.07
1
 
                   MAX
            TOTAL  SIM                MAXIMUM CPS                   CONNECT
 DATE  HOUR USERS USERS            IN         OUT       TOTAL         HOURS
 
 
 911205   1    20     8         14.62      384.13      394.77          4.40
 911205   2    13     4         13.45      243.60      250.30          2.78
 911205   3    20     6         20.57      366.27      378.75          3.80
 911205   4    11     7         23.43      416.80      440.23          2.98
 911205   5     2     1          4.72      141.57      146.28          0.07
 911205   6     5     2         11.55      174.00      176.28          1.10
 911205   7     3     2          2.88       55.77       58.65          0.73
 911205   8     1     1          1.95       70.25       72.20          0.08
 911205   9     0     0          0.00        0.00        0.00          0.00
 911205  10     0     0          0.00        0.00        0.00          0.00
 911205  11     1     1         17.28       71.62       88.90          0.10
 911205  12     4     2         36.22      164.12      200.33          0.93
 911205  13    10     4         96.30      262.50      358.18          0.87
 911205  14    32    14         21.95      549.38      571.33          7.00
 911205  15    49    19         27.82      651.60      678.13         13.85
 911205  16    67    18         31.42      593.83      617.58         15.57
 911205  17    67    18         26.10      586.13      612.23         13.23
 911205  18    40    18         16.88      501.32      517.58          8.57
 911205  19    37    15         20.18      356.72      375.03          9.32
 911205  20    59    20         31.30      448.55      479.85         13.67
 911205  21    61    19         37.48      445.83      483.32         12.78
 911205  22    51    17         23.63      378.78      400.27         14.07
 911205  23    23    11         24.50      543.75      568.25          5.05
 911205  24    20     9         41.82      308.92      348.57          5.60
1
 
                   MAX
            TOTAL  SIM                MAXIMUM CPS                   CONNECT
 DATE  HOUR USERS USERS            IN         OUT       TOTAL         HOURS
 
 
 911206   1    12     6         36.30      282.52      292.78          2.88
 911206   2    13     5         14.10      297.48      311.58          2.92
 911206   3     6     3         15.43      152.57      168.00          1.48
 911206   4    12     5         20.08      271.18      291.27          2.78
 911206   5    10     3         10.05      178.83      186.53          1.55
 911206   6     9     2          7.93      175.45      183.38          0.98
 911206   7     0     0          0.00        0.00        0.00          0.00
 911206   8     0     0          0.00        0.00        0.00          0.00
 911206   9     0     0          0.00        0.00        0.00          0.00
 911206  10     0     0          0.00        0.00        0.00          0.00
 911206  11     0     0          0.00        0.00        0.00          0.00
 911206  12     1     1          4.80      140.90      145.70          0.05
 911206  13    11     6         21.17      441.70      462.87          3.00
 911206  14    37    16         87.57      519.32      606.88          9.68
 911206  15    50    17         98.22      827.23      925.45          9.53
 911206  16    58    21         28.75      490.02      518.77         16.48
 911206  17    74    23         36.28      625.28      659.97         17.33
 911206  18    42    14         26.87      577.07      598.03         10.98
 911206  19    55    20         34.35      544.52      576.47         13.78
 911206  20    65    20         32.17      566.38      590.70         15.40
 911206  21    53    17         48.30      615.53      663.83         13.22
 911206  22    62    17         33.73      631.62      661.58         13.32
 911206  23    28    10         97.70      463.07      487.03          4.57
 911206  24    18     5         12.13      209.92      222.05          2.08
1     MAXIMUM OF MAXIMUM SIMULTANEOUS USERS
 
 
                   MAX
            TOTAL  SIM                MAXIMUM CPS                   CONNECT
 DATE  HOUR USERS USERS            IN         OUT       TOTAL         HOURS
 
 911203  16    72    26         80.20      757.10      793.77         16.67
 
 
     MAXIMUM OF CONNECT HOURS
 
 
                   MAX
            TOTAL  SIM                MAXIMUM CPS                   CONNECT
 DATE  HOUR USERS USERS            IN         OUT       TOTAL         HOURS
 
 911206  17    74    23         36.28      625.28      659.97         17.33
1
  