1
 
                   MAX
            TOTAL  SIM                MAXIMUM CPS                   CONNECT
 DATE  HOUR USERS USERS            IN         OUT       TOTAL         HOURS
 
 
 911202   1     3     2          8.85      124.72      133.57          0.87
 911202   2     2     1          3.22      102.83      105.52          0.58
 911202   3     5     2         14.47      180.73      195.20          1.47
 911202   4     3     2          4.45      154.80      159.25          0.27
 911202   5     0     0          0.00        0.00        0.00          0.00
 911202   6     2     1          2.97      102.85      105.82          0.32
 911202   7     0     0          0.00        0.00        0.00          0.00
 911202   8     0     0          0.00        0.00        0.00          0.00
 911202   9     0     0          0.00        0.00        0.00          0.00
 911202  10     0     0          0.00        0.00        0.00          0.00
 911202  11     0     0          0.00        0.00        0.00          0.00
 911202  12     0     0          0.00        0.00        0.00          0.00
 911202  13     8     3          4.67       74.60       78.50          1.27
 911202  14    25    10         10.38      224.98      235.37          5.62
 911202  15    46    15         19.68      297.28      315.75          8.65
 911202  16    53    12         28.17      368.72      396.88          7.77
 911202  17    60    18         27.13      339.42      364.73         12.32
 911202  18    47    13         15.45      257.15      270.63         10.12
 911202  19    45    12         19.60      521.33      540.93          8.92
 911202  20    49    13         22.93      366.02      385.38          8.52
 911202  21    47    14         21.45      294.42      311.85          8.13
 911202  22    50    13         22.18      364.57      386.75          8.42
 911202  23    37     8         17.82      306.27      323.40          5.13
 911202  24    27     9         20.53      299.02      319.55          5.47
1
 
                   MAX
            TOTAL  SIM                MAXIMUM CPS                   CONNECT
 DATE  HOUR USERS USERS            IN         OUT       TOTAL         HOURS
 
 
 911203   1    19     6         13.72      334.12      346.70          2.98
 911203   2     8     4          7.15      151.18      155.95          1.52
 911203   3     6     4          9.78      199.18      208.97          2.15
 911203   4     4     3          8.57      177.23      184.07          1.22
 911203   5     2     2          6.68      187.12      193.80          1.05
 911203   6     1     1          4.85      150.37      155.22          0.38
 911203   7     2     2         10.52       81.45       91.97          0.87
 911203   8     0     0          0.00        0.00        0.00          0.00
 911203   9     0     0          0.00        0.00        0.00          0.00
 911203  10     1     1          2.00       52.13       54.13          0.10
 911203  11     2     2          3.83      128.30      132.13          1.03
 911203  12     1     1          2.93      104.73      107.67          0.08
 911203  13    12     4         15.17      252.57      262.28          1.33
 911203  14    36    10         16.67      298.57      315.23          5.75
 911203  15    52    16         29.98      480.92      509.97         11.10
 911203  16    31    11         16.30      266.10      282.40          7.12
 911203  17    47    14         24.13      312.03      334.63          9.68
 911203  18    37    13         21.17      228.07      243.80          9.70
 911203  19    53    16         24.32      348.70      373.02         11.07
 911203  20    56    17         24.63      302.57      326.43         11.13
 911203  21    55    16         22.48      326.72      345.73          8.00
 911203  22    50    15         24.87      361.13      384.27          9.85
 911203  23    31     9         18.23      391.45      409.68          4.93
 911203  24    28     8         13.80      359.57      373.07          4.63
1
 
                   MAX
            TOTAL  SIM                MAXIMUM CPS                   CONNECT
 DATE  HOUR USERS USERS            IN         OUT       TOTAL         HOURS
 
 
 911204   1    13     7         13.17      219.03      232.20          2.52
 911204   2     4     3          3.30      100.65      103.95          0.80
 911204   3     3     2          5.35       83.27       88.62          0.98
 911204   4     2     2          6.93      212.03      218.97          0.63
 911204   5     2     1          4.97      145.28      150.25          0.50
 911204   6     1     1          4.50      104.38      108.88          0.05
 911204   7     0     0          0.00        0.00        0.00          0.00
 911204   8     0     0          0.00        0.00        0.00          0.00
 911204   9     0     0          0.00        0.00        0.00          0.00
 911204  10     1     1          4.13      126.13      130.27          0.05
 911204  11     1     1          4.13      126.13      130.27          0.07
 911204  12     3     2          3.42      143.55      146.97          0.57
 911204  13    10     3          8.17      208.00      216.17          1.63
 911204  14    33     9         17.70      258.15      271.88          6.37
 911204  15    47    15         17.32      342.62      359.17         11.00
 911204  16    63    17         29.08      424.52      453.60         12.85
 911204  17    56    17         25.72      368.10      393.82         12.67
 911204  18    44    17         25.08      382.68      407.77         11.52
 911204  19    43    13         18.75      370.25      389.00          8.10
 911204  20    56    16         18.32      308.22      326.15         10.68
 911204  21    45    16         23.78      409.87      433.65         11.08
 911204  22    49    13         20.72      411.40      432.12          7.02
 911204  23    35     9         13.10      287.10      300.20          6.32
 911204  24    24     8         16.28      227.65      240.00          4.37
1
 
                   MAX
            TOTAL  SIM                MAXIMUM CPS                   CONNECT
 DATE  HOUR USERS USERS            IN         OUT       TOTAL         HOURS
 
 
 911205   1    20     6          8.75      236.48      244.25          4.00
 911205   2    12     6         15.42      312.33      327.75          2.87
 911205   3     2     1          4.38      170.07      174.45          0.05
 911205   4     2     2          4.90      108.58      113.48          0.32
 911205   5     3     2          4.90      108.58      113.48          0.45
 911205   6     0     0          0.00        0.00        0.00          0.00
 911205   7     0     0          0.00        0.00        0.00          0.00
 911205   8     0     0          0.00        0.00        0.00          0.00
 911205   9     0     0          0.00        0.00        0.00          0.00
 911205  10     1     1          2.13       39.92       42.05          0.47
 911205  11     2     2          5.37      152.90      158.27          1.07
 911205  12     6     3         12.83      226.05      236.68          0.88
 911205  13    10     4         12.83      191.38      204.22          1.08
 911205  14    20    10         14.70      191.02      205.72          5.32
 911205  15    35    11         17.42      369.92      387.33          6.03
 911205  16    59    17         25.75      512.03      536.92         11.42
 911205  17    52    16         21.77      293.62      311.38         10.18
 911205  18    58    17         27.55      442.85      470.40         12.25
 911205  19    41    15         22.50      323.47      345.97          6.55
 911205  20    54    15         22.17      333.52      355.28         10.77
 911205  21    45    11         20.18      382.45      398.93          7.60
 911205  22    44    11         16.60      292.88      309.48          6.43
 911205  23    44    12         19.13      279.68      296.32          6.53
 911205  24    14     5          8.80      154.98      161.88          2.47
1
 
                   MAX
            TOTAL  SIM                MAXIMUM CPS                   CONNECT
 DATE  HOUR USERS USERS            IN         OUT       TOTAL         HOURS
 
 
 911206   1    15     6         13.48      207.28      220.08          3.72
 911206   2    13     6         16.78      245.00      260.58          3.98
 911206   3     3     3          6.43      184.12      190.55          0.92
 911206   4     2     2          6.23      108.80      115.03          0.23
 911206   5     3     2          6.23      108.80      115.03          0.27
 911206   6     0     0          0.00        0.00        0.00          0.00
 911206   7     0     0          0.00        0.00        0.00          0.00
 911206   8     0     0          0.00        0.00        0.00          0.00
 911206   9     0     0          0.00        0.00        0.00          0.00
 911206  10     0     0          0.00        0.00        0.00          0.00
 911206  11     0     0          0.00        0.00        0.00          0.00
 911206  12     1     1          2.68       86.12       88.80          0.10
 911206  13    11     6         11.40      163.30      173.88          1.57
 911206  14    32    12         17.13      277.45      294.58          6.63
 911206  15    49    14         21.40      373.42      394.82          9.55
 911206  16    41    13         24.32      363.93      388.25          8.33
 911206  17    70    18         39.08      541.60      580.68         14.75
 911206  18    44    13         29.73      437.73      467.47          8.90
 911206  19    42    12         24.53      364.82      387.47          7.67
 911206  20    37    10         15.75      314.83      330.50          6.13
 911206  21    57    15         22.93      387.27      410.20         11.57
 911206  22    49    14         22.35      314.68      335.42          9.22
 911206  23    30     8         12.53      265.60      276.87          4.92
 911206  24    11     5         10.27      179.52      189.78          2.30
1     MAXIMUM OF MAXIMUM SIMULTANEOUS USERS
 
 
                   MAX
            TOTAL  SIM                MAXIMUM CPS                   CONNECT
 DATE  HOUR USERS USERS            IN         OUT       TOTAL         HOURS
 
 911202  17    60    18         27.13      339.42      364.73         12.32
 
 
     MAXIMUM OF CONNECT HOURS
 
 
                   MAX
            TOTAL  SIM                MAXIMUM CPS                   CONNECT
 DATE  HOUR USERS USERS            IN         OUT       TOTAL         HOURS
 
 911206  17    70    18         39.08      541.60      580.68         14.75
1
  