1
 
                   MAX
            TOTAL  SIM                MAXIMUM CPS                   CONNECT
 DATE  HOUR USERS USERS            IN         OUT       TOTAL         HOURS
 
 
 921012   1     0     0          0.00        0.00        0.00          0.00
 921012   2     0     0          0.00        0.00        0.00          0.00
 921012   3     0     0          0.00        0.00        0.00          0.00
 921012   4     0     0          0.00        0.00        0.00          0.00
 921012   5     0     0          0.00        0.00        0.00          0.00
 921012   6     0     0          0.00        0.00        0.00          0.00
 921012   7     0     0          0.00        0.00        0.00          0.00
 921012   8     0     0          0.00        0.00        0.00          0.00
 921012   9     0     0          0.00        0.00        0.00          0.00
 921012  10     0     0          0.00        0.00        0.00          0.00
 921012  11     0     0          0.00        0.00        0.00          0.00
 921012  12     0     0          0.00        0.00        0.00          0.00
 921012  13     0     0          0.00        0.00        0.00          0.00
 921012  14     0     0          0.00        0.00        0.00          0.00
 921012  15     0     0          0.00        0.00        0.00          0.00
 921012  16     0     0          0.00        0.00        0.00          0.00
 921012  17     0     0          0.00        0.00        0.00          0.00
 921012  18     0     0          0.00        0.00        0.00          0.00
 921012  19     0     0          0.00        0.00        0.00          0.00
 921012  20     0     0          0.00        0.00        0.00          0.00
 921012  21     0     0          0.00        0.00        0.00          0.00
 921012  22     0     0          0.00        0.00        0.00          0.00
 921012  23     0     0          0.00        0.00        0.00          0.00
 921012  24     0     0          0.00        0.00        0.00          0.00
1
 
                   MAX
            TOTAL  SIM                MAXIMUM CPS                   CONNECT
 DATE  HOUR USERS USERS            IN         OUT       TOTAL         HOURS
 
 
 921013   1     0     0          0.00        0.00        0.00          0.00
 921013   2     0     0          0.00        0.00        0.00          0.00
 921013   3     0     0          0.00        0.00        0.00          0.00
 921013   4     0     0          0.00        0.00        0.00          0.00
 921013   5     0     0          0.00        0.00        0.00          0.00
 921013   6     0     0          0.00        0.00        0.00          0.00
 921013   7     3     1          3.45      133.88      137.33          0.35
 921013   8     0     0          0.00        0.00        0.00          0.00
 921013   9     0     0          0.00        0.00        0.00          0.00
 921013  10     2     1          2.53       74.40       76.93          0.47
 921013  11     2     1          3.78      158.90      162.68          0.23
 921013  12     3     3         10.43      338.65      349.08          0.40
 921013  13     8     5         16.43      248.73      265.17          1.87
 921013  14    12     6         33.47      182.60      216.07          2.90
 921013  15    12     5         14.35      226.12      237.68          2.60
 921013  16     9     3         10.47      196.02      203.08          1.87
 921013  17     5     3          8.82      280.85      289.67          1.55
 921013  18    10     3        132.60      212.47      285.78          1.12
 921013  19    13     4         16.28      395.32      411.60          2.42
 921013  20     6     3         70.98      196.25      207.02          0.52
 921013  21     4     2          7.63      231.22      238.85          0.98
 921013  22     6     3         14.00      312.20      326.20          1.28
 921013  23     7     3         19.67      373.45      393.12          1.10
 921013  24     2     1          1.20       55.65       56.85          0.32
1
 
                   MAX
            TOTAL  SIM                MAXIMUM CPS                   CONNECT
 DATE  HOUR USERS USERS            IN         OUT       TOTAL         HOURS
 
 
 921014   1     2     1          5.07       58.45       63.52          0.50
 921014   2     8     5        117.43      339.83      446.92          2.53
 921014   3     7     5         15.63      312.33      327.68          2.98
 921014   4     6     3         66.20      152.63      198.82          1.65
 921014   5     2     2          5.48      125.10      130.58          1.08
 921014   6     1     1          1.67       59.62       61.28          0.57
 921014   7     0     0          0.00        0.00        0.00          0.00
 921014   8     0     0          0.00        0.00        0.00          0.00
 921014   9     1     1          5.75      102.03      107.78          0.15
 921014  10     0     0          0.00        0.00        0.00          0.00
 921014  11     3     2         11.08      252.87      263.95          0.38
 921014  12     3     2         10.55      172.72      183.27          0.82
 921014  13     3     2          5.42       87.42       90.72          0.62
 921014  14     6     2          8.47      163.27      171.73          1.22
 921014  15     7     4         17.90      238.32      249.42          1.30
 921014  16     7     4          9.05      121.10      130.15          1.65
 921014  17     4     3          6.75       89.53       92.13          0.68
 921014  18     3     2          5.45       87.62       93.07          0.65
 921014  19     2     1          3.70      107.50      111.20          0.28
 921014  20     4     3          8.83      184.77      193.60          1.28
 921014  21     6     3         10.28      244.75      255.03          0.95
 921014  22     6     3          8.77      261.18      269.58          1.50
 921014  23     5     3         11.25      299.60      310.85          1.33
 921014  24     2     1          4.17      109.67      113.83          0.10
1
 
                   MAX
            TOTAL  SIM                MAXIMUM CPS                   CONNECT
 DATE  HOUR USERS USERS            IN         OUT       TOTAL         HOURS
 
 
 921015   1     5     4         15.08      234.87      249.95          1.97
 921015   2     4     2          8.25      147.17      155.42          0.87
 921015   3     1     1          3.82       55.52       59.33          0.30
 921015   4     6     2          6.42      182.02      188.43          0.82
 921015   5     2     2          6.42      182.02      188.43          0.33
 921015   6     1     1          4.38      108.87      113.25          0.35
 921015   7     0     0          0.00        0.00        0.00          0.00
 921015   8     1     1          2.63       71.53       74.17          0.05
 921015   9     0     0          0.00        0.00        0.00          0.00
 921015  10     3     2          3.65      107.45      111.10          0.38
 921015  11     3     2          3.50       55.77       59.27          0.80
 921015  12    11     4         13.95      253.38      267.33          2.38
 921015  13    12     6         45.42      627.65      673.07          3.17
 921015  14     5     3          8.67      126.00      132.53          1.68
 921015  15     7     4          9.08      151.50      160.40          2.18
 921015  16     5     2          4.50      152.53      157.03          0.77
 921015  17     3     1          8.73      117.98      126.72          0.20
 921015  18     2     1          5.02      175.68      180.70          0.75
 921015  19    10     4          7.43      158.47      165.90          1.77
 921015  20     7     3          6.53      139.90      146.43          0.78
 921015  21     1     1          1.65        3.55        5.20          0.03
 921015  22     2     1          9.37      179.37      184.77          0.07
 921015  23     4     2          4.98      178.77      183.75          0.83
 921015  24     1     1          0.90       21.12       22.02          0.33
1
 
                   MAX
            TOTAL  SIM                MAXIMUM CPS                   CONNECT
 DATE  HOUR USERS USERS            IN         OUT       TOTAL         HOURS
 
 
 921016   1     5     3         16.37      261.73      271.47          0.95
 921016   2    14     8         39.68      580.18      616.57          5.55
 921016   3    12     8         38.93      578.65      617.58          4.53
 921016   4     2     2          8.80      207.55      216.35          1.05
 921016   5     0     0          0.00        0.00        0.00          0.00
 921016   6     0     0          0.00        0.00        0.00          0.00
 921016   7     1     1          5.87       52.72       58.58          0.10
 921016   8     0     0          0.00        0.00        0.00          0.00
 921016   9     0     0          0.00        0.00        0.00          0.00
 921016  10     0     0          0.00        0.00        0.00          0.00
 921016  11     4     3         14.58      235.83      250.42          0.55
 921016  12     5     2         11.38      207.97      219.35          0.95
 921016  13     3     3         10.47      261.07      271.53          0.47
 921016  14     7     4         15.43      314.80      330.23          1.72
 921016  15    13     5         26.50      375.53      392.18          3.10
 921016  16     4     3         13.83      209.32      217.93          1.30
 921016  17     9     4         16.85      200.20      212.12          2.18
 921016  18     5     3          7.10      201.17      208.27          2.22
 921016  19    11     5         16.08      275.07      290.03          3.55
 921016  20     7     3         24.72      293.65      318.37          2.08
 921016  21     7     5         29.00      300.80      329.80          1.95
 921016  22     2     2        110.03      170.50      280.53          0.23
 921016  23     2     1        108.20      109.55      217.75          0.27
 921016  24     1     1          1.40       55.18       56.58          0.15
1     MAXIMUM OF MAXIMUM SIMULTANEOUS USERS
 
 
                   MAX
            TOTAL  SIM                MAXIMUM CPS                   CONNECT
 DATE  HOUR USERS USERS            IN         OUT       TOTAL         HOURS
 
 921016   2    14     8         39.68      580.18      616.57          5.55
 
 
     MAXIMUM OF CONNECT HOURS
 
 
                   MAX
            TOTAL  SIM                MAXIMUM CPS                   CONNECT
 DATE  HOUR USERS USERS            IN         OUT       TOTAL         HOURS
 
 921016   2    14     8         39.68      580.18      616.57          5.55
1
  