1
 
                   MAX
            TOTAL  SIM                MAXIMUM CPS                   CONNECT
 DATE  HOUR USERS USERS            IN         OUT       TOTAL         HOURS
 
 
 920901   1    35    14         32.43      839.15      871.58         10.25
 920901   2    40    12         82.68      585.37      668.05         10.12
 920901   3    26    10         88.57      396.47      475.33          5.12
 920901   4     7     4         16.63      151.83      168.47          2.67
 920901   5     1     1          2.40       34.52       36.92          1.00
 920901   6     2     1          2.40       81.13       83.17          0.22
 920901   7     0     0          0.00        0.00        0.00          0.00
 920901   8     0     0          0.00        0.00        0.00          0.00
 920901   9     0     0          0.00        0.00        0.00          0.00
 920901  10     2     2          8.58      111.83      120.42          0.60
 920901  11     2     1          2.78       93.88       96.67          0.12
 920901  12    17     6         72.02      328.60      377.35          3.42
 920901  13    39    17         43.17      676.98      709.92          9.53
 920901  14    63    21         37.27      606.30      636.48         13.07
 920901  15    52    15         52.88      528.27      553.87         12.30
 920901  16    70    26         79.68      654.67      694.13         18.43
 920901  17    59    19        139.23      539.67      607.98         13.20
 920901  18    44    17         83.85      471.18      490.53         12.13
 920901  19    65    23         70.68      689.50      718.03         15.48
 920901  20    64    22         41.15      629.02      665.78         18.68
 920901  21    79    23        122.95      668.32      707.33         18.83
 920901  22    72    20        154.72      694.48      816.13         11.22
 920901  23    41    13         79.68      407.25      422.63          7.92
 920901  24    33    10        163.02      411.72      534.78          5.20
1
 
                   MAX
            TOTAL  SIM                MAXIMUM CPS                   CONNECT
 DATE  HOUR USERS USERS            IN         OUT       TOTAL         HOURS
 
 
 920902   1    19     6        209.85      315.12      524.97          3.22
 920902   2    26     9         38.45      428.10      461.00          5.18
 920902   3    15     6         82.53      444.38      462.33          2.45
 920902   4     6     4         11.83      257.30      269.13          1.62
 920902   5     5     3         10.48      142.07      152.55          1.40
 920902   6     4     4         13.68      232.05      245.73          1.73
 920902   7     0     0          0.00        0.00        0.00          0.00
 920902   8     0     0          0.00        0.00        0.00          0.00
 920902   9     0     0          0.00        0.00        0.00          0.00
 920902  10     0     0          0.00        0.00        0.00          0.00
 920902  11     7     4          9.77      292.07      301.83          1.13
 920902  12    12     6         97.30      318.32      415.62          2.75
 920902  13    35    11         40.45      465.05      492.40          6.03
 920902  14    60    20         66.42      572.00      610.17         14.43
 920902  15    62    22         59.75      647.78      675.43         17.08
 920902  16    62    24        203.05      521.35      724.40         17.02
 920902  17    59    19        202.55      583.35      699.55          9.43
 920902  18    41    17        118.15      342.30      361.78         11.27
 920902  19    46    17         88.73      397.05      454.33         13.22
 920902  20    56    24        203.77      855.87     1059.63         13.35
 920902  21    79    20        193.92      649.22      843.13         14.13
 920902  22    49    17         85.93      481.93      555.25         12.25
 920902  23    24    10         76.12      502.70      528.67          4.53
 920902  24    30    12         77.27      564.93      583.38          3.43
1
 
                   MAX
            TOTAL  SIM                MAXIMUM CPS                   CONNECT
 DATE  HOUR USERS USERS            IN         OUT       TOTAL         HOURS
 
 
 920903   1    18     7         32.77      397.22      412.35          3.97
 920903   2    17    10         86.13      405.42      437.07          4.90
 920903   3    20    10        102.35      459.02      489.73          6.10
 920903   4    11     6        123.30      270.08      294.25          1.95
 920903   5     3     1        119.85      121.22      241.07          0.65
 920903   6     2     1         76.42       54.87       88.10          0.47
 920903   7     0     0          0.00        0.00        0.00          0.00
 920903   8     0     0          0.00        0.00        0.00          0.00
 920903   9     0     0          0.00        0.00        0.00          0.00
 920903  10     3     1          4.28      104.37      108.65          0.27
 920903  11     4     2         89.22       97.90      156.73          1.32
 920903  12    10     4         10.05      204.92      213.93          2.38
 920903  13    48    20         74.40      625.58      651.05         10.53
 920903  14    52    21         31.32      746.03      776.13         16.50
 920903  15    79    33        102.13      797.35      853.40         19.15
 920903  16    82    32        125.07      781.78      837.85         18.95
 920903  17    62    20        129.08      722.35      757.28         12.48
 920903  18    56    16         62.45      413.33      433.13         12.03
 920903  19    77    25        133.68      709.42      749.83         15.73
 920903  20    73    20        133.02      585.93      706.38         14.73
 920903  21    78    23         66.98      608.92      641.68         16.67
 920903  22    63    19         95.18      599.52      624.20         14.17
 920903  23    30    10        111.10      333.38      409.18          5.92
 920903  24    17    10         20.45      417.90      437.07          3.97
1
 
                   MAX
            TOTAL  SIM                MAXIMUM CPS                   CONNECT
 DATE  HOUR USERS USERS            IN         OUT       TOTAL         HOURS
 
 
 920904   1    11     5          8.78      245.30      254.08          2.90
 920904   2    10     5         14.33      343.73      358.07          2.68
 920904   3     5     2          8.00      237.43      245.43          1.05
 920904   4     5     3          6.05      109.08      114.10          1.80
 920904   5     3     3          4.60      112.83      117.43          1.18
 920904   6     3     2          6.67       91.40       98.07          0.70
 920904   7     2     2          6.67       91.40       98.07          0.75
 920904   8     0     0          0.00        0.00        0.00          0.00
 920904   9     0     0          0.00        0.00        0.00          0.00
 920904  10     0     0          0.00        0.00        0.00          0.00
 920904  11     4     4         16.73      240.75      257.48          0.98
 920904  12    15     7        114.23      268.68      300.25          2.40
 920904  13    41    16         94.63      450.13      544.62          8.42
 920904  14    59    16         97.87      576.00      659.08         10.37
 920904  15    36    10         87.72      333.33      354.00          6.77
 920904  16    35    10         27.53      427.05      444.37          6.33
 920904  17    24     7         92.55      247.28      274.20          4.07
 920904  18    22    10         16.17      217.23      233.40          5.52
 920904  19    28     8         13.65      185.23      198.88          5.92
 920904  20    31    10         57.83      280.62      293.53          6.25
 920904  21    31    10        108.82      397.95      420.43          7.83
 920904  22    27     8         27.37      375.28      391.03          4.22
 920904  23     9     4          9.03      187.88      196.92          1.55
 920904  24     4     2          4.42      104.18      108.60          0.92
1
 
                   MAX
            TOTAL  SIM                MAXIMUM CPS                   CONNECT
 DATE  HOUR USERS USERS            IN         OUT       TOTAL         HOURS
 
 
 920905   1     6     3          4.88       92.77       97.65          0.87
 920905   2     4     2          4.25       99.37      103.33          1.28
 920905   3     5     3         12.57      171.07      182.68          2.08
 920905   4     2     2          7.88       77.47       85.35          1.28
 920905   5     0     0          0.00        0.00        0.00          0.00
 920905   6     1     1          2.62      132.30      134.92          0.15
 920905   7     1     1          2.62      132.30      134.92          0.22
 920905   8     0     0          0.00        0.00        0.00          0.00
 920905   9     0     0          0.00        0.00        0.00          0.00
 920905  10     0     0          0.00        0.00        0.00          0.00
 920905  11     0     0          0.00        0.00        0.00          0.00
 920905  12     1     1          3.77       71.88       75.65          0.08
 920905  13     1     1          3.77       71.88       75.65          0.25
 920905  14     0     0          0.00        0.00        0.00          0.00
 920905  15     4     2         84.17      142.35      170.72          0.43
 920905  16    10     5          7.02      212.83      219.08          1.53
 920905  17     3     2          7.22       99.80      107.02          0.37
 920905  18     1     1          2.82       49.20       52.02          0.23
 920905  19     1     1          2.52       50.68       53.20          0.12
 920905  20     2     1          4.20      124.75      128.95          0.05
 920905  21     5     3         79.35      262.57      271.02          1.48
 920905  22     3     2          4.45      146.67      150.50          1.28
 920905  23     3     2        102.85      169.30      206.53          0.93
 920905  24     1     1        102.85      103.68      206.53          0.20
1     MAXIMUM OF MAXIMUM SIMULTANEOUS USERS
 
 
                   MAX
            TOTAL  SIM                MAXIMUM CPS                   CONNECT
 DATE  HOUR USERS USERS            IN         OUT       TOTAL         HOURS
 
 920903  15    79    33        102.13      797.35      853.40         19.15
 
 
     MAXIMUM OF CONNECT HOURS
 
 
                   MAX
            TOTAL  SIM                MAXIMUM CPS                   CONNECT
 DATE  HOUR USERS USERS            IN         OUT       TOTAL         HOURS
 
 920903  15    79    33        102.13      797.35      853.40         19.15
1
  