-r (mss)tools2



























                       THIS IS A NEW VERSION OF TOOLS2!!
                                  APRIL, 1990
                           (UPDATED NOVEMBER, 1991)

                      PLEASE READ FILE: (MSS)TOOLS2.INF
                         BEFORE USING THIS VERION FOR
                               THE FIRST TIME.

                   YOU MAY PROCESS ONLY   5 DAYS AT ONE TIME
                                WITH THIS VERSION.

                   TOOLS2 IS NO LONGER SUPPORTED BY NETWORK ANALYSIS!

                   PLEASE CONTACT SALES SUPPORT IF YOU HAVE ANY 
                                PROBLEMS OR QUESTIONS

                   TERMINAL TYPE (425/444/0) => 

                                                           INTRODUCTION

                         TRAFFIC STATISTICS PROGRAM

          THIS PROGRAM CALCULATES VARIOUS TRAFFIC STATISTICS, USING
                    THE DAILY NETSTAT 1022 DATABASE FILES.

          THE REPORTS PRODUCED ARE:

               1) BANDWIDTH REPORT - CALCULATES THE
                     REQUIRED BANDWIDTH TO SUPPORT
                     EXISTING TRAFFIC;

               2) STATISTICS REPORT - CALCULATES TRAFFIC
                     STATISTICS (KBPS, CONNECT HOURS,
                     NUMBER OF USERS;



              ***** TYPE <RET> TO CONTINUE *****

                                                           REPORTS 1/2/3



         ***** PLEASE INPUT DATES IN THE FORMAT YMMDD. *****



                        BEGINNING DATE:  50111


                           ENDING DATE:  50114


          *****  TYPE OF REPORT  *****

               1) BANDWIDTH
               2) STATISTICS


          => 2

                                                           REPORT 2

          ***** RECORDS SELECTED BY *****

               1) NODE
               2) HOST


          => 2



          ***** NODE/HOST TYPE *****

               1) ORIGINATING
               2) TERMINATING
               3) BOTH


          => 2



          INPUT FILENAME (ALL CAPS) => H15942.IN

         OUTPUT FILENAME (ALL CAPS) => H15942.OUT











                   PROCESSING DATA FOR REPORT 2

1022 ENTER  error (3) File being Modified File: NTERM2.DMV

1022 error in routine DBSAVE called from 211654
? (FI2) SAVE cmd or fileclause OPEN or ENTER error

EXIT

-
-del *.tmp,*.bak,*.dmv

FILES DELETED:
NORIG2  DMV
NTERM2  DMV

-un/p

?There are no deleted files matching request

-SEND WATECH
Type letter:
; PCOM v1.63 - processed: (WATECH)017PCO.LOG = (WATECH)H15942
; Options: DETACH  LOG NOAPPEND SUPERSEDE LICENSE 
; Limits: TIME:60 TRULIMIT:0 
; Status: completed.
; Output recorded in file (WATECH)017PCO.LOG.

End of SAIL execution
[mail waiting]
-LOGOUT
539.24 tru
terminal time: 0:03:04
