1
 
                   MAX
            TOTAL  SIM                MAXIMUM CPS                   CONNECT
 DATE  HOUR USERS USERS            IN         OUT       TOTAL         HOURS
 
 
 941226   1     0     0          0.00        0.00        0.00          0.00
 941226   2     0     0          0.00        0.00        0.00          0.00
 941226   3     2     2          2.75      106.27      109.02          0.40
 941226   4     0     0          0.00        0.00        0.00          0.00
 941226   5     0     0          0.00        0.00        0.00          0.00
 941226   6     2     2          2.53       65.82       68.35          0.10
 941226   7     0     0          0.00        0.00        0.00          0.00
 941226   8     0     0          0.00        0.00        0.00          0.00
 941226   9     0     0          0.00        0.00        0.00          0.00
 941226  10     0     0          0.00        0.00        0.00          0.00
 941226  11     0     0          0.00        0.00        0.00          0.00
 941226  12     0     0          0.00        0.00        0.00          0.00
 941226  13     8     2          3.75       16.92       20.67          0.17
 941226  14    37     4          7.77      152.83      154.43          0.98
 941226  15    54     8         10.73      179.72      185.60          2.13
 941226  16    42     5          7.12       72.00       77.18          1.38
 941226  17    38     6          9.37      114.50      118.23          1.92
 941226  18    41     4          7.78      149.62      157.40          1.58
 941226  19    29     3          9.13       70.25       79.38          0.78
 941226  20    28     6          9.30       81.47       87.92          1.05
 941226  21    31     4          6.13       51.53       57.27          0.97
 941226  22    35     5          5.95      154.55      160.50          1.22
 941226  23    25     3          6.97      107.15      110.50          0.68
 941226  24    14     3          4.02       22.03       26.05          0.43
1
 
                   MAX
            TOTAL  SIM                MAXIMUM CPS                   CONNECT
 DATE  HOUR USERS USERS            IN         OUT       TOTAL         HOURS
 
 
 941227   1    12     2          8.17      143.55      149.10          0.52
 941227   2     4     2          2.92       74.75       77.67          0.37
 941227   3     1     1          2.42       79.60       82.02          0.08
 941227   4     0     0          0.00        0.00        0.00          0.00
 941227   5     0     0          0.00        0.00        0.00          0.00
 941227   6     0     0          0.00        0.00        0.00          0.00
 941227   7     0     0          0.00        0.00        0.00          0.00
 941227   8     0     0          0.00        0.00        0.00          0.00
 941227   9     0     0          0.00        0.00        0.00          0.00
 941227  10     0     0          0.00        0.00        0.00          0.00
 941227  11     1     1          2.12      154.80      156.92          0.03
 941227  12     3     2          2.55        2.50        5.05          0.10
 941227  13    49     9         90.63      270.93      314.57          2.28
 941227  14   151    19         83.43      831.57      907.32         10.38
 941227  15   169    20         91.55      921.07      957.90         14.17
 941227  16   214    24        175.05      664.62      755.80         17.05
 941227  17   196    24        143.98      892.02     1028.15         15.92
 941227  18   185    20        126.83      741.83      865.93         13.10
 941227  19   156    19        154.92      498.38      649.30         14.95
 941227  20   194    22        129.83      685.50      805.93         15.45
 941227  21   239    32        169.43      908.35     1053.63         20.07
 941227  22   223    30        177.82      929.02     1054.27         19.78
 941227  23   172    24        182.68      606.85      736.52         15.62
 941227  24   121    18         99.12      587.68      627.62          9.98
1
 
                   MAX
            TOTAL  SIM                MAXIMUM CPS                   CONNECT
 DATE  HOUR USERS USERS            IN         OUT       TOTAL         HOURS
 
 
 941228   1    70    10         53.37      376.15      383.62          5.92
 941228   2    27     9         52.12      219.70      226.77          4.43
 941228   3     9     4          4.43      174.78      177.93          2.22
 941228   4     2     2          2.03       76.15       78.18          2.00
 941228   5     3     2          2.03       76.15       78.18          0.15
 941228   6     0     0          0.00        0.00        0.00          0.00
 941228   7     0     0          0.00        0.00        0.00          0.00
 941228   8     0     0          0.00        0.00        0.00          0.00
 941228   9     2     2          2.02       99.97      101.98          0.13
 941228  10     0     0          0.00        0.00        0.00          0.00
 941228  11     0     0          0.00        0.00        0.00          0.00
 941228  12     4     1          3.83       94.20       96.82          0.13
 941228  13    47     7         18.80      393.62      407.35          2.48
 941228  14   134    13         56.25      717.08      742.88          7.17
 941228  15   204    20         84.18      701.08      722.33         13.35
 941228  16   225    26        115.52      915.22      995.18         17.05
 941228  17   212    27        182.90     1050.02     1126.67         16.77
 941228  18   175    20        107.05      804.73      853.92         13.63
 941228  19   163    22        165.68      538.52      704.20         14.00
 941228  20   210    32        127.87      828.17      912.43         21.30
 941228  21   217    28        149.57      956.47     1106.03         20.60
 941228  22   277    25        148.40      900.57      936.75         17.43
 941228  23   158    22        129.65      502.58      564.05         12.47
 941228  24    99    16        103.22      326.85      428.05          7.33
1
 
                   MAX
            TOTAL  SIM                MAXIMUM CPS                   CONNECT
 DATE  HOUR USERS USERS            IN         OUT       TOTAL         HOURS
 
 
 941229   1    64     8         88.83      322.02      365.12          4.43
 941229   2    16     8         28.98      225.25      254.23          3.65
 941229   3    13     4          8.57      120.12      122.88          1.15
 941229   4     5     4          6.33      137.62      143.18          1.97
 941229   5     0     0          0.00        0.00        0.00          0.00
 941229   6     0     0          0.00        0.00        0.00          0.00
 941229   7     0     0          0.00        0.00        0.00          0.00
 941229   8     0     0          0.00        0.00        0.00          0.00
 941229   9     0     0          0.00        0.00        0.00          0.00
 941229  10     0     0          0.00        0.00        0.00          0.00
 941229  11     0     0          0.00        0.00        0.00          0.00
 941229  12     5     2          4.25      108.47      110.00          0.25
 941229  13    49    11         17.63      342.87      360.50          3.13
 941229  14   123    13         61.20      425.32      471.58          7.32
 941229  15   183    20        144.18      849.18      928.45         14.55
 941229  16   163    21        193.53      679.17      719.53         13.42
 941229  17   162    22        108.18      711.43      819.62         15.17
 941229  18   185    25        113.58      877.33      978.23         15.42
 941229  19   138    19         98.20      586.63      632.00         14.10
 941229  20   174    23        174.93      644.43      760.93         16.78
 941229  21   211    27        173.75      744.08      822.55         19.87
 941229  22   292    35        170.08     1114.05     1268.63         21.50
 941229  23   198    27        135.27      860.93      956.72         14.82
 941229  24   134    16        127.83      506.38      535.15          8.92
1
 
                   MAX
            TOTAL  SIM                MAXIMUM CPS                   CONNECT
 DATE  HOUR USERS USERS            IN         OUT       TOTAL         HOURS
 
 
 941230   1    63    10        104.02      342.30      353.97          4.12
 941230   2    21     5         85.23      233.08      263.27          2.27
 941230   3     6     2          2.55      102.82      104.02          0.73
 941230   4     3     2          1.43       38.85       39.65          0.68
 941230   5     0     0          0.00        0.00        0.00          0.00
 941230   6     0     0          0.00        0.00        0.00          0.00
 941230   7     0     0          0.00        0.00        0.00          0.00
 941230   8     0     0          0.00        0.00        0.00          0.00
 941230   9     0     0          0.00        0.00        0.00          0.00
 941230  10     0     0          0.00        0.00        0.00          0.00
 941230  11     0     0          0.00        0.00        0.00          0.00
 941230  12     2     2          1.47       21.58       23.05          0.13
 941230  13    38    11         40.87      392.88      409.42          3.03
 941230  14   154    18         86.20      973.53     1054.13          9.95
 941230  15   156    20         92.38      979.70     1004.85         12.87
 941230  16   144    24         75.40      810.83      856.42         12.98
 941230  17   136    17        117.18      634.03      715.40          9.82
 941230  18   165    19        106.43      529.77      567.42          9.93
 941230  19   122    13         86.93      466.78      483.68          7.38
 941230  20   127    18        106.23      718.72      759.38          9.17
 941230  21   164    15        184.38      645.57      829.95         10.48
 941230  22   180    20        129.37      496.42      570.50         10.32
 941230  23    95    11        117.35      432.75      544.78          4.77
 941230  24    56     9         79.35      385.57      395.35          5.47
1     MAXIMUM OF MAXIMUM SIMULTANEOUS USERS
 
 
                   MAX
            TOTAL  SIM                MAXIMUM CPS                   CONNECT
 DATE  HOUR USERS USERS            IN         OUT       TOTAL         HOURS
 
 941229  22   292    35        170.08     1114.05     1268.63         21.50
 
 
     MAXIMUM OF CONNECT HOURS
 
 
                   MAX
            TOTAL  SIM                MAXIMUM CPS                   CONNECT
 DATE  HOUR USERS USERS            IN         OUT       TOTAL         HOURS
 
 941229  22   292    35        170.08     1114.05     1268.63         21.50
1
  