1
 
                   MAX
            TOTAL  SIM                MAXIMUM CPS                   CONNECT
 DATE  HOUR USERS USERS            IN         OUT       TOTAL         HOURS
 
 
 940913   1  4714  4706          0.00        0.00        0.00       3920.87
 940913   2  3182  3178          0.00        0.00        0.00       2556.70
 940913   3  2052  2050          0.00        0.00        0.00       1618.80
 940913   4  1204  1204          0.00        0.00        0.00        863.83
 940913   5   566   560          0.00        0.00        0.00        282.90
 940913   6    12    10          0.00        0.00        0.00          0.20
 940913   7     6     2          0.00        0.00        0.00          0.10
 940913   8     0     0          0.00        0.00        0.00          0.00
 940913   9    10     2          0.00        0.00        0.00          0.17
 940913  10    16     2          0.00        0.00        0.00          0.27
 940913  11     8     2          0.00        0.00        0.00          0.13
 940913  12     2     2          0.00        0.00        0.00          0.03
 940913  13    10     2          0.00        0.00        0.00          0.17
 940913  14    10     2          0.00        0.00        0.00          0.17
 940913  15     8     2          0.00        0.00        0.00          0.13
 940913  16     4     2          0.00        0.00        0.00          0.10
 940913  17     2     2          0.00        0.00        0.00          0.03
 940913  18     6     2          0.00        0.00        0.00          0.10
 940913  19     8     2          0.00        0.00        0.00          0.13
 940913  20     4     2          0.00        0.00        0.00          0.07
 940913  21     8     2          0.00        0.00        0.00          0.13
 940913  22    12     2          0.00        0.00        0.00          0.20
 940913  23    10     2          0.00        0.00        0.00          0.17
 940913  24     4     2          0.00        0.00        0.00          0.07
1
 
                   MAX
            TOTAL  SIM                MAXIMUM CPS                   CONNECT
 DATE  HOUR USERS USERS            IN         OUT       TOTAL         HOURS
 
 
 940914   1     0     0          0.00        0.00        0.00          0.00
 940914   2     0     0          0.00        0.00        0.00          0.00
 940914   3     0     0          0.00        0.00        0.00          0.00
 940914   4     0     0          0.00        0.00        0.00          0.00
 940914   5     0     0          0.00        0.00        0.00          0.00
 940914   6     0     0          0.00        0.00        0.00          0.00
 940914   7     0     0          0.00        0.00        0.00          0.00
 940914   8     0     0          0.00        0.00        0.00          0.00
 940914   9     0     0          0.00        0.00        0.00          0.00
 940914  10     0     0          0.00        0.00        0.00          0.00
 940914  11     0     0          0.00        0.00        0.00          0.00
 940914  12     0     0          0.00        0.00        0.00          0.00
 940914  13     0     0          0.00        0.00        0.00          0.00
 940914  14     0     0          0.00        0.00        0.00          0.00
 940914  15     0     0          0.00        0.00        0.00          0.00
 940914  16     0     0          0.00        0.00        0.00          0.00
 940914  17     0     0          0.00        0.00        0.00          0.00
 940914  18     0     0          0.00        0.00        0.00          0.00
 940914  19     0     0          0.00        0.00        0.00          0.00
 940914  20     0     0          0.00        0.00        0.00          0.00
 940914  21     0     0          0.00        0.00        0.00          0.00
 940914  22     0     0          0.00        0.00        0.00          0.00
 940914  23     0     0          0.00        0.00        0.00          0.00
 940914  24     0     0          0.00        0.00        0.00          0.00
1
 
                   MAX
            TOTAL  SIM                MAXIMUM CPS                   CONNECT
 DATE  HOUR USERS USERS            IN         OUT       TOTAL         HOURS
 
 
 940915   1     0     0          0.00        0.00        0.00          0.00
 940915   2     0     0          0.00        0.00        0.00          0.00
 940915   3     0     0          0.00        0.00        0.00          0.00
 940915   4     0     0          0.00        0.00        0.00          0.00
 940915   5     0     0          0.00        0.00        0.00          0.00
 940915   6     0     0          0.00        0.00        0.00          0.00
 940915   7     0     0          0.00        0.00        0.00          0.00
 940915   8     0     0          0.00        0.00        0.00          0.00
 940915   9     0     0          0.00        0.00        0.00          0.00
 940915  10     0     0          0.00        0.00        0.00          0.00
 940915  11     0     0          0.00        0.00        0.00          0.00
 940915  12     0     0          0.00        0.00        0.00          0.00
 940915  13     0     0          0.00        0.00        0.00          0.00
 940915  14     0     0          0.00        0.00        0.00          0.00
 940915  15     0     0          0.00        0.00        0.00          0.00
 940915  16     0     0          0.00        0.00        0.00          0.00
 940915  17     0     0          0.00        0.00        0.00          0.00
 940915  18     0     0          0.00        0.00        0.00          0.00
 940915  19     0     0          0.00        0.00        0.00          0.00
 940915  20     0     0          0.00        0.00        0.00          0.00
 940915  21     0     0          0.00        0.00        0.00          0.00
 940915  22     0     0          0.00        0.00        0.00          0.00
 940915  23     0     0          0.00        0.00        0.00          0.00
 940915  24     0     0          0.00        0.00        0.00          0.00
1
 
                   MAX
            TOTAL  SIM                MAXIMUM CPS                   CONNECT
 DATE  HOUR USERS USERS            IN         OUT       TOTAL         HOURS
 
 
 940916   1     0     0          0.00        0.00        0.00          0.00
 940916   2     0     0          0.00        0.00        0.00          0.00
 940916   3     0     0          0.00        0.00        0.00          0.00
 940916   4     0     0          0.00        0.00        0.00          0.00
 940916   5     0     0          0.00        0.00        0.00          0.00
 940916   6     0     0          0.00        0.00        0.00          0.00
 940916   7     0     0          0.00        0.00        0.00          0.00
 940916   8     0     0          0.00        0.00        0.00          0.00
 940916   9     0     0          0.00        0.00        0.00          0.00
 940916  10     0     0          0.00        0.00        0.00          0.00
 940916  11     0     0          0.00        0.00        0.00          0.00
 940916  12     0     0          0.00        0.00        0.00          0.00
 940916  13     0     0          0.00        0.00        0.00          0.00
 940916  14     0     0          0.00        0.00        0.00          0.00
 940916  15     0     0          0.00        0.00        0.00          0.00
 940916  16     0     0          0.00        0.00        0.00          0.00
 940916  17     0     0          0.00        0.00        0.00          0.00
 940916  18     0     0          0.00        0.00        0.00          0.00
 940916  19     0     0          0.00        0.00        0.00          0.00
 940916  20     0     0          0.00        0.00        0.00          0.00
 940916  21     0     0          0.00        0.00        0.00          0.00
 940916  22     0     0          0.00        0.00        0.00          0.00
 940916  23     0     0          0.00        0.00        0.00          0.00
 940916  24     0     0          0.00        0.00        0.00          0.00
1     MAXIMUM OF MAXIMUM SIMULTANEOUS USERS
 
 
                   MAX
            TOTAL  SIM                MAXIMUM CPS                   CONNECT
 DATE  HOUR USERS USERS            IN         OUT       TOTAL         HOURS
 
 940913   1  4714  4706          0.00        0.00        0.00       3920.87
 
 
     MAXIMUM OF CONNECT HOURS
 
 
                   MAX
            TOTAL  SIM                MAXIMUM CPS                   CONNECT
 DATE  HOUR USERS USERS            IN         OUT       TOTAL         HOURS
 
 940913   1  4714  4706          0.00        0.00        0.00       3920.87
1
