1
 
                   MAX
            TOTAL  SIM                MAXIMUM CPS                   CONNECT
 DATE  HOUR USERS USERS            IN         OUT       TOTAL         HOURS
 
 
 941226   1     0     0          0.00        0.00        0.00          0.00
 941226   2     0     0          0.00        0.00        0.00          0.00
 941226   3     0     0          0.00        0.00        0.00          0.00
 941226   4     0     0          0.00        0.00        0.00          0.00
 941226   5     0     0          0.00        0.00        0.00          0.00
 941226   6     0     0          0.00        0.00        0.00          0.00
 941226   7     0     0          0.00        0.00        0.00          0.00
 941226   8     0     0          0.00        0.00        0.00          0.00
 941226   9     0     0          0.00        0.00        0.00          0.00
 941226  10     0     0          0.00        0.00        0.00          0.00
 941226  11     0     0          0.00        0.00        0.00          0.00
 941226  12     1     1          1.82        1.77        3.58          0.02
 941226  13     7     2          3.48       11.80       15.28          0.13
 941226  14    29     6         11.72       55.87       67.58          0.72
 941226  15    41     5          6.37       73.73       78.23          2.08
 941226  16    41     5          7.53       71.47       74.07          1.58
 941226  17    21     4          4.55      107.93      112.18          1.42
 941226  18    24     6          8.60      134.82      143.42          1.77
 941226  19    26     4          7.03      140.17      146.13          0.67
 941226  20    19     3          6.63       39.00       45.63          0.42
 941226  21    35     5          7.92       96.45      103.63          1.00
 941226  22    26     7         21.68      180.00      201.68          1.80
 941226  23    20     4          8.77      216.95      225.72          0.82
 941226  24     8     2          3.92       16.92       20.83          0.15
1
 
                   MAX
            TOTAL  SIM                MAXIMUM CPS                   CONNECT
 DATE  HOUR USERS USERS            IN         OUT       TOTAL         HOURS
 
 
 941227   1     7     4          5.55      151.07      153.82          1.17
 941227   2     7     4          4.88      304.38      307.62          0.75
 941227   3     2     2          1.47      128.08      129.55          0.50
 941227   4     0     0          0.00        0.00        0.00          0.00
 941227   5     0     0          0.00        0.00        0.00          0.00
 941227   6     2     2          1.50      152.33      153.83          0.60
 941227   7     0     0          0.00        0.00        0.00          0.00
 941227   8     0     0          0.00        0.00        0.00          0.00
 941227   9     0     0          0.00        0.00        0.00          0.00
 941227  10     0     0          0.00        0.00        0.00          0.00
 941227  11     0     0          0.00        0.00        0.00          0.00
 941227  12     2     1          1.43        1.85        3.28          0.08
 941227  13    60     9         66.00      373.13      433.43          2.75
 941227  14   174    20        137.93      919.47      970.85         10.20
 941227  15   216    22        150.05      867.32      968.08         15.93
 941227  16   224    23        156.83      775.82      908.47         17.18
 941227  17   199    27        164.13      838.82      879.80         18.00
 941227  18   124    23        108.25      580.87      661.47         15.12
 941227  19   178    18        146.78      661.98      748.18         12.12
 941227  20   195    26        124.35      663.28      787.63         14.40
 941227  21   254    30        186.92      856.92      941.82         19.43
 941227  22   360    33        157.22      857.40      947.93         19.97
 941227  23   218    22        149.98      581.87      697.20         15.15
 941227  24   133    17        106.80      488.57      515.60         10.63
1
 
                   MAX
            TOTAL  SIM                MAXIMUM CPS                   CONNECT
 DATE  HOUR USERS USERS            IN         OUT       TOTAL         HOURS
 
 
 941228   1    62    10         90.55      348.70      376.15          5.85
 941228   2    29     6         60.33      118.22      148.98          2.98
 941228   3    17     5         19.52      121.43      122.92          0.93
 941228   4     6     4          3.53      192.58      196.12          1.03
 941228   5     4     4          3.53      192.58      196.12          0.73
 941228   6     0     0          0.00        0.00        0.00          0.00
 941228   7     2     2          4.68      103.42      108.10          0.80
 941228   8     0     0          0.00        0.00        0.00          0.00
 941228   9     0     0          0.00        0.00        0.00          0.00
 941228  10     2     2          0.62       46.48       47.10          0.37
 941228  11     0     0          0.00        0.00        0.00          0.00
 941228  12     8     3         10.27      131.50      141.77          0.27
 941228  13    46     7         24.45      458.00      467.57          3.38
 941228  14   119    15         54.25      623.65      657.15          6.40
 941228  15   194    22         58.50      709.00      738.28         13.95
 941228  16   240    26        111.30      875.00      913.45         17.62
 941228  17   217    26        102.68      766.43      835.02         17.67
 941228  18   130    18        144.43      619.45      731.68         13.37
 941228  19   176    20        108.45      598.97      681.70         13.95
 941228  20   250    28        135.35      731.12      793.90         20.10
 941228  21   298    30        210.57      852.58      947.30         22.50
 941228  22   238    24         98.35      883.02      934.92         16.93
 941228  23   175    19        145.22      754.88      785.78         12.45
 941228  24   109    16         82.12      547.25      589.05          7.18
1
 
                   MAX
            TOTAL  SIM                MAXIMUM CPS                   CONNECT
 DATE  HOUR USERS USERS            IN         OUT       TOTAL         HOURS
 
 
 941229   1    61     9         92.28      369.22      404.73          4.65
 941229   2    27     7         50.33      256.65      272.60          3.27
 941229   3     7     3          2.98       90.73       93.72          0.87
 941229   4     6     2          3.67      133.78      137.45          0.87
 941229   5     4     2          3.02      132.95      135.32          0.50
 941229   6     0     0          0.00        0.00        0.00          0.00
 941229   7     0     0          0.00        0.00        0.00          0.00
 941229   8     2     2          0.97       42.22       43.18          0.93
 941229   9     2     2          1.62       72.93       74.55          0.20
 941229  10     0     0          0.00        0.00        0.00          0.00
 941229  11     0     0          0.00        0.00        0.00          0.00
 941229  12     5     2         21.60      111.38      114.28          0.18
 941229  13    42    11         27.18      571.50      598.68          2.62
 941229  14   137    12         51.32      582.43      633.75          5.85
 941229  15   211    22         90.95      704.92      771.08         13.87
 941229  16   157    23         80.70      664.65      698.83         15.12
 941229  17   205    22        131.90      749.12      879.18         14.38
 941229  18   200    27        177.38      728.13      794.98         17.17
 941229  19   190    23        164.50      649.40      776.17         14.62
 941229  20   204    22        177.63      638.20      750.82         16.63
 941229  21   261    28        165.15      835.50      940.72         21.57
 941229  22   197    31        151.07      813.03      939.05         20.97
 941229  23   194    21        161.60      636.43      738.60         14.48
 941229  24    96    15        103.02      486.47      518.28          8.32
1
 
                   MAX
            TOTAL  SIM                MAXIMUM CPS                   CONNECT
 DATE  HOUR USERS USERS            IN         OUT       TOTAL         HOURS
 
 
 941230   1    56    11         95.63      370.45      466.08          4.45
 941230   2    27    10         40.02      307.60      316.58          2.00
 941230   3    18     4         38.05      225.10      231.63          0.80
 941230   4     7     5          4.50      186.85      191.35          2.12
 941230   5     0     0          0.00        0.00        0.00          0.00
 941230   6     2     2          1.08       57.27       58.35          0.50
 941230   7     0     0          0.00        0.00        0.00          0.00
 941230   8     0     0          0.00        0.00        0.00          0.00
 941230   9     0     0          0.00        0.00        0.00          0.00
 941230  10     0     0          0.00        0.00        0.00          0.00
 941230  11     0     0          0.00        0.00        0.00          0.00
 941230  12     3     2          4.42       81.70       86.12          0.08
 941230  13    39     8         14.18      422.85      433.22          2.78
 941230  14    99    15         82.90      776.40      827.72          8.82
 941230  15   166    18         99.50      899.92      951.32         12.10
 941230  16   168    22         67.00      950.78     1002.95         11.67
 941230  17   139    23        115.72      742.32      772.52         10.37
 941230  18   137    15         75.57      611.02      632.82          9.67
 941230  19   117    11        109.53      454.33      501.95          7.13
 941230  20   124    15        108.42      687.87      739.82          8.88
 941230  21   159    18        156.60      679.45      696.23         11.40
 941230  22   184    21        138.37      545.40      574.22         10.73
 941230  23    93    12        106.53      375.47      407.68          4.40
 941230  24    82     8         95.22      359.03      377.80          4.32
1     MAXIMUM OF MAXIMUM SIMULTANEOUS USERS
 
 
                   MAX
            TOTAL  SIM                MAXIMUM CPS                   CONNECT
 DATE  HOUR USERS USERS            IN         OUT       TOTAL         HOURS
 
 941227  22   360    33        157.22      857.40      947.93         19.97
 
 
     MAXIMUM OF CONNECT HOURS
 
 
                   MAX
            TOTAL  SIM                MAXIMUM CPS                   CONNECT
 DATE  HOUR USERS USERS            IN         OUT       TOTAL         HOURS
 
 941228  21   298    30        210.57      852.58      947.30         22.50
1
  