     APPLE / BT TYMNET   TRAFFIC STATISTICS  -  X.25 HOST 7825


 
                   MAX
            TOTAL  SIM                MAXIMUM CPS                   CONNECT
 DATE  HOUR USERS USERS            IN         OUT       TOTAL         HOURS
 
 
 931107   1     0     0          0.00        0.00        0.00          0.00
 931107   2     0     0          0.00        0.00        0.00          0.00
 931107   3     0     0          0.00        0.00        0.00          0.00
 931107   4     0     0          0.00        0.00        0.00          0.00
 931107   5     0     0          0.00        0.00        0.00          0.00
 931107   6     0     0          0.00        0.00        0.00          0.00
 931107   7     0     0          0.00        0.00        0.00          0.00
 931107   8     0     0          0.00        0.00        0.00          0.00
 931107   9     0     0          0.00        0.00        0.00          0.00
 931107  10     0     0          0.00        0.00        0.00          0.00
 931107  11     0     0          0.00        0.00        0.00          0.00
 931107  12     0     0          0.00        0.00        0.00          0.00
 931107  13     0     0          0.00        0.00        0.00          0.00
 931107  14     0     0          0.00        0.00        0.00          0.00
 931107  15     0     0          0.00        0.00        0.00          0.00
 931107  16     0     0          0.00        0.00        0.00          0.00
 931107  17     0     0          0.00        0.00        0.00          0.00
 931107  18     0     0          0.00        0.00        0.00          0.00
 931107  19     0     0          0.00        0.00        0.00          0.00
 931107  20     0     0          0.00        0.00        0.00          0.00
 931107  21     0     0          0.00        0.00        0.00          0.00
 931107  22     0     0          0.00        0.00        0.00          0.00
 931107  23     0     0          0.00        0.00        0.00          0.00
 931107  24     0     0          0.00        0.00        0.00          0.00
1
 
                   MAX
            TOTAL  SIM                MAXIMUM CPS                   CONNECT
 DATE  HOUR USERS USERS            IN         OUT       TOTAL         HOURS
 
 
 931108   1     0     0          0.00        0.00        0.00          0.00
 931108   2     0     0          0.00        0.00        0.00          0.00
 931108   3     0     0          0.00        0.00        0.00          0.00
 931108   4     0     0          0.00        0.00        0.00          0.00
 931108   5     0     0          0.00        0.00        0.00          0.00
 931108   6     0     0          0.00        0.00        0.00          0.00
 931108   7     0     0          0.00        0.00        0.00          0.00
 931108   8     0     0          0.00        0.00        0.00          0.00
 931108   9     0     0          0.00        0.00        0.00          0.00
 931108  10     0     0          0.00        0.00        0.00          0.00
 931108  11     0     0          0.00        0.00        0.00          0.00
 931108  12     0     0          0.00        0.00        0.00          0.00
 931108  13     0     0          0.00        0.00        0.00          0.00
 931108  14     0     0          0.00        0.00        0.00          0.00
 931108  15     0     0          0.00        0.00        0.00          0.00
 931108  16     0     0          0.00        0.00        0.00          0.00
 931108  17     0     0          0.00        0.00        0.00          0.00
 931108  18     0     0          0.00        0.00        0.00          0.00
 931108  19     0     0          0.00        0.00        0.00          0.00
 931108  20     0     0          0.00        0.00        0.00          0.00
 931108  21     1     1          0.25        0.20        0.45          0.47
 931108  22     2     1          0.25        0.28        0.45          0.98
 931108  23     2     1          0.42        0.42        0.83          0.72
 931108  24     0     0          0.00        0.00        0.00          0.00
1
 
                   MAX
            TOTAL  SIM                MAXIMUM CPS                   CONNECT
 DATE  HOUR USERS USERS            IN         OUT       TOTAL         HOURS
 
 
 931109   1     0     0          0.00        0.00        0.00          0.00
 931109   2     0     0          0.00        0.00        0.00          0.00
 931109   3     0     0          0.00        0.00        0.00          0.00
 931109   4     0     0          0.00        0.00        0.00          0.00
 931109   5     0     0          0.00        0.00        0.00          0.00
 931109   6     0     0          0.00        0.00        0.00          0.00
 931109   7     0     0          0.00        0.00        0.00          0.00
 931109   8     0     0          0.00        0.00        0.00          0.00
 931109   9     0     0          0.00        0.00        0.00          0.00
 931109  10     0     0          0.00        0.00        0.00          0.00
 931109  11     0     0          0.00        0.00        0.00          0.00
 931109  12     0     0          0.00        0.00        0.00          0.00
 931109  13     0     0          0.00        0.00        0.00          0.00
 931109  14     0     0          0.00        0.00        0.00          0.00
 931109  15     0     0          0.00        0.00        0.00          0.00
 931109  16     0     0          0.00        0.00        0.00          0.00
 931109  17     0     0          0.00        0.00        0.00          0.00
 931109  18     0     0          0.00        0.00        0.00          0.00
 931109  19     0     0          0.00        0.00        0.00          0.00
 931109  20     1     1          2.73        0.48        3.22          0.03
 931109  21     0     0          0.00        0.00        0.00          0.00
 931109  22     0     0          0.00        0.00        0.00          0.00
 931109  23     1     1          2.48        0.68        3.17          0.02
 931109  24     0     0          0.00        0.00        0.00          0.00
1
 
                   MAX
            TOTAL  SIM                MAXIMUM CPS                   CONNECT
 DATE  HOUR USERS USERS            IN         OUT       TOTAL         HOURS
 
 
 931110   1     0     0          0.00        0.00        0.00          0.00
 931110   2     0     0          0.00        0.00        0.00          0.00
 931110   3     0     0          0.00        0.00        0.00          0.00
 931110   4     0     0          0.00        0.00        0.00          0.00
 931110   5     0     0          0.00        0.00        0.00          0.00
 931110   6     0     0          0.00        0.00        0.00          0.00
 931110   7     0     0          0.00        0.00        0.00          0.00
 931110   8     0     0          0.00        0.00        0.00          0.00
 931110   9     0     0          0.00        0.00        0.00          0.00
 931110  10     0     0          0.00        0.00        0.00          0.00
 931110  11     0     0          0.00        0.00        0.00          0.00
 931110  12     0     0          0.00        0.00        0.00          0.00
 931110  13     0     0          0.00        0.00        0.00          0.00
 931110  14     0     0          0.00        0.00        0.00          0.00
 931110  15     0     0          0.00        0.00        0.00          0.00
 931110  16     0     0          0.00        0.00        0.00          0.00
 931110  17     0     0          0.00        0.00        0.00          0.00
 931110  18     0     0          0.00        0.00        0.00          0.00
 931110  19     0     0          0.00        0.00        0.00          0.00
 931110  20     3     1         21.95        6.82       28.77          0.17
 931110  21     0     0          0.00        0.00        0.00          0.00
 931110  22     1     1          1.82       10.65       12.47          0.25
 931110  23     0     0          0.00        0.00        0.00          0.00
 931110  24     0     0          0.00        0.00        0.00          0.00
1
 
                   MAX
            TOTAL  SIM                MAXIMUM CPS                   CONNECT
 DATE  HOUR USERS USERS            IN         OUT       TOTAL         HOURS
 
 
 931111   1     1     1         10.08       24.35       34.43          0.03
 931111   2     4     1         27.30       41.22       52.83          0.07
 931111   3     0     0          0.00        0.00        0.00          0.00
 931111   4     0     0          0.00        0.00        0.00          0.00
 931111   5     0     0          0.00        0.00        0.00          0.00
 931111   6     1     1          1.13       26.00       27.13          0.03
 931111   7     1     1          1.13       26.00       27.13          0.52
 931111   8     1     1          7.15        1.80        8.95          0.02
 931111   9     0     0          0.00        0.00        0.00          0.00
 931111  10     0     0          0.00        0.00        0.00          0.00
 931111  11     0     0          0.00        0.00        0.00          0.00
 931111  12     0     0          0.00        0.00        0.00          0.00
 931111  13     0     0          0.00        0.00        0.00          0.00
 931111  14     0     0          0.00        0.00        0.00          0.00
 931111  15     0     0          0.00        0.00        0.00          0.00
 931111  16     0     0          0.00        0.00        0.00          0.00
 931111  17     4     1         26.27       24.28       50.55          0.15
 931111  18     0     0          0.00        0.00        0.00          0.00
 931111  19     3     1        271.30      135.93      282.52          0.10
 931111  20     0     0          0.00        0.00        0.00          0.00
 931111  21     0     0          0.00        0.00        0.00          0.00
 931111  22     1     1         28.35        4.02       32.37          0.03
 931111  23     0     0          0.00        0.00        0.00          0.00
 931111  24     0     0          0.00        0.00        0.00          0.00



     MAXIMUM OF MAXIMUM SIMULTANEOUS USERS
 
 
                   MAX
            TOTAL  SIM                MAXIMUM CPS                   CONNECT
 DATE  HOUR USERS USERS            IN         OUT       TOTAL         HOURS
 
 931108  21     1     1          0.25        0.20        0.45          0.47
 
 
     MAXIMUM OF CONNECT HOURS
 
 
                   MAX
            TOTAL  SIM                MAXIMUM CPS                   CONNECT
 DATE  HOUR USERS USERS            IN         OUT       TOTAL         HOURS
 
 931108  22     2     1          0.25        0.28        0.45          0.98
