1
 
                   MAX
            TOTAL  SIM                MAXIMUM CPS                   CONNECT
 DATE  HOUR USERS USERS            IN         OUT       TOTAL         HOURS
 
 
 950130   1     0     0          0.00        0.00        0.00          0.00
 950130   2     0     0          0.00        0.00        0.00          0.00
 950130   3     0     0          0.00        0.00        0.00          0.00
 950130   4     0     0          0.00        0.00        0.00          0.00
 950130   5     0     0          0.00        0.00        0.00          0.00
 950130   6     0     0          0.00        0.00        0.00          0.00
 950130   7     0     0          0.00        0.00        0.00          0.00
 950130   8     0     0          0.00        0.00        0.00          0.00
 950130   9     0     0          0.00        0.00        0.00          0.00
 950130  10     0     0          0.00        0.00        0.00          0.00
 950130  11     0     0          0.00        0.00        0.00          0.00
 950130  12     0     0          0.00        0.00        0.00          0.00
 950130  13     0     0          0.00        0.00        0.00          0.00
 950130  14     0     0          0.00        0.00        0.00          0.00
 950130  15     0     0          0.00        0.00        0.00          0.00
 950130  16     0     0          0.00        0.00        0.00          0.00
 950130  17     0     0          0.00        0.00        0.00          0.00
 950130  18     0     0          0.00        0.00        0.00          0.00
 950130  19     0     0          0.00        0.00        0.00          0.00
 950130  20     0     0          0.00        0.00        0.00          0.00
 950130  21     0     0          0.00        0.00        0.00          0.00
 950130  22     0     0          0.00        0.00        0.00          0.00
 950130  23     0     0          0.00        0.00        0.00          0.00
 950130  24     0     0          0.00        0.00        0.00          0.00
1
 
                   MAX
            TOTAL  SIM                MAXIMUM CPS                   CONNECT
 DATE  HOUR USERS USERS            IN         OUT       TOTAL         HOURS
 
 
 950131   1     0     0          0.00        0.00        0.00          0.00
 950131   2     0     0          0.00        0.00        0.00          0.00
 950131   3     0     0          0.00        0.00        0.00          0.00
 950131   4     0     0          0.00        0.00        0.00          0.00
 950131   5     0     0          0.00        0.00        0.00          0.00
 950131   6     0     0          0.00        0.00        0.00          0.00
 950131   7     0     0          0.00        0.00        0.00          0.00
 950131   8     0     0          0.00        0.00        0.00          0.00
 950131   9     0     0          0.00        0.00        0.00          0.00
 950131  10     0     0          0.00        0.00        0.00          0.00
 950131  11     0     0          0.00        0.00        0.00          0.00
 950131  12     0     0          0.00        0.00        0.00          0.00
 950131  13     0     0          0.00        0.00        0.00          0.00
 950131  14     0     0          0.00        0.00        0.00          0.00
 950131  15     0     0          0.00        0.00        0.00          0.00
 950131  16     0     0          0.00        0.00        0.00          0.00
 950131  17     0     0          0.00        0.00        0.00          0.00
 950131  18     0     0          0.00        0.00        0.00          0.00
 950131  19     0     0          0.00        0.00        0.00          0.00
 950131  20     0     0          0.00        0.00        0.00          0.00
 950131  21     0     0          0.00        0.00        0.00          0.00
 950131  22     0     0          0.00        0.00        0.00          0.00
 950131  23     0     0          0.00        0.00        0.00          0.00
 950131  24     0     0          0.00        0.00        0.00          0.00
1
 
                   MAX
            TOTAL  SIM                MAXIMUM CPS                   CONNECT
 DATE  HOUR USERS USERS            IN         OUT       TOTAL         HOURS
 
 
 950201   1     0     0          0.00        0.00        0.00          0.00
 950201   2     0     0          0.00        0.00        0.00          0.00
 950201   3     0     0          0.00        0.00        0.00          0.00
 950201   4     0     0          0.00        0.00        0.00          0.00
 950201   5     0     0          0.00        0.00        0.00          0.00
 950201   6     0     0          0.00        0.00        0.00          0.00
 950201   7     0     0          0.00        0.00        0.00          0.00
 950201   8     0     0          0.00        0.00        0.00          0.00
 950201   9     0     0          0.00        0.00        0.00          0.00
 950201  10     0     0          0.00        0.00        0.00          0.00
 950201  11     0     0          0.00        0.00        0.00          0.00
 950201  12     0     0          0.00        0.00        0.00          0.00
 950201  13     0     0          0.00        0.00        0.00          0.00
 950201  14     0     0          0.00        0.00        0.00          0.00
 950201  15     0     0          0.00        0.00        0.00          0.00
 950201  16     0     0          0.00        0.00        0.00          0.00
 950201  17     0     0          0.00        0.00        0.00          0.00
 950201  18     0     0          0.00        0.00        0.00          0.00
 950201  19     0     0          0.00        0.00        0.00          0.00
 950201  20     0     0          0.00        0.00        0.00          0.00
 950201  21     0     0          0.00        0.00        0.00          0.00
 950201  22     0     0          0.00        0.00        0.00          0.00
 950201  23     0     0          0.00        0.00        0.00          0.00
 950201  24     0     0          0.00        0.00        0.00          0.00
1
 
                   MAX
            TOTAL  SIM                MAXIMUM CPS                   CONNECT
 DATE  HOUR USERS USERS            IN         OUT       TOTAL         HOURS
 
 
 950202   1     0     0          0.00        0.00        0.00          0.00
 950202   2     0     0          0.00        0.00        0.00          0.00
 950202   3     0     0          0.00        0.00        0.00          0.00
 950202   4     0     0          0.00        0.00        0.00          0.00
 950202   5     0     0          0.00        0.00        0.00          0.00
 950202   6     0     0          0.00        0.00        0.00          0.00
 950202   7     0     0          0.00        0.00        0.00          0.00
 950202   8     0     0          0.00        0.00        0.00          0.00
 950202   9     0     0          0.00        0.00        0.00          0.00
 950202  10     0     0          0.00        0.00        0.00          0.00
 950202  11     0     0          0.00        0.00        0.00          0.00
 950202  12     0     0          0.00        0.00        0.00          0.00
 950202  13     0     0          0.00        0.00        0.00          0.00
 950202  14     0     0          0.00        0.00        0.00          0.00
 950202  15     0     0          0.00        0.00        0.00          0.00
 950202  16     0     0          0.00        0.00        0.00          0.00
 950202  17     0     0          0.00        0.00        0.00          0.00
 950202  18     0     0          0.00        0.00        0.00          0.00
 950202  19     0     0          0.00        0.00        0.00          0.00
 950202  20     0     0          0.00        0.00        0.00          0.00
 950202  21     0     0          0.00        0.00        0.00          0.00
 950202  22     0     0          0.00        0.00        0.00          0.00
 950202  23     0     0          0.00        0.00        0.00          0.00
 950202  24     0     0          0.00        0.00        0.00          0.00
1     MAXIMUM OF MAXIMUM SIMULTANEOUS USERS
 
 
                   MAX
            TOTAL  SIM                MAXIMUM CPS                   CONNECT
 DATE  HOUR USERS USERS            IN         OUT       TOTAL         HOURS
 
      0   0     0     0          0.00        0.00        0.00          0.00
 
 
     MAXIMUM OF CONNECT HOURS
 
 
                   MAX
            TOTAL  SIM                MAXIMUM CPS                   CONNECT
 DATE  HOUR USERS USERS            IN         OUT       TOTAL         HOURS
 
      0   0     0     0          0.00        0.00        0.00          0.00
1
