1
 
                   MAX
            TOTAL  SIM                MAXIMUM CPS                   CONNECT
 DATE  HOUR USERS USERS            IN         OUT       TOTAL         HOURS
 
 
 940718   1     0     0          0.00        0.00        0.00          0.00
 940718   2     0     0          0.00        0.00        0.00          0.00
 940718   3     0     0          0.00        0.00        0.00          0.00
 940718   4     0     0          0.00        0.00        0.00          0.00
 940718   5     0     0          0.00        0.00        0.00          0.00
 940718   6     0     0          0.00        0.00        0.00          0.00
 940718   7     0     0          0.00        0.00        0.00          0.00
 940718   8     0     0          0.00        0.00        0.00          0.00
 940718   9     0     0          0.00        0.00        0.00          0.00
 940718  10     0     0          0.00        0.00        0.00          0.00
 940718  11     0     0          0.00        0.00        0.00          0.00
 940718  12     0     0          0.00        0.00        0.00          0.00
 940718  13     0     0          0.00        0.00        0.00          0.00
 940718  14     0     0          0.00        0.00        0.00          0.00
 940718  15     0     0          0.00        0.00        0.00          0.00
 940718  16     0     0          0.00        0.00        0.00          0.00
 940718  17     0     0          0.00        0.00        0.00          0.00
 940718  18     0     0          0.00        0.00        0.00          0.00
 940718  19     0     0          0.00        0.00        0.00          0.00
 940718  20     0     0          0.00        0.00        0.00          0.00
 940718  21     0     0          0.00        0.00        0.00          0.00
 940718  22     0     0          0.00        0.00        0.00          0.00
 940718  23     0     0          0.00        0.00        0.00          0.00
 940718  24     0     0          0.00        0.00        0.00          0.00
1
 
                   MAX
            TOTAL  SIM                MAXIMUM CPS                   CONNECT
 DATE  HOUR USERS USERS            IN         OUT       TOTAL         HOURS
 
 
 940719   1     0     0          0.00        0.00        0.00          0.00
 940719   2     0     0          0.00        0.00        0.00          0.00
 940719   3     0     0          0.00        0.00        0.00          0.00
 940719   4     0     0          0.00        0.00        0.00          0.00
 940719   5     0     0          0.00        0.00        0.00          0.00
 940719   6     0     0          0.00        0.00        0.00          0.00
 940719   7     0     0          0.00        0.00        0.00          0.00
 940719   8     0     0          0.00        0.00        0.00          0.00
 940719   9     0     0          0.00        0.00        0.00          0.00
 940719  10     0     0          0.00        0.00        0.00          0.00
 940719  11     0     0          0.00        0.00        0.00          0.00
 940719  12     0     0          0.00        0.00        0.00          0.00
 940719  13     0     0          0.00        0.00        0.00          0.00
 940719  14     0     0          0.00        0.00        0.00          0.00
 940719  15     0     0          0.00        0.00        0.00          0.00
 940719  16     0     0          0.00        0.00        0.00          0.00
 940719  17     0     0          0.00        0.00        0.00          0.00
 940719  18     0     0          0.00        0.00        0.00          0.00
 940719  19     0     0          0.00        0.00        0.00          0.00
 940719  20     0     0          0.00        0.00        0.00          0.00
 940719  21     0     0          0.00        0.00        0.00          0.00
 940719  22     0     0          0.00        0.00        0.00          0.00
 940719  23     0     0          0.00        0.00        0.00          0.00
 940719  24     0     0          0.00        0.00        0.00          0.00
1
 
                   MAX
            TOTAL  SIM                MAXIMUM CPS                   CONNECT
 DATE  HOUR USERS USERS            IN         OUT       TOTAL         HOURS
 
 
 940720   1     0     0          0.00        0.00        0.00          0.00
 940720   2     0     0          0.00        0.00        0.00          0.00
 940720   3     0     0          0.00        0.00        0.00          0.00
 940720   4     0     0          0.00        0.00        0.00          0.00
 940720   5     0     0          0.00        0.00        0.00          0.00
 940720   6     0     0          0.00        0.00        0.00          0.00
 940720   7     0     0          0.00        0.00        0.00          0.00
 940720   8     0     0          0.00        0.00        0.00          0.00
 940720   9     0     0          0.00        0.00        0.00          0.00
 940720  10     0     0          0.00        0.00        0.00          0.00
 940720  11     0     0          0.00        0.00        0.00          0.00
 940720  12     0     0          0.00        0.00        0.00          0.00
 940720  13     0     0          0.00        0.00        0.00          0.00
 940720  14     0     0          0.00        0.00        0.00          0.00
 940720  15     0     0          0.00        0.00        0.00          0.00
 940720  16     0     0          0.00        0.00        0.00          0.00
 940720  17     0     0          0.00        0.00        0.00          0.00
 940720  18     0     0          0.00        0.00        0.00          0.00
 940720  19     0     0          0.00        0.00        0.00          0.00
 940720  20     0     0          0.00        0.00        0.00          0.00
 940720  21     0     0          0.00        0.00        0.00          0.00
 940720  22     0     0          0.00        0.00        0.00          0.00
 940720  23     0     0          0.00        0.00        0.00          0.00
 940720  24     0     0          0.00        0.00        0.00          0.00
1
 
                   MAX
            TOTAL  SIM                MAXIMUM CPS                   CONNECT
 DATE  HOUR USERS USERS            IN         OUT       TOTAL         HOURS
 
 
 940721   1     0     0          0.00        0.00        0.00          0.00
 940721   2     0     0          0.00        0.00        0.00          0.00
 940721   3     0     0          0.00        0.00        0.00          0.00
 940721   4     0     0          0.00        0.00        0.00          0.00
 940721   5     0     0          0.00        0.00        0.00          0.00
 940721   6     0     0          0.00        0.00        0.00          0.00
 940721   7     0     0          0.00        0.00        0.00          0.00
 940721   8     0     0          0.00        0.00        0.00          0.00
 940721   9     0     0          0.00        0.00        0.00          0.00
 940721  10     0     0          0.00        0.00        0.00          0.00
 940721  11     0     0          0.00        0.00        0.00          0.00
 940721  12     0     0          0.00        0.00        0.00          0.00
 940721  13     0     0          0.00        0.00        0.00          0.00
 940721  14     0     0          0.00        0.00        0.00          0.00
 940721  15     0     0          0.00        0.00        0.00          0.00
 940721  16     0     0          0.00        0.00        0.00          0.00
 940721  17     0     0          0.00        0.00        0.00          0.00
 940721  18     0     0          0.00        0.00        0.00          0.00
 940721  19     0     0          0.00        0.00        0.00          0.00
 940721  20     0     0          0.00        0.00        0.00          0.00
 940721  21     0     0          0.00        0.00        0.00          0.00
 940721  22     0     0          0.00        0.00        0.00          0.00
 940721  23     0     0          0.00        0.00        0.00          0.00
 940721  24     0     0          0.00        0.00        0.00          0.00
1
 
                   MAX
            TOTAL  SIM                MAXIMUM CPS                   CONNECT
 DATE  HOUR USERS USERS            IN         OUT       TOTAL         HOURS
 
 
 940722   1     0     0          0.00        0.00        0.00          0.00
 940722   2     0     0          0.00        0.00        0.00          0.00
 940722   3     0     0          0.00        0.00        0.00          0.00
 940722   4     0     0          0.00        0.00        0.00          0.00
 940722   5     0     0          0.00        0.00        0.00          0.00
 940722   6     0     0          0.00        0.00        0.00          0.00
 940722   7     0     0          0.00        0.00        0.00          0.00
 940722   8     0     0          0.00        0.00        0.00          0.00
 940722   9     0     0          0.00        0.00        0.00          0.00
 940722  10     0     0          0.00        0.00        0.00          0.00
 940722  11     0     0          0.00        0.00        0.00          0.00
 940722  12     0     0          0.00        0.00        0.00          0.00
 940722  13     0     0          0.00        0.00        0.00          0.00
 940722  14     0     0          0.00        0.00        0.00          0.00
 940722  15     0     0          0.00        0.00        0.00          0.00
 940722  16     0     0          0.00        0.00        0.00          0.00
 940722  17     0     0          0.00        0.00        0.00          0.00
 940722  18     0     0          0.00        0.00        0.00          0.00
 940722  19     0     0          0.00        0.00        0.00          0.00
 940722  20     0     0          0.00        0.00        0.00          0.00
 940722  21     0     0          0.00        0.00        0.00          0.00
 940722  22     0     0          0.00        0.00        0.00          0.00
 940722  23     0     0          0.00        0.00        0.00          0.00
 940722  24     0     0          0.00        0.00        0.00          0.00
1     MAXIMUM OF MAXIMUM SIMULTANEOUS USERS
 
 
                   MAX
            TOTAL  SIM                MAXIMUM CPS                   CONNECT
 DATE  HOUR USERS USERS            IN         OUT       TOTAL         HOURS
 
      0   0     0     0          0.00        0.00        0.00          0.00
 
 
     MAXIMUM OF CONNECT HOURS
 
 
                   MAX
            TOTAL  SIM                MAXIMUM CPS                   CONNECT
 DATE  HOUR USERS USERS            IN         OUT       TOTAL         HOURS
 
      0   0     0     0          0.00        0.00        0.00          0.00
1
  