1
 
                   MAX
            TOTAL  SIM                MAXIMUM CPS                   CONNECT
 DATE  HOUR USERS USERS            IN         OUT       TOTAL         HOURS
 
 
 940321   1     3     3          0.02        4.48        4.50          3.00
 940321   2     3     3          0.02        4.48        4.50          2.95
 940321   3     2     2          0.00        0.17        0.17          2.00
 940321   4     2     2          0.00        0.17        0.17          2.00
 940321   5     2     2          0.00        0.17        0.17          2.00
 940321   6     2     2          0.00        0.17        0.17          2.00
 940321   7     2     2          0.00        0.17        0.17          2.00
 940321   8     2     2          0.00        0.17        0.17          2.00
 940321   9     2     2          0.00        0.17        0.17          2.00
 940321  10     2     2          0.00        0.17        0.17          2.00
 940321  11     2     2          0.00        0.17        0.17          2.00
 940321  12     2     2          0.00        0.17        0.17          2.00
 940321  13     3     3          0.00       51.18       51.18          2.08
 940321  14    16    11          0.78      196.00      196.03          7.02
 940321  15    23    21          0.57      543.62      544.18         17.78
 940321  16    25    23          1.20      648.82      650.02         22.18
 940321  17    27    24          1.57      609.95      611.02         22.87
 940321  18    26    24          1.07      626.05      627.02         23.23
 940321  19    24    23          0.97      575.03      576.00         22.77
 940321  20    24    24          1.02      596.10      597.12         23.53
 940321  21    25    23          0.97      558.32      559.28         22.77
 940321  22    26    24          0.47      582.02      582.48         19.78
 940321  23    14    14          0.17      275.90      276.07         10.97
 940321  24    10    10          0.17      142.80      142.97          6.45
1
 
                   MAX
            TOTAL  SIM                MAXIMUM CPS                   CONNECT
 DATE  HOUR USERS USERS            IN         OUT       TOTAL         HOURS
 
 
 940322   1     6     6          0.03       45.80       45.83          3.78
 940322   2     3     3          0.00        9.53        9.53          3.00
 940322   3     3     3          0.00        9.53        9.53          3.00
 940322   4     3     3          0.00        9.53        9.53          3.00
 940322   5     3     3          0.00        9.53        9.53          3.00
 940322   6     3     3          0.00        9.53        9.53          3.00
 940322   7     3     3          0.00        9.53        9.53          3.00
 940322   8     3     3          0.00        9.53        9.53          3.00
 940322   9     3     3          0.00        9.53        9.53          3.00
 940322  10     3     3          0.00        9.53        9.53          3.00
 940322  11     3     3          0.00        9.53        9.53          3.00
 940322  12     3     3          0.00        9.53        9.53          3.00
 940322  13     3     3          0.00        9.53        9.53          3.00
 940322  14    14     9          0.83      243.27      243.53          5.32
 940322  15    26    19          2.78      483.40      486.08         15.37
 940322  16    25    22          0.82      559.98      560.80         20.38
 940322  17    23    22          0.82      559.98      560.80         21.98
 940322  18    24    23          0.93      558.82      559.75         22.05
 940322  19    23    23          0.93      558.82      559.75         23.00
 940322  20    23    23          0.93      558.82      559.75         23.00
 940322  21    25    24          1.12      621.73      622.85         23.03
 940322  22    25    22          1.00      573.87      574.87         18.63
 940322  23    16    16          0.28      286.45      286.73         13.42
 940322  24     8     8          0.08      141.08      141.17          7.30
1
 
                   MAX
            TOTAL  SIM                MAXIMUM CPS                   CONNECT
 DATE  HOUR USERS USERS            IN         OUT       TOTAL         HOURS
 
 
 940323   1     7     7          0.07      114.88      114.95          5.07
 940323   2     5     5          0.07       79.38       79.45          5.00
 940323   3     5     5          0.07       79.38       79.45          3.43
 940323   4     3     3          0.02       36.55       36.57          2.17
 940323   5     4     2          1.32       18.83       18.83          0.77
 940323   6     0     0          0.00        0.00        0.00          0.00
 940323   7     0     0          0.00        0.00        0.00          0.00
 940323   8     0     0          0.00        0.00        0.00          0.00
 940323   9     0     0          0.00        0.00        0.00          0.00
 940323  10     0     0          0.00        0.00        0.00          0.00
 940323  11     0     0          0.00        0.00        0.00          0.00
 940323  12     0     0          0.00        0.00        0.00          0.00
 940323  13     2     2          0.10       23.08       23.18          0.23
 940323  14    10     9          0.22      229.23      229.45          3.80
 940323  15    23    19          1.58      477.97      478.38         15.82
 940323  16    22    21          0.67      517.20      517.87         20.28
 940323  17    23    22          0.67      539.18      539.85         21.38
 940323  18    21    21          0.65      493.27      493.92         20.12
 940323  19    24    21          0.65      555.23      555.88         20.38
 940323  20    22    21          0.75      539.72      540.47         20.90
 940323  21    22    21          0.42      534.93      535.35         20.95
 940323  22    24    21          0.57      531.98      532.38         17.23
 940323  23    14    14          0.38      286.35      286.73         11.28
 940323  24     8     8          0.08      154.85      154.93          6.15
1
 
                   MAX
            TOTAL  SIM                MAXIMUM CPS                   CONNECT
 DATE  HOUR USERS USERS            IN         OUT       TOTAL         HOURS
 
 
 940324   1     4     4          0.05       64.28       64.33          4.00
 940324   2     4     4          0.05       64.28       64.33          3.93
 940324   3     3     3          0.03       58.50       58.53          2.98
 940324   4     2     2          0.03       27.43       27.47          2.00
 940324   5     2     2          0.03       27.43       27.47          2.00
 940324   6     2     2          0.03       27.43       27.47          0.88
 940324   7     0     0          0.00        0.00        0.00          0.00
 940324   8     0     0          0.00        0.00        0.00          0.00
 940324   9     0     0          0.00        0.00        0.00          0.00
 940324  10     0     0          0.00        0.00        0.00          0.00
 940324  11     0     0          0.00        0.00        0.00          0.00
 940324  12     0     0          0.00        0.00        0.00          0.00
 940324  13     1     1          0.00       19.38       19.38          0.95
 940324  14    10     9         14.73      317.42      332.15          4.32
 940324  15    22    20         16.00      703.32      718.73         16.62
 940324  16    22    21         15.52      703.80      719.32         20.02
 940324  17    23    21         16.13      657.93      674.07         19.85
 940324  18    26    22         15.68      638.70      654.00         19.43
 940324  19    27    20         15.42      656.52      671.47         19.32
 940324  20    21    21         14.97      666.68      681.65         20.03
 940324  21    21    20         14.88      574.93      589.82         19.80
 940324  22    21    19          0.48      466.32      466.80         17.55
 940324  23    12    12          0.30      263.90      264.20          8.75
 940324  24     7     7          0.10      130.52      130.62          6.40
1
 
                   MAX
            TOTAL  SIM                MAXIMUM CPS                   CONNECT
 DATE  HOUR USERS USERS            IN         OUT       TOTAL         HOURS
 
 
 940325   1     5     5          0.02       83.17       83.18          4.02
 940325   2     4     4          0.03       52.38       52.42          3.33
 940325   3     4     4          0.03       52.38       52.42          3.45
 940325   4     3     3          0.00       44.57       44.57          2.47
 940325   5     2     2          0.00       25.18       25.18          1.93
 940325   6     0     0          0.00        0.00        0.00          0.00
 940325   7     0     0          0.00        0.00        0.00          0.00
 940325   8     0     0          0.00        0.00        0.00          0.00
 940325   9     0     0          0.00        0.00        0.00          0.00
 940325  10     0     0          0.00        0.00        0.00          0.00
 940325  11     0     0          0.00        0.00        0.00          0.00
 940325  12     0     0          0.00        0.00        0.00          0.00
 940325  13     1     1          0.00       25.23       25.23          0.82
 940325  14    10     7         16.47      234.07      250.22          3.18
 940325  15    16    14         16.60      481.62      498.07         12.22
 940325  16    18    17         16.62      524.40      541.02         15.95
 940325  17    20    17         16.58      514.50      531.08         16.72
 940325  18    19    17         16.53      506.12      522.62         16.08
 940325  19    15    15         16.48      501.07      517.55         15.00
 940325  20    18    15         16.50      537.27      553.75         14.22
 940325  21    20    16          0.58      526.47      527.02         14.10
 940325  22    15    14          0.57      437.62      438.18         10.13
 940325  23     6     6          0.20      117.02      117.22          4.40
 940325  24     1     1          0.00       18.53       18.53          0.10

1     MAXIMUM OF MAXIMUM SIMULTANEOUS USERS
 
 
                   MAX
            TOTAL  SIM                MAXIMUM CPS                   CONNECT
 DATE  HOUR USERS USERS            IN         OUT       TOTAL         HOURS
 
 940321  17    27    24          1.57      609.95      611.02         22.87
 
 
     MAXIMUM OF CONNECT HOURS
 
 
                   MAX
            TOTAL  SIM                MAXIMUM CPS                   CONNECT
 DATE  HOUR USERS USERS            IN         OUT       TOTAL         HOURS
 
 940321  20    24    24          1.02      596.10      597.12         23.53
1
