1
 
                   MAX
            TOTAL  SIM                MAXIMUM CPS                   CONNECT
 DATE  HOUR USERS USERS            IN         OUT       TOTAL         HOURS
 
 
 950111   1     0     0          0.00        0.00        0.00          0.00
 950111   2     0     0          0.00        0.00        0.00          0.00
 950111   3     0     0          0.00        0.00        0.00          0.00
 950111   4     0     0          0.00        0.00        0.00          0.00
 950111   5     0     0          0.00        0.00        0.00          0.00
 950111   6     0     0          0.00        0.00        0.00          0.00
 950111   7     0     0          0.00        0.00        0.00          0.00
 950111   8     0     0          0.00        0.00        0.00          0.00
 950111   9     0     0          0.00        0.00        0.00          0.00
 950111  10     0     0          0.00        0.00        0.00          0.00
 950111  11     0     0          0.00        0.00        0.00          0.00
 950111  12     0     0          0.00        0.00        0.00          0.00
 950111  13     0     0          0.00        0.00        0.00          0.00
 950111  14     0     0          0.00        0.00        0.00          0.00
 950111  15     0     0          0.00        0.00        0.00          0.00
 950111  16     0     0          0.00        0.00        0.00          0.00
 950111  17     0     0          0.00        0.00        0.00          0.00
 950111  18     0     0          0.00        0.00        0.00          0.00
 950111  19     0     0          0.00        0.00        0.00          0.00
 950111  20     0     0          0.00        0.00        0.00          0.00
 950111  21     0     0          0.00        0.00        0.00          0.00
 950111  22     0     0          0.00        0.00        0.00          0.00
 950111  23     0     0          0.00        0.00        0.00          0.00
 950111  24     0     0          0.00        0.00        0.00          0.00
1
 
                   MAX
            TOTAL  SIM                MAXIMUM CPS                   CONNECT
 DATE  HOUR USERS USERS            IN         OUT       TOTAL         HOURS
 
 
 950112   1     0     0          0.00        0.00        0.00          0.00
 950112   2     0     0          0.00        0.00        0.00          0.00
 950112   3     0     0          0.00        0.00        0.00          0.00
 950112   4     0     0          0.00        0.00        0.00          0.00
 950112   5     0     0          0.00        0.00        0.00          0.00
 950112   6     0     0          0.00        0.00        0.00          0.00
 950112   7     0     0          0.00        0.00        0.00          0.00
 950112   8     0     0          0.00        0.00        0.00          0.00
 950112   9     0     0          0.00        0.00        0.00          0.00
 950112  10     0     0          0.00        0.00        0.00          0.00
 950112  11     0     0          0.00        0.00        0.00          0.00
 950112  12     0     0          0.00        0.00        0.00          0.00
 950112  13     0     0          0.00        0.00        0.00          0.00
 950112  14     0     0          0.00        0.00        0.00          0.00
 950112  15     0     0          0.00        0.00        0.00          0.00
 950112  16     0     0          0.00        0.00        0.00          0.00
 950112  17     0     0          0.00        0.00        0.00          0.00
 950112  18     0     0          0.00        0.00        0.00          0.00
 950112  19     0     0          0.00        0.00        0.00          0.00
 950112  20     0     0          0.00        0.00        0.00          0.00
 950112  21     0     0          0.00        0.00        0.00          0.00
 950112  22     0     0          0.00        0.00        0.00          0.00
 950112  23     0     0          0.00        0.00        0.00          0.00
 950112  24     0     0          0.00        0.00        0.00          0.00
1
 
                   MAX
            TOTAL  SIM                MAXIMUM CPS                   CONNECT
 DATE  HOUR USERS USERS            IN         OUT       TOTAL         HOURS
 
 
 950113   1     0     0          0.00        0.00        0.00          0.00
 950113   2     0     0          0.00        0.00        0.00          0.00
 950113   3     0     0          0.00        0.00        0.00          0.00
 950113   4     0     0          0.00        0.00        0.00          0.00
 950113   5     0     0          0.00        0.00        0.00          0.00
 950113   6     0     0          0.00        0.00        0.00          0.00
 950113   7     0     0          0.00        0.00        0.00          0.00
 950113   8     0     0          0.00        0.00        0.00          0.00
 950113   9     0     0          0.00        0.00        0.00          0.00
 950113  10     0     0          0.00        0.00        0.00          0.00
 950113  11     0     0          0.00        0.00        0.00          0.00
 950113  12     0     0          0.00        0.00        0.00          0.00
 950113  13     0     0          0.00        0.00        0.00          0.00
 950113  14     0     0          0.00        0.00        0.00          0.00
 950113  15     0     0          0.00        0.00        0.00          0.00
 950113  16     0     0          0.00        0.00        0.00          0.00
 950113  17     0     0          0.00        0.00        0.00          0.00
 950113  18     0     0          0.00        0.00        0.00          0.00
 950113  19     0     0          0.00        0.00        0.00          0.00
 950113  20     0     0          0.00        0.00        0.00          0.00
 950113  21     0     0          0.00        0.00        0.00          0.00
 950113  22     0     0          0.00        0.00        0.00          0.00
 950113  23     0     0          0.00        0.00        0.00          0.00
 950113  24     0     0          0.00        0.00        0.00          0.00
1
 
                   MAX
            TOTAL  SIM                MAXIMUM CPS                   CONNECT
 DATE  HOUR USERS USERS            IN         OUT       TOTAL         HOURS
 
 
 950114   1     0     0          0.00        0.00        0.00          0.00
 950114   2     0     0          0.00        0.00        0.00          0.00
 950114   3     0     0          0.00        0.00        0.00          0.00
 950114   4     0     0          0.00        0.00        0.00          0.00
 950114   5     0     0          0.00        0.00        0.00          0.00
 950114   6     0     0          0.00        0.00        0.00          0.00
 950114   7     0     0          0.00        0.00        0.00          0.00
 950114   8     0     0          0.00        0.00        0.00          0.00
 950114   9     0     0          0.00        0.00        0.00          0.00
 950114  10     0     0          0.00        0.00        0.00          0.00
 950114  11     0     0          0.00        0.00        0.00          0.00
 950114  12     0     0          0.00        0.00        0.00          0.00
 950114  13     0     0          0.00        0.00        0.00          0.00
 950114  14     0     0          0.00        0.00        0.00          0.00
 950114  15     0     0          0.00        0.00        0.00          0.00
 950114  16     0     0          0.00        0.00        0.00          0.00
 950114  17     0     0          0.00        0.00        0.00          0.00
 950114  18     0     0          0.00        0.00        0.00          0.00
 950114  19     0     0          0.00        0.00        0.00          0.00
 950114  20     0     0          0.00        0.00        0.00          0.00
 950114  21     0     0          0.00        0.00        0.00          0.00
 950114  22     0     0          0.00        0.00        0.00          0.00
 950114  23     0     0          0.00        0.00        0.00          0.00
 950114  24     0     0          0.00        0.00        0.00          0.00
1     MAXIMUM OF MAXIMUM SIMULTANEOUS USERS
 
 
                   MAX
            TOTAL  SIM                MAXIMUM CPS                   CONNECT
 DATE  HOUR USERS USERS            IN         OUT       TOTAL         HOURS
 
      0   0     0     0          0.00        0.00        0.00          0.00
 
 
     MAXIMUM OF CONNECT HOURS
 
 
                   MAX
            TOTAL  SIM                MAXIMUM CPS                   CONNECT
 DATE  HOUR USERS USERS            IN         OUT       TOTAL         HOURS
 
      0   0     0     0          0.00        0.00        0.00          0.00
1
