1
 
                   MAX
            TOTAL  SIM                MAXIMUM CPS                   CONNECT
 DATE  HOUR USERS USERS            IN         OUT       TOTAL         HOURS
 
 
 950424   1     0     0          0.00        0.00        0.00          0.00
 950424   2     0     0          0.00        0.00        0.00          0.00
 950424   3     0     0          0.00        0.00        0.00          0.00
 950424   4     4     1          0.02        0.03        0.05          0.07
 950424   5     2     1          0.02        0.03        0.05          0.03
 950424   6     0     0          0.00        0.00        0.00          0.00
 950424   7     0     0          0.00        0.00        0.00          0.00
 950424   8     0     0          0.00        0.00        0.00          0.00
 950424   9     0     0          0.00        0.00        0.00          0.00
 950424  10     0     0          0.00        0.00        0.00          0.00
 950424  11     0     0          0.00        0.00        0.00          0.00
 950424  12    25     3          0.05        0.10        0.15          0.42
 950424  13   103     7          0.12        0.23        0.35          1.75
 950424  14    77     8         21.03      188.37      209.40          3.93
 950424  15    64    14         74.05     1079.97     1154.02         10.78
 950424  16    41    13         63.83      589.35      653.18          7.88
 950424  17    31     7         43.20      424.67      455.72          4.65
 950424  18    30     7         36.68      304.90      341.58          5.27
 950424  19    42     9         43.00      741.67      781.50          5.37
 950424  20    35    10         34.50      330.30      352.33          7.33
 950424  21    34     9         26.98      135.28      159.25          5.65
 950424  22    13     4         15.08      286.73      301.82          1.78
 950424  23     5     3         14.70      426.08      440.78          1.97
 950424  24     2     2          2.97       18.57       21.53          0.72
1
 
                   MAX
            TOTAL  SIM                MAXIMUM CPS                   CONNECT
 DATE  HOUR USERS USERS            IN         OUT       TOTAL         HOURS
 
 
 950425   1     1     1          0.02        0.03        0.05          0.02
 950425   2     1     1          5.40      176.17      181.57          0.17
 950425   3     1     1          5.40      176.17      181.57          1.00
 950425   4     1     1          5.40      176.17      181.57          1.00
 950425   5     3     2         14.97      187.15      202.12          1.25
 950425   6     1     1          5.40      176.17      181.57          0.80
 950425   7     0     0          0.00        0.00        0.00          0.00
 950425   8     1     1          0.35        1.03        1.38          0.30
 950425   9     0     0          0.00        0.00        0.00          0.00
 950425  10     0     0          0.00        0.00        0.00          0.00
 950425  11     0     0          0.00        0.00        0.00          0.00
 950425  12    10     6         23.15      506.88      530.03          1.88
 950425  13    47    14         77.33     1532.02     1608.12          9.38
 950425  14    64    14         70.87     1366.82     1434.60         10.67
 950425  15    48    12         65.92     1372.75     1435.92          7.72
 950425  16    32     8         38.87      436.45      467.33          4.80
 950425  17    32     8         38.30      206.15      243.58          4.78
 950425  18    37    10         46.32      353.72      389.25          4.80
 950425  19    53    11         83.15      509.63      562.15          8.37
 950425  20    57    11         57.52      461.90      499.67          8.77
 950425  21     6     6         28.85      187.20      216.05          0.55
 950425  22     0     0          0.00        0.00        0.00          0.00
 950425  23     2     1          8.72      130.12      138.83          0.15
 950425  24     5     2          4.50       19.63       24.13          1.18
1
 
                   MAX
            TOTAL  SIM                MAXIMUM CPS                   CONNECT
 DATE  HOUR USERS USERS            IN         OUT       TOTAL         HOURS
 
 
 950426   1     6     2          6.83       21.92       28.75          1.48
 950426   2     2     2          1.55        5.78        7.33          0.37
 950426   3     0     0          0.00        0.00        0.00          0.00
 950426   4     3     2          7.35        8.18       14.17          0.20
 950426   5     4     1         11.22       15.20       26.42          0.28
 950426   6     0     0          0.00        0.00        0.00          0.00
 950426   7     0     0          0.00        0.00        0.00          0.00
 950426   8     0     0          0.00        0.00        0.00          0.00
 950426   9     0     0          0.00        0.00        0.00          0.00
 950426  10     1     1          1.58       46.17       47.75          0.37
 950426  11     2     1          4.47      119.25      123.72          0.30
 950426  12     9     5         32.07      718.45      750.52          2.05
 950426  13    30     7         63.43      935.02      987.92          4.40
 950426  14    54    10         61.53      938.57     1000.10          6.10
 950426  15    43     8         57.57      740.83      778.72          5.48
 950426  16    26     6         42.52      384.70      426.33          4.58
 950426  17    31     7         36.92      260.02      275.62          5.25
 950426  18    28     6         54.47      306.55      336.65          4.63
 950426  19    36     8         80.98      250.67      300.80          5.55
 950426  20    19    13         77.93      159.90      237.83          3.32
 950426  21    15     6         57.25      264.10      315.27          2.62
 950426  22    23     5         36.70      600.13      618.70          2.57
 950426  23     6     3         18.57      600.13      618.70          0.75
 950426  24     5     1          5.60       10.42       11.88          0.53
1
 
                   MAX
            TOTAL  SIM                MAXIMUM CPS                   CONNECT
 DATE  HOUR USERS USERS            IN         OUT       TOTAL         HOURS
 
 
 950427   1     1     1          0.73        1.42        2.15          0.40
 950427   2     4     1          2.88        4.33        6.32          0.35
 950427   3     0     0          0.00        0.00        0.00          0.00
 950427   4     1     1          4.00        4.45        8.45          0.33
 950427   5     1     1          1.25        2.28        3.53          0.40
 950427   6     2     1          1.25        2.28        3.53          0.28
 950427   7     1     1          0.13        0.50        0.63          0.02
 950427   8     1     1          0.13        0.50        0.63          0.25
 950427   9     0     0          0.00        0.00        0.00          0.00
 950427  10     1     1          8.18       11.87       20.05          0.02
 950427  11     1     1          8.18       11.87       20.05          0.02
 950427  12     7     2         17.82      430.43      448.25          1.07
 950427  13    19     6         30.20      647.37      674.05          3.67
 950427  14    35     7         42.88      729.40      757.20          4.90
 950427  15    54    10         78.75      903.67      938.18          6.97
 950427  16    50    11         67.43      564.43      592.18          7.65
 950427  17    29     7         33.33      738.35      771.68          5.72
 950427  18    32     6         22.78      231.28      246.33          3.80
 950427  19    28     6         23.07       98.73      121.80          4.10
 950427  20    29     6         17.88       31.75       43.00          4.37
 950427  21    13     6         28.57       56.27       83.95          2.57
 950427  22     0     0          0.00        0.00        0.00          0.00
 950427  23     0     0          0.00        0.00        0.00          0.00
 950427  24     0     0          0.00        0.00        0.00          0.00
1     MAXIMUM OF MAXIMUM SIMULTANEOUS USERS
 
 
                   MAX
            TOTAL  SIM                MAXIMUM CPS                   CONNECT
 DATE  HOUR USERS USERS            IN         OUT       TOTAL         HOURS
 
 950424  15    64    14         74.05     1079.97     1154.02         10.78
 
 
     MAXIMUM OF CONNECT HOURS
 
 
                   MAX
            TOTAL  SIM                MAXIMUM CPS                   CONNECT
 DATE  HOUR USERS USERS            IN         OUT       TOTAL         HOURS
 
 950424  15    64    14         74.05     1079.97     1154.02         10.78
1
