1
 
                   MAX
            TOTAL  SIM                MAXIMUM CPS                   CONNECT
 DATE  HOUR USERS USERS            IN         OUT       TOTAL         HOURS
 
 
 950424   1     0     0          0.00        0.00        0.00          0.00
 950424   2     0     0          0.00        0.00        0.00          0.00
 950424   3     0     0          0.00        0.00        0.00          0.00
 950424   4     1     1          0.07        0.68        0.75          0.27
 950424   5     0     0          0.00        0.00        0.00          0.00
 950424   6     0     0          0.00        0.00        0.00          0.00
 950424   7     1     1          0.73        1.10        1.83          0.07
 950424   8     3     1          0.73        1.10        1.83          0.60
 950424   9     1     1          0.07        0.68        0.75          0.17
 950424  10     1     1          2.67       73.97       76.63          0.40
 950424  11     3     1          2.30       70.78       73.08          0.73
 950424  12     8     3         25.00      707.28      732.28          1.62
 950424  13    10     4         29.65      582.38      612.03          2.02
 950424  14    42     8         26.95      410.93      437.88          3.78
 950424  15    64    14         78.62     1287.28     1356.07         10.02
 950424  16    46    13         70.55     1076.82     1147.37          7.55
 950424  17    36     7         60.62      702.37      762.98          4.57
 950424  18    25     7         39.23      940.55      972.10          4.75
 950424  19    29     7         52.07      909.37      948.58          4.85
 950424  20    41    10         48.87      348.55      391.88          7.20
 950424  21    35     9         40.48      510.80      544.53          5.05
 950424  22     9     4         14.07      107.72      121.43          1.28
 950424  23     1     1          6.80        5.87       12.67          0.13
 950424  24     4     2         11.98      387.90      399.88          0.62
1
 
                   MAX
            TOTAL  SIM                MAXIMUM CPS                   CONNECT
 DATE  HOUR USERS USERS            IN         OUT       TOTAL         HOURS
 
 
 950425   1     1     1          6.30      202.82      209.12          0.03
 950425   2     0     0          0.00        0.00        0.00          0.00
 950425   3     0     0          0.00        0.00        0.00          0.00
 950425   4     0     0          0.00        0.00        0.00          0.00
 950425   5     2     1          0.55        3.50        3.92          0.35
 950425   6     1     1          0.55        1.55        2.10          0.07
 950425   7     0     0          0.00        0.00        0.00          0.00
 950425   8     1     1          0.37        1.32        1.68          0.37
 950425   9     0     0          0.00        0.00        0.00          0.00
 950425  10     1     1          1.62       49.15       50.77          0.47
 950425  11     1     1          6.95      140.40      147.35          0.05
 950425  12    11     6         55.05     1295.13     1350.18          1.23
 950425  13     0     0          0.00        0.00        0.00          0.00
 950425  14     0     0          0.00        0.00        0.00          0.00
 950425  15    34     6          9.23       62.20       65.28          1.37
 950425  16    63     8          9.17       70.22       73.37          4.17
 950425  17    33     9         63.55       32.48       76.38          4.22
 950425  18    58     8          8.32       38.55       42.77          4.23
 950425  19    77    11          9.05       78.55       82.52          8.10
 950425  20    60    12         16.80       41.60       54.02          8.90
 950425  21     6     6          0.13        1.23        1.37          2.97
 950425  22     1     1          0.00        0.02        0.02          0.95
 950425  23     2     1          5.45        5.18        6.68          0.15
 950425  24     2     2         28.27        6.40       34.67          0.77
1
 
                   MAX
            TOTAL  SIM                MAXIMUM CPS                   CONNECT
 DATE  HOUR USERS USERS            IN         OUT       TOTAL         HOURS
 
 
 950426   1     1     1          0.27        2.58        2.85          0.08
 950426   2     2     1          1.10       10.38       11.48          0.08
 950426   3     0     0          0.00        0.00        0.00          0.00
 950426   4     1     1          0.00        0.02        0.02          0.25
 950426   5     1     1          0.00        0.02        0.02          1.00
 950426   6     1     1          0.00        0.02        0.02          1.00
 950426   7     1     1          0.00        0.02        0.02          1.00
 950426   8     1     1          0.00        0.02        0.02          1.00
 950426   9     1     1          0.00        0.02        0.02          1.00
 950426  10     1     1          0.00        0.02        0.02          1.00
 950426  11     1     1          0.00        0.02        0.02          1.00
 950426  12     8     4          2.00       39.75       41.75          1.50
 950426  13    22     7          7.53       24.38       26.72          3.85
 950426  14    68     9         37.43      137.00      147.18          5.30
 950426  15    90     8         10.25      101.10      105.38          4.95
 950426  16    58     8          8.58      100.70      109.28          4.00
 950426  17    65     7         60.17       34.03       75.35          4.67
 950426  18    62     6         29.80      219.23      246.92          3.82
 950426  19    81     7         21.80      255.27      271.57          4.12
 950426  20    15     5          7.05        4.22       11.27          0.50
 950426  21    15     5         23.95      103.18      127.13          1.55
 950426  22    12     3         21.25      501.42      522.67          1.53
 950426  23     1     1          0.62        1.20        1.82          0.18
 950426  24     4     1          5.92       14.98       20.18          0.50
1
 
                   MAX
            TOTAL  SIM                MAXIMUM CPS                   CONNECT
 DATE  HOUR USERS USERS            IN         OUT       TOTAL         HOURS
 
 
 950427   1     1     1          4.28        4.95        9.23          0.18
 950427   2     4     1          4.28        4.95        9.23          0.32
 950427   3     1     1          6.63        0.42        7.05          0.02
 950427   4     2     1         10.07       12.10       22.17          0.28
 950427   5     0     0          0.00        0.00        0.00          0.00
 950427   6     1     1          0.13        0.50        0.63          0.18
 950427   7     1     1          0.13        0.50        0.63          0.08
 950427   8     1     1          0.30        0.60        0.90          0.20
 950427   9     1     1          0.30        0.60        0.90          0.45
 950427  10     0     0          0.00        0.00        0.00          0.00
 950427  11     0     0          0.00        0.00        0.00          0.00
 950427  12     5     2         30.27      481.45      511.72          0.77
 950427  13    22     5         33.68      481.45      511.72          3.17
 950427  14    29     8         48.38      570.93      619.32          4.90
 950427  15    35     9         41.20      572.05      603.32          6.63
 950427  16    58    12         43.43      171.85      215.28          7.30
 950427  17    31     8         35.07      476.55      505.53          5.28
 950427  18    20     6         48.67      713.12      761.78          3.82
 950427  19    39     6         30.18      391.05      417.23          4.12
 950427  20    23     6         40.43      328.52      368.95          4.22
 950427  21    14     8         30.70       42.05       72.75          2.62
 950427  22     0     0          0.00        0.00        0.00          0.00
 950427  23     0     0          0.00        0.00        0.00          0.00
 950427  24     0     0          0.00        0.00        0.00          0.00
1     MAXIMUM OF MAXIMUM SIMULTANEOUS USERS
 
 
                   MAX
            TOTAL  SIM                MAXIMUM CPS                   CONNECT
 DATE  HOUR USERS USERS            IN         OUT       TOTAL         HOURS
 
 950424  15    64    14         78.62     1287.28     1356.07         10.02
 
 
     MAXIMUM OF CONNECT HOURS
 
 
                   MAX
            TOTAL  SIM                MAXIMUM CPS                   CONNECT
 DATE  HOUR USERS USERS            IN         OUT       TOTAL         HOURS
 
 950424  15    64    14         78.62     1287.28     1356.07         10.02
1
