1
 
                   MAX
            TOTAL  SIM                MAXIMUM CPS                   CONNECT
 DATE  HOUR USERS USERS            IN         OUT       TOTAL         HOURS
 
 
 950116   1     2     2         45.75       60.22      105.97          1.12
 950116   2     1     1         25.98       28.12       54.10          1.00
 950116   3     1     1         25.98       28.12       54.10          0.28
 950116   4     2     2         28.78       60.97       89.75          0.58
 950116   5     1     1         14.73       21.00       35.73          0.13
 950116   6     2     1         14.73       21.00       35.73          1.00
 950116   7     2     1         12.02       18.75       30.77          0.83
 950116   8     0     0          0.00        0.00        0.00          0.00
 950116   9     3     2         50.72      127.05      177.77          0.82
 950116  10     2     1         17.58       42.55       60.13          0.93
 950116  11     2     2         19.97       49.83       69.80          0.70
 950116  12     1     1         15.80       47.92       63.72          0.43
 950116  13     3     2         16.85       70.07       86.92          1.13
 950116  14     7     3         76.95      151.77      228.72          1.52
 950116  15    10     4         81.95      150.32      222.80          1.83
 950116  16    10     4         67.90      119.90      181.93          2.48
 950116  17    18     6         84.48      238.62      300.88          3.43
 950116  18    14     5         48.33      110.45      158.78          2.65
 950116  19    13     5         52.65      148.70      201.35          1.97
 950116  20    14     5         60.12      150.08      191.85          3.08
 950116  21    12     3         65.95      107.98      173.93          2.15
 950116  22    17     6         59.35      172.92      232.27          3.38
 950116  23    13     4         67.03      153.93      201.45          2.28
 950116  24    13     5         67.03      181.48      241.12          3.15
1
 
                   MAX
            TOTAL  SIM                MAXIMUM CPS                   CONNECT
 DATE  HOUR USERS USERS            IN         OUT       TOTAL         HOURS
 
 
 950117   1     8     4         59.53      122.13      179.12          1.60
 950117   2     6     3         59.53       82.18      132.77          1.02
 950117   3     4     2         20.27       68.55       88.82          0.75
 950117   4     3     1         11.18       19.65       30.83          0.28
 950117   5     2     1         11.18       19.65       30.83          0.57
 950117   6     1     1          6.08        9.87       15.95          0.98
 950117   7     3     1         30.12       71.85      101.97          0.30
 950117   8     5     1         13.82       61.45       75.27          0.77
 950117   9     3     2         22.27       46.87       69.13          1.18
 950117  10     5     3         39.65       93.57      133.22          1.55
 950117  11     4     2         21.87       79.67       88.73          0.53
 950117  12     2     1          0.25        4.78        4.97          0.80
 950117  13     6     2         20.42       62.93       83.35          0.75
 950117  14     9     4         93.70      163.72      257.42          1.85
 950117  15    15     5        104.67      220.67      300.45          2.42
 950117  16    10     4         47.65      120.85      144.58          1.88
 950117  17    16     6         82.87      180.77      263.63          3.72
 950117  18     7     5         60.33       91.83      141.32          2.48
 950117  19    15     6        113.80      159.68      273.48          4.13
 950117  20    16     5         78.68      179.15      244.28          3.27
 950117  21    14     6        134.92      276.17      411.08          2.80
 950117  22    17     5         74.65      171.12      240.05          3.08
 950117  23    15     7         53.23      144.38      191.00          3.63
 950117  24    17     5         75.42      137.40      212.82          3.35
1
 
                   MAX
            TOTAL  SIM                MAXIMUM CPS                   CONNECT
 DATE  HOUR USERS USERS            IN         OUT       TOTAL         HOURS
 
 
 950118   1     7     3         48.97       99.78      135.65          1.45
 950118   2     5     2         21.57       73.03       94.60          1.38
 950118   3     7     2         41.47       88.08       98.82          0.73
 950118   4     4     3         67.93      107.00      153.28          1.58
 950118   5     1     1         41.47       47.73       89.20          0.10
 950118   6     0     0          0.00        0.00        0.00          0.00
 950118   7     4     3         43.90       78.78      122.68          0.88
 950118   8     2     2          3.13       41.72       44.85          0.55
 950118   9     3     1         21.95       98.73      106.55          0.15
 950118  10     2     1         48.12       71.17      119.28          0.22
 950118  11     2     2         50.23       80.60      130.83          1.10
 950118  12     5     2         30.60       98.27      105.90          0.58
 950118  13     5     4         30.95       67.17       98.12          1.17
 950118  14     7     3         50.60       69.67      120.27          1.93
 950118  15    10     4         78.78      132.57      211.35          1.75
 950118  16    12     6         90.35      178.53      268.88          2.63
 950118  17    12     6         32.07      123.03      155.10          2.77
 950118  18    15     5         66.12      171.77      237.88          3.25
 950118  19    13     7         60.07      203.52      263.58          3.10
 950118  20    20     6         86.83      246.23      333.07          2.23
 950118  21    15     6         70.90      204.35      275.25          2.87
 950118  22    14     6         72.27      137.88      210.15          3.60
 950118  23    15     6         99.05      213.57      312.62          3.02
 950118  24     5     4         41.42       76.77      118.18          1.77
1
 
                   MAX
            TOTAL  SIM                MAXIMUM CPS                   CONNECT
 DATE  HOUR USERS USERS            IN         OUT       TOTAL         HOURS
 
 
 950119   1    10     4         87.65      177.83      265.48          1.62
 950119   2     5     2         34.17       90.98      125.15          0.58
 950119   3     5     2         34.78       71.40      106.18          0.62
 950119   4     4     1         15.90       49.05       64.48          0.28
 950119   5     2     1         25.53       48.03       73.57          0.58
 950119   6     2     1          4.12        7.78       11.90          0.28
 950119   7     0     0          0.00        0.00        0.00          0.00
 950119   8     2     1          6.97       30.83       37.80          0.32
 950119   9     6     3         64.70      123.53      188.23          1.53
 950119  10     3     2         32.80       62.77       95.57          0.80
 950119  11     2     2          7.22       55.82       63.03          1.52
 950119  12     1     1          0.13        3.37        3.50          0.28
 950119  13     5     3         21.00       57.38       75.82          1.75
 950119  14    10     3         40.58      106.83      142.10          1.32
 950119  15    14     4         45.63      221.88      267.52          2.15
 950119  16     8     3         25.87       71.65       97.52          2.03
 950119  17     2     1         14.92       20.90       35.82          0.48
 950119  18    11     4         71.07      164.93      219.80          2.38
 950119  19    23     5         46.57      178.43      225.00          3.40
 950119  20    14     4         49.55      164.23      203.62          2.10
 950119  21    11     4         46.72       96.72      133.08          2.05
 950119  22    12     6         44.43      113.97      158.40          2.43
 950119  23     8     5         56.32      161.67      217.98          1.62
 950119  24    10     5         56.32      161.67      217.98          2.15
1
 
                   MAX
            TOTAL  SIM                MAXIMUM CPS                   CONNECT
 DATE  HOUR USERS USERS            IN         OUT       TOTAL         HOURS
 
 
 950120   1     6     3         46.85       76.50      123.35          1.63
 950120   2     4     2         33.12      100.77      133.88          0.23
 950120   3     3     1         17.53       42.50       56.07          0.70
 950120   4     2     1         12.20       19.65       31.85          0.45
 950120   5     2     2         35.15       54.67       89.82          0.48
 950120   6     1     1         12.15       17.33       29.48          0.87
 950120   7     4     2         35.97       96.67      132.63          0.77
 950120   8     1     1         23.83       72.98       96.82          0.07
 950120   9     5     2         45.60       95.57      141.17          0.43
 950120  10     7     2         45.60       95.57      141.17          0.88
 950120  11     3     1         41.83       61.55      103.38          0.35
 950120  12     3     1         49.42       76.43      125.85          0.35
 950120  13     8     2         38.97       75.87      114.83          1.13
 950120  14     9     5         49.62      141.80      191.42          1.52
 950120  15    11     5         68.73      169.33      235.42          2.38
 950120  16    19     5         43.10      174.33      214.77          3.15
 950120  17    14     5         55.02      136.58      178.92          3.15
 950120  18    16     6        121.37      247.75      369.12          2.63
 950120  19    11     3         50.68      113.22      163.90          2.20
 950120  20    13     5         93.65      231.78      325.43          3.52
 950120  21    15     5         65.47      184.33      249.80          1.90
 950120  22    11     3         54.48       97.88      152.12          2.15
 950120  23     9     3         52.55      106.57      159.12          1.53
 950120  24     1     1         27.43       66.10       93.53          0.08
1     MAXIMUM OF MAXIMUM SIMULTANEOUS USERS
 
 
                   MAX
            TOTAL  SIM                MAXIMUM CPS                   CONNECT
 DATE  HOUR USERS USERS            IN         OUT       TOTAL         HOURS
 
 950117  23    15     7         53.23      144.38      191.00          3.63
 
 
     MAXIMUM OF CONNECT HOURS
 
 
                   MAX
            TOTAL  SIM                MAXIMUM CPS                   CONNECT
 DATE  HOUR USERS USERS            IN         OUT       TOTAL         HOURS
 
 950117  19    15     6        113.80      159.68      273.48          4.13
1
  