1
 
                   MAX
            TOTAL  SIM                MAXIMUM CPS                   CONNECT
 DATE  HOUR USERS USERS            IN         OUT       TOTAL         HOURS
 
 
 950111   1     8     3         25.30      100.18      125.48          1.38
 950111   2     9     3         50.48      124.38      158.73          1.53
 950111   3     5     4         63.75      155.42      219.17          1.10
 950111   4     2     2         55.08       74.75      129.83          0.52
 950111   5     4     2         31.15       47.02       72.72          0.92
 950111   6     4     2         28.42       54.68       83.10          0.70
 950111   7     8     3         32.50       66.15       98.65          1.40
 950111   8     4     3         21.35       59.45       80.80          0.52
 950111   9     3     1         16.78       62.35       79.13          0.15
 950111  10     2     1         17.07       41.13       58.20          0.23
 950111  11     2     1          2.10       40.03       42.13          0.08
 950111  12     1     1         26.67       37.07       63.73          0.63
 950111  13     5     2         35.20       67.77      102.97          1.20
 950111  14     8     3         88.15      136.23      224.38          1.82
 950111  15    11     6         73.33      138.73      212.07          2.38
 950111  16    15     6         80.53      159.90      240.43          3.83
 950111  17    10     4         72.73      124.73      193.05          2.37
 950111  18    14     6         74.37      159.07      233.43          3.80
 950111  19    14     6         25.25       67.42       87.73          3.42
 950111  20    15     7         52.55      143.00      188.68          3.97
 950111  21    14     6         66.08      165.72      231.80          3.98
 950111  22     7     4         52.23      106.43      155.88          2.22
 950111  23     7     3         44.88       90.93      134.55          1.95
 950111  24    11     6         81.30      161.30      232.73          3.42
1
 
                   MAX
            TOTAL  SIM                MAXIMUM CPS                   CONNECT
 DATE  HOUR USERS USERS            IN         OUT       TOTAL         HOURS
 
 
 950112   1     6     4         24.62       82.98      107.60          1.02
 950112   2     3     2         18.45       53.43       71.88          0.47
 950112   3     2     1         13.97       49.23       53.07          0.52
 950112   4     2     1          3.83       49.23       53.07          0.30
 950112   5     1     1          0.47        6.15        6.62          0.28
 950112   6     5     3         58.63      128.43      187.07          0.77
 950112   7     3     1          7.05       30.57       37.48          0.90
 950112   8     9     2         35.08      143.20      156.08          1.22
 950112   9     6     2         48.20       65.13      113.33          0.80
 950112  10     5     2         53.52      100.92      144.47          1.03
 950112  11     2     1         21.43       92.62      114.05          0.32
 950112  12     2     1         26.75       61.00       74.82          0.18
 950112  13     2     1         11.87       31.98       43.85          0.52
 950112  14     7     5         74.52      152.58      227.10          1.53
 950112  15     9     5        122.78      177.12      299.90          3.50
 950112  16    16     6         99.95      185.47      279.85          3.45
 950112  17    11     5         50.07       97.90      147.97          3.55
 950112  18    17     4         68.67      131.47      188.17          2.67
 950112  19    19     6        110.32      230.32      340.63          4.05
 950112  20    17     6         72.05      190.68      261.38          3.73
 950112  21    16     6         89.18      224.48      313.67          4.12
 950112  22    13     6         75.23      154.35      229.58          3.33
 950112  23     9     4         67.62      119.60      187.22          3.18
 950112  24     5     3         42.22       81.50      111.77          2.22
1
 
                   MAX
            TOTAL  SIM                MAXIMUM CPS                   CONNECT
 DATE  HOUR USERS USERS            IN         OUT       TOTAL         HOURS
 
 
 950113   1     2     2         23.82       61.73       85.55          0.87
 950113   2     3     2         40.27      102.17      142.43          0.43
 950113   3     3     1          7.32       32.83       35.38          0.57
 950113   4     2     2         23.43       46.95       70.38          0.55
 950113   5     1     1         33.62       85.10      118.72          0.05
 950113   6     3     2         39.70       56.43       96.13          1.10
 950113   7     3     2         37.20      101.18      138.38          0.40
 950113   8     3     2         49.87       89.85      139.72          0.32
 950113   9     5     2         28.43       52.57       73.12          0.62
 950113  10     2     1         16.90       42.43       59.33          0.17
 950113  11     4     2         11.93       40.70       48.48          0.48
 950113  12     3     1         26.47       46.57       73.03          0.52
 950113  13     3     2         28.90       55.22       84.12          0.80
 950113  14     7     3         60.40      168.23      228.63          1.38
 950113  15    15     6        175.23      292.08      467.32          4.17
 950113  16    14     4        122.40      209.77      332.17          1.25
 950113  17    18     5         74.93      188.20      263.13          3.52
 950113  18     9     4         48.00      106.82      154.82          2.52
 950113  19    18     6        184.22      288.98      466.32          3.77
 950113  20    11     5         80.37      132.52      212.88          3.85
 950113  21    13     5         55.08      144.90      189.40          3.07
 950113  22    19     6        133.93      254.52      349.25          3.62
 950113  23    15     6         90.27      193.33      261.47          1.67
 950113  24     2     2         17.78       72.22       90.00          0.17
1
 
                   MAX
            TOTAL  SIM                MAXIMUM CPS                   CONNECT
 DATE  HOUR USERS USERS            IN         OUT       TOTAL         HOURS
 
 
 950114   1     3     2          9.67       63.98       73.65          0.53
 950114   2     1     1         12.02       25.60       37.62          0.18
 950114   3     2     1         15.63       68.68       79.17          0.98
 950114   4     3     2         19.30       76.60       87.88          0.53
 950114   5     0     0          0.00        0.00        0.00          0.00
 950114   6     1     1          5.38       64.82       70.20          0.15
 950114   7     1     1          0.18        6.70        6.88          0.45
 950114   8     0     0          0.00        0.00        0.00          0.00
 950114   9     0     0          0.00        0.00        0.00          0.00
 950114  10     0     0          0.00        0.00        0.00          0.00
 950114  11     0     0          0.00        0.00        0.00          0.00
 950114  12     1     1         19.92       46.70       66.62          0.12
 950114  13     0     0          0.00        0.00        0.00          0.00
 950114  14     3     2         41.52       67.97      109.48          0.80
 950114  15     1     1         16.25       28.02       44.27          0.23
 950114  16     1     1         30.05       78.37      108.42          0.07
 950114  17     3     2         28.28       51.47       79.75          1.15
 950114  18     2     1         14.70       55.77       58.62          0.23
 950114  19     4     2         23.08       69.67       92.75          1.22
 950114  20     1     1          4.67       28.92       33.58          0.17
 950114  21     1     1         19.08       27.95       47.03          0.50
 950114  22     1     1         10.70       70.60       81.30          0.15
 950114  23     0     0          0.00        0.00        0.00          0.00
 950114  24     0     0          0.00        0.00        0.00          0.00
1     MAXIMUM OF MAXIMUM SIMULTANEOUS USERS
 
 
                   MAX
            TOTAL  SIM                MAXIMUM CPS                   CONNECT
 DATE  HOUR USERS USERS            IN         OUT       TOTAL         HOURS
 
 950111  20    15     7         52.55      143.00      188.68          3.97
 
 
     MAXIMUM OF CONNECT HOURS
 
 
                   MAX
            TOTAL  SIM                MAXIMUM CPS                   CONNECT
 DATE  HOUR USERS USERS            IN         OUT       TOTAL         HOURS
 
 950113  15    15     6        175.23      292.08      467.32          4.17
1
