1
 
                   MAX
            TOTAL  SIM                MAXIMUM CPS                   CONNECT
 DATE  HOUR USERS USERS            IN         OUT       TOTAL         HOURS
 
 
 941205   1     1     1          0.35      127.82      128.17          0.02
 941205   2     3     2          2.13      160.37      162.50          0.93
 941205   3     1     1          0.10       32.83       32.93          0.42
 941205   4     0     0          0.00        0.00        0.00          0.00
 941205   5     2     1          0.72       39.65       39.92          0.22
 941205   6     1     1          0.72       26.07       26.78          0.43
 941205   7     0     0          0.00        0.00        0.00          0.00
 941205   8     0     0          0.00        0.00        0.00          0.00
 941205   9     0     0          0.00        0.00        0.00          0.00
 941205  10     0     0          0.00        0.00        0.00          0.00
 941205  11     0     0          0.00        0.00        0.00          0.00
 941205  12     2     1          0.25       69.77       70.02          0.35
 941205  13    49     8         30.78      388.27      414.35          2.48
 941205  14    80    13         10.23      573.77      580.62          7.05
 941205  15   129    15         66.17      625.20      647.08         11.58
 941205  16   118    16         59.27      761.37      770.53         11.22
 941205  17   118    15        104.95      640.27      650.63         10.05
 941205  18   127    14        117.73      560.03      578.73          9.00
 941205  19   121    13         89.83      519.88      554.80          8.23
 941205  20   147    16         92.38      637.42      718.57          9.77
 941205  21   184    19        176.53      485.20      661.73         12.82
 941205  22   162    17         82.10      378.27      450.33         12.65
 941205  23   107    14        100.27      430.05      449.37          9.20
 941205  24    82    11         51.75      351.63      370.92          7.38
1
 
                   MAX
            TOTAL  SIM                MAXIMUM CPS                   CONNECT
 DATE  HOUR USERS USERS            IN         OUT       TOTAL         HOURS
 
 
 941206   1    56     7         41.43      281.78      284.55          4.53
 941206   2    29     7         35.00      222.43      224.42          3.38
 941206   3     5     2          0.45       74.77       75.22          0.47
 941206   4     3     1          0.80       49.88       50.52          0.47
 941206   5     2     2          3.17       79.33       82.50          0.88
 941206   6     3     2          3.17      125.50      126.60          0.83
 941206   7     1     1          0.42       44.45       44.87          0.17
 941206   8     0     0          0.00        0.00        0.00          0.00
 941206   9     0     0          0.00        0.00        0.00          0.00
 941206  10     0     0          0.00        0.00        0.00          0.00
 941206  11     0     0          0.00        0.00        0.00          0.00
 941206  12     4     2          2.92       72.72       73.00          0.28
 941206  13    43     6         46.45      317.53      323.30          2.52
 941206  14    97    10         35.20      450.08      460.15          6.85
 941206  15   136    16         82.03      645.77      727.80          9.73
 941206  16   151    17         69.33      751.92      786.02         11.05
 941206  17   126    13         58.95      470.35      477.58          9.52
 941206  18   104    14         71.78      531.67      536.88          8.58
 941206  19   112    13         75.97      544.93      559.38          7.55
 941206  20   145    16        100.92      486.17      546.07         11.67
 941206  21   141    17        117.62      513.25      569.35          9.45
 941206  22   209    20        149.12      595.05      645.60         13.83
 941206  23   165    20         70.82      493.88      554.75         10.30
 941206  24    54     8         53.65      336.65      352.55          4.20
1
 
                   MAX
            TOTAL  SIM                MAXIMUM CPS                   CONNECT
 DATE  HOUR USERS USERS            IN         OUT       TOTAL         HOURS
 
 
 941207   1    55    10        136.90      403.77      457.35          5.70
 941207   2    10     5         35.50      122.58      158.08          2.07
 941207   3     6     3          0.35       70.62       70.87          1.52
 941207   4     3     3          0.37       72.95       73.32          1.12
 941207   5     2     2          0.32       49.12       49.43          1.12
 941207   6     2     2          0.28       63.07       63.35          1.20
 941207   7     3     1          0.60       39.98       40.58          0.80
 941207   8     0     0          0.00        0.00        0.00          0.00
 941207   9     0     0          0.00        0.00        0.00          0.00
 941207  10     0     0          0.00        0.00        0.00          0.00
 941207  11     0     0          0.00        0.00        0.00          0.00
 941207  12     3     2          3.57       36.18       39.75          0.87
 941207  13    46     6         13.97      470.03      477.27          2.67
 941207  14    86    10         10.82      369.00      375.87          5.65
 941207  15   135    15         54.02      586.23      593.82          9.20
 941207  16   118    15         68.30      457.12      472.33          9.55
 941207  17    97    15        128.15      461.98      537.25          8.82
 941207  18    93    15         50.13      509.92      541.63          9.43
 941207  19   108    15         83.82      461.48      515.57          9.98
 941207  20   102    13         57.83      354.75      389.43          9.43
 941207  21   170    18        145.82      518.33      580.38         13.22
 941207  22   179    19        132.68      447.57      555.53         12.83
 941207  23   127    15         92.93      488.83      522.18         10.90
 941207  24    93    13         58.73      401.58      409.15          8.43
1
 
                   MAX
            TOTAL  SIM                MAXIMUM CPS                   CONNECT
 DATE  HOUR USERS USERS            IN         OUT       TOTAL         HOURS
 
 
 941208   1    56    10         96.10      256.90      353.00          4.75
 941208   2     9     4         57.43      166.93      170.30          2.23
 941208   3     5     2          1.27       91.33       92.60          0.67
 941208   4     4     2          2.10       12.93       15.03          0.80
 941208   5     1     1          1.98       10.50       12.48          0.13
 941208   6     0     0          0.00        0.00        0.00          0.00
 941208   7     0     0          0.00        0.00        0.00          0.00
 941208   8     0     0          0.00        0.00        0.00          0.00
 941208   9     0     0          0.00        0.00        0.00          0.00
 941208  10     0     0          0.00        0.00        0.00          0.00
 941208  11     0     0          0.00        0.00        0.00          0.00
 941208  12     6     3         88.40      135.85      224.25          0.67
 941208  13    28     7         46.98      495.95      531.47          3.40
 941208  14   104    12         24.62      498.18      514.58          6.97
 941208  15    97    12         49.48      423.95      438.55          7.70
 941208  16   135    15        105.05      468.07      517.48         10.92
 941208  17   106    12         90.02      552.30      562.42          8.83
 941208  18   115    13         96.48      429.48      513.33          9.02
 941208  19   105    11         71.47      471.97      476.55          8.05
 941208  20   159    21        159.20      646.12      750.10         13.28
 941208  21   222    20        143.32      570.13      601.02         14.57
 941208  22   226    21        145.37      716.62      737.40         15.08
 941208  23   138    16        213.63      434.28      623.40          8.85
 941208  24    85     9        105.20      298.47      365.22          5.75
1
 
                   MAX
            TOTAL  SIM                MAXIMUM CPS                   CONNECT
 DATE  HOUR USERS USERS            IN         OUT       TOTAL         HOURS
 
 
 941209   1    55     8        187.27      253.35      367.50          4.13
 941209   2    15     4         46.00      137.25      143.78          1.77
 941209   3     1     1          1.30       52.75       54.05          0.13
 941209   4     2     1          1.22       62.02       63.23          0.37
 941209   5     1     1          0.28        2.77        3.05          0.03
 941209   6     1     1          0.40       57.25       57.65          0.13
 941209   7     0     0          0.00        0.00        0.00          0.00
 941209   8     0     0          0.00        0.00        0.00          0.00
 941209   9     0     0          0.00        0.00        0.00          0.00
 941209  10     0     0          0.00        0.00        0.00          0.00
 941209  11     0     0          0.00        0.00        0.00          0.00
 941209  12     5     3          7.38      223.75      231.13          0.43
 941209  13    33     6          9.93      301.70      308.83          2.88
 941209  14   102    11         60.72      532.32      540.82          6.70
 941209  15   125    13         34.52      584.67      605.32          8.73
 941209  16   119    14         80.65      613.08      637.90          9.67
 941209  17    98    14         97.35      434.83      532.18          9.65
 941209  18   108    16         58.12      671.32      680.63          8.15
 941209  19   105    12         92.12      404.53      410.73          8.25
 941209  20   116    13        111.02      438.37      458.22          9.37
 941209  21   142    16        124.63      505.05      542.78         10.88
 941209  22   159    15         96.17      486.40      526.55         10.23
 941209  23    92    13         64.17      455.57      485.45          6.28
 941209  24    69     9         86.72      377.30      433.15          4.03
1     MAXIMUM OF MAXIMUM SIMULTANEOUS USERS
 
 
                   MAX
            TOTAL  SIM                MAXIMUM CPS                   CONNECT
 DATE  HOUR USERS USERS            IN         OUT       TOTAL         HOURS
 
 941208  20   159    21        159.20      646.12      750.10         13.28
 
 
     MAXIMUM OF CONNECT HOURS
 
 
                   MAX
            TOTAL  SIM                MAXIMUM CPS                   CONNECT
 DATE  HOUR USERS USERS            IN         OUT       TOTAL         HOURS
 
 941208  22   226    21        145.37      716.62      737.40         15.08
1
  