1
 
                   MAX
            TOTAL  SIM                MAXIMUM CPS                   CONNECT
 DATE  HOUR USERS USERS            IN         OUT       TOTAL         HOURS
 
 
 940606   1     1     1          0.10        0.70        0.80          1.00
 940606   2     4     2          2.87        6.30        9.17          1.10
 940606   3     4     2          2.28       38.63       39.12          1.10
 940606   4     2     2          3.23        7.23       10.47          1.03
 940606   5     5     3         21.23      121.25      142.48          2.47
 940606   6     3     3          6.62       54.65       61.27          2.12
 940606   7     3     3          8.15       40.33       48.48          2.20
 940606   8     4     4          3.02       13.30       16.32          3.15
 940606   9     6     4          4.60       27.20       31.80          3.42
 940606  10     5     5         20.30      135.35      155.65          3.37
 940606  11     4     4          6.60       34.55       41.15          3.75
 940606  12     5     4          6.60       34.55       41.15          3.23
 940606  13     9     7         25.60      171.20      196.38          5.37
 940606  14    19    13         50.55      391.40      437.62          7.92
 940606  15    17    14         55.25      460.48      515.73         12.40
 940606  16    20    15         61.82      398.08      454.90         13.38
 940606  17    18    15         61.90      431.65      490.90         12.95
 940606  18    19    15         57.97      362.98      420.95         13.08
 940606  19    17    15         61.93      434.87      496.80         11.83
 940606  20    20    14         53.78      339.65      393.43         13.15
 940606  21    15    13         58.68      374.27      432.95         11.03
 940606  22    15    10         45.50      328.67      374.17          8.13
 940606  23     9     8         54.28      375.93      430.22          6.10
 940606  24    11     6         34.02      230.50      261.27          4.97
1
 
                   MAX
            TOTAL  SIM                MAXIMUM CPS                   CONNECT
 DATE  HOUR USERS USERS            IN         OUT       TOTAL         HOURS
 
 
 940607   1     6     6         40.70      241.72      282.42          4.28
 940607   2     6     5         27.90      215.73      243.63          3.67
 940607   3     9     6         40.72      237.45      278.17          3.85
 940607   4     2     2          1.10        4.53        5.63          2.00
 940607   5     4     3         14.98       93.47      108.45          2.10
 940607   6     4     2         14.98       93.47      108.45          1.43
 940607   7     4     3         15.18       62.82       78.00          1.90
 940607   8     7     5         17.65      103.32      120.97          2.55
 940607   9     8     5         17.65      104.30      120.97          3.47
 940607  10     4     4          8.92       34.18       43.10          3.03
 940607  11     6     4         24.60      112.58      131.85          3.30
 940607  12     6     4         19.27      112.58      131.85          2.88
 940607  13     5     4          7.23       47.60       54.83          3.85
 940607  14     9     8         26.98      186.92      213.90          5.13
 940607  15    14     8         28.65      186.92      213.90          5.98
 940607  16    11     9         28.70      164.38      193.08          7.20
 940607  17     9     8         30.23      173.22      203.45          6.75
 940607  18    11     8         39.25      200.60      239.85          7.37
 940607  19    13    10         46.10      281.98      328.08          8.48
 940607  20     7     7         19.25      110.73      129.98          5.18
 940607  21     9     7         32.35      195.90      228.25          5.82
 940607  22     9     7         45.93      250.40      296.33          5.23
 940607  23    10     7         52.70      355.98      408.68          4.13
 940607  24     9     6         31.93      221.32      253.25          3.80
1
 
                   MAX
            TOTAL  SIM                MAXIMUM CPS                   CONNECT
 DATE  HOUR USERS USERS            IN         OUT       TOTAL         HOURS
 
 
 940608   1    10     6         22.52      170.20      192.72          4.33
 940608   2     8     7         27.68      193.37      219.45          4.60
 940608   3     8     5         59.07      248.07      307.13          3.27
 940608   4     3     3         12.20       76.38       88.58          2.35
 940608   5     3     3         10.00       45.18       55.18          2.88
 940608   6     3     3         10.00       45.18       55.18          2.17
 940608   7     3     3         14.78       70.37       85.15          2.08
 940608   8     4     3          3.28       19.45       22.73          2.85
 940608   9     5     4         11.02      104.77      115.78          2.53
 940608  10     4     4         11.02      104.77      115.78          4.00
 940608  11     6     5         17.33      121.63      138.97          3.82
 940608  12    11     6         22.25      146.82      169.07          5.07
 940608  13     8     7         24.98      169.85      194.83          6.53
 940608  14    16    11         44.82      303.65      348.47          8.60
 940608  15    18    14         35.78      213.77      249.55         12.15
 940608  16    12    12         31.60      179.62      211.22         11.27
 940608  17    12    10         48.85      270.43      319.28          9.73
 940608  18    12    10         48.85      273.77      319.28          9.17
 940608  19    19    12         87.93      440.00      520.78         10.53
 940608  20    14    10         84.18      367.28      451.47          8.80
 940608  21    16    11         58.43      370.78      429.22          7.78
 940608  22     9     7         32.63      224.38      257.02          6.03
 940608  23    10     8         38.47      283.35      321.82          4.62
 940608  24     5     5         26.98      189.98      216.97          2.67
1
 
                   MAX
            TOTAL  SIM                MAXIMUM CPS                   CONNECT
 DATE  HOUR USERS USERS            IN         OUT       TOTAL         HOURS
 
 
 940609   1     2     2          9.97       64.97       74.93          1.17
 940609   2     4     3         19.98      186.73      206.72          1.87
 940609   3    11     6         47.40      291.88      339.28          3.83
 940609   4    12     8         55.28      413.43      468.72          5.15
 940609   5     5     4         21.97      220.82      242.78          3.37
 940609   6     3     3         13.12       78.22       91.33          3.00
 940609   7     4     3         13.12       78.22       91.33          2.50
 940609   8     5     4         15.75       99.28      115.03          3.07
 940609   9     6     4         14.62       93.47      108.08          3.27
 940609  10     6     5         12.25       94.77      107.02          4.25
 940609  11     9     6         24.03      132.53      156.57          4.07
 940609  12     7     5         32.93      110.62      143.55          3.58
 940609  13    10     8         27.63      170.93      198.57          5.45
 940609  14    11    11         50.83      343.02      393.85          8.57
 940609  15    12    10         45.22      273.67      318.88          8.43
 940609  16    12    10         45.22      273.67      318.88          8.42
 940609  17    14     9         44.30      280.60      323.62          7.72
 940609  18    13     9         41.72      280.60      322.32          6.08
 940609  19     8     8         23.17      153.25      176.42          6.10
 940609  20    12     9         22.30      145.47      167.77          7.43
 940609  21    14    11         38.17      224.53      262.70          9.83
 940609  22    11    10         25.57      185.57      211.13          5.98
 940609  23     4     4         22.53      155.50      178.03          3.03
 940609  24     4     4         22.53      155.50      178.03          3.33
1
 
                   MAX
            TOTAL  SIM                MAXIMUM CPS                   CONNECT
 DATE  HOUR USERS USERS            IN         OUT       TOTAL         HOURS
 
 
 940610   1     4     3          7.83       59.37       67.20          2.92
 940610   2     3     3          7.83       59.37       67.20          2.92
 940610   3     5     4         11.77       98.95      110.72          2.82
 940610   4     2     2          0.28        2.07        2.35          2.00
 940610   5     3     3         24.53       69.63       94.17          2.18
 940610   6     3     3          9.83       67.72       77.55          2.38
 940610   7     4     3          9.12       29.40       38.52          2.78
 940610   8     6     4         11.22       81.03       92.25          3.70
 940610   9     4     3         14.20       85.98      100.18          2.50
 940610  10     5     4         14.20       93.53      104.67          2.87
 940610  11     5     4         16.93       83.62      100.55          2.48
 940610  12     7     4         16.93       85.27      101.42          3.30
 940610  13     8     6         20.88      127.10      147.98          5.20
 940610  14    13    12         57.43      369.27      426.70          6.82
 940610  15    17    13         52.90      367.85      420.75          9.65
 940610  16    21    15         70.42      439.75      510.17         12.63
 940610  17    19    15         64.57      411.92      472.92         12.83
 940610  18    17    15         60.12      365.10      425.22         12.47
 940610  19    30    14         62.08      436.40      498.48         10.73
 940610  20    10     9         48.55      312.57      361.12          7.58
 940610  21    10     8         45.18      296.15      341.33          5.15
 940610  22     6     3         17.48       98.27      115.10          2.05
 940610  23     2     2         12.83       73.22       86.05          1.28
 940610  24     1     1          8.12       42.20       50.32          0.77
1     MAXIMUM OF MAXIMUM SIMULTANEOUS USERS
 
 
                   MAX
            TOTAL  SIM                MAXIMUM CPS                   CONNECT
 DATE  HOUR USERS USERS            IN         OUT       TOTAL         HOURS
 
 940606  16    20    15         61.82      398.08      454.90         13.38
 
 
     MAXIMUM OF CONNECT HOURS
 
 
                   MAX
            TOTAL  SIM                MAXIMUM CPS                   CONNECT
 DATE  HOUR USERS USERS            IN         OUT       TOTAL         HOURS
 
 940606  16    20    15         61.82      398.08      454.90         13.38
1
  