1
 
                   MAX
            TOTAL  SIM                MAXIMUM CPS                   CONNECT
 DATE  HOUR USERS USERS            IN         OUT       TOTAL         HOURS
 
 
 940606   1     0     0          0.00        0.00        0.00          0.00
 940606   2     0     0          0.00        0.00        0.00          0.00
 940606   3     0     0          0.00        0.00        0.00          0.00
 940606   4     0     0          0.00        0.00        0.00          0.00
 940606   5     0     0          0.00        0.00        0.00          0.00
 940606   6     0     0          0.00        0.00        0.00          0.00
 940606   7     0     0          0.00        0.00        0.00          0.00
 940606   8     0     0          0.00        0.00        0.00          0.00
 940606   9     0     0          0.00        0.00        0.00          0.00
 940606  10     0     0          0.00        0.00        0.00          0.00
 940606  11     0     0          0.00        0.00        0.00          0.00
 940606  12     0     0          0.00        0.00        0.00          0.00
 940606  13     0     0          0.00        0.00        0.00          0.00
 940606  14     0     0          0.00        0.00        0.00          0.00
 940606  15     0     0          0.00        0.00        0.00          0.00
 940606  16     0     0          0.00        0.00        0.00          0.00
 940606  17     0     0          0.00        0.00        0.00          0.00
 940606  18     0     0          0.00        0.00        0.00          0.00
 940606  19     0     0          0.00        0.00        0.00          0.00
 940606  20     0     0          0.00        0.00        0.00          0.00
 940606  21     0     0          0.00        0.00        0.00          0.00
 940606  22     0     0          0.00        0.00        0.00          0.00
 940606  23     0     0          0.00        0.00        0.00          0.00
 940606  24     0     0          0.00        0.00        0.00          0.00
1
 
                   MAX
            TOTAL  SIM                MAXIMUM CPS                   CONNECT
 DATE  HOUR USERS USERS            IN         OUT       TOTAL         HOURS
 
 
 940607   1     0     0          0.00        0.00        0.00          0.00
 940607   2     0     0          0.00        0.00        0.00          0.00
 940607   3     0     0          0.00        0.00        0.00          0.00
 940607   4     0     0          0.00        0.00        0.00          0.00
 940607   5     0     0          0.00        0.00        0.00          0.00
 940607   6     0     0          0.00        0.00        0.00          0.00
 940607   7     0     0          0.00        0.00        0.00          0.00
 940607   8     0     0          0.00        0.00        0.00          0.00
 940607   9     0     0          0.00        0.00        0.00          0.00
 940607  10     0     0          0.00        0.00        0.00          0.00
 940607  11     0     0          0.00        0.00        0.00          0.00
 940607  12     0     0          0.00        0.00        0.00          0.00
 940607  13     0     0          0.00        0.00        0.00          0.00
 940607  14     0     0          0.00        0.00        0.00          0.00
 940607  15     0     0          0.00        0.00        0.00          0.00
 940607  16     0     0          0.00        0.00        0.00          0.00
 940607  17     0     0          0.00        0.00        0.00          0.00
 940607  18     0     0          0.00        0.00        0.00          0.00
 940607  19     0     0          0.00        0.00        0.00          0.00
 940607  20     0     0          0.00        0.00        0.00          0.00
 940607  21     0     0          0.00        0.00        0.00          0.00
 940607  22     0     0          0.00        0.00        0.00          0.00
 940607  23     0     0          0.00        0.00        0.00          0.00
 940607  24     0     0          0.00        0.00        0.00          0.00
1
 
                   MAX
            TOTAL  SIM                MAXIMUM CPS                   CONNECT
 DATE  HOUR USERS USERS            IN         OUT       TOTAL         HOURS
 
 
 940608   1     0     0          0.00        0.00        0.00          0.00
 940608   2     0     0          0.00        0.00        0.00          0.00
 940608   3     0     0          0.00        0.00        0.00          0.00
 940608   4     0     0          0.00        0.00        0.00          0.00
 940608   5     0     0          0.00        0.00        0.00          0.00
 940608   6     0     0          0.00        0.00        0.00          0.00
 940608   7     0     0          0.00        0.00        0.00          0.00
 940608   8     0     0          0.00        0.00        0.00          0.00
 940608   9     0     0          0.00        0.00        0.00          0.00
 940608  10     0     0          0.00        0.00        0.00          0.00
 940608  11     0     0          0.00        0.00        0.00          0.00
 940608  12     0     0          0.00        0.00        0.00          0.00
 940608  13     0     0          0.00        0.00        0.00          0.00
 940608  14     0     0          0.00        0.00        0.00          0.00
 940608  15     0     0          0.00        0.00        0.00          0.00
 940608  16     0     0          0.00        0.00        0.00          0.00
 940608  17     0     0          0.00        0.00        0.00          0.00
 940608  18     0     0          0.00        0.00        0.00          0.00
 940608  19     0     0          0.00        0.00        0.00          0.00
 940608  20     0     0          0.00        0.00        0.00          0.00
 940608  21     0     0          0.00        0.00        0.00          0.00
 940608  22     0     0          0.00        0.00        0.00          0.00
 940608  23     0     0          0.00        0.00        0.00          0.00
 940608  24     0     0          0.00        0.00        0.00          0.00
1
 
                   MAX
            TOTAL  SIM                MAXIMUM CPS                   CONNECT
 DATE  HOUR USERS USERS            IN         OUT       TOTAL         HOURS
 
 
 940609   1     0     0          0.00        0.00        0.00          0.00
 940609   2     0     0          0.00        0.00        0.00          0.00
 940609   3     0     0          0.00        0.00        0.00          0.00
 940609   4     0     0          0.00        0.00        0.00          0.00
 940609   5     0     0          0.00        0.00        0.00          0.00
 940609   6     0     0          0.00        0.00        0.00          0.00
 940609   7     0     0          0.00        0.00        0.00          0.00
 940609   8     0     0          0.00        0.00        0.00          0.00
 940609   9     0     0          0.00        0.00        0.00          0.00
 940609  10     0     0          0.00        0.00        0.00          0.00
 940609  11     0     0          0.00        0.00        0.00          0.00
 940609  12     0     0          0.00        0.00        0.00          0.00
 940609  13     0     0          0.00        0.00        0.00          0.00
 940609  14     0     0          0.00        0.00        0.00          0.00
 940609  15     0     0          0.00        0.00        0.00          0.00
 940609  16     0     0          0.00        0.00        0.00          0.00
 940609  17     0     0          0.00        0.00        0.00          0.00
 940609  18     0     0          0.00        0.00        0.00          0.00
 940609  19     0     0          0.00        0.00        0.00          0.00
 940609  20     0     0          0.00        0.00        0.00          0.00
 940609  21     0     0          0.00        0.00        0.00          0.00
 940609  22     0     0          0.00        0.00        0.00          0.00
 940609  23     0     0          0.00        0.00        0.00          0.00
 940609  24     0     0          0.00        0.00        0.00          0.00
1
 
                   MAX
            TOTAL  SIM                MAXIMUM CPS                   CONNECT
 DATE  HOUR USERS USERS            IN         OUT       TOTAL         HOURS
 
 
 940610   1     0     0          0.00        0.00        0.00          0.00
 940610   2     0     0          0.00        0.00        0.00          0.00
 940610   3     0     0          0.00        0.00        0.00          0.00
 940610   4     0     0          0.00        0.00        0.00          0.00
 940610   5     0     0          0.00        0.00        0.00          0.00
 940610   6     0     0          0.00        0.00        0.00          0.00
 940610   7     0     0          0.00        0.00        0.00          0.00
 940610   8     0     0          0.00        0.00        0.00          0.00
 940610   9     0     0          0.00        0.00        0.00          0.00
 940610  10     0     0          0.00        0.00        0.00          0.00
 940610  11     0     0          0.00        0.00        0.00          0.00
 940610  12     0     0          0.00        0.00        0.00          0.00
 940610  13     0     0          0.00        0.00        0.00          0.00
 940610  14     0     0          0.00        0.00        0.00          0.00
 940610  15     0     0          0.00        0.00        0.00          0.00
 940610  16     0     0          0.00        0.00        0.00          0.00
 940610  17     0     0          0.00        0.00        0.00          0.00
 940610  18     0     0          0.00        0.00        0.00          0.00
 940610  19     0     0          0.00        0.00        0.00          0.00
 940610  20     0     0          0.00        0.00        0.00          0.00
 940610  21     0     0          0.00        0.00        0.00          0.00
 940610  22     0     0          0.00        0.00        0.00          0.00
 940610  23     0     0          0.00        0.00        0.00          0.00
 940610  24     0     0          0.00        0.00        0.00          0.00
1     MAXIMUM OF MAXIMUM SIMULTANEOUS USERS
 
 
                   MAX
            TOTAL  SIM                MAXIMUM CPS                   CONNECT
 DATE  HOUR USERS USERS            IN         OUT       TOTAL         HOURS
 
      0   0     0     0          0.00        0.00        0.00          0.00
 
 
     MAXIMUM OF CONNECT HOURS
 
 
                   MAX
            TOTAL  SIM                MAXIMUM CPS                   CONNECT
 DATE  HOUR USERS USERS            IN         OUT       TOTAL         HOURS
 
      0   0     0     0          0.00        0.00        0.00          0.00
1
  