1
 
                   MAX
            TOTAL  SIM                MAXIMUM CPS                   CONNECT
 DATE  HOUR USERS USERS            IN         OUT       TOTAL         HOURS
 
 
 940718   1     0     0          0.00        0.00        0.00          0.00
 940718   2     0     0          0.00        0.00        0.00          0.00
 940718   3     0     0          0.00        0.00        0.00          0.00
 940718   4     3     2          0.58       34.93       35.52          0.52
 940718   5     2     2          0.58       34.93       35.52          0.37
 940718   6     0     0          0.00        0.00        0.00          0.00
 940718   7     0     0          0.00        0.00        0.00          0.00
 940718   8     0     0          0.00        0.00        0.00          0.00
 940718   9     0     0          0.00        0.00        0.00          0.00
 940718  10     1     1          4.42       92.55       96.97          0.08
 940718  11     3     2          4.42      154.70      155.53          0.23
 940718  12    44     8         59.23      623.15      682.38          2.87
 940718  13   103    16         49.38     1124.53     1132.83         10.47
 940718  14   128    16         33.80      880.03      895.77         11.85
 940718  15   142    18         63.88      934.32      947.15         12.65
 940718  16   154    18         96.27      876.33      883.13         13.50
 940718  17   125    15         77.83      644.70      650.28          8.80
 940718  18   117    18         74.50      679.58      691.03         11.00
 940718  19   130    20         90.50      767.37      847.40         12.78
 940718  20   163    20        131.85      749.40      757.53         14.05
 940718  21   177    18        117.10      625.32      660.52         12.23
 940718  22   157    16         93.17      612.98      692.75         10.10
 940718  23    90    12         81.67      508.58      525.60          6.73
 940718  24    58    10         62.28      328.97      335.40          3.98
1
 
                   MAX
            TOTAL  SIM                MAXIMUM CPS                   CONNECT
 DATE  HOUR USERS USERS            IN         OUT       TOTAL         HOURS
 
 
 940719   1    26     4         76.33      323.85      327.23          1.42
 940719   2     4     2          1.43      100.67      102.10          0.23
 940719   3     3     3          3.25       59.53       62.78          0.73
 940719   4     4     2          1.57       54.73       55.15          0.53
 940719   5     3     2          0.42       54.73       55.15          0.52
 940719   6     0     0          0.00        0.00        0.00          0.00
 940719   7     0     0          0.00        0.00        0.00          0.00
 940719   8     2     1          1.48       38.68       38.98          0.10
 940719   9     0     0          0.00        0.00        0.00          0.00
 940719  10     0     0          0.00        0.00        0.00          0.00
 940719  11     3     1         32.07       66.35       90.43          0.15
 940719  12    23     5          6.43      308.85      311.82          1.25
 940719  13    78    13         44.67      806.50      851.17          5.05
 940719  14   112    16         35.07      832.12      860.97          9.30
 940719  15   126    15         66.10      662.95      690.67         11.02
 940719  16   157    19         88.18      707.58      718.68         12.52
 940719  17   120    12         82.47      559.60      567.85          8.47
 940719  18   125    13        211.25      653.75      852.30          9.58
 940719  19   135    15        205.08      656.02      861.10         10.30
 940719  20   174    20         71.75      680.32      723.60         13.80
 940719  21   187    18         82.57      605.82      631.73         11.35
 940719  22   117    14        116.58      481.10      572.47          9.98
 940719  23    77    10         55.62      346.00      367.05          6.10
 940719  24    34     5         58.92      231.85      234.77          2.38
1
 
                   MAX
            TOTAL  SIM                MAXIMUM CPS                   CONNECT
 DATE  HOUR USERS USERS            IN         OUT       TOTAL         HOURS
 
 
 940720   1    19     5         68.95      271.27      272.58          2.65
 940720   2     4     1          4.58        9.83       14.42          0.10
 940720   3     0     0          0.00        0.00        0.00          0.00
 940720   4     0     0          0.00        0.00        0.00          0.00
 940720   5     0     0          0.00        0.00        0.00          0.00
 940720   6     0     0          0.00        0.00        0.00          0.00
 940720   7     0     0          0.00        0.00        0.00          0.00
 940720   8     0     0          0.00        0.00        0.00          0.00
 940720   9     0     0          0.00        0.00        0.00          0.00
 940720  10     0     0          0.00        0.00        0.00          0.00
 940720  11     3     2         51.18       93.83       98.78          0.12
 940720  12    28     4          7.37      258.13      265.50          1.38
 940720  13    80     9         31.70      498.42      521.90          4.95
 940720  14   101    11         38.10      591.07      597.52          6.25
 940720  15   133    14        104.15      712.22      770.90          9.73
 940720  16   127    13         67.80      463.30      470.18          8.63
 940720  17   117    15         88.15      551.08      593.93          9.32
 940720  18   125    15         60.33      606.17      657.90          9.17
 940720  19   143    14         87.83      567.95      617.12         10.72
 940720  20   194    18        109.88      517.28      578.70         11.08
 940720  21   180    17        120.62      611.80      642.35         11.12
 940720  22   143    15         82.00      538.50      570.12          9.15
 940720  23   112    12         95.55      332.98      351.40          6.77
 940720  24    50     7         46.83      304.80      326.98          3.67
1
 
                   MAX
            TOTAL  SIM                MAXIMUM CPS                   CONNECT
 DATE  HOUR USERS USERS            IN         OUT       TOTAL         HOURS
 
 
 940721   1    25     5         49.82      162.42      165.85          1.12
 940721   2     4     2          2.52      103.75      105.08          1.20
 940721   3     1     1          1.00       76.98       77.98          0.50
 940721   4     1     1          0.80       48.33       49.13          0.20
 940721   5     1     1          0.03        3.42        3.45          0.02
 940721   6     0     0          0.00        0.00        0.00          0.00
 940721   7     2     1          0.22       15.17       15.28          0.18
 940721   8     1     1          0.22       13.08       13.30          0.02
 940721   9     0     0          0.00        0.00        0.00          0.00
 940721  10     3     1          0.95       51.88       52.17          0.37
 940721  11     4     1         19.27       99.93      100.57          0.13
 940721  12    24     5         13.23      198.82      212.05          1.58
 940721  13   102     9         46.73      408.42      422.60          5.10
 940721  14   115    12         61.93      569.12      589.57          7.63
 940721  15   122    16         47.15      876.30      895.17          8.58
 940721  16   135    14         64.93      556.40      577.03          9.83
 940721  17   113    13         78.50      501.43      528.23          8.00
 940721  18   120    13         72.43      377.87      429.05          7.03
 940721  19   147    17         91.38      627.25      656.23          9.08
 940721  20   204    20        134.58      693.62      725.45         12.28
 940721  21   175    19        150.50      541.55      619.98         10.50
 940721  22   149    12         96.58      480.82      499.32          8.05
 940721  23   104    10         83.35      356.83      366.38          5.80
 940721  24    54    10         84.15      331.62      366.00          3.02
1
 
                   MAX
            TOTAL  SIM                MAXIMUM CPS                   CONNECT
 DATE  HOUR USERS USERS            IN         OUT       TOTAL         HOURS
 
 
 940722   1    11     4         64.28      205.22      238.25          0.93
 940722   2     7     2          3.03       57.42       60.45          0.35
 940722   3     1     1          1.15       29.87       31.02          0.93
 940722   4     2     1          1.15       40.53       41.03          0.97
 940722   5     1     1          0.50       40.53       41.03          0.48
 940722   6     0     0          0.00        0.00        0.00          0.00
 940722   7     0     0          0.00        0.00        0.00          0.00
 940722   8     0     0          0.00        0.00        0.00          0.00
 940722   9     0     0          0.00        0.00        0.00          0.00
 940722  10     0     0          0.00        0.00        0.00          0.00
 940722  11     4     1         34.12      112.95      114.78          0.10
 940722  12    29     5         30.40      350.17      356.95          1.02
 940722  13    86     9         66.88      429.98      441.88          4.80
 940722  14   109    13         16.75      673.40      684.28          7.50
 940722  15   113    13         76.52      628.37      635.12          7.95
 940722  16   134    13         75.33      607.45      662.83          8.83
 940722  17   114    13        116.40      490.60      532.30          8.35
 940722  18   110    11         44.52      529.43      536.67          7.20
 940722  19   121    15        108.68      490.75      531.62          9.02
 940722  20   185    16        110.40      523.43      540.17         10.72
 940722  21   196    16        126.28      565.60      642.02         10.43
 940722  22   111    11         86.37      415.82      429.63          6.13
 940722  23    95     8         87.77      293.07      359.02          5.03
 940722  24    53     6         77.37      258.22      261.70          3.18
1     MAXIMUM OF MAXIMUM SIMULTANEOUS USERS
 
 
                   MAX
            TOTAL  SIM                MAXIMUM CPS                   CONNECT
 DATE  HOUR USERS USERS            IN         OUT       TOTAL         HOURS
 
 940718  19   130    20         90.50      767.37      847.40         12.78
 
 
     MAXIMUM OF CONNECT HOURS
 
 
                   MAX
            TOTAL  SIM                MAXIMUM CPS                   CONNECT
 DATE  HOUR USERS USERS            IN         OUT       TOTAL         HOURS
 
 940718  20   163    20        131.85      749.40      757.53         14.05
1
  