-TYPE NIS452.629

- 
- 
- 
- 
- 
- 
-TYPE NIS4271.629

- 
- 
- 
- 
- 
- 
-TYPE NIS315.629

- 
- 
- 
- 
- 
- 
-TYPE NIS13125.629

- 
- 
- 
- 
- 
- 
-TYPE NIS722.629

- 
- 
- 
- 
- 
- 
-TYPE NIS14682.629

- 
- 
- 
- 
- 
- 
-TYPE NIS14723.629

CAN NOT FIND FILE - NIS147.629

- 
- 
- 
- 
- 
- 
-TYPE NIS758.629

-SEND LASALES
Type letter:
; PCOM v1.63 - processed: (LASALES)024PCO.LOG = (LASALES)TLSOUT
; Options: DETACH  LOG NOAPPEND SUPERSEDE LICENSE 
; Limits: TIME:60 TRULIMIT:0 
; Status: completed.
; Output recorded in file (LASALES)024PCO.LOG.

End of SAIL execution
-LOGOUT
15.53 tru
terminal time: 0:00:45
