- 
-R (MSS)TOOLS2



























                       THIS IS A NEW VERSION OF TOOLS2!!
                                  APRIL, 1990
                           (UPDATED NOVEMBER, 1991)

                      PLEASE READ FILE: (MSS)TOOLS2.INF
                         BEFORE USING THIS VERION FOR
                               THE FIRST TIME.

                   YOU MAY PROCESS ONLY   5 DAYS AT ONE TIME
                                WITH THIS VERSION.

                   TOOLS2 IS NO LONGER SUPPORTED BY NETWORK ANALYSIS!

                   PLEASE CONTACT SALES SUPPORT IF YOU HAVE ANY 
                                PROBLEMS OR QUESTIONS

                   TERMINAL TYPE (425/444/0) =>  

                                                           INTRODUCTION

                         TRAFFIC STATISTICS PROGRAM

          THIS PROGRAM CALCULATES VARIOUS TRAFFIC STATISTICS, USING
                    THE DAILY NETSTAT 1022 DATABASE FILES.

          THE REPORTS PRODUCED ARE:

               1) BANDWIDTH REPORT - CALCULATES THE
                     REQUIRED BANDWIDTH TO SUPPORT
                     EXISTING TRAFFIC;

               2) STATISTICS REPORT - CALCULATES TRAFFIC
                     STATISTICS (KBPS, CONNECT HOURS,
                     NUMBER OF USERS;



              ***** TYPE <RET> TO CONTINUE ***** 

                                                           REPORTS 1/2/3



         ***** PLEASE INPUT DATES IN THE FORMAT YMMDD. *****



                        BEGINNING DATE:  20629


                           ENDING DATE:  20703


          *****  TYPE OF REPORT  *****

               1) BANDWIDTH
               2) STATISTICS


          => 2

                                                           REPORT 2

          ***** RECORDS SELECTED BY *****

               1) NODE
               2) HOST


          => 2



          ***** NODE/HOST TYPE *****

               1) ORIGINATING
               2) TERMINATING
               3) BOTH


          => 2



          INPUT FILENAME (ALL CAPS) => NIS452.H1

         OUTPUT FILENAME (ALL CAPS) => NIS452.629











                   PROCESSING DATA FOR REPORT 2


EXIT

-del *.tmp,*.bak,*.dmv

NO FILES SATISFYING REQUEST

-un/p

?There are no deleted files matching request

-R (MSS)TOOLS2



























                       THIS IS A NEW VERSION OF TOOLS2!!
                                  APRIL, 1990
                           (UPDATED NOVEMBER, 1991)

                      PLEASE READ FILE: (MSS)TOOLS2.INF
                         BEFORE USING THIS VERION FOR
                               THE FIRST TIME.

                   YOU MAY PROCESS ONLY   5 DAYS AT ONE TIME
                                WITH THIS VERSION.

                   TOOLS2 IS NO LONGER SUPPORTED BY NETWORK ANALYSIS!

                   PLEASE CONTACT SALES SUPPORT IF YOU HAVE ANY 
                                PROBLEMS OR QUESTIONS

                   TERMINAL TYPE (425/444/0) =>  

                                                           INTRODUCTION

                         TRAFFIC STATISTICS PROGRAM

          THIS PROGRAM CALCULATES VARIOUS TRAFFIC STATISTICS, USING
                    THE DAILY NETSTAT 1022 DATABASE FILES.

          THE REPORTS PRODUCED ARE:

               1) BANDWIDTH REPORT - CALCULATES THE
                     REQUIRED BANDWIDTH TO SUPPORT
                     EXISTING TRAFFIC;

               2) STATISTICS REPORT - CALCULATES TRAFFIC
                     STATISTICS (KBPS, CONNECT HOURS,
                     NUMBER OF USERS;



              ***** TYPE <RET> TO CONTINUE ***** 

                                                           REPORTS 1/2/3



         ***** PLEASE INPUT DATES IN THE FORMAT YMMDD. *****



                        BEGINNING DATE:  20629


                           ENDING DATE:  20703


          *****  TYPE OF REPORT  *****

               1) BANDWIDTH
               2) STATISTICS


          => 2

                                                           REPORT 2

          ***** RECORDS SELECTED BY *****

               1) NODE
               2) HOST


          => 2



          ***** NODE/HOST TYPE *****

               1) ORIGINATING
               2) TERMINATING
               3) BOTH


          => 2



          INPUT FILENAME (ALL CAPS) => NIS4271.H2 

         OUTPUT FILENAME (ALL CAPS) => NIS4271.629











                   PROCESSING DATA FOR REPORT 2


EXIT

-del *.tmp,*.bak,*.dmv

NO FILES SATISFYING REQUEST

-un/p

?There are no deleted files matching request

-R (MSS)TOOLS2



























                       THIS IS A NEW VERSION OF TOOLS2!!
                                  APRIL, 1990
                           (UPDATED NOVEMBER, 1991)

                      PLEASE READ FILE: (MSS)TOOLS2.INF
                         BEFORE USING THIS VERION FOR
                               THE FIRST TIME.

                   YOU MAY PROCESS ONLY   5 DAYS AT ONE TIME
                                WITH THIS VERSION.

                   TOOLS2 IS NO LONGER SUPPORTED BY NETWORK ANALYSIS!

                   PLEASE CONTACT SALES SUPPORT IF YOU HAVE ANY 
                                PROBLEMS OR QUESTIONS

                   TERMINAL TYPE (425/444/0) =>  

                                                           INTRODUCTION

                         TRAFFIC STATISTICS PROGRAM

          THIS PROGRAM CALCULATES VARIOUS TRAFFIC STATISTICS, USING
                    THE DAILY NETSTAT 1022 DATABASE FILES.

          THE REPORTS PRODUCED ARE:

               1) BANDWIDTH REPORT - CALCULATES THE
                     REQUIRED BANDWIDTH TO SUPPORT
                     EXISTING TRAFFIC;

               2) STATISTICS REPORT - CALCULATES TRAFFIC
                     STATISTICS (KBPS, CONNECT HOURS,
                     NUMBER OF USERS;



              ***** TYPE <RET> TO CONTINUE ***** 

                                                           REPORTS 1/2/3



         ***** PLEASE INPUT DATES IN THE FORMAT YMMDD. *****



                        BEGINNING DATE:  20629


                           ENDING DATE:  20703


          *****  TYPE OF REPORT  *****

               1) BANDWIDTH
               2) STATISTICS


          => 2

                                                           REPORT 2

          ***** RECORDS SELECTED BY *****

               1) NODE
               2) HOST


          => 2



          ***** NODE/HOST TYPE *****

               1) ORIGINATING
               2) TERMINATING
               3) BOTH


          => 2



          INPUT FILENAME (ALL CAPS) => NIS315.H3

         OUTPUT FILENAME (ALL CAPS) => NIS315.629











                   PROCESSING DATA FOR REPORT 2


EXIT

-del *.tmp,*.bak,*.dmv

NO FILES SATISFYING REQUEST

-un/p

?There are no deleted files matching request

-R (MSS)TOOLS2



























                       THIS IS A NEW VERSION OF TOOLS2!!
                                  APRIL, 1990
                           (UPDATED NOVEMBER, 1991)

                      PLEASE READ FILE: (MSS)TOOLS2.INF
                         BEFORE USING THIS VERION FOR
                               THE FIRST TIME.

                   YOU MAY PROCESS ONLY   5 DAYS AT ONE TIME
                                WITH THIS VERSION.

                   TOOLS2 IS NO LONGER SUPPORTED BY NETWORK ANALYSIS!

                   PLEASE CONTACT SALES SUPPORT IF YOU HAVE ANY 
                                PROBLEMS OR QUESTIONS

                   TERMINAL TYPE (425/444/0) =>  

                                                           INTRODUCTION

                         TRAFFIC STATISTICS PROGRAM

          THIS PROGRAM CALCULATES VARIOUS TRAFFIC STATISTICS, USING
                    THE DAILY NETSTAT 1022 DATABASE FILES.

          THE REPORTS PRODUCED ARE:

               1) BANDWIDTH REPORT - CALCULATES THE
                     REQUIRED BANDWIDTH TO SUPPORT
                     EXISTING TRAFFIC;

               2) STATISTICS REPORT - CALCULATES TRAFFIC
                     STATISTICS (KBPS, CONNECT HOURS,
                     NUMBER OF USERS;



              ***** TYPE <RET> TO CONTINUE ***** 

                                                           REPORTS 1/2/3



         ***** PLEASE INPUT DATES IN THE FORMAT YMMDD. *****



                        BEGINNING DATE:  20629


                           ENDING DATE:  20703


          *****  TYPE OF REPORT  *****

               1) BANDWIDTH
               2) STATISTICS


          => 2

                                                           REPORT 2

          ***** RECORDS SELECTED BY *****

               1) NODE
               2) HOST


          => 2



          ***** NODE/HOST TYPE *****

               1) ORIGINATING
               2) TERMINATING
               3) BOTH


          => 2



          INPUT FILENAME (ALL CAPS) => NIS13125.H4

         OUTPUT FILENAME (ALL CAPS) => NIS13125.629











                   PROCESSING DATA FOR REPORT 2


EXIT

-del *.tmp,*.bak,*.dmv

NO FILES SATISFYING REQUEST

-un/p

?There are no deleted files matching request

-R (MSS)TOOLS2



























                       THIS IS A NEW VERSION OF TOOLS2!!
                                  APRIL, 1990
                           (UPDATED NOVEMBER, 1991)

                      PLEASE READ FILE: (MSS)TOOLS2.INF
                         BEFORE USING THIS VERION FOR
                               THE FIRST TIME.

                   YOU MAY PROCESS ONLY   5 DAYS AT ONE TIME
                                WITH THIS VERSION.

                   TOOLS2 IS NO LONGER SUPPORTED BY NETWORK ANALYSIS!

                   PLEASE CONTACT SALES SUPPORT IF YOU HAVE ANY 
                                PROBLEMS OR QUESTIONS

                   TERMINAL TYPE (425/444/0) =>  

                                                           INTRODUCTION

                         TRAFFIC STATISTICS PROGRAM

          THIS PROGRAM CALCULATES VARIOUS TRAFFIC STATISTICS, USING
                    THE DAILY NETSTAT 1022 DATABASE FILES.

          THE REPORTS PRODUCED ARE:

               1) BANDWIDTH REPORT - CALCULATES THE
                     REQUIRED BANDWIDTH TO SUPPORT
                     EXISTING TRAFFIC;

               2) STATISTICS REPORT - CALCULATES TRAFFIC
                     STATISTICS (KBPS, CONNECT HOURS
EXIT

-SEND LASALES
 