- 
-TYPE NIS452.612
1
 
                   MAX
            TOTAL  SIM                MAXIMUM CPS                   CONNECT
 DATE  HOUR USERS USERS            IN         OUT       TOTAL         HOURS
 
 
 920608   1     6     2         11.00       10.48       21.48          0.13
 920608   2     8     4         18.07       64.32       82.38          0.17
 920608   3     6     4         91.07       91.97      183.03          0.33
 920608   4     2     2          4.95       10.18       15.13          0.03
 920608   5     0     0          0.00        0.00        0.00          0.00
 920608   6     0     0          0.00        0.00        0.00          0.00
 920608   7     0     0          0.00        0.00        0.00          0.00
 920608   8     0     0          0.00        0.00        0.00          0.00
 920608   9     4     4          1.77        4.52        6.28          0.30
 920608  10    32     8        161.70      157.90      319.60          2.13
 920608  11    50     8        137.32      138.23      275.55          2.50
 920608  12    71    14        353.95      359.58      713.53          6.22
 920608  13   121    24        533.62      496.28     1025.53         14.08
 920608  14   154    20        403.90      413.63      806.68         14.83
 920608  15   212    28        384.92      471.52      791.18         20.53
 920608  16   286    30        386.57      490.02      847.03         23.43
 920608  17   192    28        190.45      323.77      467.32         18.52
 920608  18   196    26        195.83      347.60      468.87         16.42
 920608  19   266    28        335.92      427.37      590.30         19.50
 920608  20   284    32        280.87      355.37      611.45         21.27
 920608  21   282    32        414.67      374.15      761.08         22.50
 920608  22   258    30        231.20      363.32      594.52         18.93
 920608  23   136    20        181.22      239.72      376.43         12.33
 920608  24    96    18        212.03      178.88      390.92          6.77
1
 
                   MAX
            TOTAL  SIM                MAXIMUM CPS                   CONNECT
 DATE  HOUR USERS USERS            IN         OUT       TOTAL         HOURS
 
 
 920609   1    60    12        206.00      100.68      237.92          4.47
 920609   2    42    10        193.42      136.87      235.32          2.93
 920609   3     6     2         15.75       10.48       26.23          0.53
 920609   4     6     2         11.12       15.85       26.97          0.10
 920609   5     2     2         58.02       47.78      105.80          0.07
 920609   6     2     2         47.90       49.43       97.33          0.07
 920609   7     4     2          1.95        5.40        7.35          0.20
 920609   8     0     0          0.00        0.00        0.00          0.00
 920609   9     6     2        110.52      105.72      216.23          0.37
 920609  10    36    12        408.48      392.83      801.32          4.33
 920609  11    66    16        566.18      551.28     1117.47          6.90
 920609  12    68    16        547.48      512.67     1060.15          8.70
 920609  13   160    30        744.40      744.63     1469.13         17.63
 920609  14   181    24        357.95      435.20      745.25         16.93
 920609  15   202    30        329.87      429.13      736.17         21.87
 920609  16   236    26        303.93      419.33      681.38         20.05
 920609  17   196    24        196.27      299.52      477.88         17.73
 920609  18   196    24        174.72      235.10      369.02         16.67
 920609  19   284    34        279.40      389.38      597.55         21.03
 920609  20   222    28        244.17      336.38      485.37         17.97
 920609  21   228    24        287.63      286.08      562.35         17.18
 920609  22   238    28        274.13      311.33      551.23         15.13
 920609  23   132    18        274.13      178.78      452.92          9.30
 920609  24   118    14        106.02       95.68      184.97          7.00
1
 
                   MAX
            TOTAL  SIM                MAXIMUM CPS                   CONNECT
 DATE  HOUR USERS USERS            IN         OUT       TOTAL         HOURS
 
 
 920610   1    67    11        153.75       75.57      190.42          3.70
 920610   2    40     8        119.38       66.33      155.67          2.37
 920610   3    10     4        154.67       58.25      212.92          0.50
 920610   4     6     4         10.13       10.48       20.62          0.23
 920610   5     0     0          0.00        0.00        0.00          0.00
 920610   6     0     0          0.00        0.00        0.00          0.00
 920610   7     4     4          3.25       10.45       13.70          0.27
 920610   8     4     2          1.95        5.40        7.35          0.13
 920610   9     6     2         81.95       83.77      163.40          0.33
 920610  10    30    14        421.72      416.73      838.45          5.58
 920610  11    54    18        635.58      612.28     1247.87          8.93
 920610  12    66    16        549.38      533.22     1082.60         10.63
 920610  13   140    30        741.92      773.17     1515.08         20.53
 920610  14   190    28        578.98      627.00     1177.58         19.97
 920610  15   210    26        301.67      449.30      750.97         19.73
 920610  16   202    28        328.40      473.87      801.53         20.12
 920610  17   180    24        363.23      435.68      757.60         17.60
 920610  18   200    24        146.63      301.72      393.20         16.73
 920610  19   282    28        258.05      340.50      574.52         20.33
 920610  20   224    26        257.08      395.77      616.03         18.33
 920610  21   260    24        308.77      306.97      571.57         17.10
 920610  22   186    22        302.92      278.90      581.43         13.83
 920610  23   172    16        174.42      182.55      310.62         10.50
 920610  24   126    16        157.08      199.55      324.33          8.53
1
 
                   MAX
            TOTAL  SIM                MAXIMUM CPS                   CONNECT
 DATE  HOUR USERS USERS            IN         OUT       TOTAL         HOURS
 
 
 920611   1    58    10        115.43      151.93      192.35          4.37
 920611   2    44     8        155.62       83.40      216.78          2.50
 920611   3    12     4         76.57       20.37       82.52          0.63
 920611   4     2     2          5.88        4.93       10.82          0.10
 920611   5     4     2         69.87       67.15      137.02          0.27
 920611   6     2     2         92.70       92.43      185.13          0.13
 920611   7     0     0          0.00        0.00        0.00          0.00
 920611   8     2     2         74.78       79.20      153.98          0.03
 920611   9     8     2         14.85       15.07       29.92          0.80
 920611  10    38    16        513.08      478.25      991.33          5.43
 920611  11    56    14        510.07      496.22     1006.28          8.33
 920611  12    78    16        504.73      475.35      980.08          9.43
 920611  13   126    30        822.10      726.18     1548.28         20.20
 920611  14   192    28        722.25      737.38     1459.63         20.00
 920611  15   144    26        254.47      331.68      586.15         17.97
 920611  16   184    24        365.82      396.50      717.57         18.13
 920611  17   216    28        287.98      372.68      660.67         19.93
 920611  18   226    22        293.88      323.50      617.38         16.17
 920611  19   250    36        238.05      404.82      642.87         20.17
 920611  20   266    28        234.13      269.22      468.93         18.60
 920611  21   200    26        349.38      272.97      527.90         17.13
 920611  22   242    24        299.67      223.12      500.97         14.23
 920611  23   158    24        293.23      227.27      492.78         10.17
 920611  24   106    16        189.87      195.55      385.42          6.47
1
 
                   MAX
            TOTAL  SIM                MAXIMUM CPS                   CONNECT
 DATE  HOUR USERS USERS            IN         OUT       TOTAL         HOURS
 
 
 920612   1    58    10        129.13      142.93      189.25          4.27
 920612   2    28     8         73.75       42.83      100.22          1.67
 920612   3    12     4        139.98      106.27      157.00          0.83
 920612   4     4     2         64.90       10.77       75.67          0.13
 920612   5     2     2          4.95       10.18       15.13          0.07
 920612   6     4     2         83.90       75.88      159.78          0.20
 920612   7     2     2          1.95        5.40        7.35          0.10
 920612   8     6     2          1.95        5.40        7.35          0.27
 920612   9    10     4        221.12      190.48      411.60          0.53
 920612  10    32    14        512.67      491.08     1003.75          4.13
 920612  11    68    18        596.88      571.78     1168.67          8.83
 920612  12    50    14        465.80      447.10      912.90          7.30
 920612  13   136    34        909.33      893.58     1802.92         22.97
 920612  14   140    24        405.82      489.85      893.27         16.80
 920612  15   176    28        326.00      460.32      767.62         19.63
 920612  16   180    26        340.07      449.10      710.97         17.60
 920612  17   162    20        206.42      255.38      430.20         14.83
 920612  18   156    22        298.57      331.02      585.50         14.50
 920612  19   214    26        185.88      281.33      439.93         16.80
 920612  20   204    26        230.98      253.40      484.38         14.83
 920612  21   198    26        313.82      362.62      657.00         13.97
 920612  22   210    20        312.30      303.15      599.60         13.13
 920612  23   120    18        381.75      270.27      652.02          8.60
 920612  24    88    14        261.27      234.50      431.93          6.30
1     MAXIMUM OF MAXIMUM SIMULTANEOUS USERS
 
 
                   MAX
            TOTAL  SIM                MAXIMUM CPS                   CONNECT
 DATE  HOUR USERS USERS            IN         OUT       TOTAL         HOURS
 
 920611  19   250    36        238.05      404.82      642.87         20.17
 
 
     MAXIMUM OF CONNECT HOURS
 
 
                   MAX
            TOTAL  SIM                MAXIMUM CPS                   CONNECT
 DATE  HOUR USERS USERS            IN         OUT       TOTAL         HOURS
 
 920608  16   286    30        386.57      490.02      847.03         23.43
1

- 
- 
- 
- 
-TYPE NIS4271.612
1
 
                   MAX
            TOTAL  SIM                MAXIMUM CPS                   CONNECT
 DATE  HOUR USERS USERS            IN         OUT       TOTAL         HOURS
 
 
 920608   1    10     4         12.85       23.77       32.85          0.20
 920608   2     8     4         66.20       71.92      138.12          0.40
 920608   3     0     0          0.00        0.00        0.00          0.00
 920608   4     0     0          0.00        0.00        0.00          0.00
 920608   5     2     2          4.85       10.18       15.03          0.07
 920608   6     0     0          0.00        0.00        0.00          0.00
 920608   7     2     2          1.27        3.23        4.50          0.10
 920608   8     6     4          2.53        6.47        9.00          0.33
 920608   9     8     2          5.25       10.18       15.43          0.37
 920608  10    28     4         23.18       32.90       56.08          0.70
 920608  11    44    12        321.95      336.68      658.63          2.57
 920608  12    59    16        522.98      600.28     1123.27          7.15
 920608  13   134    20        424.12      427.97      831.45         13.60
 920608  14   138    20        441.13      483.03      924.17         15.57
 920608  15   184    28        276.05      408.97      667.27         19.37
 920608  16   220    32        294.02      443.32      701.12         21.00
 920608  17   180    24        342.88      393.50      736.38         18.10
 920608  18   252    26        277.55      355.93      605.57         17.80
 920608  19   252    30        288.12      382.27      670.38         18.83
 920608  20   232    28        249.52      299.77      412.28         19.03
 920608  21   272    32       2510.63      519.40     3029.42         22.00
 920608  22   196    28        300.50      325.35      604.70         18.60
 920608  23   116    22        152.03      208.25      276.63         11.80
 920608  24    92    16        261.92      166.38      348.63          7.47
1
 
                   MAX
            TOTAL  SIM                MAXIMUM CPS                   CONNECT
 DATE  HOUR USERS USERS            IN         OUT       TOTAL         HOURS
 
 
 920609   1    58    10         99.87      113.10      193.18          4.00
 920609   2    28     8         77.50       56.35      124.88          1.70
 920609   3     4     2          4.95       10.18       15.13          0.10
 920609   4     6     2          4.95       10.18       15.03          0.27
 920609   5     0     0          0.00        0.00        0.00          0.00
 920609   6     0     0          0.00        0.00        0.00          0.00
 920609   7     2     2          1.95        5.40        7.35          0.10
 920609   8     6     2         90.23       88.98      179.22          0.23
 920609   9     6     2        110.28      106.18      216.47          0.97
 920609  10    34    14        540.98      527.08     1068.07          4.37
 920609  11    44    16        533.07      521.88     1054.95          6.03
 920609  12    66    14        609.77      555.57     1165.33          7.53
 920609  13   120    24        689.28      708.65     1397.93         15.50
 920609  14   174    24        505.87      617.28     1123.15         16.68
 920609  15   188    28        498.17      517.58      979.83         20.10
 920609  16   218    28        209.27      405.00      572.30         18.83
 920609  17   188    24        180.63      254.35      434.98         16.77
 920609  18   174    26        256.20      308.35      529.57         16.43
 920609  19   248    32        212.68      448.47      587.25         19.95
 920609  20   212    22        230.72      303.45      505.63         16.63
 920609  21   256    24        273.35      285.12      488.85         16.70
 920609  22   232    22        312.08      319.42      526.62         13.33
 920609  23   146    16        200.47      216.78      402.93          9.23
 920609  24   114    14        203.40      129.37      313.55          6.93
1
 
                   MAX
            TOTAL  SIM                MAXIMUM CPS                   CONNECT
 DATE  HOUR USERS USERS            IN         OUT       TOTAL         HOURS
 
 
 920610   1    20    10        157.47       63.92      209.70          2.17
 920610   2    16     6         89.85       94.85      184.35          0.77
 920610   3     8     2         28.25       15.87       39.03          0.43
 920610   4     4     2          6.43       52.82       59.25          0.17
 920610   5     0     0          0.00        0.00        0.00          0.00
 920610   6     0     0          0.00        0.00        0.00          0.00
 920610   7     0     0          0.00        0.00        0.00          0.00
 920610   8     4     2          1.95        5.40        7.35          0.23
 920610   9     6     4        177.15      171.85      349.00          0.63
 920610  10    36    12        505.10      480.55      985.65          5.50
 920610  11    64    18        616.63      591.83     1208.47          9.50
 920610  12    68    16        570.35      551.02     1121.37          9.47
 920610  13   166    30        829.13      798.10     1627.23         19.57
 920610  14   158    24        534.03      605.35     1139.38         18.52
 920610  15   180    28        366.77      597.70      870.82         19.10
 920610  16   208    26        219.60      386.00      544.82         18.67
 920610  17   214    26        223.25      364.37      587.62         17.40
 920610  18   236    28        178.07      348.68      521.12         17.97
 920610  19   292    32        362.92      412.87      650.72         19.13
 920610  20   296    28        299.58      336.35      635.93         18.83
 920610  21   198    24        199.53      234.57      419.83         15.27
 920610  22   228    26        291.52      286.38      525.33         13.00
 920610  23   178    16        166.27      225.68      351.98          9.37
 920610  24   116    14        176.77      173.45      286.33          7.33
1
 
                   MAX
            TOTAL  SIM                MAXIMUM CPS                   CONNECT
 DATE  HOUR USERS USERS            IN         OUT       TOTAL         HOURS
 
 
 920611   1    72    10        160.20      127.58      223.72          4.23
 920611   2    22     6        101.62       42.58      108.02          0.93
 920611   3     0     0          0.00        0.00        0.00          0.00
 920611   4     6     4         31.43       38.83       70.27          0.13
 920611   5     2     2         69.17       39.73      108.90          0.13
 920611   6     0     0          0.00        0.00        0.00          0.00
 920611   7     0     0          0.00        0.00        0.00          0.00
 920611   8     0     0          0.00        0.00        0.00          0.00
 920611   9    14     2         94.40       93.18      187.58          1.03
 920611  10    34    10        435.77      419.62      855.38          4.07
 920611  11    64    16        508.52      487.80      993.40          9.72
 920611  12    62    16        567.25      553.07     1120.32          8.80
 920611  13   134    28        819.17      781.12     1600.28         18.37
 920611  14   182    24        446.50      478.73      898.00         17.67
 920611  15   168    26        521.08      570.55     1065.07         16.97
 920611  16   196    26        265.75      308.45 531.98         17.73
 920611  17   210    32        284.90      395.42      680.32         18.20
 920611  18   220    22        172.23      275.92      407.58         15.57
 920611  19   302    28        229.88      343.95      532.82         19.47
 920611  20   248    24        218.05      266.03      448.65         17.47
 920611  21   222    26        311.70      260.65      489.40         16.97
 920611  22   192    22        216.05      305.77      421.55         11.70
 920611  23   138    18        227.82      149.45      334.28          9.87
 920611  24   112    12        156.33      172.92      237.78          6.50
1
 
                   MAX
            TOTAL  SIM                MAXIMUM CPS                   CONNECT
 DATE  HOUR USERS USERS            IN         OUT       TOTAL         HOURS
 
 
 920612   1    42    10         67.88      126.73      159.38          3.03
 920612   2    18     8        114.95       45.67      160.28          0.87
 920612   3     6     2         54.17       49.58       65.23          0.37
 920612   4     0     0          0.00        0.00        0.00          0.00
 920612   5     2     2          4.95       10.18       15.13          0.03
 920612   6     0     0          0.00        0.00        0.00          0.00
 920612   7     4     2         77.10       76.03      153.13          0.47
 920612   8     2     2          1.95        5.40        7.35          0.13
 920612   9     4     2         73.07       69.47      142.53          0.33
 920612  10    34    16        611.95      589.47     1201.42          4.03
 920612  11    68    16        622.88      597.57     1220.45          7.78
 920612  12    54    10        319.22      330.28      649.50          6.03
 920612  13   140    32        811.13      820.83     1631.97         20.63
 920612  14   146    24        575.10      586.03     1161.13         16.07
 920612  15   164    24        473.18      487.20      960.38         17.97
 920612  16   216    26        410.80      437.70      848.50         17.23
 920612  17   154    22        200.95      250.18      405.10         13.47
 920612  18   212    26        240.33      298.65      531.70         14.63
 920612  19   250    26        225.02      464.50      666.72         17.23
 920612  20   176    22        190.20      272.58      436.53         14.38
 920612  21   196    20        370.28      420.42      631.57         12.40
 920612  22   194    22        365.82      270.68      590.82         11.53
 920612  23   122    18        273.73      286.62      560.35          8.10
 920612  24    80    14        304.18      266.20      570.38          5.87
1     MAXIMUM OF MAXIMUM SIMULTANEOUS USERS
 
 
                   MAX
            TOTAL  SIM                MAXIMUM CPS                   CONNECT
 DATE  HOUR USERS USERS            IN         OUT       TOTAL         HOURS
 
 920608  16   220    32        294.02      443.32      701.12         21.00
 
 
     MAXIMUM OF CONNECT HOURS
 
 
                   MAX
            TOTAL  SIM                MAXIMUM CPS                   CONNECT
 DATE  HOUR USERS USERS            IN         OUT       TOTAL         HOURS
 
 920608  21   272    32       2510.63      519.40     3029.42         22.00
1

- 
- 
- 
- 
-TYPE NIS315.612
1
 
                   MAX
            TOTAL  SIM                MAXIMUM CPS                   CONNECT
 DATE  HOUR USERS USERS            IN         OUT       TOTAL         HOURS
 
 
 920608   1    20     4         12.13       44.65       56.78          0.97
 920608   2    18     4         23.23       32.85       56.08          0.50
 920608   3     2     2          4.95       10.18       15.13          0.03
 920608   4     0     0          0.00        0.00        0.00          0.00
 920608   5     6     2          4.95       10.18       15.13          0.20
 920608   6     6     2        102.75       96.98      199.73          0.50
 920608   7     2     2          1.27        3.23        4.50          0.07
 920608   8     2     2          1.27        3.23        4.50          0.10
 920608   9    12     4         10.13       10.48       20.62          0.77
 920608  10    46     6        134.83      131.37      266.20          1.73
 920608  11    72    10        232.93      217.72      450.65          3.10
 920608  12    54    14        508.93      477.60      986.53          6.53
 920608  13   142    24        480.05      523.18     1003.23         14.30
 920608  14   156    24        450.05      496.87      914.42         16.23
 920608  15   216    30        543.47      519.55     1063.02         20.50
 920608  16   191    30        364.05     5369.72     5711.17         23.03
 920608  17   207    28        215.40      392.15      586.78         20.13
 920608  18   284    30        288.28      390.07      666.98         18.90
 920608  19   296    28        293.72      362.80      604.48         21.30
 920608  20   282    30        237.72      343.22      502.60         21.80
 920608  21   266    30        232.52      337.78      496.95         23.38
 920608  22   322    32        392.33      383.83      746.20         20.73
 920608  23   130    18        146.77      182.55      273.22         12.67
 920608  24   104    16        180.97      195.28      376.25          8.47
1
 
                   MAX
            TOTAL  SIM                MAXIMUM CPS                   CONNECT
 DATE  HOUR USERS USERS            IN         OUT       TOTAL         HOURS
 
 
 920609   1    30    12        245.38      222.22      462.23          4.43
 920609   2    26     8        215.55      111.82      305.13          2.83
 920609   3    10     6         72.47       98.27      170.73          1.03
 920609   4     8     4          5.82       32.53       38.35          0.50
 920609   5     6     2         18.23       10.48       28.72          0.17
 920609   6     0     0          0.00        0.00        0.00          0.00
 920609   7     0     0          0.00        0.00        0.00          0.00
 920609   8     4     4          2.53        6.47        9.00          0.20
 920609   9     4     2        103.55       94.80      198.35          0.43
 920609  10    36    10        341.58      331.12      672.70          4.27
 920609  11    66    16        516.95      493.38     1010.33          8.30
 920609  12    74    16        470.13      438.45      908.58          9.30
 920609  13   158    26        662.90      687.62     1350.52         17.17
 920609  14   184    24        423.22      484.43      907.65         19.37
 920609  15   258    30        503.18      565.55     1068.73         22.77
 920609  16   238    30        377.85      466.45      830.58         21.78
 920609  17   216    24        262.57      309.85      558.72         18.33
 920609  18   274    26        377.07      414.77      692.57         18.27
 920609  19   288    38        320.60      461.35      781.95         21.53
 920609  20   308    28        303.35      289.08      583.65         19.43
 920609  21   270    28        284.82      316.75      499.67         17.37
 920609  22   266    28        354.12      305.20      613.88         15.43
 920609  23   168    16        240.88      252.93      444.62         10.87
 920609  24    90    16        181.87      170.15      282.10          7.77
1
 
                   MAX
            TOTAL  SIM                MAXIMUM CPS                   CONNECT
 DATE  HOUR USERS USERS            IN         OUT       TOTAL         HOURS
 
 
 920610   1    58    10        159.40      111.38      204.93          3.80
 920610   2    56     8        133.60       88.53      208.27          3.53
 920610   3    16     6        120.77       74.02      147.98          1.60
 920610   4     4     2         93.00       85.40      178.40          0.73
 920610   5     4     2         93.00       85.40      178.40          0.07
 920610   6     0     0          0.00        0.00        0.00          0.00
 920610   7     2     2          1.27        3.23        4.50          0.10
 920610   8     2     2          1.27        3.23        4.50          0.10
 920610   9     8     4        171.95      172.07      344.02          1.20
 920610  10    44    16        577.20      569.95     1147.15          6.87
 920610  11    66    18        628.38      617.32     1245.70         10.17
 920610  12    76    16        603.47      589.38     1192.85         10.53
 920610  13   128    36        799.18      728.43     1506.57         22.23
 920610  14   192    26        589.13      622.87     1173.83         20.53
 920610  15   202    26        374.35      444.65      819.00         20.53
 920610  16   254    30        329.47      533.92      853.37         20.53
 920610  17   222    26        248.70      405.20      603.25         19.53
 920610  18   292    26        271.10      388.93      653.87         18.60
 920610  19   344    36        372.18      522.40      894.58         22.77
 920610  20   280    26        223.17      301.60      498.10         18.23
 920610  21   264    28        426.65      285.48      704.32         16.63
 920610  22   248    24        217.37      255.88      428.53         15.97
 920610  23   134    20        187.30      235.93      339.15         11.93
 920610  24   106    16        168.78      148.55      244.35          9.53
1
 
                   MAX
            TOTAL  SIM                MAXIMUM CPS                   CONNECT
 DATE  HOUR USERS USERS            IN         OUT       TOTAL         HOURS
 
 
 920611   1    54    14        166.45      119.60      258.17          4.17
 920611   2    34     8         73.02       74.75      132.33          2.67
 920611   3    16     4         64.40       45.73       70.37          0.90
 920611   4     2     2         24.62       29.67       54.28          0.07
 920611   5     6     2         26.97       34.18       59.03          0.17
 920611   6     4     2         81.93       62.08      144.02          0.30
 920611   7     0     0          0.00        0.00        0.00          0.00
 920611   8     4     2         28.17       32.03       60.20          0.17
 920611   9     8     6        200.55      193.98      394.53          0.63
 920611  10    40    16        582.78      564.40     1147.18          5.97
 920611  11    60    16        553.08      539.97     1093.05         10.07
 920611  12    70    16        547.05      529.12     1076.17         10.33
 920611  13   160    30        726.18      738.53     1426.20         19.47
 920611  14   180    28        632.35      626.55     1258.90         20.00
 920611  15   202    24        413.25      486.52      884.33         18.17
 920611  16   242    28        388.10      397.90      768.00         19.50
 920611  17   236    34        223.42      300.72      486.03         20.63
 920611  18   168    30        253.57      307.45      561.02         15.83
 920611  19   296    30        270.37      259.57      523.57         20.87
 920611  20   252    30        275.12      342.32      617.43         19.23
 920611  21   276    26        247.35      320.53      500.77         17.70
 920611  22   204    22        230.88      314.35      486.02         14.40
 920611  23   172    18        270.45      251.03      521.48         12.47
 920611  24    86    20        309.88      162.45      436.80          6.27
1
 
                   MAX
            TOTAL  SIM                MAXIMUM CPS                   CONNECT
 DATE  HOUR USERS USERS            IN         OUT       TOTAL         HOURS
 
 
 920612   1    57    10        251.47       97.23      269.47          3.68
 920612   2    40     8         32.85       69.87      102.72          1.93
 920612   3    12     4         79.35       76.80      156.15          1.03
 920612   4     6     4         84.30       86.98      171.28          0.17
 920612   5     6     2          4.95       10.18       15.13          0.20
 920612   6     0     0          0.00        0.00        0.00          0.00
 920612   7     0     0          0.00        0.00        0.00          0.00
 920612   8     4     4          3.90       10.80       14.70          0.20
 920612   9    14     6        145.17      153.20      298.37          0.83
 920612  10    42    12        457.08      442.98      900.07          4.87
 920612  11    64    18        604.45      578.02     1182.47          7.67
 920612  12    76    16        622.13      595.25     1217.38          9.23
 920612  13   146    34        840.83      840.00     1680.83         21.67
 920612  14   160    26        513.77      543.82     1057.58         18.00
 920612  15   174    28        419.17      552.18      959.33         19.73
 920612  16   204    24        382.82      511.45      843.28         18.53
 920612  17   202    20        306.43      430.80      737.23         15.43
 920612  18   232    22        251.20      290.65      459.45         16.10
 920612  19   258    28        269.63      321.62      542.70         18.10
 920612  20   270    22        236.72      375.47      520.70         15.87
 920612  21   232    20        297.45      252.57      537.82         13.67
 920612  22   178    24        234.12      334.47      537.58         12.67
 920612  23   136    16        247.85      251.62      495.52          8.97
 920612  24    80    14        255.33      232.78      486.92          5.23
1     MAXIMUM OF MAXIMUM SIMULTANEOUS USERS
 
 
                   MAX
            TOTAL  SIM                MAXIMUM CPS                   CONNECT
 DATE  HOUR USERS USERS            IN         OUT       TOTAL         HOURS
 
 920609  19   288    38        320.60      461.35      781.95         21.53
 
 
     MAXIMUM OF CONNECT HOURS
 
 
                   MAX
            TOTAL  SIM                MAXIMUM CPS                   CONNECT
 DATE  HOUR USERS USERS            IN         OUT       TOTAL         HOURS
 
 920608  21   266    30        232.52      337.78      496.95         23.38
1

- 
- 
- 
- 
-TYPE NIS13125.612
1
 
                   MAX
            TOTAL  SIM                MAXIMUM CPS                   CONNECT
 DATE  HOUR USERS USERS            IN         OUT       TOTAL         HOURS
 
 
 920608   1     8     4        129.68      128.53      258.22          1.43
 920608   2     6     2          5.12       10.18       15.30          0.13
 920608   3     2     2         95.70       92.83      188.53          0.17
 920608   4     0     0          0.00        0.00        0.00          0.00
 920608   5     0     0          0.00        0.00        0.00          0.00
 920608   6     4     2          4.85       10.18       15.03          0.10
 920608   7     2     2          1.27        3.23        4.50          0.03
 920608   8     6     4          2.53        6.47        9.00          0.30
 920608   9    10     2          1.27        3.23        4.50          0.63
 920608  10    20     4          9.90       20.37       30.27          0.37
 920608  11    44     8        212.90      209.63      422.53          1.97
 920608  12    34    14        245.98      300.03      539.98          4.50
 920608  13   150    28        614.83      663.70     1275.07         14.23
 920608  14   142    22        464.13      535.32      997.08         15.43
 920608  15   176    28        447.60      518.07      931.65         19.13
 920608  16   234    30        340.75      521.07      828.88         20.17
 920608  17   206    26        311.35      448.20      712.30         18.07
 920608  18   206    26        298.70      360.03      650.27         16.93
 920608  19   292    28        307.18      336.57      641.55         19.63
 920608  20   230    24        203.90      338.97      535.53         19.77
 920608  21   266    32        308.83      370.15      665.60         21.87
 920608  22   240    28        283.72      368.93      616.23         18.23
 920608  23   166    22        343.22      280.68      623.90         11.03
 920608  24   126    16        375.55      175.98      547.97          7.83
1
 
                   MAX
            TOTAL  SIM                MAXIMUM CPS                   CONNECT
 DATE  HOUR USERS USERS            IN         OUT       TOTAL         HOURS
 
 
 920609   1    48    12        221.37      142.83      338.68          3.77
 920609   2    14     6         69.63       79.83      138.67          2.27
 920609   3     6     4          4.95       36.65       38.27          0.83
 920609   4     2     2          4.95       10.18       15.13          0.03
 920609   5     0     0          0.00        0.00        0.00          0.00
 920609   6     4     2         59.60       63.73      123.33          0.13
 920609   7     8     4        189.07      178.65      367.72          1.20
 920609   8     0     0          0.00        0.00        0.00          0.00
 920609   9     2     2         82.95       79.53      162.48          0.33
 920609  10    30    10        363.15      346.47      709.62          3.10
 920609  11    54    16        510.45      482.87      978.87          6.60
 920609  12    50    14        368.27      347.65      691.72          6.23
 920609  13   134    24        689.95      677.15     1367.10         16.33
 920609  14   138    26        522.27      539.92     1022.68         16.80
 920609  15   198    32        384.95      514.05      836.88         20.30
 920609  16   182    30        355.45      397.73      753.18         18.67
 920609  17   192    24        181.68      336.42      492.57         16.30
 920609  18   228    26        227.57      287.45      444.88         17.20
 920609  19   328    32        268.13      362.43      619.42         21.77
 920609  20   260    28        248.50      306.73      525.72         17.77
 920609  21   236    24        269.57      265.37      487.57         16.63
 920609  22   156    22        179.20      225.37      375.13         12.13
 920609  23   118    20        176.27      268.58      444.85          9.47
 920609  24   134    14        216.42      176.70      294.23          8.67
1
 
                   MAX
            TOTAL  SIM                MAXIMUM CPS                   CONNECT
 DATE  HOUR USERS USERS            IN         OUT       TOTAL         HOURS
 
 
 920610   1    52     8        116.93      150.05      225.93          4.33
 920610   2    18     8         67.82      225.37      234.52          2.82
 920610   3     4     2          4.95       10.18       15.13          0.07
 920610   4     2     2          4.95       10.18       15.13          0.03
 920610   5     4     2          4.95       10.18       15.13          0.10
 920610   6     4     2         59.07       61.32      120.38          0.12
 920610   7     4     2         59.07       61.32      120.38          0.13
 920610   8     2     2          1.27        3.23        4.50          0.07
 920610   9     0     0          0.00        0.00        0.00          0.00
 920610  10    46    16        653.95      645.12     1299.07          5.88
 920610  11    64    18        705.95      684.37     1390.32         10.20
 920610  12    72    14        519.00      512.05     1031.05          8.37
 920610  13   122    28        793.85      770.28     1564.13         19.50
 920610  14   168    26        501.83      589.27     1052.23         19.33
 920610  15   152    28        481.35      596.13     1077.48         18.53
 920610  16   186    26        355.58      462.90      749.20         17.37
 920610  17   198    24        222.53      411.12      519.03         17.10
 920610  18   218    26        176.43      312.75      489.18         16.73
 920610  19   266    28        198.25      322.58      498.08         19.60
 920610  20   198    26        185.55      277.83      463.38         17.15
 920610  21   268    22        323.02      313.97      500.23         16.03
 920610  22   208    24        343.62      268.72      612.33         13.17
 920610  23   132    16        218.98      264.18      301.82          8.50
 920610  24    90    18        227.48      249.73      431.02          7.10
1
 
                   MAX
            TOTAL  SIM                MAXIMUM CPS                   CONNECT
 DATE  HOUR USERS USERS            IN         OUT       TOTAL         HOURS
 
 
 920611   1    60    12        167.62      121.35      215.42          4.37
 920611   2    46     8        159.98       95.68      237.58          2.40
 920611   3    12     4         89.55       73.75      159.65          1.20
 920611   4     2     2         30.63       35.73       66.37          0.07
 920611   5     2     2          4.95       10.18       15.13          0.07
 920611   6     2     2         34.60       39.57       74.17          0.07
 920611   7     2     2        103.10       99.67      202.77          0.37
 920611   8     0     0          0.00        0.00        0.00          0.00
 920611   9     8     6         69.58       68.08      137.67          0.83
 920611  10    40    14        502.78      485.30      988.08          5.90
 920611  11    58    18        611.23      588.63     1199.87          8.97
 920611  12    74    16        571.43      536.68     1108.12          9.10
 920611  13   122    28        765.65      761.12     1526.77         18.90
 920611  14   166    28        648.47      616.85     1265.32         18.90
 920611  15   200    26        422.27      552.28      974.55         16.80
 920611  16   207    22        443.25      442.27      847.23         17.35
 920611  17   174    30        219.55      420.02      639.57         18.17
 920611  18   216    28        189.78      283.52      466.72         16.13
 920611  19   270    30        276.08      335.40      604.43         18.37
 920611  20   220    24        249.57      324.08      573.65         17.80
 920611  21   251    24        298.40      323.80      569.25         17.15
 920611  22   176    20        225.95      302.42      509.15         11.90
 920611  23   132    16        186.38      201.25      342.95          9.33
 920611  24   104    14        197.87      124.88      264.32          6.50
1
 
                   MAX
            TOTAL  SIM                MAXIMUM CPS                   CONNECT
 DATE  HOUR USERS USERS            IN         OUT       TOTAL         HOURS
 
 
 920612   1    58    10        133.63       94.88      187.28          2.80
 920612   2    24     6         48.12       63.95      106.95          1.13
 920612   3     8     2         18.82       39.98       40.70          0.60
 920612   4     4     2          4.95       10.18       15.13          0.10
 920612   5     0     0          0.00        0.00        0.00          0.00
 920612   6     0     0          0.00        0.00        0.00          0.00
 920612   7     0     0          0.00        0.00        0.00          0.00
 920612   8     2     2          1.95        6.85        8.80          0.10
 920612   9     8     4        164.12      163.18      327.30          0.60
 920612  10    36    10        374.50      331.80      706.30          3.47
 920612  11    62    22        729.13      692.13     1421.27          7.30
 920612  12    62    14        450.13      444.95      895.08          7.43
 920612  13   138    32        783.42      809.32     1592.73         20.03
 920612  14   138    24        574.33      581.02     1155.35         16.63
 920612  15   234    28        365.57      519.17      884.73         18.30
 920612  16   183    24        450.82      506.00      918.75         16.45
 920612  17   187    22        293.15      346.27      636.27         14.30
 920612  18   210    24        178.52      320.63      490.83         14.80
 920612  19   246    26        255.82      330.30      586.12         16.70
 920612  20   222    20        248.20      298.85      510.35         14.43
 920612  21   208    20        299.93      296.53      508.72         12.80
 920612  22   168    24        202.17      321.35      480.83         10.97
 920612  23   136    16        243.17      222.92      423.15          8.87
 920612  24    72    14        251.43      223.52      474.95          4.57
1     MAXIMUM OF MAXIMUM SIMULTANEOUS USERS
 
 
                   MAX
            TOTAL  SIM                MAXIMUM CPS                   CONNECT
 DATE  HOUR USERS USERS            IN         OUT       TOTAL         HOURS
 
 920608  21   266    32        308.83      370.15      665.60         21.87
 
 
     MAXIMUM OF CONNECT HOURS
 
 
                   MAX
            TOTAL  SIM                MAXIMUM CPS                   CONNECT
 DATE  HOUR USERS USERS            IN         OUT       TOTAL         HOURS
 
 920608  21   266    32        308.83      370.15      665.60         21.87
1

- 
- 
- 
- 
-TYPE NIS722.612
1
 
                   MAX
            TOTAL  SIM                MAXIMUM CPS                   CONNECT
 DATE  HOUR USERS USERS            IN         OUT       TOTAL         HOURS
 
 
 920608   1    12     2         24.33       41.92       47.30          0.33
 920608   2     2     2          4.95       10.18       15.13          0.03
 920608   3     2     2          4.95       10.18       15.13          0.03
 920608   4     0     0          0.00        0.00        0.00          0.00
 920608   5     0     0          0.00        0.00        0.00          0.00
 920608   6     0     0          0.00        0.00        0.00          0.00
 920608   7     2     2          1.27        3.23        4.50          0.07
 920608   8     6     2          1.27        3.23        4.50          0.23
 920608   9    14     4         87.93       86.82      174.75          0.87
 920608  10    28     8        170.28      166.30      336.58          2.37
 920608  11    48    10        224.22      222.10      446.32          2.60
 920608  12    64    14        426.93      412.28      835.32          6.80
 920608  13   128    22        628.83      602.82     1231.65         14.90
 920608  14   168    22        490.10      463.03      953.13         15.63
 920608  15   194    30        317.52      529.73      809.30         20.57
 920608  16   156    30        222.78      404.43      594.60         21.60
 920608  17   250    30        284.97      381.05      604.32         20.20
 920608  18   200    28        222.90      341.75      516.65         18.07
 920608  19   302    28        244.53      365.43      589.10         20.13
 920608  20   218    28        170.42      271.60      440.33         20.23
 920608  21   238    28        206.02      304.02      508.50         22.18
 920608  22   154    28        310.20      267.25      577.45         17.90
 920608  23   190    20        224.52      178.78      381.90         12.23
 920608  24    90    16        182.63      197.73      309.80          7.43
1
 
                   MAX
            TOTAL  SIM                MAXIMUM CPS                   CONNECT
 DATE  HOUR USERS USERS            IN         OUT       TOTAL         HOURS
 
 
 920609   1    64    12        155.10      121.22      256.33          4.43
 920609   2    30     4        174.18       40.45      191.80          1.40
 920609   3    22     4        101.05       58.60      107.15          1.03
 920609   4     7     2         10.13       30.57       31.07          0.30
 920609   5     0     0          0.00        0.00        0.00          0.00
 920609   6     2     2         15.52       20.65       36.17          0.07
 920609   7     0     0          0.00        0.00        0.00          0.00
 920609   8     8     4         43.03       41.43       84.47          0.30
 920609   9     6     2         75.32       74.75      150.07          0.27
 920609  10    42    14        485.53      454.82      940.35          4.60
 920609  11    62    14        491.13      460.48      951.62          7.27
 920609  12    58    12        401.12      388.38      788.63          7.67
 920609  13   136    26        688.25      685.20     1373.45         15.70
 920609  14   157    30        645.57      625.62     1252.23         17.93
 920609  15   178    28        420.97      592.77      984.70         20.98
 920609  16   188    28        295.58      455.98      717.18         20.53
 920609  17   208    26        262.08      318.53      566.67         17.47
 920609  18   188    26        240.53      290.90      484.35         17.13
 920609  19   324    36        203.15      426.87      552.68         22.27
 920609  20   246    24        209.70      283.95      434.53         18.47
 920609  21   256    24        314.50      263.07      540.45         16.57
 920609  22   202    26        309.33      296.12      521.57         15.10
 920609  23   130    14        264.85      237.73      502.58          8.50
 920609  24   102    16        164.68      154.90      253.22          6.90
1
 
                   MAX
            TOTAL  SIM                MAXIMUM CPS                   CONNECT
 DATE  HOUR USERS USERS            IN         OUT       TOTAL         HOURS
 
 
 920610   1    50    10        139.93      128.50      198.13          3.73
 920610   2    16     8        222.45       28.10      247.75          1.60
 920610   3    14     4         58.10       98.18      103.17          1.07
 920610   4     0     0          0.00        0.00        0.00          0.00
 920610   5     0     0          0.00        0.00        0.00          0.00
 920610   6     2     2         95.93       95.15      191.08          0.40
 920610   7     0     0          0.00        0.00        0.00          0.00
 920610   8     2     2          1.27        3.23        4.50          0.10
 920610   9     6     2         72.23       70.63      142.87          0.40
 920610  10    34    16        584.78      570.90     1155.68          5.53
 920610  11    66    18        668.45      659.08     1327.53          9.57
 920610  12    68    16        570.20      545.17     1115.37         10.10
 920610  13   148    34        805.47      862.90     1668.37         20.37
 920610  14   208    28        484.90      604.27     1089.17         20.63
 920610  15   192    24        446.38      561.38      963.55         18.87
 920610  16   218    28        420.18      578.80      985.10         19.60
 920610  17   188    28        161.68      419.70      581.38         18.77
 920610  18   238    26        339.25      342.87      650.22         17.63
 920610  19   282    28        262.32      363.73      585.70         20.50
 920610  20   216    26        257.12      288.10      469.00         17.47
 920610  21   304    28        374.80      371.10      745.90         17.75
 920610  22   214    20        316.22      254.52      488.35         13.50
 920610  23   110    18        196.87      155.48      269.53         10.93
 920610  24   102    14        169.80      120.50      237.17          7.57
1
 
                   MAX
            TOTAL  SIM                MAXIMUM CPS                   CONNECT
 DATE  HOUR USERS USERS            IN         OUT       TOTAL         HOURS
 
 
 920611   1    64    10        193.22      242.20      346.00          4.67
 920611   2    44     8        115.02       55.50      137.10          1.90
 920611   3     6     4         51.60       16.15       67.75          0.20
 920611   4     2     2          0.87       17.97       18.83          0.20
 920611   5     8     2         70.25       57.75      110.62          0.23
 920611   6     0     0          0.00        0.00        0.00          0.00
 920611   7     0     0          0.00        0.00        0.00          0.00
 920611   8     0     0          0.00        0.00        0.00          0.00
 920611   9     8     2         69.33       67.67      137.00          0.33
 920611  10    34    12        471.65      456.33      927.98          4.57
 920611  11    60    16        517.65      499.58     1017.23          7.80
 920611  12    72    16        541.77      520.25     1062.02          9.17
 920611  13   142    26        750.45      718.90     1469.35         18.20
 920611  14   166    26        500.10      613.72     1113.82         18.53
 920611  15   192    26        417.80      487.77      905.57         18.60
 920611  16   216    24        284.42      355.30      623.47         19.10
 920611  17   194    30        320.60      492.90      651.00         18.97
 920611  18   206    30        213.98      399.28      564.52         15.88
 920611  19   292    34        253.72      364.42      595.25         19.72
 920611  20   266    26        246.37      350.67      586.15         18.77
 920611  21   192    24        238.05      233.48      421.10         16.57
 920611  22   158    20        229.05      223.08      439.83         13.13
 920611  23   128    18        261.18      182.00      396.83         10.10
 920611  24    76    12        174.52      139.50      236.37          6.53
1
 
                   MAX
            TOTAL  SIM                MAXIMUM CPS                   CONNECT
 DATE  HOUR USERS USERS            IN         OUT       TOTAL         HOURS
 
 
 920612   1    46    10        121.75      147.82      255.20          3.53
 920612   2    30     8        170.58       66.38      183.12          1.87
 920612   3    12     4         59.70       28.62       71.07          0.67
 920612   4     6     2          4.95       28.62       30.17          0.23
 920612   5     4     2          4.95       10.18       15.13          0.10
 920612   6     0     0          0.00        0.00        0.00          0.00
 920612   7     0     0          0.00        0.00        0.00          0.00
 920612   8     0     0          0.00        0.00        0.00          0.00
 920612   9     8     4        174.50      175.20      349.70          0.50
 920612  10    46    12        457.00      440.83      897.83          4.77
 920612  11    62    16        519.48      500.15     1019.63          7.40
 920612  12    60    16        647.88      623.08     1270.97          7.83
 920612  13   140    32        769.52      805.75     1575.27         21.00
 920612  14   158    28        556.95      595.78     1152.73         17.23
 920612  15   214    28        564.03      587.10     1151.13         19.03
 920612  16   202    24        391.35      482.68      874.03         17.22
 920612  17   172    20        137.98      293.63      423.25         15.23
 920612  18   136    20        172.72      289.67      432.62         15.07
 920612  19   270    30        337.22      393.17      726.40         18.00
 920612  20   204    24        214.48      254.72      444.02         15.47
 920612  21   198    20        215.00      323.70      452.72         13.47
 920612  22   228    22        317.03      279.12      550.82         12.17
 920612  23   128    18        270.45      268.10      522.82          8.07
 920612  24    80    10        248.72      215.70      426.03          5.67
1     MAXIMUM OF MAXIMUM SIMULTANEOUS USERS
 
 
                   MAX
            TOTAL  SIM                MAXIMUM CPS                   CONNECT
 DATE  HOUR USERS USERS            IN         OUT       TOTAL         HOURS
 
 920609  19   324    36        203.15      426.87      552.68         22.27
 
 
     MAXIMUM OF CONNECT HOURS
 
 
                   MAX
            TOTAL  SIM                MAXIMUM CPS                   CONNECT
 DATE  HOUR USERS USERS            IN         OUT       TOTAL         HOURS
 
 920609  19   324    36        203.15      426.87      552.68         22.27
1

- 
- 
- 
- 
-TYPE NIS14682.612

- 
- 
- 
- 
-TYPE NIS14723.612
1
 
                   MAX
            TOTAL  SIM                MAXIMUM CPS                   CONNECT
 DATE  HOUR USERS USERS            IN         OUT       TOTAL         HOURS
 
 
 920608   1     8     4         41.58       35.95       77.53          0.20
 920608   2    10     2          4.95       10.18       15.13          0.43
 920608   3     4     2         11.00       10.48       21.48          0.13
 920608   4     2     2          4.95       10.18       15.13          0.03
 920608   5     0     0          0.00        0.00        0.00          0.00
 920608   6     0     0          0.00        0.00        0.00          0.00
 920608   7     0     0          0.00        0.00        0.00          0.00
 920608   8     2     2          1.27        3.23        4.50          0.10
 920608   9     2     2          4.95       10.18       15.13          0.07
 920608  10    28     6        112.95      112.48      225.43          0.77
 920608  11    42     8        191.22      186.62      377.83          2.30
 920608  12    62    14        458.83      467.23      926.07          5.67
 920608  13   138    26        606.33      618.42     1205.58         14.77
 920608  14   122    22        387.47      408.50      782.15         14.93
 920608  15   180    30        528.37      544.15     1064.20         20.77
 920608  16   244    30        338.75      521.93      860.68         22.33
 920608  17   246    32        270.97      424.52      687.48         18.83
 920608  18   254    30        233.60      369.30      554.38         17.77
 920608  19   278    30        201.52      303.25      485.27         20.87
 920608  20   258    30        268.17      323.12      572.83         20.70
 920608  21   216    32        207.45      274.17      470.75         22.47
 920608  22   234    30        333.15      327.93      661.08         18.53
 920608  23   200    18        228.20      227.05      455.25         12.47
 920608  24    80    14        109.78      118.37      195.32          7.33
1
 
                   MAX
            TOTAL  SIM                MAXIMUM CPS                   CONNECT
 DATE  HOUR USERS USERS            IN         OUT       TOTAL         HOURS
 
 
 920609   1    64    10        210.63      154.82      233.63          4.00
 920609   2    42     6        100.57       70.27      127.03          1.43
 920609   3    10     2         90.05       20.35       93.60          0.77
 920609   4     2     2          4.95       10.18       15.13          0.03
 920609   5     6     2         12.18       15.85       26.97          0.13
 920609   6     0     0          0.00        0.00        0.00          0.00
 920609   7     0     0          0.00        0.00        0.00          0.00
 920609   8     4     4          2.53        6.47        9.00          0.23
 920609   9     4     2         52.40       53.95      106.35          0.43
 920609  10    44    10        382.70      356.80      739.50          4.97
 920609  11    60    14        442.12      432.45      872.12          6.63
 920609  12    76    16        477.72      482.88      960.60          7.70
 920609  13   136    24        708.07      704.28     1412.35         16.77
 920609  14   206    24        524.28      570.07     1073.05         18.10
 920609  15   224    30        548.35      619.05     1141.85         22.27
 920609  16   226    28        301.20      476.15      740.12         20.67
 920609  17   210    28        183.25      332.55      515.80         16.67
 920609  18   270    26        259.70      300.08      558.65         17.70
 920609  19   352    40        305.02      385.73      677.05         21.97
 920609  20   236    22        291.25      286.67      577.92         17.63
 920609  21   256    24        326.57      299.98      565.53         17.67
 920609  22   236    26        317.88      455.57      773.45         13.77
 920609  23   138    16        252.98      214.88      433.45          9.93
 920609  24   100    12        203.72      201.92      364.95          6.40
1
 
                   MAX
            TOTAL  SIM                MAXIMUM CPS                   CONNECT
 DATE  HOUR USERS USERS            IN         OUT       TOTAL         HOURS
 
 
 920610   1    70    10        220.55      120.03      336.05          4.52
 920610   2     8     4         81.98       27.13      109.12          1.50
 920610   3     8     4         93.75       45.37      115.27          0.30
 920610   4     4     2          5.12       10.18       15.30          0.10
 920610   5     4     2         73.75       73.90      147.65          0.23
 920610   6     4     2         79.87       78.47      158.33          0.17
 920610   7     4     2         79.87       78.47      158.33          0.80
 920610   8     0     0          0.00        0.00        0.00          0.00
 920610   9     2     2         97.38       95.13      192.52          0.40
 920610  10    30    12        425.50      410.48      835.98          5.07
 920610  11    72    16        526.88      511.18     1038.07         10.83
 920610  12    66    16        553.17      542.97     1096.13         10.65
 920610  13   148    32        774.25      795.03     1548.87         21.00
 920610  14   152    26        648.23      664.12     1312.35         20.23
 920610  15   258    28        381.35      472.90      819.78         20.27
 920610  16   208    26        390.48      426.87      817.07         20.03
 920610  17   222    30        206.05      398.90      557.27         18.03
 920610  18   232    24        158.23      305.67      425.75         17.85
 920610  19   302    30        211.62      361.37      524.38         20.25
 920610  20   264    32        269.17      383.50      628.08         18.40
 920610  21   272    24        332.28      312.88      574.22         17.23
 920610  22   186    20        223.25      221.52      431.52         14.00
 920610  23   130    18        254.33      212.62      427.37          9.80
 920610  24   112    14        182.28      178.70      268.28          6.90
1
 
                   MAX
            TOTAL  SIM                MAXIMUM CPS                   CONNECT
 DATE  HOUR USERS USERS            IN         OUT       TOTAL         HOURS
 
 
 920611   1    60    12         79.18       99.23      172.22          4.87
 920611   2    44     8        121.23      111.45      232.68          2.90
 920611   3    10     4         66.37       35.22      101.58          0.63
 920611   4     4     2          4.87       23.35       24.27          0.40
 920611   5     2     2         44.02       43.28       87.30          0.23
 920611   6     0     0          0.00        0.00        0.00          0.00
 920611   7     2     2         62.43       62.32      124.75          0.10
 920611   8     2     2         88.72       90.67      179.38          0.10
 920611   9     6     2         61.08       60.87      121.95          0.33
 920611  10    36    14        459.72      436.80      896.52          6.47
 920611  11    72    20        755.58      716.00     1471.58         10.77
 920611  12    68    16        550.88      543.30     1094.18          7.90
 920611  13   118    30        780.88      754.00     1534.88         20.30
 920611  14   168    26        637.22      684.33     1321.55         19.07
 920611  15   154    26        324.93      405.60      723.57         17.33
 920611  16   194    24        285.95      371.48      628.12         17.53
 920611  17   236    32        276.15      375.68      651.83         19.50
 920611  18   245    28        214.47      360.25      556.68         15.98
 920611  19   246    30        251.68      384.32      636.00         19.63
 920611  20   228    30        258.25      353.37      548.52         18.43
 920611  21   192    26        340.13      326.57      570.40         16.60
 920611  22   188    22        247.35      268.92      487.08         13.80
 920611  23   120    16        255.18      241.92      497.10         10.80
 920611  24   106    16        296.70      184.92      396.62          6.83
1
 
                   MAX
            TOTAL  SIM                MAXIMUM CPS                   CONNECT
 DATE  HOUR USERS USERS            IN         OUT       TOTAL         HOURS
 
 
 920612   1    44     8        321.55      111.82      414.40          3.13
 920612   2    44    12        217.75      139.77      357.52          2.30
 920612   3     4     2         18.82       15.92       34.73          0.07
 920612   4     0     0          0.00        0.00        0.00          0.00
 920612   5     2     2          4.95       10.18       15.13          0.07
 920612   6     4     2        111.60       96.75      208.35          0.07
 920612   7     2     2        111.60       96.75      208.35          0.27
 920612   8     0     0          0.00        0.00        0.00          0.00
 920612   9     4     2         83.93       79.95      163.88          0.50
 920612  10    38    12        459.90      436.97      896.87          5.17
 920612  11    62    16        514.40      498.88     1011.30          8.03
 920612  12    82    16        544.82      542.42     1087.23          9.37
 920612  13   142    32        790.43      806.88     1597.32         21.37
 920612  14   146    26        686.28      691.62     1377.90         17.67
 920612  15   168    26        394.73      494.87      862.15         19.60
 920612  16   168    26        238.87      304.98      543.85         16.77
 920612  17   194    22        271.42      357.97      629.38         14.47
 920612  18   190    24        269.83      256.02      499.08         15.07
 920612  19   232    26        279.45      320.42      542.00         17.03
 920612  20   182    24        242.48      391.80      634.28         15.07
 920612  21   264    24        329.47      314.53      557.05         14.73
 920612  22   186    22        269.27      242.87      512.13         11.77
 920612  23   106    18        195.35      202.00      344.75          7.53
 920612  24    68    12        231.05      186.60      384.02          4.13
1     MAXIMUM OF MAXIMUM SIMULTANEOUS USERS
 
 
                   MAX
            TOTAL  SIM                MAXIMUM CPS                   CONNECT
 DATE  HOUR USERS USERS            IN         OUT       TOTAL         HOURS
 
 920609  19   352    40        305.02      385.73      677.05         21.97
 
 
     MAXIMUM OF CONNECT HOURS
 
 
                   MAX
            TOTAL  SIM                MAXIMUM CPS                   CONNECT
 DATE  HOUR USERS USERS            IN         OUT       TOTAL         HOURS
 
 920608  21   216    32        207.45      274.17      470.75         22.47
1

- 
- 
- 
- 
-TYPE NIS758.612
1
 
                   MAX
            TOTAL  SIM                MAXIMUM CPS                   CONNECT
 DATE  HOUR USERS USERS            IN         OUT       TOTAL         HOURS
 
 
 920608   1     2     2          1.43       12.12       13.55          0.43
 920608   2     2     2          3.27        9.05       12.32          0.10
 920608   3     4     2          7.67       16.87       24.53          0.77
 920608   4    10     4          8.78       66.68       69.27          1.10
 920608   5     2     2          1.32       30.88       32.20          0.27
 920608   6     0     0          0.00        0.00        0.00          0.00
 920608   7     2     2          2.87        8.80       11.67          0.03
 920608   8     0     0          0.00        0.00        0.00          0.00
 920608   9     0     0          0.00        0.00        0.00          0.00
 920608  10     0     0          0.00        0.00        0.00          0.00
 920608  11     2     2          3.77       48.07       51.83          0.10
 920608  12     2     2          0.70       19.32       20.02          0.50
 920608  13    16    10          6.23      208.73      214.97          5.03
 920608  14    18     8          5.17      118.63      122.00          4.20
 920608  15    14     8          4.85      146.97      151.82          3.87
 920608  16    20     8          4.70       93.97       98.32          4.97
 920608  17    20     8          4.90       62.53       66.82          6.43
 920608  18    16     8          4.65       98.68      102.67          5.93
 920608  19     4     4          1.02       39.73       40.75          3.87
 920608  20     6     4          1.97       25.73       27.70          2.47
 920608  21     8     6          2.08       44.48       46.38          2.63
 920608  22     4     2          2.12       32.32       34.43          0.60
 920608  23    10     6          8.63       66.12       69.43          2.73
 920608  24     6     2          2.23       18.72       19.98          0.47
1
 
                   MAX
            TOTAL  SIM                MAXIMUM CPS                   CONNECT
 DATE  HOUR USERS USERS            IN         OUT       TOTAL         HOURS
 
 
 920609   1     0     0          0.00        0.00        0.00          0.00
 920609   2    14     4          3.55       68.93       71.57          2.13
 920609   3    20     6          7.18      101.55      106.95          3.33
 920609   4     4     2          3.85       40.55       42.92          0.37
 920609   5     6     2          3.83       84.98       86.43          0.57
 920609   6     6     6          4.72      194.80      199.52          1.33
 920609   7    18     6          4.72      194.80      199.52          2.67
 920609   8     8     6          5.85       92.07       97.92          1.53
 920609   9    14     6          7.73      123.60      131.33          0.93
 920609  10     8     6          7.32       53.45       57.80          1.00
 920609  11    26     6         22.48       57.68       76.78          2.33
 920609  12     6     4          2.88       87.25       89.95          2.50
 920609  13    14     6          2.87       73.08       75.95          3.93
 920609  14    18     8          4.50      117.72      122.22          5.37
 920609  15    12    10          6.53      133.98      140.52          5.17
 920609  16    20     6          6.78      117.88      121.62          4.87
 920609  17    12     8          5.10       33.48       35.62          4.23
 920609  18    18    10          5.82      100.42      105.52          5.43
 920609  19    22    10          8.52      117.43      123.18          4.37
 920609  20    20     8          7.67       88.70       93.30          4.70
 920609  21    28    10         11.00       94.85      105.85          4.30
 920609  22    16     8          4.47      120.42      124.88          4.77
 920609  23    24     8          5.93       69.08       73.82          4.23
 920609  24    12     6          7.95       86.83       94.78          1.90
1
 
                   MAX
            TOTAL  SIM                MAXIMUM CPS                   CONNECT
 DATE  HOUR USERS USERS            IN         OUT       TOTAL         HOURS
 
 
 920610   1    16    12          6.15      149.95      156.10          3.43
 920610   2    22    12          6.15      149.95      156.10          6.27
 920610   3    32    10         27.13      152.92      162.75          6.30
 920610   4    10     4          3.57       61.52       63.23          1.47
 920610   5     6     4          3.57       38.48       42.05          0.53
 920610   6     8     4          5.55      128.05      133.60          0.60
 920610   7     4     2          3.50       13.58       17.08          0.13
 920610   8     0     0          0.00        0.00        0.00          0.00
 920610   9     0     0          0.00        0.00        0.00          0.00
 920610  10     0     0          0.00        0.00        0.00          0.00
 920610  11     2     2          1.92       10.95       12.87          0.63
 920610  12    18    10         30.13       92.53      122.67          4.47
 920610  13    18    10          5.17      158.98      164.15          5.10
 920610  14    16     6          3.87       80.43       83.62          4.00
 920610  15    14     6          4.90       84.27       89.17          3.50
 920610  16     8     6          1.48       38.12       39.60          4.23
 920610  17     8     6          2.08       41.73       43.82          4.10
 920610  18    14     8          2.80       98.70      101.20          5.57
 920610  19    36    12         25.80      152.35      159.63          7.73
 920610  20    14    10         21.10      121.65      134.92          6.50
 920610  21    24    14         10.15      164.83      171.23          7.60
 920610  22    30    12          5.45      143.52      148.35          6.73
 920610  23    10     4          4.07       50.97       52.53          2.10
 920610  24    10     4          3.40       41.82       43.17          0.97
1
 
                   MAX
            TOTAL  SIM                MAXIMUM CPS                   CONNECT
 DATE  HOUR USERS USERS            IN         OUT       TOTAL         HOURS
 
 
 920611   1     8     6          2.12       86.10       88.22          3.07
 920611   2    14    12          8.85      173.25      182.10          4.63
 920611   3     6     6          2.18       94.33       96.52          2.53
 920611   4    20     8          6.57      105.50      111.17          3.70
 920611   5    10     4          3.65       69.28       70.73          1.43
 920611   6     0     0          0.00        0.00        0.00          0.00
 920611   7     8     4          3.00      166.92      169.75          0.63
 920611   8     2     2          2.32       86.82       89.13          0.20
 920611   9     0     0          0.00        0.00        0.00          0.00
 920611  10     0     0          0.00        0.00        0.00          0.00
 920611  11     4     4          1.73       62.32       64.05          0.20
 920611  12    18     8          4.25      108.40      112.65          4.90
 920611  13    20    10          6.28      145.55      151.83          7.00
 920611  14    32    14         62.63      215.60      225.17          7.03
 920611  15    40    12         62.63      109.87      143.52         10.50
 920611  16    12    10          3.87       84.88       88.75          6.50
 920611  17    24    10          8.75       93.00       99.33          6.53
 920611  18    10     4          2.93       48.72       50.15          3.53
 920611  19    10     6          2.60       46.23       48.83          3.87
 920611  20     4     4          1.43       38.47       39.90          2.47
 920611  21     6     4          4.32       25.02       29.33          2.37
 920611  22     2     2          3.12        8.08       11.20          0.50
 920611  23     2     2          1.47       45.45       46.92          0.30
 920611  24     8     6          2.60       92.37       94.97          2.03
1
 
                   MAX
            TOTAL  SIM                MAXIMUM CPS                   CONNECT
 DATE  HOUR USERS USERS            IN         OUT       TOTAL         HOURS
 
 
 920612   1     8     4          1.95       51.00       52.57          0.80
 920612   2    10     4          4.33      106.60      109.85          2.10
 920612   3     6     2          6.07       41.87       43.18          1.07
 920612   4    10     6          6.48       83.55       88.08          2.43
 920612   5     4     2          2.65       35.05       36.90          0.70
 920612   6     4     2          2.35       27.22       29.57          0.60
 920612   7    10     2          4.77       52.62       55.20          0.50
 920612   8     2     2          1.72       78.40       80.12          0.90
 920612   9     2     2          1.32       49.55       50.87          1.07
 920612  10     6     4          2.60       85.35       87.53          2.07
 920612  11     2     2          1.73       43.67       45.40          2.00
 920612  12     6     2          1.73       43.67       45.40          0.70
 920612  13    12     8          5.75      148.07      153.82          3.47
 920612  14    18    14          5.63      205.15      210.78          6.23
 920612  15    26    12          6.25      174.42      180.67          7.20
 920612  16     6     4          1.58       43.20       44.78          3.10
 920612  17    10     8          5.12       85.10       90.22          5.50
 920612  18    14     8          4.65       66.62       69.10          6.20
 920612  19    20    10          4.68       75.75       80.43          7.07
 920612  20    20    12          4.28      122.93      127.22          8.80
 920612  21    12     8          2.08       38.75       39.87          4.10
 920612  22    20     8          8.68       91.02       95.42          3.90
 920612  23    10     4          3.35       67.45       70.80          1.80
 920612  24    10     6          4.80      124.82      129.62          2.27
1     MAXIMUM OF MAXIMUM SIMULTANEOUS USERS
 
 
                   MAX
            TOTAL  SIM                MAXIMUM CPS                   CONNECT
 DATE  HOUR USERS USERS            IN         OUT       TOTAL         HOURS
 
 920610  21    24    14         10.15      164.83      171.23          7.60
 
 
     MAXIMUM OF CONNECT HOURS
 
 
                   MAX
            TOTAL  SIM                MAXIMUM CPS                   CONNECT
 DATE  HOUR USERS USERS            IN         OUT       TOTAL         HOURS
 
 920611  15    40    12         62.63      109.87      143.52         10.50
1

-SEND LASALES
Type letter:
; PCOM v1.63 - processed: (LASALES)042PCO.LOG = (LASALES)TLSOUT
; Options: DETACH  LOG NOAPPEND SUPERSEDE LICENSE 
; Limits: TIME:60 TRULIMIT:0 
; Status: completed.
; Output recorded in file (LASALES)042PCO.LOG.

End of SAIL execution
-LOGOUT
137.08 tru
terminal time: 0:06:36
    @a