- 
-TYPE NIS452.622
1
 
                   MAX
            TOTAL  SIM                MAXIMUM CPS                   CONNECT
 DATE  HOUR USERS USERS            IN         OUT       TOTAL         HOURS
 
 
 920622   1     0     0          0.00        0.00        0.00          0.00
 920622   2     0     0          0.00        0.00        0.00          0.00
 920622   3     0     0          0.00        0.00        0.00          0.00
 920622   4     0     0          0.00        0.00        0.00          0.00
 920622   5     0     0          0.00        0.00        0.00          0.00
 920622   6     0     0          0.00        0.00        0.00          0.00
 920622   7     0     0          0.00        0.00        0.00          0.00
 920622   8     0     0          0.00        0.00        0.00          0.00
 920622   9     0     0          0.00        0.00        0.00          0.00
 920622  10     0     0          0.00        0.00        0.00          0.00
 920622  11     0     0          0.00        0.00        0.00          0.00
 920622  12     0     0          0.00        0.00        0.00          0.00
 920622  13     0     0          0.00        0.00        0.00          0.00
 920622  14     0     0          0.00        0.00        0.00          0.00
 920622  15     0     0          0.00        0.00        0.00          0.00
 920622  16     0     0          0.00        0.00        0.00          0.00
 920622  17     0     0          0.00        0.00        0.00          0.00
 920622  18     0     0          0.00        0.00        0.00          0.00
 920622  19     0     0          0.00        0.00        0.00          0.00
 920622  20     0     0          0.00        0.00        0.00          0.00
 920622  21     0     0          0.00        0.00        0.00          0.00
 920622  22     0     0          0.00        0.00        0.00          0.00
 920622  23     0     0          0.00        0.00        0.00          0.00
 920622  24     0     0          0.00        0.00        0.00          0.00
1
 
                   MAX
            TOTAL  SIM                MAXIMUM CPS                   CONNECT
 DATE  HOUR USERS USERS            IN         OUT       TOTAL         HOURS
 
 
 920623   1     0     0          0.00        0.00        0.00          0.00
 920623   2     0     0          0.00        0.00        0.00          0.00
 920623   3     0     0          0.00        0.00        0.00          0.00
 920623   4     0     0          0.00        0.00        0.00          0.00
 920623   5     0     0          0.00        0.00        0.00          0.00
 920623   6     0     0          0.00        0.00        0.00          0.00
 920623   7     0     0          0.00        0.00        0.00          0.00
 920623   8     0     0          0.00        0.00        0.00          0.00
 920623   9     0     0          0.00        0.00        0.00          0.00
 920623  10     0     0          0.00        0.00        0.00          0.00
 920623  11     0     0          0.00        0.00        0.00          0.00
 920623  12     0     0          0.00        0.00        0.00          0.00
 920623  13     0     0          0.00        0.00        0.00          0.00
 920623  14     0     0          0.00        0.00        0.00          0.00
 920623  15     0     0          0.00        0.00        0.00          0.00
 920623  16     0     0          0.00        0.00        0.00          0.00
 920623  17     0     0          0.00        0.00        0.00          0.00
 920623  18     0     0          0.00        0.00        0.00          0.00
 920623  19     0     0          0.00        0.00        0.00          0.00
 920623  20     0     0          0.00        0.00        0.00          0.00
 920623  21     0     0          0.00        0.00        0.00          0.00
 920623  22     0     0          0.00        0.00        0.00          0.00
 920623  23     0     0          0.00        0.00        0.00          0.00
 920623  24    12    10        100.70       88.45      189.15          0.28
1     MAXIMUM OF MAXIMUM SIMULTANEOUS USERS
 
 
                   MAX
            TOTAL  SIM                MAXIMUM CPS                   CONNECT
 DATE  HOUR USERS USERS            IN         OUT       TOTAL         HOURS
 
 920623  24    12    10        100.70       88.45      189.15          0.28
 
 
     MAXIMUM OF CONNECT HOURS
 
 
                   MAX
            TOTAL  SIM                MAXIMUM CPS                   CONNECT
 DATE  HOUR USERS USERS            IN         OUT       TOTAL         HOURS
 
 920623  24    12    10        100.70       88.45      189.15          0.28
1

- 
- 
- 
- 
- 
- 
-TYPE NIS4271.622
1
 
                   MAX
            TOTAL  SIM                MAXIMUM CPS                   CONNECT
 DATE  HOUR USERS USERS            IN         OUT       TOTAL         HOURS
 
 
 920622   1     0     0          0.00        0.00        0.00          0.00
 920622   2     0     0          0.00        0.00        0.00          0.00
 920622   3     0     0          0.00        0.00        0.00          0.00
 920622   4     0     0          0.00        0.00        0.00          0.00
 920622   5     0     0          0.00        0.00        0.00          0.00
 920622   6     0     0          0.00        0.00        0.00          0.00
 920622   7     0     0          0.00        0.00        0.00          0.00
 920622   8     0     0          0.00        0.00        0.00          0.00
 920622   9     0     0          0.00        0.00        0.00          0.00
 920622  10     0     0          0.00        0.00        0.00          0.00
 920622  11     0     0          0.00        0.00        0.00          0.00
 920622  12     0     0          0.00        0.00        0.00          0.00
 920622  13     0     0          0.00        0.00        0.00          0.00
 920622  14     0     0          0.00        0.00        0.00          0.00
 920622  15     0     0          0.00        0.00        0.00          0.00
 920622  16     0     0          0.00        0.00        0.00          0.00
 920622  17     0     0          0.00        0.00        0.00          0.00
 920622  18     0     0          0.00        0.00        0.00          0.00
 920622  19     0     0          0.00        0.00        0.00          0.00
 920622  20     0     0          0.00        0.00        0.00          0.00
 920622  21     0     0          0.00        0.00        0.00          0.00
 920622  22     0     0          0.00        0.00        0.00          0.00
 920622  23     0     0          0.00        0.00        0.00          0.00
 920622  24     0     0          0.00        0.00        0.00          0.00
1
 
                   MAX
            TOTAL  SIM                MAXIMUM CPS                   CONNECT
 DATE  HOUR USERS USERS            IN         OUT       TOTAL         HOURS
 
 
 920623   1     0     0          0.00        0.00        0.00          0.00
 920623   2     0     0          0.00        0.00        0.00          0.00
 920623   3     0     0          0.00        0.00        0.00          0.00
 920623   4     0     0          0.00        0.00        0.00          0.00
 920623   5     0     0          0.00        0.00        0.00          0.00
 920623   6     0     0          0.00        0.00        0.00          0.00
 920623   7     0     0          0.00        0.00        0.00          0.00
 920623   8     0     0          0.00        0.00        0.00          0.00
 920623   9     0     0          0.00        0.00        0.00          0.00
 920623  10     0     0          0.00        0.00        0.00          0.00
 920623  11     0     0          0.00        0.00        0.00          0.00
 920623  12     0     0          0.00        0.00        0.00          0.00
 920623  13     0     0          0.00        0.00        0.00          0.00
 920623  14     0     0          0.00        0.00        0.00          0.00
 920623  15     0     0          0.00        0.00        0.00          0.00
 920623  16     0     0          0.00        0.00        0.00          0.00
 920623  17     0     0          0.00        0.00        0.00          0.00
 920623  18     0     0          0.00        0.00        0.00          0.00
 920623  19     0     0          0.00        0.00        0.00          0.00
 920623  20     0     0          0.00        0.00        0.00          0.00
 920623  21     0     0          0.00        0.00        0.00          0.00
 920623  22     0     0          0.00        0.00        0.00          0.00
 920623  23     0     0          0.00        0.00        0.00          0.00
 920623  24     8     4        169.98       22.10      180.33          0.37
1     MAXIMUM OF MAXIMUM SIMULTANEOUS USERS
 
 
                   MAX
            TOTAL  SIM                MAXIMUM CPS                   CONNECT
 DATE  HOUR USERS USERS            IN         OUT       TOTAL         HOURS
 
 920623  24     8     4        169.98       22.10      180.33          0.37
 
 
     MAXIMUM OF CONNECT HOURS
 
 
                   MAX
            TOTAL  SIM                MAXIMUM CPS                   CONNECT
 DATE  HOUR USERS USERS            IN         OUT       TOTAL         HOURS
 
 920623  24     8     4        169.98       22.10      180.33          0.37
1

- 
- 
- 
- 
- 
- 
-TYPE NIS315.622
1
 
                   MAX
            TOTAL  SIM                MAXIMUM CPS                   CONNECT
 DATE  HOUR USERS USERS            IN         OUT       TOTAL         HOURS
 
 
 920622   1     0     0          0.00        0.00        0.00          0.00
 920622   2     0     0          0.00        0.00        0.00          0.00
 920622   3     0     0          0.00        0.00        0.00          0.00
 920622   4     0     0          0.00        0.00        0.00          0.00
 920622   5     0     0          0.00        0.00        0.00          0.00
 920622   6     0     0          0.00        0.00        0.00          0.00
 920622   7     0     0          0.00        0.00        0.00          0.00
 920622   8     0     0          0.00        0.00        0.00          0.00
 920622   9     0     0          0.00        0.00        0.00          0.00
 920622  10     0     0          0.00        0.00        0.00          0.00
 920622  11     0     0          0.00        0.00        0.00          0.00
 920622  12     0     0          0.00        0.00        0.00          0.00
 920622  13     0     0          0.00        0.00        0.00          0.00
 920622  14     0     0          0.00        0.00        0.00          0.00
 920622  15     0     0          0.00        0.00        0.00          0.00
 920622  16     0     0          0.00        0.00        0.00          0.00
 920622  17     0     0          0.00        0.00        0.00          0.00
 920622  18     0     0          0.00        0.00        0.00          0.00
 920622  19     0     0          0.00        0.00        0.00          0.00
 920622  20     0     0          0.00        0.00        0.00          0.00
 920622  21     0     0          0.00        0.00        0.00          0.00
 920622  22     0     0          0.00        0.00        0.00          0.00
 920622  23     0     0          0.00        0.00        0.00          0.00
 920622  24     0     0          0.00        0.00        0.00          0.00
1
 
                   MAX
            TOTAL  SIM                MAXIMUM CPS                   CONNECT
 DATE  HOUR USERS USERS            IN         OUT       TOTAL         HOURS
 
 
 920623   1     0     0          0.00        0.00        0.00          0.00
 920623   2     0     0          0.00        0.00        0.00          0.00
 920623   3     0     0          0.00        0.00        0.00          0.00
 920623   4     0     0          0.00        0.00        0.00          0.00
 920623   5     0     0          0.00        0.00        0.00          0.00
 920623   6     0     0          0.00        0.00        0.00          0.00
 920623   7     0     0          0.00        0.00        0.00          0.00
 920623   8     0     0          0.00        0.00        0.00          0.00
 920623   9     0     0          0.00        0.00        0.00          0.00
 920623  10     0     0          0.00        0.00        0.00          0.00
 920623  11     0     0          0.00        0.00        0.00          0.00
 920623  12     0     0          0.00        0.00        0.00          0.00
 920623  13     0     0          0.00        0.00        0.00          0.00
 920623  14     0     0          0.00        0.00        0.00          0.00
 920623  15     0     0          0.00        0.00        0.00          0.00
 920623  16     0     0          0.00        0.00        0.00          0.00
 920623  17     0     0          0.00        0.00        0.00          0.00
 920623  18     0     0          0.00        0.00        0.00          0.00
 920623  19     0     0          0.00        0.00        0.00          0.00
 920623  20     0     0          0.00        0.00        0.00          0.00
 920623  21     0     0          0.00        0.00        0.00          0.00
 920623  22     0     0          0.00        0.00        0.00          0.00
 920623  23     0     0          0.00        0.00        0.00          0.00
 920623  24    10    10         62.13      137.63      199.77          0.53
1     MAXIMUM OF MAXIMUM SIMULTANEOUS USERS
 
 
                   MAX
            TOTAL  SIM                MAXIMUM CPS                   CONNECT
 DATE  HOUR USERS USERS            IN         OUT       TOTAL         HOURS
 
 920623  24    10    10         62.13      137.63      199.77          0.53
 
 
     MAXIMUM OF CONNECT HOURS
 
 
                   MAX
            TOTAL  SIM                MAXIMUM CPS                   CONNECT
 DATE  HOUR USERS USERS            IN         OUT       TOTAL         HOURS
 
 920623  24    10    10         62.13      137.63      199.77          0.53
1

- 
- 
- 
- 
- 
- 
-TYPE NIS13125.622
1
 
                   MAX
            TOTAL  SIM                MAXIMUM CPS                   CONNECT
 DATE  HOUR USERS USERS            IN         OUT       TOTAL         HOURS
 
 
 920622   1     0     0          0.00        0.00        0.00          0.00
 920622   2     0     0          0.00        0.00        0.00          0.00
 920622   3     0     0          0.00        0.00        0.00          0.00
 920622   4     0     0          0.00        0.00        0.00          0.00
 920622   5     0     0          0.00        0.00        0.00          0.00
 920622   6     0     0          0.00        0.00        0.00          0.00
 920622   7     0     0          0.00        0.00        0.00          0.00
 920622   8     0     0          0.00        0.00        0.00          0.00
 920622   9     0     0          0.00        0.00        0.00          0.00
 920622  10     0     0          0.00        0.00        0.00          0.00
 920622  11     0     0          0.00        0.00        0.00          0.00
 920622  12     0     0          0.00        0.00        0.00          0.00
 920622  13     0     0          0.00        0.00        0.00          0.00
 920622  14     0     0          0.00        0.00        0.00          0.00
 920622  15     0     0          0.00        0.00        0.00          0.00
 920622  16     0     0          0.00        0.00        0.00          0.00
 920622  17     0     0          0.00        0.00        0.00          0.00
 920622  18     0     0          0.00        0.00        0.00          0.00
 920622  19     0     0          0.00        0.00        0.00          0.00
 920622  20     0     0          0.00        0.00        0.00          0.00
 920622  21     0     0          0.00        0.00        0.00          0.00
 920622  22     0     0          0.00        0.00        0.00          0.00
 920622  23     0     0          0.00        0.00        0.00          0.00
 920622  24     0     0          0.00        0.00        0.00          0.00
1
 
                   MAX
            TOTAL  SIM                MAXIMUM CPS                   CONNECT
 DATE  HOUR USERS USERS            IN         OUT       TOTAL         HOURS
 
 
 920623   1     0     0          0.00        0.00        0.00          0.00
 920623   2     0     0          0.00        0.00        0.00          0.00
 920623   3     0     0          0.00        0.00        0.00          0.00
 920623   4     0     0          0.00        0.00        0.00          0.00
 920623   5     0     0          0.00        0.00        0.00          0.00
 920623   6     0     0          0.00        0.00        0.00          0.00
 920623   7     0     0          0.00        0.00        0.00          0.00
 920623   8     0     0          0.00        0.00        0.00          0.00
 920623   9     0     0          0.00        0.00        0.00          0.00
 920623  10     0     0          0.00        0.00        0.00          0.00
 920623  11     0     0          0.00        0.00        0.00          0.00
 920623  12     0     0          0.00        0.00        0.00          0.00
 920623  13     0     0          0.00        0.00        0.00          0.00
 920623  14     0     0          0.00        0.00        0.00          0.00
 920623  15     0     0          0.00        0.00        0.00          0.00
 920623  16     0     0          0.00        0.00        0.00          0.00
 920623  17     0     0          0.00        0.00        0.00          0.00
 920623  18     0     0          0.00        0.00        0.00          0.00
 920623  19     0     0          0.00        0.00        0.00          0.00
 920623  20     0     0          0.00        0.00        0.00          0.00
 920623  21     0     0          0.00        0.00        0.00          0.00
 920623  22     0     0          0.00        0.00        0.00          0.00
 920623  23     0     0          0.00        0.00        0.00          0.00
 920623  24     2     2          0.47       14.03       14.50          0.27
1     MAXIMUM OF MAXIMUM SIMULTANEOUS USERS
 
 
                               TOTAL  SIM                MAXIMUM CPS                   CONNECT
 DATE  HOUR USERS USERS            IN         OUT       TOTAL         HOURS
 
 920623  24     2     2          0.47       14.03       14.50          0.27
 
 
     MAXIMUM OF CONNECT HOURS
 
 
                   MAX
            TOTAL  SIM                MAXIMUM CPS                   CONNECT
 DATE  HOUR USERS USERS            IN         OUT       TOTAL         HOURS
 
 920623  24     2     2          0.47       14.03       14.50          0.27
1

- 
- 
- 
- 
- 
- 
-TYPE NIS722.622

CAN NOT FIND FILE - NIS722.622

- 
- 
- 
- 
- 
- 
-TYPE NIS14682.622

CAN NOT FIND FILE - NIS146.622

- 
- 
- 
- 
- 
- 
-TYPE NIS14723.622

CAN NOT FIND FILE - NIS147.622

- 
- 
- 
- 
- 
- 
-TYPE NIS758.622

CAN NOT FIND FILE - NIS758.622

- 
- 
- 
- 
- 
- 
- 
- 
- 
- 
-TYPE NIS452.629

CAN NOT FIND FILE - NIS452.629

- 
- 
- 
- 
- 
- 
-TYPE NIS4271.629

CAN NOT FIND FILE - NIS427.629

- 
- 
- 
- 
- 
- 
-TYPE NIS315.629

CAN NOT FIND FILE - NIS315.629

- 
- 
- 
- 
- 
- 
-TYPE NIS13125.629

CAN NOT FIND FILE - NIS131.629

- 
- 
- 
- 
- 
- 
-TYPE NIS722.629

CAN NOT FIND FILE - NIS722.629

- 
- 
- 
- 
- 
- 
-TYPE NIS14682.629

CAN NOT FIND FILE - NIS146.629

- 
- 
- 
- 
- 
- 
-TYPE NIS14723.629

CAN NOT FIND FILE - NIS147.629

- 
- 
- 
- 
- 
- 
-TYPE NIS758.629

CAN NOT FIND FILE - NIS758.629

-SEND LASALES
Type letter:
; PCOM v1.63 - processed: (LASALES)045PCO.LOG = (LASALES)TLSOUT
; Options: DETACH  LOG NOAPPEND SUPERSEDE LICENSE 
; Limits: TIME:60 TRULIMIT:0 
; Status: completed.
; Output recorded in file (LASALES)045PCO.LOG.

End of SAIL execution
-LOGOUT
56.46 tru
terminal time: 0:08:07
 ^I!+