1
 
                   MAX
            TOTAL  SIM                MAXIMUM CPS                   CONNECT
 DATE  HOUR USERS USERS            IN         OUT       TOTAL         HOURS
 
 
 940328   1    10     4         10.10      123.40      127.42          0.18
 940328   2     8     2          5.12       97.90       99.70          0.57
 940328   3     4     1          1.43       12.67       14.02          0.10
 940328   4     2     2          1.92      139.08      141.00          0.37
 940328   5     4     2          2.75      284.97      287.72          0.30
 940328   6     0     0          0.00        0.00        0.00          0.00
 940328   7     1     1          1.40       10.27       11.67          0.03
 940328   8     1     1          3.83       40.08       43.92          0.05
 940328   9     2     1          3.72       24.32       28.03          0.08
 940328  10     2     1          1.70       11.78       13.48          0.33
 940328  11    20     5          5.30      252.77      258.00          1.22
 940328  12    17     5         17.20      350.15      355.18          2.60
 940328  13    45    10         32.87      802.27      810.10          5.85
 940328  14    88    16         65.88      993.35     1024.95         10.82
 940328  15   103    16         69.10      947.63      970.75         12.73
 940328  16   143    21         63.08      855.18      871.97         15.22
 940328  17   122    18        136.02      863.27      928.62         14.80
 940328  18   135    17        161.23      558.00      711.18         11.90
 940328  19   165    18        127.13      756.27      805.08         12.10
 940328  20   174    21        196.10      529.47      613.87         13.47
 940328  21   139    19        181.03      436.30      580.70         12.27
 940328  22   145    17        204.72      587.13      701.37         12.20
 940328  23   124    17        188.13      468.33      594.08         10.90
 940328  24    76    12        146.13      314.17      432.88          8.22
1
 
                   MAX
            TOTAL  SIM                MAXIMUM CPS                   CONNECT
 DATE  HOUR USERS USERS            IN         OUT       TOTAL         HOURS
 
 
 940329   1    64     9        232.20      239.68      389.37          5.97
 940329   2    56     7        228.70      169.95      311.75          2.83
 940329   3    16     4        201.15      132.27      224.50          1.40
 940329   4    10     2         84.55       35.97       95.18          0.38
 940329   5     3     1         35.30       11.42       45.78          0.08
 940329   6     3     2         75.72       18.73       94.45          0.12
 940329   7     1     1          1.40       10.23       11.63          0.02
 940329   8     1     1          3.72       32.72       36.43          0.03
 940329   9     3     2          4.05       32.77       36.55          0.22
 940329  10     2     1          3.72       67.47       70.08          0.33
 940329  11    25     8         31.63      733.60      740.53          3.75
 940329  12    34    10          6.12     1023.08     1029.20          5.77
 940329  13    44    12         35.42     1179.13     1192.57          8.32
 940329  14    97    17         55.22     1222.95     1237.15         12.65
 940329  15   243    24         85.57      904.72      919.33         14.57
 940329  16   175    21        104.13      874.03      943.30         16.12
 940329  17   143    20         89.75      674.82      686.68         15.17
 940329  18   147    15        176.08      509.97      557.90         11.38
 940329  19   161    17         71.00      508.92      548.05         11.85
 940329  20   189    20        171.05      636.05      723.35         12.47
 940329  21   148    17        203.77      526.32      609.55         13.13
 940329  22   182    19        206.32      668.37      751.77         12.95
 940329  23   126    16        282.93      491.80      582.22          9.83
 940329  24    86    11        172.55      462.90      518.32          7.25
1
 
                   MAX
            TOTAL  SIM                MAXIMUM CPS                   CONNECT
 DATE  HOUR USERS USERS            IN         OUT       TOTAL         HOURS
 
 
 940330   1    66    11        160.20      336.48      410.35          5.68
 940330   2    34     7        238.97      361.67      434.08          2.57
 940330   3    19     4        107.38      170.13      224.78          1.40
 940330   4    11     2         69.13       82.10      134.72          0.63
 940330   5     2     1          1.40       10.27       11.67          0.25
 940330   6     2     1          0.98      110.25      111.23          0.12
 940330   7     0     0          0.00        0.00        0.00          0.00
 940330   8     2     2          7.75       72.83       80.58          0.08
 940330   9     4     1          3.72       24.32       28.03          0.63
 940330  10     6     2          3.72      258.42      259.77          0.58
 940330  11    16     7         16.17      617.17      633.33          3.45
 940330  12    39    17         17.00     1149.40     1160.92          6.88
 940330  13   171    32         14.80     1441.30     1455.87         18.22
 940330  14   878    42         70.98     1492.80     1505.42         29.97
 940330  15  1106    52         96.58     1604.28     1616.82         36.57
 940330  16   559    44         69.20     1208.15     1232.37         25.40
 940330  17   220    24        173.30     1093.02     1109.68         18.43
 940330  18   157    21        140.40      770.58      852.57         14.45
 940330  19   146    18        129.42      572.47      701.88         13.37
 940330  20   205    17        142.78      570.85      707.58         12.80
 940330  21   152    17        174.67      491.23      548.87         12.35
 940330  22   151    19        156.83      589.78      642.65         12.15
 940330  23   123    15        335.48      568.87      687.88         10.35
 940330  24    89    12        173.87      443.17      533.03          8.43
1
 
                   MAX
            TOTAL  SIM                MAXIMUM CPS                   CONNECT
 DATE  HOUR USERS USERS            IN         OUT       TOTAL         HOURS
 
 
 940331   1    70    11        254.13      516.53      610.98          6.77
 940331   2    61     8        291.10      426.52      434.52          3.73
 940331   3    24     6        113.30      472.63      585.93          2.70
 940331   4     9     4         66.92      255.22      322.13          0.75
 940331   5     3     1          1.63       33.35       34.98          0.17
 940331   6     5     1         16.33      115.05      115.55          0.18
 940331   7     1     1          0.50      115.05      115.55          0.20
 940331   8     2     1          3.72      104.68      105.82          0.08
 940331   9     3     1          3.82       32.75       36.47          0.30
 940331  10     6     3          2.38      226.07      227.52          0.40
 940331  11    32     9         12.82      798.45      808.70          4.53
 940331  12    34     9         12.82      804.47      809.43          5.83
 940331  13    41    13         28.42     1142.48     1154.37          8.58
 940331  14   107    21         30.30     1361.52     1385.25         15.70
 940331  15   104    17         67.03      905.98      911.90         12.82
 940331  16   134    18        127.33      900.33      992.77         14.57
 940331  17   131    18         84.13      821.68      836.27         12.90
 940331  18   139    18        110.03      559.63      576.55         12.80
 940331  19    98    16        122.42      540.55      578.80         11.53
 940331  20   190    20        137.05      550.05      656.55         12.57
 940331  21   135    15        137.10      527.38      636.60         11.78
 940331  22   144    16        143.45      465.50      503.30         12.52
 940331  23   149    16        216.45      477.60      567.42         10.70
 940331  24    91    11        136.13      315.72      404.43          7.27
1
 
                   MAX
            TOTAL  SIM                MAXIMUM CPS                   CONNECT
 DATE  HOUR USERS USERS            IN         OUT       TOTAL         HOURS
 
 
 940401   1    65     9        225.53      408.60      473.57          5.73
 940401   2    57     7        146.65      250.07      344.35          4.42
 940401   3    30     4        163.50      149.65      258.62          2.25
 940401   4     9     4         24.27       98.30      111.32          0.92
 940401   5     6     1          1.97       52.90       53.42          0.43
 940401   6     1     1          1.08      137.07      138.15          0.07
 940401   7     1     1          1.40       10.27       11.67          0.02
 940401   8     1     1          4.00       40.08       44.08          0.03
 940401   9     6     3          4.38       29.88       34.27          0.72
 940401  10     9     3          4.78       34.50       38.83          0.87
 940401  11    36    10         12.62      945.32      956.75          4.47
 940401  12    27     7         14.15      777.35      790.77          4.22
 940401  13    57    11         20.22      907.52      919.90          7.10
 940401  14    95    13         27.58      881.53      889.75         10.13
 940401  15    86    15         50.80      972.48      987.18         10.23
 940401  16   112    16         59.00      811.70      837.10         12.12
 940401  17   114    14         42.40      729.42      744.95         10.50
 940401  18   104    14         41.23      623.40      638.58          8.98
 940401  19    90    13         37.22      517.97      538.13          8.22
 940401  20   111    14        120.70      491.80      531.58          9.15
 940401  21   111    13        171.57      450.10      520.93          8.50
 940401  22   104    13        101.55      421.00      486.20          8.12
 940401  23    88    10        105.87      388.62      474.52          6.40
 940401  24    56     8         60.52      551.90      559.95          5.23
1     MAXIMUM OF MAXIMUM SIMULTANEOUS USERS
 
 
                   MAX
            TOTAL  SIM                MAXIMUM CPS                   CONNECT
 DATE  HOUR USERS USERS            IN         OUT       TOTAL         HOURS
 
 940330  15  1106    52         96.58     1604.28     1616.82         36.57
 
 
     MAXIMUM OF CONNECT HOURS
 
 
                   MAX
            TOTAL  SIM                MAXIMUM CPS                   CONNECT
 DATE  HOUR USERS USERS            IN         OUT       TOTAL         HOURS
 
 940330  15  1106    52         96.58     1604.28     1616.82         36.57
1
  