1
 
                   MAX
            TOTAL  SIM                MAXIMUM CPS                   CONNECT
 DATE  HOUR USERS USERS            IN         OUT       TOTAL         HOURS
 
 
 940328   1    16     4          3.93      173.93      176.87          1.78
 940328   2     7     3          2.57      137.97      140.53          1.47
 940328   3     5     3          3.60       72.95       76.32          0.90
 940328   4    13     4          3.38      147.88      151.08          2.33
 940328   5     6     3          2.32      103.20      104.13          1.47
 940328   6     7     3          3.13      143.70      146.83          0.75
 940328   7     4     2          2.02      121.18      122.10          0.90
 940328   8     2     2          2.02       98.05      100.07          0.67
 940328   9     0     0          0.00        0.00        0.00          0.00
 940328  10     0     0          0.00        0.00        0.00          0.00
 940328  11     0     0          0.00        0.00        0.00          0.00
 940328  12     4     3          0.45      112.60      113.03          0.37
 940328  13    27    12          3.60      355.53      359.13          6.63
 940328  14    30    19          6.43      651.83      658.27         14.07
 940328  15    42    20          3.57      561.40      564.93         15.92
 940328  16    29    18          4.65      410.72      413.70         12.73
 940328  17    22    13          3.62      389.32      392.87         10.42
 940328  18    28    13          7.15      400.35      405.15         10.02
 940328  19    32    14          3.88      356.13      359.68         10.12
 940328  20    33    18          8.37      437.07      445.43         12.92
 940328  21    35    19          4.95      346.62      351.57         12.00
 940328  22    34    17          4.03      357.28      360.22         13.27
 940328  23    32    13          5.05      342.35      345.23         10.05
 940328  24    27    12          4.32      285.22      289.53          7.43
1
 
                   MAX
            TOTAL  SIM                MAXIMUM CPS                   CONNECT
 DATE  HOUR USERS USERS            IN         OUT       TOTAL         HOURS
 
 
 940329   1    23    11          3.72      423.95      427.67          5.42
 940329   2    23     7          6.37      361.90      365.30          5.28
 940329   3    23    10          4.88      331.33      336.22          7.03
 940329   4    20     9         10.23      355.95      362.10          6.78
 940329   5    10     4          1.62      106.35      107.97          1.62
 940329   6     4     4          4.80      197.50      202.30          2.03
 940329   7     0     0          0.00        0.00        0.00          0.00
 940329   8     0     0          0.00        0.00        0.00          0.00
 940329   9     5     2          1.68      231.55      233.23          0.33
 940329  10     1     1          0.28       57.17       57.45          0.27
 940329  11     0     0          0.00        0.00        0.00          0.00
 940329  12     2     1          0.15       26.62       26.77          0.75
 940329  13    16    10          2.67      259.18      261.85          5.68
 940329  14    34    16          4.93      459.22      464.15         10.75
 940329  15    30    14          4.22      356.60      360.75         10.45
 940329  16    19     9          5.72      334.98      340.32          6.92
 940329  17    20     9          4.40      378.12      381.02          6.35
 940329  18    23     9         12.52      350.28      353.60          5.00
 940329  19    23     9         13.87      217.28      219.95          6.88
 940329  20    12     7          1.50      163.15      164.65          5.67
 940329  21    11     8          3.08      192.12      195.20          5.70
 940329  22    14     8          3.73      191.65      195.38          6.68
 940329  23    25    11         27.93      316.13      344.07          6.87
 940329  24    27    11         51.57      334.43      337.30          7.98
1
 
                   MAX
            TOTAL  SIM                MAXIMUM CPS                   CONNECT
 DATE  HOUR USERS USERS            IN         OUT       TOTAL         HOURS
 
 
 940330   1    40    16          8.02      679.37      686.60         10.02
 940330   2    24    13          5.30      422.77      428.07          8.73
 940330   3    16     7          2.40      315.18      317.10          4.87
 940330   4    21     9          3.38      345.85      348.60          5.32
 940330   5    16     6          6.90      237.47      244.37          2.30
 940330   6     3     2          1.83       57.52       59.35          0.23
 940330   7     4     2          1.48       43.72       43.95          0.70
 940330   8     2     2          1.48       14.68       16.17          0.85
 940330   9     1     1          0.30       14.48       14.78          0.03
 940330  10     1     1          0.75       19.47       20.22          0.03
 940330  11     1     1          0.17       34.22       34.38          0.03
 940330  12     4     3          0.60      107.37      107.97          1.17
 940330  13    27    15         69.85      520.52      567.30          6.88
 940330  14    59    18          7.50      646.12      650.83         12.40
 940330  15    37    12          5.02      356.67      361.68         10.25
 940330  16    27    13          4.85      295.35      297.50         10.03
 940330  17    23    16          5.27      377.50      382.67         12.70
 940330  18    22    11          4.72      231.13      235.85          8.82
 940330  19    24    12          4.43      257.65      262.08          8.83
 940330  20    17    11          4.15      238.60      240.90          8.07
 940330  21    18     9          2.28      222.20      224.48          6.42
 940330  22    21     9          4.27      203.17      207.43          6.23
 940330  23    30    13          5.88      365.65      370.50          9.73
 940330  24    33    13         11.40      388.12      393.45         10.02
1
 
                   MAX
            TOTAL  SIM                MAXIMUM CPS                   CONNECT
 DATE  HOUR USERS USERS            IN         OUT       TOTAL         HOURS
 
 
 940331   1    21    12         10.12      357.15      367.27          6.58
 940331   2    16     6          2.67      180.05      182.72          3.67
 940331   3    17     7          3.08      290.53      293.62          4.07
 940331   4    14     6          4.77      280.50      284.75          3.70
 940331   5    12     3          3.23      226.18      227.60          1.48
 940331   6     2     1          2.27       67.98       70.25          0.12
 940331   7     3     2          2.30       70.98       73.22          0.72
 940331   8     1     1          1.53       23.17       24.70          0.55
 940331   9     0     0          0.00        0.00        0.00          0.00
 940331  10     1     1          1.55       23.58       25.13          0.03
 940331  11     4     2          1.18      112.83      113.62          0.62
 940331  12     7     3          1.03      112.20      113.10          0.52
 940331  13    24    11          2.37      298.03      300.40          5.40
 940331  14    38    15          5.68      545.23      549.20         10.42
 940331  15    29    12         65.60      387.45      390.75          8.00
 940331  16    30    17         68.78      431.40      489.48         14.22
 940331  17    28    13         17.75      287.43      305.18         11.12
 940331  18    25    13          5.73      278.05      283.78         10.25
 940331  19    26    16          5.23      352.77      357.43         11.47
 940331  20    32    14          3.65      259.55      263.00         10.75
 940331  21    24    10          5.43      244.52      249.95          8.05
 940331  22    28    13          5.47      408.42      413.28         11.18
 940331  23    28    15          5.22      350.85      356.07         11.42
 940331  24    35    21          8.22      573.68      581.27         15.02
1
 
                   MAX
            TOTAL  SIM                MAXIMUM CPS                   CONNECT
 DATE  HOUR USERS USERS            IN         OUT       TOTAL         HOURS
 
 
 940401   1    33    12          5.98      303.70      308.32          8.38
 940401   2    23     9          4.57      346.40      350.67          6.38
 940401   3    16     8          4.27      346.40      350.67          4.08
 940401   4     5     3          2.53      173.90      176.43          1.25
 940401   5     6     2          3.62       71.63       74.48          1.03
 940401   6     3     2          3.00       62.90       65.90          0.33
 940401   7     3     2          2.15      175.43      177.58          0.55
 940401   8     0     0          0.00        0.00        0.00          0.00
 940401   9     0     0          0.00        0.00        0.00          0.00
 940401  10     1     1          0.65       48.85       49.50          0.03
 940401  11     5     3          2.08       99.53      100.92          1.50
 940401  12     6     3          2.40      118.13      120.53          1.42
 940401  13    14     3          4.83       98.02      100.13          1.02
 940401  14    24     7          6.75      174.13      177.82          2.68
 940401  15    31    18          5.22      621.92      625.92          9.88
 940401  16    31    17          3.92      427.02      430.23         10.27
 940401  17    21    13          4.87      469.22      474.08          8.73
 940401  18    26    11          6.17      449.93      455.57          7.92
 940401  19    26    13          7.58      402.70      408.73          9.98
 940401  20    28    11          6.03      410.87      414.93          7.07
 940401  21    28    13          7.08      554.38      558.80         10.23
 940401  22    17    11          3.58      330.80      333.78          7.77
 940401  23    22     9          3.78      355.33      359.12          6.10
 940401  24    13     7          2.27      279.92      282.18          3.63
1     MAXIMUM OF MAXIMUM SIMULTANEOUS USERS
 
 
                   MAX
            TOTAL  SIM                MAXIMUM CPS                   CONNECT
 DATE  HOUR USERS USERS            IN         OUT       TOTAL         HOURS
 
 940331  24    35    21          8.22      573.68      581.27         15.02
 
 
     MAXIMUM OF CONNECT HOURS
 
 
                   MAX
            TOTAL  SIM                MAXIMUM CPS                   CONNECT
 DATE  HOUR USERS USERS            IN         OUT       TOTAL         HOURS
 
 940328  15    42    20          3.57      561.40      564.93         15.92
1
  