1
 
                   MAX
            TOTAL  SIM                MAXIMUM CPS                   CONNECT
 DATE  HOUR USERS USERS            IN         OUT       TOTAL         HOURS
 
 
 940328   1    10     2          2.80      133.38      134.18          0.28
 940328   2     7     2         67.48       54.40      121.88          0.18
 940328   3     4     1          1.45       67.55       68.02          0.12
 940328   4     3     1          1.40       90.70       91.22          0.25
 940328   5     2     1          3.73       37.07       40.80          0.07
 940328   6     0     0          0.00        0.00        0.00          0.00
 940328   7     1     1          0.63       81.80       82.43          0.12
 940328   8     0     0          0.00        0.00        0.00          0.00
 940328   9     1     1          0.30        7.13        7.43          0.05
 940328  10     6     2          2.15      177.93      178.63          0.83
 940328  11    18     4          8.13      341.47      344.72          1.55
 940328  12    22     6          4.42      438.38      442.50          2.90
 940328  13    49    12         39.77     1102.12     1113.53          6.67
 940328  14    88    14         44.25     1217.88     1227.55         11.18
 940328  15    90    16         30.27      946.63      976.90         12.52
 940328  16   139    20        122.38     1141.57     1171.18         15.42
 940328  17   162    21        177.88     1054.70     1090.28         15.68
 940328  18   142    20        137.33      691.78      764.62         12.58
 940328  19   165    16        216.27      552.75      598.57         11.90
 940328  20   215    19        234.00      588.10      719.23         13.82
 940328  21   141    18        220.87      720.88      907.50         13.27
 940328  22   148    17        194.97      519.28      575.10         12.75
 940328  23   165    17        248.75      638.20      742.07         11.35
 940328  24   103    14        218.53      394.45      472.80          8.28
1
 
                   MAX
            TOTAL  SIM                MAXIMUM CPS                   CONNECT
 DATE  HOUR USERS USERS            IN         OUT       TOTAL         HOURS
 
 
 940329   1    74    10        121.12      343.87      433.25          6.15
 940329   2    37     9        143.57      313.85      438.82          3.30
 940329   3    19     4        188.35      103.23      258.80          1.43
 940329   4    10     2        132.70       88.83      203.30          1.23
 940329   5     1     1         16.62       10.53       27.15          0.02
 940329   6     2     1          1.40       10.27       11.67          0.05
 940329   7     1     1          0.78       21.23       22.02          0.03
 940329   8     0     0          0.00        0.00        0.00          0.00
 940329   9     0     0          0.00        0.00        0.00          0.00
 940329  10     8     3          4.48       74.58       75.25          0.67
 940329  11    23     7         10.80      740.22      744.80          3.77
 940329  12    27     9         11.18      818.35      822.68          5.15
 940329  13    53    12         42.90     1191.37     1226.28          8.82
 940329  14    79    18         57.30     1174.50     1197.93         12.90
 940329  15   154    22        154.10     1186.42     1214.62         13.68
 940329  16   135    20        105.93      949.62      992.12         16.00
 940329  17   151    19        133.55      870.17      891.83         15.28
 940329  18   125    15        210.20      613.22      623.53         10.73
 940329  19   169    21        114.28      527.38      597.68         12.27
 940329  20   217    20        126.48      605.50      665.60         13.40
 940329  21   188    21        164.02      584.10      690.52         13.47
 940329  22   150    17        185.80      428.43      562.00         12.53
 940329  23   123    18        216.23      585.12      677.50          9.48
 940329  24   101    11        325.58      489.58      608.10          7.05
1
 
                   MAX
            TOTAL  SIM                MAXIMUM CPS                   CONNECT
 DATE  HOUR USERS USERS            IN         OUT       TOTAL         HOURS
 
 
 940330   1    68    10        181.05      264.05      445.10          5.47
 940330   2    40     6        126.50      214.25      246.98          2.82
 940330   3    24     3         93.95      169.50      210.37          1.35
 940330   4     7     2         48.72      152.87      154.72          0.67
 940330   5     3     1          1.48       10.28       11.77          0.07
 940330   6     0     0          0.00        0.00        0.00          0.00
 940330   7     0     0          0.00        0.00        0.00          0.00
 940330   8     1     1          3.72       32.75       36.47          0.03
 940330   9     2     1          3.72       32.75       36.47          0.05
 940330  10     3     2          2.33       84.92       85.68          0.30
 940330  11    26     8         10.03      834.22      839.75          3.63
 940330  12    36    14         10.67     1105.70     1111.10          7.17
 940330  13    65    24         30.47     1658.68     1673.58         16.97
 940330  14   112    25         79.02     1608.50     1628.37         19.28
 940330  15   106    28         39.93     1671.72     1694.70         22.75
 940330  16   144    24         61.10     1550.62     1566.67         20.32
 940330  17   138    23         71.00     1307.32     1325.87         17.98
 940330  18   132    20        113.88      714.70      726.00         14.35
 940330  19   172    21        162.23      695.15      734.37         13.90
 940330  20   200    18        127.35      607.87      715.23         13.22
 940330  21   186    18        188.98      706.12      857.37         13.00
 940330  22   137    17        200.00      633.90      833.90         12.23
 940330  23   146    16        220.92      722.30      894.80         10.93
 940330  24    89    11        235.10      665.60      789.38          7.38
1
 
                   MAX
            TOTAL  SIM                MAXIMUM CPS                   CONNECT
 DATE  HOUR USERS USERS            IN         OUT       TOTAL         HOURS
 
 
 940331   1    70    10        168.80      574.80      639.55          6.40
 940331   2    37    10        210.12      323.37      354.98          3.97
 940331   3    27     5        133.18      181.62      313.63          2.20
 940331   4     6     2          1.40      114.43      115.27          0.95
 940331   5     7     2         39.30      116.92      117.50          0.42
 940331   6     3     2          2.30       51.55       53.85          0.13
 940331   7     2     1         39.70       52.48       92.18          0.10
 940331   8     0     0          0.00        0.00        0.00          0.00
 940331   9     2     1          3.72       32.75       36.47          0.08
 940331  10     5     2          1.68      212.03      213.50          0.42
 940331  11    28     8          6.15      766.68      772.83          4.25
 940331  12    33     9          8.98      710.22      714.52          5.77
 940331  13    52    16         24.57     1139.33     1152.70          8.90
 940331  14    92    19         30.95     1430.38     1456.80         15.52
 940331  15   100    17        126.08     1020.05     1051.00         12.62
 940331  16   122    18         40.63      979.68      995.75         14.32
 940331  17   140    17        191.32      840.35      906.22         13.03
 940331  18   150    20        145.32      603.95      646.87         12.98
 940331  19   122    17        163.17      832.42      883.10         11.97
 940331  20   201    19        110.18      568.12      612.02         12.55
 940331  21   155    16        149.20      549.02      604.97         12.15
 940331  22   158    17        217.47      582.97      654.45         12.60
 940331  23   121    15        209.50      557.85      654.82         10.72
 940331  24    95    13        239.22      465.70      681.85          7.63
1
 
                   MAX
            TOTAL  SIM                MAXIMUM CPS                   CONNECT
 DATE  HOUR USERS USERS            IN         OUT       TOTAL         HOURS
 
 
 940401   1    79    11        161.63      462.88      478.77          5.75
 940401   2    47     7        237.83      411.05      585.47          3.88
 940401   3    18     6         55.57       91.52      147.08          1.38
 940401   4     7     2         30.78      119.08      119.80          0.40
 940401   5     4     3          4.23       30.80       35.03          0.18
 940401   6     1     1          0.20        1.58        1.78          0.12
 940401   7     1     1          1.40       10.27       11.67          0.02
 940401   8     1     1          1.33       12.60       13.93          0.03
 940401   9     1     1          0.33        2.78        3.12          0.20
 940401  10     4     1          3.75       33.07       36.82          0.12
 940401  11    25     9         14.35      849.20      863.55          4.30
 940401  12    36     9         15.08      836.77      845.85          5.15
 940401  13    50    10         33.28      973.03      992.35          6.50
 940401  14   106    14        118.27     1000.32     1113.70         10.50
 940401  15   103    15         33.42      741.05      760.60         10.87
 940401  16   118    16        161.02      914.83      928.82         11.92
 940401  17   120    15         48.07      802.12      836.88         10.72
 940401  18   117    15         50.43      524.75      558.78          9.22
 940401  19   107    13         75.08      418.83      437.53          8.28
 940401  20   119    13        115.08      463.87      527.98          8.90
 940401  21    91    12        100.92      436.82      442.83          7.48
 940401  22    92    12        137.02      549.30      557.00          8.02
 940401  23    81    10         55.35      494.67      535.62          6.65
 940401  24    58    10         94.35      434.83      446.15          5.42
1     MAXIMUM OF MAXIMUM SIMULTANEOUS USERS
 
 
                   MAX
            TOTAL  SIM                MAXIMUM CPS                   CONNECT
 DATE  HOUR USERS USERS            IN         OUT       TOTAL         HOURS
 
 940330  15   106    28         39.93     1671.72     1694.70         22.75
 
 
     MAXIMUM OF CONNECT HOURS
 
 
                   MAX
            TOTAL  SIM                MAXIMUM CPS                   CONNECT
 DATE  HOUR USERS USERS            IN         OUT       TOTAL         HOURS
 
 940330  15   106    28         39.93     1671.72     1694.70         22.75
1
  