                         TITLE                         TAPE NO.   1    POS. NO.
       DS: 10 TRIBES                                                        1
       DS: PYRAMID                                                       1786
       DS: PYRAMID                                                       2909
       DS: EZRA                                                          2960
       DS: TILL I COME                                                   3976
       DS: PYRAMID                                                       4029
       DS: TEMPLE AND JESUS CHRIST                                       4988

                         TITLE                         TAPE NO.   2    POS. NO.
       MOVIE: RUN SILENT-RUN DEEP                                           1
       MOVIE: SEVEN DAYS IN MAY                                          2159
       WWII: D-DAY AND IKE (CBS REPORTS)                                 3833
       WWII: D-DAY INVASION (NIGHTLINE)                                  4375
       MOVIE: DR. MUDD                                                   4753
       STAR TREK: MIRROR-MIRROR                                          4845
       NCAA: 1987 FINAL-INDY VS SYRACUSE                                 5335

                         TITLE                         TAPE NO.   3    POS. NO.
       DS: POWER OF GOD                                                     1
       DS: TEMPLARS                                                       249
       DS: LAST DAYS                                                     1734
       DS: RESURRECTION                                                  2984
       DS: FERMAMENT                                                     3685
       DS: POWER OF GOD                                                  4752
       DS: JESUS AND BRITIAN                                             4962
       DS: PYRAMID                                                       5152

                         TITLE                         TAPE NO.   4    POS. NO.
       NBA: 1985 CHAMP 7-LA AT BOSTON                                       1
       MOVIE: DRACULA                                                    2754
       PRES POLITICS: TV AND THE PRESIDENCY                              4102
       LINCOLN ASS: THEY'VE KILLED THE PRES.                             5335

                         TITLE                         TAPE NO.   5    POS. NO.
       MOVIE: LONELY ARE THE BRAVE                                          1
       MOVIE: 1776                                                       2090
       SPACE: NASA-1ST 25 YEARS (NOVA)                                   4619
       STAR TREK: WAY TO EDEN                                            5267

                         TITLE                         TAPE NO.   6    POS. NO.
       MOVIE: CRACK IN THE WORLD                                            1
       MOVIE: CHANGLING                                                  1744
       MOVIE: HAUNTING PASSION                                           3364
       STAR TREK: AMOK TIME                                              4617
       CARTOON: GREAT PUMKIN CHARLIE BROWN                               5138
       CULTS: UNIVERSALISM (AM SF)                                       5440

                         TITLE                         TAPE NO.   7    POS. NO.
       HISTORY: NUCLEAR STRATEGY (NOVA)                                     1
       MOVIE: GRAY LADY DOWN                                             1455
       MOVIE: HANGER 18                                                  3104
       DS: DR. SCOTT INTERVIEW                                           4437
       STAR TREK: BREAD AND CIRCUSES                                     4514
       STAR TREK: ASSIGNMENT EARTH                                       5040

                         TITLE                         TAPE NO.   8    POS. NO.
       MUSIC: JUDY GARLAND                                                  1
       STAR TREK: PARADISE SYNDROME                                      2342
       F-POLICY: MORALITY OF US/USSR FP'S                                3069
       STAR TREK: THOLIAN WEB                                            3884





                         TITLE                         TAPE NO.   8    POS. NO.
       CONSTITUTION: WAR POWERS ACT                                      4459
       CARTOON: GARFIELD ON VACATION                                     5122
       CULTS: UNIVERSALISM                                               5383
       MUSIC: THEME FROM ELLERY QUEEN                                    5602

                         TITLE                         TAPE NO.   9    POS. NO.
       MUSIC: TONY BENNET AND BOSTON POPS                                   1
       NFL: 1984 WASHINGTON AT SF                                         917
       PRES POLITICS: FERRARO VS BUSH                                    4339
       MOVIES: COMING ATTRACTIONS                                        5343
       GG BRIDGE: SPAN OF GOLD                                           5514

                         TITLE                         TAPE NO.  10    POS. NO.
       DS: HISTORICAL SUMMARY                                               1
       DS: RUSSIAN ORGINS                                                1437
       DS: NEPHATI                                                       2882
       DS: HITLER AND SPEAR OF DESTINY                                   3632
       RELIGION: WORLD RELIGIONS (BUCKLEY)                               4592
       DS: RUSSIA AND BABYLON                                            5153

                         TITLE                         TAPE NO.  11    POS. NO.
       DS: EYGPTIAN ORIGINS                                                 1
       DS: STORY OF JACOB                                                1923
       DS: GOSPEL IN THE STARS                                           2975
       DS: IRELAND'S ORIGINS                                             4049
       DS: CONNECTION-EYGPT/BRITIAN/IRELAND                              4834
       DS: GIDEON                                                        5217

                         TITLE                         TAPE NO.  12    POS. NO.
       STAR TREK: PATTERNS OF FORCE                                         1
       NCAA: 1986 FINAL-DUKE VS LOUISVILLE                               1154
       CIVIL AND THE JEWS: INTO THE FUTURE                               2021
       STAR TREK: REQUIEM FOR MATHUSALEH                                 2988
       STAR TREK: BALANCE OF TERROR                                      3614
       BATTLESTAR: LIVING LEGEND                                         4307
       MUSIC: KATE SMITH-GOD BLESS AMERICA                               5418
       CULTS: CHANNELING                                                 5477

                         TITLE                         TAPE NO.  13    POS. NO.
       MOVIE: KING AND I                                                    1
       MOVIE: CASABLANCA                                                 3130
       STAR TREK: TASTE OF ARMAGEDDON                                    4640
       STAR TREK: CITY ON THE EDGE OF FOREVER                            5129

                         TITLE                         TAPE NO.  14    POS. NO.
       MOVIE: DIRTY HARRY                                                   1
       CONSTITUTION: RIGHT TO KNOW VS DEFENSE                            1620
       MOVIE: DAY THE EARTH STOOD STILL                                  2641
       CONSTITUTION: RIGHT TO LIFE                                       4149
       EVOLUTION: CREATION OF UNIVERSE                                   4853

                         TITLE                         TAPE NO.  15    POS. NO.
       MOVIE: FROM RUSSIA WITH LOVE                                         1
       NFL: 1989 PLAY-VIKINGS AT 49ERS                                   2554
       HISTORY: MCLAUGHLIN AND THE 1990'S                                4667
       HISTORY: KISSINGER INTERVIEW (12/89)                              5317
       RFK ASS: RFK KILLING (UNSOLVED MYSTERY)                           5605

                         TITLE                         TAPE NO.  16    POS. NO.
       DS: JONAH                                                            1





                         TITLE                         TAPE NO.  16    POS. NO.
       DS: JEREMIAH AND LOST TRIBES                                      1409
       DS: XMAS MESSAGE                                                  3990
       RELIGION: FUNDALMENTALIST ANONYMOUS                               4681
       CULTS: RAMTHA                                                     5361
       RELIGION: JIMMY SWAGGART SCANDAL                                  5696
       MUSIC: AMY GRANT CHRISMAS                                         5720

                         TITLE                         TAPE NO.  17    POS. NO.
       MOVIE: HAUNTING                                                      1
       NFL: 1984 NFC CHAMP-CHICAGO AT SF                                 2216
       MOVIE: FORBEN PROJECT                                             4349
       MLB: 1987 NL PLAYOFF PREVIEW                                      5438
       MOVIE: UNDEBT                                                     5680
       MUSIC VIDEO: MONSTERS                                             5737

                         TITLE                         TAPE NO.  18    POS. NO.
       MOVIE: SUPERMAN                                                      1
       MOVIE: HOLOCAUST 2000                                             2991
       MOVIE: SHENANDOAH                                                 4286
       WWII: PATTON-MAN BEHIND THE MYTH                                  5415
       MUSIC VIDEO: ANYTHING FOR YOU                                     5720
       MUSIC VIDEO: CHANGING LOVE                                        5755

                         TITLE                         TAPE NO.  19    POS. NO.
       PRES POLITICS: INAUGURAL 1985                                        1
       NFL: 1985 SB 19 - MIAMI VS SF                                      628
       ABORTION (20/20)                                                  3440
       MUSIC: TONY TENILLE/JOHN MATHSIS                                  3869
       MUSIC: SHENNA EASTON                                              3952
       MOVIE: KING OF KINGS                                              3988
       STAR TREK: RETROSPECTIVE                                          5236

                         TITLE                         TAPE NO.  20    POS. NO.
       MOVIE: KING OF KINGS PT. 2                                           1
       MOVIE: THAT'S ENTERTAINMENT                                       1788
       MOVIE: YOU ONLY LIVE TWICE                                        3698
       STAR TREK: ALTERNATIVE FACTOR                                     5123
       HISTORY: CHERNENKO FUNERAL                                        5603

                         TITLE                         TAPE NO.  21    POS. NO.
       MOVIE: PETER AND PAUL                                                1
       MOVIE: ROBE                                                       2143
       CULTS: SATAN WORSHIP (20/20)                                      3936
       RELIGION: TV EVANGELISTS (60 MINS)                                4259
       WWII: TWISTED CROSS                                               4439
       MUSIC: JOHNNY MATHIS CONCERT                                      5061

                         TITLE                         TAPE NO.  22    POS. NO.
       MOVIE: STAR TREK 2-WRATH OF KAHN                                     1
       MOVIE: ON THE BEACH                                               2602
       STAR TREK: ENTERPRIZE INCIDENT                                    4721
       STAR TREK: NAKED TIME                                             5297

                         TITLE                         TAPE NO.  23    POS. NO.
       MOVIE: PATTON                                                        1
       NBA: 1985 CHAMP 4-BOSTON AT LA                                    3536
       MOVIE: SILENT SCREAM AND COMMENT                                  5164

                         TITLE                         TAPE NO.  24    POS. NO.
       DS:                                                                  1





                         TITLE                         TAPE NO.  24    POS. NO.
       SERMONS: SWAGGART-GOD'S GLORY IN JC                               1247
       SERMONS: GRAHAM-JUST SAY NO                                       1970
       SERMONS: GRAHAM-DECISION TIME                                     2976
       DS: EMPIRES AND THE ANTI-CHRIST                                   3857
       RELIGION: WORSHIPPING EVIL (WINFREY)                              4582
       SERMONS: GRAHAM-LOVING FATHER                                     5266
       SERMONS: GRAHAM-FACING THE CROSS                                  5578

                         TITLE                         TAPE NO.  25    POS. NO.
       MOVIE: MAROONED                                                      1
       MOVIE: ROOSTER COGBURN                                            2979
       LOST IN SPACE                                                     4256
       LOST IN SPACE                                                     4903
       LOST IN SPACE                                                     4975
       LOST IN SPACE                                                     5080
       LOST IN SPACE                                                     5665

                         TITLE                         TAPE NO.  26    POS. NO.
       MOVIE: STAR TREK 3-SEARCH FOR SPOCK                                  1
       MOVIES: BLOOPERS                                                  2385
       MOVIE: SAME TIME NEXT YEAR                                        2458
       MOVIE: HARDWARE WARS                                              4153
       MOVIE: BAMBI VS GODZILLA                                          4318
       MOVIE: CLOSE ENC OF THE NERD KIND                                 4340
       BOXING: HAGLER VS HEARNS                                          4493
       NFL: 1981 GREAT MOMENTS-SD AT MAIMI                               4636
       NFL: 1981 GREAT MOMENTS-DALLAS AT SF                              4911
       SPACE: CHALLENGER DISASTER (NIGHTLINE)                            5120
       SPACE: CHALLENGER FOLLOWUP (NEWS)                                 5740

                         TITLE                         TAPE NO.  27    POS. NO.
       ICE SKATING                                                          1
       DEBATE: OXFORD-MORALITY OF NUKES                                   146
       SERMONS: GRAHAM                                                   1545
       STAR TREK: ERRAND OF MERCY                                        2622
       MOVIE: GOLDFINGER                                                 3291
       STAR TREK: TROUBLE WITH TRIBBLES                                  4712
       STAR TREK: DOOMSDAY MACHINE                                       5204

                         TITLE                         TAPE NO.  28    POS. NO.
       MOVIE: DIAMONDS ARE FOREVER                                          1
       BIOGRAPHY: MARTIN LUTHER KING                                     2573
       STAR TREK: JOURNEY TO BABEL                                       4124
       STAR TREK: A PRIVATE LITTLE WAR                                   4643
       STAR TREK: IMMUNITY SYNDROME                                      5136
       NIXON: INTERVIEW                                                  5620
       MUSIC: AMY GRANT INTERVIEW                                        5649
       EVOLUTION: SCOPES II (NEWS)                                       5739

                         TITLE                         TAPE NO.  29    POS. NO.
       STAR TREK: ELAAN OF TROYIUS                                          1
       SPACE: COLUMBIA LAUNCH                                            1442
       STAR TREK: LIGHTS OF ZETAR                                        1526
       STAR TREK: WHERE NO MAN HAS GONE BEFORE                           2339
       MOVIE: CHINA SYNDROME                                             3030
       RELIGION: CHURCH AND GAYS (DONNAHUE)                              5124

                         TITLE                         TAPE NO.  30    POS. NO.
       MOVIE: SPARTACUS                                                     1
       MOVIES: SPENCER TRACY TRIBUTE                                     4040





                         TITLE                         TAPE NO.  30    POS. NO.
       WWII: MACARTHER-THE DEFIANT GENERAL                               5429
       LOST IN SPACE                                                     5715
       RELIGION: SHROUD OF TURIN                                         5719
       NFL: FIELD GOAL                                                   5730
       COMERCIAL: MCDONALD'S                                             5735

                         TITLE                         TAPE NO.  31    POS. NO.
       MOVIE: THE WAY WE WERE                                               1
       MOVIE: SPY WHO LOVED ME                                           2609
       MOVIE: CINCINNATI KID                                             4376
       MOVIE: LAST DAYS OF PATTON                                        5453

                         TITLE                         TAPE NO.  32    POS. NO.
       MOVIE: LAST DAYS OF PATTON                                           1
       RELIGION: GAYS AND CHRIST                                         2687
       NBA: 1987 PLAY 7-LAKERS AT WARRIORS                               2979
       NBA: 1975 CHAMP WAR DOC                                      3597
       MOVIES: 25 YEARS OF JAMES BOND                                    3834
       MOVIE: RETURN OF BIONIC MAN AND WOMEN                             4406
       DC FOLLIES                                                        5505

                         TITLE                         TAPE NO.  33    POS. NO.
       MOVIE: MISSLES OF OCTOBER                                            1
       CHURCHILL-THE WILDERNESS YEARS                                    3099
       EVOLUTION: SCOPES II (BUCKLEY)                                    3925
       MOVIE: OMEN 1                                                     4608

                         TITLE                         TAPE NO.  34    POS. NO.
       STATUE OF LIBERTY: MAKING OF LIBERTY                                 1
       EVOLUTION                                                         1484
       RELIGION: RELIGION IN RUSSIA                                      2462
       F-POLICY: SEC.'S OF STATE                                         2948
       MOVIE: 20000 LEAGUES UNDER THE SEA                                3747
       MOVIE: THY KINGDOM COME/THY WILL BE DONE                          4891

                         TITLE                         TAPE NO.  35    POS. NO.
       MOVIE: YOUNG FRANKENSTEIN                                            1
       MOVIE: CROSSING MY HEART                                          2386
       MOVIE: LOST HORIZONS                                              3762
       COMEDY: MARK RUSSEL-12/89                                         5427
       MOVIES: JODY FOSTER                                               5717
       MOVIES: SPENCER TRACY                                             5765
       SINATRA: IN THE MOVIES                                            5784

                         TITLE                         TAPE NO.  36    POS. NO.
       MOVIES: DISNEY AND THE OSCARS                                        1
       MOVIE: STAR TREK 1-THE MOVIE                                      1229
       MAGNUM PI                                                         2633
       HISTORY: REAGAN'S MAGIC                                           5078

                         TITLE                         TAPE NO.  37    POS. NO.
       SPACE: ROCKY ROAD TO JUPITER (NOVA)                                  1
       PRES POLITICS: YOU WANT TO BE PRES?                               1507
       MOVIE: TEN COMMANDMENTS                                           2563

                         TITLE                         TAPE NO.  38    POS. NO.
       NFL: 49ERS - MASTERS OF THE GAME                                     1

                         TITLE                         TAPE NO.  39    POS. NO.
       MOVIE: BLACK HOLE                                                    1





                         TITLE                         TAPE NO.  39    POS. NO.
       VOYAGE/SEA:                                                       2201
       MOVIE: MUTINY ON THE BOUNTY                                       3148
       TV: HONEYMOONERS ANNIVERSARY SPECIAL                              5330

                         TITLE                         TAPE NO.  40    POS. NO.
       TV: HONEYMOONERS ANNIVERSARY SPECIAL                                 1
       BIOGRAPHY: ROSE KENNEDY                                            871
       F-POLICY: NAVAL AVAITION AND US POLICY                            1865
       VOYAGE/SEA: AND 5 OF US OUR LEFT                                  3322
       ROCKFORD FILES: GRAND JURY                                        4010
       BIG VALLEY: 1ST SHOW                                              4456
       MLB: 1987 NL PENNANT CLINCHING BY SF                              5207
       COMEDY: MARK RUSSEL SPECIAL (6/89)                                5290
       MLB: HIGHLIGHTS OF NBC COVERAGE                                   5572
       NEWS: INVASION OF PANAMA                                          5699

                         TITLE                         TAPE NO.  41    POS. NO.
       HISTORY: ISRAEL-WHAT PRICE VICTORY?                                  1
       MOVIE: SPECIAL ADDITION                                           1448
       VOYAGE/SEA: DOOMSDAY                                              3115
       HISTORY: OUR WORLD-FALL/1938                                      3938
       MOVIE: THE BUNKER                                                 4546

                         TITLE                         TAPE NO.  42    POS. NO.
       MUSIC: STREISAND CONCERT                                             1
       STAR TREK NG: JOURNEY TO FARPOINT                                 1631
       MOVIE: SKOAKIE                                                    3236
       STAR TREK NG: NAKED ONE                                           4984
       DC FOLLIES                                                        5472
       MUSIC: WHITNEY HOUSTON                                            5662

                         TITLE                         TAPE NO.  43    POS. NO.
       MOVIE: CONQEST OF SPACE                                              1
       MOVIE: ROXANNE                                                    1949
       MOVIE: VOYAGE TO THE BOTTOM OF THE SEA                            3680
       EVOLUTION: MYSTERY OF MANKIND (NAT GEO)                           5003
       MOVIE: THE STAR                                                   5644
       STAR TREK: MISCELLANEOUS                                          5681

                         TITLE                         TAPE NO.  44    POS. NO.
       MOVIE: OMEN 2                                                        1
       MOVIE: OMEN 3                                                     2622
       MOVIE: 5 MILLION YEARS TO EARTH                                   4303
       DC FOLLIES                                                        5436

                         TITLE                         TAPE NO.  45    POS. NO.
       MOVIE: ESCAPE FROM NEW YORK                                          1
       MOVIE: ALIEN                                                      2240
       HISTORY: TV AND HISTORY                                           4443
       MOVIES: JOHN WAYNE TRIBUTE                                        5105

                         TITLE                         TAPE NO.  46    POS. NO.
       MOVIES: STEVE MCQUEEN TRIBUTE                                        1
       SERMONS: GRAHAM-SEX AND AIDS                                      1496
       MOVIE: WORLD WAR 3                                                2255
       STAR TREK NG: CONSPIRACY                                          5414

                         TITLE                         TAPE NO.  47    POS. NO.
       STAR TREK NG: CONSPIRACY (CONT)                                      1
       STAR TREK: CONSPIRACY (1ST PILOT)                                  362





                         TITLE                         TAPE NO.  47    POS. NO.
       NBA: 1988 CHAMP 7-PISTONS AT LAKERS                               1976
       MOVIE: GOING SOUTH                                                3036
       MOVIES: GRACE KELLY TRIBUTE                                       4492
       RELIGION: ATHEIST VS. CHRISTIAN                                   5181
       COMEDY: JOSH ASKEW                                                5660
       CARTOON: OPERATION RABBIT                                         5738

                         TITLE                         TAPE NO.  48    POS. NO.
       BEAUTY/BEAST: SONG OF ORPHEUS                                        1
       BEAUTY/BEAST: 1ST EPISODE                                         1276
       BEAUTY/BEAST: REMEMBER LOVE                                       2219
       BEAUTY/BEAST: GOD BLESS THE CHILD                                 2985
       BEAUTY/BEAST: DEAD OF WINTER                                      3671
       BEAUTY/BEAST: ASHES ASHES                                         4288
       BEAUTY/BEAST: A GENTLE RAIN                                       4839
       MOVIE: MUSIC BOX                                                  5366
       MLB: NOLAN RYAN'S 5000TH K                                        5684

                         TITLE                         TAPE NO.  49    POS. NO.
       HISTORY: SPY MACHINES (NOVA)                                         1
       PRES POLITICS: CAMP DAVID                                         1455
       HISTORY: JACK THE RIPPER                                          2525
       STAR TREK NG: ARSENAL OF DEMOCRACY                                3317
       SERMONS: GRAHAM-SHORTNESS OF LIFE                                 3918
       NFL: FANTASTIC FINISHES                                           4406
       NFL: 1988 49ERS AT GIANTS                                         4925
       RELIGION: IS THERE A GOD?                                         5256
       MUSIC: BARABARA STRIESAND RETROSPECTIVE                           5772

                         TITLE                         TAPE NO.  50    POS. NO.
       BEAUTY/BEAST: NOR IRON BARS A CAGE                                   1
       BEAUTY/BEAST: TO REIGN IN HELL                                    1467
       BEAUTY/BEAST: A HAPPY LIFE                                        2510
       BEAUTY/BEAST: CHINA MOON                                          3275
       BEAUTY/BEAST: MASQUES                                             4060
       BEAUTY/BEAST: DOWN TO A SUNLESS SEA                               4736
       BEAUTY/BEAST: EVERYTHING IS EVERYTHING                            5289

                         TITLE                         TAPE NO.  51    POS. NO.
       WORLD AT WAR: 01-GERMANY 33-39                                       1
       WORLD AT WAR: 02-DISTANT WAR 9/39-5/40                            1341
       WORLD AT WAR: 03-FRANCE FALLS                                     2341
       WORLD AT WAR: 04-ALONE:BRITIAN 5/40-5/41                          3178
       WORLD AT WAR: 05-BARBAROSA 6/41-12/41                             3835
       WORLD AT WAR: 06-BANZI                                            4565
       WORLD AT WAR: 07-ON THE WAY/US 40-42                              5148

                         TITLE                         TAPE NO.  52    POS. NO.
       WORLD AT WAR: 08-DESERT/N. AFRICA 40-43                              1
       WORLD AT WAR: 09-STALINGRAD                                       1358
       WORLD AT WAR: 10-WOLFPACK/UBOATS 39-44                            2341
       WORLD AT WAR: 11-RED STAR/RUSSIA 41-43                            3167
       WORLD AT WAR: 12-WHIRLWIND                                        3835
       WORLD AT WAR: 13-ITALY CAMP. 11/42-6/44                           4490
       WORLD AT WAR: 14-BURMA 42-44                                      5088

                         TITLE                         TAPE NO.  53    POS. NO.
       WORLD AT WAR: 15-HOME FIRES/BRITAN 40-44                             1
       WORLD AT WAR: 16-INSIDE THE REICH 40-44                           1389
       WORLD AT WAR: 17-MORNING 6/44-8/44                                2334





                         TITLE                         TAPE NO.  53    POS. NO.
       WORLD AT WAR: 18-OCC. OF HOLLAND 40-44                            3190
       WORLD AT WAR: 19-PINCERS 8/44-3/45                                4029
       WORLD AT WAR: 20-GENOCIDE 41-45                                   4654
       WORLD AT WAR: 21-GERMANY 2/45-5/45                                5243

                         TITLE                         TAPE NO.  54    POS. NO.
       WORLD AT WAR: 22-                                                    1
       WORLD AT WAR: 23-PACIFIC 2/42-7/45                                1385
       WORLD AT WAR: 23.5-TWO DEATHS OF HITLER                           2372
       ***                                                               3167

                         TITLE                         TAPE NO.  55    POS. NO.
       PRES POLITICS: HOW WE PICK PRESIDENTS                                1
       MOVIE: LATE GREAT PLANET EARTH                                    1466
       MOVIE: RAMBO 2                                                    3076
       MOVIES: TERROR IN THE AILES                                       4373
       TZONE: OBSOLETE MAN                                               5302
       TZONE: HOWLING MAN                                                5537

                         TITLE                         TAPE NO.  56    POS. NO.
       MOVIE: LIVING DAYLIGHTS                                              1
       MOVIE: VIEW TO A KILL                                             2823
       MOVIE: PRINCESS BRIDE                                             4610
       MUSIC VIDEO: EAT IT                                               5720
       NFL: THE CATCH                                                    5753
       CARTOON: LICKITY SPLIT                                            5771

                         TITLE                         TAPE NO.  57    POS. NO.
       MOVIE: WAR OF THE WORLDS                                             1
       MOVIE: WAR OF THE WORLDS 2                                        2076
       CLIMATE: GIAI-GODDESS OF THE EARTH                                3631
       STAR TREK NG: WE'LL ALWAYS HAVE PARIS                             4380
       SERMONS: GRAHAM-SHADOW OF THE CROSS                               4904
       SERMONS: GRAHAM-HOPE IN CHRIST                                    5243
       SERMONSL GRAHAM-CHRIST IN MARRIAGE                                5597

                         TITLE                         TAPE NO.  58    POS. NO.
       JFK ASS: WHO MURDERED JFK?                                           1
       PRES POLITICS: 1948 PRES ELECTION                                 2133
       MOVIE: STAR TREK 4-VOYAGE HOME                                    3080
       MOVIE: RUNNING MAN                                                4692

                         TITLE                         TAPE NO.  59    POS. NO.
       JFK ASS: NOVEMBER 22ND 1963                                          1

                         TITLE                         TAPE NO.  60    POS. NO.
       CRIME INC: 01-ALL IN THE FAMILY                                      1
       CRIME INC: 02-MAKING OF THE MOB                                   1312
       CRIME INC: 03-RACKET BUSTERS                                      2283
       CRIME INC: 04-BIRTHRIGHT OF GANGSTERS                             3104
       CRIME INC: 05-MOB AT WORK                                         3840
       CRIME INC: 06-MAKE IT LEGIMATE                                    4480
       CRIME INC: 07-OLD MOB AND NEW                                     5065

                         TITLE                         TAPE NO.  61    POS. NO.
       MOVIE: SUPERMAN 2                                                    1
       MOVIE: ROMEO AND JULIET                                           2770
       MOVIE: BACK TO SCHOOL                                             4683

                         TITLE                         TAPE NO.  62    POS. NO.
       MOVIE: PREDATOR                                                      1




                         TITLE                         TAPE NO.  62    POS. NO.
       MOVIE: UNTOUCHABLES                                               2414
       MOVIE: SABRINA                                                    4186
       TZONE: TO SERVE MAN                                               5515
       CARTOONS: DEATH OF MEL BLANC                                      5748

                         TITLE                         TAPE NO.  63    POS. NO.
       NFL: 1988 PLAY-VIKINGS AT 49ERS                                      1
       MOVIE: COURT JESTER                                               3060
       MOVIE: WALL STREET                                                4390

                         TITLE                         TAPE NO.  64    POS. NO.
       MOVIE: THE SEVENTH SIGN                                              1
       NFL: 1988 NFC CHAMP-SF AT CHICAGO                                 2259
       CULTS: SATAN WORSHIP (RIVERA)                                     4429
       PRES POLITICS: REAGAN FAREWELL SPEECH                             5474
       CLIMATE: BAD WEATHER/WINTER 88-89 (NEWS)                          5745
       MOVIES: PREVIEW- MANCHURIAN CANDIDATE                             5778
       MYSELF ON TV                                                      5789

                         TITLE                         TAPE NO.  65    POS. NO.
       STAR TREK NG: LOUD AS A WHISPER                                      1
       MOVIE: EARTH VS THE FLYING SAUCERS                                1152
       MOVIE: LETHAL WEAPON                                              2795
       PRES POLITICS: INAUGURAL 1989                                     4356
       NBA: 1988 PISTONS AT WARRIORS                                     5352
       CULTS: ELVIS MYSTICISM                                            5845

                         TITLE                         TAPE NO.  66    POS. NO.
       GOD/POLITICS: 01 THY KINGDOM COME                                    1
       GOD/POLITICS: 02-BATTLE FOR THE BIBLE                             2051
       GOD/POLITICS: 03-ON EARTH AS IS IN HEAVE                          3013
       MOVIE: MAN WHO SAW THE FUTURE                                     3857
       EVOLUTION: GOD/DARWIN AND DINOSAURS                               4970
       CULTS: TEMPLE OF THE GODMAKERS                                    5609

                         TITLE                         TAPE NO.  67    POS. NO.
       NFL: 1989 SB 23 - BENGALS VS SF                                      1
       MOVIE: ALIENS                                                     3380
       STAR TREK NG: MEASURE OF A MAN                                    5098
       CARTOON: GARFIELD HALLOWEEN                                       5586

                         TITLE                         TAPE NO.  68    POS. NO.
       MOVIE: OUTLAND                                                       1
       MOVIE: RAMBO 3                                                    2483
       MOVIE: DRAGNET                                                    4015
       STAR TREK NG: WHERE SILENCE HAS LEASE                             5323
       HISTORY: FINDING OF BISMARK                                       5795

                         TITLE                         TAPE NO.  69    POS. NO.
       MOVIE: FARENHEIT 451                                                 1
       MOVIE: NIGHT STALKER                                              2512
       MOVIE: MURPHY'S ROMANCE                                           3648
       SPACE 1999: DEATH'S OTHER DOMIAN                                  5002
       TZONE: MIDNIGHT SUN                                               5578

                         TITLE                         TAPE NO.  70    POS. NO.
       RELIGION: BIBLE INERRANCY DEBATE                                     1
       SERMONS: GRAHAM-PODIGAL SON                                        716
       CULTS: L.RON HUBBARD INT.                                         1469
       CULTS: MCCLAINES SPIRITUAL WORKOUT                                2576





                         TITLE                         TAPE NO.  70    POS. NO.
       CULTS: MEDIUMS R US                                               2605
       SERMONS: GRAHAM-OUR CORRUPTION                                    2718
       RELIGION: MARATHANA AND MISS AMERICA                              3204
       SERMONS: GRAHAM-RETURN TO GOD                                     3374
       CULTS: MCCLAINES' CAMP                                            3909
       CULTS: DEMON POSSESION/HAUNTED HOUSE                              4066
       CULTS: LIZ CLAIR PROPHET                                          4580
       CULTS: LIZ CLAIRE PROPHET                                         4820
       CULTS: SATAN WORSHIP IN PRISON                                    5476
       RELIGION: EXCORCISM                                               5512
       ***                                                               5684

                         TITLE                         TAPE NO.  71    POS. NO.
       DEBATE: MORALITY IN COMBAT                                           1
       MOVIE: ICE STATION ZEBRA                                          2359
       GEOLOGY: THE WORLD IS FULL OF OIL (NOVA)                          4445
       MOVIES: TRIBUTE TO GREGORY PECK                                   5112
       HISTORY: SOVIET DISUNION                                          5661

                         TITLE                         TAPE NO.  72    POS. NO.
       STAR TREK NG: CONTAGION                                              1
       SPACE 1999: GARDIAN OF PIRI                                       1149
       STAR TREK NG: TIME SQUARED                                        2187
       SPACE 1999: DRAGAN'S DOMAIN                                       2904
       SPACE 1999: END OF ETERNITY                                       3666
       STAR TREK NG: ICARIUS FACTOR                                      4333
       SPACE 1999: MATTER OF LIFE AND DEATH                              4845
       ROCKFORD FILES: AIRHEAD                                           5425

                         TITLE                         TAPE NO.  73    POS. NO.
       NFL: SF 49ERS-TEAM OF THE DECADE                                     1
       NCAA: 1989 FINAL-MICH VS SETAN HALL                               1480
       WWII: STRANGE DEATH OF THE DESERT FOX                             2614
       MOVIE: NIGHT STALKER                                              3047
       MOVIES: HOLLYWOOD SCANDALS                                        4292
       VOYAGE/SEA: CYBORG                                                5189
       MOVIES: SPENCER TRACY                                             5722
       SINATRA: IN THE MOVIES 2                                          5741

                         TITLE                         TAPE NO.  74    POS. NO.
       STAR TREK NG: Q WHO                                                  1
       SPACE 1999: EARTHBOUND                                            1144
       SPACE 1999: BREAKAWAY                                             2193
       SPACE 1999: WAR GAMES                                             3138
       STAR TREK NG: UP THE LONG LADDER                                  3868
       STAR TREK NG: UNNATURAL SELECTION                                 4417
       STAR TREK NG: THE EMISSARY                                        4925
       MOVIES: HISTORY OF SCI-FI MOVIES                                  5403
       CARTOON: DUCK DOGERS IN THE 24.5 CENTURY                          5633

                         TITLE                         TAPE NO.  75    POS. NO.
       MOVIE: SHOES OF THER FISHERMAN                                       1
       MOVIE: SPACE CAMP                                                 3083
       MOVIE: KENTUCKY FRIED MOVIE                                       4539
       MOVIES: TRIBUT TO BLACK/WHITE MOVIES                              5469
       MOVIES: DEATH OF LAWERENCE OLIVIER                                5684

                         TITLE                         TAPE NO.  76    POS. NO.
       WWII: HITLER-THE WHOLE STORY                                         1
       WWII: SACRAFICE AT PEARL HARBOR                                   2958





                         TITLE                         TAPE NO.  76    POS. NO.
       MOVIE: TIME MACHINE                                               4000
       HISTORY: DECADE OF THE 1980'S                                     5234

                         TITLE                         TAPE NO.  77    POS. NO.
       MOVIE: OCTOPUSSY                                                     1
       MOVIE: GORGO                                                      2803
       MOVIES: SISKEL AND EGBERT 500TH SHOW                              3900
       SPACE: MAN IN SPACE                                               4471
       HISTORY: TIANEMNET SQUARE                                         4996
       DEBATE: MADISON VS HENRY (CROSSFIRE)                              5506

                         TITLE                         TAPE NO.  78    POS. NO.
       SPACE 1999: SPACE BRAIN                                              1
       STAR TREK NG: PEAK PERFORMANCE                                    1371
       STAR TREK NG: SHADES OF GRAY                                      2223
       STAR TREK NG: LAST ENEMY                                          2960
       SPACE 1999: THE ENEMY                                             3738
       STAR TREK NG: COMMAND OF THE ENSIGNS                              4310
       STAR TREK NG: THE DEFECTOR                                        4836
       STAR TREK NG: BOOBY TRAP                                          5336

                         TITLE                         TAPE NO.  79    POS. NO.
       MOVIE: STEALING HOME                                                 1
       HISTORY: DEMOCRAT AND THE DICATOR                                 2264
       MOVIE: DIRTY HARRY                                                3153
       CARTOONS: TRIBUTE TO CHUCK JONES                                  4533
       STAR TREK NG: THE DEFECTOR                                        4836
       CARTOONS: TRIBUTE TO MEL BLANC                                    5197
       NFL: 49ERS HIGHLIGHTS OF THE 1980'S                               5714
       MLB: 1980'S HIGHLIGHTS                                            5764

                         TITLE                         TAPE NO.  80    POS. NO.
       MOVIE: CHAPTER 2                                                     1
       MOVIE: KAL 007 SHOOTDOWN                                          2778
       MOVIE: BIG                                                        4000
       COMEDY: ONE NIGHT STAND WITH RITA RUDNER                          5290
       CARTOON: CHARLIE BROWN HALLOWEEN                                  5584

                         TITLE                         TAPE NO.  81    POS. NO.
       45/85: 1945-1952                                                     1
       45/85: 1953-1960                                                  1389
       45/85: 1961-1975                                                  2431
       45/85: 1976-1985                                                  3277
       BIOGRAPHY: DAYS OF REASON-TRUMAN                                  4107
       WWII: PATTON AND THE 3RD ARMY                                     4759
       WWII: BENITO MUSSOLINI                                            5021
       BIOGRAPHY: FDR-MAN WHO CHANGED AMERICA                            5288
       EAGLE/BEAR-GLASNOST                                               6288
       WWII: JOSEPH GOEBELS                                              6532
       BIOGRAPHY: CHARLES LINDBERGH                                      6766
       JFK: IN HIS OWN WORDS                                             7000

                         TITLE                         TAPE NO.  82    POS. NO.
       MOVIE: DIE HARD                                                      1
       NFL: 1989 49ERS AT EAGLES                                         2876
       MLB: 1989 NL PLAYOFF-5 CUBS AT GIANTS)                            3553

                         TITLE                         TAPE NO.  83    POS. NO.
       MLB: 1989 WS-1 GIANTS AT A'S                                         1
       MLB: 1989 WS-2 GIANTS AT A'S                                      3261





                         TITLE                         TAPE NO.  83    POS. NO.
       MLB: 1989 WS-3 A'S AT GIANTS                                      5131
       NFL: 1990 SB 24 - INSIDE NFL PREVIEW                              5182
       MOVIES: DEATHS OF DAVIS JR. AND HENSEN                            5807

                         TITLE                         TAPE NO.  84    POS. NO.
       BIOGRAPHY: EVA PERON                                                 1
       BIOGRAPHY: BILLY MITCHELL                                          618
       BIOGRAPHY: WILL ROGERS                                            1139
       BIOGRAPHY: JOSEPH STALIN                                          1602
       BIOGRAPHY: TEDDY ROSSEVELT                                        2020
       BIOGRAPHY: MARK TWAIN                                             2405
       BIOGRAPHY: MARILYN MONROE                                         2766
       ***                                                               3178

                         TITLE                         TAPE NO.  85    POS. NO.
       XMAS: TOM AND JERRY XMAS CARTOONS                                    1
       XMAS: HOW THE GRENCH STOLE XMAS                                   1167
       XMAS: RUDOLPH THE RED NOSED REINDEER                              1683
       XMAS: CHARLIE BROWN XMAS                                          2575
       XMAS: FROSTIE THE SNOWMAN                                         2967
       XMAS: NIGHT BEFORE XMAS                                           3345
       XMAS: A XMAS CAROL (SCOTT)                                        3697
       XMAS: SHERI LEWIS XMAS CONCERT                                    4988
       XMAS: GARFIELD XMAS                                               5538
       ***                                                               5788

                         TITLE                         TAPE NO.  86    POS. NO.
       MOVIE: TERMINATOR                                                    1
       MOVIE: ADVENTURES IN BABYSITTING                                  2411
       MOVIE: WHAT'S UP DOC?                                             3936
       MOVIES: TRIBUTE TO WILLIAM HOLDEN                                 5095

                         TITLE                         TAPE NO.  87    POS. NO.
       MOVIE: BATMAN                                                        1

                         TITLE                         TAPE NO.  88    POS. NO.
       BEAUTY/BEAST: THOUGH LOVERS BE LOST                                  1

                         TITLE                         TAPE NO.  89    POS. NO.
       MOVIE: A THIEF IN THE NIGHT                                          1
       MOVIE: DISTANT THUNDER                                            1734
       MOVIE: IMAGE OF THE BEAST                                         3047
       MOVIE: PRODICAL SON                                               4338

                         TITLE                         TAPE NO.  90    POS. NO.
       MOVIE: SOLYENT GREEN                                                 1
       POLITICS: WASHINGTON REPORTERS INT.                               2255
       NFL: 1989 PLAYOFFS-RAMS AT 49ERS                                  3020
       SPORTS: 1980'S SPORTS HIGHLIGHTS                                  4782
       STAR TREK NG: THE HIGHGROUND                                      5054
       SERMONS: GRAHAM-                                                  5527

                         TITLE                         TAPE NO.  91    POS. NO.
       MOVIE: TWINS                                                         1
       NFL: 1990 SB 24 - 49ERS VS BRONCOS                                2437
       EVOLUTION: DAWN OF MAN                                            4912
       SERMONS: GRAHAM-AS IN NOE'S DAY                                   5579

                         TITLE                         TAPE NO.  92    POS. NO.
       MOVIE: EXCALIBAR                                                     1





                         TITLE                         TAPE NO.  92    POS. NO.
       NBA: 1990 ALL-STAR GAME                                           2590
       STAR TREK NG: YESTERDAY'S ENTERPRIZE                              4263
       STAR TREK NG: VENGENACE FACTOR                                    4787
       STAR TREK NG: SINS OF THE FATHER                                  5278
       SINATRA: SID MARK AND SINATRA                                     5741

                         TITLE                         TAPE NO.  93    POS. NO.
       PRES POLITICS: PRES PRESS SECS.                                      1
       MOVIE: JESUS OF NAZARETH                                          2562
       NIXON: INTERVIEW WITH KONDRACKE                                   4600
       HISTORY: WHO KILLED BOB CRANE                                     5597
       MYSTERY: DESIGNS IN THE WHEAT FIELDS                              5660

                         TITLE                         TAPE NO.  94    POS. NO.
       MOVIE: JESUS OF NAZARETH (CONT.)                                     1
       MOVIES: DISNEY AND MOMS                                           5105
       GG BRIDGE: COLOSSES OF THE GOLDEN GATE                            5529

                         TITLE                         TAPE NO.  95    POS. NO.
       GORBYS USSR: TASTE OF DEMOCRACY                                      1
       GORBYS USSR: COMFORTABLE LIES BITTER TRU                          2044
       GORBYS USSR: LOOKING FOR PERESTROIKA                              3450
       GORBYS USSR: COMING APART                                         4588

                         TITLE                         TAPE NO.  96    POS. NO.
       STAR TREK NG: BEST OF BOTH WORLDS                                    1

                         TITLE                         TAPE NO.  97    POS. NO.
       SUBS: NUCLEAR SUBS-SILENT WARRIORS                                   1

                         TITLE                         TAPE NO.  98    POS. NO.
       MOVIE: DIRTY DOZEN                                                   1
       MOVIE: THEM                                                       3115
       STAR TREK NG: HOLLOW PERSUITS                                     4454
       STAR TREK NG: SAREK                                               4961
       SPORTS: GREATEST MOMENTS IN SPORTS                                5435
       CARTOON: BUGS BUNNY                                               5718

                         TITLE                         TAPE NO.  99    POS. NO.
       STAR TREK NG: TRANSFIGURATION                                        1
       STAR TREK NG: REMEMBER ME?                                        1159
       STAR TREK NG: LEGACY                                              2051
       STAR TREK NG: REUNION                                             2809
       STAR TREK NG: FUTURE IMPERFECT                                    3479
       STAR TREK NG: FINAL MISSION                                       4083
       STAR TREK NG: THE LOSS                                            4641
       STAR TREK NG: THE WOUNDED                                         5164
       MOVIES: WHY PORN STARS DO IT                                      5654
       MADONNA                                                           5722
       FILLER: VEGAS SHAME                                               5760
       ***                                                               5784

                         TITLE                         TAPE NO. 100    POS. NO.
       JFK: A TIME REMEMBERED                                               1
       MOVIE: STAR CHAMBER                                               1490
       SINATRA: SINATRA TRIBUTE                                          3215
       STAR TREK NG: THE MIND'S EYE                                      4543
       STAR TREK NG: DEVIL'S DUE                                         5073
       EVOLUTION: DARWIN ON TRIAL                                        5569

                         TITLE                         TAPE NO. 101    POS. NO.
       CIVIL WAR                                                            1



                         TITLE                         TAPE NO. 102    POS. NO.
       CIVIL WAR                                                            1

                         TITLE                         TAPE NO. 103    POS. NO.
       WORLD W/O WAR: XXX                                                   1
       WORLD W/O WAR: XXXX                                                  2
       WORLD W/O WAR: IN COMMUNICATION AGE                                  3
       CLIMATE: ARTIC HAZE                                               3550

                         TITLE                         TAPE NO. 104    POS. NO.
       NFL: 1990 PLAY - REDSKINS AT 49ERS                                   1
       GULF WAR: BRINK OF WAR (FRONTLINE)                                2939
       IRAN/CONTRA-OCT. SURPRIZE                                         3803
       HISTORY: FALL OF CEACASESUS                                       4420
       STAR TREK NG: FIRST CONTACT                                       5130
       IRAN/CONTRA-8/5/91                                                5616
       RELIGION: CHRISTIANS AND BASEBALL                                 5698

                         TITLE                         TAPE NO. 105    POS. NO.
       MOVIE: PLANET OF THE APES                                            1

                         TITLE                         TAPE NO. 106    POS. NO.
       JFK ASS: BEST EVIDENCE                                               1

                         TITLE                         TAPE NO. 107    POS. NO.
       NFL: 1991 NFC CHAMP-GIANTS AT 49ERS                                  1
       SINATRA: SINATRA STORY                                            3680
       STAR TREK NG: GALAXY'S CHILD                                      4737
       DINASOURS: T.REX (NOVA)                                           5235

                         TITLE                         TAPE NO. 108    POS. NO.
       MOVIE: PHILADELPHIA EXPERIMENT                                       1

                         TITLE                         TAPE NO. 109    POS. NO.
       MOVIE: LAND THAT TIME FORGOT                                         1

                         TITLE                         TAPE NO. 110    POS. NO.
       NFL: 1991 SB 25 - BILLS VS GIANTS                                    1
       DEBATE: TRUST SOVIET PEACE INITIATIVE                             4228
       SOVIET COUP-8/19/91                                               4592

                         TITLE                         TAPE NO. 111    POS. NO.
       STAR TREK NG: REDEMPTION                                             1

                         TITLE                         TAPE NO. 112    POS. NO.
       THIRD REICH OCCULT: EGINIMA OF SWASTIKA                              1
       THIRD REICH OCCULT: SS-BLOOD AND SOUL                             1535
       THIRD REICH OCCULT: HIMMLER THE MYSTIC                            2935
       THIRD REICH OCCULT: ADOLF HITLER                                  4093

                         TITLE                         TAPE NO. 113    POS. NO.
       STAR TREK NG: HIDE AND Q                                             1
       STAR TREK NG: HAVEN                                               1165
       STAR TREK NG: SKIN OF EVIL                                        2061
       STAR TREK NG: NUETRAL ZONE                                        2823
       STAR TREK NG: THE HOST                                            3677
       STAR TREK: 25TH ANN. (ET)                                         4259
       STAR TREK NG: MIND'S EYE                                          4363
       STAR TREK: 25TH ANN.                                              4891

                         TITLE                         TAPE NO. 114    POS. NO.
       SOVIET COUP-8/20/91                                                  1




                         TITLE                         TAPE NO. 114    POS. NO.
       SOVIET COUP-8/21/91                                               1256
       SOVIET COUP-8/22/91                                               2303
       SOVIET COUP-8/23/91                                               3325
       SOVIET COUP-8/25/91                                               4807
       SOVIET COUP-8/26/91                                               5356

                         TITLE                         TAPE NO. 115    POS. NO.
       CULTS: NOSTRADAMOS UPDATE                                            1
       STAR TREK NG: XXX                                                 1511
       CULTS: LIZ PROPHET (KING)                                         2341
       STAR TREK NG: QPID                                                2935
       STAR TREK NG: DRUMHEAD                                            3639
       EINSTEIN: HOW I SEE THE WORLD                                     4345
       SERMONS: GRAHAM-OFFENSE OF THE CROSS                              5067
       SERMONS: GRAHAM-COMING JUDGEMENT                                  5449
       STAR TREK: GENE RODDENBURY'S DEATH                                5765

                         TITLE                         TAPE NO. 116    POS. NO.
       NBA: AWESOME ENDINGS                                                 1

                         TITLE                         TAPE NO. 117    POS. NO.
       MOVIE: MAGNIFICENT SEVEN                                             1

                         TITLE                         TAPE NO. 118    POS. NO.
       LBJ: 1-BEAUTIFUL TEXAS                                               1
       LBJ: 2-MY FELLOW AMERICANS                                        2205
       LBJ: 3-WE SHALL OVERCOME                                          3457
       LBJ: 4-THE LAST BELIEVER                                          4705

                         TITLE                         TAPE NO. 119    POS. NO.
       NFL: 1991 49ERS AT RAIDERS                                           1
       RELIGION: SHROUD OF TURIN                                         2823
       STAR TREK NG: DARMAK                                              3072
       MOVIE: ROBIN HOOD (FLYNN)                                         3707
       RELIGION: SECRETS OF DEAD SEA SCROLLS                             5008
       RELIGION: RELIGIOUS FRAUD                                         5647
       NBA: BIRD AND JOHNSON                                             5696

                         TITLE                         TAPE NO. 120    POS. NO.
       UFO: UFO SITINGS                                                     1
       STAR TREK NG: DISASTER                                            1240
       STAR TREK NG: UNIFICATION II                                      2113
       JFK ASS: KENNEDY KILLING                                          3487
       JFK ASS: WHO KILLED JFK                                           4085
       STAR TREK NG: A MATTER OF TIME                                    4794
       STAR TREK NG: I BORG                                              5289
       MOVIES: PAST STARS HOME MOVIES                                    5758

                         TITLE                         TAPE NO. 121    POS. NO.
       LINCOLN ASS: WHAT HAPPENED TO BOOTH                                  1
       DOC: THE FOURTH REICH                                              633
       NBA: 1992 ALL STAR GAME                                           1160

                         TITLE                         TAPE NO. 122    POS. NO.
       NFL: 1991 BEARS AT 49ERS                                             1
       SUBS: LIVING ON NUCLEAR SUBS (NOVA)                               3345
       CULTS: REV MOON (FRONTLINE)                                       4187
       JFK ASS: WHO DID IT (48 HRS)?                                     4910
       SERMONS: GRAHMAN-THE FENCE                                        5584

                         TITLE                         TAPE NO. 123    POS. NO.
       GULF WAR: MCLAUGHLIN 1/18/91                                         1



                         TITLE                         TAPE NO. 123    POS. NO.
       GULF WAR: MCLAUGHLIN 1/25/92                                       895
       GULF WAR: MCLAUGHLIN 2/1/92                                       1542
       GULF WAR: MCLAUGHLIN 2/8/92                                       2121
       GULF WAR: MCLAUGHLIN 2/15/92                                      2603
       GULF WAR: MCLAUGHLIN 2/22/92                                      3062
       GULF WAR: MCLAUGHLIN 3/1/92                                       3476
       PRES POLITICS: CAMPAIGN MANAGERS                                  3822

                         TITLE                         TAPE NO. 124    POS. NO.
       MOVIES: COMING SOON                                                  1

                         TITLE                         TAPE NO. 125    POS. NO.
       MOVIE: MAN FOR ALL SEASONS                                           1

                         TITLE                         TAPE NO. 126    POS. NO.
       MOVIE: AN AFFAIR TO REMEMBER                                         1

                         TITLE                         TAPE NO. 127    POS. NO.
       PROPHECY: MARK OF THE BEAST                                          1

                         TITLE                         TAPE NO. 128    POS. NO.
       STAR TREK NG: MASTERPIEC SOCIETY                                     1
       STAR TREK NG: CONONDRUM                                           1170
       STAR TREK NG: CAUSE AND EFFECT                                    2062
       STAR TREK NG: NIGHT TERRORS                                       2834
       STAR TREK NG: WHERE NO ONE HAS GONE BEFO                          3471
       STAR TREK NG: DATALORE                                            4075
       STAR TREK NG: 11001001                                            4632
       STAR TREK NG: THE OUTRAGEOUS OKONA                                5150
       UFO: KIRKBERG INCIDENT                                            5632
       CULTS: DEMONIC POSSESSION                                         5758

                         TITLE                         TAPE NO. 129    POS. NO.
       PROPHECY: READY TO REBUILD                                           1

                         TITLE                         TAPE NO. 130    POS. NO.
       EVOLUTION: APE MAN-MONKEY BUSINESS CALLE                             1

                         TITLE                         TAPE NO. 131    POS. NO.
       EVOLUTION: FASINATING DESIGN-EVIDENCE FO                             1

                         TITLE                         TAPE NO. 132    POS. NO.
       TV: CARSON'S LAST SHOW                                               1
       F-POLICY: US TOWARD ISRAEL AND SAUDI A.                           1477
       WATERGATE: WATERGATE-THE SECRET STORY                             2530
       JFK/RFK ASS: COINCIDENCE OR CONSPIRACY                            3910
       PRES POLITICS: CLINTON ACCEPTANCE SPEECH                          5015

                         TITLE                         TAPE NO. 133    POS. NO.
       MOVIE: HUNT FOR RED OCTOBER                                          1

                         TITLE                         TAPE NO. 134    POS. NO.
       MOVIE: YENTL                                                         1

                         TITLE                         TAPE NO. 135    POS. NO.
       GLORY/POWER: FIGHTING BACK                                           1
       GLORY/POWER: THIS IS OUR LAND                                     1557
       GLORY/POWER: REMAKING THE WORLD                                   4340

                         TITLE                         TAPE NO. 136    POS. NO.
       MOVIE: FIRST BLOOD                                                   1




                         TITLE                         TAPE NO. 137    POS. NO.
       PROPHECY: EUROPE 1992                                                1

                         TITLE                         TAPE NO. 138    POS. NO.
       PRES POLITICS: BUCHANAN/REAGAN SPEECHS                               1
       PRES POLITICS: QUALYE/BUSH ACCEPT SPEECH                          1949
       DOC: BETRAYAL OF DEMOCRACY                                        3617
       HISTORY: CUBAN MISSLE CRISIS                                      5115

                         TITLE                         TAPE NO. 139    POS. NO.
       MOVIE: DEFCON 4                                                      1

                         TITLE                         TAPE NO. 140    POS. NO.
       MOVIE: INDESTRUCTIBLE MAN                                            1

                         TITLE                         TAPE NO. 141    POS. NO.
       PROPHECY: NEW WORLD ORDER                                            1

                         TITLE                         TAPE NO. 142    POS. NO.
       MOVIE: HERCULES                                                      1

                         TITLE                         TAPE NO. 143    POS. NO.
       MOVIE: RODAN                                                         1

                         TITLE                         TAPE NO. 144    POS. NO.
       MOVIE: IT CAME FROM BENEATH THE SEA                                  1

                         TITLE                         TAPE NO. 145    POS. NO.
       BIOGRAPHY: THE KENNEDYS                                              1
       STAR TREK NG: TIME'S ARROWS                                       4197
       JFK ASS: CIA AND THE GUN                                          5225
       ARCH: SEARCH FOR THE FIRST AMERICANS                              5312

                         TITLE                         TAPE NO. 146    POS. NO.
       GULF WAR: WHAT DID AMERICAN WIN?                                     1
       BIOGRAPHY: NIXON                                                  1270
       PRES POLITICS: 1992 PRES DEBATE #1                                4130
       SERMONS: GRAHAM-JONAH                                             5531

                         TITLE                         TAPE NO. 147    POS. NO.
       UFO: SAC-BEYOND DENIAL/LOOK AT ET'S                                  1

                         TITLE                         TAPE NO. 148    POS. NO.
       CULTS: CATHOLICISM-CRISIS OF FAITH                                   1

                         TITLE                         TAPE NO. 149    POS. NO.
       MOVIE: WHEN WORLD'S COLLIDE                                          1

                         TITLE                         TAPE NO. 150    POS. NO.
       MOVIE: GUESS WHO'S COMING TO DINNER                                  1

                         TITLE                         TAPE NO. 151    POS. NO.
       PRES POLITICS: 1992 PRES DEBATE #2                                   1
       MOVIES: DORIS DAY TRIBUTE                                         2620
       HISTORY: CUBAN MISSLE CRISIS                                      3534
       STAR TREK NG: CHAIN OF COMMAND                                    4268
       ***                                                               5287

                         TITLE                         TAPE NO. 152    POS. NO.
       PRES POLITICS: 1992 PRE-ELECTION                                     1
       PRES POLITICS: 1992 ELECTION                                      1433





                         TITLE                         TAPE NO. 152    POS. NO.
       COMEDY: LAUGH-IN 25TH ANNIVERSARY                                 2114
       PRES POLITICS: 1992 POST ELECTION                                 4490
       ***                                                               7179

                         TITLE                         TAPE NO. 153    POS. NO.
       NFL: 1992 SAINTS AT 49ERS                                            1
       STAR TREK NG: RELICS                                              3529
       DEEP SPACE 9: EMMISSARY                                           4126
       ***                                                               5276

                         TITLE                         TAPE NO. 154    POS. NO.
       PROPHECY: FRONT ROW SEAT                                             1

                         TITLE                         TAPE NO. 155    POS. NO.
       NFL: 1992 LIONS AT 49ER                                              1
       ARCHEOLOGY: DISCOVERY OF NOAH'S ARK                               2885
       PROPHECY: THIS WEEK IN BIBLE PROPHECY                             4555
       TWILIGHT ZONE: XXXX                                               5000
       ***                                                               5001

                         TITLE                         TAPE NO. 156    POS. NO.
       NFL: 1993 PLAY-REDSKINS AT 49ERS                                     1
       LCOMEDY: LAUGH-IN'S VALENTINE'S DAY SPEC                          2114
       ***                                                               2967
       ***                                                               3122

                         TITLE                         TAPE NO. 157    POS. NO.
       PRES POLITICS: INAUGURAL 1993                                        1
       ***                                                               4634

                         TITLE                         TAPE NO. 158    POS. NO.
       NFL: 1993 NFC CHAMP-DALLAS AT SF                                     1
       MOVIES: TRIBUTE TO RAYMOND BURR                                   3041
       PERRY MASON: THE LAST SHOW                                        3491
       ***                                                               3684
       ***                                                               5483

                         TITLE                         TAPE NO. 159    POS. NO.
       MOVIE: THX-1138                                                      1

                         TITLE                         TAPE NO. 160    POS. NO.
       MOVIE: 20000 LEAGUES UNDER THE SEA                                   1

                         TITLE                         TAPE NO. 161    POS. NO.
       CULTS: GODMAKERS II                                                  1

                         TITLE                         TAPE NO. 162    POS. NO.
       MOVIE: TOTAL RECALL                                                  1

                         TITLE                         TAPE NO. 163    POS. NO.
       PROPHECY: NEW WORLD ORDER-1993                                       1

                         TITLE                         TAPE NO. 164    POS. NO.
       MOVIE: WHO FRAMED ROGER RABIT                                        1

                         TITLE                         TAPE NO. 165    POS. NO.
       CARTONNS: 50 CLASSIC CARTOONS                                        1

                         TITLE                         TAPE NO. 166    POS. NO.
       EXERCISE: TUMMY AND THIGHS                                           1





                         TITLE                         TAPE NO. 167    POS. NO.
       UFO: MONUMENT ON MARS                                                1

                         TITLE                         TAPE NO. 168    POS. NO.
       WEDDING TAPE                                                         1

                         TITLE                         TAPE NO. 169    POS. NO.
       PROPHECY: AIDS-LAST DAYS PLAGUE                                      1

                         TITLE                         TAPE NO. 170    POS. NO.
       MOVIE: HOMEWARD BOUND                                                1

                         TITLE                         TAPE NO. 171    POS. NO.
       PROCHECY: MARK OF THE BEAST II                                       1

                         TITLE                         TAPE NO. 172    POS. NO.
       NFL: 100 GREASTET TOUCHDOWNS                                         1

                         TITLE                         TAPE NO. 173    POS. NO.
       EXERCISE: BUNS OF STEEL                                              1

                         TITLE                         TAPE NO. 174    POS. NO.
       NFL: 1993-CHIEFS AT BUCS                                             1
       PROPHECY: MID EAST PEACE (NEWS)                                   2595
       STAR TREK NG: DESEDENT                                            3524
       PROPHECY: A GATHERING OF THE FAITHFUL                             4747
       ***                                                               5322

                         TITLE                         TAPE NO. 175    POS. NO.
       PROPHECY: THIS GENERATION SHALL NOT PASS                             1

                         TITLE                         TAPE NO. 176    POS. NO.
       XMAS: UP ON THE HOUSETOP                                             1

                         TITLE                         TAPE NO. 177    POS. NO.
       MOVIE: EARTH VS THE FLYING SAUCERS                                   1

                         TITLE                         TAPE NO. 178    POS. NO.
       MOVIE: HIGHLANDER                                                    1

                         TITLE                         TAPE NO. 179    POS. NO.
       MOVIE: HIGHLANDER II                                                 1

                         TITLE                         TAPE NO. 180    POS. NO.
       MOVIE: JOURNEY TO THE FAR SIDE OF THE SU                             1

                         TITLE                         TAPE NO. 181    POS. NO.
       MOVIE: CONQUEST OF SPACE                                             1

                         TITLE                         TAPE NO. 182    POS. NO.
       MOVIE: IT CAME FROM BENEATH THE SEA                                  1

                         TITLE                         TAPE NO. 183    POS. NO.
       PROPHECY: GOSPEL OF HOLLWOOD                                         1

                         TITLE                         TAPE NO. 184    POS. NO.
       MOVIE: FIRST MEN ON THE MOON                                         1

                         TITLE                         TAPE NO. 185    POS. NO.
       MOVIE: WALTON'S THANKSGIVING                                         1
       NFL: 1994 PLAYS-GIANT AT 49ERS                                    1580





                         TITLE                         TAPE NO. 185    POS. NO.
       ***                                                               4055

                         TITLE                         TAPE NO. 186    POS. NO.
       NFL: 1994 PLAY-KC AT HOUSTON                                         1
       ***                                                               2322

                         TITLE                         TAPE NO. 187    POS. NO.
       EXERCISE: BUNS OF STELL                                              1
    6g@~