#NO/222-0555,CNCRD,NORRISTOWN     , PA,  35284.88,
615/889-5790,CNCRD,NASHVILLE      , TN,  30748.65,
212/809-9660,CNCRD,NEW YORK       , NY,  29030.00,
212/943-4700,VADIC,NEW YORK       , NY,  28970.68,
703/352-3136,CNCRD,FAIRFAX        , VA,  28315.78,
901/527-8122,CNCRD,MEMPHIS        , TN,  26667.59,
412/642-2015,CNCRD,PITTSBURGH     , PA,  25067.61,
#CH/222-0555,CNCRD,CHICAGO        , IL,  24912.55,
504/525-2014,CNCRD,NEW ORLEAN     , LA,  23975.68,
804/330-2673,CNCRD,RICHMOND       , VA,  23547.00,
918/585-2706,CNCRD,TULSA          , OK,  22916.75,
702/294-0602,CNCRD,BOULDER CI     , NV,  21920.13,
617/439-3531,CNCRD,BOSTON         , MA,  21030.27,
205/942-7898,CNCRD,BIRMINGHAM     , AL,  20744.31,
804/857-0148,CNCRD,NORFOLK        , VA,  20275.42,
808/528-5300,CNCRD,HONOLULU       , HI,  19972.53,
502/499-9825,CNCRD,LOUISVILLE     , KY,  19899.43,
407/639-3022,CNCRD,COCOA          , FL,  19341.60,
813/952-9000,CNCRD,SARASOTA       , FL,  19292.97,
401/273-0200,CNCRD,PROVIDENCE     , RI,  18814.51,
214/630-5516,CNCRD,DALLAS         , TX,  17405.70,
209/442-4328,CNCRD,FRESNO         , CA,  17223.11,
616/459-2304,CNCRD,GRAND RAPI     , MI,  17191.98,
719/590-1003,CNCRD,COLORADO S     , CO,  17055.50,
512/448-1096,CNCRD,AUSTIN         , TX,  16603.41,
312/922-6571,CNCRD,CHICAGO        , IL,  16403.33,
303/832-3447,CNCRD,DENVER         , CO,  16315.50,
501/666-6886,CNCRD,LITTLE ROC     , AR,  16257.97,
512/222-9877,CNCRD,SAN ANTONI     , TX,  16203.95,
703/691-8200,VADIC,FAIRFAX        , VA,  15884.09,
216/376-8330,CNCRD,AKRON          , OH,  15713.17,
505/242-8931,CNCRD,ALBUQUERQU     , NM,  14950.95,
405/495-9201,CNCRD,OKLAHOMA C     , OK,  14821.54,
702/885-8411,CNCRD,CARSON CIT     , NV,  14543.24,
404/451-3362,CNCRD,DORAVILLE      , GA,  14527.21,
402/393-1305,CNCRD,OMAHA          , NE,  14193.78,
205/880-8912,CNCRD,HUNTSVILLE     , AL,  13897.87,
608/221-0891,CNCRD,MADISON        , WI,  13764.27,
612/332-4024,CNCRD,MINNEAPOLI     , MN,  13596.23,
813/337-0006,CNCRD,FT. MYERS      , FL,  13475.02,
602/297-2239,CNCRD,TUCSON         , AZ,  13431.32,
908/758-0337,CNCRD,RED BANK       , NJ,  13274.46,
803/553-0860,CNCRD,NORTH CHAR     , SC,  13232.65,
915/533-1453,CNCRD,EL PASO        , TX,  13190.81,
215/592-8750,CNCRD,PHILADELPH     , PA,  13163.80,
213/587-7514,CNCRD,VERNON         , CA,  13149.16,
305/599-2900,CNCRD,MIAMI          , FL,  13117.30,
413/785-1762,CNCRD,SPRINGFIEL     , MA,  13104.73,
919/549-9025,CNCRD,DURHAM         , NC,  13001.42,
713/496-1332,CNCRD,HOUSTON        , TX,  12729.72,
615/693-0498,CNCRD,KNOXVILLE      , TN,  12675.15,
803/254-7563,CNCRD,COLUMBIA       , SC,  12653.48,
206/281-7141,CNCRD,SEATTLE        , WA,  12652.87,
606/266-7063,CNCRD,LEXINGTON      , KY,  12590.47,
316/681-2719,CNCRD,WICHITA        , KS,  12512.67,
205/460-2515,CNCRD,MOBILE         , AL,  12403.42,
717/975-9881,CNCRD,LEMOYNE        , PA,  12037.62,
517/484-5344,CNCRD,LANSING        , MI,  11989.55,
904/721-8559,CNCRD,JACKSONVIL     , FL,  11980.46,
515/277-9684,CNCRD,WEST DES M     , IA,  11970.35,
503/343-0044,CNCRD,EUGENE         , OR,  11945.92,
312/922-4601,VADIC,CHICAGO        , IL,  11853.49,
419/255-7705,CNCRD,TOLEDO         , OH,  11832.95,
803/271-9213,CNCRD,GREENVILLE     , SC,  11809.15,
919/765-1221,CNCRD,WINSTON-SA     , NC,  11480.21,
602/258-0554,CNCRD,PHOENIX        , AZ,  11374.59,
#SF/222-0555,CNCRD,SAN FRANCI     , CA,  11350.80,
408/432-8618,CNCRD,SAN JOSE       , CA,  11293.87,
707/527-6180,CNCRD,SANTA ROSA     , CA,  11258.51,
219/422-2581,CNCRD,FT. WAYNE      , IN,  11222.11,
313/743-8350,CNCRD,BURTON         , MI,  11218.92,
714/860-0057,CNCRD,DIAMOND BA     , CA,  11155.91,
214/638-8888,VADIC,DALLAS         , TX,  11146.92,
402/464-6235,CNCRD,LINCOLN        , NE,  10761.44,
904/422-0149,CNCRD,TALLAHASSE     , FL,  10735.51,
216/456-0840,CNCRD,CANTON         , OH,  10523.22,
904/477-3344,CNCRD,PENSACOLA      , FL,  10507.24,
818/308-1800,CNCRD,ALHAMBRA       , CA,  10487.26,
813/858-6970,CNCRD,LAKELAND       , FL,  10462.04,
509/747-3011,CNCRD,SPOKANE        , WA,  10216.24,
318/688-5840,CNCRD,SHREVEPORT     , LA,  10192.33,
617/439-3400,VADIC,BOSTON         , MA,  10190.00,
417/881-6225,CNCRD,SPRINGFIEL     , MO,  10182.45,
208/345-5951,CNCRD,BOISE          , ID,   9956.91,
415/543-0691,CNCRD,SAN FRANCI     , CA,   9903.09,
201/824-3044,CNCRD,NEWARK         , NJ,   9816.48,
714/852-8141,CNCRD,NEWPORT BE     , CA,   9812.14,
713/556-6700,VADIC,HOUSTON        , TX,   9737.63,
206/574-0427,CNCRD,VANCOUVER      , WA,   9358.14,
213/587-0030,VADIC,VERNON         , CA,   9354.09,
805/945-4962,CNCRD,LANCASTER      , CA,   9335.91,
219/884-7450,CNCRD,GARY           , IN,   9288.21,
507/282-0830,CNCRD,ROCHESTER      , MN,   9246.65,
510/935-1507,CNCRD,WALNUT CRE     , CA,   9221.00,
703/344-2762,CNCRD,ROANOKE        , VA,   9151.34,
309/788-3713,CNCRD,ROCK ISLAN     , IL,   9095.43,
904/673-0034,CNCRD,ORMOND BEA     , FL,   9016.01,
404/451-2208,VADIC,DORAVILLE      , GA,   8907.76,
205/265-4570,CNCRD,MONTGOMERY     , AL,   8902.17,
404/855-0442,CNCRD,MARTINEZ       , GA,   8832.65,
704/329-0102,CNCRD,CHARLOTTE      , NC,   8799.77,
517/695-6751,CNCRD,FREELAND       , MI,   8778.05,
805/325-0371,CNCRD,BAKERSFIEL     , CA,   8730.01,
512/289-7305,CNCRD,CORPUS CHR     , TX,   8621.32,
616/388-2130,CNCRD,KALAMAZOO      , MI,   8565.79,
619/296-8747,CNCRD,SAN DIEGO      , CA,   8536.38,
818/789-9557,CNCRD,SHERMAN OA     , CA,   8441.48,
717/569-1081,CNCRD,LANCASTER      , PA,   8423.42,
913/384-5012,CNCRD,MISSION        , KS,   8230.42,
510/633-1896,CNCRD,OAKLAND        , CA,   8203.44,
919/273-0332,CNCRD,GREENSBORO     , NC,   8122.91,
516/485-7422,CNCRD,HEMPSTEAD      , NY,   8086.24,
414/785-0630,CNCRD,BROOKFIELD     , WI,   8044.29,
714/756-8341,VADIC,NEWPORT BE     , CA,   7990.30,
619/324-0920,CNCRD,CATHEDRAL      , CA,   7988.52,
408/475-0981,CNCRD,SANTA CRUZ     , CA,   7876.88,
304/345-9575,CNCRD,CHARLESTON     , WV,   7840.09,
813/434-8080,CNCRD,NAPLES         , FL,   7803.81,
612/333-2799,VADIC,MINNEAPOLI     , MN,   7786.25,
904/335-0544,CNCRD,GAINESVILL     , FL,   7751.51,
215/666-9190,CNCRD,NORRISTOWN     , PA,   7730.25,
806/797-0765,CNCRD,LUBBOCK        , TX,   7612.84,
309/637-5961,CNCRD,PEORIA         , IL,   7576.76,
919/829-0536,CNCRD,RALEIGH        , NC,   7493.79,
912/923-7590,CNCRD,WARNER ROB     , GA,   7475.24,
609/345-4050,CNCRD,ATLANTIC C     , NJ,   7415.15,
804/596-0898,CNCRD,NEWPORT NE     , VA,   7408.91,
919/424-9610,CNCRD,FAYETTEVIL     , NC,   7399.32,
301/294-4522,CNCRD,ROCKVILLE      , MD,   7397.21,
217/344-3400,CNCRD,URBANA         , IL,   7369.66,
409/721-3400,CNCRD,PORT ARTHU     , TX,   7355.64,
215/779-9580,CNCRD,MOUNT PENN     , PA,   7328.65,
912/232-6751,CNCRD,SAVANNAH       , GA,   7259.24,
416/365-7630,CNCRD,TORONTO        , ON,   7187.76,
313/424-8024,CNCRD,SOUTHFIELD     , MI,   7113.41,
812/464-8181,CNCRD,EVANSVILLE     , IN,   7042.85,
216/759-8892,CNCRD,YOUNGSTOWN     , OH,   6994.38,
313/451-2400,CNCRD,PLYMOUTH       , MI,   6961.64,
410/528-9296,CNCRD,BALTIMORE      , MD,   6959.68,
812/332-0544,CNCRD,BLOOMINGTO     , IN,   6957.41,
817/526-8118,CNCRD,KILLEEN        , TX,   6947.56,
815/633-2080,CNCRD,LOVES PARK     , IL,   6939.74,
714/240-9424,CNCRD,SAN CLEMEN     , CA,   6838.03,
716/893-1014,CNCRD,BUFFALO        , NY,   6815.96,
503/370-4314,CNCRD,SALEM          , OR,   6784.35,
817/776-0880,CNCRD,WACO           , TX,   6780.52,
805/549-0770,CNCRD,SAN LUIS O     , CA,   6753.56,
315/797-7001,CNCRD,UTICA          , NY,   6657.26,
219/234-6410,CNCRD,SOUTH BEND     , IN,   6635.81,
207/775-5971,CNCRD,PORTLAND       , ME,   6633.22,
913/234-3070,CNCRD,TOPEKA         , KS,   6572.39,
415/974-1300,VADIC,SAN FRANCI     , CA,   6473.60,
317/284-7821,CNCRD,MUNCIE         , IN,   6442.87,
317/632-6408,CNCRD,INDIANAPOL     , IN,   6441.34,
216/861-6709,CNCRD,CLEVELAND      , OH,   6417.99,
916/447-7434,CNCRD,SACRAMENTO     , CA,   6396.26,
904/732-3707,CNCRD,OCALA          , FL,   6365.42,
314/731-8002,VADIC,HAZELWOOD      , MO,   6362.93,
618/632-3993,CNCRD,O'FALLON       , IL,   6356.08,
313/963-3460,CNCRD,DETROIT        , MI,   6311.02,
207/990-0529,CNCRD,BANGOR         , ME,   6264.23,
704/253-8945,CNCRD,ASHEVILLE      , NC,   6229.82,
707/426-5900,CNCRD,FAIRFIELD      , CA,   6183.47,
215/592-8309,VADIC,PHILADELPH     , PA,   6152.42,
415/361-8701,CNCRD,REDWOOD CI     , CA,   6133.69,
303/830-9210,VADIC,DENVER         , CO,   6052.75,
408/432-3430,VADIC,SAN JOSE       , CA,   6049.51,
516/471-6080,CNCRD,LAKE GROVE     , NY,   6016.46,
817/332-9397,CNCRD,FT. WORTH      , TX,   5987.34,
516/420-4579,CNCRD,MELVILLE       , NY,   5986.77,
206/285-0109,VADIC,SEATTLE        , WA,   5986.16,
602/254-5811,VADIC,PHOENIX        , AZ,   5977.27,
310/436-6033,CNCRD,LONG BEACH     , CA,   5974.68,
508/791-9000,CNCRD,WORCESTER      , MA,   5969.33,
707/445-3021,CNCRD,EUREKA         , CA,   5926.47,
412/642-6778,VADIC,PITTSBURGH     , PA,   5878.20,
915/561-8401,CNCRD,MIDLAND        , TX,   5864.51,
717/852-8186,CNCRD,YORK           , PA,   5859.27,
717/826-8991,CNCRD,WILKES-BAR     , PA,   5842.47,
410/547-8100,VADIC,BALTIMORE      , MD,   5833.88,
407/337-1992,CNCRD,PORT ST. L     , FL,   5830.29,
201/824-1212,VADIC,NEWARK         , NJ,   5809.33,
509/375-3367,CNCRD,RICHLAND       , WA,   5776.75,
504/646-2900,CNCRD,SLIDELL        , LA,   5774.59,
716/385-5710,CNCRD,PITTSFORD      , NY,   5769.02,
717/348-0765,CNCRD,SCRANTON       , PA,   5759.66,
804/977-5661,CNCRD,CHARLOTTES     , VA,   5733.70,
508/537-6451,CNCRD,LEOMINSTER     , MA,   5723.72,
314/875-5570,CNCRD,COLUMBIA       , MO,   5698.87,
310/643-4228,CNCRD,EL SEGUNDO     , CA,   5678.16,
701/280-0210,CNCRD,FARGO          , ND,   5675.63,
314/731-8283,CNCRD,HAZELWOOD      , MO,   5674.94,
319/363-7514,CNCRD,CEDAR RAPI     , IA,   5672.30,
305/467-1870,CNCRD,FT. LAUDER     , FL,   5649.68,
203/242-1986,CNCRD,BLOOMFIELD     , CT,   5601.33,
818/789-9002,VADIC,SHERMAN OA     , CA,   5589.77,
215/383-0440,CNCRD,COATESVILL     , PA,   5577.98,
414/730-8029,CNCRD,APPLETON       , WI,   5575.29,
619/296-3370,VADIC,SAN DIEGO      , CA,   5512.22,
903/581-8652,CNCRD,TYLER          , TX,   5478.28,
414/553-9044,CNCRD,KENOSHA        , WI,   5430.25,
404/327-0597,CNCRD,COLUMBUS       , GA,   5422.26,
904/769-0709,CNCRD,PANAMA CIT     , FL,   5414.77,
708/991-7171,CNCRD,PALATINE       , IL,   5406.35,
707/257-6810,CNCRD,NAPA           , CA,   5373.06,
503/222-0900,VADIC,PORTLAND       , OR,   5366.25,
609/691-6446,CNCRD,VINELAND       , NJ,   5336.54,
707/644-1192,CNCRD,VALLEJO        , CA,   5306.16,
806/355-7088,CNCRD,AMARILLO       , TX,   5278.64,
601/864-9441,CNCRD,GULFPORT       , MS,   5276.36,
708/790-4955,CNCRD,GLEN ELLYN     , IL,   5273.82,
410/273-0872,CNCRD,ABERDEEN       , MD,   5263.79,
216/241-0024,VADIC,CLEVELAND      , OH,   5207.26,
205/758-1116,CNCRD,NORTHPORT      , AL,   5201.46,
217/544-0312,CNCRD,SPRINGFIEL     , IL,   5195.14,
908/562-8550,CNCRD,PISCATAWAY     , NJ,   5124.93,
914/336-2790,CNCRD,KINGSTON       , NY,   5121.16,
408/754-2206,CNCRD,SALINAS        , CA,   5084.88,
913/384-1226,VADIC,MISSION        , KS,   5079.95,
814/456-8501,CNCRD,ERIE           , PA,   5065.55,
510/754-8222,CNCRD,ANTIOCH        , CA,   5027.25,
216/392-2542,CNCRD,WARREN         , OH,   4999.16,
916/241-4820,CNCRD,REDDING        , CA,   4980.67,
618/874-5702,CNCRD,EAST SAINT     , IL,   4946.75,
609/665-5902,CNCRD,PENNSAUKEN     , NJ,   4941.47,
317/423-4616,CNCRD,LAFAYETTE      , IN,   4940.80,
614/221-1612,CNCRD,COLUMBUS       , OH,   4919.69,
405/353-6987,CNCRD,LAWTON         , OK,   4909.55,
318/388-8810,CNCRD,MONROE         , LA,   4894.26,
206/572-2026,CNCRD,TACOMA         , WA,   4869.18,
406/252-4880,CNCRD,BILLINGS       , MT,   4866.12,
219/293-8860,CNCRD,ELKHART        , IN,   4837.80,
617/271-0420,CNCRD,BEDFORD        , MA,   4829.23,
804/727-0572,CNCRD,HAMPTON        , VA,   4787.93,
513/530-9021,CNCRD,CINCINNATI     , OH,   4785.31,
617/585-7616,CNCRD,KINGSTON       , MA,   4777.04,
318/494-1991,CNCRD,LAKE CHARL     , LA,   4752.18,
410/860-0480,CNCRD,SALISBURY      , MD,   4744.84,
209/625-4891,CNCRD,VISALIA        , CA,   4741.72,
510/430-2900,VADIC,OAKLAND        , CA,   4726.21,
317/631-1002,VADIC,INDIANAPOL     , IN,   4703.41,
201/742-0752,CNCRD,PATERSON       , NJ,   4701.72,
404/548-7006,CNCRD,ATHENS         , GA,   4699.00,
919/392-7913,CNCRD,WILMINGTON     , NC,   4692.34,
814/234-3853,CNCRD,STATE COLL     , PA,   4683.04,
608/784-9099,CNCRD,LA CROSSE      , WI,   4666.26,
218/722-0655,CNCRD,DULUTH         , MN,   4649.59,
313/962-2870,VADIC,DETROIT        , MI,   4624.99,
505/471-0606,CNCRD,SANTA FE       , NM,   4624.71,
302/856-1788,CNCRD,GEORGETOWN     , DE,   4591.29,
203/242-7140,VADIC,BLOOMFIELD     , CT,   4571.71,
304/233-7676,CNCRD,WHEELING       , WV,   4554.09,
512/225-8002,VADIC,SAN ANTONI     , TX,   4519.42,
813/441-1621,CNCRD,CLEARWATER     , FL,   4515.82,
503/772-0831,CNCRD,MEDFORD        , OR,   4500.36,
803/448-1619,CNCRD,MYRTLE BEA     , SC,   4475.90,
914/328-7730,VADIC,WHITE PLAI     , NY,   4462.02,
206/671-5990,CNCRD,BELLINGHAM     , WA,   4461.03,
903/236-7475,CNCRD,LONGVIEW       , TX,   4450.64,
501/782-2486,CNCRD,FT. SMITH      , AR,   4428.01,
508/226-6441,CNCRD,ATTLEBORO      , MA,   4418.89,
605/334-0085,CNCRD,SIOUX FALL     , SD,   4397.65,
916/448-4300,VADIC,SACRAMENTO     , CA,   4365.33,
504/291-0967,CNCRD,BATON ROUG     , LA,   4359.77,
817/877-3630,VADIC,FT. WORTH      , TX,   4355.89,
915/676-0091,CNCRD,ABILENE        , TX,   4334.31,
208/522-3624,CNCRD,IDAHO FALL     , ID,   4334.09,
215/543-3045,CNCRD,SECANE         , PA,   4328.68,
508/824-6692,CNCRD,TAUNTON        , MA,   4327.31,
813/933-6210,CNCRD,TAMPA          , FL,   4316.07,
517/788-9191,CNCRD,JACKSON        , MI,   4305.07,
308/382-3176,CNCRD,GRAND ISLA     , NE,   4280.09,
601/582-0286,CNCRD,HATTIESBUR     , MS,   4259.59,
708/790-4400,VADIC,GLEN ELLYN     , IL,   4258.87,
512/631-6101,CNCRD,MCALLEN        , TX,   4247.14,
310/643-2907,VADIC,EL SEGUNDO     , CA,   4232.85,
508/999-4521,CNCRD,NEW BEDFOR     , MA,   4228.32,
510/490-7366,CNCRD,FREMONT        , CA,   4198.70,
616/964-9303,CNCRD,BATTLE CRE     , MI,   4192.12,
313/973-7935,CNCRD,ANN ARBOR      , MI,   4188.84,
803/579-7088,CNCRD,SPARTANBUR     , SC,   4181.48,
708/295-7075,CNCRD,LAKE BLUFF     , IL,   4179.16,
414/785-1614,VADIC,BROOKFIELD     , WI,   4170.88,
704/932-4131,CNCRD,KANNAPOLIS     , NC,   4160.72,
714/985-1153,CNCRD,UPLAND         , CA,   4121.70,
704/867-2203,CNCRD,GASTONIA       , NC,   4103.35,
804/846-0213,CNCRD,LYNCHBURG      , VA,   4089.63,
804/229-6786,CNCRD,WILLIAMSBU     , VA,   4084.74,
304/523-8432,CNCRD,HUNTINGTON     , WV,   4080.89,
513/530-9019,VADIC,CINCINNATI     , OH,   4077.62,
203/865-5770,CNCRD,NEW HAVEN      , CT,   4061.74,
207/795-6013,CNCRD,AUBURN         , ME,   4055.81,
201/539-1222,CNCRD,MORRISTOWN     , NJ,   4031.37,
616/925-3134,CNCRD,BENTON HAR     , MI,   4014.17,
305/463-0882,VADIC,FT. LAUDER     , FL,   4001.00,
713/420-3389,CNCRD,BAYTOWN        , TX,   3994.43,
318/234-8255,CNCRD,LAFAYETTE      , LA,   3988.25,
914/761-9590,CNCRD,WHITE PLAI     , NY,   3986.84,
504/522-1370,VADIC,NEW ORLEAN     , LA,   3968.15,
801/364-0780,VADIC,SALT LAKE      , UT,   3966.01,
616/739-3453,CNCRD,MUSKEGON       , MI,   3959.46,
407/569-8207,CNCRD,VERO BEACH     , FL,   3949.75,
503/757-6341,CNCRD,CORVALLIS      , OR,   3939.64,
215/865-6978,CNCRD,BETHLEHEM      , PA,   3935.87,
508/481-0026,CNCRD,MARLBOROUG     , MA,   3917.71,
302/678-3569,CNCRD,DOVER          , DE,   3889.37,
708/345-9100,CNCRD,MAYWOOD        , IL,   3880.25,
714/422-0222,CNCRD,COLTON         , CA,   3874.83,
901/527-8006,VADIC,MEMPHIS        , TN,   3871.12,
615/645-8877,CNCRD,CLARKSVILL     , TN,   3845.43,
616/947-0050,CNCRD,TRAVERSE C     , MI,   3845.18,
319/354-3633,CNCRD,IOWA CITY      , IA,   3831.58,
509/248-1462,CNCRD,YAKIMA         , WA,   3828.65,
919/758-0102,CNCRD,GREENVILLE     , NC,   3823.32,
407/471-9310,CNCRD,WEST PALM      , FL,   3820.20,
915/658-4590,CNCRD,SAN ANGELO     , TX,   3819.12,
619/941-6700,CNCRD,VISTA          , CA,   3814.05,
605/341-4007,CNCRD,RAPID CITY     , SD,   3808.95,
304/485-9470,CNCRD,PARKERSBUR     , WV,   3783.33,
714/737-5510,CNCRD,CORONA         , CA,   3776.48,
817/565-0552,CNCRD,DENTON         , TX,   3775.99,
801/533-8152,CNCRD,SALT LAKE      , UT,   3774.66,
503/222-2151,CNCRD,PORTLAND       , OR,   3767.37,
813/932-7070,VADIC,TAMPA          , FL,   3735.60,
614/221-1862,VADIC,COLUMBUS       , OH,   3722.96,
409/762-8053,CNCRD,GALVESTON      , TX,   3721.46,
715/833-0121,CNCRD,EAU CLAIRE     , WI,   3719.38,
514/747-2996,CNCRD,ST. LAUREN     , PQ,   3691.04,
615/928-9544,CNCRD,JOHNSON CI     , TN,   3686.85,
412/838-1920,CNCRD,GREENSBURG     , PA,   3686.24,
407/841-0020,VADIC,ORLANDO        , FL,   3673.34,
715/848-6171,CNCRD,WAUSAU         , WI,   3670.89,
307/638-0403,CNCRD,CHEYENNE       , WY,   3626.17,
817/723-2386,CNCRD,WICHITA FA     , TX,   3620.67,
603/882-0435,CNCRD,NASHUA         , NH,   3612.55,
302/652-2036,CNCRD,WILMINGTON     , DE,   3608.88,
201/567-8951,CNCRD,ENGLEWOOD      , NJ,   3589.09,
512/444-3280,VADIC,AUSTIN         , TX,   3585.37,
319/236-9020,CNCRD,WATERLOO       , IA,   3570.74,
805/985-7843,CNCRD,PORT HUENE     , CA,   3566.84,
401/849-1660,CNCRD,MIDDLETOWN     , RI,   3564.36,
317/453-7818,CNCRD,KOKOMO         , IN,   3546.42,
304/292-3092,CNCRD,MORGANTOWN     , WV,   3542.98,
216/324-7156,CNCRD,EAST ELYRI     , OH,   3520.33,
309/827-2748,CNCRD,BLOOMINGTO     , IL,   3518.79,
904/243-1644,CNCRD,FT. WALTON     , FL,   3515.73,
419/529-3303,CNCRD,MANSFIELD      , OH,   3507.40,
516/420-1221,VADIC,MELVILLE       , NY,   3478.25,
612/251-4942,CNCRD,ST. CLOUD      , MN,   3449.17,
912/888-9282,CNCRD,ALBANY         , GA,   3448.07,
518/458-9724,CNCRD,ALBANY         , NY,   3446.30,
603/868-1502,CNCRD,DURHAM         , NH,   3441.56,
406/721-8960,CNCRD,MISSOULA       , MT,   3440.42,
310/435-0900,VLONG BEACH     , CA,   3439.33,
607/257-6601,CNCRD,ITHACA         , NY,   3415.50,
505/525-3401,CNCRD,LAS CRUCES     , NM,   3402.80,
615/482-1466,CNCRD,OAK RIDGE      , TN,   3396.64,
615/378-5746,CNCRD,KINGSPORT      , TN,   3385.63,
906/228-3780,CNCRD,MARQUETTE      , MI,   3380.10,
417/781-8718,CNCRD,JOPLIN         , MO,   3376.17,
716/893-1306,VADIC,BUFFALO        , NY,   3371.62,
303/352-0960,CNCRD,GREELEY        , CO,   3357.31,
919/937-4828,CNCRD,ROCKY MOUN     , NC,   3356.42,
209/383-7593,CNCRD,MERCED         , CA,   3352.48,
813/441-9017,VADIC,CLEARWATER     , FL,   3338.55,
402/393-0903,VADIC,OMAHA          , NE,   3329.17,
615/885-3530,VADIC,NASHVILLE      , TN,   3323.09,
717/323-0386,CNCRD,WILLIAMSPO     , PA,   3320.13,
609/452-9529,CNCRD,SOUTH BRUN     , NJ,   3314.34,
502/499-7110,VADIC,LOUISVILLE     , KY,   3301.42,
518/458-8300,VADIC,ALBANY         , NY,   3291.54,
609/665-5600,VADIC,PENNSAUKEN     , NJ,   3286.35,
217/425-8864,CNCRD,DECATUR        , IL,   3282.35,
904/721-8100,VADIC,JACKSONVIL     , FL,   3267.60,
208/765-1465,CNCRD,COEUR D'AL     , ID,   3253.08,
805/922-3308,CNCRD,SANTA MARI     , CA,   3250.19,
413/499-0971,CNCRD,PITTSFIELD     , MA,   3243.29,
203/327-2974,CNCRD,STAMFORD       , CT,   3240.81,
808/545-7610,VADIC,HONOLULU       , HI,   3238.83,
903/868-0089,CNCRD,SHERMAN        , TX,   3236.71,
508/676-3087,CNCRD,SOMERSET       , MA,   3233.53,
714/370-1200,VADIC,COLTON         , CA,   3232.37,
513/325-0511,CNCRD,SPRINGFIEL     , OH,   3209.80,
205/742-9040,CNCRD,OPELIKA        , AL,   3198.41,
716/285-2561,CNCRD,NIAGARA FA     , NY,   3190.52,
513/898-0696,CNCRD,DAYTON         , OH,   3162.54,
913/843-4870,CNCRD,LAWRENCE       , KS,   3158.01,
614/266-2170,CNCRD,WINTERSVIL     , OH,   3141.66,
812/232-0112,CNCRD,TERRE HAUT     , IN,   3138.92,
804/330-2465,VADIC,RICHMOND       , VA,   3136.83,
407/933-8425,CNCRD,KISSIMMEE      , FL,   3130.49,
206/452-6800,CNCRD,PORT ANGEL     , WA,   3124.91,
415/588-3043,CNCRD,SOUTH SAN      , CA,   3121.10,
315/433-1593,CNCRD,EAST SYRAC     , NY,   3116.70,
205/942-4141,VADIC,BIRMINGHAM     , AL,   3106.68,
508/452-5112,CNCRD,LOWELL         , MA,   3101.09,
615/265-1020,CNCRD,CHATTANOOG     , TN,   3093.66,
716/385-5817,VADIC,PITTSFORD      , NY,   3090.23,
712/255-3834,CNCRD,SIOUX CITY     , IA,   3071.23,
803/664-0550,CNCRD,FLORENCE       , SC,   3062.44,
603/623-0409,CNCRD,MANCHESTER     , NH,   3060.14,
205/236-3342,CNCRD,ANNISTON       , AL,   3011.60,
602/343-9000,CNCRD,YUMA           , AZ,   2997.35,
302/652-2060,VADIC,WILMINGTON     , DE,   2990.80,
313/338-8384,CNCRD,PONTIAC        , MI,   2978.92,
407/466-5661,CNCRD,FT. PIERCE     , FL,   2974.28,
303/241-1643,CNCRD,GRAND JUNC     , CO,   2971.85,
407/841-0217,CNCRD,ORLANDO        , FL,   2969.97,
301/777-9320,CNCRD,CUMBERLAND     , MD,   2962.29,
406/585-9719,CNCRD,BOZEMAN        , MT,   2953.34,
818/841-4795,CNCRD,BURBANK        , CA,   2951.12,
410/224-0520,CNCRD,ANNAPOLIS      , MD,   2928.04,
401/765-5994,CNCRD,WOONSOCKET     , RI,   2917.98,
415/453-2087,CNCRD,SAN RAFAEL     , CA,   2883.94,
318/445-1800,CNCRD,ALEXANDRIA     , LA,   2870.05,
903/792-4521,CNCRD,TEXARKANA      , TX,   2867.92,
313/774-1000,CNCRD,ROSEVILLE      , MI,   2865.32,
617/593-4051,VADIC,LYNN           , MA,   2855.04,
914/634-0388,CNCRD,NEW CITY       , NY,   2842.12,
206/423-9072,CNCRD,LONGVIEW       , WA,   2837.00,
701/746-0344,CNCRD,GRAND FORK     , ND,   2831.65,
314/634-8296,CNCRD,JEFFERSON      , MO,   2831.30,
412/658-5056,CNCRD,NEW CASTLE     , PA,   2814.60,
205/760-0030,CNCRD,FLORENCE       , AL,   2782.63,
216/376-6227,VADIC,AKRON          , OH,   2778.08,
607/724-4351,CNCRD,BINGHAMTON     , NY,   2770.33,
804/855-7751,VADIC,NORFOLK        , VA,   2758.38,
814/943-5848,CNCRD,ALTOONA        , PA,   2753.91,
407/272-7900,CNCRD,DELRAY BEA     , FL,   2753.70,
719/543-9712,CNCRD,PUEBLO         , CO,   2746.12,
419/228-6343,CNCRD,LIMA           , OH,   2744.51,
607/737-9065,CNCRD,ELMIRA         , NY,   2717.25,
609/452-1018,VADIC,SOUTH BRUN     , NJ,   2706.39,
513/898-0124,VADIC,DAYTON         , OH,   2694.06,
919/883-6121,CNCRD,HIGH POINT     , NC,   2688.89,
602/774-3857,CNCRD,FLAGSTAFF      , AZ,   2686.63,
608/362-4655,CNCRD,BELOIT         , WI,   2680.77,
408/375-2644,CNCRD,MONTEREY       , CA,   2672.76,
414/457-6128,CNCRD,SHEBOYGAN      , WI,   2671.75,
707/421-0106,CNCRD,FAIRFIELD      , CA,   2654.42,
209/527-0150,CNCRD,MODESTO        , CA,   2654.26,
203/444-7030,CNCRD,NEW LONDON     , CT,   2647.05,
515/277-7752,VADIC,WEST DES M     , IA,   2642.95,
205/543-3550,CNCRD,GADSDEN        , AL,   2638.79,
315/437-7111,VADIC,EAST SYRAC     , NY,   2637.98,
201/864-8468,CNCRD,UNION CITY     , NJ,   2633.04,
313/982-0301,CNCRD,PORT HURON     , MI,   2631.94,
913/776-9803,CNCRD,MANHATTAN      , KS,   2619.13,
604/683-7620,CNCRD,VANCOUVER      , BC,   2605.14,
804/861-1788,CNCRD,PETERSBURG     , VA,   2594.46,
502/685-0959,CNCRD,OWENSBORO      , KY,   2567.32,
615/690-1543,VADIC,KNOXVILLE      , TN,   2566.31,
206/258-1018,CNCRD,EVERETT        , WA,   2561.62,
501/623-3576,CNCRD,HOT SPRING     , AR,   2560.82,
205/794-7954,CNCRD,DOTHAN         , AL,   2553.87,
510/462-2101,CNCRD,PLEASANTON     , CA,   2553.75,
908/562-9700,VADIC,PISCATAWAY     , NJ,   2552.60,
203/797-9539,CNCRD,DANBURY        , CT,   2524.97,
207/622-3083,CNCRD,AUGUSTA        , ME,   2524.36,
509/332-3760,CNCRD,PULLMAN        , WA,   2523.56,
815/935-2352,CNCRD,BRADLEY        , IL,   2520.76,
404/234-0102,CNCRD,ROME           , GA,   2516.84,
319/582-3599,CNCRD,DUBUQUE        , IA,   2514.34,
701/223-5165,CNCRD,BISMARCK       , ND,   2506.57,
702/293-0300,VADIC,BOULDER CI     , NV,   2504.28,
805/523-0203,CNCRD,MOORPARK       , CA,   2450.78,
208/343-0404,VADIC,BOISE          , ID,   2450.43,
203/965-0000,VADIC,STAMFORD       , CT,   2446.08,
814/539-5059,CNCRD,JOHNSTOWN      , PA,   2414.03,
918/585-2010,VADIC,TULSA          , OK,   2401.12,
415/366-1092,VADIC,REDWOOD CI     , CA,   2392.34,
405/242-0113,CNCRD,ENID           , OK,   2380.84,
502/781-5711,CNCRD,BOWLING GR     , KY,   2369.20,
505/242-8344,VADIC,ALBUQUERQU     , NM,   2367.32,
206/377-2792,CNCRD,BREMERTON      , WA,   2360.25,
201/567-9841,VADIC,ENGLEWOOD      , NJ,   2358.64,
808/661-7688,CNCRD,LAHAINA        , HI,   2353.09,
703/433-6333,CNCRD,HARRISONBU     , VA,   2351.69,
405/495-8201,VADIC,OKLAHOMA C     , OK,   2342.17,
501/535-2629,CNCRD,PINE BLUFF     , AR,   2324.68,
914/473-0401,CNCRD,POUGHKEEPS     , NY,   2298.31,
717/763-6481,VADIC,LEMOYNE        , PA,   2296.58,
307/234-4211,CNCRD,CASPER         , WY,   2287.77,
614/345-8953,CNCRD,NEWARK         , OH,   2272.07,
314/335-1518,CNCRD,CAPE GIRAR     , MO,   2247.28,
508/683-2680,CNCRD,LAWRENCE       , MA,   2246.69,
801/373-2192,CNCRD,PROVO          , UT,   2230.07,
901/423-1244,CNCRD,JACKSON        , TN,   2228.80,
913/825-4845,CNCRD,SALINA         , KS,   2225.53,
808/935-5717,CNCRD,HILO           , HI,   2219.13,
609/394-1900,CNCRD,TRENTON        , NJ,   2179.84,
601/482-4335,CNCRD,MERIDIAN       , MS,   2148.60,
206/943-9050,CNCRD,OLYMPIA        , WA,   2148.14,
203/454-2129,CNCRD,WESTPORT       , CT,   2146.12,
512/548-1331,CNCRD,BROWNSVILL     , TX,   2129.84,
607/962-4481,CNCRD,CORNING        , NY,   2119.26,
816/232-1455,CNCRD,ST. JOSEPH     , MO,   2115.95,
419/255-7790,VADIC,TOLEDO         , OH,   2109.32,
603/643-4011,CNCRD,HANOVER        , NH,   2102.71,
915/683-5645,CNCRD,MIDLAND        , TX,   2067.94,
716/488-0794,CNCRD,JAMESTOWN      , NY,   2063.92,
406/443-0112,CNCRD,HELENA         , MT,   2063.21,
214/542-2641,CNCRD,MCKINNEY       , TX,   2044.03,
512/727-8308,CNCRD,LAREDO         , TX,   2036.51,
414/235-7473,CNCRD,OSHKOSH        , WI,   2025.05,
708/474-1422,CNCRD,LANSING        , IL,   2019.67,
508/526-1506,CNCRD,MANCHESTER     , MA,   1991.79,
208/233-2501,CNCRD,POCATELLO      , ID,   1980.98,
919/549-8952,VADIC,DURHAM         , NC,   1975.38,
502/223-0724,CNCRD,FRANKFORT      , KY,   1962.94,
206/735-3975,CNCRD,AUBURN         , WA,   1962.20,
619/679-0200,CNCRD,POWAY          , CA,   1953.18,
507/387-7313,CNCRD,MANKATO        , MN,   1952.82,
617/986-0500,CNCRD,RANDOLPH       , MA,   1949.17,
708/888-8113,CNCRD,ELGIN          , IL,   1945.50,
601/841-0090,CNCRD,TUPELO         , MS,   1941.94,
701/838-2140,CNCRD,MINOT          , ND,   1936.82,
217/442-1452,CNCRD,DANVILLE       , IL,   1929.65,
603/924-7090,CNCRD,PETERBOROU     , NH,   1916.08,
708/501-4536,CNCRD,NORTHFIELD     , IL,   1901.50,
317/662-1928,CNCRD,MARION         , IN,   1900.60,
203/579-1479,VADIC,BRIDGEPORT     , CT,   1888.40,
515/232-0157,CNCRD,AMES           , IA,   1878.44,
208/734-0221,CNCRD,TWIN FALLS     , ID,   1869.98,
403/232-6653,CNCRD,CALGARY        , AB,   1869.19,
517/482-5721,VADIC,LANSING        , MI,   1865.82,
209/467-0601,CNCRD,STOCKTON       , CA,   1862.09,
916/343-4401,CNCRD,CHICO          , CA,   1820.93,
913/651-8094,CNCRD,LEAVENWORT     , KS,   1814.82,
412/283-2286,CNCRD,BUTLER         , PA,   1813.92,
802/229-4508,CNCRD,MONTPELIER     , VT,   1813.24,
203/332-7256,CNCRD,BRIDGEPORT     , CT,   1799.73,
316/681-0832,VADIC,WICHITA        , KS,   1729.39,
508/448-9361,CNCRD,GROTON         , MA,   1726.36,
509/624-1549,VADIC,SPOKANE        , WA,   1722.47,
215/943-3700,CNCRD,LEVITTOWN      , PA,   1717.81,
413/787-0048,VADIC,SPRINGFIEL     , MA,   1717.72,
301/293-9504,CNCRD,MYERSVILLE     , MD,   1715.87,
501/935-7957,CNCRD,JONESBORO      , AR,   1683.83,
802/862-1000,CNCRD,BURLINGTON     , VT,   1670.13,
908/396-8550,CNCRD,RAHWAY         , NJ,   1616.73,
414/334-1755,CNCRD,WEST BEND      , WI,   1609.51,
815/232-7111,CNCRD,FREEPORT       , IL,   1594.39,
708/844-0700,CNCRD,AURORA         , IL,   1584.69,
606/266-0019,VADIC,LEXINGTON      , KY,   1582.69,
805/564-2354,VADIC,SANTA BARB     , CA,   1563.95,
815/654-1900,VADIC,LOVES PARK     , IL,   1557.67,
916/758-3551,CNCRD,DAVIS          , CA,   1529.23,
601/638-1551,CNCRD,VICKSBURG      , MS,   1526.08,
615/453-0401,CNCRD,SEVIERVILL     , TN,   1473.55,
504/924-5102,VADIC,BATON ROUG     , LA,   1467.53,
219/234-5005,VADIC,SOUTH BEND     , IN,   1463.94,
801/393-5280,CNCRD,OGDEN          , UT,   1460.20,
617/592-0207,CNCRD,LYNN           , MA,   1444.69,
414/432-3064,CNCRD,GREEN BAY      , WI,   1440.23,
406/494-6682,CNCRD,BUTTE          , MT,   1437.83,
303/224-9819,CNCRD,FT. COLLIN     , CO,   1423.91,
205/343-8414,VADIC,MOBILE         , AL,   1405.99,
512/576-9200,CNCRD,VICTORIA       , TX,   1373.86,
217/525-8025,VADIC,SPRINGFIEL     , IL,   1344.78,
307/742-9441,CNCRD,LARAMIE        , WY,   1338.83,
205/882-3003,VADIC,HUNTSVILLE     , AL,   1337.27,
203/755-5994,CNCRD,WATERBURY      , CT,   1268.06,
817/773-2545,CNCRD,TEMPLE         , TX,   1243.36,
515/753-0670,CNCRD,MARSHALLTO     , IA,   1145.16,
203/763-3521,CNCRD,SOMERS         , CT,   1141.54,
314/364-2084,CNCRD,ROLLA          , MO,   1132.28,
805/965-1612,CNCRD,SANTA BARB     , CA,   1097.73,
616/775-9242,CNCRD,CADILLAC       , MI,   1041.36,
203/634-9249,CNCRD,MERIDEN        , CT,   1006.45,
609/692-8943,CNCRD,VINELAND       , NJ,    978.21,
614/284-0020,CNCRD,STEUBENVIL     , OH,    978.11,
914/561-9103,CNCRD,NEW WINDSO     , NY,    965.19,
613/563-2910,CNCRD,OTTAWA         , ON,    963.23,
519/742-7613,CNCRD,KITCHENER      , ON,    941.59,
815/727-4716,CNCRD,JOLIET         , IL,    923.67,
405/226-1260,CNCRD,ARDMORE        , OK,    907.59,
603/228-4732,CNCRD,CONCORD        , NH,    855.09,
603/964-7779,CNCRD,NORTH HAMP     , NH,    751.92,
605/224-7700,CNCRD,PIERRE         , SD,    738.64,
416/654-4041,CNCRD,WINNIPEG       , MB,    734.85,
703/330-9070,CNCRD,MANASSAS       , VA,    663.39,
409/823-1090,CNCRD,BRYAN          , TX,    650.70,
418/647-1116,CNCRD,QUEBEC CIT     , PQ,    545.26,
406/727-9510,CNCRD,GREAT FALL     , MT,    489.90,
601/769-0121,CNCRD,PASCAGOULA     , MS,    428.65,
815/727-2169,CNCRD,JOLIET         , IL,    335.27,
513/874-1744,CNCRD,CINCINNATI     , OH,    331.61,
403/484-4404,CNCRD,EDMONTON       , AB,    295.56,
519/977-7256,CNCRD,WINDSOR        , ON,    293.32,
416/628-5908,CNCRD,DUNDAS         , ON,    159.37,
519/641-8362,CNCRD,LONDON         , ON,    139.65,
902/492-4901,CNCRD,HALIFAX        , NS,    135.88,
805/328-0259,CNCRD,BAKERSFIEL     , CA,     41.04,
803/648-0237,CNCRD,AIKEN          , SC,      1.27,
305/294-1573,CNCRD,KEY WEST       , FL,      1.25,
505/623-3591,CNCRD,ROSWELL        , NM,       .55,
515/682-0857,CNCRD,OTTUMWA        , IA,       .19,
404/369-0165,CNCRD,ATHENS         , GA,       .15,
317/281-0015,CNCRD,MUNCIE         , IN,       .15,
317/281-9021,CNCRD,MUNCIE         , IN,       .13,
207/764-4167,CNCRD,PRESQUE IS     , ME,       .09,
218/262-4801,CNCRD,HIBBING        , MN,       .00,
318/477-0105,CNCRD,LAKE CHARL     , LA,       .00,
502/443-1086,CNCRD,PADUCAH        , KY,       .00,
218/262-3824,CNCRD,HIBBING        , MN,       .00,
701/255-0869,CNCRD,BISMARCK       , ND,       .00,
304/325-0517,CNCRD,BLUEFIELD      , WV,       .00,
            ,CNCRD,GARY           , IN,       .00,
217/223-9531,CNCRD,QUINCY         , IL,       .00,
618/529-4300,CNCRD,CARBONDALE     , IL,       .00,
315/788-1816,CNCRD,WATERTOWN      , NY,       .00,
512/423-0051,CNCRD,HARLINGEN      , TX,       .00,
904/360-1110,CNCRD,LEESBURG       , FL,       .00,
916/749-8015,CNCRD,MARYSVILLE     , CA,       .00,
501/442-0234,CNCRD,FAYETTEVIL     , AR,       .00,
   "3rB