  4101   6880      0  10535
  2530  12765      0  10522
  2547  10281      0  10535
  2601  10314      0  10535
  2546  10233      0  10535
  2027  14445      0  10535
  2040   3840      0  10535
  2110   3985      0  10535
  2267    665      0  10522
  2452  15599      0  10522
  2472  13715      0  10522
  2560  13720      0  10535
  3014   1489      0  10535
  3326  13096      0  10535
  3327  13097      0  10535
  3444   8973      0  10535
  3562   3915      0  10522
  3730  15255      0  10522
  3733   7037      0  10535
  3745   5608      0  10535
  4034   9473      0  10535
  4066   3929      0  10522
  4105   2198      0  10535
  4115  13098      0  10535
  4146   4089      0  10535
  4200   8271      0  10522
  4274    982      0  10535
  4370  13099      0  10535
  4652  14158      0  10522
  4736   7540      0  10522
  5024   3283      0  10535
  5076   2383      0  10522
  5117   3467      0  10535
  5165   8171      0  10522
  5205   4470      0  10535
  5316   2379      0  10522
  5363   6021      0  10535
  5607    445      0  10535
  5651   1490      0  10522
  5703  13279      0  10522
  6111   1352      0  10535
  6112   1354      0  10535
  6401  16298      0  10522
  6560  13678      0  10522
  6575   2753      0  10522
  6670  13280      0  10522
  6726  13281      0  10522
  7165  11307      0  10535
  7177   3025      0  10535
  7200  15342      0  10522
  7266    973      0  10535
  7425  14471      0  10535
  7443  14472      0  10535
 10007   3302      0  10535
 10124   2463      0  10522
 10135   1140      0  10522
 10166    459      0  10522
 10173   4141      0  10535
 10244  14125      0  10535
 10300   3854      0  10522
 10352  14127      0  10535
 10376   3223      0  10522
 10401  13007      0  10522
 10404  13008      0  10535
 10422   2325      0  10522
 11027   7359      0  10522
 11110   2186      0  10535
 11141    986      0  10535
 11154   7765      0  10535
 11166  14450      0  10522
 11336  13723      0  10535
 11343   3565      0  10522
 11406  14435      0  00535
 11464   5169      0  10535
 11465   7833      0  10522
 11732   4625      0  10535
 11745  13549      0  10535
 12025   8976      0  10522
 12035   2966      0  10522
 12036   3361      0  10522
 12055  11007      0  10535
 12056   6624      0  10522
 12072  14104      0  10535
 12074  14118      0  10535
 12161   8714      0  10535
 12162  14476      0  10535
 12207  10055      0  10522
 12423   7229      0  10522
 12650   6543      0  10522
 12673    297      0  10535
 12674    490      0  10535
 12675   1428      0  10522
 12676   1617      0  10535
 12772   6274      0  10535
 13104    492      0  10522
 13174  14352      0  10535
 13223  14726      0  10522
 13224  14727      0  10522
 13261   1272      0  10522
 13262   2135      0  10522
 13334   3386      0  10535
 13426  15130      0  10535
 13443  15105      0  10522
 13447  15999      0  10522
 13451  15120      0  10522
 13452  15121      0  10535
 13461   6590      0  10535
 13470  15216      0  10535
 13523  15356      0  10535
 13542   6269      0  10535
 13561  15646      0  10522
 13562  15846      0  10522
 13563  15851      0  10522
 13564  15854      0  10535
 13642  16358      0  10522
 13643  16002      0  10522
 13661  16061      0  10522
  2530  12765      0  10535
  2547  10281      0  10522
  2601  10314      0  10522
  2546  10233      0  10522
  2027  14445      0  10535
  2040   3840      0  10535
  2110   3985      0  10535
  2267    665      0  10522
  2452  15599      0  10522
  2472  13715      0  10522
  2560  13720      0  10535
  3014   1489      0  10535
  3326  13096      0  10535
  3327  13097      0  10535
  3444   8973      0  10535
  3562   3915      0  10522
  3730  15255      0  10522
  3733   7037      0  10535
  3745   5608      0  10535
  4034   9473      0  10535
  4066   3929      0  10522
  4105   2198      0  10535
  4115  13098      0  10535
  4146   4089      0  10535
  4200   8271      0  10522
  4274    982      0  10535
  4370  13099      0  10535
  4652  14158      0  10522
  4736   7540      0  10522
  5024   3283      0  10535
  5076   2383      0  10522
  5117   3467      0  10535
  5165   8171      0  10522
  5205   4470      0  10535
  5316   2379      0  10522
  5363   6021      0  10535
  5607    445      0  10535
  5651   1490      0  10522
  5703  13279      0  10522
  6111   1352      0  10535
  6112   1354      0  10535
  6401  16298      0  10522
  6560  13678      0  10522
  6575   2753      0  10522
  6670  13280      0  10522
  6726  13281      0  10522
  7165  11307      0  10535
  7177   3025      0  10535
  7200  15342      0  10522
  7266    973      0  10535
  7425  14471      0  10535
  7443  14472      0  10535
 10007   3302      0  10535
 10124   2463      0  10522
 10135   1140      0  10522
 10166    459      0  10522
 10173   4141      0  10535
 10244  14125      0  10535
 10300   3854      0  10522
 10352  14127      0  10535
 10376   3223      0  10522
 10401  13007      0  10522
 10404  13008      0  10535
 10422   2325      0  10522
 11027   7359      0  10522
 11110   2186      0  10535
 11141    986      0  10535
 11154   7765      0  10535
 11166  14450      0  10522
 11336  13723      0  10535
 11343   3565      0  10522
 11406  14435      0  00535
 11464   5169      0  10535
 11465   7833      0  10522
 11732   4625      0  10535
 11745  13549      0  10535
 12025   8976      0  10522
 12035   2966      0  10522
 12036   3361      0  10522
 12055  11007      0  10535
 12056   6624      0  10522
 12072  14104      0  10535
 12074  14118      0  10535
 12161   8714      0  10535
 12162  14476      0  10535
 12207  10055      0  10522
 12423   7229      0  10522
 12650   6543      0  10522
 12673    297      0  10535
 12674    490      0  10535
 12675   1428      0  10522
 12676   1617      0  10535
 12772   6274      0  10535
 13104    492      0  10522
 13174  14352      0  10535
 13223  14726      0  10522
 13224  14727      0  10522
 13261   1272      0  10522
 13262   2135      0  10522
 13334   3386      0  10535
 13426  15130      0  10535
 13443  15105      0  10522
 13447  15999      0  10522
 13451  15120      0  10522
 13452  15121      0  10535
 13461   6590      0  10535
 13470  15216      0  10535
 13523  15356      0  10535
 13542   6269      0  10535
 13561  15646      0  10522
 13562  15846      0  10522
 13563  15851      0  10522
 13564  15854      0  10535
 13642  16358      0  10522
 13643  16002      0  10522
 13661  16061      0  10522
  2530  12765      0  10535
  2547  10281      0  10535
  2601  10314      0  10522
  2546  10233      0  10535
  2027  14445      0  10535
  2040   3840      0  10535
  2110   3985      0  10535
  2267    665      0  10522
  2452  15599      0  10522
  2472  13715      0  10522
  2560  13720      0  10535
  3014   1489      0  10535
  3326  13096      0  10535
  3327  13097      0  10535
  3444   8973      0  10535
  3562   3915      0  10522
  3730  15255      0  10522
  3733   7037      0  10535
  3745   5608      0  10535
  4034   9473      0  10535
  4066   3929      0  10522
  4105   2198      0  10535
  4115  13098      0  10535
  4146   4089      0  10535
  4200   8271      0  10522
  4274    982      0  10535
  4370  13099      0  10535
  4652  14158      0  10522
  4736   7540      0  10522
  5024   3283      0  10535
  5076   2383      0  10522
  5117   3467      0  10535
  5165   8171      0  10522
  5205   4470      0  10535
  5316   2379      0  10522
  5363   6021      0  10535
  5607    445      0  10535
  5651   1490      0  10522
  5703  13279      0  10522
  6111   1352      0  10535
  6112   1354      0  10535
  6401  16298      0  10522
  6560  13678      0  10522
  6575   2753      0  10522
  6670  13280      0  10522
  6726  13281      0  10522
  7165  11307      0  10535
  7177   3025      0  10535
  7200  15342      0  10522
  7266    973      0  10535
  7425  14471      0  10535
  7443  14472      0  10535
 10007   3302      0  10535
 10124   2463      0  10522
 10135   1140      0  10522
 10166    459      0  10522
 10173   4141      0  10535
 10244  14125      0  10535
 10300   3854      0  10522
 10352  14127      0  10535
 10376   3223      0  10522
 10401  13007      0  10522
 10404  13008      0  10535
 10422   2325      0  10522
 11027   7359      0  10522
 11110   2186      0  10535
 11141    986      0  10535
 11154   7765      0  10535
 11166  14450      0  10522
 11336  13723      0  10535
 11343   3565      0  10522
 11406  14435      0  00535
 11464   5169      0  10535
 11465   7833      0  10522
 11732   4625      0  10535
 11745  13549      0  10535
 12025   8976      0  10522
 12035   2966      0  10522
 12036   3361      0  10522
 12055  11007      0  10535
 12056   6624      0  10522
 12072  14104      0  10535
 12074  14118      0  10535
 12161   8714      0  10535
 12162  14476      0  10535
 12207  10055      0  10522
 12423   7229      0  10522
 12650   6543      0  10522
 12673    297      0  10535
 12674    490      0  10535
 12675   1428      0  10522
 12676   1617      0  10535
 12772   6274      0  10535
 13104    492      0  10522
 13174  14352      0  10535
 13223  14726      0  10522
 13224  14727      0  10522
 13261   1272      0  10522
 13262   2135      0  10522
 13334   3386      0  10535
 13426  15130      0  10535
 13443  15105      0  10522
 13447  15999      0  10522
 13451  15120      0  10522
 13452  15121      0  10535
 13461   6590      0  10535
 13470  15216      0  10535
 13523  15356      0  10535
 13542   6269      0  10535
 13561  15646      0  10522
 13562  15846      0  10522
 13563  15851      0  10522
 13564  15854      0  10535
 13642  16358      0  10522
 13643  16002      0  10522
 13661  16061      0  10522
  2530  12765      0  10535
  2547  10281      0  10522
  2601  10314      0  10535
  2546  10233      0  10522
  2027  14445      0  10535
  2040   3840      0  10535
  2110   3985      0  10535
  2267    665      0  10522
  2452  15599      0  10522
  2472  13715      0  10522
  2560  13720      0  10535
  3014   1489      0  10535
  3326  13096      0  10535
  3327  13097      0  10535
  3444   8973      0  10535
  3562   3915      0  10522
  3730  15255      0  10522
  3733   7037      0  10535
  3745   5608      0  10535
  4034   9473      0  10535
  4066   3929      0  10522
  4105   2198      0  10535
  4115  13098      0  10535
  4146   4089      0  10535
  4200   8271      0  10522
  4274    982      0  10535
  4370  13099      0  10535
  4652  14158      0  10522
  4736   7540      0  10522
  5024   3283      0  10535
  5076   2383      0  10522
  5117   3467      0  10535
  5165   8171      0  10522
  5205   4470      0  10535
  5316   2379      0  10522
  5363   6021      0  10535
  5607    445      0  10535
  5651   1490      0  10522
  5703  13279      0  10522
  6111   1352      0  10535
  6112   1354      0  10535
  6401  16298      0  10522
  6560  13678      0  10522
  6575   2753      0  10522
  6670  13280      0  10522
  6726  13281      0  10522
  7165  11307      0  10535
  7177   3025      0  10535
  7200  15342      0  10522
  7266    973      0  10535
  7425  14471      0  10535
  7443  14472      0  10535
 10007   3302      0  10535
 10124   2463      0  10522
 10135   1140      0  10522
 10166    459      0  10522
 10173   4141      0  10535
 10244  14125      0  10535
 10300   3854      0  10522
 10352  14127      0  10535
 10376   3223      0  10522
 10401  13007      0  10522
 10404  13008      0  10535
 10422   2325      0  10522
 11027   7359      0  10522
 11110   2186      0  10535
 11141    986      0  10535
 11154   7765      0  10535
 11166  14450      0  10522
 11336  13723      0  10535
 11343   3565      0  10522
 11406  14435      0  00535
 11464   5169      0  10535
 11465   7833      0  10522
 11732   4625      0  10535
 11745  13549      0  10535
 12025   8976      0  10522
 12035   2966      0  10522
 12036   3361      0  10522
 12055  11007      0  10535
 12056   6624      0  10522
 12072  14104      0  10535
 12074  14118      0  10535
 12161   8714      0  10535
 12162  14476      0  10535
 12207  10055      0  10522
 12423   7229      0  10522
 12650   6543      0  10522
 12673    297      0  10535
 12674    490      0  10535
 12675   1428      0  10522
 12676   1617      0  10535
 12772   6274      0  10535
 13104    492      0  10522
 13174  14352      0  10535
 13223  14726      0  10522
 13224  14727      0  10522
 13261   1272      0  10522
 13262   2135      0  10522
 13334   3386      0  10535
 13426  15130      0  10535
 13443  15105      0  10522
 13447  15999      0  10522
 13451  15120      0  10522
 13452  15121      0  10535
 13461   6590      0  10535
 13470  15216      0  10535
 13523  15356      0  10535
 13542   6269      0  10535
 13561  15646      0  10522
 13562  15846      0  10522
 13563  15851      0  10522
 13564  15854      0  10535
 13642  16358      0  10522
 13643  16002      0  10522
 13661  16061      0  10522
  2530  12765      0  10522
  2547  10281      0  10535
  2601  10314      0  10535
  2546  10233      0  10535
  2027  14445      0  10535
  2040   3840      0  10535
  2110   3985      0  10535
  2267    665      0  10522
  2452  15599      0  10522
  2472  13715      0  10522
  2560  13720      0  10535
  3014   1489      0  10535
  3326  13096      0  10535
  3327  13097      0  10535
  3444   8973      0  10535
  3562   3915      0  10522
  3730  15255      0  10522
  3733   7037      0  10535
  3745   5608      0  10535
  4034   9473      0  10535
  4066   3929      0  10522
  4105   2198      0  10535
  4115  13098      0  10535
  4146   4089      0  10535
  4200   8271      0  10522
  4274    982      0  10535
  4370  13099      0  10535
  4652  14158      0  10522
  4736   7540      0  10522
  5024   3283      0  10535
  5076   2383      0  10522
  5117   3467      0  10535
  5165   8171      0  10522
  5205   4470      0  10535
  5316   2379      0  10522
  5363   6021      0  10535
  5607    445      0  10535
  5651   1490      0  10522
  5703  13279      0  10522
  6111   1352      0  10535
  6112   1354      0  10535
  6401  16298      0  10522
  6560  13678      0  10522
  6575   2753      0  10522
  6670  13280      0  10522
  6726  13281      0  10522
  7165  11307      0  10535
  7177   3025      0  10535
  7200  15342      0  10522
  7266    973      0  10535
  7425  14471      0  10535
  7443  14472      0  10535
 10007   3302      0  10535
 10124   2463      0  10522
 10135   1140      0  10522
 10166    459      0  10522
 10173   4141      0  10535
 10244  14125      0  10535
 10300   3854      0  10522
 10352  14127      0  10535
 10376   3223      0  10522
 10401  13007      0  10522
 10404  13008      0  10535
 10422   2325      0  10522
 11027   7359      0  10522
 11110   2186      0  10535
 11141    986      0  10535
 11154   7765      0  10535
 11166  14450      0  10522
 11336  13723      0  10535
 11343   3565      0  10522
 11406  14435      0  00535
 11464   5169      0  10535
 11465   7833      0  10522
 11732   4625      0  10535
 11745  13549      0  10535
 12025   8976      0  10522
 12035   2966      0  10522
 12036   3361      0  10522
 12055  11007      0  10535
 12056   6624      0  10522
 12072  14104      0  10535
 12074  14118      0  10535
 12161   8714      0  10535
 12162  14476      0  10535
 12207  10055      0  10522
 12423   7229      0  10522
 12650   6543      0  10522
 12673    297      0  10535
 12674    490      0  10535
 12675   1428      0  10522
 12676   1617      0  10535
 12772   6274      0  10535
 13104    492      0  10522
 13174  14352      0  10535
 13223  14726      0  10522
 13224  14727      0  10522
 13261   1272      0  10522
 13262   2135      0  10522
 13334   3386      0  10535
 13426  15130      0  10535
 13443  15105      0  10522
 13447  15999      0  10522
 13451  15120      0  10522
 13452  15121      0  10535
 13461   6590      0  10535
 13470  15216      0  10535
 13523  15356      0  10535
 13542   6269      0  10535
 13561  15646      0  10522
 13562  15846      0  10522
 13563  15851      0  10522
 13564  15854      0  10535
 13642  16358      0  10522
 13643  16002      0  10522
 13661  16061      0  10522
  2530  12765      0  10522
  2547  10281      0  10535
  2601  10314      0  10535
  2546  10233      0  10535
  2027  14445      0  10535
  2040   3840      0  10535
  2110   3985      0  10535
  2267    665      0  10522
  2452  15599      0  10522
  2472  13715      0  10522
  2560  13720      0  10535
  3014   1489      0  10535
  3326  13096      0  10535
  3327  13097      0  10535
  3444   8973      0  10535
  3562   3915      0  10522
  3730  15255      0  10522
  3733   7037      0  10535
  3745   5608      0  10535
  4034   9473      0  10535
  4066   3929      0  10522
  4105   2198      0  10535
  4115  13098      0  10535
  4146   4089      0  10535
  4200   8271      0  10522
  4274    982      0  10535
  4370  13099      0  10535
  4652  14158      0  10522
  4736   7540      0  10522
  5024   3283      0  10535
  5076   2383      0  10522
  5117   3467      0  10535
  5165   8171      0  10522
  5205   4470      0  10535
  5316   2379      0  10522
  5363   6021      0  10535
  5607    445      0  10535
  5651   1490      0  10522
  5703  13279      0  10522
  6111   1352      0  10535
  6112   1354      0  10535
  6401  16298      0  10522
  6560  13678      0  10522
  6575   2753      0  10522
  6670  13280      0  10522
  6726  13281      0  10522
  7165  11307      0  10535
  7177   3025      0  10535
  7200  15342      0  10522
  7266    973      0  10535
  7425  14471      0  10535
  7443  14472      0  10535
 10007   3302 0  10535
 10124   2463      0  10522
 10135   1140      0  10522
 10166    459      0  10522
 10173   4141      0  10535
 10244  14125      0  10535
 10300   3854      0  10522
 10352  14127      0  10535
 10376   3223      0  10522
 10401  13007      0  10522
 10404  13008      0  10535
 10422   2325      0  10522
 11027   7359      0  10522
 11110   2186      0  10535
 11141    986      0  10535
 11154   7765      0  10535
 11166  14450      0  10522
 11336  13723      0  10535
 11343   3565      0  10522
 11406  14435      0  00535
 11464   5169      0  10535
 11465   7833      0  10522
 11732   4625      0  10535
 11745  13549      0  10535
 12025   8976      0  10522
 12035   2966      0  10522
 12036   3361      0  10522
 12055  11007      0  10535
 12056   6624      0  10522
 12072  14104      0  10535
 12074  14118      0  10535
 12161   8714      0  10535
 12162  14476      0  10535
 12207  10055      0  10522
 12423   7229      0  10522
 12650   6543      0  10522
 12673    297      0  10535
 12674    490      0  10535
 12675   1428      0  10522
 12676   1617      0  10535
 12772   6274      0  10535
 13104    492      0  10522
 13174  14352      0  10535
 13223  14726      0  10522
 13224  14727      0  10522
 13261   1272      0  10522
 13262   2135      0  10522
 13334   3386      0  10535
 13426  15130      0  10535
 13443  15105      0  10522
 13447  15999      0  10522
 13451  15120      0  10522
 13452  15121      0  10535
 13461   6590      0  10535
 13470  15216      0  10535
 13523  15356      0  10535
 13542   6269      0  10535
 13561  15646      0  10522
 13562  15846      0  10522
 13563  15851      0  10522
 13564  15854      0  10535
 13642  16358      0  10522
 13643  16002      0  10522
 13661  16061      0  10522
  2530  12765      0  10522
  2547  10281      0  10535
  2601  10314      0  10535
  2546  10233      0  10535
  2027  14445      0  10535
  2040   3840      0  10535
  2110   3985      0  10535
  2267    665      0  10522
  2452  15599      0  10522
  2472  13715      0  10522
  2560  13720      0  10535
  3014   1489      0  10535
  3326  13096      0  10535
  3327  13097      0  10535
  3444   8973      0  10535
  3562   3915      0  10522
  3730  15255      0  10522
  3733   7037      0  10535
  3745   5608      0  10535
  4034   9473      0  10535
  4066   3929      0  10522
  4105   2198      0  10535
  4115  13098      0  10535
  4146   4089      0  10535
  4200   8271      0  10522
  4274    982      0  10535
  4370  13099      0  10535
  4652  14158      0  10522
  4736   7540      0  10522
  5024   3283      0  10535
  5076   2383      0  10522
  5117   3467      0  10535
  5165   8171      0  10522
  5205   4470      0  10535
  5316   2379      0  10522
  5363   6021      0  10535
  5607    445      0  10535
  5651   1490      0  10522
  5703  13279      0  10522
  6111   1352      0  10535
  6112   1354      0  10535
  6401  16298      0  10522
  6560  13678      0  10522
  6575   2753      0  10522
  6670  13280      0  10522
  6726  13281      0  10522
  7165  11307      0  10535
  7177   3025      0  10535
  7200  15342      0  10522
  7266    973      0  10535
  7425  14471      0  10535
  7443  14472      0  10535
 10007   3302      0  10535
 10124   2463      0  10522
 10135   1140      0  10522
 10166    459      0  10522
 10173   4141      0  10535
 10244  14125      0  10535
 10300   3854      0  10522
 10352  14127      0  10535
 10376   3223      0  10522
 10401  13007      0  10522
 10404  13008      0  10535
 10422   2325      0  10522
 11027   7359      0  10522
 11110   2186      0  10535
 11141    986      0  10535
 11154   7765      0  10535
 11166  14450      0  10522
 11336  13723      0  10535
 11343   3565      0  10522
 11406  14435      0  00535
 11464   5169      0  10535
 11465   7833      0  10522
 11732   4625      0  10535
 11745  13549      0  10535
 12025   8976      0  10522
 12035   2966      0  10522
 12036   3361      0  10522
 12055  11007      0  10535
 12056   6624      0  10522
 12072  14104      0  10535
 12074  14118      0  10535
 12161   8714      0  10535
 12162  14476      0  10535
 12207  10055      0  10522
 12423   7229      0  10522
 12650   6543      0  10522
 12673    297      0  10535
 12674    490      0  10535
 12675   1428      0  10522
 12676   1617      0  10535
 12772   6274      0  10535
 13104    492      0  10522
 13174  14352      0  10535
 13223  14726      0  10522
 13224  14727      0  10522
 13261   1272      0  10522
 13262   2135      0  10522
 13334   3386      0  10535
 13426  15130      0  10535
 13443  15105      0  10522
 13447  15999      0  10522
 13451  15120      0  10522
 13452  15121      0  10535
 13461   6590      0  10535
 13470  15216      0  10535
 13523  15356      0  10535
 13542   6269      0  10535
 13561  15646      0  10522
 13562  15846      0  10522
 13563  15851      0  10522
 13564  15854      0  10535
 13642  16358      0  10522
 13643  16002      0  10522
 13661  16061      0  10522
  2530  12765      0  10522
  2547  10281      0  10535
  2601  10314      0  10535
  2546  10233      0  10535
  2027  14445      0  10535
  2040   3840      0  10535
  2110   3985      0  10535
  2267    665      0  10522
  2452  15599      0  10522
  2472  13715      0  10522
  2560  13720      0  10535
  3014   1489      0  10535
  3326  13096      0  10535
  3327  13097      0  10535
  3444   8973      0  10535
  3562   3915      0  10522
  3730  15255      0  10522
  3733   7037      0  10535
  3745   5608      0  10535
  4034   9473      0  10535
  4066   3929      0  10522
  4105   2198      0  10535
  4115  13098      0  10535
  4146   4089      0  10535
  4200   8271      0  10522
  4274    982      0  10535
  4370  13099      0  10535
  4652  14158      0  10522
  4736   7540      0  10522
  5024   3283      0  10535
  5076   2383      0  10522
  5117   3467      0  10535
  5165   8171      0  10522
  5205   4470      0  10535
  5316   2379      0  10522
  5363   6021      0  10535
  5607    445      0  10535
  5651   1490      0  10522
  5703  13279      0  10522
  6111   1352      0  10535
  6112   1354      0  10535
  6401  16298      0  10522
  6560  13678      0  10522
  6575   2753      0  10522
  6670  13280      0  10522
  6726  13281      0  10522
  7165  11307      0  10535
  7177   3025      0  10535
  7200  15342      0  10522
  7266    973      0  10535
  7425  14471      0  10535
  7443  14472      0  10535
 10007   3302      0  10535
 10124   2463      0  10522
 10135   1140      0  10522
 10166    459      0  10522
 10173   4141      0  10535
 10244  14125      0  10535
 10300   3854      0  10522
 10352  14127      0  10535
 10376   3223      0  10522
 10401  13007      0  10522
 10404  13008      0  10535
 10422   2325      0  10522
 11027   7359      0  10522
 11110   2186      0  10535
 11141    986      0  10535
 11154   7765      0  10535
 11166  14450      0  10522
 11336  13723      0  10535
 11343   3565      0  10522
 11406  14435      0  00535
 11464   5169      0  10535
 11465   7833      0  10522
 11732   4625      0  10535
 11745  13549      0  10535
 12025   8976      0  10522
 12035   2966      0  10522
 12036   3361      0  10522
 12055  11007      0  10535
 12056   6624      0  10522
 12072  14104      0  10535
 12074  14118      0  10535
 12161   8714      0  10535
 12162  14476      0  10535
 12207  10055      0  10522
 12423   7229      0  10522
 12650   6543      0  10522
 12673    297      0  10535
 12674    490      0  10535
 12675   1428      0  10522
 12676   1617      0  10535
 12772   6274      0  10535
 13104    492      0  10522
 13174  14352      0  10535
 13223  14726      0  10522
 13224  14727      0  10522
 13261   1272      0  10522
 13262   2135      0  10522
 13334   3386      0  10535
 13426  15130      0  10535
 13443  15105      0  10522
 13447  15999      0  10522
 13451  15120      0  10522
 13452  15121      0  10535
 13461   6590      0  10535
 13470  15216      0  10535
 13523  15356      0  10535
 13542   6269      0  10535
 13561  15646      0  10522
 13562  15846      0  10522
 13563  15851      0  10522
 13564  15854      0  10535
 13642  16358      0  10522
 13643  16002      0  10522
 13661  16061      0  10522
  2530  12765      0  10522
  2547  10281      0  10535
  2601  10314      0  10535
  2546  10233      0  10535
  2027  14445      0  10535
  2040   3840      0  10535
  2110   3985      0  10535
  2267    665      0  10522
  2452  15599      0  10522
  2472  13715      0  10522
  2560  13720      0  10535
  3014   1489      0  10535
  3326  13096      0  10535
  3327  13097      0  10535
  3444   8973      0  10535
  3562   3915      0  10522
  3730  15255      0  10522
  3733   7037      0  10535
  3745   5608      0  10535
  4034   9473      0  10535
  4066   3929      0  10522
  4105   2198      0  10535
  4115  13098      0  10535
  4146   4089      0  10535
  4200   8271      0  10522
  4274    982      0  10535
  4370  13099      0  10535
  4652  14158      0  10522
  4736   7540      0  10522
  5024   3283      0  10535
  5076   2383      0  10522
  5117   3467      0  10535
  5165   8171      0  10522
  5205   4470      0  10535
  5316   2379      0  10522
  5363   6021      0  10535
  5607    445      0  10535
  5651   1490      0  10522
  5703  13279      0  10522
  6111   1352      0  10535
  6112   1354      0  10535
  6401  16298      0  10522
  6560  13678      0  10522
  6575   2753      0  10522
  6670  13280      0  10522
  6726  13281      0  10522
  7165  11307      0  10535
  7177   3025      0  10535
  7200  15342      0  10522
  7266    973      0  10535
  7425  14471      0  10535
  7443  14472      0  10535
 10007   3302      0  10535
 10124   2463      0  10522
 10135   1140      0  10522
 10166    459      0  10522
 10173   4141      0  10535
 10244  14125      0  10535
 10300   3854      0  10522
 10352  14127      0  10535
 10376   3223      0  10522
 10401  13007      0  10522
 10404  13008      0  10535
 10422   2325      0  10522
 11027   7359      0  10522
 11110   2186      0  10535
 11141    986      0  10535
 11154   7765      0  10535
 11166  14450      0  10522
 11336  13723      0  10535
 11343   3565      0  10522
 11406  14435      0  00535
 11464   5169      0  10535
 11465   7833      0  10522
 11732   4625      0  10535
 11745  13549      0  10535
 12025   8976      0  10522
 12035   2966      0  10522
 12036   3361      0  10522
 12055  11007      0  10535
 12056   6624      0  10522
 12072  14104      0  10535
 12074  14118      0  10535
 12161   8714      0  10535
 12162  14476      0  10535
 12207  10055      0  10522
 12423   7229      0  10522
 12650   6543      0  10522
 12673    297      0  10535
 12674    490      0  10535
 12675   1428      0  10522
 12676   1617      0  10535
 12772   6274      0  10535
 13104    492      0  10522
 13174  14352      0  10535
 13223  14726      0  10522
 13224  14727      0  10522
 13261   1272      0  10522
 13262   2135      0  10522
 13334   3386      0  10535
 13426  15130      0  10535
 13443  15105      0  10522
 13447  15999      0  10522
 13451  15120      0  10522
 13452  15121      0  10535
 13461   6590      0  10535
 13470  15216      0  10535
 13523  15356      0  10535
 13542   6269      0  10535
 13561  15646      0  10522
 13562  15846      0  10522
 13563  15851      0  10522
 13564  15854      0  10535
 13642  16358      0  10522
 13643  16002      0  10522
 13661  16061      0  10522
  2530  12765      0  10522
  2547  10281      0  10522
  2601  10314      0  10522
  2546  10233      0  10522
  2027  14445      0  10535
  2040   3840      0  10535
  2110   3985      0  10535
  2267    665      0  10522
  2452  15599      0  10522
  2472  13715      0  10522
  2560  13720      0  10535
  3014   1489      0  10535
  3326  13096      0  10535
  3327  13097      0  10535
  3444   8973      0  10535
  3562   3915      0  10522
  3730  15255      0  10522
  3733   7037      0  10535
  3745   5608      0  10535
  4034   9473      0  10535
  4066   3929      0  10522
  4105   2198      0  10535
  4115  13098      0  10535
  4146   4089      0  10535
  4200   8271      0  10522
  4274    982      0  10535
  4370  13099      0  10535
  4652  14158      0  10522
  4736   7540      0  10522
  5024   3283      0  10535
  5076   2383      0  10522
  5117   3467      0  10535
  5165   8171      0  10522
  5205   4470      0  10535
  5316   2379      0  10522
  5363   6021      0  10535
  5607    445      0  10535
  5651   1490      0  10522
  5703  13279      0  10522
  6111   1352      0  10535
  6112   1354      0  10535
  6401  16298      0  10522
  6560  13678      0  10522
  6575   2753      0  10522
  6670  13280      0  10522
  6726  13281      0  10522
  7165  11307      0  10535
  7177   3025      0  10535
  7200  15342      0  10522
  7266    973      0  10535
  7425  14471      0  10535
  7443  14472      0  10535
 10007   3302      0  10535
 10124   2463      0  10522
 10135   1140      0  10522
 10166    459      0  10522
 10173   4141      0  10535
 10244  14125      0  10535
 10300   3854      0  10522
 10352  14127      0  10535
 10376   3223      0  10522
 10401  13007      0  10522
 10404  13008      0  10535
 10422   2325      0  10522
 11027   7359      0  10522
 11110   2186      0  10535
 11141    986      0  10535
 11154   7765      0  10535
 11166  14450      0  10522
 11336  13723      0  10535
 11343   3565      0  10522
 11406  14435      0  00535
 11464   5169      0  10535
 11465   7833      0  10522
 11732   4625      0  10535
 11745  13549      0  10535
 12025   8976      0  10522
 12035   2966      0  10522
 12036   3361      0  10522
 12055  11007      0  10535
 12056   6624      0  10522
 12072  14104      0  10535
 12074  14118      0  10535
 12161   8714      0  10535
 12162  14476      0  10535
 12207  10055      0  10522
 12423   7229      0  10522
 12650   6543      0  10522
 12673    297      0  10535
 12674    490      0  10535
 12675   1428      0  10522
 12676   1617      0  10535
 12772   6274      0  10535
 13104    492      0  10522
 13174  14352      0  10535
 13223  14726      0  10522
 13224  14727      0  10522
 13261   1272      0  10522
 13262   2135      0  10522
 13334   3386      0  10535
 13426  15130      0  10535
 13443  15105      0  10522
 13447  15999      0  10522
 13451  15120      0  10522
 13452  15121      0  10535
 13461   6590      0  10535
 13470  15216      0  10535
 13523  15356      0  10535
 13542   6269      0  10535
 13561  15646      0  10522
 13562  15846      0  10522
 13563  15851      0  10522
 13564  15854      0  10535
 13642  16358      0  10522
 13643  16002      0  10522
 13661  16061      0  10522
  2530  12765      0  10522
  2547  10281      0  10522
  2601  10314      0  10522
  2546  10233      0  10522
  2027  14445      0  10535
  2040   3840      0  10535
  2110   3985      0  10535
  2267    665      0  10522
  2452  15599      0  10522
  2472  13715      0  10522
  2560  13720      0  10535
  3014   1489      0  10535
  3326  13096      0  10535
  3327  13097      0  10535
  3444   8973      0  10535
  3562   3915      0  10522
  3730  15255      0  10522
  3733   7037      0  10535
  3745   5608      0  10535
  4034   9473      0  10535
  4066   3929      0  10522
  4105   2198      0  10535
  4115  13098      0  10535
  4146   4089      0  10535
  4200   8271      0  10522
  4274    982      0  10535
  4370  13099      0  10535
  4652  14158      0  10522
  4736   7540      0  10522
  5024   3283      0  10535
  5076   2383      0  10522
  5117   3467      0  10535
  5165   8171      0  10522
  5205   4470      0  10535
  5316   2379      0  10522
  5363   6021      0  10535
  5607    445      0  10535
  5651   1490      0  10522
  5703  13279      0  10522
  6111   1352      0  10535
  6112   1354      0  10535
  6401  16298      0  10522
  6560  13678      0  10522
  6575   2753      0  10522
  6670  13280      0  10522
  6726  13281      0  10522
  7165  11307      0  10535
  7177   3025      0  10535
  7200  15342      0  10522
  7266    973      0  10535
  7425  14471      0  10535
  7443  14472      0  10535
 10007   3302      0  10535
 10124   2463      0  10522
 10135   1140      0  10522
 10166    459      0  10522
 10173   4141      0  10535
 10244  14125      0  10535
 10300   3854      0  10522
 10352  14127      0  10535
 10376   3223      0  10522
 10401  13007      0  10522
 10404  13008      0  10535
 10422   2325      0  10522
 11027   7359      0  10522
 11110   2186      0  10535
 11141    986      0  10535
 11154   7765      0  10535
 11166  14450      0  10522
 11336  13723      0  10535
 11343   3565      0  10522
 11406  14435      0  00535
 11464   5169      0  10535
 11465   7833      0  10522
 11732   4625      0  10535
 11745  13549      0  10535
 12025   8976      0  10522
 12035   2966      0  10522
 12036   3361      0  10522
 12055  11007      0  10535
 12056   6624      0  10522
 12072  14104      0  10535
 12074  14118      0  10535
 12161   8714      0  10535
 12162  14476      0  10535
 12207  10055      0  10522
 12423   7229      0  10522
 12650   6543      0  10522
 12673    297      0  10535
 12674    490      0  10535
 12675   1428      0  10522
 12676   1617      0  10535
 12772   6274      0  10535
 13104    492      0  10522
 13174  14352      0  10535
 13223  14726      0  10522
 13224  14727      0  10522
 13261   1272      0  10522
 13262   2135      0  10522
 13334   3386      0  10535
 13426  15130      0  10535
 13443  15105      0  10522
 13447  15999      0  10522
 13451  15120      0  10522
 13452  15121      0  10535
 13461   6590      0  10535
 13470  15216      0  10535
 13523  15356      0  10535
 13542   6269      0  10535
 13561  15646      0  10522
 13562  15846      0  10522
 13563  15851      0  10522
 13564  15854      0  10535
 13642  16358      0  10522
 13643  16002      0  10522
 13661  16061      0  10522
  a]j"A