 2014  1674  7323
 2014  1674 13467
 2032   837 12745
 2055  1216 12722
 2055  1216 13467
 2064  2504  3462
 2064  2504 11312
 2200 15997  2270
 2200 15997 12273
 2200 15997 12606
 2200 15997 13447
 2200 15997 13642
 2200 15997 13643
 2200 15997 13644
 2270 14825  5607
 2270 14825 13443
 2270 14825 13447
 2270 14825 13642
 2270 14825 13643
 2270 14825 13644
 2372  6266  2677
 2372  6266 11066
 2413 11837  3332
 2413 11837  7663
 2447  1883  6220
 2472 13715  7323
 2541  2077  3332
 2550  8103  2773
 2550  8103  3517
 2550  8103  4200
 2550  8103  7315
 2550  8103  7425
 2550  8103  7443
 2550  8103 12160
 2550  8103 13104
 2555 13796  6521
 2555 13796  6666
 2560 13720  2561
 2560 13720 11334
 2561 13721 11463
 2677  6647  6217
 2677  6647 10007
 2677  6647 10106
 2677  6647 11066
 2677  6647 12771
 2702 14914 11166
 2702 14914 13104
 2740  4559  3332
 2740  4559  7503
 2740  4559 12265
 2773  3831  4200
 2773  3831  5024
 2773  3831  6111
 2773  3831  6217
 2773  3831  7443
 2773  3831 10616
 2773  3831 12160
 2773  3831 12161
 2773  3831 12162
 2773  3831 12722
 3030  3836  3275
 3030  3836  7135
 3030  3836  7160
 3030  3836  7266
 3030  3836 10616
 3030  3836 12606
 3030  3836 13465
 3030  3836 13466
 3117 13094  3201
 3117 13094  4306
 3117 13094  4370
 3117 13094  5127
 3117 13094  6352
 3117 13094 10375
 3117 13094 10616
 3117 13094 12207
 3117 13094 12650
 3117 13094 12722
 3117 13094 13205
 3117 13094 13467
 3127 11883  6024
 3127 11883  7315
 3130 11981  7050
 3201 13095  3327
 3201 13095  4115
 3201 13095  4370
 3201 13095  4537
 3201 13095  4553
 3201 13095  7323
 3201 13095  7503
 3201 13095 11066
 3201 13095 12722
 3201 13095 13467
 3241  3670 11246
 3275  1448  6024
 3275  1448  6220
 3275  1448  7050
 3275  1448  7160
 3275  1448 11141
 3275  1448 13465
 3275  1448 13466
 3323  4192  3462
 3323  4192  4334
 3323  4192 11312
 3326 13096  7323
 3326 13096 12722
 3327 13097 12722
 3332  2891  3334
 3332  2891  3627
 3332  2891  4023
 3332  2891  4267
 3332  2891  5127
 3332  2891 11736
 3332  2891 12564
 3332  2891 13207
 3334  5451  3454
 3334  5451  4023
 3334  5451  5127
 3334  5451  7012
 3334  5451  7663
 3334  5451 11074
 3334  5451 11222
 3334  5451 11744
 3334  5451 12027
 3334  5451 12564
 3334  5451 13465
 3444  8973  6220
 3444  8973 11066
 3454 11928  5112
 3454 11928 10535
 3462  8291  4031
 3462  8291  6521
 3462  8291 12476
 3462  8291 13205
 3465  2217 13202
 3465  2217 13206
 3601 15254  4334
 3601 15254 13104
 3627  8710  6562
 3627  8710  7503
 4031  2156  4105
 4031  2156  5316
 4031  2156  7263
 4031  2156  7265
 4031  2156 12570
 4031  2156 12675
 4031  2156 13205
 4031  2156 13262
 4031  2156 13272
 4105  2198  5316
 4115 13098  7323
 4123  4029 13205
 4146  4089  4334
 4146  4089 11312
 4200  8271 12160
 4267 11344  5127
 4267 11344  7503
 4267 11344 10607
 4306 14101  5560
 4306 14101  6446
 4306 14101 12025
 4306 14101 13451
 4306 14101 13661
 4334 15341  5314
 4334 15341  7200
 4334 15341 11166
 4334 15341 11312
 4334 15341 11761
 4334 15341 12476
 4334 15341 12662
 4334 15341 13470
 4334 15341 13561
 4334 15341 13562
 4505  4797 13465
 4507  4799 10616
 4537  3221 13467
 4553 12758 13467
 4622  7470  7503
 4652 14158  6575
 4652 14158 11461
 4652 14158 12674
 4652 14158 12675
 4736  7540 11463
 4736  7540 13143
 5016  5672 10106
 5076  2383 11334
 5112 11920  5411
 5112 11920  5607
 5112 11920  6124
 5112 11920  7503
 5112 11920 10356
 5112 11920 11223
 5112 11920 11361
 5112 11920 11744
 5112 11920 12030
 5112 11920 12571
 5112 11920 13072
 5112 11920 13210
 5117  3467  6217
 5117  3467  6220
 5127  9658  7077
 5127  9658 11462
 5127  9658 13166
 5136 13831 12371
 5314  8625 12662
 5417  2014 13334
 5432  9850 12570
 5432  9850 13023
 5560  2491  7263
 5560  2491 13263
 5607   445  6726
 5635  4990 13263
 5635  4990 13452
 5703 13279 12722
 5703 13279 13443
 6024 11828  7012
 6024 11828  7315
 6111  1352 11066
 6124  7548 12570
 6131 11835 11222
 6131 11835 12030
 6131 11835 12043
 6220  6692  7027
 6220  6692  7252
 6220  6692 10007
 6401 16298  6521
 6401 16298  6666
 6431  8874 12027
 6431  8874 12030
 6446  8719 13263
 6521 13404  6666
 6560 13678 12371
 6562  9933 13512
 6575  2753 11461
 6575  2753 12674
 6640  3306  6643
 6643 16245  7252
 6643 16245  7265
 6666 13539 11312
 6670 13280  6726
 6670 13280 12722
 6670 13280 13443
 6670 13280 13467
 7032  9069 12160
 7032  9069 12606
 7050  9070 12030
 7077 13776 11462
 7077 13776 13072
 7077 13776 13166
 7135   444 13465
 7160  8424  7266
 7160  8424 12030
 7160  8424 13203
 7160  8424 13465
 7160  8424 13466
 7166  2851  7211
 7166  2851  7621
 7166  2851 11431
 7200 15342 11312
 7211  2911  7621
 7252  5959  7265
 7252  5959 11110
 7252  5959 12035
 7252  5959 12055
 7252  5959 12056
 7252  5959 12371
 7257  7533 10166
 7257  7533 12035
 7257  7533 13204
 7263 14103 10375
 7263 14103 10437
 7263 14103 12416
 7263 14103 13202
 7263 14103 13661
 7265  6086 10124
 7265  6086 11110
 7265  6086 12055
 7265  6086 12056
 7265  6086 13204
 7265  6086 13272
 7266   973 11141
 7270 15128 12027
 7323  2466  7341
 7323  2466 10616
 7323  2466 11066
 7323  2466 11463
 7323  2466 12650
 7323  2466 12722
 7323  2466 12771
 7323  2466 13467
 7341  2984 10616
 7361  8339 13205
 7425 14471 12160
 7476 13128 11246
 7476 13128 12744
 7503 11921 11225
 7503 11921 11736
 7503 11921 12027
 7503 11921 12570
 7503 11921 12722
10035 12294 10101
10035 12294 12744
10101   775 12746
10106 14416 12763
10106 14416 13206
10124  2463 12027
10166   459 12371
10302 11517 13204
10302 11517 13205
10303 11518 13203
10303 11518 13204
10335 16293 13206
10375 13006 10401
10375 13006 12772
10375 13006 13107
10375 13006 13143
10401 13007 12771
10437  8742 13263
10533  3197 12266
10533  3197 12745
10533  3197 12746
10534 13317 10607
10535 13333 12264
10606 13352 12265
10606 13352 12267
10607 13362 11700
10607 13362 12010
10607 13362 12264
10610  6983 11334
10610  6983 13261
10616  2695 12207
10616  2695 12605
10616  2695 12722
10616  2695 13426
10616  2695 13467
10624  7358 13206
10702 13380 12763
10702 13380 12764
10702 13380 13513
10702 13380 13514
11020  2864 13205
11020  2864 13206
11061  6645 12571
11066  2697 13174
11074  1570 11175
11074  1570 11361
11141   986 13466
11146 16359 11175
11146 16359 11262
11166 14450 13104
11175 14961 11361
11175 14961 12571
11222  9680 13455
11223  9693 11225
11246 13129 12746
11312  9036 12027
11312  9036 12662
11312  9036 13470
11312  9036 13561
11312  9036 13562
11334  2723 11463
11334  2723 12673
11334  2723 13263
11406 14435 13203
11406 14435 13206
11446  5795 12570
11461  4215 13203
11462  5677 13072
11463  4508 11464
11463  4508 13143
11463  4508 13452
11464  5169 13143
11700 15366 12010
11742 13181 12267
11742 13181 12763
11745 13549 13204
11761  3037 13561
12027  5006 12030
12027  5006 12563
12027  5006 12571
12030  1591 12403
12030  1591 12570
12030  1591 13664
12035  2966 12036
12035  2966 12371
12036  3361 12371
12062 10879 12067
12062 10879 12606
12062 10879 13027
12067 10887 13027
12160 11235 12162
12160 11235 13466
12264 13210 13155
12265 13221 12266
12265 13221 12745
12266 13222 13511
12371 12072 13461
12430  3934 12476
12570  6538 12571
12570  6538 12745
12570  6538 13166
12570  6538 13203
12570  6538 13204
12570  6538 13466
12571  6540 12763
12571  6540 13023
12571  6540 13467
12605 14413 12744
12605 14413 13451
12606 14414 12762
12662  8546 13561
12662  8546 13562
12674   490 13202
12722  1093 13206
12744  5938 12762
12744  5938 12763
12745  6030 12762
12745  6030 12763
12745  6030 12764
12745  6030 13155
12762  8831 13155
12771  6261 12772
13027 10904 13467
13072 13777 13166
13202  3723 13203
13202  3723 13204
13202  3723 13205
13202  3723 13206
13202  3723 13223
13202  3723 13224
13203  3728 13204
13203  3728 13205
13203  3728 13206
13203  3728 13223
13203  3728 13261
13204  3733 13205
13204  3733 13206
13204  3733 13224
13205  3750 13206
13263  8241 13661
13426 15130 13467
13465  7642 13466
13465  7642 13523
13466  8805 13523
13507 15278 13510
13511 15280 13512
13513 15282 13514
99999
