                        APPLE HOST REPORT
                          AUGUST 16, 1994   

STARTDATE SESSIONS   HOURS   INPUT-KCHARS OUTPUT-KCHARS TOTAL-KCHARS
--------- -------- --------- ------------ ------------- ------------
 931221         13      3.15         266.          281.         547.
 931222          3      2.02           2.           21.          23.
 931223          3       .34           2.           25.          27.
 931224          2       .02           1.            4.           4.
 931225          1       .02           0.            3.           3.
 931226          1       .00           0.           13.          13.
 931227         11      1.39           9.           56.          65.
 931228          4       .27           2.           13.          15.
 931229          2       .98           4.           57.          61.
 931230          6       .51          75.           23.          98.
 931231          1      1.41           4.           39.          43.
 940101          1       .01           0.            2.           2.
 940102          1       .00           0.           13.          13.
 940103          1       .53           1.            7.           8.
 940104          2       .08           1.           13.          14.
 940105          8       .75           5.           51.          56.
 940106         14      3.82          19.           85.         105.
 940107         15      2.92           8.          172.         180.
 940108         10      1.20           6.          125.         131.
 940109          2       .19           1.           25.          27.
 940110         13       .56           4.           52.          56.
 940111         26      1.92           7.           64.          71.
 940112         26      1.66          10.           63.          73.
 940113         21      2.82          15.          271.         286.
 940114         26      1.50          29.          152.         181.
 940115          7       .12           3.            7.          10.
 940116          2       .01           0.            1.           1.
 940117         12      1.76          10.          193.         203.
 940118         13      1.97          11.          330.         341.
 940119          9      2.28           4.           54.          58.
 940120         19      1.40          12.          190.         202.
 940121         22      2.67          46.         1149.        1195.
 940122          2       .04           0.            5.           6.
 940123          6       .28           3.           46.          49.
 940124         31      1.33          29.          400.         428.
 940125         25       .74          27.           94.         122.
 940126         17      2.57          29.          378.         407.
 940127         10       .58           5.           40.          45.
 940128          8      2.12          15.          106.         121.
 940129          6       .57           5.           89.          94.
 940130          2       .12           1.           24.          25.
 940131         12      2.06          13.           83.          96.
 940201         26      3.47          26.          116.         142.
 940202         22      1.36          44.           84.         128.
 940203         22      4.36         164.          259.         423.
 940204         27      3.47          26.          108.         134.
 940205         10      1.95          17.           89.         106.
 940206          2       .07           0.           26.          26.
 940207          6      1.65           6.           57.          63.
 940208         17      1.71          10.          135.         145.
 940209         52      1.95          21.          173.         194.
 940210         67      1.17          16.           47.          63.
 940211         13       .34           5.           37.          41.
 940212         30       .60          39.           96.         135.
 940214          8      2.19          11.          174.         185.                        APPLE HOST REPORT
                          AUGUST 16, 1994   

STARTDATE SESSIONS   HOURS   INPUT-KCHARS OUTPUT-KCHARS TOTAL-KCHARS
--------- -------- --------- ------------ ------------- ------------
 940215         42      2.59         483.          199.         682.
 940216         22      5.91          37.         1569.        1606.
 940217         15      1.41         542.          210.         752.
 940218         60      6.35         115.          370.         486.
 940219         13      1.36          18.          566.         584.
 940220         12      3.51          29.          267.         296.
 940221         10      1.46          16.          117.         133.
 940222         14      3.63          29.         1588.        1617.
 940223         38      4.78          59.          593.         652.
 940224         56     24.78         228.         7843.        8071.
 940225         44     13.97         139.         6061.        6200.
 940226         25      6.09          49.         1569.        1619.
 940227         17      2.83          18.          375.         393.
 940228         37     12.48         110.         1959.        2069.
 940301         39      7.98          44.         2463.        2507.
 940302         48     10.14          89.         1049.        1137.
 940303         52     16.64         350.         3029.        3379.
 940304         52      9.41         118.          857.         975.
 940305         43     14.51         148.         1298.        1445.
 940306         49     15.25         132.         1452.        1584.
 940307         63     11.72         243.         2519.        2762.
 940308         80     23.39         709.         4434.        5143.
 940309        153     16.34         279.         2943.        3222.
 940310         71     25.97         248.         4211.        4459.
 940311        186     25.63         317.         2946.        3262.
 940312         30     13.29         192.         3124.        3316.
 940313         27      9.49          69.         1303.        1373.
 940314         51     11.65          86.         1161.        1247.
 940315         41      4.72          38.         1042.        1081.
 940316         62     32.28         206.        16725.       16931.
 940317         58     20.58         232.         8870.        9102.
 940318        192     20.32         606.         8024.        8630.
 940319         56     22.72         167.         7690.        7857.
 940320         50     26.85         166.        12943.       13109.
 940321         72     18.67         197.        12475.       12673.
 940322         65     22.00         194.         8470.        8664.
 940323        133     31.80         279.         9165.        9444.
 940324        254     36.23         475.        15859.       16334.
 940325        116     21.63         244.         9106.        9349.
 940326        104     47.89         393.        26756.       27149.
 940327         45     33.17         278.        14165.       14443.
 940328        206     34.01         541.         9535.       10077.
 940329        119     27.31         639.         6048.        6687.
 940330        178     36.74         732.         9862.       10595.
 940331        162     41.47         498.        14425.       14923.
 940401        170     60.06         788.        24282.       25070.
 940402        160     63.79         728.        41146.       41875.
 940403        139     47.15         770.        12506.       13275.
 940404        138     54.18         548.        23181.       23729.
 940405        152     64.50        1952.        29027.       30979.
 940406        147     85.70        1359.        23343.       24703.
 940407        199     60.66        1338.        23672.       25010.
 940408        206     87.02         729.        36050.       36779.
 940409        148     72.65         734.        50026.       50760.
 940410        111     55.85         584.        15746.       16330.                        APPLE HOST REPORT
                          AUGUST 16, 1994   

STARTDATE SESSIONS   HOURS   INPUT-KCHARS OUTPUT-KCHARS TOTAL-KCHARS
--------- -------- --------- ------------ ------------- ------------
 940411        149     66.96         510.        26267.       26777.
 940412        183     74.39         536.        18214.       18750.
 940413        182     66.86         695.        22325.       23020.
 940414        222     84.77        1284.        34303.       35587.
 940415        189     94.45         759.        47969.       48728.
 940416        264    134.72        1085.       114327.      115412.
 940417        162     89.20         790.        44384.       45174.
 940418        173     73.73        2661.        36048.       38709.
 940419        246     90.65        5940.        35888.       41828.
 940420        172     64.15         514.        37740.       38254.
 940421        189     63.68         503.        23873.       24376.
 940426          1       .66           3.          376.         379.
 940428          5      5.25          21.          333.         354.
 940429        259    107.94        1977.        43744.       45721.
 940430        219    114.31         992.        50943.       51935.
 940501        192     67.32         654.        24316.       24971.
 940502        219     77.29        2817.        22413.       25229.
 940503        283    113.32        2091.        33822.       35913.
 940504        279     91.68         975.        24285.       25260.
 940505        276    117.29        1313.        33220.       34534.
 940506        415    111.29        1507.        49066.       50572.
 940507        443    130.89        1642.        79394.       81036.
 940508        254     82.99        1227.        37971.       39197.
 940509        283    114.90        1313.        57453.       58767.
 940510        309    178.63        2607.       160077.      162684.
 940511        428    171.19        4065.       113830.      117895.
 940512        422    139.64        1390.        63791.       65181.
 940513        382    185.11        1916.       121453.      123369.
 940514        417    194.97        3473.       124581.      128053.
 940515        300    140.40        2282.        68226.       70509.
 940516        378    135.54        1771.        80639.       82410.
 940517        319    135.07        4844.        65471.       70315.
 940518        404    156.26        3992.        71599.       75591.
 940519        497    120.42        1363.        51513.       52876.
 940520        404    139.75        1541.        84019.       85560.
 940521        311    142.59        1519.        62327.       63845.
 940522        274    114.28        1230.        51446.       52677.
 940524          6      1.67          17.         1290.        1307.
 940525        513    183.34        8904.        81820.       90725.
 940526        433    160.75        3390.        69654.       73044.
 940527        399    112.99        2642.        41374.       44016.
 940528        242    116.59        1387.        47895.       49282.
 940529        210    106.39         810.        35395.       36205.
 940530        337    122.75        3109.        38982.       42090.
 940531        509    124.52        2819.        33650.       36468.
 940601        490    125.03        1743.        42579.       44322.
 940602        492    132.02        2361.        36330.       38691.
 940603        420    146.07        1671.        44679.       46351.
 940604        331    186.88        4620.        57151.       61772.
 940605        256    112.13        2022.        24728.       26750.
 940606        423    132.04        5950.        42122.       48073.
 940607        501    126.12        1029.        40052.       41081.
 940608        394    152.02        2251.        49875.       52125.
 940609        383    146.06        2868.        51974.       54842.
 940610        407    110.21        2111.        39517.       41628.                        APPLE HOST REPORT
                          AUGUST 16, 1994   

STARTDATE SESSIONS   HOURS   INPUT-KCHARS OUTPUT-KCHARS TOTAL-KCHARS
--------- -------- --------- ------------ ------------- ------------
 940611        288    121.67        1717.        64330.       66048.
 940612        211     85.22        1185.        20831.       22016.
 940613        310    124.99        1953.        33457.       35410.
 940614        445    142.53        3710.        61536.       65247.
 940615        409    164.68        2996.        82352.       85348.
 940616        460    140.69        2239.        54521.       56760.
 940617        523    150.71        4132.        52687.       56819.
 940618        320    126.21        4175.        81055.       85230.
 940619        352     96.68        1043.        52114.       53157.
 940620        385    185.88        4951.        88135.       93085.
 940621        559    275.61        5669.       196210.      201879.
 940622        594    239.69        2743.       172933.      175676.
 940623        505    176.55        3087.        98407.      101493.
 940624        502    233.20        2550.       165040.      167590.
 940625        781    362.67        5674.       225163.      230837.
 940626        353    198.06        3097.       107235.      110332.
 940627        458    217.16        3886.       148690.      152576.
 940628        570    232.44        4739.       115768.      120506.
 940629        686    304.00       10300.       169185.      179484.
 940630        466    183.79        1781.       102405.      104186.
 940701        398    120.25        3669.        70240.       73910.
 940702        158     40.51         449.        14776.       15225.
 940703        133     23.87         272.         5857.        6128.
 940704        160     40.18         326.        17490.       17817.
 940705        219     27.51         301.         8966.        9267.
 940706        160     42.59         402.        10555.       10957.
 940707        137     27.67         419.         7783.        8202.
 940708        123     30.84         375.         7280.        7655.
 940709        137     26.92         301.         7565.        7866.
 940710        114     37.22         516.        12676.       13192.
 940711        165     24.86         255.         7421.        7676.
 940712        156     41.14         394.        12858.       13252.
 940719          7      3.13          21.          707.         728.
 940720        172     47.90         426.        12282.       12708.
 940721        179     42.12         547.        13090.       13638.
 940722        179     45.97         321.        16670.       16991.
 940723        227     74.02         682.        20497.       21179.
 940724        202     84.09         574.        21278.       21852.
 940725        309     97.33         729.        26625.       27354.
 940726        476     95.15        1120.        29102.       30221.
 940727        267     70.87         789.        16459.       17248.
 940728         82     15.50         271.         4020.        4291.
 940729        244     62.49         498.        17718.       18217.
 940730        269     82.64        1044.        27725.       28769.
 940731        238     77.74        1828.        24898.       26726.

TOTALS:      36488  12840.56      223042.      5835752.     6058794.

