                        PRODIGY ROTARY REPORT
                            800-922-2204
                          JULY  2, 1993     

STARTDATE SESSIONS   HOURS   INPUT-KCHARS OUTPUT-KCHARS TOTAL-KCHARS
--------- -------- --------- ------------ ------------- ------------
 921223          9      3.59         148.          713.         861.
 921224        720    232.86        6045.        35376.       41421.
 921225        611    222.57        5354.        31696.       37051.
 921226       1237    272.16       18703.        51815.       70518.
 921227        450    155.91        3598.        23370.       26968.
 921228        391    147.27        3518.        21834.       25352.
 921229        465    190.16        4546.        28172.       32718.
 921230        667    236.85        5555.        33683.       39238.
 921231        887    254.23        5736.        33423.       39158.
 930101        900    203.95        4921.        30266.       35187.
 930102        947    447.11        9807.        59610.       69417.
 930103        672    258.63        5698.        35370.       41068.
 930104        817    359.43        7890.        46362.       54253.
 930105        956    406.07        9997.        52657.       62654.
 930106       1554    406.32        9416.        54533.       63949.
 930107        482    160.25        3996.        21924.       25920.
 930108        343    118.31        3177.        17813.       20990.
 930109        862    372.02        8256.        52194.       60450.
 930110        922    387.86        8391.        54646.       63037.
 930111       3631    598.63       13692.        78962.       92654.
 930112       1843    585.29       13517.        82156.       95673.
 930113       1587    514.40       12501.        68473.       80974.
 930114       2346    726.24       20075.        99159.      119233.
 930115       1191    485.54       12233.        65984.       78218.
 930116        817    332.57        9308.        46460.       55768.
 930117        658    327.46        7752.        43751.       51503.
 930118       1981    590.02       13325.        76346.       89671.
 930119       2080    776.75       18278.       101290.      119568.
 930120       1032    388.40        9123.        51481.       60604.
 930121       1110    422.98       10413.        60902.       71315.
 930122       1064    459.85       10232.        58923.       69155.
 930123        690    248.24        6523.        35159.       41682.
 930124        832    136.48        7837.        16326.       24164.
 930125        956    133.67        8861.        16138.       25000.
 930126       1407    223.63       12084.        28308.       40392.
 930127        670    119.34        6433.        16700.       23133.
 930128       1600    121.04       10057.        16979.       27036.
 930129        449     81.63        3722.         9152.       12873.
 930130        443     52.62        2256.         6954.        9210.
 930131       1258     41.95        1186.         5069.        6255.
 930201        323     67.29        3003.         8644.       11647.
 930202        893    142.04        7818.        17523.       25341.
 930203        947    146.24        6959.        17381.       24340.
 930204       1815    370.51        9852.        49099.       58951.
 930205       1401    587.37       15372.        82703.       98076.
 930206       1374    606.79       15988.        92718.      108706.
 930207        543    139.51        3449.        20928.       24377.
 930208        273    120.84        2764.        16911.       19675.
 930209        185     90.61        2032.        11208.       13240.
 930210       1960    392.28       10850.        52587.       63438.
 930211        931    331.90        8409.        44149.       52558.
 930212        237    117.50        2741.        14623.       17364.
 930213        426    184.96        4508.        26289.       30797.
 930214        736    345.77        8612.        47773.       56386.                        PRODIGY ROTARY REPORT
                            800-922-2204
                          JULY  2, 1993     

STARTDATE SESSIONS   HOURS   INPUT-KCHARS OUTPUT-KCHARS TOTAL-KCHARS
--------- -------- --------- ------------ ------------- ------------
 930215       1081    348.08        8444.        51596.       60041.
 930216        977    345.83        9818.        54134.       63952.
 930217       2652    962.83       28758.       136166.      164924.
 930218       1136    459.67       13490.        68325.       81816.
 930219       1301    521.49       13550.        70339.       83889.
 930220        872    378.72        9722.        55259.       64981.
 930221        812    340.87        8764.        50893.       59657.
 930222        989    409.71       10150.        58756.       68906.
 930223       1307    546.40       13920.        77661.       91581.
 930224       2130    707.25       19949.        92474.      112424.
 930225       1938    667.31       17706.        92427.      110133.
 930226       5870    472.35       15595.        63554.       79149.
 930227       2403    517.61       13062.        71629.       84691.
 930228        784    342.92        8194.        47772.       55965.
 930318          1       .00           0.            0.           0.
 930320          1       .18           4.           22.          26.
 930323          1       .10           4.           19.          23.
 930327          1       .54          16.          105.         121.
 930328         34     42.54         946.         5902.        6848.
 930329       1083    406.44        9704.        52775.       62479.
 930330       1328    523.40       13939.        73302.       87241.
 930331       1988    740.67       20515.        97507.      118022.
 930401       1493    452.05       11871.        63402.       75273.
 930402       3106    565.91       14602.        81093.       95695.
 930403        891    410.28       10042.        57813.       67854.
 930404       2234    603.09       14649.        84906.       99555.
 930405        926    408.39        9951.        56484.       66435.
 930406       1085    445.50       13309.        64204.       77514.
 930407       1159    450.84       11190.        60861.       72051.
 930408       1166    413.07       10460.        58702.       69162.
 930409       1529    489.39       11749.        66987.       78736.
 930410       1736    693.54       17293.       101384.      118677.
 930411       1963    388.80        9084.        51880.       60964.
 930412        968    350.96        8441.        47606.       56047.
 930413       1492    534.58       13435.        76596.       90030.
 930414       1516    487.76       11769.        65043.       76812.
 930415         45     16.93         422.         2619.        3042.
 930421         64     32.00          18.          119.         138.
 930504         36      6.82         205.         1046.        1251.
 930506         18       .56           3.            9.          12.
 930511        172     42.78        1590.         7079.        8670.
 930512        652    168.90        5409.        25598.       31006.
 930513        292     93.48        2557.        13313.       15870.
 930514        246     96.60        2456.        12485.       14942.
 930515        409     98.69        2698.        14406.       17104.
 930516        229     83.49        2050.        11399.       13448.
 930517        251     81.99        5937.        10782.       16719.
 930518        656    196.17        5783.        29513.       35296.
 930519        890    238.26        7442.        36851.       44292.
 930520        104     43.19         910.         5294.        6204.
 930521        563    188.99        4894.        26746.       31639.
 930522        713    191.22        6615.        28342.       34956.
 930523        408    156.48        3952.        24183.       28135.
 930524        576    191.53        4972.        28308.       33280.                        PRODIGY ROTARY REPORT
                            800-922-2204
                          JULY  2, 1993     

STARTDATE SESSIONS   HOURS   INPUT-KCHARS OUTPUT-KCHARS TOTAL-KCHARS
--------- -------- --------- ------------ ------------- ------------
 930525        770    225.94        6815.        35800.       42615.
 930526        793    189.14        5875.        28424.       34299.
 930527        363     97.47        3198.        12544.       15742.
 930528        286     66.30        1861.        10049.       11910.
 930529        496    103.32        3543.        15321.       18864.
 930530        307     67.26        1847.        10204.       12051.
 930531        419     98.17        2626.        15750.       18377.
 930601        620    128.92        4037.        19119.       23155.
 930602        354     95.14        2796.        12915.       15711.
 930603        308    101.08        2620.        13886.       16507.
 930604        515    131.06        3794.        20466.       24260.
 930605        691    244.66        6236.        35235.       41472.
 930606        674    162.07        4001.        22818.       26819.
 930607        507    156.93        3888.        22673.       26561.
 930608        606    184.78        5064.        25591.       30655.
 930609        963    281.95        8165.        39106.       47271.
 930610        934    275.46        7312.        35462.       42774.
 930611        534    178.76        5974.        26927.       32901.
 930612        827    180.33        5424.        29126.       34549.
 930613        489    149.17        3768.        20247.       24015.
 930614        660    186.79        4755.        27761.       32516.
 930615        704    238.34        6850.        36782.       43632.
 930616        400    137.98        4129.        20239.       24368.
 930617        911    199.79        6395.        30479.       36874.
 930618         13     15.68         275.         1826.        2101.
 930619        648    200.03        5241.        31287.       36528.
 930620        640    186.26        4593.        25662.       30255.
 930621        532    179.06        4982.        28811.       33793.
 930622        844    240.54        6829.        37001.       43830.
 930623        718    251.93        6441.        37484.       43924.
 930624       1024    332.68       10006.        50609.       60614.
 930625       1232    377.61       11665.        59973.       71638.
 930626        925    295.66        8506.        49321.       57827.
 930627       1016    312.66        7978.        49742.       57720.
 930628        654    220.37        6723.        39367.       46090.

TOTALS:     132235  39695.72     1082737.      5586316.     6669052.

   