                        PRODIGY ROTARY REPORT
                            800-922-2204
                          AUGUST 15, 1994   

STARTDATE SESSIONS   HOURS   INPUT-KCHARS OUTPUT-KCHARS TOTAL-KCHARS
--------- -------- --------- ------------ ------------- ------------
 940101          4      2.80          57.          248.         305.
 940102        217     72.34        2296.        13894.       16190.
 940103        246     69.85        2034.        13178.       15213.
 940104        398    105.77        3322.        19362.       22684.
 940105        464    104.41        3434.        18643.       22077.
 940106        344     95.45        3133.        17529.       20662.
 940107        410    118.79        4393.        23552.       27945.
 940108        266     83.25        2593.        12516.       15109.
 940109        256     90.30        2911.        19100.       22012.
 940110        275     78.14        2416.        12218.       14634.
 940111        853    125.38        3850.        22516.       26367.
 940112        256     69.83        2165.        10910.       13076.
 940113        243     68.71        2171.        11194.       13365.
 940114        211     66.80        2055.        11397.       13452.
 940115        201     61.29        2192.        10599.       12791.
 940116        200     59.06        1927.        11350.       13277.
 940117        237     78.01        2695.        14214.       16908.
 940118       1338    171.41        5702.        32551.       38253.
 940119        605    138.02        5410.        22251.       27661.
 940120        379    110.22        4041.        18270.       22312.
 940121        292     86.93        2971.        14896.       17867.
 940122        255     90.00        2889.        16018.       18907.
 940123        204     65.91        1958.        10917.       12875.
 940124        257     63.70        2052.        10398.       12450.
 940125        630    106.86        3623.        16933.       20556.
 940126        508    105.65        4185.        17237.       21421.
 940127        346     94.58        3508.        17239.       20747.
 940128        392     95.05        3128.        16128.       19256.
 940129        243     76.55        2567.        14606.       17173.
 940130        308     96.63        2777.        17946.       20722.
 940131        317     92.18        2720.        16296.       19016.
 940201        564    110.99        3634.        19524.       23158.
 940202        343     82.09        2883.        17009.       19892.
 940203        298     79.11        2317.        12496.       14813.
 940204        385     87.92        2887.        16634.       19521.
 940205        280     79.98        2503.        13524.       16027.
 940206        279     92.20        3025.        15622.       18647.
 940207        238     70.85        2179.        12882.       15061.
 940208        343     82.92        2732.        15274.       18006.
 940209        638    106.40        4155.        17575.       21730.
 940210        455    120.94        4110.        21515.       25625.
 940211        367     94.60        3159.        16193.       19353.
 940212        320     94.18        3148.        17344.       20492.
 940213        288     91.11        3082.        17013.       20095.
 940214        240     67.48        2097.        10094.       12191.
 940215        330     88.98        2761.        15863.       18624.
 940216        315     86.11        2993.        14802.       17795.
 940217        305     83.13        3117.        12890.       16007.
 940218        279     73.87        3268.        13417.       16685.
 940219        225     75.14        2590.        13680.       16270.
 940220        243     78.51        2351.        16010.       18360.
 940221        356    128.09        3742.        19933.       23676.
 940222        287     65.70        2299.        12097.       14396.
 940223        375     96.77        3144.        16787.       19931.                        PRODIGY ROTARY REPORT
                            800-922-2204
                          AUGUST 15, 1994   

STARTDATE SESSIONS   HOURS   INPUT-KCHARS OUTPUT-KCHARS TOTAL-KCHARS
--------- -------- --------- ------------ ------------- ------------
 940224        333     95.94        3066.        16463.       19529.
 940225        357     79.43        2948.        12685.       15633.
 940226        232     77.17        2361.        17069.       19430.
 940227        211     68.96        2226.        13709.       15935.
 940228        299     90.16        2585.        14497.       17082.
 940301        302     85.39        2805.        15793.       18598.
 940302        285     68.66        2552.        13231.       15783.
 940303        375     95.61        3557.        18692.       22249.
 940304        310     96.64        3020.        16407.       19427.
 940305        234     64.43        2257.        12410.       14667.
 940306        234     62.13        2181.        11542.       13722.
 940307        293     71.27        2343.        11933.       14276.
 940308        344     77.40        2470.        13617.       16087.
 940309        338     89.08        3103.        14407.       17510.
 940310        256     74.01        2906.        13503.       16409.
 940311        266     66.25        2390.        10827.       13217.
 940312        210     59.08        2086.         9945.       12032.
 940313        203     66.16        2352.        14031.       16383.
 940314        251     61.15        2273.        12413.       14686.
 940315        175     40.30        1395.         8688.       10082.
 940316        328     71.14        2501.        13172.       15673.
 940317        318     78.98        2976.        14924.       17900.
 940318        245     73.45        2520.        15833.       18353.
 940319        266     73.99        2911.        12705.       15616.
 940320        214     69.10        2571.        13325.       15896.
 940321        209     67.74        2324.        13115.       15439.
 940322        260     76.22        2884.        13998.       16881.
 940323        280     71.82        2491.        13291.       15783.
 940324        251     62.10        2399.        10486.       12885.
 940325        210     58.79        2261.        11212.       13474.
 940326        224     72.56        2198.        12654.       14851.
 940327        201     66.84        2850.        13236.       16086.
 940328        249     60.75        2093.        11285.       13378.
 940329        240     56.82        2028.        10519.       12547.
 940330        304     88.29        3547.        14943.       18490.
 940331        301     83.21        3491.        14865.       18356.
 940401        293     83.11        3322.        15163.       18485.
 940402        246     78.00        2812.        13802.       16614.
 940403        179     56.30        1929.         9640.       11569.
 940404        231     62.64        2244.        11603.       13846.
 940405        257     73.05        2818.        12814.       15632.
 940406        370     93.08        3597.        15928.       19525.
 940407        367     84.02        3018.        14196.       17213.
 940408        245     74.03        2561.        14638.       17199.
 940409        280     91.42        3424.        15724.       19148.
 940410        262     89.05        2918.        16257.       19175.
 940411        344     96.70        3411.        17061.       20472.
 940412        401    103.27        3768.        17704.       21472.
 940413        365     90.41        3571.        14069.       17639.
 940414        280     80.13        2740.        13287.       16026.
 940415        211     66.77        2251.        10395.       12646.
 940416        240     83.52        2763.        13471.       16234.
 940417        195     58.12        2193.         9886.       12078.
 940418        240     68.24        2335.        10611.       12947.                        PRODIGY ROTARY REPORT
                            800-922-2204
                          AUGUST 15, 1994   

STARTDATE SESSIONS   HOURS   INPUT-KCHARS OUTPUT-KCHARS TOTAL-KCHARS
--------- -------- --------- ------------ ------------- ------------
 940419        394     91.72        3207.        15868.       19075.
 940420        170     45.65        1441.         6660.        8101.
 940421        266     65.72        2503.        10359.       12861.
 940430          5      2.68          73.          423.         496.
 940501        247     87.38        3410.        15804.       19214.
 940502        245     71.54        2634.        13080.       15715.
 940503        340     85.95        3142.        15521.       18663.
 940504        340     98.41        3544.        16744.       20289.
 940505        210     68.59        2480.        11236.       13716.
 940506        305     88.56        3443.        15399.       18842.
 940507        258     82.91        2712.        16647.       19358.
 940508        229     63.37        2303.        13548.       15850.
 940509        255     57.53        2085.        10224.       12309.
 940510        245     65.21        2432.        11972.       14405.
 940511        272     72.10        2775.        12910.       15684.
 940512        286     79.56        3367.        14673.       18041.
 940513        225     63.15        2764.        11841.       14605.
 940514        192     67.13        2623.        11940.       14562.
 940515        199     68.75        2237.        12673.       14910.
 940516        221     70.29        2440.        11532.       13972.
 940517        306     84.88        3191.        14564.       17755.
 940518        307     90.22        3708.        16217.       19925.
 940519        269     79.76        3093.        13127.       16220.
 940520        235     70.54        2562.        14007.       16569.
 940521        200     64.92        2143.        11204.       13347.
 940522        189     56.65        1961.        10441.       12401.
 940524          4      1.38          47.          140.         186.
 940525        192     51.89        2040.         9804.       11844.
 940526        268     72.04        3391.        13170.       16561.
 940527        231     55.37        2658.         8984.       11642.
 940528        187     54.01        2068.        12838.       14905.
 940529        131     44.43        1535.         7972.        9507.
 940530        191     71.39        2335.        13195.       15529.
 940531        232     75.70        2499.        12910.       15408.
 940601        248     68.10        2527.        12272.       14799.
 940602        210     54.88        2102.         9672.       11773.
 940603        207     68.73        2499.        11733.       14232.
 940604        208     69.25        2244.        12649.       14893.
 940605        160     52.64        1711.         9222.       10933.
 940606        181     57.37        1875.         9500.       11374.
 940607        240     80.72        2571.        12410.       14981.
 940608        272     85.06        3140.        13284.       16424.
 940609        214     74.69        2647.        11514.       14161.
 940610        191     62.39        2035.         9488.       11523.
 940611        207     67.16        2372.        13089.       15462.
 940612        164     52.82        1730.         8762.       10492.
 940613        224     65.84        2394.        11521.       13914.
 940614        268     71.77        2568.        12207.       14775.
 940615        221     66.40        2368.        11184.       13552.
 940616        267     88.12        3240.        18268.       21508.
 940617        211     58.46        2207.         9120.       11327.
 940618        181     57.85        1871.        10316.       12187.
 940619        143     49.12        1635.        11060.       12695.
 940620        179     65.66        2263.        11542.       13805.                        PRODIGY ROTARY REPORT
                            800-922-2204
                          AUGUST 15, 1994   

STARTDATE SESSIONS   HOURS   INPUT-KCHARS OUTPUT-KCHARS TOTAL-KCHARS
--------- -------- --------- ------------ ------------- ------------
 940621        248     83.68        2704.        13800.       16505.
 940622        274     83.52        3085.        17699.       20785.
 940623        214     71.30        2377.        14155.       16532.
 940624        189     76.30        2618.        16823.       19441.
 940625        197     60.60        2193.        12095.       14288.
 940626        183     69.73        2528.        16265.       18794.
 940627        210     71.17        2265.        13498.       15762.
 940628        230     77.33        2558.        11954.       14513.
 940629        267     75.78        2889.        12833.       15722.
 940630        203     63.30        2445.        13620.       16066.
 940701        232     78.27        2924.        15450.       18374.
 940702        243     85.31        2759.        15776.       18535.
 940703        180     76.31        2359.        12243.       14603.
 940704        188     76.26        2784.        13498.       16282.
 940705        223     90.96        2720.        13608.       16328.
 940706        193     55.33        2148.         8519.       10667.
 940707        223     68.50        3554.        12470.       16024.
 940708        181     66.02        2252.        10259.       12511.
 940709        242    103.50        3143.        17962.       21105.
 940710        241     98.29        2821.        14675.       17496.
 940711        506    109.52        3344.        18072.       21415.
 940712        143     49.87        1593.         8701.       10294.
 940713        178     63.58        1954.        11900.       13853.
 940714        156     49.60        1595.         7875.        9470.
 940715        154     41.67        1560.         7862.        9421.
 940716        182     58.27        2031.        13067.       15098.
 940717        163     51.30        1632.         9419.       11050.
 940718        197     55.48        1926.        10173.       12099.
 940719        244     81.99        2946.        18014.       20960.
 940720        195     64.34        2485.        14113.       16598.
 940721        257     84.82        3243.        20135.       23378.
 940722        172     49.83        1910.        10346.       12256.
 940723        215     64.72        2337.        12615.       14951.
 940724        179     64.78        2251.        13914.       16164.
 940725        297     95.78        3177.        16524.       19701.
 940726        278     90.07        2998.        17407.       20405.
 940727        208     68.36        2424.        14732.       17156.
 940728         23      7.04         213.         1011.        1225.
 940729        207     64.99        2137.        11133.       13270.
 940730        166     54.70        1790.         9422.       11212.
 940731        149     47.07        1832.         8916.       10748.

TOTALS:      54194  15269.39      533294.      2738947.     3272241.

 