  2404   118068  25.568  25.568
  2635    26568   5.753  31.321
  2536    21936   4.750  36.072
  2461    18391   3.983  40.054
  2400    11914   2.580  42.634
  2427    10708   2.319  44.953
  2570     6154   1.333  46.286
  2420     4597    .995  47.281
  2135     4165    .902  48.183
  3015     3728    .807  48.991
  2136     3431    .743  49.734
  2132     2675    .579  50.313
  2535     2513    .544  50.857
  2130     2431    .526  51.384
  2125     2343    .507  51.891
  2425     2219    .481  52.371
  2021     2139    .463  52.835
  2273     2042    .442  53.277
  2450     2038    .441  53.718
  2215     1940    .420  54.138
  2410     1921    .416  54.554
  2327     1870    .405  54.959
  3004     1855    .402  55.361
  2451     1771    .384  55.745
  2230     1765    .382  56.127
  2112     1711    .371  56.497
  2416     1647    .357  56.854
  2101     1645    .356  57.210
  2131     1644    .356  57.566
  2164     1632    .353  57.920
  2117     1618    .350  58.270
  2531     1615    .350  58.620
  2255     1614    .350  58.969
  2206     1595    .345  59.315
  2157     1536    .333  59.647
  2254     1526    .330  59.978
  2465     1524    .330  60.308
  2173     1499    .325  60.632
  2303     1494    .324  60.956
  2122     1486    .322  61.278
  2473     1486    .322  61.599
  2134     1475    .319  61.919
  2227     1466    .317  62.236
  2251     1465    .317  62.554
  2147     1459    .316  62.870
  2146     1452    .314  63.184
  2120     1449    .314  63.498
  2244     1424    .308  63.806
  2300     1418    .307  64.113
  2126     1408    .305  64.418
  2154     1383    .299  64.718
  2432     1371    .297  65.015
  2111     1369    .296  65.311
  2152     1347    .292  65.603
  2160     1281    .277  65.880
  2330     1275    .276  66.156
  2304     1266    .274  66.430
  2274     1264    .274  66.704
  2106     1259    .273  66.977
  2301     1230    .266  67.243
  2142     1229    .266  67.509
  2121     1228    .266  67.775
  2323     1223    .265  68.040
  2203     1220    .264  68.304
  2123     1219    .264  68.568
  2104     1204    .261  68.829
  2246     1175    .254  69.083
  2413     1175    .254  69.338
  2454     1170    .253  69.591
  2222     1162    .252  69.843
  2107     1156    .250  70.093
  2326     1156    .250  70.343
  2241     1139    .247  70.590
  2306     1134    .246  70.836
  2310     1133    .245  71.081
  2332     1118    .242  71.323
  2211     1115    .241  71.565
  2347     1114    .241  71.806
  2231     1110    .240  72.046
  2217     1081    .234  72.280
  2365     1071    .232  72.512
  2320     1069    .231  72.744
  2477     1069    .231  72.975
  2110     1056    .229  73.204
  2216     1054    .228  73.432
  2177     1051    .228  73.660
  2153     1048    .227  73.887
  2412     1046    .227  74.113
  2124     1045    .226  74.340
  2271     1044    .226  74.566
  2331     1043    .226  74.791
  2166     1038    .225  75.016
  2226     1038    .225  75.241
  2171     1032    .223  75.465
  2415     1021    .221  75.686
  2204     1018    .220  75.906
  2421     1014    .220  76.126
  2174     1010    .219  76.344
  2402     1005    .218  76.562
  2214     1004    .217  76.779
  2257     1003    .217  76.997
  2237      996    .216  77.212
  3063      995    .215  77.428
  2100      995    .215  77.643
  2474      992    .215  77.858
  2145      987    .214  78.072
  2364      981    .212  78.284
  2256      980    .212  78.496
  2114      978    .212  78.708
  2366      974    .211  78.919
  2452      974    .211  79.130
  2243      963    .209  79.339
  2426      959    .208  79.546
  2367      946    .205  79.751
  2313      938    .203  79.954
  2312      930    .201  80.156
  2314      923    .200  80.356
  2233      922    .200  80.555
  2207      920    .199  80.754
  2224      919    .199  80.953
  2220      919    .199  81.152
  2324      912    .197  81.350
  2370      899    .195  81.545
  2225      885    .192  81.736
  2317      882    .191  81.927
  2464      882    .191  82.118
  2322      880    .191  82.309
  2341      870    .188  82.497
  2175      870    .188  82.686
  2345      867    .188  82.873
  2374      867    .188  83.061
  2363      863    .187  83.248
  2361      861    .186  83.435
  2240      857    .186  83.620
  2161      852    .185  83.805
  2344      845    .183  83.988
  2371      843    .183  84.170
  2245      833    .180  84.351
  2150      828    .179  84.530
  2373      820    .178  84.707
  2176      819    .177  84.885
  2170      816    .177  85.062
  2167      811    .176  85.237
  2340      808    .175  85.412
  2115      806    .175  85.587
  2463      799    .173  85.760
  2350      795    .172  85.932
  2140      794    .172  86.104
  2223      794    .172  86.276
  2700      785    .170  86.446
  2346      784    .170  86.615
  2476      784    .170  86.785
  2213      776    .168  86.953
  2305      774    .168  87.121
  2377      773    .167  87.288
  2264      771    .167  87.455
  2236      769    .167  87.622
  2266      768    .166  87.788
  2261      761    .165  87.953
  2353      758    .164  88.117
  2343      757    .164  88.281
  2342      747    .162  88.443
  2436      746    .162  88.604
  2357      743    .161  88.765
  2165      743    .161  88.926
  2221      739    .160  89.086
  2151      737    .160  89.246
  2522      736    .159  89.405
  2127      720    .156  89.561
  2260      709    .154  89.715
  2172      706    .153  89.867
  2242      702    .152  90.019
  2401      699    .151  90.171
  2325      692    .150  90.321
  2362      684    .148  90.469
  2247      681    .147  90.616
  2265      677    .147  90.763
  2334      676    .146  90.909
  2505      675    .146  91.055
  2335      674    .146  91.201
  2103      673    .146  91.347
  2252      669    .145  91.492
  2141      669    .145  91.637
  2156      665    .144  91.781
  2113      665    .144  91.925
  2414      665    .144  92.069
  2137      665    .144  92.213
  2356      660    .143  92.356
  2315      658    .142  92.498
  2337      657    .142  92.641
  2354      653    .141  92.782
  2411      649    .141  92.923
  2406      639    .138  93.061
  2143      638    .138  93.199
  2430      635    .138  93.337
  2431      635    .138  93.474
  2272      634    .137  93.611
  2212      632    .137  93.748
  2372      632    .137  93.885
  2162      620    .134  94.019
  2144      614    .133  94.152
  2351      614    .133  94.285
  2375      610    .132  94.417
  2316      610    .132  94.550
  2352      608    .132  94.681
  2250      601    .130  94.811
  2302      583    .126  94.938
  2446      583    .126  95.064
  2022      583    .126  95.190
  2523      582    .126  95.316
  2475      579    .125  95.442
  2447      578    .125  95.567
  2307      570    .123  95.690
  2741      569    .123  95.813
  2376      567    .123  95.936
  2423      566    .123  96.059
  2210      564    .122  96.181
  2434      564    .122  96.303
  2200      559    .121  96.424
  2267      553    .120  96.544
  2433      551    .119  96.663
  2336      542    .117  96.780
  2443      533    .115  96.896
  2445      533    .115  97.011
  2333      532    .115  97.127
  2276      532    .115  97.242
  2435      526    .114  97.356
  2105      515    .112  97.467
  2133      514    .111  97.578
  2205      494    .107  97.685
  2253      488    .106  97.791
  2311      482    .104  97.896
  2155      478    .104  97.999
  2442      461    .100  98.099
  2360      455    .099  98.197
  2405      447    .097  98.294
  2652      433    .094  98.388
  2234      431    .093  98.481
  2355      423    .092  98.573
  2321      416    .090  98.663
  2422      409    .089  98.752
  2472      389    .084  98.836
  2424      376    .081  98.917
  2444      371    .080  98.998
  2232      360    .078  99.076
  2440      332    .072  99.147
  2417      324    .070  99.218
  2235      287    .062  99.280
  3005      271    .059  99.338
  2202      252    .055  99.393
  2437      240    .052  99.445
  2201      187    .040  99.485
  2512      185    .040  99.526
  2630      173    .037  99.563
  2441      171    .037  99.600
  2633      167    .036  99.636
  3007      138    .030  99.666
  2725      124    .027  99.693
  2650      113    .024  99.717
  2573      109    .024  99.741
  2407      103    .022  99.763
  3001      103    .022  99.786
  2270       99    .021  99.807
  2526       84    .018  99.825
  2645       82    .018  99.843
  2263       67    .015  99.858
  2640       61    .013  99.871
  2653       54    .012  99.882
  2660       52    .011  99.894
  2600       52    .011  99.905
  2655       51    .011  99.916
  2670       35    .008  99.924
  2704       31    .007  99.930
  2646       29    .006  99.937
  2654       29    .006  99.943
  2641       26    .006  99.948
  2665       23    .005  99.953
  2721       23    .005  99.958
  2761       23    .005  99.963
  2746       20    .004  99.968
  2533       20    .004  99.972
  2666       19    .004  99.976
  2743       16    .003  99.980
  2631       15    .003  99.983
  2677       15    .003  99.986
  2663       14    .003  99.989
  2611        7    .002  99.991
  2602        6    .001  99.992
  2601        5    .001  99.993
  2674        5    .001  99.994
  2745        4    .001  99.995
  2625        4    .001  99.996
  2624        4    .001  99.997
  2615        4    .001  99.998
  2616        3    .001  99.998
  2647        3    .001  99.999
  2664        2    .000  99.999
  2662        1    .000 100.000
  2617        1    .000 100.000
  2723        1    .000 100.000
